18/03/2022 17:04:15 Connecting to Vehicle on: /dev/ttyACM0
18/03/2022 17:04:15 ArduPlane V4.1.4 (0f984409)
18/03/2022 17:04:15 ChibiOS: 45395b6a
18/03/2022 17:04:15 CubeBlack 00360049 3337510E 37353832
18/03/2022 17:04:15 RCOut: PWM:1-12
18/03/2022 17:04:15 IMU0: fast sampling enabled 8.0kHz/1.0kHz
18/03/2022 17:04:15 IMU2: fast sampling enabled 8.0kHz/1.0kHz
18/03/2022 17:04:27 -------------Check stall condition-------------
18/03/2022 17:04:27 Alt: 0.0
18/03/2022 17:04:27 distance: 937.9069784612935
18/03/2022 17:04:27 Mode: RTL
18/03/2022 17:04:27 Pilot control
18/03/2022 17:04:27 Pilot control
18/03/2022 17:04:27 -------------Check stall condition-------------
18/03/2022 17:04:27 Alt: 0.0
18/03/2022 17:04:27 distance: 937.9069784612935
18/03/2022 17:04:27 Mode: RTL
18/03/2022 17:04:27 Pilot control
18/03/2022 17:04:27 Pilot control
18/03/2022 17:04:27 -------------Check stall condition-------------
18/03/2022 17:04:27 Alt: 0.0
18/03/2022 17:04:27 distance: 937.9069784612935
18/03/2022 17:04:27 Mode: RTL
18/03/2022 17:04:27 Pilot control
18/03/2022 17:04:27 Pilot control
18/03/2022 17:04:27 -------------Check stall condition-------------
18/03/2022 17:04:27 Alt: 0.0
18/03/2022 17:04:27 distance: 937.9069784612935
18/03/2022 17:04:27 Mode: RTL
18/03/2022 17:04:27 Pilot control
18/03/2022 17:04:27 Pilot control
18/03/2022 17:04:27 -------------Check stall condition-------------
18/03/2022 17:04:27 Alt: -0.005
18/03/2022 17:04:27 distance: 937.9384161209076
18/03/2022 17:04:27 Mode: RTL
18/03/2022 17:04:27 Pilot control
18/03/2022 17:04:27 Pilot control
18/03/2022 17:04:27 -------------Check stall condition-------------
18/03/2022 17:04:27 Alt: -0.005
18/03/2022 17:04:27 distance: 937.9384161209076
18/03/2022 17:04:27 Mode: RTL
18/03/2022 17:04:27 Pilot control
18/03/2022 17:04:27 Pilot control
18/03/2022 17:04:27 -------------Check stall condition-------------
18/03/2022 17:04:27 Alt: -0.005
18/03/2022 17:04:27 distance: 937.9384161209076
18/03/2022 17:04:27 Mode: RTL
18/03/2022 17:04:27 Pilot control
18/03/2022 17:04:27 Pilot control
18/03/2022 17:04:27 -------------Check stall condition-------------
18/03/2022 17:04:27 Alt: -0.005
18/03/2022 17:04:27 distance: 937.9384161209076
18/03/2022 17:04:27 Mode: RTL
18/03/2022 17:04:27 Pilot control
18/03/2022 17:04:27 Pilot control
18/03/2022 17:04:27 -------------Check stall condition-------------
18/03/2022 17:04:27 Alt: -0.005
18/03/2022 17:04:27 distance: 937.9384161209076
18/03/2022 17:04:27 Mode: RTL
18/03/2022 17:04:27 Pilot control
18/03/2022 17:04:27 Pilot control
18/03/2022 17:04:27 -------------Check stall condition-------------
18/03/2022 17:04:27 Alt: -0.005
18/03/2022 17:04:27 distance: 937.9384161209076
18/03/2022 17:04:27 Mode: RTL
18/03/2022 17:04:27 Pilot control
18/03/2022 17:04:27 Pilot control
18/03/2022 17:04:27 -------------Check stall condition-------------
18/03/2022 17:04:27 Alt: -0.005
18/03/2022 17:04:27 distance: 937.9384161209076
18/03/2022 17:04:27 Mode: RTL
18/03/2022 17:04:27 Pilot control
18/03/2022 17:04:27 Pilot control
18/03/2022 17:04:27 -------------Check stall condition-------------
18/03/2022 17:04:27 Alt: -0.005
18/03/2022 17:04:27 distance: 937.9467111649177
18/03/2022 17:04:27 Mode: RTL
18/03/2022 17:04:27 Pilot control
18/03/2022 17:04:27 Pilot control
18/03/2022 17:04:27 -------------Check stall condition-------------
18/03/2022 17:04:27 Alt: -0.009
18/03/2022 17:04:27 distance: 937.9467111649177
18/03/2022 17:04:27 Mode: RTL
18/03/2022 17:04:27 Pilot control
18/03/2022 17:04:27 Pilot control
18/03/2022 17:04:27 -------------Check stall condition-------------
18/03/2022 17:04:27 Alt: -0.009
18/03/2022 17:04:27 distance: 937.9467111649177
18/03/2022 17:04:27 Mode: RTL
18/03/2022 17:04:27 Pilot control
18/03/2022 17:04:27 Pilot control
18/03/2022 17:04:27 -------------Check stall condition-------------
18/03/2022 17:04:27 Alt: -0.009
18/03/2022 17:04:27 distance: 937.9467111649177
18/03/2022 17:04:27 Mode: RTL
18/03/2022 17:04:27 Pilot control
18/03/2022 17:04:27 Pilot control
18/03/2022 17:04:27 -------------Check stall condition-------------
18/03/2022 17:04:27 Alt: -0.009
18/03/2022 17:04:27 distance: 937.9467111649177
18/03/2022 17:04:27 Mode: RTL
18/03/2022 17:04:27 Pilot control
18/03/2022 17:04:27 Pilot control
18/03/2022 17:04:27 -------------Check stall condition-------------
18/03/2022 17:04:27 Alt: -0.009
18/03/2022 17:04:27 distance: 937.9467111649177
18/03/2022 17:04:27 Mode: RTL
18/03/2022 17:04:27 Pilot control
18/03/2022 17:04:27 Pilot control
18/03/2022 17:04:27 -------------Check stall condition-------------
18/03/2022 17:04:27 Alt: -0.009
18/03/2022 17:04:27 distance: 937.9467111649177
18/03/2022 17:04:27 Mode: RTL
18/03/2022 17:04:27 Pilot control
18/03/2022 17:04:27 Pilot control
18/03/2022 17:04:27 -------------Check stall condition-------------
18/03/2022 17:04:27 Alt: -0.009
18/03/2022 17:04:27 distance: 937.9467111649177
18/03/2022 17:04:27 Mode: RTL
18/03/2022 17:04:27 Pilot control
18/03/2022 17:04:27 Pilot control
18/03/2022 17:04:27 -------------Check stall condition-------------
18/03/2022 17:04:27 Alt: -0.009
18/03/2022 17:04:27 distance: 937.9467111649177
18/03/2022 17:04:27 Mode: RTL
18/03/2022 17:04:27 Pilot control
18/03/2022 17:04:27 Pilot control
18/03/2022 17:04:27 -------------Check stall condition-------------
18/03/2022 17:04:27 Alt: -0.009
18/03/2022 17:04:27 distance: 937.9467111649177
18/03/2022 17:04:27 Mode: RTL
18/03/2022 17:04:27 Pilot control
18/03/2022 17:04:27 Pilot control
18/03/2022 17:04:27 -------------Check stall condition-------------
18/03/2022 17:04:27 Alt: -0.009
18/03/2022 17:04:27 distance: 937.9467111649177
18/03/2022 17:04:27 Mode: RTL
18/03/2022 17:04:27 Pilot control
18/03/2022 17:04:27 Pilot control
18/03/2022 17:04:27 -------------Check stall condition-------------
18/03/2022 17:04:27 Alt: -0.009
18/03/2022 17:04:27 distance: 937.9467111649177
18/03/2022 17:04:27 Mode: RTL
18/03/2022 17:04:27 Pilot control
18/03/2022 17:04:27 Pilot control
18/03/2022 17:04:27 -------------Check stall condition-------------
18/03/2022 17:04:27 Alt: -0.009
18/03/2022 17:04:27 distance: 937.9467111649177
18/03/2022 17:04:27 Mode: RTL
18/03/2022 17:04:27 Pilot control
18/03/2022 17:04:27 Pilot control
18/03/2022 17:04:27 -------------Check stall condition-------------
18/03/2022 17:04:27 Alt: -0.009
18/03/2022 17:04:27 distance: 937.9467111649177
18/03/2022 17:04:27 Mode: RTL
18/03/2022 17:04:27 Pilot control
18/03/2022 17:04:27 Pilot control
18/03/2022 17:04:27 -------------Check stall condition-------------
18/03/2022 17:04:27 Alt: -0.009
18/03/2022 17:04:27 distance: 937.9467111649177
18/03/2022 17:04:27 Mode: RTL
18/03/2022 17:04:27 Pilot control
18/03/2022 17:04:27 Pilot control
18/03/2022 17:04:27 -------------Check stall condition-------------
18/03/2022 17:04:27 Alt: -0.009
18/03/2022 17:04:27 distance: 937.9467111649177
18/03/2022 17:04:27 Mode: RTL
18/03/2022 17:04:27 Pilot control
18/03/2022 17:04:27 Pilot control
18/03/2022 17:04:27 ch7: 0
18/03/2022 17:04:27 -------------Check stall condition-------------
18/03/2022 17:04:27 Alt: -0.009
18/03/2022 17:04:27 distance: 937.9467111649177
18/03/2022 17:04:27 Mode: RTL
18/03/2022 17:04:27 Pilot control
18/03/2022 17:04:27 Pilot control
18/03/2022 17:04:27 -------------Check stall condition-------------
18/03/2022 17:04:27 Alt: -0.009
18/03/2022 17:04:27 distance: 937.9467111649177
18/03/2022 17:04:27 Mode: RTL
18/03/2022 17:04:27 Pilot control
18/03/2022 17:04:27 Pilot control
18/03/2022 17:04:27 -------------Check stall condition-------------
18/03/2022 17:04:27 Alt: -0.009
18/03/2022 17:04:27 distance: 937.9467111649177
18/03/2022 17:04:27 Mode: RTL
18/03/2022 17:04:27 Pilot control
18/03/2022 17:04:27 Pilot control
18/03/2022 17:04:27 -------------Check stall condition-------------
18/03/2022 17:04:27 Alt: -0.009
18/03/2022 17:04:27 distance: 937.9467111649177
18/03/2022 17:04:27 Mode: RTL
18/03/2022 17:04:27 Pilot control
18/03/2022 17:04:27 Pilot control
18/03/2022 17:04:27 -------------Check stall condition-------------
18/03/2022 17:04:27 Alt: -0.009
18/03/2022 17:04:27 distance: 937.9467111649177
18/03/2022 17:04:27 Mode: RTL
18/03/2022 17:04:27 Pilot control
18/03/2022 17:04:27 Pilot control
18/03/2022 17:04:27 -------------Check stall condition-------------
18/03/2022 17:04:27 Alt: -0.009
18/03/2022 17:04:27 distance: 937.9467111649177
18/03/2022 17:04:27 Mode: RTL
18/03/2022 17:04:27 Pilot control
18/03/2022 17:04:27 Pilot control
18/03/2022 17:04:27 -------------Check stall condition-------------
18/03/2022 17:04:27 Alt: -0.009
18/03/2022 17:04:27 distance: 937.9467111649177
18/03/2022 17:04:27 Mode: RTL
18/03/2022 17:04:27 Pilot control
18/03/2022 17:04:27 Pilot control
18/03/2022 17:04:27 ch7: 0
18/03/2022 17:04:27 -------------Check stall condition-------------
18/03/2022 17:04:27 Alt: -0.007
18/03/2022 17:04:27 distance: 937.9458399731928
18/03/2022 17:04:27 Mode: RTL
18/03/2022 17:04:27 Pilot control
18/03/2022 17:04:27 Pilot control
18/03/2022 17:04:27 -------------Check stall condition-------------
18/03/2022 17:04:27 Alt: -0.007
18/03/2022 17:04:27 distance: 937.9458399731928
18/03/2022 17:04:28 Mode: RTL
18/03/2022 17:04:28 ch7: 0
18/03/2022 17:04:28 Pilot control
18/03/2022 17:04:28 Pilot control
18/03/2022 17:04:28 -------------Check stall condition-------------
18/03/2022 17:04:28 Alt: -0.007
18/03/2022 17:04:28 distance: 937.9458399731928
18/03/2022 17:04:28 Mode: RTL
18/03/2022 17:04:28 Pilot control
18/03/2022 17:04:28 Pilot control
18/03/2022 17:04:28 -------------Check stall condition-------------
18/03/2022 17:04:28 Alt: -0.003
18/03/2022 17:04:28 distance: 937.944969046099
18/03/2022 17:04:28 ch7: 0
18/03/2022 17:04:28 Mode: RTL
18/03/2022 17:04:28 Pilot control
18/03/2022 17:04:28 Pilot control
18/03/2022 17:04:28 -------------Check stall condition-------------
18/03/2022 17:04:28 Alt: -0.003
18/03/2022 17:04:28 distance: 937.944969046099
18/03/2022 17:04:28 Mode: RTL
18/03/2022 17:04:28 Pilot control
18/03/2022 17:04:28 Pilot control
18/03/2022 17:04:28 -------------Check stall condition-------------
18/03/2022 17:04:28 Alt: -0.003
18/03/2022 17:04:28 distance: 937.944969046099
18/03/2022 17:04:28 Mode: RTL
18/03/2022 17:04:28 Pilot control
18/03/2022 17:04:28 Pilot control
18/03/2022 17:04:28 -------------Check stall condition-------------
18/03/2022 17:04:28 Alt: -0.003
18/03/2022 17:04:28 distance: 937.944969046099
18/03/2022 17:04:28 Mode: RTL
18/03/2022 17:04:28 Pilot control
18/03/2022 17:04:28 Pilot control
18/03/2022 17:04:28 -------------Check stall condition-------------
18/03/2022 17:04:28 Alt: -0.003
18/03/2022 17:04:28 distance: 937.944969046099
18/03/2022 17:04:28 Mode: RTL
18/03/2022 17:04:28 Pilot control
18/03/2022 17:04:28 Pilot control
18/03/2022 17:04:28 -------------Check stall condition-------------
18/03/2022 17:04:28 Alt: -0.003
18/03/2022 17:04:28 distance: 937.944969046099
18/03/2022 17:04:28 Mode: RTL
18/03/2022 17:04:28 Pilot control
18/03/2022 17:04:28 Pilot control
18/03/2022 17:04:28 -------------Check stall condition-------------
18/03/2022 17:04:28 Alt: -0.003
18/03/2022 17:04:28 distance: 937.944969046099
18/03/2022 17:04:28 Mode: RTL
18/03/2022 17:04:28 Pilot control
18/03/2022 17:04:28 Pilot control
18/03/2022 17:04:28 -------------Check stall condition-------------
18/03/2022 17:04:28 Alt: -0.003
18/03/2022 17:04:28 distance: 937.944969046099
18/03/2022 17:04:28 Mode: RTL
18/03/2022 17:04:28 Pilot control
18/03/2022 17:04:28 Pilot control
18/03/2022 17:04:28 -------------Check stall condition-------------
18/03/2022 17:04:28 Alt: -0.003
18/03/2022 17:04:28 distance: 937.944969046099
18/03/2022 17:04:28 Mode: RTL
18/03/2022 17:04:28 Pilot control
18/03/2022 17:04:28 Pilot control
18/03/2022 17:04:28 ch7: 0
18/03/2022 17:04:28 -------------Check stall condition-------------
18/03/2022 17:04:28 Alt: -0.003
18/03/2022 17:04:28 distance: 937.952393110754
18/03/2022 17:04:28 Mode: RTL
18/03/2022 17:04:28 Pilot control
18/03/2022 17:04:28 Pilot control
18/03/2022 17:04:28 -------------Check stall condition-------------
18/03/2022 17:04:28 Alt: 0.004
18/03/2022 17:04:28 distance: 937.952393110754
18/03/2022 17:04:28 Mode: RTL
18/03/2022 17:04:28 Pilot control
18/03/2022 17:04:28 Pilot control
18/03/2022 17:04:28 -------------Check stall condition-------------
18/03/2022 17:04:28 Alt: 0.004
18/03/2022 17:04:28 distance: 937.952393110754
18/03/2022 17:04:28 Mode: RTL
18/03/2022 17:04:28 Pilot control
18/03/2022 17:04:28 Pilot control
18/03/2022 17:04:28 -------------Check stall condition-------------
18/03/2022 17:04:28 Alt: 0.004
18/03/2022 17:04:28 distance: 937.952393110754
18/03/2022 17:04:28 Mode: RTL
18/03/2022 17:04:28 Pilot control
18/03/2022 17:04:28 Pilot control
18/03/2022 17:04:28 -------------Check stall condition-------------
18/03/2022 17:04:28 Alt: 0.004
18/03/2022 17:04:28 distance: 937.952393110754
18/03/2022 17:04:28 Mode: RTL
18/03/2022 17:04:28 Pilot control
18/03/2022 17:04:28 Pilot control
18/03/2022 17:04:28 -------------Check stall condition-------------
18/03/2022 17:04:28 Alt: 0.004
18/03/2022 17:04:28 distance: 937.952393110754
18/03/2022 17:04:28 Mode: RTL
18/03/2022 17:04:28 Pilot control
18/03/2022 17:04:28 Pilot control
18/03/2022 17:04:28 -------------Check stall condition-------------
18/03/2022 17:04:28 Alt: 0.004
18/03/2022 17:04:28 distance: 937.952393110754
18/03/2022 17:04:28 Mode: RTL
18/03/2022 17:04:28 Pilot control
18/03/2022 17:04:28 Pilot control
18/03/2022 17:04:28 -------------Check stall condition-------------
18/03/2022 17:04:28 Alt: 0.004
18/03/2022 17:04:28 distance: 937.952393110754
18/03/2022 17:04:28 Mode: RTL
18/03/2022 17:04:28 Pilot control
18/03/2022 17:04:28 Pilot control
18/03/2022 17:04:28 -------------Check stall condition-------------
18/03/2022 17:04:28 Alt: 0.004
18/03/2022 17:04:28 distance: 937.952393110754
18/03/2022 17:04:28 ch7: 0
18/03/2022 17:04:28 Mode: RTL
18/03/2022 17:04:28 Pilot control
18/03/2022 17:04:28 Pilot control
18/03/2022 17:04:28 -------------Check stall condition-------------
18/03/2022 17:04:28 Alt: 0.004
18/03/2022 17:04:28 distance: 937.952393110754
18/03/2022 17:04:28 Mode: RTL
18/03/2022 17:04:28 Pilot control
18/03/2022 17:04:28 Pilot control
18/03/2022 17:04:28 -------------Check stall condition-------------
18/03/2022 17:04:28 Alt: 0.004
18/03/2022 17:04:28 distance: 937.952393110754
18/03/2022 17:04:28 Mode: RTL
18/03/2022 17:04:28 Pilot control
18/03/2022 17:04:28 Pilot control
18/03/2022 17:04:28 -------------Check stall condition-------------
18/03/2022 17:04:28 Alt: 0.004
18/03/2022 17:04:28 distance: 937.952393110754
18/03/2022 17:04:28 Mode: RTL
18/03/2022 17:04:28 Pilot control
18/03/2022 17:04:28 Pilot control
18/03/2022 17:04:28 -------------Check stall condition-------------
18/03/2022 17:04:28 Alt: 0.004
18/03/2022 17:04:28 distance: 937.952393110754
18/03/2022 17:04:28 Mode: RTL
18/03/2022 17:04:28 Pilot control
18/03/2022 17:04:28 Pilot control
18/03/2022 17:04:28 -------------Check stall condition-------------
18/03/2022 17:04:28 Alt: 0.004
18/03/2022 17:04:28 distance: 937.952393110754
18/03/2022 17:04:28 Mode: RTL
18/03/2022 17:04:28 Pilot control
18/03/2022 17:04:28 Pilot control
18/03/2022 17:04:28 -------------Check stall condition-------------
18/03/2022 17:04:28 Alt: 0.004
18/03/2022 17:04:28 distance: 937.952393110754
18/03/2022 17:04:28 Mode: RTL
18/03/2022 17:04:28 Pilot control
18/03/2022 17:04:28 Pilot control
18/03/2022 17:04:28 ch7: 0
18/03/2022 17:04:28 -------------Check stall condition-------------
18/03/2022 17:04:28 Alt: 0.004
18/03/2022 17:04:28 distance: 937.952393110754
18/03/2022 17:04:28 Mode: RTL
18/03/2022 17:04:28 Pilot control
18/03/2022 17:04:28 Pilot control
18/03/2022 17:04:28 -------------Check stall condition-------------
18/03/2022 17:04:28 ch7: 0
18/03/2022 17:04:28 Alt: 0.013
18/03/2022 17:04:28 distance: 937.9598172498185
18/03/2022 17:04:28 Mode: RTL
18/03/2022 17:04:28 Pilot control
18/03/2022 17:04:28 Pilot control
18/03/2022 17:04:28 -------------Check stall condition-------------
18/03/2022 17:04:28 Alt: 0.013
18/03/2022 17:04:28 distance: 937.9598172498185
18/03/2022 17:04:28 Mode: RTL
18/03/2022 17:04:28 Pilot control
18/03/2022 17:04:28 Pilot control
18/03/2022 17:04:28 -------------Check stall condition-------------
18/03/2022 17:04:28 Alt: 0.013
18/03/2022 17:04:28 distance: 937.9598172498185
18/03/2022 17:04:28 ch7: 0
18/03/2022 17:04:28 Mode: RTL
18/03/2022 17:04:28 Pilot control
18/03/2022 17:04:28 Pilot control
18/03/2022 17:04:28 -------------Check stall condition-------------
18/03/2022 17:04:28 Alt: 0.022
18/03/2022 17:04:28 distance: 937.9672414611806
18/03/2022 17:04:28 Mode: RTL
18/03/2022 17:04:28 Pilot control
18/03/2022 17:04:28 Pilot control
18/03/2022 17:04:28 -------------Check stall condition-------------
18/03/2022 17:04:28 Alt: 0.022
18/03/2022 17:04:28 distance: 937.9672414611806
18/03/2022 17:04:28 Mode: RTL
18/03/2022 17:04:28 Pilot control
18/03/2022 17:04:28 Pilot control
18/03/2022 17:04:28 -------------Check stall condition-------------
18/03/2022 17:04:28 Alt: 0.022
18/03/2022 17:04:28 distance: 937.9672414611806
18/03/2022 17:04:28 Mode: RTL
18/03/2022 17:04:28 Pilot control
18/03/2022 17:04:28 Pilot control
18/03/2022 17:04:28 -------------Check stall condition-------------
18/03/2022 17:04:28 Alt: 0.022
18/03/2022 17:04:29 distance: 937.9672414611806
18/03/2022 17:04:29 Mode: RTL
18/03/2022 17:04:29 Pilot control
18/03/2022 17:04:29 ch7: 0
18/03/2022 17:04:29 Pilot control
18/03/2022 17:04:29 -------------Check stall condition-------------
18/03/2022 17:04:29 Alt: 0.05
18/03/2022 17:04:29 distance: 937.9580767396924
18/03/2022 17:04:29 Mode: RTL
18/03/2022 17:04:29 Pilot control
18/03/2022 17:04:29 Pilot control
18/03/2022 17:04:29 -------------Check stall condition-------------
18/03/2022 17:04:29 Alt: 0.05
18/03/2022 17:04:29 distance: 937.9580767396924
18/03/2022 17:04:29 Mode: RTL
18/03/2022 17:04:29 Pilot control
18/03/2022 17:04:29 Pilot control
18/03/2022 17:04:29 -------------Check stall condition-------------
18/03/2022 17:04:29 Alt: 0.05
18/03/2022 17:04:29 ch7: 0
18/03/2022 17:04:29 distance: 937.9580767396924
18/03/2022 17:04:29 Mode: RTL
18/03/2022 17:04:29 Pilot control
18/03/2022 17:04:29 Pilot control
18/03/2022 17:04:29 -------------Check stall condition-------------
18/03/2022 17:04:29 Alt: 0.05
18/03/2022 17:04:29 distance: 937.9580767396924
18/03/2022 17:04:29 Mode: RTL
18/03/2022 17:04:29 Pilot control
18/03/2022 17:04:29 Pilot control
18/03/2022 17:04:29 -------------Check stall condition-------------
18/03/2022 17:04:29 Alt: 0.05
18/03/2022 17:04:29 distance: 937.9580767396924
18/03/2022 17:04:29 Mode: RTL
18/03/2022 17:04:29 Pilot control
18/03/2022 17:04:29 Pilot control
18/03/2022 17:04:29 -------------Check stall condition-------------
18/03/2022 17:04:29 Alt: 0.05
18/03/2022 17:04:29 distance: 937.9580767396924
18/03/2022 17:04:29 Mode: RTL
18/03/2022 17:04:29 Pilot control
18/03/2022 17:04:29 Pilot control
18/03/2022 17:04:29 -------------Check stall condition-------------
18/03/2022 17:04:29 Alt: 0.097
18/03/2022 17:04:29 distance: 937.9231609727574
18/03/2022 17:04:29 Mode: RTL
18/03/2022 17:04:29 Pilot control
18/03/2022 17:04:29 Pilot control
18/03/2022 17:04:29 -------------Check stall condition-------------
18/03/2022 17:04:29 Alt: 0.097
18/03/2022 17:04:29 distance: 937.9231609727574
18/03/2022 17:04:29 Mode: RTL
18/03/2022 17:04:29 Pilot control
18/03/2022 17:04:29 ch7: 0
18/03/2022 17:04:29 Pilot control
18/03/2022 17:04:29 -------------Check stall condition-------------
18/03/2022 17:04:29 Alt: 0.097
18/03/2022 17:04:29 distance: 937.9231609727574
18/03/2022 17:04:29 Mode: RTL
18/03/2022 17:04:29 Pilot control
18/03/2022 17:04:29 Pilot control
18/03/2022 17:04:29 -------------Check stall condition-------------
18/03/2022 17:04:29 Alt: 0.097
18/03/2022 17:04:29 distance: 937.9231609727574
18/03/2022 17:04:29 Mode: RTL
18/03/2022 17:04:29 Pilot control
18/03/2022 17:04:29 Pilot control
18/03/2022 17:04:29 -------------Check stall condition-------------
18/03/2022 17:04:29 Alt: 0.097
18/03/2022 17:04:29 distance: 937.9231609727574
18/03/2022 17:04:29 Mode: RTL
18/03/2022 17:04:29 Pilot control
18/03/2022 17:04:29 Pilot control
18/03/2022 17:04:29 -------------Check stall condition-------------
18/03/2022 17:04:29 Alt: 0.097
18/03/2022 17:04:29 distance: 937.9231609727574
18/03/2022 17:04:29 Mode: RTL
18/03/2022 17:04:29 Pilot control
18/03/2022 17:04:29 Pilot control
18/03/2022 17:04:29 -------------Check stall condition-------------
18/03/2022 17:04:29 Alt: 0.097
18/03/2022 17:04:29 distance: 937.9231609727574
18/03/2022 17:04:29 Mode: RTL
18/03/2022 17:04:29 Pilot control
18/03/2022 17:04:29 Pilot control
18/03/2022 17:04:29 -------------Check stall condition-------------
18/03/2022 17:04:29 Alt: 0.097
18/03/2022 17:04:29 distance: 937.9231609727574
18/03/2022 17:04:29 Mode: RTL
18/03/2022 17:04:29 Pilot control
18/03/2022 17:04:29 Pilot control
18/03/2022 17:04:29 -------------Check stall condition-------------
18/03/2022 17:04:29 Alt: 0.097
18/03/2022 17:04:29 distance: 937.9231609727574
18/03/2022 17:04:29 Mode: RTL
18/03/2022 17:04:29 Pilot control
18/03/2022 17:04:29 Pilot control
18/03/2022 17:04:29 -------------Check stall condition-------------
18/03/2022 17:04:29 Alt: 0.097
18/03/2022 17:04:29 distance: 937.9231609727574
18/03/2022 17:04:29 Mode: RTL
18/03/2022 17:04:29 Pilot control
18/03/2022 17:04:29 Pilot control
18/03/2022 17:04:29 -------------Check stall condition-------------
18/03/2022 17:04:29 Alt: 0.097
18/03/2022 17:04:29 distance: 937.9231609727574
18/03/2022 17:04:29 Mode: RTL
18/03/2022 17:04:29 Pilot control
18/03/2022 17:04:29 Pilot control
18/03/2022 17:04:29 -------------Check stall condition-------------
18/03/2022 17:04:29 Alt: 0.097
18/03/2022 17:04:29 distance: 937.9231609727574
18/03/2022 17:04:29 Mode: RTL
18/03/2022 17:04:29 Pilot control
18/03/2022 17:04:29 Pilot control
18/03/2022 17:04:29 -------------Check stall condition-------------
18/03/2022 17:04:29 Alt: 0.097
18/03/2022 17:04:29 distance: 937.9231609727574
18/03/2022 17:04:29 Mode: RTL
18/03/2022 17:04:29 Pilot control
18/03/2022 17:04:29 Pilot control
18/03/2022 17:04:29 -------------Check stall condition-------------
18/03/2022 17:04:29 Alt: 0.097
18/03/2022 17:04:29 distance: 937.9231609727574
18/03/2022 17:04:29 Mode: RTL
18/03/2022 17:04:29 Pilot control
18/03/2022 17:04:29 Pilot control
18/03/2022 17:04:29 -------------Check stall condition-------------
18/03/2022 17:04:29 Alt: 0.097
18/03/2022 17:04:29 distance: 937.9231609727574
18/03/2022 17:04:29 Mode: RTL
18/03/2022 17:04:29 ch7: 0
18/03/2022 17:04:29 Pilot control
18/03/2022 17:04:29 Pilot control
18/03/2022 17:04:29 -------------Check stall condition-------------
18/03/2022 17:04:29 Alt: 0.097
18/03/2022 17:04:29 distance: 937.9231609727574
18/03/2022 17:04:29 Mode: RTL
18/03/2022 17:04:29 Pilot control
18/03/2022 17:04:29 Pilot control
18/03/2022 17:04:29 -------------Check stall condition-------------
18/03/2022 17:04:29 Alt: 0.097
18/03/2022 17:04:29 distance: 937.9231609727574
18/03/2022 17:04:29 Mode: RTL
18/03/2022 17:04:29 Pilot control
18/03/2022 17:04:29 Pilot control
18/03/2022 17:04:29 -------------Check stall condition-------------
18/03/2022 17:04:29 Alt: 0.097
18/03/2022 17:04:29 distance: 937.9231609727574
18/03/2022 17:04:29 Mode: RTL
18/03/2022 17:04:29 Pilot control
18/03/2022 17:04:29 Pilot control
18/03/2022 17:04:29 -------------Check stall condition-------------
18/03/2022 17:04:29 Alt: 0.097
18/03/2022 17:04:29 distance: 937.9231609727574
18/03/2022 17:04:29 Mode: RTL
18/03/2022 17:04:29 Pilot control
18/03/2022 17:04:29 Pilot control
18/03/2022 17:04:29 -------------Check stall condition-------------
18/03/2022 17:04:29 Alt: 0.097
18/03/2022 17:04:29 distance: 937.9231609727574
18/03/2022 17:04:29 Mode: RTL
18/03/2022 17:04:29 Pilot control
18/03/2022 17:04:29 Pilot control
18/03/2022 17:04:29 -------------Check stall condition-------------
18/03/2022 17:04:29 Alt: 0.097
18/03/2022 17:04:29 distance: 937.9231609727574
18/03/2022 17:04:29 Mode: RTL
18/03/2022 17:04:29 Pilot control
18/03/2022 17:04:29 Pilot control
18/03/2022 17:04:29 -------------Check stall condition-------------
18/03/2022 17:04:29 Alt: 0.097
18/03/2022 17:04:29 distance: 937.9231609727574
18/03/2022 17:04:29 Mode: RTL
18/03/2022 17:04:29 Pilot control
18/03/2022 17:04:29 Pilot control
18/03/2022 17:04:29 -------------Check stall condition-------------
18/03/2022 17:04:29 Alt: 0.097
18/03/2022 17:04:29 distance: 937.9231609727574
18/03/2022 17:04:29 Mode: RTL
18/03/2022 17:04:29 Pilot control
18/03/2022 17:04:29 Pilot control
18/03/2022 17:04:29 -------------Check stall condition-------------
18/03/2022 17:04:29 Alt: 0.097
18/03/2022 17:04:29 distance: 937.9231609727574
18/03/2022 17:04:29 Mode: RTL
18/03/2022 17:04:29 Pilot control
18/03/2022 17:04:29 Pilot control
18/03/2022 17:04:29 -------------Check stall condition-------------
18/03/2022 17:04:29 Alt: 0.097
18/03/2022 17:04:29 distance: 937.9231609727574
18/03/2022 17:04:29 Mode: RTL
18/03/2022 17:04:29 Pilot control
18/03/2022 17:04:29 Pilot control
18/03/2022 17:04:29 -------------Check stall condition-------------
18/03/2022 17:04:29 Alt: 0.097
18/03/2022 17:04:29 distance: 937.9231609727574
18/03/2022 17:04:29 Mode: RTL
18/03/2022 17:04:29 Pilot control
18/03/2022 17:04:29 Pilot control
18/03/2022 17:04:29 -------------Check stall condition-------------
18/03/2022 17:04:29 Alt: 0.097
18/03/2022 17:04:29 distance: 937.9231609727574
18/03/2022 17:04:29 Mode: RTL
18/03/2022 17:04:29 Pilot control
18/03/2022 17:04:29 Pilot control
18/03/2022 17:04:29 -------------Check stall condition-------------
18/03/2022 17:04:29 Alt: 0.097
18/03/2022 17:04:29 distance: 937.9231609727574
18/03/2022 17:04:29 Mode: RTL
18/03/2022 17:04:29 Pilot control
18/03/2022 17:04:29 Pilot control
18/03/2022 17:04:29 -------------Check stall condition-------------
18/03/2022 17:04:29 Alt: 0.097
18/03/2022 17:04:29 distance: 937.9231609727574
18/03/2022 17:04:29 Mode: RTL
18/03/2022 17:04:29 Pilot control
18/03/2022 17:04:29 Pilot control
18/03/2022 17:04:29 -------------Check stall condition-------------
18/03/2022 17:04:29 Alt: 0.097
18/03/2022 17:04:29 distance: 937.9231609727574
18/03/2022 17:04:29 Mode: RTL
18/03/2022 17:04:29 Pilot control
18/03/2022 17:04:29 Pilot control
18/03/2022 17:04:29 -------------Check stall condition-------------
18/03/2022 17:04:29 Alt: 0.097
18/03/2022 17:04:29 distance: 937.9231609727574
18/03/2022 17:04:29 Mode: RTL
18/03/2022 17:04:29 Pilot control
18/03/2022 17:04:29 Pilot control
18/03/2022 17:04:29 -------------Check stall condition-------------
18/03/2022 17:04:29 Alt: 0.097
18/03/2022 17:04:29 distance: 937.9231609727574
18/03/2022 17:04:29 Mode: RTL
18/03/2022 17:04:29 Pilot control
18/03/2022 17:04:29 Pilot control
18/03/2022 17:04:29 -------------Check stall condition-------------
18/03/2022 17:04:29 Alt: 0.097
18/03/2022 17:04:29 distance: 937.9231609727574
18/03/2022 17:04:29 Mode: RTL
18/03/2022 17:04:29 Pilot control
18/03/2022 17:04:29 Pilot control
18/03/2022 17:04:29 -------------Check stall condition-------------
18/03/2022 17:04:29 Alt: 0.097
18/03/2022 17:04:29 distance: 937.8974108953474
18/03/2022 17:04:29 ch7: 0
18/03/2022 17:04:29 Mode: RTL
18/03/2022 17:04:29 Pilot control
18/03/2022 17:04:29 Pilot control
18/03/2022 17:04:29 -------------Check stall condition-------------
18/03/2022 17:04:29 Alt: 0.136
18/03/2022 17:04:29 distance: 937.8974108953474
18/03/2022 17:04:29 Mode: RTL
18/03/2022 17:04:29 Pilot control
18/03/2022 17:04:29 Pilot control
18/03/2022 17:04:29 -------------Check stall condition-------------
18/03/2022 17:04:29 Alt: 0.136
18/03/2022 17:04:29 distance: 937.8974108953474
18/03/2022 17:04:29 Mode: RTL
18/03/2022 17:04:29 Pilot control
18/03/2022 17:04:29 Pilot control
18/03/2022 17:04:29 -------------Check stall condition-------------
18/03/2022 17:04:29 Alt: 0.136
18/03/2022 17:04:29 distance: 937.8974108953474
18/03/2022 17:04:29 Mode: RTL
18/03/2022 17:04:29 Pilot control
18/03/2022 17:04:29 Pilot control
18/03/2022 17:04:29 -------------Check stall condition-------------
18/03/2022 17:04:29 Alt: 0.136
18/03/2022 17:04:29 Saved video
18/03/2022 17:04:29 distance: 937.8974108953474
18/03/2022 17:04:29 Mode: RTL
18/03/2022 17:04:29 Pilot control
18/03/2022 17:04:29 Pilot control
18/03/2022 17:04:29 -------------Check stall condition-------------
18/03/2022 17:04:29 Alt: 0.136
18/03/2022 17:04:29 distance: 937.8974108953474
18/03/2022 17:04:29 Mode: RTL
18/03/2022 17:04:29 Pilot control
18/03/2022 17:04:29 Pilot control
18/03/2022 17:04:29 -------------Check stall condition-------------
18/03/2022 17:04:29 Alt: 0.136
18/03/2022 17:04:29 distance: 937.8974108953474
18/03/2022 17:04:29 Mode: RTL
18/03/2022 17:04:29 Pilot control
18/03/2022 17:04:29 Pilot control
18/03/2022 17:04:29 -------------Check stall condition-------------
18/03/2022 17:04:29 Alt: 0.136
18/03/2022 17:04:29 distance: 937.8799557441756
18/03/2022 17:04:29 Mode: RTL
18/03/2022 17:04:29 Pilot control
18/03/2022 17:04:29 Pilot control
18/03/2022 17:04:29 -------------Check stall condition-------------
18/03/2022 17:04:29 Alt: 0.156
18/03/2022 17:04:29 distance: 937.8799557441756
18/03/2022 17:04:29 Mode: RTL
18/03/2022 17:04:29 Pilot control
18/03/2022 17:04:29 Pilot control
18/03/2022 17:04:29 -------------Check stall condition-------------
18/03/2022 17:04:30 Alt: 0.156
18/03/2022 17:04:30 distance: 937.8799557441756
18/03/2022 17:04:30 Mode: RTL
18/03/2022 17:04:30 Pilot control
18/03/2022 17:04:30 Pilot control
18/03/2022 17:04:30 -------------Check stall condition-------------
18/03/2022 17:04:30 Alt: 0.163
18/03/2022 17:04:30 distance: 937.8799557441756
18/03/2022 17:04:30 Mode: RTL
18/03/2022 17:04:30 Pilot control
18/03/2022 17:04:30 Pilot control
18/03/2022 17:04:30 -------------Check stall condition-------------
18/03/2022 17:04:30 Alt: 0.163
18/03/2022 17:04:30 distance: 937.8799557441756
18/03/2022 17:04:30 Mode: RTL
18/03/2022 17:04:30 Pilot control
18/03/2022 17:04:30 Pilot control
18/03/2022 17:04:30 -------------Check stall condition-------------
18/03/2022 17:04:30 Alt: 0.163
18/03/2022 17:04:30 distance: 937.8799557441756
18/03/2022 17:04:30 Mode: RTL
18/03/2022 17:04:30 Pilot control
18/03/2022 17:04:30 Pilot control
18/03/2022 17:04:30 -------------Check stall condition-------------
18/03/2022 17:04:30 Alt: 0.163
18/03/2022 17:04:30 distance: 937.8790880589596
18/03/2022 17:04:30 Mode: RTL
18/03/2022 17:04:30 Pilot control
18/03/2022 17:04:30 Pilot control
18/03/2022 17:04:30 -------------Check stall condition-------------
18/03/2022 17:04:30 Alt: 0.164
18/03/2022 17:04:30 distance: 937.8790880589596
18/03/2022 17:04:30 Mode: RTL
18/03/2022 17:04:30 Pilot control
18/03/2022 17:04:30 Pilot control
18/03/2022 17:04:30 -------------Check stall condition-------------
18/03/2022 17:04:30 Alt: 0.164
18/03/2022 17:04:30 distance: 937.8790880589596
18/03/2022 17:04:30 Mode: RTL
18/03/2022 17:04:30 Pilot control
18/03/2022 17:04:30 Pilot control
18/03/2022 17:04:30 -------------Check stall condition-------------
18/03/2022 17:04:30 Alt: 0.164
18/03/2022 17:04:30 distance: 937.8790880589596
18/03/2022 17:04:30 Mode: RTL
18/03/2022 17:04:30 Pilot control
18/03/2022 17:04:30 Pilot control
18/03/2022 17:04:30 -------------Check stall condition-------------
18/03/2022 17:04:30 Alt: 0.164
18/03/2022 17:04:30 distance: 937.8790880589596
18/03/2022 17:04:30 Mode: RTL
