01/03/2022 13:18:36 Connecting to Vehicle on: /dev/ttyACM0
01/03/2022 13:18:36 ArduPlane V4.1.4 (0f984409)
01/03/2022 13:18:36 ChibiOS: 45395b6a
01/03/2022 13:18:36 CubeBlack 00360049 3337510E 37353832
01/03/2022 13:18:36 RCOut: PWM:1-12
01/03/2022 13:18:36 IMU0: fast sampling enabled 8.0kHz/1.0kHz
01/03/2022 13:18:36 IMU2: fast sampling enabled 8.0kHz/1.0kHz
01/03/2022 13:18:48 -------------Check stall condition-------------
01/03/2022 13:18:48 Alt: -0.008
01/03/2022 13:18:48 distance: 46.40400992279883
01/03/2022 13:18:48 Mode: STABILIZE
01/03/2022 13:18:48 Pilot control
01/03/2022 13:18:50 ch7: 965
01/03/2022 13:18:50 -------------Check stall condition-------------
01/03/2022 13:18:50 Alt: 0.08
01/03/2022 13:18:50 distance: 46.2663622485827
01/03/2022 13:18:50 Mode: STABILIZE
01/03/2022 13:18:50 Pilot control
01/03/2022 13:18:50 ch7: 965
01/03/2022 13:18:50 -------------Check stall condition-------------
01/03/2022 13:18:50 Alt: 0.092
01/03/2022 13:18:50 distance: 46.21261684884291
01/03/2022 13:18:50 Mode: STABILIZE
01/03/2022 13:18:50 Pilot control
01/03/2022 13:18:50 ch7: 965
01/03/2022 13:18:50 -------------Check stall condition-------------
01/03/2022 13:18:50 Alt: 0.113
01/03/2022 13:18:50 distance: 46.19314621296682
01/03/2022 13:18:50 Mode: STABILIZE
01/03/2022 13:18:50 Pilot control
01/03/2022 13:18:51 ch7: 965
01/03/2022 13:18:51 -------------Check stall condition-------------
01/03/2022 13:18:51 Alt: 0.134
01/03/2022 13:18:51 distance: 46.12939585346094
01/03/2022 13:18:51 Mode: STABILIZE
01/03/2022 13:18:51 Pilot control
01/03/2022 13:18:51 ch7: 965
01/03/2022 13:18:51 -------------Check stall condition-------------
01/03/2022 13:18:51 Alt: 0.146
01/03/2022 13:18:51 distance: 46.10012670095692
01/03/2022 13:18:51 Mode: STABILIZE
01/03/2022 13:18:51 Pilot control
01/03/2022 13:18:52 ch7: 965
01/03/2022 13:18:52 -------------Check stall condition-------------
01/03/2022 13:18:52 Alt: 0.157
01/03/2022 13:18:52 distance: 46.06143452948045
01/03/2022 13:18:52 Mode: STABILIZE
01/03/2022 13:18:52 Pilot control
01/03/2022 13:18:52 ch7: 965
01/03/2022 13:18:52 -------------Check stall condition-------------
01/03/2022 13:18:52 Alt: 0.162
01/03/2022 13:18:52 distance: 45.96321224199475
01/03/2022 13:18:52 Mode: STABILIZE
01/03/2022 13:18:52 Pilot control
01/03/2022 13:18:52 ch7: 965
01/03/2022 13:18:52 -------------Check stall condition-------------
01/03/2022 13:18:52 Alt: 0.161
01/03/2022 13:18:52 distance: 45.91907785693976
01/03/2022 13:18:53 Mode: STABILIZE
01/03/2022 13:18:53 Pilot control
01/03/2022 13:18:53 ch7: 965
01/03/2022 13:18:53 -------------Check stall condition-------------
01/03/2022 13:18:53 Alt: 0.378
01/03/2022 13:18:53 distance: 45.84646002194234
01/03/2022 13:18:53 Mode: STABILIZE
01/03/2022 13:18:53 Pilot control
01/03/2022 13:18:53 ch7: 965
01/03/2022 13:18:53 -------------Check stall condition-------------
01/03/2022 13:18:53 Alt: 0.55
01/03/2022 13:18:53 distance: 45.83251883204957
01/03/2022 13:18:53 Mode: STABILIZE
01/03/2022 13:18:53 Pilot control
01/03/2022 13:18:54 ch7: 965
01/03/2022 13:18:54 -------------Check stall condition-------------
01/03/2022 13:18:54 Alt: 0.682
01/03/2022 13:18:54 distance: 45.82845895047656
01/03/2022 13:18:54 Mode: STABILIZE
01/03/2022 13:18:54 Pilot control
01/03/2022 13:18:54 ch7: 965
01/03/2022 13:18:54 -------------Check stall condition-------------
01/03/2022 13:18:54 Alt: 0.88
01/03/2022 13:18:54 distance: 45.84010091034503
01/03/2022 13:18:54 Mode: STABILIZE
01/03/2022 13:18:54 Pilot control
01/03/2022 13:18:54 ch7: 965
01/03/2022 13:18:54 -------------Check stall condition-------------
01/03/2022 13:18:54 Alt: 0.969
01/03/2022 13:18:54 distance: 45.80666490846307
01/03/2022 13:18:54 Mode: STABILIZE
01/03/2022 13:18:54 Pilot control
01/03/2022 13:18:55 ch7: 965
01/03/2022 13:18:55 -------------Check stall condition-------------
01/03/2022 13:18:55 Alt: 1.02
01/03/2022 13:18:55 distance: 45.74316561423999
01/03/2022 13:18:55 Mode: STABILIZE
01/03/2022 13:18:55 Pilot control
01/03/2022 13:18:55 ch7: 965
01/03/2022 13:18:55 -------------Check stall condition-------------
01/03/2022 13:18:55 Alt: 1.125
01/03/2022 13:18:55 distance: 45.45507795389968
01/03/2022 13:18:55 Mode: STABILIZE
01/03/2022 13:18:55 Pilot control
01/03/2022 13:18:56 ch7: 965
01/03/2022 13:18:56 -------------Check stall condition-------------
01/03/2022 13:18:56 Alt: 1.158
01/03/2022 13:18:56 distance: 45.12635642077763
01/03/2022 13:18:56 Mode: STABILIZE
01/03/2022 13:18:56 Pilot control
01/03/2022 13:18:56 ch7: 965
01/03/2022 13:18:56 -------------Check stall condition-------------
01/03/2022 13:18:56 Alt: 1.162
01/03/2022 13:18:56 distance: 45.01632439662172
01/03/2022 13:18:56 Mode: STABILIZE
01/03/2022 13:18:56 Pilot control
01/03/2022 13:18:56 ch7: 965
01/03/2022 13:18:56 -------------Check stall condition-------------
01/03/2022 13:18:56 Alt: 1.152
01/03/2022 13:18:56 distance: 44.919397679438795
01/03/2022 13:18:56 Mode: STABILIZE
01/03/2022 13:18:56 Pilot control
01/03/2022 13:18:57 ch7: 965
01/03/2022 13:18:57 -------------Check stall condition-------------
01/03/2022 13:18:57 Alt: 1.15
01/03/2022 13:18:57 distance: 44.78656863901832
01/03/2022 13:18:57 Mode: STABILIZE
01/03/2022 13:18:57 Pilot control
01/03/2022 13:18:57 ch7: 965
01/03/2022 13:18:57 -------------Check stall condition-------------
01/03/2022 13:18:57 Alt: 1.144
01/03/2022 13:18:57 distance: 44.81065501319726
01/03/2022 13:18:57 Mode: STABILIZE
01/03/2022 13:18:57 Pilot control
01/03/2022 13:18:58 ch7: 965
01/03/2022 13:18:58 -------------Check stall condition-------------
01/03/2022 13:18:58 Alt: 1.13
01/03/2022 13:18:58 distance: 44.90156173362391
01/03/2022 13:18:58 Mode: STABILIZE
01/03/2022 13:18:58 Pilot control
01/03/2022 13:18:58 ch7: 965
01/03/2022 13:18:59 -------------Check stall condition-------------
01/03/2022 13:18:59 Alt: 1.159
01/03/2022 13:18:59 distance: 45.03159426403925
01/03/2022 13:18:59 Mode: STABILIZE
01/03/2022 13:18:59 Pilot control
01/03/2022 13:18:59 ch7: 965
01/03/2022 13:18:59 -------------Check stall condition-------------
01/03/2022 13:18:59 Alt: 0.63
01/03/2022 13:18:59 distance: 45.15603309513452
01/03/2022 13:18:59 Mode: STABILIZE
01/03/2022 13:18:59 Pilot control
01/03/2022 13:19:00 ch7: 965
01/03/2022 13:19:00 -------------Check stall condition-------------
01/03/2022 13:19:00 Alt: 0.081
01/03/2022 13:19:00 distance: 45.400202928478876
01/03/2022 13:19:00 Mode: STABILIZE
01/03/2022 13:19:00 Pilot control
01/03/2022 13:19:00 ch7: 965
01/03/2022 13:19:00 -------------Check stall condition-------------
01/03/2022 13:19:00 Alt: 0.13
01/03/2022 13:19:00 distance: 45.317107471052154
01/03/2022 13:19:00 Mode: STABILIZE
01/03/2022 13:19:00 Pilot control
01/03/2022 13:19:01 ch7: 965
01/03/2022 13:19:01 -------------Check stall condition-------------
01/03/2022 13:19:01 Alt: 0.23
01/03/2022 13:19:01 distance: 45.01846601344684
01/03/2022 13:19:01 Mode: STABILIZE
01/03/2022 13:19:01 Pilot control
01/03/2022 13:19:01 ch7: 965
01/03/2022 13:19:01 -------------Check stall condition-------------
01/03/2022 13:19:01 Alt: 0.281
01/03/2022 13:19:01 distance: 44.83958580097576
01/03/2022 13:19:01 Mode: STABILIZE
01/03/2022 13:19:01 Pilot control
01/03/2022 13:19:02 ch7: 965
01/03/2022 13:19:02 -------------Check stall condition-------------
01/03/2022 13:19:02 Alt: 0.285
01/03/2022 13:19:02 distance: 44.486509151855174
01/03/2022 13:19:02 Mode: STABILIZE
01/03/2022 13:19:02 Pilot control
01/03/2022 13:19:02 ch7: 965
01/03/2022 13:19:03 -------------Check stall condition-------------
01/03/2022 13:19:03 Alt: 0.277
01/03/2022 13:19:03 distance: 44.37091098847003
01/03/2022 13:19:03 Mode: STABILIZE
01/03/2022 13:19:03 Pilot control
01/03/2022 13:19:03 ch7: 965
01/03/2022 13:19:03 -------------Check stall condition-------------
01/03/2022 13:19:03 Alt: 0.233
01/03/2022 13:19:03 distance: 44.64516532164338
01/03/2022 13:19:03 Mode: STABILIZE
01/03/2022 13:19:03 Pilot control
01/03/2022 13:19:04 ch7: 965
01/03/2022 13:19:04 -------------Check stall condition-------------
01/03/2022 13:19:04 Alt: 0.184
01/03/2022 13:19:04 distance: 45.049044507780714
01/03/2022 13:19:04 Mode: STABILIZE
01/03/2022 13:19:04 Pilot control
01/03/2022 13:19:04 ch7: 965
01/03/2022 13:19:04 -------------Check stall condition-------------
01/03/2022 13:19:04 Alt: 0.183
01/03/2022 13:19:04 distance: 45.51054439575606
01/03/2022 13:19:04 Mode: STABILIZE
01/03/2022 13:19:04 Pilot control
01/03/2022 13:19:05 ch7: 965
01/03/2022 13:19:05 -------------Check stall condition-------------
01/03/2022 13:19:05 Alt: 0.217
01/03/2022 13:19:05 distance: 45.80356454226562
01/03/2022 13:19:05 Mode: STABILIZE
01/03/2022 13:19:05 Pilot control
01/03/2022 13:19:05 ch7: 965
01/03/2022 13:19:05 -------------Check stall condition-------------
01/03/2022 13:19:05 Alt: 0.008
01/03/2022 13:19:05 distance: 45.942577236907795
01/03/2022 13:19:05 Mode: STABILIZE
01/03/2022 13:19:05 Pilot control
01/03/2022 13:19:06 ch7: 965
01/03/2022 13:19:06 -------------Check stall condition-------------
01/03/2022 13:19:06 Alt: -0.036
01/03/2022 13:19:06 distance: 45.96146515061522
01/03/2022 13:19:06 Mode: STABILIZE
01/03/2022 13:19:06 Pilot control
01/03/2022 13:19:06 ch7: 965
01/03/2022 13:19:06 -------------Check stall condition-------------
01/03/2022 13:19:06 Alt: -0.037
01/03/2022 13:19:06 distance: 46.01124200452151
01/03/2022 13:19:06 Mode: STABILIZE
01/03/2022 13:19:06 Pilot control
01/03/2022 13:19:07 ch7: 965
01/03/2022 13:19:07 -------------Check stall condition-------------
01/03/2022 13:19:07 Alt: -0.088
01/03/2022 13:19:07 distance: 46.110393980332326
01/03/2022 13:19:07 Mode: STABILIZE
01/03/2022 13:19:07 Pilot control
01/03/2022 13:19:07 ch7: 965
01/03/2022 13:19:07 -------------Check stall condition-------------
01/03/2022 13:19:07 Alt: -0.109
01/03/2022 13:19:07 distance: 46.19968204093641
01/03/2022 13:19:07 Mode: STABILIZE
01/03/2022 13:19:07 Pilot control
01/03/2022 13:19:08 ch7: 965
01/03/2022 13:19:08 -------------Check stall condition-------------
01/03/2022 13:19:08 Alt: -0.138
01/03/2022 13:19:08 distance: 46.27948058375372
01/03/2022 13:19:08 Mode: STABILIZE
01/03/2022 13:19:08 Pilot control
01/03/2022 13:19:08 ch7: 965
01/03/2022 13:19:08 -------------Check stall condition-------------
01/03/2022 13:19:08 Alt: -0.158
01/03/2022 13:19:08 distance: 46.358894508686824
01/03/2022 13:19:08 Mode: STABILIZE
01/03/2022 13:19:09 Pilot control
01/03/2022 13:19:09 ch7: 965
01/03/2022 13:19:09 -------------Check stall condition-------------
01/03/2022 13:19:09 Alt: -0.194
01/03/2022 13:19:09 distance: 46.422261635238954
01/03/2022 13:19:09 Mode: STABILIZE
01/03/2022 13:19:09 Pilot control
01/03/2022 13:19:09 ch7: 965
01/03/2022 13:19:09 -------------Check stall condition-------------
01/03/2022 13:19:09 Alt: -0.199
01/03/2022 13:19:09 distance: 46.49150668624394
01/03/2022 13:19:09 Mode: STABILIZE
01/03/2022 13:19:09 Pilot control
01/03/2022 13:19:10 ch7: 965
01/03/2022 13:19:10 -------------Check stall condition-------------
01/03/2022 13:19:10 Alt: -0.131
01/03/2022 13:19:10 distance: 46.87985059898786
01/03/2022 13:19:10 Mode: STABILIZE
01/03/2022 13:19:10 Pilot control
01/03/2022 13:19:11 ch7: 965
01/03/2022 13:19:11 -------------Check stall condition-------------
01/03/2022 13:19:11 Alt: -0.122
01/03/2022 13:19:11 distance: 47.207123220810686
01/03/2022 13:19:11 Mode: STABILIZE
01/03/2022 13:19:11 ch7: 965
01/03/2022 13:19:11 -------------Check stall condition-------------
01/03/2022 13:19:11 Alt: -0.133
01/03/2022 13:19:11 distance: 47.45579009233975
01/03/2022 13:19:11 Mode: STABILIZE
01/03/2022 13:19:12 ch7: 965
01/03/2022 13:19:12 -------------Check stall condition-------------
01/03/2022 13:19:12 Alt: -0.014
01/03/2022 13:19:12 distance: 47.58486764064379
01/03/2022 13:19:12 Mode: STABILIZE
01/03/2022 13:19:12 Pilot control
01/03/2022 13:19:12 ch7: 965
01/03/2022 13:19:12 -------------Check stall condition-------------
01/03/2022 13:19:12 Alt: -0.084
01/03/2022 13:19:12 distance: 47.64456393573699
01/03/2022 13:19:12 Mode: STABILIZE
01/03/2022 13:19:12 Pilot control
01/03/2022 13:19:13 ch7: 965
01/03/2022 13:19:13 -------------Check stall condition-------------
01/03/2022 13:19:13 Alt: -0.072
01/03/2022 13:19:13 distance: 47.69414442958624
01/03/2022 13:19:13 Mode: STABILIZE
01/03/2022 13:19:13 Pilot control
01/03/2022 13:19:13 ch7: 965
01/03/2022 13:19:13 -------------Check stall condition-------------
01/03/2022 13:19:13 Alt: -0.066
01/03/2022 13:19:13 distance: 47.71398038184361
01/03/2022 13:19:13 Mode: STABILIZE
01/03/2022 13:19:13 Pilot control
01/03/2022 13:19:14 ch7: 965
01/03/2022 13:19:14 -------------Check stall condition-------------
01/03/2022 13:19:14 Alt: -0.034
01/03/2022 13:19:14 distance: 47.71398038184361
01/03/2022 13:19:14 Mode: STABILIZE
01/03/2022 13:19:14 Pilot control
01/03/2022 13:19:14 ch7: 965
01/03/2022 13:19:14 -------------Check stall condition-------------
01/03/2022 13:19:14 Alt: -0.007
01/03/2022 13:19:14 distance: 47.69920161425404
01/03/2022 13:19:14 Mode: STABILIZE
01/03/2022 13:19:14 Pilot control
01/03/2022 13:19:15 ch7: 965
01/03/2022 13:19:15 -------------Check stall condition-------------
01/03/2022 13:19:15 Alt: 0.001
01/03/2022 13:19:15 distance: 47.71945096205655
01/03/2022 13:19:15 Mode: STABILIZE
01/03/2022 13:19:15 Pilot control
01/03/2022 13:19:15 ch7: 965
01/03/2022 13:19:15 -------------Check stall condition-------------
01/03/2022 13:19:15 Alt: 0.009
01/03/2022 13:19:16 distance: 47.72958799224624
01/03/2022 13:19:16 Mode: STABILIZE
01/03/2022 13:19:16 Pilot control
01/03/2022 13:19:16 ch7: 965
01/03/2022 13:19:16 -------------Check stall condition-------------
01/03/2022 13:19:16 Alt: -0.012
01/03/2022 13:19:16 distance: 47.73998114674039
01/03/2022 13:19:16 Mode: STABILIZE
01/03/2022 13:19:16 Pilot control
01/03/2022 13:19:16 ch7: 965
01/03/2022 13:19:16 -------------Check stall condition-------------
01/03/2022 13:19:16 Alt: -0.027
01/03/2022 13:19:16 distance: 47.74024201654257
01/03/2022 13:19:17 Mode: STABILIZE
01/03/2022 13:19:17 Pilot control
01/03/2022 13:19:17 ch7: 965
01/03/2022 13:19:17 -------------Check stall condition-------------
01/03/2022 13:19:17 Alt: -0.031
01/03/2022 13:19:17 distance: 47.770218365459534
01/03/2022 13:19:17 Mode: STABILIZE
01/03/2022 13:19:17 Pilot control
01/03/2022 13:19:18 ch7: 965
01/03/2022 13:19:18 -------------Check stall condition-------------
01/03/2022 13:19:18 Alt: -0.096
01/03/2022 13:19:18 distance: 47.73033961541711
01/03/2022 13:19:18 Mode: STABILIZE
01/03/2022 13:19:18 Pilot control
01/03/2022 13:19:18 ch7: 965
01/03/2022 13:19:18 -------------Check stall condition-------------
01/03/2022 13:19:18 Alt: -0.125
01/03/2022 13:19:18 distance: 47.740515864854984
01/03/2022 13:19:18 Mode: STABILIZE
01/03/2022 13:19:18 Pilot control
01/03/2022 13:19:19 ch7: 965
01/03/2022 13:19:19 -------------Check stall condition-------------
01/03/2022 13:19:19 Alt: -0.135
01/03/2022 13:19:19 distance: 47.75070032612858
01/03/2022 13:19:19 Mode: STABILIZE
01/03/2022 13:19:19 Pilot control
01/03/2022 13:19:19 ch7: 965
01/03/2022 13:19:19 -------------Check stall condition-------------
01/03/2022 13:19:19 Alt: -0.142
01/03/2022 13:19:19 distance: 47.765992403999405
01/03/2022 13:19:19 Mode: STABILIZE
01/03/2022 13:19:19 Pilot control
01/03/2022 13:19:20 ch7: 965
01/03/2022 13:19:20 -------------Check stall condition-------------
01/03/2022 13:19:20 Alt: -0.142
01/03/2022 13:19:20 distance: 47.765992403999405
01/03/2022 13:19:20 Mode: STABILIZE
01/03/2022 13:19:20 Pilot control
01/03/2022 13:19:20 ch7: 965
01/03/2022 13:19:20 -------------Check stall condition-------------
01/03/2022 13:19:20 Alt: -0.128
01/03/2022 13:19:20 distance: 47.780987818608466
01/03/2022 13:19:20 Mode: STABILIZE
01/03/2022 13:19:20 Pilot control
01/03/2022 13:19:21 ch7: 965
01/03/2022 13:19:21 -------------Check stall condition-------------
01/03/2022 13:19:21 Alt: -0.12
01/03/2022 13:19:21 distance: 47.80108715889954
01/03/2022 13:19:21 Mode: STABILIZE
01/03/2022 13:19:21 Pilot control
01/03/2022 13:19:21 ch7: 965
01/03/2022 13:19:21 -------------Check stall condition-------------
01/03/2022 13:19:21 Alt: -0.13
01/03/2022 13:19:21 distance: 47.80619264993464
01/03/2022 13:19:21 Mode: STABILIZE
01/03/2022 13:19:21 Pilot control
01/03/2022 13:19:22 ch7: 965
01/03/2022 13:19:22 -------------Check stall condition-------------
01/03/2022 13:19:22 Alt: -0.08
01/03/2022 13:19:22 distance: 47.86586404184043
01/03/2022 13:19:22 Mode: STABILIZE
01/03/2022 13:19:22 Pilot control
01/03/2022 13:19:22 ch7: 965
01/03/2022 13:19:22 -------------Check stall condition-------------
01/03/2022 13:19:22 Alt: -0.061
01/03/2022 13:19:22 distance: 47.89586008370618
01/03/2022 13:19:22 Mode: STABILIZE
01/03/2022 13:19:22 Pilot control
01/03/2022 13:19:23 ch7: 965
01/03/2022 13:19:23 -------------Check stall condition-------------
01/03/2022 13:19:23 Alt: -0.113
01/03/2022 13:19:23 distance: 47.89618996221096
01/03/2022 13:19:23 Mode: STABILIZE
01/03/2022 13:19:23 Pilot control
01/03/2022 13:19:24 ch7: 965
01/03/2022 13:19:24 -------------Check stall condition-------------
01/03/2022 13:19:24 Alt: -0.215
01/03/2022 13:19:24 distance: 47.9064189302099
01/03/2022 13:19:24 Mode: STABILIZE
01/03/2022 13:19:24 Pilot control
01/03/2022 13:19:24 ch7: 965
01/03/2022 13:19:24 -------------Check stall condition-------------
01/03/2022 13:19:24 Alt: -0.255
01/03/2022 13:19:24 distance: 47.89141621420868
01/03/2022 13:19:24 Mode: STABILIZE
01/03/2022 13:19:24 Pilot control
01/03/2022 13:19:25 ch7: 965
01/03/2022 13:19:25 -------------Check stall condition-------------
01/03/2022 13:19:25 Alt: -0.291
01/03/2022 13:19:25 distance: 47.8863016949205
01/03/2022 13:19:25 Mode: STABILIZE
01/03/2022 13:19:25 Pilot control
01/03/2022 13:19:25 ch7: 965
01/03/2022 13:19:25 -------------Check stall condition-------------
01/03/2022 13:19:25 Alt: -0.333
01/03/2022 13:19:25 distance: 47.86141220754676
01/03/2022 13:19:25 Mode: STABILIZE
01/03/2022 13:19:25 Pilot control
01/03/2022 13:19:26 ch7: 965
01/03/2022 13:19:26 -------------Check stall condition-------------
01/03/2022 13:19:26 Alt: -0.338
01/03/2022 13:19:26 distance: 47.84641091759879
01/03/2022 13:19:26 Mode: STABILIZE
01/03/2022 13:19:26 Pilot control
01/03/2022 13:19:26 ch7: 965
01/03/2022 13:19:26 -------------Check stall condition-------------
01/03/2022 13:19:26 Alt: -0.306
01/03/2022 13:19:26 distance: 47.7963013183308
01/03/2022 13:19:26 Mode: STABILIZE
01/03/2022 13:19:26 Pilot control
01/03/2022 13:19:27 ch7: 965
01/03/2022 13:19:27 -------------Check stall condition-------------
01/03/2022 13:19:27 Alt: -0.291
01/03/2022 13:19:27 distance: 47.786090270517576
01/03/2022 13:19:27 Mode: STABILIZE
01/03/2022 13:19:27 Pilot control
01/03/2022 13:19:27 ch7: 965
01/03/2022 13:19:27 -------------Check stall condition-------------
01/03/2022 13:19:27 Alt: -0.305
01/03/2022 13:19:27 distance: 47.770789061885175
01/03/2022 13:19:27 Mode: STABILIZE
01/03/2022 13:19:27 Pilot control
01/03/2022 13:19:28 ch7: 965
01/03/2022 13:19:28 -------------Check stall condition-------------
01/03/2022 13:19:28 Alt: -0.192
01/03/2022 13:19:28 distance: 47.77588741545185
01/03/2022 13:19:28 Mode: STABILIZE
01/03/2022 13:19:28 Pilot control
01/03/2022 13:19:29 ch7: 965
01/03/2022 13:19:29 -------------Check stall condition-------------
01/03/2022 13:19:29 Alt: -0.095
01/03/2022 13:19:29 distance: 47.84608069738543
01/03/2022 13:19:29 Mode: STABILIZE
01/03/2022 13:19:29 Pilot control
01/03/2022 13:19:29 ch7: 965
01/03/2022 13:19:29 -------------Check stall condition-------------
01/03/2022 13:19:29 Alt: -0.172
01/03/2022 13:19:29 distance: 47.89107854027922
01/03/2022 13:19:29 Mode: STABILIZE
01/03/2022 13:19:29 Pilot control
01/03/2022 13:19:30 ch7: 965
01/03/2022 13:19:30 -------------Check stall condition-------------
01/03/2022 13:19:30 Alt: -0.27
01/03/2022 13:19:30 distance: 47.95142992720838
01/03/2022 13:19:30 Mode: STABILIZE
01/03/2022 13:19:30 Pilot control
01/03/2022 13:19:30 ch7: 965
01/03/2022 13:19:30 -------------Check stall condition-------------
01/03/2022 13:19:30 Alt: -0.347
01/03/2022 13:19:30 distance: 48.03121804966992
01/03/2022 13:19:30 Mode: STABILIZE
01/03/2022 13:19:30 Pilot control
01/03/2022 13:19:31 ch7: 965
01/03/2022 13:19:31 -------------Check stall condition-------------
01/03/2022 13:19:31 Alt: -0.317
01/03/2022 13:19:31 distance: 48.00194166158072
01/03/2022 13:19:31 Mode: STABILIZE
01/03/2022 13:19:31 Pilot control
01/03/2022 13:19:31 ch7: 965
01/03/2022 13:19:31 -------------Check stall condition-------------
01/03/2022 13:19:31 Alt: -0.293
01/03/2022 13:19:31 distance: 47.99285238870789
01/03/2022 13:19:31 Mode: STABILIZE
01/03/2022 13:19:31 Pilot control
01/03/2022 13:19:32 ch7: 965
01/03/2022 13:19:32 -------------Check stall condition-------------
01/03/2022 13:19:32 Alt: -0.34
01/03/2022 13:19:32 distance: 48.018155047031726
01/03/2022 13:19:32 Mode: STABILIZE
01/03/2022 13:19:32 Pilot control
01/03/2022 13:19:32 ch7: 965
01/03/2022 13:19:32 -------------Check stall condition-------------
01/03/2022 13:19:32 Alt: -0.379
01/03/2022 13:19:32 distance: 48.02888825737447
01/03/2022 13:19:32 Mode: STABILIZE
01/03/2022 13:19:32 Pilot control
01/03/2022 13:19:33 ch7: 965
01/03/2022 13:19:33 -------------Check stall condition-------------
01/03/2022 13:19:33 Alt: -0.395
01/03/2022 13:19:33 distance: 48.034044351141496
01/03/2022 13:19:33 Mode: STABILIZE
01/03/2022 13:19:33 Pilot control
01/03/2022 13:19:33 ch7: 965
01/03/2022 13:19:33 -------------Check stall condition-------------
01/03/2022 13:19:33 Alt: -0.416
01/03/2022 13:19:33 distance: 48.02417930618189
01/03/2022 13:19:33 Mode: STABILIZE
01/03/2022 13:19:33 Pilot control
01/03/2022 13:19:34 ch7: 965
01/03/2022 13:19:34 -------------Check stall condition-------------
01/03/2022 13:19:34 Alt: -0.268
01/03/2022 13:19:34 distance: 48.019022153145144
01/03/2022 13:19:34 Mode: STABILIZE
01/03/2022 13:19:34 Pilot control
01/03/2022 13:19:34 ch7: 965
01/03/2022 13:19:34 -------------Check stall condition-------------
01/03/2022 13:19:34 Alt: -0.101
01/03/2022 13:19:34 distance: 48.03832025144264
01/03/2022 13:19:34 Mode: STABILIZE
01/03/2022 13:19:34 Pilot control
01/03/2022 13:19:35 ch7: 965
01/03/2022 13:19:35 -------------Check stall condition-------------
01/03/2022 13:19:35 Alt: -0.12
01/03/2022 13:19:35 distance: 48.032755701742786
01/03/2022 13:19:35 Mode: STABILIZE
01/03/2022 13:19:35 Pilot control
01/03/2022 13:19:35 ch7: 965
01/03/2022 13:19:35 -------------Check stall condition-------------
01/03/2022 13:19:35 Alt: -0.123
01/03/2022 13:19:35 distance: 48.02845092446512
01/03/2022 13:19:35 Mode: STABILIZE
01/03/2022 13:19:36 Pilot control
01/03/2022 13:19:36 ch7: 965
01/03/2022 13:19:36 -------------Check stall condition-------------
01/03/2022 13:19:36 Alt: -0.145
01/03/2022 13:19:36 distance: 47.979112583865835
01/03/2022 13:19:36 Mode: STABILIZE
01/03/2022 13:19:36 Pilot control
01/03/2022 13:19:36 ch7: 965
01/03/2022 13:19:36 -------------Check stall condition-------------
01/03/2022 13:19:36 Alt: -0.202
01/03/2022 13:19:36 distance: 47.77106792232589
01/03/2022 13:19:37 Mode: STABILIZE
01/03/2022 13:19:37 Pilot control
01/03/2022 13:19:37 ch7: 965
01/03/2022 13:19:37 -------------Check stall condition-------------
01/03/2022 13:19:37 Alt: -0.219
01/03/2022 13:19:37 distance: 47.36970300467637
01/03/2022 13:19:37 Mode: STABILIZE
01/03/2022 13:19:37 ch7: 965
01/03/2022 13:19:37 -------------Check stall condition-------------
01/03/2022 13:19:37 Alt: -0.186
01/03/2022 13:19:37 distance: 46.74864092485997
01/03/2022 13:19:37 Mode: STABILIZE
01/03/2022 13:19:38 ch7: 965
01/03/2022 13:19:38 -------------Check stall condition-------------
01/03/2022 13:19:38 Alt: -0.112
01/03/2022 13:19:38 distance: 46.173119870270185
01/03/2022 13:19:38 Mode: STABILIZE
01/03/2022 13:19:38 ch7: 965
01/03/2022 13:19:38 -------------Check stall condition-------------
01/03/2022 13:19:38 Alt: 0.01
01/03/2022 13:19:38 distance: 45.65378951955421
01/03/2022 13:19:38 Mode: STABILIZE
01/03/2022 13:19:39 ch7: 965
01/03/2022 13:19:39 -------------Check stall condition-------------
01/03/2022 13:19:39 Alt: 0.112
01/03/2022 13:19:39 distance: 45.327463263426495
01/03/2022 13:19:39 Mode: STABILIZE
01/03/2022 13:19:39 ch7: 965
01/03/2022 13:19:39 -------------Check stall condition-------------
01/03/2022 13:19:39 Alt: 0.113
01/03/2022 13:19:40 distance: 45.07162143378324
01/03/2022 13:19:40 Mode: STABILIZE
01/03/2022 13:19:40 ch7: 965
01/03/2022 13:19:40 -------------Check stall condition-------------
01/03/2022 13:19:40 Alt: 0.096
01/03/2022 13:19:40 distance: 44.87570717869293
01/03/2022 13:19:40 Mode: STABILIZE
01/03/2022 13:19:41 ch7: 965
01/03/2022 13:19:41 -------------Check stall condition-------------
01/03/2022 13:19:41 Alt: 0.049
01/03/2022 13:19:41 distance: 44.49163152106708
01/03/2022 13:19:41 Mode: STABILIZE
01/03/2022 13:19:41 ch7: 965
01/03/2022 13:19:41 -------------Check stall condition-------------
01/03/2022 13:19:41 Alt: -0.129
01/03/2022 13:19:41 distance: 44.30255554375701
01/03/2022 13:19:41 Mode: STABILIZE
01/03/2022 13:19:41 ch7: 965
01/03/2022 13:19:41 -------------Check stall condition-------------
01/03/2022 13:19:41 Alt: -0.239
01/03/2022 13:19:41 distance: 43.89524517829313
01/03/2022 13:19:41 Mode: STABILIZE
01/03/2022 13:19:42 ch7: 965
01/03/2022 13:19:42 -------------Check stall condition-------------
01/03/2022 13:19:42 Alt: -0.256
01/03/2022 13:19:42 distance: 43.66180831025166
01/03/2022 13:19:42 Mode: STABILIZE
01/03/2022 13:19:42 ch7: 965
01/03/2022 13:19:42 -------------Check stall condition-------------
01/03/2022 13:19:42 Alt: -0.214
01/03/2022 13:19:42 distance: 43.358950965965775
01/03/2022 13:19:42 Mode: STABILIZE
01/03/2022 13:19:43 ch7: 965
01/03/2022 13:19:43 -------------Check stall condition-------------
01/03/2022 13:19:43 Alt: -0.18
01/03/2022 13:19:43 distance: 43.23535450825609
01/03/2022 13:19:43 Mode: STABILIZE
01/03/2022 13:19:44 ch7: 965
01/03/2022 13:19:44 -------------Check stall condition-------------
01/03/2022 13:19:44 Alt: -0.215
01/03/2022 13:19:44 distance: 43.30944054476863
01/03/2022 13:19:44 Mode: STABILIZE
01/03/2022 13:19:44 ch7: 965
01/03/2022 13:19:44 -------------Check stall condition-------------
01/03/2022 13:19:44 Alt: -0.236
01/03/2022 13:19:44 distance: 43.448251839310366
01/03/2022 13:19:44 Mode: STABILIZE
01/03/2022 13:19:45 ch7: 965
01/03/2022 13:19:45 -------------Check stall condition-------------
01/03/2022 13:19:45 Alt: -0.245
01/03/2022 13:19:45 distance: 43.45851261230863
01/03/2022 13:19:45 Mode: STABILIZE
01/03/2022 13:19:45 ch7: 965
01/03/2022 13:19:45 -------------Check stall condition-------------
01/03/2022 13:19:45 Alt: -0.226
01/03/2022 13:19:45 distance: 43.4390384643252
01/03/2022 13:19:45 Mode: STABILIZE
01/03/2022 13:19:46 ch7: 965
01/03/2022 13:19:46 -------------Check stall condition-------------
01/03/2022 13:19:46 Alt: -0.294
01/03/2022 13:19:46 distance: 43.444491136091266
01/03/2022 13:19:46 Mode: STABILIZE
01/03/2022 13:19:46 ch7: 965
01/03/2022 13:19:46 -------------Check stall condition-------------
01/03/2022 13:19:46 Throttle armed
01/03/2022 13:19:46 Alt: -0.207
01/03/2022 13:19:46 distance: 43.51886040656397
01/03/2022 13:19:46 Mode: STABILIZE
01/03/2022 13:19:47 ch7: 965
01/03/2022 13:19:47 -------------Check stall condition-------------
01/03/2022 13:19:47 Alt: -0.12
01/03/2022 13:19:47 distance: 43.61872042252586
01/03/2022 13:19:47 Mode: STABILIZE
01/03/2022 13:19:47 ch7: 965
01/03/2022 13:19:47 -------------Check stall condition-------------
01/03/2022 13:19:47 Alt: -0.133
01/03/2022 13:19:47 distance: 43.61872042252586
01/03/2022 13:19:47 Mode: STABILIZE
01/03/2022 13:19:48 ch7: 965
01/03/2022 13:19:48 -------------Check stall condition-------------
01/03/2022 13:19:48 Alt: -0.14
01/03/2022 13:19:48 distance: 43.63359330679687
01/03/2022 13:19:48 Mode: STABILIZE
01/03/2022 13:19:48 ch7: 965
01/03/2022 13:19:48 -------------Check stall condition-------------
01/03/2022 13:19:48 Alt: -0.169
01/03/2022 13:19:48 distance: 43.67278361304927
01/03/2022 13:19:48 Mode: STABILIZE
01/03/2022 13:19:49 ch7: 965
01/03/2022 13:19:49 -------------Check stall condition-------------
01/03/2022 13:19:49 Alt: -0.18
01/03/2022 13:19:49 distance: 43.6876636207789
01/03/2022 13:19:49 Mode: STABILIZE
01/03/2022 13:19:49 ch7: 965
01/03/2022 13:19:49 -------------Check stall condition-------------
01/03/2022 13:19:49 Alt: -0.192
01/03/2022 13:19:49 distance: 43.707416835619426
01/03/2022 13:19:49 Mode: STABILIZE
01/03/2022 13:19:50 ch7: 965
01/03/2022 13:19:50 -------------Check stall condition-------------
01/03/2022 13:19:50 Alt: -0.185
01/03/2022 13:19:50 distance: 43.71742544689955
01/03/2022 13:19:50 Mode: STABILIZE
01/03/2022 13:19:50 ch7: 965
01/03/2022 13:19:50 -------------Check stall condition-------------
01/03/2022 13:19:50 Alt: -0.174
01/03/2022 13:19:50 distance: 43.72256422977959
01/03/2022 13:19:50 Mode: STABILIZE
01/03/2022 13:19:51 ch7: 965
01/03/2022 13:19:51 -------------Check stall condition-------------
01/03/2022 13:19:51 Alt: -0.196
01/03/2022 13:19:51 distance: 43.381574787185315
01/03/2022 13:19:51 Mode: STABILIZE
01/03/2022 13:19:51 ch7: 965
01/03/2022 13:19:51 -------------Check stall condition-------------
01/03/2022 13:19:51 Alt: -0.162
01/03/2022 13:19:51 distance: 42.37104016458726
01/03/2022 13:19:51 Mode: STABILIZE
01/03/2022 13:19:52 ch7: 965
01/03/2022 13:19:52 -------------Check stall condition-------------
01/03/2022 13:19:52 Alt: -0.162
01/03/2022 13:19:52 distance: 42.37104016458726
01/03/2022 13:19:52 Mode: STABILIZE
01/03/2022 13:19:52 ch7: 965
01/03/2022 13:19:52 -------------Check stall condition-------------
01/03/2022 13:19:52 Alt: 0.324
01/03/2022 13:19:52 distance: 39.60701035557716
01/03/2022 13:19:52 Mode: STABILIZE
01/03/2022 13:19:53 ch7: 965
01/03/2022 13:19:53 -------------Check stall condition-------------
01/03/2022 13:19:53 Alt: 0.343
01/03/2022 13:19:53 distance: 37.652013639233864
01/03/2022 13:19:53 Mode: STABILIZE
01/03/2022 13:19:53 ch7: 965
01/03/2022 13:19:53 -------------Check stall condition-------------
01/03/2022 13:19:53 Alt: 2.17
01/03/2022 13:19:53 distance: 36.405774132374766
01/03/2022 13:19:53 Mode: STABILIZE
01/03/2022 13:19:54 ch7: 965
01/03/2022 13:19:54 -------------Check stall condition-------------
01/03/2022 13:19:54 Alt: 3.543
01/03/2022 13:19:54 distance: 36.314168117214095
01/03/2022 13:19:54 Mode: STABILIZE
01/03/2022 13:19:54 ch7: 965
01/03/2022 13:19:54 -------------Check stall condition-------------
01/03/2022 13:19:54 Alt: 5.789
01/03/2022 13:19:54 distance: 37.310744434989516
01/03/2022 13:19:54 Mode: STABILIZE
01/03/2022 13:19:55 ch7: 965
01/03/2022 13:19:55 -------------Check stall condition-------------
01/03/2022 13:19:55 Alt: 6.298
01/03/2022 13:19:55 distance: 39.4010051133868
01/03/2022 13:19:55 Mode: STABILIZE
01/03/2022 13:19:55 ch7: 965
01/03/2022 13:19:55 -------------Check stall condition-------------
01/03/2022 13:19:55 Alt: 7.601
01/03/2022 13:19:55 distance: 40.496124672609504
01/03/2022 13:19:55 Mode: STABILIZE
01/03/2022 13:19:55 ch7: 965
01/03/2022 13:19:55 -------------Check stall condition-------------
01/03/2022 13:19:55 Alt: 9.244
01/03/2022 13:19:55 distance: 42.785338109885885
01/03/2022 13:19:55 Mode: STABILIZE
01/03/2022 13:19:56 ch7: 965
01/03/2022 13:19:56 -------------Check stall condition-------------
01/03/2022 13:19:56 Alt: 9.916
01/03/2022 13:19:56 distance: 43.83564877438082
01/03/2022 13:19:56 Mode: STABILIZE
01/03/2022 13:19:56 ch7: 965
01/03/2022 13:19:56 -------------Check stall condition-------------
01/03/2022 13:19:56 Alt: 11.704
01/03/2022 13:19:56 distance: 45.67416430460774
01/03/2022 13:19:56 Mode: STABILIZE
01/03/2022 13:19:57 ch7: 965
01/03/2022 13:19:57 -------------Check stall condition-------------
01/03/2022 13:19:57 Alt: 13.39
01/03/2022 13:19:57 distance: 47.454532744182586
01/03/2022 13:19:57 Mode: STABILIZE
01/03/2022 13:19:57 ch7: 965
01/03/2022 13:19:57 -------------Check stall condition-------------
01/03/2022 13:19:57 Alt: 14.479
01/03/2022 13:19:57 distance: 49.76064827729583
01/03/2022 13:19:57 Mode: STABILIZE
01/03/2022 13:19:58 ch7: 965
01/03/2022 13:19:58 -------------Check stall condition-------------
01/03/2022 13:19:58 Alt: 16.049
01/03/2022 13:19:58 distance: 51.75949520111832
01/03/2022 13:19:58 Mode: STABILIZE
01/03/2022 13:19:58 ch7: 965
01/03/2022 13:19:58 -------------Check stall condition-------------
01/03/2022 13:19:58 Alt: 16.586
01/03/2022 13:19:58 distance: 52.761503223474655
01/03/2022 13:19:58 Mode: STABILIZE
01/03/2022 13:19:59 ch7: 965
01/03/2022 13:19:59 -------------Check stall condition-------------
01/03/2022 13:19:59 Alt: 17.533
01/03/2022 13:19:59 distance: 54.02724813094001
01/03/2022 13:19:59 Mode: STABILIZE
01/03/2022 13:19:59 ch7: 965
01/03/2022 13:19:59 -------------Check stall condition-------------
01/03/2022 13:19:59 Alt: 19.103
01/03/2022 13:19:59 distance: 52.52570825138417
01/03/2022 13:19:59 Mode: STABILIZE
01/03/2022 13:19:59 ch7: 965
01/03/2022 13:19:59 -------------Check stall condition-------------
01/03/2022 13:19:59 Alt: 19.676
01/03/2022 13:20:00 distance: 50.685132625390075
01/03/2022 13:20:00 Mode: STABILIZE
01/03/2022 13:20:00 ch7: 965
01/03/2022 13:20:00 -------------Check stall condition-------------
01/03/2022 13:20:00 Alt: 19.831
01/03/2022 13:20:00 distance: 49.78987240414973
01/03/2022 13:20:00 Mode: STABILIZE
01/03/2022 13:20:00 ch7: 965
01/03/2022 13:20:00 -------------Check stall condition-------------
01/03/2022 13:20:00 Alt: 19.688
01/03/2022 13:20:00 distance: 49.51834966966678
01/03/2022 13:20:00 Mode: STABILIZE
01/03/2022 13:20:01 ch7: 965
01/03/2022 13:20:01 -------------Check stall condition-------------
01/03/2022 13:20:01 Alt: 19.614
01/03/2022 13:20:01 distance: 49.31958154326896
01/03/2022 13:20:01 Mode: STABILIZE
01/03/2022 13:20:01 ch7: 965
01/03/2022 13:20:01 -------------Check stall condition-------------
01/03/2022 13:20:01 Alt: 20.063
01/03/2022 13:20:01 distance: 48.876233319818475
01/03/2022 13:20:01 Mode: STABILIZE
01/03/2022 13:20:01 ch7: 965
01/03/2022 13:20:01 -------------Check stall condition-------------
01/03/2022 13:20:01 Alt: 21.692
01/03/2022 13:20:01 distance: 46.8823987281973
01/03/2022 13:20:01 Mode: STABILIZE
01/03/2022 13:20:02 ch7: 965
01/03/2022 13:20:02 -------------Check stall condition-------------
01/03/2022 13:20:02 Alt: 22.338
01/03/2022 13:20:02 distance: 44.73214923473792
01/03/2022 13:20:02 Mode: STABILIZE
01/03/2022 13:20:02 ch7: 965
01/03/2022 13:20:02 -------------Check stall condition-------------
01/03/2022 13:20:02 Alt: 22.754
01/03/2022 13:20:02 distance: 43.6789858866349
01/03/2022 13:20:02 Mode: STABILIZE
01/03/2022 13:20:03 ch7: 965
01/03/2022 13:20:03 -------------Check stall condition-------------
01/03/2022 13:20:03 Alt: 23.266
01/03/2022 13:20:03 distance: 41.77510564474967
01/03/2022 13:20:03 Mode: STABILIZE
01/03/2022 13:20:03 ch7: 965
01/03/2022 13:20:03 -------------Check stall condition-------------
01/03/2022 13:20:03 Alt: 23.59
01/03/2022 13:20:03 distance: 40.84635265735632
01/03/2022 13:20:03 Mode: STABILIZE
01/03/2022 13:20:03 ch7: 965
01/03/2022 13:20:03 -------------Check stall condition-------------
01/03/2022 13:20:03 Alt: 24.161
01/03/2022 13:20:03 distance: 39.36777564250622
01/03/2022 13:20:03 Mode: STABILIZE
01/03/2022 13:20:04 ch7: 965
01/03/2022 13:20:04 -------------Check stall condition-------------
01/03/2022 13:20:04 Alt: 24.46
01/03/2022 13:20:04 distance: 37.947300713920875
01/03/2022 13:20:04 Mode: STABILIZE
01/03/2022 13:20:04 ch7: 965
01/03/2022 13:20:04 -------------Check stall condition-------------
01/03/2022 13:20:04 Alt: 24.876
01/03/2022 13:20:04 distance: 37.13988565443849
01/03/2022 13:20:04 Mode: STABILIZE
01/03/2022 13:20:05 ch7: 965
01/03/2022 13:20:05 -------------Check stall condition-------------
01/03/2022 13:20:05 Alt: 25.512
01/03/2022 13:20:05 distance: 35.82205469309258
01/03/2022 13:20:05 Mode: STABILIZE
01/03/2022 13:20:05 ch7: 965
01/03/2022 13:20:05 -------------Check stall condition-------------
01/03/2022 13:20:05 Alt: 26.01
01/03/2022 13:20:05 distance: 35.07101369629705
01/03/2022 13:20:05 Mode: STABILIZE
01/03/2022 13:20:05 ch7: 965
01/03/2022 13:20:05 -------------Check stall condition-------------
01/03/2022 13:20:05 Alt: 26.363
01/03/2022 13:20:05 distance: 34.104007421823546
01/03/2022 13:20:05 Mode: STABILIZE
01/03/2022 13:20:06 ch7: 965
01/03/2022 13:20:06 -------------Check stall condition-------------
01/03/2022 13:20:06 Alt: 26.39
01/03/2022 13:20:06 distance: 34.092983115184616
01/03/2022 13:20:06 Mode: STABILIZE
01/03/2022 13:20:06 ch7: 965
01/03/2022 13:20:06 -------------Check stall condition-------------
01/03/2022 13:20:06 Alt: 26.189
01/03/2022 13:20:06 distance: 35.27255455429961
01/03/2022 13:20:06 Mode: STABILIZE
01/03/2022 13:20:07 ch7: 965
01/03/2022 13:20:07 -------------Check stall condition-------------
01/03/2022 13:20:07 Alt: 26.148
01/03/2022 13:20:07 distance: 37.72013251965514
01/03/2022 13:20:07 Mode: STABILIZE
01/03/2022 13:20:07 ch7: 965
01/03/2022 13:20:07 -------------Check stall condition-------------
01/03/2022 13:20:07 Alt: 26.23
01/03/2022 13:20:07 distance: 39.22711695039979
01/03/2022 13:20:07 Mode: STABILIZE
01/03/2022 13:20:07 ch7: 965
01/03/2022 13:20:07 -------------Check stall condition-------------
01/03/2022 13:20:07 Alt: 26.148
01/03/2022 13:20:07 distance: 42.71950609319611
01/03/2022 13:20:07 Mode: STABILIZE
01/03/2022 13:20:08 ch7: 965
01/03/2022 13:20:08 -------------Check stall condition-------------
01/03/2022 13:20:08 Alt: 25.328
01/03/2022 13:20:08 distance: 46.5732371918414
01/03/2022 13:20:08 Mode: STABILIZE
01/03/2022 13:20:08 ch7: 965
01/03/2022 13:20:08 -------------Check stall condition-------------
01/03/2022 13:20:08 Alt: 25.097
01/03/2022 13:20:08 distance: 49.11213099447305
01/03/2022 13:20:08 Mode: STABILIZE
01/03/2022 13:20:09 ch7: 965
01/03/2022 13:20:09 -------------Check stall condition-------------
01/03/2022 13:20:09 Alt: 25.165
01/03/2022 13:20:09 distance: 54.95247400595597
01/03/2022 13:20:09 Mode: STABILIZE
01/03/2022 13:20:09 ch7: 965
01/03/2022 13:20:09 -------------Check stall condition-------------
01/03/2022 13:20:09 Alt: 25.388
01/03/2022 13:20:09 distance: 58.340945236543014
01/03/2022 13:20:09 Mode: STABILIZE
01/03/2022 13:20:09 ch7: 965
01/03/2022 13:20:09 -------------Check stall condition-------------
01/03/2022 13:20:09 Alt: 26.067
01/03/2022 13:20:09 distance: 64.93313096226018
01/03/2022 13:20:09 Mode: STABILIZE
01/03/2022 13:20:10 ch7: 965
01/03/2022 13:20:10 -------------Check stall condition-------------
01/03/2022 13:20:10 Alt: 26.25
01/03/2022 13:20:10 distance: 72.05563678760574
01/03/2022 13:20:10 Mode: STABILIZE
01/03/2022 13:20:10 ch7: 965
01/03/2022 13:20:10 -------------Check stall condition-------------
01/03/2022 13:20:10 Alt: 26.544
01/03/2022 13:20:10 distance: 76.10933427628659
01/03/2022 13:20:10 Mode: STABILIZE
01/03/2022 13:20:11 ch7: 965
01/03/2022 13:20:11 -------------Check stall condition-------------
01/03/2022 13:20:11 Alt: 27.144
01/03/2022 13:20:11 distance: 80.99479603199907
01/03/2022 13:20:11 Mode: STABILIZE
01/03/2022 13:20:11 ch7: 965
01/03/2022 13:20:11 -------------Check stall condition-------------
01/03/2022 13:20:11 Alt: 27.329
01/03/2022 13:20:11 distance: 82.45507203092185
01/03/2022 13:20:11 Mode: STABILIZE
01/03/2022 13:20:12 ch7: 965
01/03/2022 13:20:12 -------------Check stall condition-------------
01/03/2022 13:20:12 Alt: 26.76
01/03/2022 13:20:12 distance: 82.46474176343187
01/03/2022 13:20:12 Mode: STABILIZE
01/03/2022 13:20:12 ch7: 965
01/03/2022 13:20:12 -------------Check stall condition-------------
01/03/2022 13:20:12 Alt: 26.148
01/03/2022 13:20:12 distance: 81.0930100756586
01/03/2022 13:20:12 Mode: STABILIZE
01/03/2022 13:20:12 ch7: 965
01/03/2022 13:20:12 -------------Check stall condition-------------
01/03/2022 13:20:12 Alt: 25.496
01/03/2022 13:20:12 distance: 78.09824589282479
01/03/2022 13:20:12 Mode: STABILIZE
01/03/2022 13:20:13 ch7: 965
01/03/2022 13:20:13 -------------Check stall condition-------------
01/03/2022 13:20:13 Alt: 24.812
01/03/2022 13:20:13 distance: 74.9906759360192
01/03/2022 13:20:13 Mode: STABILIZE
01/03/2022 13:20:13 ch7: 965
01/03/2022 13:20:13 -------------Check stall condition-------------
01/03/2022 13:20:13 Alt: 23.582
01/03/2022 13:20:13 distance: 73.18759344809618
01/03/2022 13:20:13 Mode: STABILIZE
01/03/2022 13:20:14 ch7: 965
01/03/2022 13:20:14 -------------Check stall condition-------------
01/03/2022 13:20:14 Alt: 23.027
01/03/2022 13:20:14 distance: 71.51794030301542
01/03/2022 13:20:14 Mode: STABILIZE
01/03/2022 13:20:14 ch7: 965
01/03/2022 13:20:14 -------------Check stall condition-------------
01/03/2022 13:20:14 Alt: 21.97
01/03/2022 13:20:14 distance: 65.54170841780808
01/03/2022 13:20:14 Mode: STABILIZE
01/03/2022 13:20:14 Mission: 1 WP
01/03/2022 13:20:14 ch7: 965
01/03/2022 13:20:15 -------------Check stall condition-------------
01/03/2022 13:20:15 Alt: 21.823
01/03/2022 13:20:15 distance: 63.531217762895686
01/03/2022 13:20:15 Mode: AUTO
01/03/2022 13:20:15 Changed mode to: AUTO
01/03/2022 13:20:15 Waiting for reach target...
01/03/2022 13:20:15 ch7: 965
01/03/2022 13:20:15 -------------Check stall condition-------------
01/03/2022 13:20:15 Alt: 21.586
01/03/2022 13:20:15 distance: 61.34522321063163
01/03/2022 13:20:15 Mode: AUTO
01/03/2022 13:20:15 Changed mode to: AUTO
01/03/2022 13:20:15 Waiting for reach target...
01/03/2022 13:20:15 ch7: 965
01/03/2022 13:20:15 -------------Check stall condition-------------
01/03/2022 13:20:15 Alt: 19.483
01/03/2022 13:20:15 distance: 55.24575491454034
01/03/2022 13:20:15 Mode: AUTO
01/03/2022 13:20:15 Changed mode to: AUTO
01/03/2022 13:20:16 Waiting for reach target...
01/03/2022 13:20:16 ch7: 965
01/03/2022 13:20:16 -------------Check stall condition-------------
01/03/2022 13:20:16 Alt: 17.737
01/03/2022 13:20:16 distance: 50.92546904026619
01/03/2022 13:20:16 Mode: AUTO
01/03/2022 13:20:16 Changed mode to: AUTO
01/03/2022 13:20:16 Waiting for reach target...
01/03/2022 13:20:16 ch7: 965
01/03/2022 13:20:16 -------------Check stall condition-------------
01/03/2022 13:20:16 Alt: 16.486
01/03/2022 13:20:16 distance: 45.82641062152228
01/03/2022 13:20:16 Mode: AUTO
01/03/2022 13:20:16 Changed mode to: AUTO
01/03/2022 13:20:16 Waiting for reach target...
01/03/2022 13:20:17 ch7: 965
01/03/2022 13:20:17 -------------Check stall condition-------------
01/03/2022 13:20:17 Alt: 15.554
01/03/2022 13:20:17 distance: 43.20718654668924
01/03/2022 13:20:17 Mode: AUTO
01/03/2022 13:20:17 Changed mode to: AUTO
01/03/2022 13:20:17 Waiting for reach target...
01/03/2022 13:20:17 ch7: 965
01/03/2022 13:20:17 -------------Check stall condition-------------
01/03/2022 13:20:17 Alt: 15.734
01/03/2022 13:20:17 distance: 37.68879293719073
01/03/2022 13:20:17 Mode: AUTO
01/03/2022 13:20:17 Changed mode to: AUTO
01/03/2022 13:20:17 Waiting for reach target...
01/03/2022 13:20:18 ch7: 965
01/03/2022 13:20:18 -------------Check stall condition-------------
01/03/2022 13:20:18 Alt: 15.76
01/03/2022 13:20:18 distance: 32.40932989114328
01/03/2022 13:20:18 Mode: AUTO
01/03/2022 13:20:18 Changed mode to: AUTO
01/03/2022 13:20:18 Waiting for reach target...
01/03/2022 13:20:18 ch7: 965
01/03/2022 13:20:18 -------------Check stall condition-------------
01/03/2022 13:20:18 Alt: 15.708
01/03/2022 13:20:18 distance: 29.77219164114415
01/03/2022 13:20:18 Mode: AUTO
01/03/2022 13:20:18 Changed mode to: AUTO
01/03/2022 13:20:18 Waiting for reach target...
01/03/2022 13:20:18 Passed waypoint #1 dist 16m
01/03/2022 13:20:18 Mission: 2 WP
01/03/2022 13:20:18 ch7: 965
01/03/2022 13:20:18 -------------Check stall condition-------------
01/03/2022 13:20:18 Alt: 15.956
01/03/2022 13:20:19 distance: 25.282469594202624
01/03/2022 13:20:19 Mode: AUTO
01/03/2022 13:20:19 Changed mode to: AUTO
01/03/2022 13:20:19 Waiting for reach target...
01/03/2022 13:20:19 ch7: 965
01/03/2022 13:20:19 -------------Check stall condition-------------
01/03/2022 13:20:19 Alt: 16.592
01/03/2022 13:20:19 distance: 21.151244014075655
01/03/2022 13:20:19 Mode: AUTO
01/03/2022 13:20:19 Changed mode to: AUTO
01/03/2022 13:20:19 Waiting for reach target...
01/03/2022 13:20:19 is_deepstalled: False
01/03/2022 13:20:19 -------------Deep stall!!!-------------
01/03/2022 13:20:19 -------------Post stall-------------
01/03/2022 13:20:19 Groundspeed: 11.72350788116455
01/03/2022 13:20:19 excel log
01/03/2022 13:20:19 ch7: 965
01/03/2022 13:20:19 -------------Check stall condition-------------
01/03/2022 13:20:19 Alt: 16.974
01/03/2022 13:20:19 distance: 18.229760310009947
01/03/2022 13:20:19 Mode: STABILIZE
01/03/2022 13:20:19 -------------Post stall-------------
01/03/2022 13:20:19 Groundspeed: 10.04683780670166
01/03/2022 13:20:19 excel log
01/03/2022 13:20:20 ch7: 965
01/03/2022 13:20:20 -------------Check stall condition-------------
01/03/2022 13:20:20 Alt: 17.668
01/03/2022 13:20:20 distance: 17.62395825446844
01/03/2022 13:20:20 Mode: STABILIZE
01/03/2022 13:20:20 -------------Post stall-------------
01/03/2022 13:20:20 Groundspeed: 7.6135573387146
01/03/2022 13:20:20 excel log
01/03/2022 13:20:20 ch7: 965
01/03/2022 13:20:20 -------------Check stall condition-------------
01/03/2022 13:20:20 Alt: 19.177
01/03/2022 13:20:20 distance: 17.372576951728323
01/03/2022 13:20:20 Mode: STABILIZE
01/03/2022 13:20:20 -------------Post stall-------------
01/03/2022 13:20:20 Groundspeed: 4.773432731628418
01/03/2022 13:20:20 excel log
01/03/2022 13:20:21 ch7: 965
01/03/2022 13:20:21 -------------Check stall condition-------------
01/03/2022 13:20:21 Alt: 19.369
01/03/2022 13:20:21 distance: 17.69750745030044
01/03/2022 13:20:21 Mode: STABILIZE
01/03/2022 13:20:21 -------------Post stall-------------
01/03/2022 13:20:21 Groundspeed: 3.140655279159546
01/03/2022 13:20:21 excel log
01/03/2022 13:20:21 ch7: 965
01/03/2022 13:20:21 -------------Check stall condition-------------
01/03/2022 13:20:21 Alt: 17.864
01/03/2022 13:20:21 distance: 18.26530478224633
01/03/2022 13:20:21 Mode: STABILIZE
01/03/2022 13:20:21 -------------Post stall-------------
01/03/2022 13:20:21 Groundspeed: 2.981330633163452
01/03/2022 13:20:21 excel log
01/03/2022 13:20:22 ch7: 965
01/03/2022 13:20:22 -------------Check stall condition-------------
01/03/2022 13:20:22 Alt: 15.063
01/03/2022 13:20:22 distance: 18.9041488782386
01/03/2022 13:20:22 Mode: STABILIZE
01/03/2022 13:20:22 -------------Post stall-------------
01/03/2022 13:20:22 Groundspeed: 3.135369062423706
01/03/2022 13:20:22 excel log
01/03/2022 13:20:22 ch7: 965
01/03/2022 13:20:22 -------------Check stall condition-------------
01/03/2022 13:20:22 Alt: 10.894
01/03/2022 13:20:22 distance: 19.701652059245763
01/03/2022 13:20:22 Mode: STABILIZE
01/03/2022 13:20:22 -------------Post stall-------------
01/03/2022 13:20:22 Groundspeed: 4.3864054679870605
01/03/2022 13:20:22 excel log
01/03/2022 13:20:23 ch7: 965
01/03/2022 13:20:23 -------------Check stall condition-------------
01/03/2022 13:20:23 Alt: 7.214
01/03/2022 13:20:23 distance: 20.57244596970096
01/03/2022 13:20:23 Mode: STABILIZE
01/03/2022 13:20:23 -------------Adjust angle after stall-------------
01/03/2022 13:20:23 1880
01/03/2022 13:20:23 Groundspeed: 5.735430717468262
01/03/2022 13:20:23 excel log
01/03/2022 13:20:23 ch7: 965
01/03/2022 13:20:23 -------------Check stall condition-------------
01/03/2022 13:20:23 Alt: 3.633
01/03/2022 13:20:23 distance: 22.073287067575684
01/03/2022 13:20:23 Mode: STABILIZE
01/03/2022 13:20:23 -------------Adjust angle after stall-------------
01/03/2022 13:20:23 1880
01/03/2022 13:20:23 Groundspeed: 7.072469234466553
01/03/2022 13:20:23 excel log
01/03/2022 13:20:24 ch7: 965
01/03/2022 13:20:24 -------------Check stall condition-------------
01/03/2022 13:20:24 Alt: 0.875
01/03/2022 13:20:24 distance: 24.50010944784269
01/03/2022 13:20:24 Mode: STABILIZE
01/03/2022 13:20:24 -------------Adjust angle after stall-------------
01/03/2022 13:20:24 1880
01/03/2022 13:20:24 Groundspeed: 6.142852783203125
01/03/2022 13:20:24 excel log
01/03/2022 13:20:24 EKF3 lane switch 1
01/03/2022 13:20:25 end log!!
01/03/2022 13:20:25 Throttle failsafe on
01/03/2022 13:20:25 Failsafe. Short event on: type=1/reason=3
01/03/2022 13:20:25 Flight mode = 1
01/03/2022 13:20:25 ch7: 965
01/03/2022 13:20:25 -------------Check stall condition-------------
01/03/2022 13:20:25 Alt: -1.597
01/03/2022 13:20:25 distance: 27.78618788174029
01/03/2022 13:20:25 Mode: CIRCLE
01/03/2022 13:20:25 -------------Adjust angle after stall-------------
01/03/2022 13:20:25 1880
01/03/2022 13:20:25 Groundspeed: 1.6517949104309082
01/03/2022 13:20:25 excel log
01/03/2022 13:20:25 end log!!
01/03/2022 13:20:25 Throttle failsafe off
01/03/2022 13:20:25 Failsafe. Short event off: reason=3
01/03/2022 13:20:26 ch7: 965
01/03/2022 13:20:26 -------------Check stall condition-------------
01/03/2022 13:20:26 Alt: -2.183
01/03/2022 13:20:26 distance: 27.4839932640081
01/03/2022 13:20:26 Mode: STABILIZE
01/03/2022 13:20:26 -------------Adjust angle after stall-------------
01/03/2022 13:20:26 1880
01/03/2022 13:20:26 Groundspeed: 0.6388651728630066
01/03/2022 13:20:26 excel log
01/03/2022 13:20:26 end log!!
01/03/2022 13:20:26 ch7: 965
01/03/2022 13:20:26 -------------Check stall condition-------------
01/03/2022 13:20:26 Alt: -2.885
01/03/2022 13:20:26 distance: 26.863090693268195
01/03/2022 13:20:26 Mode: STABILIZE
01/03/2022 13:20:26 -------------Adjust angle after stall-------------
01/03/2022 13:20:26 1880
01/03/2022 13:20:26 Groundspeed: 0.15338754653930664
01/03/2022 13:20:26 excel log
01/03/2022 13:20:26 end log!!
01/03/2022 13:20:27 ch7: 965
01/03/2022 13:20:27 -------------Check stall condition-------------
01/03/2022 13:20:27 Alt: -3.237
01/03/2022 13:20:27 distance: 26.530267568169947
01/03/2022 13:20:27 Mode: STABILIZE
01/03/2022 13:20:27 -------------Adjust angle after stall-------------
01/03/2022 13:20:27 1880
01/03/2022 13:20:27 Groundspeed: 0.3429574966430664
01/03/2022 13:20:27 excel log
01/03/2022 13:20:27 end log!!
01/03/2022 13:20:27 ch7: 965
01/03/2022 13:20:27 -------------Check stall condition-------------
01/03/2022 13:20:27 Alt: -3.461
01/03/2022 13:20:27 distance: 26.255118836186092
01/03/2022 13:20:27 Mode: STABILIZE
01/03/2022 13:20:27 -------------Adjust angle after stall-------------
01/03/2022 13:20:27 1880
01/03/2022 13:20:27 Groundspeed: 0.6474061608314514
01/03/2022 13:20:27 excel log
01/03/2022 13:20:28 end log!!
01/03/2022 13:20:28 ch7: 965
01/03/2022 13:20:28 -------------Check stall condition-------------
01/03/2022 13:20:28 Alt: -3.633
01/03/2022 13:20:28 distance: 26.035527364406892
01/03/2022 13:20:28 Mode: STABILIZE
01/03/2022 13:20:28 -------------Adjust angle after stall-------------
01/03/2022 13:20:28 1880
01/03/2022 13:20:28 Groundspeed: 0.8849588632583618
01/03/2022 13:20:28 excel log
01/03/2022 13:20:28 end log!!
01/03/2022 13:20:28 ch7: 965
01/03/2022 13:20:28 -------------Check stall condition-------------
01/03/2022 13:20:28 Alt: -3.685
01/03/2022 13:20:28 distance: 25.936863008276895
01/03/2022 13:20:28 Mode: STABILIZE
01/03/2022 13:20:28 -------------Adjust angle after stall-------------
01/03/2022 13:20:28 1880
01/03/2022 13:20:28 Groundspeed: 1.0566153526306152
01/03/2022 13:20:28 excel log
01/03/2022 13:20:28 end log!!
01/03/2022 13:20:29 ch7: 965
01/03/2022 13:20:29 -------------Check stall condition-------------
01/03/2022 13:20:29 Alt: -3.751
01/03/2022 13:20:29 distance: 25.822920966824014
01/03/2022 13:20:29 Mode: STABILIZE
01/03/2022 13:20:29 -------------Adjust angle after stall-------------
01/03/2022 13:20:29 1880
01/03/2022 13:20:29 Groundspeed: 1.1175622940063477
01/03/2022 13:20:29 excel log
01/03/2022 13:20:29 end log!!
01/03/2022 13:20:29 ch7: 965
01/03/2022 13:20:29 -------------Check stall condition-------------
01/03/2022 13:20:29 Alt: -3.777
01/03/2022 13:20:29 distance: 25.754350343113114
01/03/2022 13:20:29 Mode: STABILIZE
01/03/2022 13:20:29 -------------Adjust angle after stall-------------
01/03/2022 13:20:29 1880
01/03/2022 13:20:29 Groundspeed: 1.2097522020339966
01/03/2022 13:20:29 excel log
01/03/2022 13:20:29 end log!!
01/03/2022 13:20:30 ch7: 965
01/03/2022 13:20:30 -------------Check stall condition-------------
01/03/2022 13:20:30 Alt: -3.773
01/03/2022 13:20:30 distance: 25.733543684127458
01/03/2022 13:20:30 Mode: STABILIZE
01/03/2022 13:20:30 -------------Adjust angle after stall-------------
01/03/2022 13:20:30 1880
01/03/2022 13:20:30 Groundspeed: 1.255483627319336
01/03/2022 13:20:30 excel log
01/03/2022 13:20:30 end log!!
01/03/2022 13:20:30 ch7: 965
01/03/2022 13:20:30 -------------Check stall condition-------------
01/03/2022 13:20:30 Alt: -3.758
01/03/2022 13:20:30 distance: 25.736360606589802
01/03/2022 13:20:30 Mode: STABILIZE
01/03/2022 13:20:30 -------------Adjust angle after stall-------------
01/03/2022 13:20:30 1880
01/03/2022 13:20:30 Groundspeed: 1.2892757654190063
01/03/2022 13:20:30 excel log
01/03/2022 13:20:30 end log!!
01/03/2022 13:20:30 ch7: 965
01/03/2022 13:20:30 -------------Check stall condition-------------
01/03/2022 13:20:30 Alt: -3.697
01/03/2022 13:20:31 distance: 25.744600143393683
01/03/2022 13:20:31 Mode: STABILIZE
01/03/2022 13:20:31 -------------Adjust angle after stall-------------
01/03/2022 13:20:31 1880
01/03/2022 13:20:31 Groundspeed: 1.292783260345459
01/03/2022 13:20:31 excel log
01/03/2022 13:20:31 end log!!
01/03/2022 13:20:31 ch7: 965
01/03/2022 13:20:31 -------------Check stall condition-------------
01/03/2022 13:20:31 Alt: -3.655
01/03/2022 13:20:31 distance: 25.764029516082736
01/03/2022 13:20:31 Mode: STABILIZE
01/03/2022 13:20:31 -------------Adjust angle after stall-------------
01/03/2022 13:20:31 1880
01/03/2022 13:20:31 Groundspeed: 1.2909232378005981
01/03/2022 13:20:31 excel log
01/03/2022 13:20:31 end log!!
01/03/2022 13:20:31 ch7: 965
01/03/2022 13:20:31 -------------Check stall condition-------------
01/03/2022 13:20:31 Alt: -3.615
01/03/2022 13:20:31 distance: 25.794652268378545
01/03/2022 13:20:31 Mode: STABILIZE
01/03/2022 13:20:31 -------------Adjust angle after stall-------------
01/03/2022 13:20:31 1880
01/03/2022 13:20:31 Groundspeed: 1.2909232378005981
01/03/2022 13:20:31 excel log
01/03/2022 13:20:31 end log!!
01/03/2022 13:20:31 ch7: 965
01/03/2022 13:20:31 -------------Check stall condition-------------
01/03/2022 13:20:31 Alt: -3.496
01/03/2022 13:20:31 distance: 25.869166859953776
01/03/2022 13:20:31 Mode: STABILIZE
01/03/2022 13:20:31 -------------Adjust angle after stall-------------
01/03/2022 13:20:31 1880
01/03/2022 13:20:31 Groundspeed: 1.284375548362732
01/03/2022 13:20:32 excel log
01/03/2022 13:20:32 end log!!
01/03/2022 13:20:32 ch7: 965
01/03/2022 13:20:32 -------------Check stall condition-------------
01/03/2022 13:20:32 Alt: -3.395
01/03/2022 13:20:32 distance: 25.954322262556257
01/03/2022 13:20:32 Mode: STABILIZE
01/03/2022 13:20:32 -------------Adjust angle after stall-------------
01/03/2022 13:20:32 1880
01/03/2022 13:20:32 Groundspeed: 1.2801191806793213
01/03/2022 13:20:32 excel log
01/03/2022 13:20:32 end log!!
01/03/2022 13:20:32 ch7: 965
01/03/2022 13:20:32 -------------Check stall condition-------------
01/03/2022 13:20:32 Alt: -3.327
01/03/2022 13:20:32 distance: 26.03152180147738
01/03/2022 13:20:32 Mode: STABILIZE
01/03/2022 13:20:32 -------------Adjust angle after stall-------------
01/03/2022 13:20:32 1880
01/03/2022 13:20:32 Groundspeed: 1.2472331523895264
01/03/2022 13:20:32 excel log
01/03/2022 13:20:32 end log!!
01/03/2022 13:20:33 ch7: 965
01/03/2022 13:20:33 -------------Check stall condition-------------
01/03/2022 13:20:33 Alt: -3.2
01/03/2022 13:20:33 distance: 26.13036700263045
01/03/2022 13:20:33 Mode: STABILIZE
01/03/2022 13:20:33 -------------Adjust angle after stall-------------
01/03/2022 13:20:33 1880
01/03/2022 13:20:33 Groundspeed: 1.2349553108215332
01/03/2022 13:20:33 excel log
01/03/2022 13:20:33 end log!!
01/03/2022 13:20:33 ch7: 965
01/03/2022 13:20:33 -------------Check stall condition-------------
01/03/2022 13:20:33 Alt: -3.078
01/03/2022 13:20:33 distance: 26.176024752943942
01/03/2022 13:20:33 Mode: STABILIZE
01/03/2022 13:20:33 -------------Adjust angle after stall-------------
01/03/2022 13:20:33 1880
01/03/2022 13:20:33 Groundspeed: 1.212825894355774
01/03/2022 13:20:33 excel log
01/03/2022 13:20:33 end log!!
01/03/2022 13:20:34 ch7: 965
01/03/2022 13:20:34 -------------Check stall condition-------------
01/03/2022 13:20:34 Alt: -2.96
01/03/2022 13:20:34 distance: 26.27666792283011
01/03/2022 13:20:34 Mode: STABILIZE
01/03/2022 13:20:34 -------------Adjust angle after stall-------------
01/03/2022 13:20:34 1880
01/03/2022 13:20:34 Groundspeed: 1.2053067684173584
01/03/2022 13:20:34 excel log
01/03/2022 13:20:34 end log!!
01/03/2022 13:20:34 ch7: 965
01/03/2022 13:20:34 -------------Check stall condition-------------
01/03/2022 13:20:34 Alt: -2.828
01/03/2022 13:20:34 distance: 26.377920704229854
01/03/2022 13:20:34 Mode: STABILIZE
01/03/2022 13:20:34 -------------Adjust angle after stall-------------
01/03/2022 13:20:34 1880
01/03/2022 13:20:34 Groundspeed: 1.1662267446517944
01/03/2022 13:20:34 excel log
01/03/2022 13:20:34 end log!!
01/03/2022 13:20:35 Throttle disarmed
01/03/2022 13:20:35 ch7: 965
01/03/2022 13:20:35 -------------Check stall condition-------------
01/03/2022 13:20:35 Alt: -2.774
01/03/2022 13:20:35 distance: 25.78314386115826
01/03/2022 13:20:35 Mode: STABILIZE
01/03/2022 13:20:35 -------------Adjust angle after stall-------------
01/03/2022 13:20:35 1880
01/03/2022 13:20:35 Groundspeed: 0.36636921763420105
01/03/2022 13:20:35 excel log
01/03/2022 13:20:35 end log!!
01/03/2022 13:20:35 ch7: 965
01/03/2022 13:20:35 -------------Check stall condition-------------
01/03/2022 13:20:35 Alt: -1.974
01/03/2022 13:20:35 distance: 25.819237587814182
01/03/2022 13:20:35 Mode: STABILIZE
01/03/2022 13:20:35 -------------Adjust angle after stall-------------
01/03/2022 13:20:35 1880
01/03/2022 13:20:35 Groundspeed: 0.23018833994865417
01/03/2022 13:20:35 excel log
01/03/2022 13:20:35 end log!!
01/03/2022 13:20:35 ch7: 965
01/03/2022 13:20:36 -------------Check stall condition-------------
01/03/2022 13:20:36 Alt: 0.143
01/03/2022 13:20:36 distance: 25.917632529913195
01/03/2022 13:20:36 Mode: STABILIZE
01/03/2022 13:20:36 -------------Adjust angle after stall-------------
01/03/2022 13:20:36 1880
01/03/2022 13:20:36 Groundspeed: 0.07595241814851761
01/03/2022 13:20:36 excel log
01/03/2022 13:20:36 end log!!
01/03/2022 13:20:36 ch7: 965
01/03/2022 13:20:36 -------------Check stall condition-------------
01/03/2022 13:20:36 Alt: 0.444
01/03/2022 13:20:36 distance: 26.062415091175517
01/03/2022 13:20:36 Mode: STABILIZE
01/03/2022 13:20:36 -------------Adjust angle after stall-------------
01/03/2022 13:20:36 1880
01/03/2022 13:20:36 Groundspeed: 0.2936329245567322
01/03/2022 13:20:36 excel log
01/03/2022 13:20:36 end log!!
01/03/2022 13:20:36 ch7: 965
01/03/2022 13:20:36 -------------Check stall condition-------------
01/03/2022 13:20:36 Alt: 0.477
01/03/2022 13:20:36 distance: 26.19115061469124
01/03/2022 13:20:36 Mode: STABILIZE
01/03/2022 13:20:36 -------------Adjust angle after stall-------------
01/03/2022 13:20:36 1880
01/03/2022 13:20:36 Groundspeed: 0.41522249579429626
01/03/2022 13:20:36 excel log
01/03/2022 13:20:36 end log!!
01/03/2022 13:20:37 ch7: 965
01/03/2022 13:20:37 -------------Check stall condition-------------
01/03/2022 13:20:37 Alt: 0.478
01/03/2022 13:20:37 distance: 26.286739331352983
01/03/2022 13:20:37 Mode: STABILIZE
01/03/2022 13:20:37 -------------Adjust angle after stall-------------
01/03/2022 13:20:37 1880
01/03/2022 13:20:37 Groundspeed: 0.3995838165283203
01/03/2022 13:20:37 excel log
01/03/2022 13:20:37 end log!!
01/03/2022 13:20:37 ch7: 965
01/03/2022 13:20:37 -------------Check stall condition-------------
01/03/2022 13:20:37 Alt: 0.476
01/03/2022 13:20:37 distance: 26.308877207673053
01/03/2022 13:20:37 Mode: STABILIZE
01/03/2022 13:20:37 -------------Adjust angle after stall-------------
01/03/2022 13:20:37 1880
01/03/2022 13:20:37 Groundspeed: 0.35808929800987244
01/03/2022 13:20:37 excel log
01/03/2022 13:20:37 end log!!
01/03/2022 13:20:38 ch7: 965
01/03/2022 13:20:38 -------------Check stall condition-------------
01/03/2022 13:20:38 Alt: 0.491
01/03/2022 13:20:38 distance: 26.339732178999387
01/03/2022 13:20:38 Mode: STABILIZE
01/03/2022 13:20:38 -------------Adjust angle after stall-------------
01/03/2022 13:20:38 1880
01/03/2022 13:20:38 Groundspeed: 0.3131576180458069
01/03/2022 13:20:38 excel log
01/03/2022 13:20:38 end log!!
01/03/2022 13:20:38 ch7: 965
01/03/2022 13:20:38 -------------Check stall condition-------------
01/03/2022 13:20:38 Alt: 0.505
01/03/2022 13:20:38 distance: 26.33856303725246
01/03/2022 13:20:38 Mode: STABILIZE
01/03/2022 13:20:38 -------------Adjust angle after stall-------------
01/03/2022 13:20:38 1880
01/03/2022 13:20:38 Groundspeed: 0.27215585112571716
01/03/2022 13:20:38 excel log
01/03/2022 13:20:38 end log!!
01/03/2022 13:20:38 ch7: 965
01/03/2022 13:20:38 -------------Check stall condition-------------
01/03/2022 13:20:38 Alt: 0.521
01/03/2022 13:20:39 distance: 26.337398548714823
01/03/2022 13:20:39 Mode: STABILIZE
01/03/2022 13:20:39 -------------Adjust angle after stall-------------
01/03/2022 13:20:39 1880
01/03/2022 13:20:39 Groundspeed: 0.2625032663345337
01/03/2022 13:20:39 excel log
01/03/2022 13:20:39 end log!!
01/03/2022 13:20:39 ch7: 965
01/03/2022 13:20:39 -------------Check stall condition-------------
01/03/2022 13:20:39 Alt: 0.58
01/03/2022 13:20:39 distance: 26.34846969493798
01/03/2022 13:20:39 Mode: STABILIZE
01/03/2022 13:20:39 -------------Adjust angle after stall-------------
01/03/2022 13:20:39 1880
01/03/2022 13:20:39 Groundspeed: 0.2408892810344696
01/03/2022 13:20:39 excel log
01/03/2022 13:20:39 end log!!
01/03/2022 13:20:39 ch7: 965
01/03/2022 13:20:39 -------------Check stall condition-------------
01/03/2022 13:20:39 Alt: 0.596
01/03/2022 13:20:39 distance: 26.35838203039145
01/03/2022 13:20:40 Mode: STABILIZE
01/03/2022 13:20:40 -------------Adjust angle after stall-------------
01/03/2022 13:20:40 1880
01/03/2022 13:20:40 Groundspeed: 0.22407914698123932
01/03/2022 13:20:40 excel log
01/03/2022 13:20:40 end log!!
01/03/2022 13:20:40 ch7: 965
01/03/2022 13:20:40 -------------Check stall condition-------------
01/03/2022 13:20:40 Alt: 0.626
01/03/2022 13:20:40 distance: 26.368300040395816
01/03/2022 13:20:40 Mode: STABILIZE
01/03/2022 13:20:40 -------------Adjust angle after stall-------------
01/03/2022 13:20:40 1880
01/03/2022 13:20:40 Groundspeed: 0.20854134857654572
01/03/2022 13:20:40 excel log
01/03/2022 13:20:40 end log!!
01/03/2022 13:20:40 ch7: 965
01/03/2022 13:20:40 -------------Check stall condition-------------
01/03/2022 13:20:40 Alt: 0.663
01/03/2022 13:20:40 distance: 26.400369367947423
01/03/2022 13:20:40 Mode: STABILIZE
01/03/2022 13:20:40 -------------Adjust angle after stall-------------
01/03/2022 13:20:41 1880
01/03/2022 13:20:41 Groundspeed: 0.19981864094734192
01/03/2022 13:20:41 excel log
01/03/2022 13:20:41 end log!!
01/03/2022 13:20:41 ch7: 965
01/03/2022 13:20:41 -------------Check stall condition-------------
01/03/2022 13:20:41 Alt: 0.567
01/03/2022 13:20:41 distance: 26.422515219254638
01/03/2022 13:20:41 Mode: STABILIZE
01/03/2022 13:20:41 -------------Adjust angle after stall-------------
01/03/2022 13:20:41 1880
01/03/2022 13:20:41 Groundspeed: 0.19794823229312897
01/03/2022 13:20:41 excel log
01/03/2022 13:20:41 end log!!
01/03/2022 13:20:41 ch7: 965
01/03/2022 13:20:41 -------------Check stall condition-------------
01/03/2022 13:20:41 Alt: 0.303
01/03/2022 13:20:41 distance: 26.422515219254638
01/03/2022 13:20:41 Mode: STABILIZE
01/03/2022 13:20:41 -------------Adjust angle after stall-------------
01/03/2022 13:20:41 1880
01/03/2022 13:20:42 Groundspeed: 0.19128653407096863
01/03/2022 13:20:42 excel log
01/03/2022 13:20:42 end log!!
01/03/2022 13:20:42 ch7: 965
01/03/2022 13:20:42 -------------Check stall condition-------------
01/03/2022 13:20:42 Alt: 0.315
01/03/2022 13:20:42 distance: 26.43358821849452
01/03/2022 13:20:42 Mode: STABILIZE
01/03/2022 13:20:42 -------------Adjust angle after stall-------------
01/03/2022 13:20:42 1880
01/03/2022 13:20:42 Groundspeed: 0.19034090638160706
01/03/2022 13:20:42 excel log
01/03/2022 13:20:42 end log!!
01/03/2022 13:20:42 ch7: 965
01/03/2022 13:20:42 -------------Check stall condition-------------
01/03/2022 13:20:42 Alt: 0.357
01/03/2022 13:20:42 distance: 26.43358821849452
01/03/2022 13:20:42 Mode: STABILIZE
01/03/2022 13:20:42 -------------Adjust angle after stall-------------
01/03/2022 13:20:42 1880
01/03/2022 13:20:42 Groundspeed: 0.19074317812919617
01/03/2022 13:20:42 excel log
01/03/2022 13:20:42 end log!!
01/03/2022 13:20:42 ch7: 965
01/03/2022 13:20:42 -------------Check stall condition-------------
01/03/2022 13:20:42 Alt: 0.433
01/03/2022 13:20:42 distance: 26.455734366982668
01/03/2022 13:20:42 Mode: STABILIZE
01/03/2022 13:20:42 -------------Adjust angle after stall-------------
01/03/2022 13:20:42 1880
01/03/2022 13:20:42 Groundspeed: 0.18572677671909332
01/03/2022 13:20:42 excel log
01/03/2022 13:20:42 end log!!
01/03/2022 13:20:43 ch7: 965
01/03/2022 13:20:43 -------------Check stall condition-------------
01/03/2022 13:20:43 Alt: 0.503
01/03/2022 13:20:43 distance: 26.46453191478942
01/03/2022 13:20:43 Mode: STABILIZE
01/03/2022 13:20:43 -------------Adjust angle after stall-------------
01/03/2022 13:20:43 1880
01/03/2022 13:20:43 Groundspeed: 0.17452089488506317
01/03/2022 13:20:43 excel log
01/03/2022 13:20:43 end log!!
01/03/2022 13:20:43 ch7: 965
01/03/2022 13:20:43 -------------Check stall condition-------------
01/03/2022 13:20:43 Alt: 0.539
01/03/2022 13:20:43 distance: 26.474475688822928
01/03/2022 13:20:43 Mode: STABILIZE
01/03/2022 13:20:43 -------------Adjust angle after stall-------------
01/03/2022 13:20:43 1880
01/03/2022 13:20:43 Groundspeed: 0.16978327929973602
01/03/2022 13:20:43 excel log
01/03/2022 13:20:43 end log!!
01/03/2022 13:20:44 ch7: 965
01/03/2022 13:20:44 -------------Check stall condition-------------
01/03/2022 13:20:44 Alt: 0.581
01/03/2022 13:20:44 distance: 26.474475688822928
01/03/2022 13:20:44 Mode: STABILIZE
01/03/2022 13:20:44 -------------Adjust angle after stall-------------
01/03/2022 13:20:44 1880
01/03/2022 13:20:44 Groundspeed: 0.16523708403110504
01/03/2022 13:20:44 excel log
01/03/2022 13:20:44 end log!!
01/03/2022 13:20:44 ch7: 965
01/03/2022 13:20:44 -------------Check stall condition-------------
01/03/2022 13:20:44 Alt: 0.602
01/03/2022 13:20:44 distance: 26.474475688822928
01/03/2022 13:20:44 Mode: STABILIZE
01/03/2022 13:20:44 -------------Adjust angle after stall-------------
01/03/2022 13:20:44 1880
01/03/2022 13:20:44 Groundspeed: 0.16286489367485046
01/03/2022 13:20:44 excel log
01/03/2022 13:20:44 end log!!
01/03/2022 13:20:45 ch7: 965
01/03/2022 13:20:45 -------------Check stall condition-------------
01/03/2022 13:20:45 Alt: 0.636
01/03/2022 13:20:45 distance: 26.474475688822928
01/03/2022 13:20:45 Mode: STABILIZE
01/03/2022 13:20:45 -------------Adjust angle after stall-------------
01/03/2022 13:20:45 1880
01/03/2022 13:20:45 Groundspeed: 0.1574396789073944
01/03/2022 13:20:45 excel log
01/03/2022 13:20:45 end log!!
01/03/2022 13:20:45 ch7: 965
01/03/2022 13:20:45 -------------Check stall condition-------------
01/03/2022 13:20:45 Alt: 0.664
01/03/2022 13:20:45 distance: 26.51765079413691
01/03/2022 13:20:45 Mode: STABILIZE
01/03/2022 13:20:45 -------------Adjust angle after stall-------------
01/03/2022 13:20:45 1880
01/03/2022 13:20:45 Groundspeed: 0.15369200706481934
01/03/2022 13:20:45 excel log
01/03/2022 13:20:45 end log!!
01/03/2022 13:20:46 ch7: 965
01/03/2022 13:20:46 -------------Check stall condition-------------
01/03/2022 13:20:46 Alt: 0.666
01/03/2022 13:20:46 distance: 26.54753728389632
01/03/2022 13:20:46 Mode: STABILIZE
01/03/2022 13:20:46 -------------Adjust angle after stall-------------
01/03/2022 13:20:46 1880
01/03/2022 13:20:46 Groundspeed: 0.1421680599451065
01/03/2022 13:20:46 excel log
01/03/2022 13:20:46 end log!!
01/03/2022 13:20:46 ch7: 965
01/03/2022 13:20:46 -------------Check stall condition-------------
01/03/2022 13:20:46 Alt: 0.68
01/03/2022 13:20:46 distance: 26.568588009497134
01/03/2022 13:20:46 Mode: STABILIZE
01/03/2022 13:20:46 -------------Adjust angle after stall-------------
01/03/2022 13:20:46 1880
01/03/2022 13:20:46 Groundspeed: 0.11504101753234863
01/03/2022 13:20:46 excel log
01/03/2022 13:20:46 end log!!
01/03/2022 13:20:46 ch7: 965
01/03/2022 13:20:46 -------------Check stall condition-------------
01/03/2022 13:20:47 Alt: 1.023
01/03/2022 13:20:47 distance: 26.74365440416285
01/03/2022 13:20:47 Mode: STABILIZE
01/03/2022 13:20:47 -------------Adjust angle after stall-------------
01/03/2022 13:20:47 1880
01/03/2022 13:20:47 Groundspeed: 0.6114999651908875
01/03/2022 13:20:47 excel log
01/03/2022 13:20:47 ch7: 965
01/03/2022 13:20:47 -------------Check stall condition-------------
01/03/2022 13:20:47 Alt: 1.067
01/03/2022 13:20:47 distance: 26.995990935292625
01/03/2022 13:20:47 Mode: STABILIZE
01/03/2022 13:20:47 -------------Adjust angle after stall-------------
01/03/2022 13:20:47 1880
01/03/2022 13:20:47 Groundspeed: 0.6509872078895569
01/03/2022 13:20:47 excel log
01/03/2022 13:20:47 end log!!
01/03/2022 13:20:47 ch7: 965
01/03/2022 13:20:48 -------------Check stall condition-------------
01/03/2022 13:20:48 Alt: 0.665
01/03/2022 13:20:48 distance: 27.10172622274953
01/03/2022 13:20:48 Mode: STABILIZE
01/03/2022 13:20:48 -------------Adjust angle after stall-------------
01/03/2022 13:20:48 1880
01/03/2022 13:20:48 Groundspeed: 1.0409005880355835
01/03/2022 13:20:48 excel log
01/03/2022 13:20:48 end log!!
01/03/2022 13:20:48 ch7: 965
01/03/2022 13:20:48 -------------Check stall condition-------------
01/03/2022 13:20:48 Alt: 0.615
01/03/2022 13:20:48 distance: 27.19425111309321
01/03/2022 13:20:48 Mode: STABILIZE
01/03/2022 13:20:48 -------------Adjust angle after stall-------------
01/03/2022 13:20:48 1880
01/03/2022 13:20:48 Groundspeed: 0.3323668837547302
01/03/2022 13:20:48 excel log
01/03/2022 13:20:48 end log!!
01/03/2022 13:20:48 ch7: 965
01/03/2022 13:20:49 -------------Check stall condition-------------
01/03/2022 13:20:49 Alt: 0.529
01/03/2022 13:20:49 distance: 27.330986722592446
01/03/2022 13:20:49 Mode: STABILIZE
01/03/2022 13:20:49 -------------Adjust angle after stall-------------
01/03/2022 13:20:49 1880
01/03/2022 13:20:49 Groundspeed: 0.39405760169029236
01/03/2022 13:20:49 excel log
01/03/2022 13:20:49 end log!!
01/03/2022 13:20:49 ch7: 965
01/03/2022 13:20:49 -------------Check stall condition-------------
01/03/2022 13:20:49 Alt: 0.609
01/03/2022 13:20:49 distance: 27.326597400859608
01/03/2022 13:20:49 Mode: STABILIZE
01/03/2022 13:20:49 -------------Adjust angle after stall-------------
01/03/2022 13:20:49 1880
01/03/2022 13:20:49 Groundspeed: 0.2634517550468445
01/03/2022 13:20:49 excel log
01/03/2022 13:20:49 end log!!
01/03/2022 13:20:50 ch7: 965
01/03/2022 13:20:50 -------------Check stall condition-------------
01/03/2022 13:20:50 Alt: 0.953
01/03/2022 13:20:50 distance: 27.569786150414757
01/03/2022 13:20:50 Mode: STABILIZE
01/03/2022 13:20:50 -------------Adjust angle after stall-------------
01/03/2022 13:20:50 1880
01/03/2022 13:20:50 Groundspeed: 0.6967029571533203
01/03/2022 13:20:50 excel log
01/03/2022 13:20:50 ch7: 965
01/03/2022 13:20:50 -------------Check stall condition-------------
01/03/2022 13:20:50 Alt: 1.386
01/03/2022 13:20:50 distance: 28.035998954964406
01/03/2022 13:20:50 Mode: STABILIZE
01/03/2022 13:20:50 -------------Adjust angle after stall-------------
01/03/2022 13:20:50 1880
01/03/2022 13:20:50 Groundspeed: 1.2257301807403564
01/03/2022 13:20:50 excel log
01/03/2022 13:20:51 ch7: 965
01/03/2022 13:20:51 -------------Check stall condition-------------
01/03/2022 13:20:51 Alt: 1.437
01/03/2022 13:20:51 distance: 28.453370903062982
01/03/2022 13:20:51 Mode: STABILIZE
01/03/2022 13:20:51 -------------Adjust angle after stall-------------
01/03/2022 13:20:51 1880
01/03/2022 13:20:51 Groundspeed: 1.413979411125183
01/03/2022 13:20:51 excel log
01/03/2022 13:20:51 ch7: 965
01/03/2022 13:20:51 -------------Check stall condition-------------
01/03/2022 13:20:51 Alt: 1.507
01/03/2022 13:20:51 distance: 28.992319089607353
01/03/2022 13:20:51 Mode: STABILIZE
01/03/2022 13:20:51 -------------Adjust angle after stall-------------
01/03/2022 13:20:51 1880
01/03/2022 13:20:51 Groundspeed: 1.430741786956787
01/03/2022 13:20:51 excel log
01/03/2022 13:20:52 ch7: 965
01/03/2022 13:20:52 -------------Check stall condition-------------
01/03/2022 13:20:52 Alt: 1.519
01/03/2022 13:20:52 distance: 29.48292281557836
01/03/2022 13:20:52 Mode: STABILIZE
01/03/2022 13:20:52 -------------Adjust angle after stall-------------
01/03/2022 13:20:52 1880
01/03/2022 13:20:52 Groundspeed: 1.4307582378387451
01/03/2022 13:20:52 excel log
01/03/2022 13:20:52 ch7: 965
01/03/2022 13:20:52 -------------Check stall condition-------------
01/03/2022 13:20:52 Alt: 1.476
01/03/2022 13:20:52 distance: 29.990847201068764
01/03/2022 13:20:52 Mode: STABILIZE
01/03/2022 13:20:52 -------------Adjust angle after stall-------------
01/03/2022 13:20:53 1880
01/03/2022 13:20:53 Groundspeed: 1.3293027877807617
01/03/2022 13:20:53 excel log
01/03/2022 13:20:53 ch7: 965
01/03/2022 13:20:53 -------------Check stall condition-------------
01/03/2022 13:20:53 Alt: 1.435
01/03/2022 13:20:53 distance: 30.459753308639502
01/03/2022 13:20:53 Mode: STABILIZE
01/03/2022 13:20:53 -------------Adjust angle after stall-------------
01/03/2022 13:20:53 1880
01/03/2022 13:20:53 Groundspeed: 1.3829436302185059
01/03/2022 13:20:53 excel log
01/03/2022 13:20:54 ch7: 965
01/03/2022 13:20:54 -------------Check stall condition-------------
01/03/2022 13:20:54 Alt: 0.202
01/03/2022 13:20:54 distance: 31.54558352017543
01/03/2022 13:20:54 Mode: STABILIZE
01/03/2022 13:20:54 -------------Adjust angle after stall-------------
01/03/2022 13:20:54 1880
01/03/2022 13:20:54 Groundspeed: 1.482248306274414
01/03/2022 13:20:54 excel log
01/03/2022 13:20:54 end log!!
01/03/2022 13:20:54 ch7: 965
01/03/2022 13:20:54 -------------Check stall condition-------------
01/03/2022 13:20:54 Alt: 0.31
01/03/2022 13:20:54 distance: 32.104128858424986
01/03/2022 13:20:54 Mode: STABILIZE
01/03/2022 13:20:54 -------------Adjust angle after stall-------------
01/03/2022 13:20:54 1880
01/03/2022 13:20:54 Groundspeed: 1.6028921604156494
01/03/2022 13:20:54 excel log
01/03/2022 13:20:54 end log!!
01/03/2022 13:20:55 ch7: 965
01/03/2022 13:20:55 -------------Check stall condition-------------
01/03/2022 13:20:55 Alt: 0.46
01/03/2022 13:20:55 distance: 32.92126238032725
01/03/2022 13:20:55 Mode: STABILIZE
01/03/2022 13:20:55 -------------Adjust angle after stall-------------
01/03/2022 13:20:55 1880
01/03/2022 13:20:55 Groundspeed: 1.6226000785827637
01/03/2022 13:20:55 excel log
01/03/2022 13:20:55 end log!!
01/03/2022 13:20:56 ch7: 965
01/03/2022 13:20:56 -------------Check stall condition-------------
01/03/2022 13:20:56 Alt: 0.528
01/03/2022 13:20:56 distance: 33.70553909805018
01/03/2022 13:20:56 Mode: STABILIZE
01/03/2022 13:20:56 -------------Adjust angle after stall-------------
01/03/2022 13:20:56 1880
01/03/2022 13:20:56 Groundspeed: 1.6752140522003174
01/03/2022 13:20:56 excel log
01/03/2022 13:20:56 end log!!
01/03/2022 13:20:56 ch7: 965
01/03/2022 13:20:56 -------------Check stall condition-------------
01/03/2022 13:20:56 Alt: 0.588
01/03/2022 13:20:56 distance: 34.2080983627468
01/03/2022 13:20:56 Mode: STABILIZE
01/03/2022 13:20:56 -------------Adjust angle after stall-------------
01/03/2022 13:20:56 1880
01/03/2022 13:20:56 Groundspeed: 1.723885178565979
01/03/2022 13:20:56 excel log
01/03/2022 13:20:56 end log!!
01/03/2022 13:20:57 ch7: 965
01/03/2022 13:20:57 -------------Check stall condition-------------
01/03/2022 13:20:57 Alt: 0.581
01/03/2022 13:20:57 distance: 34.77518731800779
01/03/2022 13:20:57 Mode: STABILIZE
01/03/2022 13:20:57 -------------Adjust angle after stall-------------
01/03/2022 13:20:57 1880
01/03/2022 13:20:57 Groundspeed: 1.7540812492370605
01/03/2022 13:20:57 excel log
01/03/2022 13:20:57 end log!!
01/03/2022 13:20:57 ch7: 965
01/03/2022 13:20:57 -------------Check stall condition-------------
01/03/2022 13:20:57 Alt: 0.579
01/03/2022 13:20:57 distance: 35.663378369999805
01/03/2022 13:20:57 Mode: STABILIZE
01/03/2022 13:20:57 -------------Adjust angle after stall-------------
01/03/2022 13:20:57 1880
01/03/2022 13:20:57 Groundspeed: 1.4204211235046387
01/03/2022 13:20:58 excel log
01/03/2022 13:20:58 end log!!
01/03/2022 13:20:58 ch7: 965
01/03/2022 13:20:58 -------------Check stall condition-------------
01/03/2022 13:20:58 Alt: 0.611
01/03/2022 13:20:58 distance: 36.23351058017755
01/03/2022 13:20:58 Mode: STABILIZE
01/03/2022 13:20:58 -------------Adjust angle after stall-------------
01/03/2022 13:20:58 1880
01/03/2022 13:20:58 Groundspeed: 1.3665995597839355
01/03/2022 13:20:58 excel log
01/03/2022 13:20:58 end log!!
01/03/2022 13:20:59 ch7: 965
01/03/2022 13:20:59 -------------Check stall condition-------------
01/03/2022 13:20:59 Alt: 0.571
01/03/2022 13:20:59 distance: 36.874718378462475
01/03/2022 13:20:59 Mode: STABILIZE
01/03/2022 13:20:59 -------------Adjust angle after stall-------------
01/03/2022 13:20:59 1880
01/03/2022 13:20:59 Groundspeed: 1.3395640850067139
01/03/2022 13:20:59 excel log
01/03/2022 13:20:59 end log!!
01/03/2022 13:20:59 ch7: 965
01/03/2022 13:20:59 -------------Check stall condition-------------
01/03/2022 13:20:59 Alt: 0.226
01/03/2022 13:20:59 distance: 37.712255295965065
01/03/2022 13:20:59 Mode: STABILIZE
01/03/2022 13:20:59 -------------Adjust angle after stall-------------
01/03/2022 13:20:59 1880
01/03/2022 13:20:59 Groundspeed: 1.1949102878570557
01/03/2022 13:20:59 excel log
01/03/2022 13:20:59 end log!!
01/03/2022 13:21:00 ch7: 965
01/03/2022 13:21:00 -------------Check stall condition-------------
01/03/2022 13:21:00 Alt: 0.17
01/03/2022 13:21:00 distance: 38.157661672731734
01/03/2022 13:21:00 Mode: STABILIZE
01/03/2022 13:21:00 -------------Adjust angle after stall-------------
01/03/2022 13:21:00 1880
01/03/2022 13:21:00 Groundspeed: 1.3191603422164917
01/03/2022 13:21:00 excel log
01/03/2022 13:21:00 end log!!
01/03/2022 13:21:00 ch7: 965
01/03/2022 13:21:00 -------------Check stall condition-------------
01/03/2022 13:21:00 Alt: 0.154
01/03/2022 13:21:00 distance: 38.77942565412352
01/03/2022 13:21:00 Mode: STABILIZE
01/03/2022 13:21:00 -------------Adjust angle after stall-------------
01/03/2022 13:21:00 1880
01/03/2022 13:21:00 Groundspeed: 1.339613914489746
01/03/2022 13:21:00 excel log
01/03/2022 13:21:00 end log!!
01/03/2022 13:21:01 ch7: 965
01/03/2022 13:21:01 -------------Check stall condition-------------
01/03/2022 13:21:01 Alt: 0.257
01/03/2022 13:21:01 distance: 39.04014701139884
01/03/2022 13:21:01 Mode: STABILIZE
01/03/2022 13:21:01 -------------Adjust angle after stall-------------
01/03/2022 13:21:01 1880
01/03/2022 13:21:01 Groundspeed: 1.1782680749893188
01/03/2022 13:21:01 excel log
01/03/2022 13:21:01 end log!!
01/03/2022 13:21:01 ch7: 965
01/03/2022 13:21:02 -------------Check stall condition-------------
01/03/2022 13:21:02 Alt: 0.274
01/03/2022 13:21:02 distance: 39.539573816469826
01/03/2022 13:21:02 Mode: STABILIZE
01/03/2022 13:21:02 -------------Adjust angle after stall-------------
01/03/2022 13:21:02 1880
01/03/2022 13:21:02 Groundspeed: 1.3017632961273193
01/03/2022 13:21:02 excel log
01/03/2022 13:21:02 end log!!
01/03/2022 13:21:02 ch7: 965
01/03/2022 13:21:02 -------------Check stall condition-------------
01/03/2022 13:21:02 Alt: 0.373
01/03/2022 13:21:02 distance: 40.33578634286134
01/03/2022 13:21:02 Mode: STABILIZE
01/03/2022 13:21:02 -------------Adjust angle after stall-------------
01/03/2022 13:21:02 1880
01/03/2022 13:21:02 Groundspeed: 1.0824371576309204
01/03/2022 13:21:02 excel log
01/03/2022 13:21:02 end log!!
01/03/2022 13:21:03 ch7: 965
01/03/2022 13:21:03 -------------Check stall condition-------------
01/03/2022 13:21:03 Alt: 0.408
01/03/2022 13:21:03 distance: 40.736404820205635
01/03/2022 13:21:03 Mode: STABILIZE
01/03/2022 13:21:03 -------------Adjust angle after stall-------------
01/03/2022 13:21:03 1880
01/03/2022 13:21:03 Groundspeed: 1.0411372184753418
01/03/2022 13:21:03 excel log
01/03/2022 13:21:03 end log!!
01/03/2022 13:21:03 ch7: 965
01/03/2022 13:21:03 -------------Check stall condition-------------
01/03/2022 13:21:03 Alt: 0.443
01/03/2022 13:21:03 distance: 40.94532930039752
01/03/2022 13:21:03 Mode: STABILIZE
01/03/2022 13:21:03 -------------Adjust angle after stall-------------
01/03/2022 13:21:03 1880
01/03/2022 13:21:03 Groundspeed: 1.1780061721801758
01/03/2022 13:21:03 excel log
01/03/2022 13:21:03 end log!!
01/03/2022 13:21:04 ch7: 965
01/03/2022 13:21:04 -------------Check stall condition-------------
01/03/2022 13:21:04 Alt: 0.42
01/03/2022 13:21:04 distance: 41.66568879519745
01/03/2022 13:21:04 Mode: STABILIZE
01/03/2022 13:21:04 -------------Adjust angle after stall-------------
01/03/2022 13:21:04 1880
01/03/2022 13:21:04 Groundspeed: 1.168666124343872
01/03/2022 13:21:04 excel log
01/03/2022 13:21:04 end log!!
01/03/2022 13:21:04 ch7: 965
01/03/2022 13:21:04 -------------Check stall condition-------------
01/03/2022 13:21:04 Alt: 0.37
01/03/2022 13:21:04 distance: 42.263969573058034
01/03/2022 13:21:04 Mode: STABILIZE
01/03/2022 13:21:04 -------------Adjust angle after stall-------------
01/03/2022 13:21:04 1880
01/03/2022 13:21:04 Groundspeed: 1.2102397680282593
01/03/2022 13:21:04 excel log
01/03/2022 13:21:04 end log!!
01/03/2022 13:21:05 ch7: 965
01/03/2022 13:21:05 -------------Check stall condition-------------
01/03/2022 13:21:05 Alt: 0.327
01/03/2022 13:21:05 distance: 42.767465490067316
01/03/2022 13:21:05 Mode: STABILIZE
01/03/2022 13:21:05 -------------Adjust angle after stall-------------
01/03/2022 13:21:05 1880
01/03/2022 13:21:05 Groundspeed: 1.32431960105896
01/03/2022 13:21:05 excel log
01/03/2022 13:21:05 end log!!
01/03/2022 13:21:05 ch7: 965
01/03/2022 13:21:05 -------------Check stall condition-------------
01/03/2022 13:21:05 Alt: 0.066
01/03/2022 13:21:05 distance: 43.35638296913776
01/03/2022 13:21:05 Mode: STABILIZE
01/03/2022 13:21:05 -------------Adjust angle after stall-------------
01/03/2022 13:21:05 1880
01/03/2022 13:21:05 Groundspeed: 1.248473882675171
01/03/2022 13:21:05 excel log
01/03/2022 13:21:05 end log!!
01/03/2022 13:21:06 ch7: 965
01/03/2022 13:21:06 -------------Check stall condition-------------
01/03/2022 13:21:06 Alt: 0.009
01/03/2022 13:21:06 distance: 43.93129678372535
01/03/2022 13:21:06 Mode: STABILIZE
01/03/2022 13:21:06 -------------Adjust angle after stall-------------
01/03/2022 13:21:06 1880
01/03/2022 13:21:06 Groundspeed: 1.428726077079773
01/03/2022 13:21:06 excel log
01/03/2022 13:21:06 end log!!
01/03/2022 13:21:06 ch7: 965
01/03/2022 13:21:06 -------------Check stall condition-------------
01/03/2022 13:21:06 Alt: -0.001
01/03/2022 13:21:06 distance: 44.58007000520259
01/03/2022 13:21:06 Mode: STABILIZE
01/03/2022 13:21:06 -------------Adjust angle after stall-------------
01/03/2022 13:21:06 1880
01/03/2022 13:21:06 Groundspeed: 1.4199764728546143
01/03/2022 13:21:06 excel log
01/03/2022 13:21:06 end log!!
01/03/2022 13:21:07 ch7: 965
01/03/2022 13:21:07 -------------Check stall condition-------------
01/03/2022 13:21:07 Alt: 0.023
01/03/2022 13:21:07 distance: 45.20668310787905
01/03/2022 13:21:07 Mode: STABILIZE
01/03/2022 13:21:07 -------------Adjust angle after stall-------------
01/03/2022 13:21:07 1880
01/03/2022 13:21:07 Groundspeed: 1.4353232383728027
01/03/2022 13:21:07 excel log
01/03/2022 13:21:07 end log!!
01/03/2022 13:21:07 ch7: 965
01/03/2022 13:21:07 -------------Check stall condition-------------
01/03/2022 13:21:07 Alt: 0.041
01/03/2022 13:21:07 distance: 45.79274678311695
01/03/2022 13:21:07 Mode: STABILIZE
01/03/2022 13:21:07 -------------Adjust angle after stall-------------
01/03/2022 13:21:07 1880
01/03/2022 13:21:07 Groundspeed: 1.355936884880066
01/03/2022 13:21:07 excel log
01/03/2022 13:21:07 end log!!
01/03/2022 13:21:08 ch7: 965
01/03/2022 13:21:08 -------------Check stall condition-------------
01/03/2022 13:21:08 Alt: 0.025
01/03/2022 13:21:08 distance: 46.29126074953561
01/03/2022 13:21:08 Mode: STABILIZE
01/03/2022 13:21:08 -------------Adjust angle after stall-------------
01/03/2022 13:21:08 1880
01/03/2022 13:21:08 Groundspeed: 1.2119635343551636
01/03/2022 13:21:08 excel log
01/03/2022 13:21:08 end log!!
01/03/2022 13:21:08 ch7: 965
01/03/2022 13:21:08 -------------Check stall condition-------------
01/03/2022 13:21:08 Alt: 0.159
01/03/2022 13:21:08 distance: 46.787049511481044
01/03/2022 13:21:08 Mode: STABILIZE
01/03/2022 13:21:08 -------------Adjust angle after stall-------------
01/03/2022 13:21:08 1880
01/03/2022 13:21:08 Groundspeed: 1.1356607675552368
01/03/2022 13:21:08 excel log
01/03/2022 13:21:08 end log!!
01/03/2022 13:21:09 ch7: 965
01/03/2022 13:21:09 -------------Check stall condition-------------
01/03/2022 13:21:09 Alt: 0.305
01/03/2022 13:21:09 distance: 47.29884206529645
01/03/2022 13:21:09 Mode: STABILIZE
01/03/2022 13:21:09 -------------Adjust angle after stall-------------
01/03/2022 13:21:09 1880
01/03/2022 13:21:09 Groundspeed: 1.0720748901367188
01/03/2022 13:21:09 excel log
01/03/2022 13:21:09 end log!!
01/03/2022 13:21:09 ch7: 965
01/03/2022 13:21:09 -------------Check stall condition-------------
01/03/2022 13:21:09 Alt: 0.302
01/03/2022 13:21:09 distance: 47.6303620259167
01/03/2022 13:21:09 Mode: STABILIZE
01/03/2022 13:21:09 -------------Adjust angle after stall-------------
01/03/2022 13:21:09 1880
01/03/2022 13:21:09 Groundspeed: 1.426681637763977
01/03/2022 13:21:09 excel log
01/03/2022 13:21:09 end log!!
01/03/2022 13:21:09 ch7: 965
01/03/2022 13:21:09 -------------Check stall condition-------------
01/03/2022 13:21:09 Alt: 0.342
01/03/2022 13:21:09 distance: 48.1906795580951
01/03/2022 13:21:09 Mode: STABILIZE
01/03/2022 13:21:09 -------------Adjust angle after stall-------------
01/03/2022 13:21:10 1880
01/03/2022 13:21:10 Groundspeed: 1.4652016162872314
01/03/2022 13:21:10 excel log
01/03/2022 13:21:10 end log!!
01/03/2022 13:21:10 ch7: 965
01/03/2022 13:21:10 -------------Check stall condition-------------
01/03/2022 13:21:10 Alt: 0.349
01/03/2022 13:21:10 distance: 48.83319641145891
01/03/2022 13:21:10 Mode: STABILIZE
01/03/2022 13:21:10 -------------Adjust angle after stall-------------
01/03/2022 13:21:10 1880
01/03/2022 13:21:10 Groundspeed: 1.4093352556228638
01/03/2022 13:21:10 excel log
01/03/2022 13:21:10 end log!!
01/03/2022 13:21:10 ch7: 965
01/03/2022 13:21:10 -------------Check stall condition-------------
01/03/2022 13:21:10 Alt: 0.348
01/03/2022 13:21:10 distance: 49.54788302832705
01/03/2022 13:21:10 Mode: STABILIZE
01/03/2022 13:21:10 -------------Adjust angle after stall-------------
01/03/2022 13:21:11 1880
01/03/2022 13:21:11 Groundspeed: 1.3283190727233887
01/03/2022 13:21:11 excel log
01/03/2022 13:21:11 end log!!
01/03/2022 13:21:11 ch7: 965
01/03/2022 13:21:11 -------------Check stall condition-------------
01/03/2022 13:21:11 Alt: 0.222
01/03/2022 13:21:11 distance: 50.226948845782054
01/03/2022 13:21:11 Mode: STABILIZE
01/03/2022 13:21:11 -------------Adjust angle after stall-------------
01/03/2022 13:21:11 1880
01/03/2022 13:21:11 Groundspeed: 1.141078233718872
01/03/2022 13:21:11 excel log
01/03/2022 13:21:11 end log!!
01/03/2022 13:21:11 ch7: 965
01/03/2022 13:21:11 -------------Check stall condition-------------
01/03/2022 13:21:12 Alt: -0.025
01/03/2022 13:21:12 distance: 50.772151537629476
01/03/2022 13:21:12 Mode: STABILIZE
01/03/2022 13:21:12 -------------Adjust angle after stall-------------
01/03/2022 13:21:12 1880
01/03/2022 13:21:12 Groundspeed: 1.0308785438537598
01/03/2022 13:21:12 excel log
01/03/2022 13:21:12 end log!!
01/03/2022 13:21:12 ch7: 965
01/03/2022 13:21:12 -------------Check stall condition-------------
01/03/2022 13:21:12 Alt: -0.175
01/03/2022 13:21:12 distance: 51.18537914543667
01/03/2022 13:21:12 Mode: STABILIZE
01/03/2022 13:21:12 -------------Adjust angle after stall-------------
01/03/2022 13:21:12 1880
01/03/2022 13:21:12 Groundspeed: 0.5441562533378601
01/03/2022 13:21:12 excel log
01/03/2022 13:21:12 end log!!
01/03/2022 13:21:13 ch7: 965
01/03/2022 13:21:13 -------------Check stall condition-------------
01/03/2022 13:21:13 Alt: -0.369
01/03/2022 13:21:13 distance: 51.31411666041553
01/03/2022 13:21:13 Mode: STABILIZE
01/03/2022 13:21:13 -------------Adjust angle after stall-------------
01/03/2022 13:21:13 1880
01/03/2022 13:21:13 Groundspeed: 0.20338061451911926
01/03/2022 13:21:13 excel log
01/03/2022 13:21:13 end log!!
01/03/2022 13:21:13 ch7: 965
01/03/2022 13:21:13 -------------Check stall condition-------------
01/03/2022 13:21:13 Alt: -0.693
01/03/2022 13:21:13 distance: 51.40937113374841
01/03/2022 13:21:13 Mode: STABILIZE
01/03/2022 13:21:13 -------------Adjust angle after stall-------------
01/03/2022 13:21:13 1880
01/03/2022 13:21:13 Groundspeed: 0.21440668404102325
01/03/2022 13:21:13 excel log
01/03/2022 13:21:13 end log!!
01/03/2022 13:21:14 ch7: 965
01/03/2022 13:21:14 -------------Check stall condition-------------
01/03/2022 13:21:14 Alt: -0.66
01/03/2022 13:21:14 distance: 51.48963108692572
01/03/2022 13:21:14 Mode: STABILIZE
01/03/2022 13:21:14 -------------Adjust angle after stall-------------
01/03/2022 13:21:14 1880
01/03/2022 13:21:14 Groundspeed: 0.2980983555316925
01/03/2022 13:21:14 excel log
01/03/2022 13:21:14 end log!!
01/03/2022 13:21:14 ch7: 965
01/03/2022 13:21:14 -------------Check stall condition-------------
01/03/2022 13:21:14 Alt: -0.728
01/03/2022 13:21:14 distance: 51.607129502570615
01/03/2022 13:21:14 Mode: STABILIZE
01/03/2022 13:21:14 -------------Adjust angle after stall-------------
01/03/2022 13:21:14 1880
01/03/2022 13:21:14 Groundspeed: 0.24830704927444458
01/03/2022 13:21:14 excel log
01/03/2022 13:21:14 end log!!
01/03/2022 13:21:15 ch7: 965
01/03/2022 13:21:15 -------------Check stall condition-------------
01/03/2022 13:21:15 Alt: -0.767
01/03/2022 13:21:15 distance: 51.68805455838623
01/03/2022 13:21:15 Mode: STABILIZE
01/03/2022 13:21:15 -------------Adjust angle after stall-------------
01/03/2022 13:21:15 1880
01/03/2022 13:21:15 Groundspeed: 0.23540037870407104
01/03/2022 13:21:15 excel log
01/03/2022 13:21:15 end log!!
01/03/2022 13:21:15 ch7: 965
01/03/2022 13:21:15 -------------Check stall condition-------------
01/03/2022 13:21:15 Alt: -0.789
01/03/2022 13:21:15 distance: 51.73895165981762
01/03/2022 13:21:15 Mode: STABILIZE
01/03/2022 13:21:15 -------------Adjust angle after stall-------------
01/03/2022 13:21:16 1880
01/03/2022 13:21:16 Groundspeed: 0.1986258327960968
01/03/2022 13:21:16 excel log
01/03/2022 13:21:16 end log!!
01/03/2022 13:21:16 ch7: 965
01/03/2022 13:21:16 -------------Check stall condition-------------
01/03/2022 13:21:16 Alt: -0.788
01/03/2022 13:21:16 distance: 51.73953246905969
01/03/2022 13:21:16 Mode: STABILIZE
01/03/2022 13:21:16 -------------Adjust angle after stall-------------
01/03/2022 13:21:16 1880
01/03/2022 13:21:16 Groundspeed: 0.22494639456272125
01/03/2022 13:21:16 excel log
01/03/2022 13:21:16 end log!!
01/03/2022 13:21:16 ch7: 965
01/03/2022 13:21:16 -------------Check stall condition-------------
01/03/2022 13:21:16 Alt: -0.786
01/03/2022 13:21:16 distance: 51.66085655119016
01/03/2022 13:21:16 Mode: STABILIZE
01/03/2022 13:21:16 -------------Adjust angle after stall-------------
01/03/2022 13:21:16 1880
01/03/2022 13:21:16 Groundspeed: 0.2719612717628479
01/03/2022 13:21:16 excel log
01/03/2022 13:21:16 end log!!
01/03/2022 13:21:17 ch7: 965
01/03/2022 13:21:17 -------------Check stall condition-------------
01/03/2022 13:21:17 Alt: -0.573
01/03/2022 13:21:17 distance: 51.57698773168991
01/03/2022 13:21:17 Mode: STABILIZE
01/03/2022 13:21:17 -------------Adjust angle after stall-------------
01/03/2022 13:21:17 1880
01/03/2022 13:21:17 Groundspeed: 0.29304394125938416
01/03/2022 13:21:17 excel log
01/03/2022 13:21:17 end log!!
01/03/2022 13:21:17 ch7: 965
01/03/2022 13:21:17 -------------Check stall condition-------------
01/03/2022 13:21:17 Alt: -0.191
01/03/2022 13:21:17 distance: 51.5475026635162
01/03/2022 13:21:17 Mode: STABILIZE
01/03/2022 13:21:17 -------------Adjust angle after stall-------------
01/03/2022 13:21:17 1880
01/03/2022 13:21:17 Groundspeed: 0.30018430948257446
01/03/2022 13:21:17 excel log
01/03/2022 13:21:17 end log!!
01/03/2022 13:21:18 ch7: 965
01/03/2022 13:21:18 -------------Check stall condition-------------
01/03/2022 13:21:18 Alt: -0.047
01/03/2022 13:21:18 distance: 51.49837149425326
01/03/2022 13:21:18 Mode: STABILIZE
01/03/2022 13:21:18 -------------Adjust angle after stall-------------
01/03/2022 13:21:18 1880
01/03/2022 13:21:18 Groundspeed: 0.3004162907600403
01/03/2022 13:21:18 excel log
01/03/2022 13:21:18 end log!!
01/03/2022 13:21:18 ch7: 965
01/03/2022 13:21:18 -------------Check stall condition-------------
01/03/2022 13:21:18 Alt: -0.046
01/03/2022 13:21:18 distance: 51.464314757652886
01/03/2022 13:21:18 Mode: STABILIZE
01/03/2022 13:21:18 -------------Adjust angle after stall-------------
01/03/2022 13:21:18 1880
01/03/2022 13:21:18 Groundspeed: 0.34424808621406555
01/03/2022 13:21:18 excel log
01/03/2022 13:21:18 end log!!
01/03/2022 13:21:18 ch7: 965
01/03/2022 13:21:18 -------------Check stall condition-------------
01/03/2022 13:21:18 Alt: -0.055
01/03/2022 13:21:18 distance: 51.38051101332583
01/03/2022 13:21:18 Mode: STABILIZE
01/03/2022 13:21:18 -------------Adjust angle after stall-------------
01/03/2022 13:21:18 1880
01/03/2022 13:21:18 Groundspeed: 0.3281322121620178
01/03/2022 13:21:18 excel log
01/03/2022 13:21:18 end log!!
                                                                        