29/03/2022 14:13:50 Connecting to Vehicle on: /dev/ttyACM0
29/03/2022 14:13:51 ArduPlane V4.1.4 (0f984409)
29/03/2022 14:13:51 ChibiOS: 45395b6a
29/03/2022 14:13:51 CubeBlack 00360049 3337510E 37353832
29/03/2022 14:13:51 RCOut: PWM:1-12
29/03/2022 14:13:51 IMU0: fast sampling enabled 8.0kHz/1.0kHz
29/03/2022 14:13:51 IMU2: fast sampling enabled 8.0kHz/1.0kHz
29/03/2022 14:14:02 Pilot control + Computer
29/03/2022 14:14:03 Pilot control + Computer
29/03/2022 14:14:03 Pilot control + Computer
29/03/2022 14:14:03 Pilot control + Computer
29/03/2022 14:14:03 Pilot control + Computer
29/03/2022 14:14:03 Pilot control + Computer
29/03/2022 14:14:04 Pilot control + Computer
29/03/2022 14:14:04 Pilot control + Computer
29/03/2022 14:14:04 Pilot control + Computer
29/03/2022 14:14:04 Pilot control + Computer
29/03/2022 14:14:04 Pilot control + Computer
29/03/2022 14:14:04 Pilot control + Computer
29/03/2022 14:14:05 Pilot control + Computer
29/03/2022 14:14:05 Pilot control + Computer
29/03/2022 14:14:05 Pilot control + Computer
29/03/2022 14:14:05 Pilot control + Computer
29/03/2022 14:14:05 Pilot control + Computer
29/03/2022 14:14:05 Pilot control + Computer
29/03/2022 14:14:05 Pilot control + Computer
29/03/2022 14:14:05 Pilot control + Computer
29/03/2022 14:14:06 Pilot control + Computer
29/03/2022 14:14:06 Pilot control + Computer
29/03/2022 14:14:06 Pilot control + Computer
29/03/2022 14:14:06 Pilot control + Computer
29/03/2022 14:14:06 Pilot control + Computer
29/03/2022 14:14:06 Pilot control + Computer
29/03/2022 14:14:06 Pilot control + Computer
29/03/2022 14:14:07 Pilot control + Computer
29/03/2022 14:14:07 Pilot control + Computer
29/03/2022 14:14:07 Pilot control + Computer
29/03/2022 14:14:07 Pilot control + Computer
29/03/2022 14:14:07 Pilot control + Computer
29/03/2022 14:14:07 Pilot control + Computer
29/03/2022 14:14:07 Pilot control + Computer
29/03/2022 14:14:07 Pilot control + Computer
29/03/2022 14:14:08 Pilot control + Computer
29/03/2022 14:14:08 Pilot control + Computer
29/03/2022 14:14:08 Pilot control + Computer
29/03/2022 14:14:08 Pilot control + Computer
29/03/2022 14:14:08 Pilot control + Computer
29/03/2022 14:14:09 Pilot control + Computer
29/03/2022 14:14:09 Pilot control + Computer
29/03/2022 14:14:09 Pilot control + Computer
29/03/2022 14:14:09 Pilot control + Computer
29/03/2022 14:14:10 Pilot control + Computer
29/03/2022 14:14:10 Pilot control + Computer
29/03/2022 14:14:10 Pilot control + Computer
29/03/2022 14:14:10 Pilot control + Computer
29/03/2022 14:14:10 Pilot control + Computer
29/03/2022 14:14:10 Pilot control + Computer
29/03/2022 14:14:10 Pilot control + Computer
29/03/2022 14:14:10 Pilot control + Computer
29/03/2022 14:14:10 Pilot control + Computer
29/03/2022 14:14:11 Pilot control + Computer
29/03/2022 14:14:11 Pilot control + Computer
29/03/2022 14:14:11 Pilot control + Computer
29/03/2022 14:14:11 Pilot control + Computer
29/03/2022 14:14:11 Pilot control + Computer
29/03/2022 14:14:11 Pilot control + Computer
29/03/2022 14:14:11 Pilot control + Computer
29/03/2022 14:14:11 Pilot control + Computer
29/03/2022 14:14:12 Pilot control + Computer
29/03/2022 14:14:12 Pilot control + Computer
29/03/2022 14:14:12 Pilot control + Computer
29/03/2022 14:14:12 Pilot control + Computer
29/03/2022 14:14:12 Pilot control + Computer
29/03/2022 14:14:12 Pilot control + Computer
29/03/2022 14:14:12 Pilot control + Computer
29/03/2022 14:14:12 Pilot control + Computer
29/03/2022 14:14:13 Pilot control + Computer
29/03/2022 14:14:13 Pilot control + Computer
29/03/2022 14:14:13 Pilot control + Computer
29/03/2022 14:14:13 Pilot control + Computer
29/03/2022 14:14:13 Pilot control + Computer
29/03/2022 14:14:13 Pilot control + Computer
29/03/2022 14:14:13 Pilot control + Computer
29/03/2022 14:14:13 Pilot control + Computer
29/03/2022 14:14:13 Pilot control + Computer
29/03/2022 14:14:14 Pilot control + Computer
29/03/2022 14:14:14 Pilot control + Computer
29/03/2022 14:14:14 Pilot control + Computer
29/03/2022 14:14:14 Pilot control + Computer
29/03/2022 14:14:14 Pilot control + Computer
29/03/2022 14:14:15 Pilot control + Computer
29/03/2022 14:14:15 Pilot control + Computer
29/03/2022 14:14:15 Pilot control + Computer
29/03/2022 14:14:15 Pilot control + Computer
29/03/2022 14:14:15 Pilot control + Computer
29/03/2022 14:14:15 Pilot control + Computer
29/03/2022 14:14:15 Pilot control + Computer
29/03/2022 14:14:16 Pilot control + Computer
29/03/2022 14:14:16 Pilot control + Computer
29/03/2022 14:14:16 Pilot control + Computer
29/03/2022 14:14:16 Pilot control + Computer
29/03/2022 14:14:16 Pilot control + Computer
29/03/2022 14:14:16 Pilot control + Computer
29/03/2022 14:14:17 Pilot control + Computer
29/03/2022 14:14:17 Pilot control + Computer
29/03/2022 14:14:17 Pilot control + Computer
29/03/2022 14:14:17 Pilot control + Computer
29/03/2022 14:14:17 Pilot control + Computer
29/03/2022 14:14:17 Pilot control + Computer
29/03/2022 14:14:18 Pilot control + Computer
29/03/2022 14:14:18 Pilot control + Computer
29/03/2022 14:14:18 Pilot control + Computer
29/03/2022 14:14:18 Pilot control + Computer
29/03/2022 14:14:18 Pilot control + Computer
29/03/2022 14:14:18 Pilot control + Computer
29/03/2022 14:14:18 Pilot control + Computer
29/03/2022 14:14:19 Pilot control + Computer
29/03/2022 14:14:19 Pilot control + Computer
29/03/2022 14:14:19 Pilot control + Computer
29/03/2022 14:14:19 Pilot control + Computer
29/03/2022 14:14:19 Pilot control + Computer
29/03/2022 14:14:19 Pilot control + Computer
29/03/2022 14:14:19 Pilot control + Computer
29/03/2022 14:14:19 Pilot control + Computer
29/03/2022 14:14:20 Pilot control + Computer
29/03/2022 14:14:20 Pilot control + Computer
29/03/2022 14:14:20 Pilot control + Computer
29/03/2022 14:14:20 Pilot control + Computer
29/03/2022 14:14:20 Pilot control + Computer
29/03/2022 14:14:20 Pilot control + Computer
29/03/2022 14:14:20 Throttle armed
29/03/2022 14:14:20 Pilot control + Computer
29/03/2022 14:14:20 Pilot control + Computer
29/03/2022 14:14:21 Pilot control + Computer
29/03/2022 14:14:21 Pilot control + Computer
29/03/2022 14:14:21 Pilot control + Computer
29/03/2022 14:14:21 Pilot control + Computer
29/03/2022 14:14:21 Pilot control + Computer
29/03/2022 14:14:21 Pilot control + Computer
29/03/2022 14:14:21 Pilot control + Computer
29/03/2022 14:14:21 Pilot control + Computer
29/03/2022 14:14:21 Pilot control + Computer
29/03/2022 14:14:22 Pilot control + Computer
29/03/2022 14:14:22 Pilot control + Computer
29/03/2022 14:14:22 Pilot control + Computer
29/03/2022 14:14:22 Pilot control + Computer
29/03/2022 14:14:22 Pilot control + Computer
29/03/2022 14:14:22 Pilot control + Computer
29/03/2022 14:14:22 Pilot control + Computer
29/03/2022 14:14:22 Pilot control + Computer
29/03/2022 14:14:23 Pilot control + Computer
29/03/2022 14:14:23 Pilot control + Computer
29/03/2022 14:14:23 Pilot control + Computer
29/03/2022 14:14:23 Pilot control + Computer
29/03/2022 14:14:23 Pilot control + Computer
29/03/2022 14:14:23 Pilot control + Computer
29/03/2022 14:14:23 Pilot control + Computer
29/03/2022 14:14:23 Pilot control + Computer
29/03/2022 14:14:24 Pilot control + Computer
29/03/2022 14:14:24 Pilot control + Computer
29/03/2022 14:14:24 Pilot control + Computer
29/03/2022 14:14:24 Pilot control + Computer
29/03/2022 14:14:24 Pilot control + Computer
29/03/2022 14:14:24 Pilot control + Computer
29/03/2022 14:14:24 Pilot control + Computer
29/03/2022 14:14:24 Pilot control + Computer
29/03/2022 14:14:24 Pilot control + Computer
29/03/2022 14:14:25 Pilot control + Computer
29/03/2022 14:14:25 Pilot control + Computer
29/03/2022 14:14:25 Pilot control + Computer
29/03/2022 14:14:25 Pilot control + Computer
29/03/2022 14:14:25 Pilot control + Computer
29/03/2022 14:14:25 Pilot control + Computer
29/03/2022 14:14:25 Pilot control + Computer
29/03/2022 14:14:25 Pilot control + Computer
29/03/2022 14:14:26 Pilot control + Computer
29/03/2022 14:14:26 Pilot control + Computer
29/03/2022 14:14:26 Pilot control + Computer
29/03/2022 14:14:26 Pilot control + Computer
29/03/2022 14:14:26 Pilot control + Computer
29/03/2022 14:14:26 Pilot control + Computer
29/03/2022 14:14:26 Pilot control + Computer
29/03/2022 14:14:26 Pilot control + Computer
29/03/2022 14:14:26 Pilot control + Computer
29/03/2022 14:14:27 Pilot control + Computer
29/03/2022 14:14:27 Pilot control + Computer
29/03/2022 14:14:27 Pilot control + Computer
29/03/2022 14:14:27 Pilot control + Computer
29/03/2022 14:14:27 Pilot control + Computer
29/03/2022 14:14:27 Pilot control + Computer
29/03/2022 14:14:27 Pilot control + Computer
29/03/2022 14:14:28 Pilot control + Computer
29/03/2022 14:14:28 Pilot control + Computer
29/03/2022 14:14:28 Pilot control + Computer
29/03/2022 14:14:28 Pilot control + Computer
29/03/2022 14:14:28 Pilot control + Computer
29/03/2022 14:14:28 Pilot control + Computer
29/03/2022 14:14:28 Pilot control + Computer
29/03/2022 14:14:28 Pilot control + Computer
29/03/2022 14:14:28 Pilot control + Computer
29/03/2022 14:14:29 Pilot control + Computer
29/03/2022 14:14:29 Pilot control + Computer
29/03/2022 14:14:29 Pilot control + Computer
29/03/2022 14:14:29 Pilot control + Computer
29/03/2022 14:14:29 Pilot control + Computer
29/03/2022 14:14:29 Pilot control + Computer
29/03/2022 14:14:29 Pilot control + Computer
29/03/2022 14:14:29 Pilot control + Computer
29/03/2022 14:14:30 Pilot control + Computer
29/03/2022 14:14:30 Pilot control + Computer
29/03/2022 14:14:30 Pilot control + Computer
29/03/2022 14:14:30 Pilot control + Computer
29/03/2022 14:14:30 Pilot control + Computer
29/03/2022 14:14:30 Pilot control + Computer
29/03/2022 14:14:30 Pilot control + Computer
29/03/2022 14:14:30 Pilot control + Computer
29/03/2022 14:14:30 Pilot control + Computer
29/03/2022 14:14:31 Pilot control + Computer
29/03/2022 14:14:31 Pilot control + Computer
29/03/2022 14:14:31 Pilot control + Computer
29/03/2022 14:14:31 Pilot control + Computer
29/03/2022 14:14:31 Pilot control + Computer
29/03/2022 14:14:31 Pilot control + Computer
29/03/2022 14:14:31 Pilot control + Computer
29/03/2022 14:14:31 Pilot control + Computer
29/03/2022 14:14:31 Pilot control + Computer
29/03/2022 14:14:32 Pilot control + Computer
29/03/2022 14:14:32 Pilot control + Computer
29/03/2022 14:14:32 Pilot control + Computer
29/03/2022 14:14:32 Pilot control + Computer
29/03/2022 14:14:32 Pilot control + Computer
29/03/2022 14:14:32 Pilot control + Computer
29/03/2022 14:14:32 Pilot control + Computer
29/03/2022 14:14:32 Pilot control + Computer
29/03/2022 14:14:32 Pilot control + Computer
29/03/2022 14:14:32 Pilot control + Computer
29/03/2022 14:14:33 Pilot control + Computer
29/03/2022 14:14:33 Pilot control + Computer
29/03/2022 14:14:33 Pilot control + Computer
29/03/2022 14:14:33 Pilot control + Computer
29/03/2022 14:14:33 Pilot control + Computer
29/03/2022 14:14:33 Pilot control + Computer
29/03/2022 14:14:33 Pilot control + Computer
29/03/2022 14:14:33 Pilot control + Computer
29/03/2022 14:14:34 Pilot control + Computer
29/03/2022 14:14:34 Pilot control + Computer
29/03/2022 14:14:34 Pilot control + Computer
29/03/2022 14:14:34 Pilot control + Computer
29/03/2022 14:14:34 Pilot control + Computer
29/03/2022 14:14:34 Pilot control + Computer
29/03/2022 14:14:34 Pilot control + Computer
29/03/2022 14:14:34 Pilot control + Computer
29/03/2022 14:14:35 Pilot control + Computer
29/03/2022 14:14:35 Pilot control + Computer
29/03/2022 14:14:35 Pilot control + Computer
29/03/2022 14:14:36 Pilot control + Computer
29/03/2022 14:14:36 Pilot control + Computer
29/03/2022 14:14:36 Pilot control + Computer
29/03/2022 14:14:36 Pilot control + Computer
29/03/2022 14:14:36 Pilot control + Computer
29/03/2022 14:14:36 Pilot control + Computer
29/03/2022 14:14:36 Pilot control + Computer
29/03/2022 14:14:37 Pilot control + Computer
29/03/2022 14:14:37 Pilot control + Computer
29/03/2022 14:14:37 Pilot control + Computer
29/03/2022 14:14:37 Pilot control + Computer
29/03/2022 14:14:37 Pilot control + Computer
29/03/2022 14:14:37 Pilot control + Computer
29/03/2022 14:14:37 Pilot control + Computer
29/03/2022 14:14:37 Pilot control + Computer
29/03/2022 14:14:38 Pilot control + Computer
29/03/2022 14:14:38 Pilot control + Computer
29/03/2022 14:14:38 Pilot control + Computer
29/03/2022 14:14:38 Pilot control + Computer
29/03/2022 14:14:38 Pilot control + Computer
29/03/2022 14:14:38 Pilot control + Computer
29/03/2022 14:14:38 Pilot control + Computer
29/03/2022 14:14:38 Pilot control + Computer
29/03/2022 14:14:39 Pilot control + Computer
29/03/2022 14:14:39 Pilot control + Computer
29/03/2022 14:14:39 Pilot control + Computer
29/03/2022 14:14:39 Pilot control + Computer
29/03/2022 14:14:39 Pilot control + Computer
29/03/2022 14:14:40 Pilot control + Computer
29/03/2022 14:14:40 Pilot control + Computer
29/03/2022 14:14:40 Pilot control + Computer
29/03/2022 14:14:40 Pilot control + Computer
29/03/2022 14:14:40 Pilot control + Computer
29/03/2022 14:14:40 Pilot control + Computer
29/03/2022 14:14:41 Pilot control + Computer
29/03/2022 14:14:41 Pilot control + Computer
29/03/2022 14:14:41 Pilot control + Computer
29/03/2022 14:14:41 Pilot control + Computer
29/03/2022 14:14:41 Pilot control + Computer
29/03/2022 14:14:41 Pilot control + Computer
29/03/2022 14:14:42 Pilot control + Computer
29/03/2022 14:14:42 Pilot control + Computer
29/03/2022 14:14:42 Pilot control + Computer
29/03/2022 14:14:42 Pilot control + Computer
29/03/2022 14:14:42 Pilot control + Computer
29/03/2022 14:14:42 Pilot control + Computer
29/03/2022 14:14:42 Pilot control + Computer
29/03/2022 14:14:42 Pilot control + Computer
29/03/2022 14:14:42 Pilot control + Computer
29/03/2022 14:14:43 Pilot control + Computer
29/03/2022 14:14:43 Pilot control + Computer
29/03/2022 14:14:43 Pilot control + Computer
29/03/2022 14:14:43 Pilot control + Computer
29/03/2022 14:14:43 Pilot control + Computer
29/03/2022 14:14:43 Pilot control + Computer
29/03/2022 14:14:43 Pilot control + Computer
29/03/2022 14:14:43 Pilot control + Computer
29/03/2022 14:14:44 Pilot control + Computer
29/03/2022 14:14:44 Pilot control + Computer
29/03/2022 14:14:44 Pilot control + Computer
29/03/2022 14:14:44 Pilot control + Computer
29/03/2022 14:14:44 Pilot control + Computer
29/03/2022 14:14:44 Pilot control + Computer
29/03/2022 14:14:44 Pilot control + Computer
29/03/2022 14:14:44 Pilot control + Computer
29/03/2022 14:14:44 Pilot control + Computer
29/03/2022 14:14:45 Pilot control + Computer
29/03/2022 14:14:45 Pilot control + Computer
29/03/2022 14:14:45 Pilot control + Computer
29/03/2022 14:14:45 Pilot control + Computer
29/03/2022 14:14:45 Pilot control + Computer
29/03/2022 14:14:45 Pilot control + Computer
29/03/2022 14:14:45 Pilot control + Computer
29/03/2022 14:14:45 Pilot control + Computer
29/03/2022 14:14:45 Pilot control + Computer
29/03/2022 14:14:46 Pilot control + Computer
29/03/2022 14:14:46 Pilot control + Computer
29/03/2022 14:14:46 Pilot control + Computer
29/03/2022 14:14:46 Pilot control + Computer
29/03/2022 14:14:46 Pilot control + Computer
29/03/2022 14:14:46 Pilot control + Computer
29/03/2022 14:14:46 Pilot control + Computer
29/03/2022 14:14:46 Pilot control + Computer
29/03/2022 14:14:46 Pilot control + Computer
29/03/2022 14:14:46 Pilot control + Computer
29/03/2022 14:14:47 Pilot control + Computer
29/03/2022 14:14:47 Pilot control + Computer
29/03/2022 14:14:47 Pilot control + Computer
29/03/2022 14:14:47 Pilot control + Computer
29/03/2022 14:14:47 Pilot control + Computer
29/03/2022 14:14:47 Pilot control + Computer
29/03/2022 14:14:47 Pilot control + Computer
29/03/2022 14:14:47 Pilot control + Computer
29/03/2022 14:14:47 Pilot control + Computer
29/03/2022 14:14:48 Pilot control + Computer
29/03/2022 14:14:48 Pilot control + Computer
29/03/2022 14:14:48 Pilot control + Computer
29/03/2022 14:14:48 Pilot control + Computer
29/03/2022 14:14:48 Pilot control + Computer
29/03/2022 14:14:48 Pilot control + Computer
29/03/2022 14:14:48 Pilot control + Computer
29/03/2022 14:14:48 Pilot control + Computer
29/03/2022 14:14:48 Pilot control + Computer
29/03/2022 14:14:49 Pilot control + Computer
29/03/2022 14:14:49 Pilot control + Computer
29/03/2022 14:14:49 Pilot control + Computer
29/03/2022 14:14:49 Pilot control + Computer
29/03/2022 14:14:49 Pilot control + Computer
29/03/2022 14:14:49 Pilot control + Computer
29/03/2022 14:14:49 Pilot control + Computer
29/03/2022 14:14:49 Pilot control + Computer
29/03/2022 14:14:49 Pilot control + Computer
29/03/2022 14:14:50 Pilot control + Computer
29/03/2022 14:14:50 Pilot control + Computer
29/03/2022 14:14:50 Pilot control + Computer
29/03/2022 14:14:50 Pilot control + Computer
29/03/2022 14:14:50 Pilot control + Computer
29/03/2022 14:14:50 Pilot control + Computer
29/03/2022 14:14:50 Pilot control + Computer
29/03/2022 14:14:50 Pilot control + Computer
29/03/2022 14:14:51 Pilot control + Computer
29/03/2022 14:14:51 Pilot control + Computer
29/03/2022 14:14:51 Pilot control + Computer
29/03/2022 14:14:51 Pilot control + Computer
29/03/2022 14:14:51 Pilot control + Computer
29/03/2022 14:14:51 Pilot control + Computer
29/03/2022 14:14:51 Pilot control + Computer
29/03/2022 14:14:51 Pilot control + Computer
29/03/2022 14:14:52 Pilot control + Computer
29/03/2022 14:14:52 Pilot control + Computer
29/03/2022 14:14:52 Pilot control + Computer
29/03/2022 14:14:52 Pilot control + Computer
29/03/2022 14:14:52 Pilot control + Computer
29/03/2022 14:14:52 Check adjust elevator condition
29/03/2022 14:14:52 Tarjectory angle: 64.88066061155841
29/03/2022 14:14:52 adjust MAX elevator angle
29/03/2022 14:14:52 Pilot control + Computer
29/03/2022 14:14:53 Pilot control + Computer
29/03/2022 14:14:53 Pilot control + Computer
29/03/2022 14:14:53 Pilot control + Computer
29/03/2022 14:14:53 Pilot control + Computer
29/03/2022 14:14:54 Pilot control + Computer
29/03/2022 14:14:54 Pilot control + Computer
29/03/2022 14:14:54 Pilot control + Computer
29/03/2022 14:14:54 Pilot control + Computer
29/03/2022 14:14:54 Pilot control + Computer
29/03/2022 14:14:54 Pilot control + Computer
29/03/2022 14:14:54 Pilot control + Computer
29/03/2022 14:14:55 Pilot control + Computer
29/03/2022 14:14:55 Pilot control + Computer
29/03/2022 14:14:55 Pilot control + Computer
29/03/2022 14:14:55 Pilot control + Computer
29/03/2022 14:14:55 Pilot control + Computer
29/03/2022 14:14:55 Pilot control + Computer
29/03/2022 14:14:55 Pilot control + Computer
29/03/2022 14:14:56 Pilot control + Computer
29/03/2022 14:14:56 Pilot control + Computer
29/03/2022 14:14:56 Pilot control + Computer
29/03/2022 14:14:57 Pilot control + Computer
29/03/2022 14:14:57 Pilot control + Computer
29/03/2022 14:14:57 Pilot control + Computer
29/03/2022 14:14:57 Pilot control + Computer
29/03/2022 14:14:57 Pilot control + Computer
29/03/2022 14:14:58 Pilot control + Computer
29/03/2022 14:14:58 Pilot control + Computer
29/03/2022 14:14:58 Pilot control + Computer
29/03/2022 14:14:58 Pilot control + Computer
29/03/2022 14:14:58 Pilot control + Computer
29/03/2022 14:14:58 Pilot control + Computer
29/03/2022 14:14:58 Pilot control + Computer
29/03/2022 14:14:58 Pilot control + Computer
29/03/2022 14:14:59 Pilot control + Computer
29/03/2022 14:14:59 Pilot control + Computer
29/03/2022 14:14:59 Pilot control + Computer
29/03/2022 14:14:59 Pilot control + Computer
29/03/2022 14:14:59 Pilot control + Computer
29/03/2022 14:14:59 Pilot control + Computer
29/03/2022 14:14:59 Pilot control + Computer
29/03/2022 14:14:59 Pilot control + Computer
29/03/2022 14:15:00 Pilot control + Computer
29/03/2022 14:15:00 Pilot control + Computer
29/03/2022 14:15:00 Pilot control + Computer
29/03/2022 14:15:00 Throttle disarmed
29/03/2022 14:15:00 Pilot control + Computer
29/03/2022 14:15:00 Pilot control + Computer
29/03/2022 14:15:00 Pilot control + Computer
29/03/2022 14:15:01 Pilot control + Computer
29/03/2022 14:15:01 Pilot control + Computer
29/03/2022 14:15:01 Pilot control + Computer
29/03/2022 14:15:01 Pilot control + Computer
29/03/2022 14:15:01 Pilot control + Computer
29/03/2022 14:15:01 Pilot control + Computer
29/03/2022 14:15:01 Pilot control + Computer
29/03/2022 14:15:01 Pilot control + Computer
29/03/2022 14:15:01 Pilot control + Computer
29/03/2022 14:15:02 Pilot control + Computer
29/03/2022 14:15:02 Pilot control + Computer
29/03/2022 14:15:02 Pilot control + Computer
29/03/2022 14:15:02 Pilot control + Computer
29/03/2022 14:15:02 Pilot control + Computer
29/03/2022 14:15:02 Pilot control + Computer
29/03/2022 14:15:02 Pilot control + Computer
29/03/2022 14:15:02 Pilot control + Computer
29/03/2022 14:15:02 Pilot control + Computer
29/03/2022 14:15:02 Pilot control + Computer
29/03/2022 14:15:03 Pilot control + Computer
29/03/2022 14:15:03 Pilot control + Computer
29/03/2022 14:15:03 Pilot control + Computer
29/03/2022 14:15:03 Pilot control + Computer
29/03/2022 14:15:03 Pilot control + Computer
29/03/2022 14:15:03 Pilot control + Computer
29/03/2022 14:15:03 Pilot control + Computer
29/03/2022 14:15:03 Pilot control + Computer
29/03/2022 14:15:03 Pilot control + Computer
29/03/2022 14:15:03 Pilot control + Computer
29/03/2022 14:15:04 Pilot control + Computer
29/03/2022 14:15:04 Pilot control + Computer
29/03/2022 14:15:04 Pilot control + Computer
29/03/2022 14:15:04 Pilot control + Computer
29/03/2022 14:15:04 Pilot control + Computer
29/03/2022 14:15:04 Pilot control + Computer
29/03/2022 14:15:05 Pilot control + Computer
29/03/2022 14:15:05 Pilot control + Computer
29/03/2022 14:15:05 Pilot control + Computer
29/03/2022 14:15:05 Pilot control + Computer
29/03/2022 14:15:05 Pilot control + Computer
29/03/2022 14:15:05 Pilot control + Computer
29/03/2022 14:15:05 Pilot control + Computer
29/03/2022 14:15:05 Pilot control + Computer
29/03/2022 14:15:06 Pilot control + Computer
29/03/2022 14:15:06 Pilot control + Computer
29/03/2022 14:15:06 Pilot control + Computer
29/03/2022 14:15:06 Pilot control + Computer
29/03/2022 14:15:06 Pilot control + Computer
29/03/2022 14:15:06 Pilot control + Computer
29/03/2022 14:15:06 Pilot control + Computer
29/03/2022 14:15:06 Pilot control + Computer
29/03/2022 14:15:06 Pilot control + Computer
29/03/2022 14:15:07 Pilot control + Computer
29/03/2022 14:15:07 Pilot control + Computer
29/03/2022 14:15:07 Pilot control + Computer
29/03/2022 14:15:07 Pilot control + Computer
29/03/2022 14:15:07 Pilot control + Computer
29/03/2022 14:15:07 Pilot control + Computer
29/03/2022 14:15:07 Pilot control + Computer
29/03/2022 14:15:08 Pilot control + Computer
29/03/2022 14:15:08 Pilot control + Computer
29/03/2022 14:15:08 Pilot control + Computer
29/03/2022 14:15:08 Pilot control + Computer
29/03/2022 14:15:08 Pilot control + Computer
29/03/2022 14:15:08 Pilot control + Computer
29/03/2022 14:15:09 Pilot control + Computer
29/03/2022 14:15:09 Pilot control + Computer
29/03/2022 14:15:09 Pilot control + Computer
29/03/2022 14:15:09 Pilot control + Computer
29/03/2022 14:15:09 Pilot control + Computer
29/03/2022 14:15:09 Pilot control + Computer
29/03/2022 14:15:10 Pilot control + Computer
29/03/2022 14:15:10 Pilot control + Computer
29/03/2022 14:15:10 Pilot control + Computer
29/03/2022 14:15:10 Pilot control + Computer
29/03/2022 14:15:10 Pilot control + Computer
29/03/2022 14:15:10 Pilot control + Computer
29/03/2022 14:15:10 Pilot control + Computer
29/03/2022 14:15:10 Pilot control + Computer
29/03/2022 14:15:10 Pilot control + Computer
29/03/2022 14:15:11 Pilot control + Computer
29/03/2022 14:15:11 Pilot control + Computer
29/03/2022 14:15:11 Pilot control + Computer
29/03/2022 14:15:11 Pilot control + Computer
29/03/2022 14:15:12 Pilot control + Computer
29/03/2022 14:15:12 Pilot control + Computer
29/03/2022 14:15:12 Pilot control + Computer
29/03/2022 14:15:12 Pilot control + Computer
29/03/2022 14:15:12 Pilot control + Computer
29/03/2022 14:15:12 Pilot control + Computer
29/03/2022 14:15:12 Pilot control + Computer
29/03/2022 14:15:13 Pilot control + Computer
29/03/2022 14:15:13 Pilot control + Computer
29/03/2022 14:15:13 Pilot control + Computer
29/03/2022 14:15:13 Pilot control + Computer
29/03/2022 14:15:13 Pilot control + Computer
29/03/2022 14:15:13 Pilot control + Computer
29/03/2022 14:15:13 Pilot control + Computer
29/03/2022 14:15:13 Pilot control + Computer
29/03/2022 14:15:14 Pilot control + Computer
29/03/2022 14:15:14 Pilot control + Computer
29/03/2022 14:15:14 Pilot control + Computer
29/03/2022 14:15:14 Pilot control + Computer
29/03/2022 14:15:14 Pilot control + Computer
29/03/2022 14:15:14 Pilot control + Computer
29/03/2022 14:15:14 Pilot control + Computer
29/03/2022 14:15:15 Pilot control + Computer
29/03/2022 14:15:15 Pilot control + Computer
29/03/2022 14:15:15 Pilot control + Computer
29/03/2022 14:15:15 Pilot control + Computer
29/03/2022 14:15:15 Pilot control + Computer
29/03/2022 14:15:15 Pilot control + Computer
29/03/2022 14:15:15 Pilot control + Computer
29/03/2022 14:15:15 Pilot control + Computer
29/03/2022 14:15:15 Pilot control + Computer
29/03/2022 14:15:16 Pilot control + Computer
29/03/2022 14:15:16 Pilot control + Computer
29/03/2022 14:15:16 Pilot control + Computer
29/03/2022 14:15:16 Pilot control + Computer
29/03/2022 14:15:16 Pilot control + Computer
29/03/2022 14:15:16 Pilot control + Computer
29/03/2022 14:15:16 Pilot control + Computer
29/03/2022 14:15:17 Pilot control + Computer
29/03/2022 14:15:17 Pilot control + Computer
29/03/2022 14:15:17 Pilot control + Computer
29/03/2022 14:15:17 Pilot control + Computer
29/03/2022 14:15:17 Pilot control + Computer
29/03/2022 14:15:18 Pilot control + Computer
29/03/2022 14:15:18 Pilot control + Computer
29/03/2022 14:15:18 Pilot control + Computer
29/03/2022 14:15:18 Pilot control + Computer
29/03/2022 14:15:19 Pilot control + Computer
29/03/2022 14:15:19 Pilot control + Computer
29/03/2022 14:15:19 Pilot control + Computer
29/03/2022 14:15:19 Pilot control + Computer
29/03/2022 14:15:19 Pilot control + Computer
29/03/2022 14:15:19 Pilot control + Computer
29/03/2022 14:15:19 Pilot control + Computer
29/03/2022 14:15:20 Pilot control + Computer
29/03/2022 14:15:20 Pilot control + Computer
29/03/2022 14:15:20 Pilot control + Computer
29/03/2022 14:15:20 Pilot control + Computer
29/03/2022 14:15:21 Pilot control + Computer
29/03/2022 14:15:21 Pilot control + Computer
29/03/2022 14:15:21 Pilot control + Computer
29/03/2022 14:15:22 Pilot control + Computer
29/03/2022 14:15:22 Pilot control + Computer
29/03/2022 14:15:22 Pilot control + Computer
29/03/2022 14:15:22 Pilot control + Computer
29/03/2022 14:15:23 Pilot control + Computer
29/03/2022 14:15:23 Pilot control + Computer
29/03/2022 14:15:23 Pilot control + Computer
29/03/2022 14:15:23 Pilot control + Computer
29/03/2022 14:15:23 Pilot control + Computer
29/03/2022 14:15:24 Pilot control + Computer
29/03/2022 14:15:24 Pilot control + Computer
29/03/2022 14:15:24 Pilot control + Computer
29/03/2022 14:15:24 Pilot control + Computer
29/03/2022 14:15:24 Pilot control + Computer
29/03/2022 14:15:25 Pilot control + Computer
29/03/2022 14:15:25 Pilot control + Computer
29/03/2022 14:15:25 Pilot control + Computer
29/03/2022 14:15:25 Pilot control + Computer
29/03/2022 14:15:25 Pilot control + Computer
29/03/2022 14:15:25 Pilot control + Computer
29/03/2022 14:15:25 Pilot control + Computer
29/03/2022 14:15:25 Pilot control + Computer
29/03/2022 14:15:25 Pilot control + Computer
29/03/2022 14:15:25 Pilot control + Computer
29/03/2022 14:15:26 Pilot control + Computer
29/03/2022 14:15:26 Pilot control + Computer
29/03/2022 14:15:26 Pilot control + Computer
29/03/2022 14:15:26 Pilot control + Computer
29/03/2022 14:15:26 Pilot control + Computer
29/03/2022 14:15:26 Pilot control + Computer
29/03/2022 14:15:26 Pilot control + Computer
29/03/2022 14:15:26 Pilot control + Computer
29/03/2022 14:15:26 Pilot control + Computer
29/03/2022 14:15:27 Pilot control + Computer
29/03/2022 14:15:27 Pilot control + Computer
29/03/2022 14:15:27 Pilot control + Computer
29/03/2022 14:15:27 Pilot control + Computer
29/03/2022 14:15:27 Pilot control + Computer
29/03/2022 14:15:27 Pilot control + Computer
29/03/2022 14:15:27 Pilot control + Computer
29/03/2022 14:15:28 Pilot control + Computer
29/03/2022 14:15:28 Pilot control + Computer
29/03/2022 14:15:28 Pilot control + Computer
29/03/2022 14:15:28 Pilot control + Computer
29/03/2022 14:15:29 Pilot control + Computer
29/03/2022 14:15:29 Pilot control + Computer
29/03/2022 14:15:29 Pilot control + Computer
29/03/2022 14:15:29 Pilot control + Computer
29/03/2022 14:15:29 Pilot control + Computer
29/03/2022 14:15:29 Pilot control + Computer
29/03/2022 14:15:29 Pilot control + Computer
29/03/2022 14:15:29 Pilot control + Computer
29/03/2022 14:15:29 Pilot control + Computer
29/03/2022 14:15:29 Pilot control + Computer
29/03/2022 14:15:30 Pilot control + Computer
29/03/2022 14:15:30 Pilot control + Computer
29/03/2022 14:15:30 Pilot control + Computer
29/03/2022 14:15:30 Pilot control + Computer
29/03/2022 14:15:31 Pilot control + Computer
29/03/2022 14:15:31 Pilot control + Computer
29/03/2022 14:15:31 Pilot control + Computer
29/03/2022 14:15:31 Pilot control + Computer
29/03/2022 14:15:31 Pilot control + Computer
29/03/2022 14:15:32 Pilot control + Computer
29/03/2022 14:15:32 Pilot control + Computer
29/03/2022 14:15:32 Pilot control + Computer
29/03/2022 14:15:32 Pilot control + Computer
29/03/2022 14:15:32 Pilot control + Computer
29/03/2022 14:15:32 Pilot control + Computer
29/03/2022 14:15:32 Pilot control + Computer
29/03/2022 14:15:33 Pilot control + Computer
29/03/2022 14:15:33 Pilot control + Computer
29/03/2022 14:15:33 Pilot control + Computer
29/03/2022 14:15:33 Pilot control + Computer
29/03/2022 14:15:33 Pilot control + Computer
29/03/2022 14:15:33 Pilot control + Computer
29/03/2022 14:15:34 Pilot control + Computer
29/03/2022 14:15:34 Pilot control + Computer
29/03/2022 14:15:34 Pilot control + Computer
29/03/2022 14:15:34 Pilot control + Computer
29/03/2022 14:15:34 Pilot control + Computer
29/03/2022 14:15:34 Pilot control + Computer
29/03/2022 14:15:35 Pilot control + Computer
29/03/2022 14:15:35 Pilot control + Computer
29/03/2022 14:15:35 Pilot control + Computer
29/03/2022 14:15:35 Pilot control + Computer
29/03/2022 14:15:35 Pilot control + Computer
29/03/2022 14:15:35 Pilot control + Computer
29/03/2022 14:15:35 Pilot control + Computer
29/03/2022 14:15:35 Pilot control + Computer
29/03/2022 14:15:36 Pilot control + Computer
29/03/2022 14:15:36 Pilot control + Computer
29/03/2022 14:15:36 Pilot control + Computer
29/03/2022 14:15:36 Pilot control + Computer
29/03/2022 14:15:36 Pilot control + Computer
29/03/2022 14:15:36 Pilot control + Computer
29/03/2022 14:15:36 Pilot control + Computer
29/03/2022 14:15:36 Pilot control + Computer
29/03/2022 14:15:36 Pilot control + Computer
29/03/2022 14:15:37 Pilot control + Computer
29/03/2022 14:15:37 Pilot control + Computer
29/03/2022 14:15:37 Pilot control + Computer
29/03/2022 14:15:37 Pilot control + Computer
29/03/2022 14:15:37 Pilot control + Computer
29/03/2022 14:15:38 Pilot control + Computer
29/03/2022 14:15:38 Pilot control + Computer
29/03/2022 14:15:38 Pilot control + Computer
29/03/2022 14:15:38 Pilot control + Computer
29/03/2022 14:15:38 Pilot control + Computer
29/03/2022 14:15:38 Pilot control + Computer
29/03/2022 14:15:38 Pilot control + Computer
29/03/2022 14:15:39 Pilot control + Computer
29/03/2022 14:15:39 Pilot control + Computer
29/03/2022 14:15:39 Pilot control + Computer
29/03/2022 14:15:39 Pilot control + Computer
29/03/2022 14:15:39 Pilot control + Computer
29/03/2022 14:15:39 Pilot control + Computer
29/03/2022 14:15:39 Pilot control + Computer
29/03/2022 14:15:39 Pilot control + Computer
29/03/2022 14:15:39 Pilot control + Computer
29/03/2022 14:15:39 Pilot control + Computer
29/03/2022 14:15:40 Pilot control + Computer
29/03/2022 14:15:40 Pilot control + Computer
29/03/2022 14:15:40 Pilot control + Computer
29/03/2022 14:15:40 Pilot control + Computer
29/03/2022 14:15:40 Pilot control + Computer
29/03/2022 14:15:40 Pilot control + Computer
29/03/2022 14:15:40 Pilot control + Computer
29/03/2022 14:15:40 Pilot control + Computer
29/03/2022 14:15:41 Pilot control + Computer
29/03/2022 14:15:41 Pilot control + Computer
29/03/2022 14:15:41 Pilot control + Computer
29/03/2022 14:15:41 Pilot control + Computer
29/03/2022 14:15:41 Pilot control + Computer
29/03/2022 14:15:41 Pilot control + Computer
29/03/2022 14:15:42 Pilot control + Computer
29/03/2022 14:15:42 Pilot control + Computer
29/03/2022 14:15:42 Pilot control + Computer
29/03/2022 14:15:42 Pilot control + Computer
29/03/2022 14:15:42 Pilot control + Computer
29/03/2022 14:15:42 Pilot control + Computer
29/03/2022 14:15:43 Pilot control + Computer
29/03/2022 14:15:43 Pilot control + Computer
29/03/2022 14:15:43 Pilot control + Computer
29/03/2022 14:15:43 Pilot control + Computer
29/03/2022 14:15:43 Pilot control + Computer
29/03/2022 14:15:43 Pilot control + Computer
29/03/2022 14:15:43 Pilot control + Computer
29/03/2022 14:15:44 Pilot control + Computer
29/03/2022 14:15:44 Pilot control + Computer
29/03/2022 14:15:44 Pilot control + Computer
29/03/2022 14:15:44 Pilot control + Computer
29/03/2022 14:15:44 Pilot control + Computer
29/03/2022 14:15:44 Pilot control + Computer
29/03/2022 14:15:45 Pilot control + Computer
29/03/2022 14:15:45 Pilot control + Computer
29/03/2022 14:15:45 Pilot control + Computer
29/03/2022 14:15:45 Pilot control + Computer
29/03/2022 14:15:45 Pilot control + Computer
29/03/2022 14:15:45 Pilot control + Computer
29/03/2022 14:15:45 Pilot control + Computer
29/03/2022 14:15:45 Pilot control + Computer
29/03/2022 14:15:45 Pilot control + Computer
29/03/2022 14:15:46 Pilot control + Computer
29/03/2022 14:15:46 Pilot control + Computer
29/03/2022 14:15:46 Pilot control + Computer
29/03/2022 14:15:46 Pilot control + Computer
29/03/2022 14:15:46 Pilot control + Computer
29/03/2022 14:15:46 Pilot control + Computer
29/03/2022 14:15:46 Pilot control + Computer
29/03/2022 14:15:46 Pilot control + Computer
29/03/2022 14:15:47 Pilot control + Computer
29/03/2022 14:15:47 Pilot control + Computer
29/03/2022 14:15:47 Pilot control + Computer
29/03/2022 14:15:47 Pilot control + Computer
29/03/2022 14:15:47 Pilot control + Computer
29/03/2022 14:15:47 Pilot control + Computer
29/03/2022 14:15:47 Pilot control + Computer
29/03/2022 14:15:48 Pilot control + Computer
29/03/2022 14:15:48 Pilot control + Computer
29/03/2022 14:15:48 Pilot control + Computer
29/03/2022 14:15:48 Pilot control + Computer
29/03/2022 14:15:48 Pilot control + Computer
29/03/2022 14:15:48 Pilot control + Computer
29/03/2022 14:15:48 Pilot control + Computer
29/03/2022 14:15:48 Pilot control + Computer
29/03/2022 14:15:49 Pilot control + Computer
29/03/2022 14:15:49 Pilot control + Computer
29/03/2022 14:15:49 Pilot control + Computer
29/03/2022 14:15:49 Pilot control + Computer
29/03/2022 14:15:49 Pilot control + Computer
29/03/2022 14:15:49 Pilot control + Computer
29/03/2022 14:15:50 Pilot control + Computer
29/03/2022 14:15:50 Pilot control + Computer
29/03/2022 14:15:50 Pilot control + Computer
29/03/2022 14:15:50 Pilot control + Computer
29/03/2022 14:15:51 Pilot control + Computer
29/03/2022 14:15:51 Pilot control + Computer
29/03/2022 14:15:51 Pilot control + Computer
29/03/2022 14:15:51 Pilot control + Computer
29/03/2022 14:15:52 Pilot control + Computer
29/03/2022 14:15:52 Pilot control + Computer
29/03/2022 14:15:52 Pilot control + Computer
29/03/2022 14:15:52 Pilot control + Computer
29/03/2022 14:15:53 Pilot control + Computer
29/03/2022 14:15:53 Pilot control + Computer
29/03/2022 14:15:53 Pilot control + Computer
29/03/2022 14:15:53 Pilot control + Computer
29/03/2022 14:15:54 Pilot control + Computer
29/03/2022 14:15:54 Pilot control + Computer
29/03/2022 14:15:54 Pilot control + Computer
29/03/2022 14:15:54 Pilot control + Computer
29/03/2022 14:15:54 Pilot control + Computer
29/03/2022 14:15:54 Pilot control + Computer
29/03/2022 14:15:54 Pilot control + Computer
29/03/2022 14:15:54 Pilot control + Computer
29/03/2022 14:15:55 Pilot control + Computer
29/03/2022 14:15:55 Camera on
29/03/2022 14:15:55 Saved video
