28/03/2022 16:56:23 Connecting to Vehicle on: /dev/ttyACM0
28/03/2022 16:56:24 ArduPlane V4.1.4 (0f984409)
28/03/2022 16:56:24 ChibiOS: 45395b6a
28/03/2022 16:56:24 CubeBlack 00360049 3337510E 37353832
28/03/2022 16:56:24 RCOut: PWM:1-12
28/03/2022 16:56:24 IMU0: fast sampling enabled 8.0kHz/1.0kHz
28/03/2022 16:56:24 IMU2: fast sampling enabled 8.0kHz/1.0kHz
28/03/2022 16:56:36 Pilot control
28/03/2022 16:56:36 ch7: 965
28/03/2022 16:56:36 Pilot control
28/03/2022 16:56:37 ch7: 965
28/03/2022 16:56:37 Pilot control
28/03/2022 16:56:37 ch7: 965
28/03/2022 16:56:37 Pilot control
28/03/2022 16:56:37 ch7: 965
28/03/2022 16:56:37 Pilot control
28/03/2022 16:56:37 ch7: 965
28/03/2022 16:56:37 Pilot control
28/03/2022 16:56:37 ch7: 965
28/03/2022 16:56:37 Pilot control
28/03/2022 16:56:37 ch7: 965
28/03/2022 16:56:38 Pilot control
28/03/2022 16:56:38 ch7: 965
28/03/2022 16:56:38 Pilot control
28/03/2022 16:56:38 ch7: 965
28/03/2022 16:56:38 Pilot control
28/03/2022 16:56:38 ch7: 965
28/03/2022 16:56:38 Pilot control
28/03/2022 16:56:38 ch7: 965
28/03/2022 16:56:38 Pilot control
28/03/2022 16:56:38 ch7: 965
28/03/2022 16:56:38 Pilot control
28/03/2022 16:56:39 ch7: 965
28/03/2022 16:56:39 Pilot control
28/03/2022 16:56:39 ch7: 965
28/03/2022 16:56:39 Pilot control
28/03/2022 16:56:39 ch7: 965
28/03/2022 16:56:39 Pilot control
28/03/2022 16:56:39 ch7: 965
28/03/2022 16:56:39 Pilot control
28/03/2022 16:56:39 ch7: 965
28/03/2022 16:56:39 Pilot control
28/03/2022 16:56:39 ch7: 965
28/03/2022 16:56:39 Pilot control
28/03/2022 16:56:40 ch7: 965
28/03/2022 16:56:40 ch7: 965
28/03/2022 16:56:40 ch7: 965
28/03/2022 16:56:40 ch7: 965
28/03/2022 16:56:40 ch7: 965
28/03/2022 16:56:40 ch7: 965
28/03/2022 16:56:40 ch7: 965
28/03/2022 16:56:40 ch7: 965
28/03/2022 16:56:40 ch7: 965
28/03/2022 16:56:40 ch7: 965
28/03/2022 16:56:41 ch7: 965
28/03/2022 16:56:41 ch7: 965
28/03/2022 16:56:41 ch7: 965
28/03/2022 16:56:41 ch7: 965
28/03/2022 16:56:41 ch7: 965
28/03/2022 16:56:41 ch7: 965
28/03/2022 16:56:41 ch7: 965
28/03/2022 16:56:41 ch7: 965
28/03/2022 16:56:41 ch7: 965
28/03/2022 16:56:41 ch7: 965
28/03/2022 16:56:42 ch7: 965
28/03/2022 16:56:42 ch7: 965
28/03/2022 16:56:42 ch7: 965
28/03/2022 16:56:42 ch7: 965
28/03/2022 16:56:42 ch7: 965
28/03/2022 16:56:42 ch7: 965
28/03/2022 16:56:42 ch7: 965
28/03/2022 16:56:42 ch7: 965
28/03/2022 16:56:42 ch7: 965
28/03/2022 16:56:43 ch7: 965
28/03/2022 16:56:43 ch7: 965
28/03/2022 16:56:43 ch7: 965
28/03/2022 16:56:43 ch7: 965
28/03/2022 16:56:43 ch7: 965
28/03/2022 16:56:43 ch7: 965
28/03/2022 16:56:44 ch7: 965
28/03/2022 16:56:44 ch7: 965
28/03/2022 16:56:44 ch7: 965
28/03/2022 16:56:44 ch7: 965
28/03/2022 16:56:44 ch7: 965
28/03/2022 16:56:44 ch7: 965
28/03/2022 16:56:44 ch7: 965
28/03/2022 16:56:45 ch7: 965
28/03/2022 16:56:45 Check adjust elevator condition
28/03/2022 16:56:45 Tarjectory angle: 73.21373338875978
28/03/2022 16:56:45 adjust MAX elevator angle
28/03/2022 16:56:45 ch7: 965
28/03/2022 16:56:45 Check adjust elevator condition
28/03/2022 16:56:45 Tarjectory angle: 73.545848559134
28/03/2022 16:56:45 adjust MAX elevator angle
28/03/2022 16:56:45 ch7: 965
28/03/2022 16:56:45 Check adjust elevator condition
28/03/2022 16:56:45 Tarjectory angle: 76.29535724363784
28/03/2022 16:56:45 adjust MAX elevator angle
28/03/2022 16:56:45 ch7: 965
28/03/2022 16:56:46 Check adjust elevator condition
28/03/2022 16:56:46 Tarjectory angle: 76.11961998075836
28/03/2022 16:56:46 adjust MAX elevator angle
28/03/2022 16:56:46 ch7: 965
28/03/2022 16:56:46 Check adjust elevator condition
28/03/2022 16:56:47 Tarjectory angle: 74.64240824855352
28/03/2022 16:56:47 adjust MAX elevator angle
28/03/2022 16:56:47 ch7: 965
28/03/2022 16:56:47 Check adjust elevator condition
28/03/2022 16:56:47 Tarjectory angle: 76.2841073341434
28/03/2022 16:56:47 adjust MAX elevator angle
28/03/2022 16:56:47 ch7: 965
28/03/2022 16:56:47 Check adjust elevator condition
28/03/2022 16:56:47 Tarjectory angle: 75.66692645273285
28/03/2022 16:56:47 adjust MAX elevator angle
28/03/2022 16:56:47 ch7: 965
28/03/2022 16:56:47 Check adjust elevator condition
28/03/2022 16:56:47 Tarjectory angle: 74.90356660238322
28/03/2022 16:56:47 adjust MAX elevator angle
28/03/2022 16:56:47 ch7: 965
28/03/2022 16:56:47 Check adjust elevator condition
28/03/2022 16:56:48 Tarjectory angle: 75.11989183478728
28/03/2022 16:56:48 adjust MAX elevator angle
28/03/2022 16:56:48 ch7: 965
28/03/2022 16:56:48 ch7: 965
28/03/2022 16:56:48 ch7: 965
28/03/2022 16:56:48 ch7: 965
28/03/2022 16:56:48 ch7: 965
28/03/2022 16:56:48 ch7: 965
28/03/2022 16:56:48 ch7: 965
28/03/2022 16:56:48 ch7: 965
28/03/2022 16:56:49 ch7: 965
28/03/2022 16:56:49 ch7: 965
28/03/2022 16:56:49 ch7: 965
28/03/2022 16:56:49 ch7: 965
28/03/2022 16:56:49 ch7: 965
28/03/2022 16:56:49 ch7: 965
28/03/2022 16:56:49 ch7: 965
28/03/2022 16:56:49 ch7: 965
28/03/2022 16:56:49 ch7: 965
28/03/2022 16:56:50 ch7: 965
28/03/2022 16:56:50 ch7: 965
28/03/2022 16:56:50 ch7: 965
28/03/2022 16:56:50 ch7: 965
28/03/2022 16:56:50 ch7: 965
28/03/2022 16:56:51 ch7: 965
28/03/2022 16:56:51 ch7: 965
28/03/2022 16:56:51 ch7: 965
28/03/2022 16:56:51 ch7: 965
28/03/2022 16:56:51 ch7: 965
28/03/2022 16:56:52 ch7: 965
28/03/2022 16:56:52 ch7: 965
28/03/2022 16:56:52 ch7: 965
28/03/2022 16:56:52 ch7: 965
28/03/2022 16:56:52 ch7: 965
28/03/2022 16:56:52 ch7: 965
28/03/2022 16:56:53 ch7: 965
28/03/2022 16:56:53 ch7: 965
28/03/2022 16:56:53 ch7: 965
28/03/2022 16:56:53 ch7: 965
28/03/2022 16:56:54 ch7: 965
28/03/2022 16:56:54 ch7: 965
28/03/2022 16:56:54 ch7: 965
28/03/2022 16:56:54 ch7: 965
28/03/2022 16:56:55 ch7: 965
28/03/2022 16:56:55 ch7: 965
28/03/2022 16:56:55 ch7: 965
28/03/2022 16:56:55 ch7: 965
28/03/2022 16:56:55 ch7: 965
28/03/2022 16:56:55 ch7: 965
28/03/2022 16:56:56 ch7: 965
28/03/2022 16:56:56 ch7: 965
28/03/2022 16:56:56 ch7: 965
28/03/2022 16:56:56 ch7: 965
28/03/2022 16:56:56 ch7: 965
28/03/2022 16:56:56 ch7: 965
28/03/2022 16:56:56 ch7: 965
28/03/2022 16:56:56 ch7: 965
28/03/2022 16:56:56 ch7: 965
28/03/2022 16:56:56 ch7: 965
28/03/2022 16:56:57 ch7: 965
28/03/2022 16:56:57 ch7: 965
28/03/2022 16:56:57 ch7: 965
28/03/2022 16:56:57 ch7: 965
28/03/2022 16:56:57 ch7: 965
28/03/2022 16:56:57 ch7: 965
28/03/2022 16:56:57 ch7: 965
28/03/2022 16:56:58 ch7: 965
28/03/2022 16:56:58 ch7: 965
28/03/2022 16:56:58 ch7: 965
28/03/2022 16:56:58 ch7: 965
28/03/2022 16:56:58 ch7: 965
28/03/2022 16:56:58 ch7: 965
28/03/2022 16:56:58 ch7: 965
28/03/2022 16:56:58 ch7: 965
28/03/2022 16:56:59 ch7: 965
28/03/2022 16:56:59 ch7: 965
28/03/2022 16:56:59 ch7: 965
28/03/2022 16:56:59 ch7: 965
28/03/2022 16:56:59 ch7: 965
28/03/2022 16:56:59 ch7: 965
28/03/2022 16:56:59 ch7: 965
28/03/2022 16:56:59 ch7: 965
28/03/2022 16:56:59 ch7: 965
28/03/2022 16:57:00 ch7: 965
28/03/2022 16:57:00 ch7: 965
28/03/2022 16:57:00 ch7: 965
28/03/2022 16:57:00 ch7: 965
28/03/2022 16:57:00 ch7: 965
28/03/2022 16:57:00 ch7: 965
28/03/2022 16:57:00 ch7: 965
28/03/2022 16:57:01 ch7: 965
28/03/2022 16:57:01 ch7: 965
28/03/2022 16:57:01 ch7: 965
28/03/2022 16:57:01 ch7: 965
28/03/2022 16:57:01 ch7: 965
28/03/2022 16:57:01 ch7: 965
28/03/2022 16:57:01 ch7: 965
28/03/2022 16:57:02 ch7: 965
28/03/2022 16:57:02 ch7: 965
28/03/2022 16:57:02 ch7: 965
28/03/2022 16:57:02 ch7: 965
28/03/2022 16:57:02 ch7: 965
28/03/2022 16:57:02 ch7: 965
28/03/2022 16:57:02 ch7: 965
28/03/2022 16:57:02 ch7: 965
28/03/2022 16:57:02 ch7: 965
28/03/2022 16:57:02 ch7: 965
28/03/2022 16:57:03 ch7: 965
28/03/2022 16:57:03 ch7: 965
28/03/2022 16:57:03 ch7: 965
