05/04/2022 12:02:27 Connecting to Vehicle on: /dev/ttyACM0
05/04/2022 12:02:27 ArduPlane V4.1.4 (0f984409)
05/04/2022 12:02:27 ChibiOS: 45395b6a
05/04/2022 12:02:27 CubeBlack 00360049 3337510E 37353832
05/04/2022 12:02:27 RCOut: PWM:1-14
05/04/2022 12:02:27 IMU0: fast sampling enabled 8.0kHz/1.0kHz
05/04/2022 12:02:27 IMU2: fast sampling enabled 8.0kHz/1.0kHz
05/04/2022 12:02:38 is_deepstalled(image_processing): False
05/04/2022 12:02:38 -------------Check stall condition-------------
05/04/2022 12:02:38 Alt: 0.166
05/04/2022 12:02:38 distance: 36.96314506034542
05/04/2022 12:02:39 ch7: 0
05/04/2022 12:02:39 is_deepstalled(image_processing): False
05/04/2022 12:02:39 ch7: 0
05/04/2022 12:02:39 is_deepstalled(image_processing): False
05/04/2022 12:02:39 Mode: RTL
05/04/2022 12:02:39 ch7: 0
05/04/2022 12:02:39 is_deepstalled(deepstall): False
05/04/2022 12:02:39 Pilot control
05/04/2022 12:02:39 is_deepstalled(image_processing): False
05/04/2022 12:02:39 Pilot control
05/04/2022 12:02:39 angle to be adjusted: 1712
05/04/2022 12:02:39 -------------Check stall condition-------------
05/04/2022 12:02:39 Alt: -0.005
05/04/2022 12:02:39 distance: 36.947485395708505
05/04/2022 12:02:39 ch7: 0
05/04/2022 12:02:39 is_deepstalled(image_processing): False
05/04/2022 12:02:40 ch7: 0
05/04/2022 12:02:40 is_deepstalled(image_processing): False
05/04/2022 12:02:40 ch7: 0
05/04/2022 12:02:40 is_deepstalled(image_processing): False
05/04/2022 12:02:40 ch7: 0
05/04/2022 12:02:40 is_deepstalled(image_processing): False
05/04/2022 12:02:40 ch7: 0
05/04/2022 12:02:40 is_deepstalled(image_processing): False
05/04/2022 12:02:40 ch7: 0
05/04/2022 12:02:40 is_deepstalled(image_processing): False
05/04/2022 12:02:40 Mode: RTL
05/04/2022 12:02:40 is_deepstalled(deepstall): False
05/04/2022 12:02:40 Pilot control
05/04/2022 12:02:40 Pilot control
05/04/2022 12:02:40 angle to be adjusted: 1712
05/04/2022 12:02:40 -------------Check stall condition-------------
05/04/2022 12:02:40 Alt: -0.231
05/04/2022 12:02:40 distance: 36.97229467803621
05/04/2022 12:02:40 ch7: 0
05/04/2022 12:02:41 is_deepstalled(image_processing): False
05/04/2022 12:02:41 ch7: 0
05/04/2022 12:02:41 is_deepstalled(image_processing): False
05/04/2022 12:02:41 ch7: 0
05/04/2022 12:02:41 is_deepstalled(image_processing): False
05/04/2022 12:02:41 ch7: 0
05/04/2022 12:02:41 is_deepstalled(image_processing): False
05/04/2022 12:02:41 ch7: 0
05/04/2022 12:02:41 is_deepstalled(image_processing): False
05/04/2022 12:02:41 ch7: 0
05/04/2022 12:02:41 Mode: RTL
05/04/2022 12:02:41 is_deepstalled(image_processing): False
05/04/2022 12:02:41 is_deepstalled(deepstall): False
05/04/2022 12:02:42 Pilot control
05/04/2022 12:02:42 Pilot control
05/04/2022 12:02:42 angle to be adjusted: 1712
05/04/2022 12:02:42 ch7: 0
05/04/2022 12:02:42 -------------Check stall condition-------------
05/04/2022 12:02:42 is_deepstalled(image_processing): False
05/04/2022 12:02:42 Alt: -0.163
05/04/2022 12:02:42 distance: 37.15953960172969
05/04/2022 12:02:42 ch7: 0
05/04/2022 12:02:42 is_deepstalled(image_processing): False
05/04/2022 12:02:42 ch7: 0
05/04/2022 12:02:42 is_deepstalled(image_processing): False
05/04/2022 12:02:42 ch7: 0
05/04/2022 12:02:42 is_deepstalled(image_processing): False
05/04/2022 12:02:42 ch7: 0
05/04/2022 12:02:42 is_deepstalled(image_processing): False
05/04/2022 12:02:43 ch7: 0
05/04/2022 12:02:43 is_deepstalled(image_processing): False
05/04/2022 12:02:43 Mode: RTL
05/04/2022 12:02:43 is_deepstalled(deepstall): False
05/04/2022 12:02:43 Pilot control
05/04/2022 12:02:43 Pilot control
05/04/2022 12:02:43 angle to be adjusted: 1712
05/04/2022 12:02:43 -------------Check stall condition-------------
05/04/2022 12:02:43 Alt: -0.016
05/04/2022 12:02:43 distance: 37.61737428036535
05/04/2022 12:02:43 ch7: 0
05/04/2022 12:02:43 is_deepstalled(image_processing): False
05/04/2022 12:02:43 ch7: 0
05/04/2022 12:02:43 is_deepstalled(image_processing): False
05/04/2022 12:02:43 ch7: 0
05/04/2022 12:02:43 is_deepstalled(image_processing): False
05/04/2022 12:02:43 ch7: 0
05/04/2022 12:02:43 is_deepstalled(image_processing): False
05/04/2022 12:02:43 ch7: 0
05/04/2022 12:02:43 is_deepstalled(image_processing): False
05/04/2022 12:02:43 ch7: 0
05/04/2022 12:02:44 is_deepstalled(image_processing): False
05/04/2022 12:02:44 ch7: 0
05/04/2022 12:02:44 is_deepstalled(image_processing): False
05/04/2022 12:02:44 Mode: RTL
05/04/2022 12:02:44 is_deepstalled(deepstall): False
05/04/2022 12:02:44 Pilot control
05/04/2022 12:02:44 ch7: 0
05/04/2022 12:02:44 Pilot control
05/04/2022 12:02:44 is_deepstalled(image_processing): False
05/04/2022 12:02:44 angle to be adjusted: 1712
05/04/2022 12:02:44 -------------Check stall condition-------------
05/04/2022 12:02:44 Alt: 0.0
05/04/2022 12:02:44 distance: 37.95318158490874
05/04/2022 12:02:44 ch7: 0
05/04/2022 12:02:44 is_deepstalled(image_processing): False
05/04/2022 12:02:44 ch7: 0
05/04/2022 12:02:44 is_deepstalled(image_processing): False
05/04/2022 12:02:44 ch7: 0
05/04/2022 12:02:44 is_deepstalled(image_processing): False
05/04/2022 12:02:44 ch7: 0
05/04/2022 12:02:44 is_deepstalled(image_processing): False
05/04/2022 12:02:45 ch7: 0
05/04/2022 12:02:45 is_deepstalled(image_processing): False
05/04/2022 12:02:45 ch7: 0
05/04/2022 12:02:45 is_deepstalled(image_processing): False
05/04/2022 12:02:45 Mode: RTL
05/04/2022 12:02:45 is_deepstalled(deepstall): False
05/04/2022 12:02:45 Pilot control
05/04/2022 12:02:45 Pilot control
05/04/2022 12:02:45 angle to be adjusted: 1712
05/04/2022 12:02:45 -------------Check stall condition-------------
05/04/2022 12:02:45 Alt: 0.178
05/04/2022 12:02:45 distance: 38.07920050306591
05/04/2022 12:02:45 ch7: 0
05/04/2022 12:02:45 is_deepstalled(image_processing): False
05/04/2022 12:02:45 ch7: 0
05/04/2022 12:02:45 is_deepstalled(image_processing): False
05/04/2022 12:02:45 ch7: 0
05/04/2022 12:02:45 is_deepstalled(image_processing): False
05/04/2022 12:02:45 ch7: 0
05/04/2022 12:02:45 is_deepstalled(image_processing): False
05/04/2022 12:02:46 ch7: 0
05/04/2022 12:02:46 is_deepstalled(image_processing): False
05/04/2022 12:02:46 ch7: 0
05/04/2022 12:02:46 is_deepstalled(image_processing): False
05/04/2022 12:02:46 ch7: 0
05/04/2022 12:02:46 is_deepstalled(image_processing): False
05/04/2022 12:02:46 Mode: RTL
05/04/2022 12:02:46 is_deepstalled(deepstall): False
05/04/2022 12:02:46 Pilot control
05/04/2022 12:02:46 Pilot control
05/04/2022 12:02:46 angle to be adjusted: 1712
05/04/2022 12:02:46 -------------Check stall condition-------------
05/04/2022 12:02:46 Alt: 0.067
05/04/2022 12:02:46 distance: 38.12500945680768
05/04/2022 12:02:46 ch7: 0
05/04/2022 12:02:46 is_deepstalled(image_processing): False
05/04/2022 12:02:46 ch7: 0
05/04/2022 12:02:46 is_deepstalled(image_processing): False
05/04/2022 12:02:46 ch7: 0
05/04/2022 12:02:46 is_deepstalled(image_processing): False
05/04/2022 12:02:47 ch7: 0
05/04/2022 12:02:47 is_deepstalled(image_processing): False
05/04/2022 12:02:47 ch7: 0
05/04/2022 12:02:47 is_deepstalled(image_processing): False
05/04/2022 12:02:47 ch7: 0
05/04/2022 12:02:47 is_deepstalled(image_processing): False
05/04/2022 12:02:47 Mode: RTL
05/04/2022 12:02:47 is_deepstalled(deepstall): False
05/04/2022 12:02:47 Pilot control
05/04/2022 12:02:47 Pilot control
05/04/2022 12:02:47 angle to be adjusted: 1712
05/04/2022 12:02:47 -------------Check stall condition-------------
05/04/2022 12:02:47 Alt: 0.096
05/04/2022 12:02:47 distance: 38.182507364381244
05/04/2022 12:02:47 ch7: 0
05/04/2022 12:02:47 is_deepstalled(image_processing): False
05/04/2022 12:02:47 ch7: 0
05/04/2022 12:02:47 is_deepstalled(image_processing): False
05/04/2022 12:02:48 ch7: 0
05/04/2022 12:02:48 is_deepstalled(image_processing): False
05/04/2022 12:02:48 ch7: 0
05/04/2022 12:02:48 is_deepstalled(image_processing): False
05/04/2022 12:02:48 ch7: 0
05/04/2022 12:02:48 is_deepstalled(image_processing): False
05/04/2022 12:02:48 ch7: 0
05/04/2022 12:02:48 is_deepstalled(image_processing): False
05/04/2022 12:02:48 ch7: 0
05/04/2022 12:02:48 Mode: RTL
05/04/2022 12:02:48 is_deepstalled(deepstall): False
05/04/2022 12:02:48 is_deepstalled(image_processing): False
05/04/2022 12:02:48 Pilot control
05/04/2022 12:02:48 Pilot control
05/04/2022 12:02:48 angle to be adjusted: 1712
05/04/2022 12:02:48 -------------Check stall condition-------------
05/04/2022 12:02:48 Alt: 0.053
05/04/2022 12:02:48 distance: 38.443233178215394
05/04/2022 12:02:48 ch7: 0
05/04/2022 12:02:48 is_deepstalled(image_processing): False
05/04/2022 12:02:49 ch7: 0
05/04/2022 12:02:49 is_deepstalled(image_processing): False
05/04/2022 12:02:49 ch7: 0
05/04/2022 12:02:49 is_deepstalled(image_processing): False
05/04/2022 12:02:49 ch7: 0
05/04/2022 12:02:49 is_deepstalled(image_processing): False
05/04/2022 12:02:49 Mode: RTL
05/04/2022 12:02:49 is_deepstalled(deepstall): False
05/04/2022 12:02:49 Pilot control
05/04/2022 12:02:49 Pilot control
05/04/2022 12:02:49 angle to be adjusted: 1712
05/04/2022 12:02:49 -------------Check stall condition-------------
05/04/2022 12:02:49 Alt: 0.101
05/04/2022 12:02:49 distance: 38.46282039124699
05/04/2022 12:02:49 ch7: 0
05/04/2022 12:02:49 is_deepstalled(image_processing): False
05/04/2022 12:02:49 ch7: 0
05/04/2022 12:02:49 is_deepstalled(image_processing): False
05/04/2022 12:02:50 ch7: 0
05/04/2022 12:02:50 is_deepstalled(image_processing): False
05/04/2022 12:02:50 ch7: 0
05/04/2022 12:02:50 is_deepstalled(image_processing): False
05/04/2022 12:02:50 ch7: 0
05/04/2022 12:02:50 is_deepstalled(image_processing): False
05/04/2022 12:02:50 ch7: 0
05/04/2022 12:02:50 is_deepstalled(image_processing): False
05/04/2022 12:02:50 ch7: 0
05/04/2022 12:02:50 is_deepstalled(image_processing): False
05/04/2022 12:02:50 ch7: 0
05/04/2022 12:02:50 is_deepstalled(image_processing): False
05/04/2022 12:02:50 ch7: 0
05/04/2022 12:02:50 Mode: RTL
05/04/2022 12:02:50 is_deepstalled(image_processing): False
05/04/2022 12:02:50 is_deepstalled(deepstall): False
05/04/2022 12:02:50 Pilot control
05/04/2022 12:02:50 Pilot control
05/04/2022 12:02:50 angle to be adjusted: 1712
05/04/2022 12:02:50 -------------Check stall condition-------------
05/04/2022 12:02:50 Alt: 0.011
05/04/2022 12:02:50 distance: 38.57751534546343
05/04/2022 12:02:50 ch7: 0
05/04/2022 12:02:50 is_deepstalled(image_processing): False
05/04/2022 12:02:51 ch7: 0
05/04/2022 12:02:51 is_deepstalled(image_processing): False
05/04/2022 12:02:51 ch7: 0
05/04/2022 12:02:51 is_deepstalled(image_processing): False
05/04/2022 12:02:51 ch7: 0
05/04/2022 12:02:51 is_deepstalled(image_processing): False
05/04/2022 12:02:51 ch7: 0
05/04/2022 12:02:51 is_deepstalled(image_processing): False
05/04/2022 12:02:51 ch7: 0
05/04/2022 12:02:51 is_deepstalled(image_processing): False
05/04/2022 12:02:51 ch7: 0
05/04/2022 12:02:51 is_deepstalled(image_processing): False
05/04/2022 12:02:51 Mode: RTL
05/04/2022 12:02:51 is_deepstalled(deepstall): False
05/04/2022 12:02:51 Pilot control
05/04/2022 12:02:51 Pilot control
05/04/2022 12:02:51 angle to be adjusted: 1712
05/04/2022 12:02:51 -------------Check stall condition-------------
05/04/2022 12:02:52 ch7: 0
05/04/2022 12:02:52 Alt: 0.127
05/04/2022 12:02:52 is_deepstalled(image_processing): False
05/04/2022 12:02:52 distance: 38.704227739982905
05/04/2022 12:02:52 ch7: 0
05/04/2022 12:02:52 is_deepstalled(image_processing): False
05/04/2022 12:02:52 ch7: 0
05/04/2022 12:02:52 is_deepstalled(image_processing): False
05/04/2022 12:02:52 ch7: 0
05/04/2022 12:02:52 is_deepstalled(image_processing): False
05/04/2022 12:02:52 ch7: 0
05/04/2022 12:02:52 is_deepstalled(image_processing): False
05/04/2022 12:02:52 ch7: 0
05/04/2022 12:02:52 is_deepstalled(image_processing): False
05/04/2022 12:02:53 Mode: RTL
05/04/2022 12:02:53 is_deepstalled(deepstall): False
05/04/2022 12:02:53 Pilot control
05/04/2022 12:02:53 Pilot control
05/04/2022 12:02:53 ch7: 0
05/04/2022 12:02:53 angle to be adjusted: 1712
05/04/2022 12:02:53 is_deepstalled(image_processing): False
05/04/2022 12:02:53 -------------Check stall condition-------------
05/04/2022 12:02:53 Alt: 0.183
05/04/2022 12:02:53 distance: 38.78832095305874
05/04/2022 12:02:53 ch7: 0
05/04/2022 12:02:53 is_deepstalled(image_processing): False
05/04/2022 12:02:53 ch7: 0
05/04/2022 12:02:53 is_deepstalled(image_processing): False
05/04/2022 12:02:53 ch7: 0
05/04/2022 12:02:53 is_deepstalled(image_processing): False
05/04/2022 12:02:53 ch7: 0
05/04/2022 12:02:54 is_deepstalled(image_processing): False
05/04/2022 12:02:54 Mode: RTL
05/04/2022 12:02:54 is_deepstalled(deepstall): False
05/04/2022 12:02:54 Pilot control
05/04/2022 12:02:54 Pilot control
05/04/2022 12:02:54 angle to be adjusted: 1712
05/04/2022 12:02:54 ch7: 0
05/04/2022 12:02:54 -------------Check stall condition-------------
05/04/2022 12:02:54 is_deepstalled(image_processing): False
05/04/2022 12:02:54 Alt: 0.09
05/04/2022 12:02:54 distance: 38.82166017099734
05/04/2022 12:02:54 ch7: 0
05/04/2022 12:02:54 is_deepstalled(image_processing): False
05/04/2022 12:02:54 ch7: 0
05/04/2022 12:02:54 is_deepstalled(image_processing): False
05/04/2022 12:02:54 ch7: 0
05/04/2022 12:02:54 is_deepstalled(image_processing): False
05/04/2022 12:02:54 ch7: 0
05/04/2022 12:02:54 is_deepstalled(image_processing): False
05/04/2022 12:02:55 ch7: 0
05/04/2022 12:02:55 is_deepstalled(image_processing): False
05/04/2022 12:02:55 Mode: RTL
05/04/2022 12:02:55 is_deepstalled(deepstall): False
05/04/2022 12:02:55 Pilot control
05/04/2022 12:02:55 Pilot control
05/04/2022 12:02:55 angle to be adjusted: 1712
05/04/2022 12:02:55 -------------Check stall condition-------------
05/04/2022 12:02:55 Alt: -0.186
05/04/2022 12:02:55 distance: 38.620816157335256
05/04/2022 12:02:55 ch7: 0
05/04/2022 12:02:55 is_deepstalled(image_processing): False
05/04/2022 12:02:55 ch7: 0
05/04/2022 12:02:55 is_deepstalled(image_processing): False
05/04/2022 12:02:55 ch7: 0
05/04/2022 12:02:55 is_deepstalled(image_processing): False
05/04/2022 12:02:55 ch7: 0
05/04/2022 12:02:55 is_deepstalled(image_processing): False
05/04/2022 12:02:55 ch7: 0
05/04/2022 12:02:55 is_deepstalled(image_processing): False
05/04/2022 12:02:55 ch7: 0
05/04/2022 12:02:56 is_deepstalled(image_processing): False
05/04/2022 12:02:56 ch7: 0
05/04/2022 12:02:56 is_deepstalled(image_processing): False
05/04/2022 12:02:56 ch7: 0
05/04/2022 12:02:56 is_deepstalled(image_processing): False
05/04/2022 12:02:56 ch7: 0
05/04/2022 12:02:56 is_deepstalled(image_processing): False
05/04/2022 12:02:56 Mode: RTL
05/04/2022 12:02:56 is_deepstalled(deepstall): False
05/04/2022 12:02:56 ch7: 0
05/04/2022 12:02:56 Pilot control
05/04/2022 12:02:56 is_deepstalled(image_processing): False
05/04/2022 12:02:56 Pilot control
05/04/2022 12:02:56 angle to be adjusted: 1712
05/04/2022 12:02:56 -------------Check stall condition-------------
05/04/2022 12:02:56 Alt: 0.014
05/04/2022 12:02:56 distance: 38.562777977207176
05/04/2022 12:02:56 ch7: 0
05/04/2022 12:02:56 is_deepstalled(image_processing): False
05/04/2022 12:02:56 ch7: 0
05/04/2022 12:02:56 is_deepstalled(image_processing): False
05/04/2022 12:02:56 ch7: 0
05/04/2022 12:02:56 is_deepstalled(image_processing): False
05/04/2022 12:02:56 ch7: 0
05/04/2022 12:02:56 is_deepstalled(image_processing): False
05/04/2022 12:02:57 ch7: 0
05/04/2022 12:02:57 is_deepstalled(image_processing): False
05/04/2022 12:02:57 ch7: 0
05/04/2022 12:02:57 is_deepstalled(image_processing): False
05/04/2022 12:02:57 ch7: 0
05/04/2022 12:02:57 is_deepstalled(image_processing): False
05/04/2022 12:02:57 ch7: 0
05/04/2022 12:02:57 is_deepstalled(image_processing): False
05/04/2022 12:02:57 ch7: 0
05/04/2022 12:02:57 is_deepstalled(image_processing): False
05/04/2022 12:02:57 ch7: 0
05/04/2022 12:02:57 is_deepstalled(image_processing): False
05/04/2022 12:02:57 Mode: RTL
05/04/2022 12:02:57 is_deepstalled(deepstall): False
05/04/2022 12:02:57 Pilot control
05/04/2022 12:02:57 Pilot control
05/04/2022 12:02:57 angle to be adjusted: 1712
05/04/2022 12:02:57 -------------Check stall condition-------------
05/04/2022 12:02:57 Alt: -0.152
05/04/2022 12:02:57 distance: 38.483928800592054
05/04/2022 12:02:57 ch7: 0
05/04/2022 12:02:57 is_deepstalled(image_processing): False
05/04/2022 12:02:57 ch7: 0
05/04/2022 12:02:57 is_deepstalled(image_processing): False
05/04/2022 12:02:57 ch7: 0
05/04/2022 12:02:57 is_deepstalled(image_processing): False
05/04/2022 12:02:57 ch7: 0
05/04/2022 12:02:57 is_deepstalled(image_processing): False
05/04/2022 12:02:58 ch7: 0
05/04/2022 12:02:58 is_deepstalled(image_processing): False
05/04/2022 12:02:58 ch7: 0
05/04/2022 12:02:58 is_deepstalled(image_processing): False
05/04/2022 12:02:58 ch7: 0
05/04/2022 12:02:58 is_deepstalled(image_processing): False
05/04/2022 12:02:58 Mode: RTL
05/04/2022 12:02:58 is_deepstalled(deepstall): False
05/04/2022 12:02:58 Pilot control
05/04/2022 12:02:58 Pilot control
05/04/2022 12:02:58 angle to be adjusted: 1712
05/04/2022 12:02:58 -------------Check stall condition-------------
05/04/2022 12:02:58 Alt: -0.248
05/04/2022 12:02:58 ch7: 0
05/04/2022 12:02:58 distance: 38.65886472354969
05/04/2022 12:02:58 is_deepstalled(image_processing): False
05/04/2022 12:02:58 ch7: 0
05/04/2022 12:02:58 is_deepstalled(image_processing): False
05/04/2022 12:02:58 ch7: 0
05/04/2022 12:02:58 is_deepstalled(image_processing): False
05/04/2022 12:02:59 ch7: 0
05/04/2022 12:02:59 is_deepstalled(image_processing): False
05/04/2022 12:02:59 ch7: 0
05/04/2022 12:02:59 is_deepstalled(image_processing): False
05/04/2022 12:02:59 ch7: 0
05/04/2022 12:02:59 is_deepstalled(image_processing): False
05/04/2022 12:02:59 ch7: 0
05/04/2022 12:02:59 is_deepstalled(image_processing): False
05/04/2022 12:02:59 ch7: 0
05/04/2022 12:02:59 is_deepstalled(image_processing): False
05/04/2022 12:02:59 ch7: 0
05/04/2022 12:02:59 is_deepstalled(image_processing): False
05/04/2022 12:02:59 Mode: RTL
05/04/2022 12:02:59 is_deepstalled(deepstall): False
05/04/2022 12:02:59 Pilot control
05/04/2022 12:02:59 Pilot control
05/04/2022 12:02:59 angle to be adjusted: 1712
05/04/2022 12:02:59 -------------Check stall condition-------------
05/04/2022 12:02:59 Alt: -0.067
05/04/2022 12:02:59 distance: 39.061852344646894
05/04/2022 12:02:59 ch7: 0
05/04/2022 12:02:59 is_deepstalled(image_processing): False
05/04/2022 12:02:59 ch7: 0
05/04/2022 12:02:59 is_deepstalled(image_processing): False
05/04/2022 12:02:59 ch7: 0
05/04/2022 12:02:59 is_deepstalled(image_processing): False
05/04/2022 12:03:00 ch7: 0
05/04/2022 12:03:00 is_deepstalled(image_processing): False
05/04/2022 12:03:00 ch7: 0
05/04/2022 12:03:00 is_deepstalled(image_processing): False
05/04/2022 12:03:00 ch7: 0
05/04/2022 12:03:00 is_deepstalled(image_processing): False
05/04/2022 12:03:00 ch7: 0
05/04/2022 12:03:00 is_deepstalled(image_processing): False
05/04/2022 12:03:00 ch7: 0
05/04/2022 12:03:00 is_deepstalled(image_processing): False
05/04/2022 12:03:00 ch7: 0
05/04/2022 12:03:00 is_deepstalled(image_processing): False
05/04/2022 12:03:00 Mode: RTL
05/04/2022 12:03:00 is_deepstalled(deepstall): False
05/04/2022 12:03:00 Pilot control
05/04/2022 12:03:00 Pilot control
05/04/2022 12:03:00 angle to be adjusted: 1712
05/04/2022 12:03:00 -------------Check stall condition-------------
05/04/2022 12:03:00 Alt: -0.045
05/04/2022 12:03:00 ch7: 0
05/04/2022 12:03:00 distance: 39.38068721224086
05/04/2022 12:03:00 is_deepstalled(image_processing): False
05/04/2022 12:03:00 ch7: 0
05/04/2022 12:03:00 is_deepstalled(image_processing): False
05/04/2022 12:03:01 ch7: 0
05/04/2022 12:03:01 is_deepstalled(image_processing): False
05/04/2022 12:03:01 ch7: 0
05/04/2022 12:03:01 is_deepstalled(image_processing): False
05/04/2022 12:03:01 ch7: 0
05/04/2022 12:03:01 is_deepstalled(image_processing): False
05/04/2022 12:03:01 ch7: 0
05/04/2022 12:03:01 is_deepstalled(image_processing): False
05/04/2022 12:03:01 ch7: 0
05/04/2022 12:03:01 is_deepstalled(image_processing): False
05/04/2022 12:03:01 ch7: 0
05/04/2022 12:03:01 is_deepstalled(image_processing): False
05/04/2022 12:03:01 ch7: 0
05/04/2022 12:03:01 is_deepstalled(image_processing): False
05/04/2022 12:03:01 ch7: 0
05/04/2022 12:03:01 is_deepstalled(image_processing): False
05/04/2022 12:03:01 Mode: RTL
05/04/2022 12:03:01 is_deepstalled(deepstall): False
05/04/2022 12:03:01 Pilot control
05/04/2022 12:03:01 Pilot control
05/04/2022 12:03:01 angle to be adjusted: 1712
05/04/2022 12:03:01 -------------Check stall condition-------------
05/04/2022 12:03:01 Alt: -0.169
05/04/2022 12:03:01 distance: 39.55906144459836
05/04/2022 12:03:01 ch7: 0
05/04/2022 12:03:01 is_deepstalled(image_processing): False
05/04/2022 12:03:01 ch7: 0
05/04/2022 12:03:01 is_deepstalled(image_processing): False
05/04/2022 12:03:02 ch7: 0
05/04/2022 12:03:02 is_deepstalled(image_processing): False
05/04/2022 12:03:02 ch7: 0
05/04/2022 12:03:02 is_deepstalled(image_processing): False
05/04/2022 12:03:02 ch7: 0
05/04/2022 12:03:02 is_deepstalled(image_processing): False
05/04/2022 12:03:02 ch7: 0
05/04/2022 12:03:02 is_deepstalled(image_processing): False
05/04/2022 12:03:02 ch7: 0
05/04/2022 12:03:02 is_deepstalled(image_processing): False
05/04/2022 12:03:02 ch7: 0
05/04/2022 12:03:02 is_deepstalled(image_processing): False
