22/02/2022 13:17:38 Connecting to Vehicle on: /dev/ttyACM0
22/02/2022 13:17:38 ArduPlane V4.1.4 (0f984409)
22/02/2022 13:17:38 ChibiOS: 45395b6a
22/02/2022 13:17:38 CubeBlack 00360049 3337510E 37353832
22/02/2022 13:17:38 RCOut: PWM:1-12
22/02/2022 13:17:38 IMU0: fast sampling enabled 8.0kHz/1.0kHz
22/02/2022 13:17:38 IMU2: fast sampling enabled 8.0kHz/1.0kHz
22/02/2022 13:17:50 -------------Check stall condition-------------
22/02/2022 13:17:50 Alt: 0.896
22/02/2022 13:17:50 distance: 53.6788423498935
22/02/2022 13:17:50 Mode: STABILIZE
22/02/2022 13:17:50 Pilot control
22/02/2022 13:17:51 ch7: 971
22/02/2022 13:17:51 -------------Check stall condition-------------
22/02/2022 13:17:51 Alt: 1.141
22/02/2022 13:17:51 distance: 53.708114866711604
22/02/2022 13:17:51 Mode: STABILIZE
22/02/2022 13:17:51 Pilot control
22/02/2022 13:17:51 ch7: 971
22/02/2022 13:17:51 -------------Check stall condition-------------
22/02/2022 13:17:51 Alt: 1.206
22/02/2022 13:17:51 distance: 53.71240625808566
22/02/2022 13:17:51 Mode: STABILIZE
22/02/2022 13:17:51 Pilot control
22/02/2022 13:17:52 ch7: 971
22/02/2022 13:17:52 -------------Check stall condition-------------
22/02/2022 13:17:52 Alt: 1.192
22/02/2022 13:17:52 distance: 53.55444163206796
22/02/2022 13:17:52 Mode: STABILIZE
22/02/2022 13:17:52 ch7: 971
22/02/2022 13:17:52 -------------Check stall condition-------------
22/02/2022 13:17:52 Alt: 1.188
22/02/2022 13:17:52 distance: 53.47874632610932
22/02/2022 13:17:52 Mode: STABILIZE
22/02/2022 13:17:52 ch7: 971
22/02/2022 13:17:52 -------------Check stall condition-------------
22/02/2022 13:17:52 Alt: 1.116
22/02/2022 13:17:52 distance: 53.3825207823057
22/02/2022 13:17:52 Mode: STABILIZE
22/02/2022 13:17:53 ch7: 971
22/02/2022 13:17:53 -------------Check stall condition-------------
22/02/2022 13:17:53 Alt: 0.191
22/02/2022 13:17:53 distance: 53.31118864944791
22/02/2022 13:17:53 Mode: STABILIZE
22/02/2022 13:17:53 Mission: 1 WP
22/02/2022 13:17:53 ch7: 971
22/02/2022 13:17:53 -------------Check stall condition-------------
22/02/2022 13:17:53 Alt: 0.112
22/02/2022 13:17:53 distance: 53.25066225863347
22/02/2022 13:17:53 Mode: AUTO
22/02/2022 13:17:53 Changed mode to: AUTO
22/02/2022 13:17:53 Waiting for reach target...
22/02/2022 13:17:53 is_deepstalled: False
22/02/2022 13:17:53 -------------Deep stall!!!-------------
22/02/2022 13:17:53 -------------Adjust angle after stall-------------
22/02/2022 13:17:53 Groundspeed: 0.3199663758277893
22/02/2022 13:17:53 excel log
22/02/2022 13:17:55 end log!!
22/02/2022 13:17:55 ch7: 971
22/02/2022 13:17:55 -------------Check stall condition-------------
22/02/2022 13:17:55 Alt: 0.184
22/02/2022 13:17:55 distance: 53.27449354452981
22/02/2022 13:17:55 Mode: STABILIZE
22/02/2022 13:17:55 -------------Adjust angle after stall-------------
22/02/2022 13:17:55 Groundspeed: 0.21131199598312378
22/02/2022 13:17:55 excel log
22/02/2022 13:17:55 end log!!
22/02/2022 13:17:56 ch7: 971
22/02/2022 13:17:56 -------------Check stall condition-------------
22/02/2022 13:17:56 Alt: 0.224
22/02/2022 13:17:56 distance: 53.34910472110768
22/02/2022 13:17:56 Mode: STABILIZE
22/02/2022 13:17:56 -------------Post stall-------------
22/02/2022 13:17:56 Groundspeed: 0.2027120739221573
22/02/2022 13:17:56 excel log
22/02/2022 13:17:56 end log!!
22/02/2022 13:17:56 ch7: 971
22/02/2022 13:17:56 -------------Check stall condition-------------
22/02/2022 13:17:56 Alt: 0.235
22/02/2022 13:17:56 distance: 53.37936247156524
22/02/2022 13:17:56 Mode: STABILIZE
22/02/2022 13:17:56 -------------Post stall-------------
22/02/2022 13:17:56 Groundspeed: 0.17646566033363342
22/02/2022 13:17:56 excel log
22/02/2022 13:17:56 end log!!
22/02/2022 13:17:57 ch7: 971
22/02/2022 13:17:57 -------------Check stall condition-------------
22/02/2022 13:17:57 Alt: 0.247
22/02/2022 13:17:57 distance: 53.39225453807229
22/02/2022 13:17:57 Mode: STABILIZE
22/02/2022 13:17:57 -------------Post stall-------------
22/02/2022 13:17:57 Groundspeed: 0.17884615063667297
22/02/2022 13:17:57 excel log
22/02/2022 13:17:57 end log!!
22/02/2022 13:17:58 ch7: 971
22/02/2022 13:17:58 -------------Check stall condition-------------
22/02/2022 13:17:58 Alt: 0.248
22/02/2022 13:17:58 distance: 53.48847647148881
22/02/2022 13:17:58 Mode: STABILIZE
22/02/2022 13:17:58 -------------Post stall-------------
22/02/2022 13:17:58 Groundspeed: 0.2855217158794403
22/02/2022 13:17:58 excel log
22/02/2022 13:17:58 end log!!
22/02/2022 13:17:58 ch7: 971
22/02/2022 13:17:58 -------------Check stall condition-------------
22/02/2022 13:17:58 Alt: 0.247
22/02/2022 13:17:58 distance: 53.58903733804439
22/02/2022 13:17:58 Mode: STABILIZE
22/02/2022 13:17:58 -------------Post stall-------------
22/02/2022 13:17:58 Groundspeed: 0.03377362713217735
22/02/2022 13:17:58 excel log
22/02/2022 13:17:58 end log!!
22/02/2022 13:17:59 ch7: 971
22/02/2022 13:17:59 -------------Check stall condition-------------
22/02/2022 13:17:59 Alt: 0.244
22/02/2022 13:17:59 distance: 53.58903733804439
22/02/2022 13:17:59 Mode: STABILIZE
22/02/2022 13:17:59 -------------Post stall-------------
22/02/2022 13:17:59 Groundspeed: 0.07817132025957108
22/02/2022 13:17:59 excel log
22/02/2022 13:17:59 end log!!
22/02/2022 13:17:59 ch7: 971
22/02/2022 13:17:59 -------------Check stall condition-------------
22/02/2022 13:17:59 Alt: 0.054
22/02/2022 13:17:59 distance: 53.66364070104794
22/02/2022 13:17:59 Mode: STABILIZE
22/02/2022 13:17:59 -------------Adjust angle after stall-------------
22/02/2022 13:17:59 Groundspeed: 0.10682155191898346
22/02/2022 13:17:59 excel log
22/02/2022 13:17:59 end log!!
22/02/2022 13:18:00 ch7: 971
22/02/2022 13:18:00 -------------Check stall condition-------------
22/02/2022 13:18:00 Alt: 0.08
22/02/2022 13:18:00 distance: 53.81609372901257
22/02/2022 13:18:00 Mode: STABILIZE
22/02/2022 13:18:00 -------------Adjust angle after stall-------------
22/02/2022 13:18:00 Groundspeed: 0.15444760024547577
22/02/2022 13:18:00 excel log
22/02/2022 13:18:00 end log!!
22/02/2022 13:18:00 ch7: 971
22/02/2022 13:18:00 -------------Check stall condition-------------
22/02/2022 13:18:00 Alt: 0.1
22/02/2022 13:18:00 distance: 53.77088728965808
22/02/2022 13:18:00 Mode: STABILIZE
22/02/2022 13:18:00 -------------Adjust angle after stall-------------
22/02/2022 13:18:00 Groundspeed: 0.17240817844867706
22/02/2022 13:18:00 excel log
22/02/2022 13:18:00 end log!!
22/02/2022 13:18:01 ch7: 971
22/02/2022 13:18:01 -------------Check stall condition-------------
22/02/2022 13:18:01 Alt: 0.124
22/02/2022 13:18:01 distance: 53.79689185352035
22/02/2022 13:18:01 Mode: STABILIZE
22/02/2022 13:18:01 -------------Adjust angle after stall-------------
22/02/2022 13:18:01 Groundspeed: 0.22757285833358765
22/02/2022 13:18:01 excel log
22/02/2022 13:18:01 end log!!
22/02/2022 13:18:01 ch7: 971
22/02/2022 13:18:01 -------------Check stall condition-------------
22/02/2022 13:18:01 Alt: 0.133
22/02/2022 13:18:01 distance: 53.883091746796175
22/02/2022 13:18:01 Mode: STABILIZE
22/02/2022 13:18:01 -------------Adjust angle after stall-------------
22/02/2022 13:18:01 Groundspeed: 0.17821793258190155
22/02/2022 13:18:01 excel log
22/02/2022 13:18:01 end log!!
22/02/2022 13:18:02 ch7: 970
22/02/2022 13:18:02 -------------Check stall condition-------------
22/02/2022 13:18:02 Alt: 0.298
22/02/2022 13:18:02 distance: 53.86465339843741
22/02/2022 13:18:02 Mode: STABILIZE
22/02/2022 13:18:02 -------------Post stall-------------
22/02/2022 13:18:02 Groundspeed: 0.2577532231807709
22/02/2022 13:18:02 excel log
22/02/2022 13:18:02 end log!!
22/02/2022 13:18:02 ch7: 970
22/02/2022 13:18:02 -------------Check stall condition-------------
22/02/2022 13:18:02 Alt: 0.414
22/02/2022 13:18:03 distance: 53.77177570565616
22/02/2022 13:18:03 Mode: STABILIZE
22/02/2022 13:18:03 -------------Post stall-------------
22/02/2022 13:18:03 Groundspeed: 0.31791943311691284
22/02/2022 13:18:03 excel log
22/02/2022 13:18:03 end log!!
22/02/2022 13:18:03 ch7: 970
22/02/2022 13:18:03 -------------Check stall condition-------------
22/02/2022 13:18:03 Alt: 0.486
22/02/2022 13:18:03 distance: 53.55765440378672
22/02/2022 13:18:03 Mode: STABILIZE
22/02/2022 13:18:03 -------------Post stall-------------
22/02/2022 13:18:03 Groundspeed: 0.17236460745334625
22/02/2022 13:18:03 excel log
22/02/2022 13:18:03 end log!!
22/02/2022 13:18:04 ch7: 971
22/02/2022 13:18:04 -------------Check stall condition-------------
22/02/2022 13:18:04 Alt: 0.506
22/02/2022 13:18:04 distance: 53.35896533835775
22/02/2022 13:18:04 Mode: STABILIZE
22/02/2022 13:18:04 -------------Post stall-------------
22/02/2022 13:18:04 Groundspeed: 0.15663780272006989
22/02/2022 13:18:04 excel log
22/02/2022 13:18:04 end log!!
22/02/2022 13:18:04 ch7: 971
22/02/2022 13:18:04 -------------Check stall condition-------------
22/02/2022 13:18:04 Alt: 0.535
22/02/2022 13:18:04 distance: 53.32690324367846
22/02/2022 13:18:04 Mode: STABILIZE
22/02/2022 13:18:04 -------------Post stall-------------
22/02/2022 13:18:04 Groundspeed: 0.0986432433128357
22/02/2022 13:18:04 excel log
22/02/2022 13:18:04 end log!!
22/02/2022 13:18:05 ch7: 971
22/02/2022 13:18:05 -------------Check stall condition-------------
22/02/2022 13:18:05 Alt: 0.218
22/02/2022 13:18:05 distance: 53.31712966663117
22/02/2022 13:18:05 Mode: STABILIZE
22/02/2022 13:18:05 -------------Post stall-------------
22/02/2022 13:18:05 Groundspeed: 0.16151313483715057
22/02/2022 13:18:05 excel log
22/02/2022 13:18:05 end log!!
22/02/2022 13:18:05 ch7: 971
22/02/2022 13:18:05 -------------Check stall condition-------------
22/02/2022 13:18:05 Alt: 0.105
22/02/2022 13:18:05 distance: 53.2025227819279
22/02/2022 13:18:05 Mode: STABILIZE
22/02/2022 13:18:05 -------------Adjust angle after stall-------------
22/02/2022 13:18:05 Groundspeed: 0.09980227798223495
22/02/2022 13:18:05 excel log
22/02/2022 13:18:05 end log!!
22/02/2022 13:18:06 ch7: 971
22/02/2022 13:18:06 -------------Check stall condition-------------
22/02/2022 13:18:06 Alt: 0.205
22/02/2022 13:18:06 distance: 53.07460203244843
22/02/2022 13:18:06 Mode: STABILIZE
22/02/2022 13:18:06 -------------Post stall-------------
22/02/2022 13:18:06 Groundspeed: 0.0950504019856453
22/02/2022 13:18:06 excel log
22/02/2022 13:18:06 end log!!
22/02/2022 13:18:06 ch7: 971
22/02/2022 13:18:06 -------------Check stall condition-------------
22/02/2022 13:18:06 Alt: 0.335
22/02/2022 13:18:06 distance: 53.05506522697152
22/02/2022 13:18:06 Mode: STABILIZE
22/02/2022 13:18:06 -------------Post stall-------------
22/02/2022 13:18:06 Groundspeed: 0.18666061758995056
22/02/2022 13:18:06 excel log
22/02/2022 13:18:06 end log!!
22/02/2022 13:18:07 ch7: 970
22/02/2022 13:18:07 -------------Check stall condition-------------
22/02/2022 13:18:07 Alt: 0.424
22/02/2022 13:18:07 distance: 52.862331179873124
22/02/2022 13:18:07 Mode: STABILIZE
22/02/2022 13:18:07 -------------Post stall-------------
22/02/2022 13:18:07 Groundspeed: 0.5178089737892151
22/02/2022 13:18:07 excel log
22/02/2022 13:18:07 end log!!
22/02/2022 13:18:07 ch7: 971
22/02/2022 13:18:07 -------------Check stall condition-------------
22/02/2022 13:18:07 Alt: 0.552
22/02/2022 13:18:07 distance: 52.32197095054176
22/02/2022 13:18:07 Mode: STABILIZE
22/02/2022 13:18:07 -------------Post stall-------------
22/02/2022 13:18:07 Groundspeed: 0.6383427381515503
22/02/2022 13:18:07 excel log
22/02/2022 13:18:07 end log!!
22/02/2022 13:18:08 ch7: 971
22/02/2022 13:18:08 -------------Check stall condition-------------
22/02/2022 13:18:08 Alt: 0.761
22/02/2022 13:18:08 distance: 52.185637703150796
22/02/2022 13:18:08 Mode: STABILIZE
22/02/2022 13:18:08 -------------Post stall-------------
22/02/2022 13:18:08 Groundspeed: 0.543077290058136
22/02/2022 13:18:08 excel log
22/02/2022 13:18:08 end log!!
22/02/2022 13:18:08 ch7: 971
22/02/2022 13:18:09 -------------Check stall condition-------------
22/02/2022 13:18:09 Alt: 0.9
22/02/2022 13:18:09 distance: 52.0402958483243
22/02/2022 13:18:09 Mode: STABILIZE
22/02/2022 13:18:09 -------------Post stall-------------
22/02/2022 13:18:09 Groundspeed: 0.8196769952774048
22/02/2022 13:18:09 excel log
22/02/2022 13:18:09 end log!!
22/02/2022 13:18:09 ch7: 971
22/02/2022 13:18:09 -------------Check stall condition-------------
22/02/2022 13:18:09 Alt: 1.124
22/02/2022 13:18:09 distance: 51.78237229203699
22/02/2022 13:18:09 Mode: STABILIZE
22/02/2022 13:18:09 -------------Post stall-------------
22/02/2022 13:18:09 Groundspeed: 0.5470814108848572
22/02/2022 13:18:09 excel log
22/02/2022 13:18:10 ch7: 970
22/02/2022 13:18:10 -------------Check stall condition-------------
22/02/2022 13:18:10 Alt: 1.46
22/02/2022 13:18:10 distance: 51.60617620781516
22/02/2022 13:18:10 Mode: STABILIZE
22/02/2022 13:18:10 -------------Post stall-------------
22/02/2022 13:18:10 Groundspeed: 0.3385150730609894
22/02/2022 13:18:10 excel log
22/02/2022 13:18:10 ch7: 971
22/02/2022 13:18:10 -------------Check stall condition-------------
22/02/2022 13:18:10 Alt: 1.567
22/02/2022 13:18:10 distance: 51.637156485520244
22/02/2022 13:18:10 Mode: STABILIZE
22/02/2022 13:18:10 -------------Post stall-------------
22/02/2022 13:18:10 Groundspeed: 0.19308945536613464
22/02/2022 13:18:10 excel log
22/02/2022 13:18:11 ch7: 970
22/02/2022 13:18:11 -------------Check stall condition-------------
22/02/2022 13:18:11 Alt: 0.442
22/02/2022 13:18:11 distance: 51.79896696750927
22/02/2022 13:18:11 Mode: STABILIZE
22/02/2022 13:18:11 -------------Adjust angle after stall-------------
22/02/2022 13:18:11 Groundspeed: 0.11039222776889801
22/02/2022 13:18:11 excel log
22/02/2022 13:18:11 end log!!
22/02/2022 13:18:11 ch7: 971
22/02/2022 13:18:11 -------------Check stall condition-------------
22/02/2022 13:18:11 Alt: -0.038
22/02/2022 13:18:11 distance: 52.02254664754233
22/02/2022 13:18:11 Mode: STABILIZE
22/02/2022 13:18:11 -------------Adjust angle after stall-------------
22/02/2022 13:18:11 Groundspeed: 0.47970151901245117
22/02/2022 13:18:11 excel log
22/02/2022 13:18:11 end log!!
22/02/2022 13:18:12 ch7: 971
22/02/2022 13:18:12 -------------Check stall condition-------------
22/02/2022 13:18:12 Alt: -0.043
22/02/2022 13:18:12 distance: 52.46468666867551
22/02/2022 13:18:12 Mode: STABILIZE
22/02/2022 13:18:12 -------------Adjust angle after stall-------------
22/02/2022 13:18:12 Groundspeed: 0.7028641104698181
22/02/2022 13:18:12 excel log
22/02/2022 13:18:12 end log!!
22/02/2022 13:18:12 ch7: 971
22/02/2022 13:18:12 -------------Check stall condition-------------
22/02/2022 13:18:12 Alt: -0.004
22/02/2022 13:18:12 distance: 52.987712493454445
22/02/2022 13:18:12 Mode: STABILIZE
22/02/2022 13:18:12 -------------Adjust angle after stall-------------
22/02/2022 13:18:12 Groundspeed: 0.6503100991249084
22/02/2022 13:18:12 excel log
22/02/2022 13:18:12 end log!!
22/02/2022 13:18:13 ch7: 971
22/02/2022 13:18:13 -------------Check stall condition-------------
22/02/2022 13:18:13 Alt: 0.057
22/02/2022 13:18:13 distance: 53.80914845094509
22/02/2022 13:18:13 Mode: STABILIZE
22/02/2022 13:18:13 -------------Adjust angle after stall-------------
22/02/2022 13:18:13 Groundspeed: 0.7891865968704224
22/02/2022 13:18:13 excel log
22/02/2022 13:18:13 end log!!
22/02/2022 13:18:14 ch7: 971
22/02/2022 13:18:14 -------------Check stall condition-------------
22/02/2022 13:18:14 Alt: 0.097
22/02/2022 13:18:14 distance: 54.27722386490039
22/02/2022 13:18:14 Mode: STABILIZE
22/02/2022 13:18:14 -------------Adjust angle after stall-------------
22/02/2022 13:18:14 Groundspeed: 0.6034051775932312
22/02/2022 13:18:14 excel log
22/02/2022 13:18:14 end log!!
22/02/2022 13:18:14 ch7: 971
22/02/2022 13:18:14 -------------Check stall condition-------------
22/02/2022 13:18:14 Alt: 0.134
22/02/2022 13:18:14 distance: 54.716387941434526
22/02/2022 13:18:14 Mode: STABILIZE
22/02/2022 13:18:14 -------------Adjust angle after stall-------------
22/02/2022 13:18:14 Groundspeed: 0.5755012035369873
22/02/2022 13:18:14 excel log
22/02/2022 13:18:14 end log!!
22/02/2022 13:18:15 ch7: 971
22/02/2022 13:18:15 -------------Check stall condition-------------
22/02/2022 13:18:15 Alt: 0.267
22/02/2022 13:18:15 distance: 55.09209252854067
22/02/2022 13:18:15 Mode: STABILIZE
22/02/2022 13:18:15 -------------Post stall-------------
22/02/2022 13:18:15 Groundspeed: 0.32412204146385193
22/02/2022 13:18:15 excel log
22/02/2022 13:18:15 end log!!
22/02/2022 13:18:16 ch7: 971
22/02/2022 13:18:16 -------------Check stall condition-------------
22/02/2022 13:18:16 Alt: 0.344
22/02/2022 13:18:16 distance: 55.034015700917635
22/02/2022 13:18:16 Mode: STABILIZE
22/02/2022 13:18:16 -------------Post stall-------------
22/02/2022 13:18:16 Groundspeed: 0.27806389331817627
22/02/2022 13:18:16 excel log
22/02/2022 13:18:16 end log!!
22/02/2022 13:18:16 ch7: 971
22/02/2022 13:18:16 -------------Check stall condition-------------
22/02/2022 13:18:16 Alt: 0.418
22/02/2022 13:18:16 distance: 54.91809185328375
22/02/2022 13:18:16 Mode: STABILIZE
22/02/2022 13:18:16 -------------Post stall-------------
22/02/2022 13:18:16 Groundspeed: 0.27809980511665344
22/02/2022 13:18:16 excel log
22/02/2022 13:18:16 end log!!
22/02/2022 13:18:17 ch7: 971
22/02/2022 13:18:17 -------------Check stall condition-------------
22/02/2022 13:18:17 Alt: 0.261
22/02/2022 13:18:17 distance: 54.760850058366984
22/02/2022 13:18:17 Mode: STABILIZE
22/02/2022 13:18:17 -------------Post stall-------------
22/02/2022 13:18:17 Groundspeed: 0.23319058120250702
22/02/2022 13:18:17 excel log
22/02/2022 13:18:17 end log!!
22/02/2022 13:18:17 ch7: 971
22/02/2022 13:18:17 -------------Check stall condition-------------
22/02/2022 13:18:17 Alt: 0.274
22/02/2022 13:18:17 distance: 54.540040149199754
22/02/2022 13:18:17 Mode: STABILIZE
22/02/2022 13:18:17 -------------Post stall-------------
22/02/2022 13:18:17 Groundspeed: 0.2473694533109665
22/02/2022 13:18:17 excel log
22/02/2022 13:18:17 end log!!
22/02/2022 13:18:18 ch7: 971
22/02/2022 13:18:18 -------------Check stall condition-------------
22/02/2022 13:18:18 Alt: 0.421
22/02/2022 13:18:18 distance: 54.140711190176006
22/02/2022 13:18:18 Mode: STABILIZE
22/02/2022 13:18:18 -------------Post stall-------------
22/02/2022 13:18:18 Groundspeed: 0.31664350628852844
22/02/2022 13:18:18 excel log
22/02/2022 13:18:18 end log!!
22/02/2022 13:18:18 ch7: 971
22/02/2022 13:18:18 -------------Check stall condition-------------
22/02/2022 13:18:18 Alt: 0.545
22/02/2022 13:18:18 distance: 53.69596790700634
22/02/2022 13:18:18 Mode: STABILIZE
22/02/2022 13:18:18 -------------Post stall-------------
22/02/2022 13:18:18 Groundspeed: 0.47211161255836487
22/02/2022 13:18:18 excel log
22/02/2022 13:18:18 end log!!
22/02/2022 13:18:19 ch7: 971
22/02/2022 13:18:19 -------------Check stall condition-------------
22/02/2022 13:18:19 Alt: 0.605
22/02/2022 13:18:19 distance: 53.42944512183824
22/02/2022 13:18:19 Mode: STABILIZE
22/02/2022 13:18:19 -------------Post stall-------------
22/02/2022 13:18:19 Groundspeed: 0.48164650797843933
22/02/2022 13:18:19 excel log
22/02/2022 13:18:19 end log!!
22/02/2022 13:18:19 ch7: 971
22/02/2022 13:18:19 -------------Check stall condition-------------
22/02/2022 13:18:19 Alt: 0.677
22/02/2022 13:18:19 distance: 53.12711095924434
22/02/2022 13:18:19 Mode: STABILIZE
22/02/2022 13:18:19 -------------Post stall-------------
22/02/2022 13:18:19 Groundspeed: 0.2103230506181717
22/02/2022 13:18:19 excel log
22/02/2022 13:18:19 end log!!
22/02/2022 13:18:20 ch7: 971
22/02/2022 13:18:20 -------------Check stall condition-------------
22/02/2022 13:18:20 Alt: 0.766
22/02/2022 13:18:20 distance: 52.842001813480195
22/02/2022 13:18:20 Mode: STABILIZE
22/02/2022 13:18:20 -------------Post stall-------------
22/02/2022 13:18:20 Groundspeed: 0.4203317165374756
22/02/2022 13:18:20 excel log
22/02/2022 13:18:20 end log!!
22/02/2022 13:18:20 ch7: 971
22/02/2022 13:18:20 -------------Check stall condition-------------
22/02/2022 13:18:20 Alt: 0.847
22/02/2022 13:18:20 distance: 52.39503655778036
22/02/2022 13:18:20 Mode: STABILIZE
22/02/2022 13:18:20 -------------Post stall-------------
22/02/2022 13:18:20 Groundspeed: 0.7196843028068542
22/02/2022 13:18:20 excel log
22/02/2022 13:18:20 end log!!
22/02/2022 13:18:21 ch7: 971
22/02/2022 13:18:21 -------------Check stall condition-------------
22/02/2022 13:18:21 Alt: 0.944
22/02/2022 13:18:21 distance: 51.9975481715409
22/02/2022 13:18:21 Mode: STABILIZE
22/02/2022 13:18:21 -------------Post stall-------------
22/02/2022 13:18:21 Groundspeed: 0.797601580619812
22/02/2022 13:18:21 excel log
22/02/2022 13:18:21 end log!!
22/02/2022 13:18:21 ch7: 971
22/02/2022 13:18:21 -------------Check stall condition-------------
22/02/2022 13:18:21 Alt: 1.068
22/02/2022 13:18:22 distance: 51.69691123390085
22/02/2022 13:18:22 Mode: STABILIZE
22/02/2022 13:18:22 -------------Post stall-------------
22/02/2022 13:18:22 Groundspeed: 0.7812469005584717
22/02/2022 13:18:22 excel log
22/02/2022 13:18:22 ch7: 971
22/02/2022 13:18:22 -------------Check stall condition-------------
22/02/2022 13:18:22 Alt: 1.193
22/02/2022 13:18:22 distance: 51.55034411562115
22/02/2022 13:18:22 Mode: STABILIZE
22/02/2022 13:18:22 -------------Post stall-------------
22/02/2022 13:18:22 Groundspeed: 0.6741623282432556
22/02/2022 13:18:22 excel log
22/02/2022 13:18:22 ch7: 971
22/02/2022 13:18:22 -------------Check stall condition-------------
22/02/2022 13:18:22 Alt: 1.159
22/02/2022 13:18:22 distance: 51.51095728942126
22/02/2022 13:18:22 Mode: STABILIZE
22/02/2022 13:18:23 -------------Post stall-------------
22/02/2022 13:18:23 Groundspeed: 0.6415104269981384
22/02/2022 13:18:23 excel log
22/02/2022 13:18:23 end log!!
22/02/2022 13:18:23 ch7: 971
22/02/2022 13:18:23 -------------Check stall condition-------------
22/02/2022 13:18:23 Alt: 0.308
22/02/2022 13:18:23 distance: 51.543713817377075
22/02/2022 13:18:23 Mode: STABILIZE
22/02/2022 13:18:23 -------------Post stall-------------
22/02/2022 13:18:23 Groundspeed: 0.7688108086585999
22/02/2022 13:18:23 excel log
22/02/2022 13:18:23 end log!!
22/02/2022 13:18:23 ch7: 971
22/02/2022 13:18:23 -------------Check stall condition-------------
22/02/2022 13:18:23 Alt: 0.302
22/02/2022 13:18:23 distance: 51.433099060953325
22/02/2022 13:18:23 Mode: STABILIZE
22/02/2022 13:18:23 -------------Post stall-------------
22/02/2022 13:18:23 Groundspeed: 0.7241951823234558
22/02/2022 13:18:24 excel log
22/02/2022 13:18:24 end log!!
22/02/2022 13:18:24 ch7: 971
22/02/2022 13:18:24 -------------Check stall condition-------------
22/02/2022 13:18:24 Alt: 0.397
22/02/2022 13:18:24 distance: 51.03749965753448
22/02/2022 13:18:24 Mode: STABILIZE
22/02/2022 13:18:24 -------------Post stall-------------
22/02/2022 13:18:24 Groundspeed: 0.6136177182197571
22/02/2022 13:18:24 excel log
22/02/2022 13:18:24 end log!!
22/02/2022 13:18:24 ch7: 971
22/02/2022 13:18:24 -------------Check stall condition-------------
22/02/2022 13:18:24 Alt: 0.534
22/02/2022 13:18:24 distance: 50.77684725465005
22/02/2022 13:18:24 Mode: STABILIZE
22/02/2022 13:18:24 -------------Post stall-------------
22/02/2022 13:18:24 Groundspeed: 0.3796323835849762
22/02/2022 13:18:24 excel log
22/02/2022 13:18:24 end log!!
22/02/2022 13:18:25 ch7: 971
22/02/2022 13:18:25 -------------Check stall condition-------------
22/02/2022 13:18:25 Alt: 0.589
22/02/2022 13:18:25 distance: 50.62541120885222
22/02/2022 13:18:25 Mode: STABILIZE
22/02/2022 13:18:25 -------------Post stall-------------
22/02/2022 13:18:25 Groundspeed: 0.6306387782096863
22/02/2022 13:18:25 excel log
22/02/2022 13:18:25 end log!!
22/02/2022 13:18:25 ch7: 971
22/02/2022 13:18:25 -------------Check stall condition-------------
22/02/2022 13:18:25 Alt: 0.65
22/02/2022 13:18:25 distance: 50.49156542898621
22/02/2022 13:18:25 Mode: STABILIZE
22/02/2022 13:18:25 -------------Post stall-------------
22/02/2022 13:18:25 Groundspeed: 0.683064341545105
22/02/2022 13:18:25 excel log
22/02/2022 13:18:25 end log!!
22/02/2022 13:18:26 ch7: 971
22/02/2022 13:18:26 -------------Check stall condition-------------
22/02/2022 13:18:26 Alt: 0.684
22/02/2022 13:18:26 distance: 50.39009690449599
22/02/2022 13:18:26 Mode: STABILIZE
22/02/2022 13:18:26 -------------Post stall-------------
22/02/2022 13:18:26 Groundspeed: 0.6872369050979614
22/02/2022 13:18:26 excel log
22/02/2022 13:18:26 end log!!
22/02/2022 13:18:26 ch7: 970
22/02/2022 13:18:26 -------------Check stall condition-------------
22/02/2022 13:18:26 Alt: 0.742
22/02/2022 13:18:26 distance: 50.27647212783986
22/02/2022 13:18:26 Mode: STABILIZE
22/02/2022 13:18:26 -------------Post stall-------------
22/02/2022 13:18:26 Groundspeed: 0.6698591709136963
22/02/2022 13:18:26 excel log
22/02/2022 13:18:26 end log!!
22/02/2022 13:18:27 ch7: 971
22/02/2022 13:18:27 -------------Check stall condition-------------
22/02/2022 13:18:27 Alt: 0.777
22/02/2022 13:18:27 distance: 50.2472227336226
22/02/2022 13:18:27 Mode: STABILIZE
22/02/2022 13:18:27 -------------Post stall-------------
22/02/2022 13:18:27 Groundspeed: 0.6942538022994995
22/02/2022 13:18:27 excel log
22/02/2022 13:18:27 end log!!
22/02/2022 13:18:27 ch7: 971
22/02/2022 13:18:27 -------------Check stall condition-------------
22/02/2022 13:18:27 Alt: 0.874
22/02/2022 13:18:27 distance: 49.95719769033377
22/02/2022 13:18:27 Mode: STABILIZE
22/02/2022 13:18:27 -------------Post stall-------------
22/02/2022 13:18:27 Groundspeed: 1.4073104858398438
22/02/2022 13:18:27 excel log
22/02/2022 13:18:27 end log!!
22/02/2022 13:18:28 ch7: 971
22/02/2022 13:18:28 -------------Check stall condition-------------
22/02/2022 13:18:28 Alt: 0.931
22/02/2022 13:18:28 distance: 49.43101377953105
22/02/2022 13:18:28 Mode: STABILIZE
22/02/2022 13:18:28 -------------Post stall-------------
22/02/2022 13:18:28 Groundspeed: 1.0339226722717285
22/02/2022 13:18:28 excel log
22/02/2022 13:18:28 end log!!
22/02/2022 13:18:28 ch7: 971
22/02/2022 13:18:28 -------------Check stall condition-------------
22/02/2022 13:18:28 Alt: 1.013
22/02/2022 13:18:28 distance: 49.23289105555684
22/02/2022 13:18:28 Mode: STABILIZE
22/02/2022 13:18:28 -------------Post stall-------------
22/02/2022 13:18:28 Groundspeed: 0.6966800689697266
22/02/2022 13:18:28 excel log
22/02/2022 13:18:29 ch7: 971
22/02/2022 13:18:29 -------------Check stall condition-------------
22/02/2022 13:18:29 Alt: 0.484
22/02/2022 13:18:29 distance: 49.093273936531695
22/02/2022 13:18:29 Mode: STABILIZE
22/02/2022 13:18:29 -------------Post stall-------------
22/02/2022 13:18:29 Groundspeed: 0.6786821484565735
22/02/2022 13:18:29 excel log
22/02/2022 13:18:29 end log!!
22/02/2022 13:18:29 ch7: 970
22/02/2022 13:18:29 -------------Check stall condition-------------
22/02/2022 13:18:29 Alt: 0.331
22/02/2022 13:18:29 distance: 48.979820998382934
22/02/2022 13:18:29 Mode: STABILIZE
22/02/2022 13:18:29 -------------Post stall-------------
22/02/2022 13:18:29 Groundspeed: 0.5400762557983398
22/02/2022 13:18:29 excel log
22/02/2022 13:18:29 end log!!
22/02/2022 13:18:29 ch7: 971
22/02/2022 13:18:29 -------------Check stall condition-------------
22/02/2022 13:18:29 Alt: 0.381
22/02/2022 13:18:29 distance: 48.940863316264135
22/02/2022 13:18:29 Mode: STABILIZE
22/02/2022 13:18:30 Pilot control
22/02/2022 13:18:30 ch7: 971
22/02/2022 13:18:30 -------------Check stall condition-------------
22/02/2022 13:18:30 Alt: 0.516
22/02/2022 13:18:30 distance: 49.05138116160676
22/02/2022 13:18:30 Mode: STABILIZE
22/02/2022 13:18:30 Pilot control
22/02/2022 13:18:30 ch7: 971
22/02/2022 13:18:30 -------------Check stall condition-------------
22/02/2022 13:18:30 Alt: 0.574
22/02/2022 13:18:30 distance: 49.30057635440673
22/02/2022 13:18:30 Mode: STABILIZE
22/02/2022 13:18:30 Pilot control
22/02/2022 13:18:31 ch7: 971
22/02/2022 13:18:31 -------------Check stall condition-------------
22/02/2022 13:18:31 Alt: 0.661
22/02/2022 13:18:31 distance: 49.56246308768496
22/02/2022 13:18:31 Mode: STABILIZE
22/02/2022 13:18:31 Pilot control
22/02/2022 13:18:31 ch7: 971
22/02/2022 13:18:31 -------------Check stall condition-------------
22/02/2022 13:18:31 Alt: 0.738
22/02/2022 13:18:31 distance: 49.73442444391123
22/02/2022 13:18:31 Mode: STABILIZE
22/02/2022 13:18:31 Pilot control
22/02/2022 13:18:32 ch7: 970
22/02/2022 13:18:32 -------------Check stall condition-------------
22/02/2022 13:18:32 Alt: 0.792
22/02/2022 13:18:32 distance: 49.953098447949046
22/02/2022 13:18:32 Mode: STABILIZE
22/02/2022 13:18:32 Pilot control
22/02/2022 13:18:32 ch7: 971
22/02/2022 13:18:32 -------------Check stall condition-------------
22/02/2022 13:18:32 Alt: 0.834
22/02/2022 13:18:32 distance: 49.951505791946786
22/02/2022 13:18:32 Mode: STABILIZE
22/02/2022 13:18:32 Pilot control
22/02/2022 13:18:33 ch7: 971
22/02/2022 13:18:33 -------------Check stall condition-------------
22/02/2022 13:18:33 Alt: 0.877
22/02/2022 13:18:33 distance: 49.77325396329605
22/02/2022 13:18:33 Mode: STABILIZE
22/02/2022 13:18:33 Pilot control
22/02/2022 13:18:33 ch7: 971
22/02/2022 13:18:33 -------------Check stall condition-------------
22/02/2022 13:18:33 Alt: 0.912
22/02/2022 13:18:33 distance: 49.58199147160993
22/02/2022 13:18:33 Mode: STABILIZE
22/02/2022 13:18:33 Pilot control
22/02/2022 13:18:34 ch7: 971
22/02/2022 13:18:34 -------------Check stall condition-------------
22/02/2022 13:18:34 Alt: 0.95
22/02/2022 13:18:34 distance: 49.33155890306766
22/02/2022 13:18:34 Mode: STABILIZE
22/02/2022 13:18:34 Pilot control
22/02/2022 13:18:35 ch7: 971
22/02/2022 13:18:35 -------------Check stall condition-------------
22/02/2022 13:18:35 Alt: 0.914
22/02/2022 13:18:35 distance: 49.15813661636065
22/02/2022 13:18:35 Mode: STABILIZE
22/02/2022 13:18:35 Pilot control
22/02/2022 13:18:35 ch7: 971
22/02/2022 13:18:35 -------------Check stall condition-------------
22/02/2022 13:18:35 Alt: 0.245
22/02/2022 13:18:35 distance: 49.01568998350051
22/02/2022 13:18:35 Mode: STABILIZE
22/02/2022 13:18:35 Pilot control
22/02/2022 13:18:36 ch7: 970
22/02/2022 13:18:36 -------------Check stall condition-------------
22/02/2022 13:18:36 Alt: 0.302
22/02/2022 13:18:36 distance: 48.57595744232217
22/02/2022 13:18:36 Mode: STABILIZE
22/02/2022 13:18:36 Pilot control
22/02/2022 13:18:36 ch7: 971
22/02/2022 13:18:36 -------------Check stall condition-------------
22/02/2022 13:18:36 Alt: 0.367
22/02/2022 13:18:36 distance: 48.070234949217735
22/02/2022 13:18:36 Mode: STABILIZE
22/02/2022 13:18:36 Pilot control
22/02/2022 13:18:37 ch7: 971
22/02/2022 13:18:37 -------------Check stall condition-------------
22/02/2022 13:18:37 Alt: 0.498
22/02/2022 13:18:37 distance: 47.61008129469141
22/02/2022 13:18:37 Mode: STABILIZE
22/02/2022 13:18:37 Pilot control
22/02/2022 13:18:37 ch7: 971
22/02/2022 13:18:37 -------------Check stall condition-------------
22/02/2022 13:18:37 Alt: 0.632
22/02/2022 13:18:37 distance: 47.18199233031277
22/02/2022 13:18:37 Mode: STABILIZE
22/02/2022 13:18:37 Pilot control
22/02/2022 13:18:38 ch7: 971
22/02/2022 13:18:38 -------------Check stall condition-------------
22/02/2022 13:18:38 Alt: 0.759
22/02/2022 13:18:38 distance: 47.08652341772472
22/02/2022 13:18:38 Mode: STABILIZE
22/02/2022 13:18:38 Pilot control
22/02/2022 13:18:38 ch7: 971
22/02/2022 13:18:38 -------------Check stall condition-------------
22/02/2022 13:18:38 Alt: 0.774
22/02/2022 13:18:38 distance: 46.90919856655067
22/02/2022 13:18:38 Mode: STABILIZE
22/02/2022 13:18:38 Pilot control
22/02/2022 13:18:39 ch7: 971
22/02/2022 13:18:39 -------------Check stall condition-------------
22/02/2022 13:18:39 Alt: 0.808
22/02/2022 13:18:39 distance: 46.54091368029784
22/02/2022 13:18:39 Mode: STABILIZE
22/02/2022 13:18:39 Pilot control
22/02/2022 13:18:39 ch7: 970
22/02/2022 13:18:39 -------------Check stall condition-------------
22/02/2022 13:18:39 Alt: 0.837
22/02/2022 13:18:39 distance: 46.41177098102398
22/02/2022 13:18:39 Mode: STABILIZE
22/02/2022 13:18:39 Pilot control
22/02/2022 13:18:40 ch7: 970
22/02/2022 13:18:40 -------------Check stall condition-------------
22/02/2022 13:18:40 Alt: 0.824
22/02/2022 13:18:40 distance: 46.138307002963586
22/02/2022 13:18:40 Mode: STABILIZE
22/02/2022 13:18:40 Pilot control
22/02/2022 13:18:40 ch7: 970
22/02/2022 13:18:40 -------------Check stall condition-------------
22/02/2022 13:18:40 Alt: 0.817
22/02/2022 13:18:40 distance: 45.683705414083825
22/02/2022 13:18:40 Mode: STABILIZE
22/02/2022 13:18:40 Pilot control
22/02/2022 13:18:41 ch7: 971
22/02/2022 13:18:41 -------------Check stall condition-------------
22/02/2022 13:18:41 Alt: 0.762
22/02/2022 13:18:41 distance: 45.457115753690374
22/02/2022 13:18:41 Mode: FBWA
22/02/2022 13:18:41 Pilot control
22/02/2022 13:18:41 ch7: 971
22/02/2022 13:18:41 -------------Check stall condition-------------
22/02/2022 13:18:41 Alt: 0.226
22/02/2022 13:18:41 distance: 45.2653135035703
22/02/2022 13:18:41 Mode: FBWA
22/02/2022 13:18:41 Pilot control
22/02/2022 13:18:41 Mission: 1 WP
22/02/2022 13:18:41 ch7: 971
22/02/2022 13:18:41 -------------Check stall condition-------------
22/02/2022 13:18:41 Alt: 0.239
22/02/2022 13:18:41 distance: 44.96064927944651
22/02/2022 13:18:41 Mode: AUTO
22/02/2022 13:18:42 ch7: 971
22/02/2022 13:18:42 -------------Check stall condition-------------
22/02/2022 13:18:42 Alt: 0.458
22/02/2022 13:18:42 distance: 44.40955108828946
22/02/2022 13:18:42 Mode: AUTO
22/02/2022 13:18:42 ch7: 971
22/02/2022 13:18:42 -------------Check stall condition-------------
22/02/2022 13:18:42 Alt: 0.484
22/02/2022 13:18:42 distance: 44.22989907532008
22/02/2022 13:18:42 Mode: AUTO
22/02/2022 13:18:43 ch7: 971
22/02/2022 13:18:43 -------------Check stall condition-------------
22/02/2022 13:18:43 Alt: 0.447
22/02/2022 13:18:43 distance: 43.868731160584495
22/02/2022 13:18:43 Mode: AUTO
22/02/2022 13:18:43 ch7: 971
22/02/2022 13:18:43 -------------Check stall condition-------------
22/02/2022 13:18:43 Alt: 0.46
22/02/2022 13:18:43 distance: 43.32579108715107
22/02/2022 13:18:43 Mode: AUTO
22/02/2022 13:18:44 ch7: 971
22/02/2022 13:18:44 -------------Check stall condition-------------
22/02/2022 13:18:44 Alt: 0.499
22/02/2022 13:18:44 distance: 43.186310714567945
22/02/2022 13:18:44 Mode: AUTO
22/02/2022 13:18:44 ch7: 970
22/02/2022 13:18:44 -------------Check stall condition-------------
22/02/2022 13:18:44 Alt: 0.698
22/02/2022 13:18:44 distance: 43.09762585081367
22/02/2022 13:18:44 Mode: AUTO
22/02/2022 13:18:44 ch7: 971
22/02/2022 13:18:44 -------------Check stall condition-------------
22/02/2022 13:18:45 Alt: 0.767
22/02/2022 13:18:45 distance: 43.229052752939225
22/02/2022 13:18:45 Mode: AUTO
22/02/2022 13:18:45 ch7: 971
22/02/2022 13:18:45 -------------Check stall condition-------------
22/02/2022 13:18:45 Alt: 0.81
22/02/2022 13:18:45 distance: 43.508179516385056
22/02/2022 13:18:45 Mode: STABILIZE
22/02/2022 13:18:45 Pilot control
22/02/2022 13:18:45 ch7: 971
22/02/2022 13:18:45 -------------Check stall condition-------------
22/02/2022 13:18:45 Alt: 0.84
22/02/2022 13:18:45 distance: 43.86774812013703
22/02/2022 13:18:45 Mode: STABILIZE
22/02/2022 13:18:45 Pilot control
22/02/2022 13:18:46 ch7: 971
22/02/2022 13:18:46 -------------Check stall condition-------------
22/02/2022 13:18:46 Alt: 0.835
22/02/2022 13:18:46 distance: 44.04177738202598
22/02/2022 13:18:46 Mode: STABILIZE
22/02/2022 13:18:46 Pilot control
22/02/2022 13:18:46 ch7: 971
22/02/2022 13:18:46 -------------Check stall condition-------------
22/02/2022 13:18:46 Alt: 0.831
22/02/2022 13:18:46 distance: 44.3513680616388
22/02/2022 13:18:46 Mode: STABILIZE
22/02/2022 13:18:46 Pilot control
22/02/2022 13:18:47 ch7: 971
22/02/2022 13:18:47 -------------Check stall condition-------------
22/02/2022 13:18:47 Alt: 0.32
22/02/2022 13:18:47 distance: 44.1963776611209
22/02/2022 13:18:47 Mode: STABILIZE
22/02/2022 13:18:47 Pilot control
22/02/2022 13:18:47 ch7: 971
22/02/2022 13:18:47 -------------Check stall condition-------------
22/02/2022 13:18:47 Alt: 0.158
22/02/2022 13:18:47 distance: 44.15869598907089
22/02/2022 13:18:47 Mode: STABILIZE
22/02/2022 13:18:47 Pilot control
22/02/2022 13:18:47 ch7: 971
22/02/2022 13:18:47 -------------Check stall condition-------------
22/02/2022 13:18:47 Alt: 0.198
22/02/2022 13:18:47 distance: 44.189075816080454
22/02/2022 13:18:47 Mode: STABILIZE
22/02/2022 13:18:47 Pilot control
22/02/2022 13:18:48 ch7: 971
22/02/2022 13:18:48 -------------Check stall condition-------------
22/02/2022 13:18:48 Alt: 0.368
22/02/2022 13:18:48 distance: 44.055406238352404
22/02/2022 13:18:48 Mode: STABILIZE
22/02/2022 13:18:48 Pilot control
22/02/2022 13:18:48 ch7: 971
22/02/2022 13:18:48 -------------Check stall condition-------------
22/02/2022 13:18:48 Alt: 0.456
22/02/2022 13:18:48 distance: 43.94441002041858
22/02/2022 13:18:48 Mode: STABILIZE
22/02/2022 13:18:48 Pilot control
22/02/2022 13:18:49 ch7: 971
22/02/2022 13:18:49 -------------Check stall condition-------------
22/02/2022 13:18:49 Alt: 0.624
22/02/2022 13:18:49 distance: 43.68637440908437
22/02/2022 13:18:49 Mode: STABILIZE
22/02/2022 13:18:49 Pilot control
22/02/2022 13:18:49 ch7: 971
22/02/2022 13:18:49 -------------Check stall condition-------------
22/02/2022 13:18:49 Alt: 0.72
22/02/2022 13:18:49 distance: 43.43244100031314
22/02/2022 13:18:49 Mode: STABILIZE
22/02/2022 13:18:49 Pilot control
22/02/2022 13:18:50 ch7: 971
22/02/2022 13:18:50 -------------Check stall condition-------------
22/02/2022 13:18:50 Alt: 0.79
22/02/2022 13:18:50 distance: 43.00860252711988
22/02/2022 13:18:50 Mode: STABILIZE
22/02/2022 13:18:50 Pilot control
22/02/2022 13:18:50 ch7: 971
22/02/2022 13:18:50 -------------Check stall condition-------------
22/02/2022 13:18:50 Alt: 0.803
22/02/2022 13:18:50 distance: 42.44723619526069
22/02/2022 13:18:50 Mode: STABILIZE
22/02/2022 13:18:50 Pilot control
22/02/2022 13:18:50 ch7: 971
22/02/2022 13:18:50 -------------Check stall condition-------------
22/02/2022 13:18:50 Alt: 0.912
22/02/2022 13:18:50 distance: 41.910934300944625
22/02/2022 13:18:50 Mode: STABILIZE
22/02/2022 13:18:51 Pilot control
22/02/2022 13:18:51 ch7: 971
22/02/2022 13:18:51 -------------Check stall condition-------------
22/02/2022 13:18:51 Alt: 1.014
22/02/2022 13:18:51 distance: 41.68563912752523
22/02/2022 13:18:51 Mode: STABILIZE
22/02/2022 13:18:51 Pilot control
22/02/2022 13:18:51 ch7: 970
22/02/2022 13:18:51 -------------Check stall condition-------------
22/02/2022 13:18:51 Alt: 1.064
22/02/2022 13:18:51 distance: 41.42622191782431
22/02/2022 13:18:51 Mode: STABILIZE
22/02/2022 13:18:51 Pilot control
22/02/2022 13:18:52 ch7: 970
22/02/2022 13:18:52 -------------Check stall condition-------------
22/02/2022 13:18:52 Alt: 1.101
22/02/2022 13:18:52 distance: 41.061321393859416
22/02/2022 13:18:52 Mode: STABILIZE
22/02/2022 13:18:52 Pilot control
22/02/2022 13:18:52 ch7: 970
22/02/2022 13:18:52 -------------Check stall condition-------------
22/02/2022 13:18:52 Alt: 1.155
22/02/2022 13:18:52 distance: 40.997907908457734
22/02/2022 13:18:52 Mode: STABILIZE
22/02/2022 13:18:52 Pilot control
22/02/2022 13:18:53 ch7: 971
22/02/2022 13:18:53 -------------Check stall condition-------------
22/02/2022 13:18:53 Alt: 0.31
22/02/2022 13:18:53 distance: 40.89874491106559
22/02/2022 13:18:53 Mode: STABILIZE
22/02/2022 13:18:53 Pilot control
22/02/2022 13:18:53 ch7: 971
22/02/2022 13:18:53 -------------Check stall condition-------------
22/02/2022 13:18:53 Alt: 0.054
22/02/2022 13:18:53 distance: 40.60959924705006
22/02/2022 13:18:53 Mode: STABILIZE
22/02/2022 13:18:53 Pilot control
22/02/2022 13:18:54 ch7: 971
22/02/2022 13:18:54 -------------Check stall condition-------------
22/02/2022 13:18:54 Alt: 0.061
22/02/2022 13:18:54 distance: 40.48185925035408
22/02/2022 13:18:54 Mode: STABILIZE
22/02/2022 13:18:54 Pilot control
22/02/2022 13:18:54 ch7: 971
22/02/2022 13:18:54 -------------Check stall condition-------------
22/02/2022 13:18:54 Alt: 0.047
22/02/2022 13:18:54 distance: 40.56485023883864
22/02/2022 13:18:54 Mode: STABILIZE
22/02/2022 13:18:54 Pilot control
22/02/2022 13:18:55 ch7: 970
22/02/2022 13:18:55 -------------Check stall condition-------------
22/02/2022 13:18:55 Alt: -0.031
22/02/2022 13:18:55 distance: 41.01781596919417
22/02/2022 13:18:55 Mode: STABILIZE
22/02/2022 13:18:55 Pilot control
22/02/2022 13:18:55 ch7: 971
22/02/2022 13:18:55 -------------Check stall condition-------------
22/02/2022 13:18:55 Alt: -0.369
22/02/2022 13:18:55 distance: 42.057709263257635
22/02/2022 13:18:55 Mode: STABILIZE
22/02/2022 13:18:55 Pilot control
22/02/2022 13:18:56 ch7: 971
22/02/2022 13:18:56 -------------Check stall condition-------------
22/02/2022 13:18:56 Alt: -0.497
22/02/2022 13:18:56 distance: 43.082818182727934
22/02/2022 13:18:56 Mode: STABILIZE
22/02/2022 13:18:56 Pilot control
22/02/2022 13:18:56 ch7: 971
22/02/2022 13:18:56 -------------Check stall condition-------------
22/02/2022 13:18:56 Alt: -0.562
22/02/2022 13:18:56 distance: 44.08817897308857
22/02/2022 13:18:56 Mode: STABILIZE
22/02/2022 13:18:56 Pilot control
22/02/2022 13:18:56 ch7: 971
22/02/2022 13:18:56 -------------Check stall condition-------------
22/02/2022 13:18:57 Alt: -0.612
22/02/2022 13:18:57 distance: 45.03208271511159
22/02/2022 13:18:57 Mode: STABILIZE
22/02/2022 13:18:57 Pilot control
22/02/2022 13:18:57 ch7: 971
22/02/2022 13:18:57 -------------Check stall condition-------------
22/02/2022 13:18:57 Alt: -0.636
22/02/2022 13:18:57 distance: 45.75989768220415
22/02/2022 13:18:57 Mode: STABILIZE
22/02/2022 13:18:57 Pilot control
22/02/2022 13:18:57 ch7: 971
22/02/2022 13:18:57 -------------Check stall condition-------------
22/02/2022 13:18:57 Alt: -0.669
22/02/2022 13:18:57 distance: 46.42643107483094
22/02/2022 13:18:57 Mode: STABILIZE
22/02/2022 13:18:57 Pilot control
22/02/2022 13:18:58 ch7: 971
22/02/2022 13:18:58 -------------Check stall condition-------------
22/02/2022 13:18:58 Alt: -0.679
22/02/2022 13:18:58 distance: 46.69408787329611
22/02/2022 13:18:58 Mode: STABILIZE
22/02/2022 13:18:58 Pilot control
22/02/2022 13:18:58 ch7: 971
22/02/2022 13:18:58 -------------Check stall condition-------------
22/02/2022 13:18:58 Alt: -0.706
22/02/2022 13:18:58 distance: 47.1753968965295
22/02/2022 13:18:58 Mode: STABILIZE
22/02/2022 13:18:58 Pilot control
22/02/2022 13:18:59 ch7: 971
22/02/2022 13:18:59 -------------Check stall condition-------------
22/02/2022 13:18:59 Alt: -0.178
22/02/2022 13:18:59 distance: 47.53835610874578
22/02/2022 13:18:59 Mode: STABILIZE
22/02/2022 13:18:59 Pilot control
22/02/2022 13:18:59 ch7: 971
22/02/2022 13:18:59 -------------Check stall condition-------------
22/02/2022 13:18:59 Alt: -0.006
22/02/2022 13:18:59 distance: 47.847215094497194
22/02/2022 13:18:59 Mode: STABILIZE
22/02/2022 13:18:59 Pilot control
22/02/2022 13:19:00 ch7: 971
22/02/2022 13:19:00 -------------Check stall condition-------------
22/02/2022 13:19:00 Alt: 0.035
22/02/2022 13:19:00 distance: 48.01175320108609
22/02/2022 13:19:00 Mode: STABILIZE
22/02/2022 13:19:00 Pilot control
22/02/2022 13:19:00 ch7: 971
22/02/2022 13:19:00 -------------Check stall condition-------------
22/02/2022 13:19:00 Alt: 0.094
22/02/2022 13:19:00 distance: 48.2710361973744
22/02/2022 13:19:00 Mode: STABILIZE
22/02/2022 13:19:00 Pilot control
22/02/2022 13:19:01 ch7: 971
22/02/2022 13:19:01 -------------Check stall condition-------------
22/02/2022 13:19:01 Alt: 0.147
22/02/2022 13:19:01 distance: 48.360933337857865
22/02/2022 13:19:01 Mode: STABILIZE
22/02/2022 13:19:01 Pilot control
22/02/2022 13:19:01 ch7: 971
22/02/2022 13:19:01 -------------Check stall condition-------------
22/02/2022 13:19:01 Alt: 0.181
22/02/2022 13:19:01 distance: 48.4306983116652
22/02/2022 13:19:01 Mode: STABILIZE
22/02/2022 13:19:01 Pilot control
22/02/2022 13:19:01 ch7: 971
22/02/2022 13:19:01 -------------Check stall condition-------------
22/02/2022 13:19:01 Alt: 0.199
22/02/2022 13:19:01 distance: 48.615113226961
22/02/2022 13:19:01 Mode: STABILIZE
22/02/2022 13:19:01 Pilot control
