18/02/2022 15:24:59 Connecting to Vehicle on: /dev/ttyACM0
18/02/2022 15:24:59 ArduPlane V4.1.4 (0f984409)
18/02/2022 15:24:59 ChibiOS: 45395b6a
18/02/2022 15:24:59 CubeBlack 00360049 3337510E 37353832
18/02/2022 15:24:59 RCOut: PWM:1-12
18/02/2022 15:24:59 IMU0: fast sampling enabled 8.0kHz/1.0kHz
18/02/2022 15:24:59 IMU2: fast sampling enabled 8.0kHz/1.0kHz
18/02/2022 15:25:05 Throttle failsafe on
18/02/2022 15:25:05 Failsafe. Short event on: type=1/reason=3
18/02/2022 15:25:05 Flight mode = 1
18/02/2022 15:25:10 Failsafe. Long event on: type=2/reason=3
18/02/2022 15:25:10 Flight mode = 11
18/02/2022 15:25:10 Unable to start landing sequence
18/02/2022 15:25:12 -------------Check stall condition-------------
18/02/2022 15:25:12 Alt: 0.362
18/02/2022 15:25:12 ch8: 2065
18/02/2022 15:25:12 distance: 48.14277391206785
18/02/2022 15:25:12 Waiting for reach target...
18/02/2022 15:25:13 -------------Check stall condition-------------
18/02/2022 15:25:13 Alt: 0.085
18/02/2022 15:25:13 ch8: 2065
18/02/2022 15:25:13 distance: 48.12845123868067
18/02/2022 15:25:13 Waiting for reach target...
18/02/2022 15:25:13 -------------Check stall condition-------------
18/02/2022 15:25:13 Alt: 0.085
18/02/2022 15:25:13 ch8: 2065
18/02/2022 15:25:13 distance: 48.11865190551925
18/02/2022 15:25:13 Waiting for reach target...
18/02/2022 15:25:14 -------------Check stall condition-------------
18/02/2022 15:25:14 Alt: 0.089
18/02/2022 15:25:14 ch8: 2065
18/02/2022 15:25:14 distance: 48.094543566372664
18/02/2022 15:25:14 Waiting for reach target...
18/02/2022 15:25:14 -------------Check stall condition-------------
18/02/2022 15:25:14 Alt: 0.09
18/02/2022 15:25:14 ch8: 2065
18/02/2022 15:25:14 distance: 48.055363315297384
18/02/2022 15:25:14 Waiting for reach target...
18/02/2022 15:25:14 -------------Check stall condition-------------
18/02/2022 15:25:14 Alt: 0.112
18/02/2022 15:25:14 ch8: 2065
18/02/2022 15:25:14 distance: 48.0545806732078
18/02/2022 15:25:14 Waiting for reach target...
18/02/2022 15:25:15 -------------Check stall condition-------------
18/02/2022 15:25:15 Alt: 0.124
18/02/2022 15:25:15 ch8: 2065
18/02/2022 15:25:15 distance: 48.074952276941666
18/02/2022 15:25:15 Waiting for reach target...
18/02/2022 15:25:15 -------------Check stall condition-------------
18/02/2022 15:25:15 Alt: 0.137
18/02/2022 15:25:15 ch8: 2065
18/02/2022 15:25:15 distance: 48.09532813332167
18/02/2022 15:25:15 Waiting for reach target...
18/02/2022 15:25:15 -------------Check stall condition-------------
18/02/2022 15:25:15 Alt: 0.156
18/02/2022 15:25:15 ch8: 2065
18/02/2022 15:25:15 distance: 48.14588322496157
18/02/2022 15:25:15 Waiting for reach target...
18/02/2022 15:25:16 -------------Check stall condition-------------
18/02/2022 15:25:16 Alt: 0.169
18/02/2022 15:25:16 ch8: 2065
18/02/2022 15:25:16 distance: 48.220519804362084
18/02/2022 15:25:16 Waiting for reach target...
18/02/2022 15:25:16 -------------Check stall condition-------------
18/02/2022 15:25:16 Alt: 0.175
18/02/2022 15:25:16 ch8: 2065
18/02/2022 15:25:16 distance: 48.280069249812655
18/02/2022 15:25:16 Waiting for reach target...
18/02/2022 15:25:16 -------------Check stall condition-------------
18/02/2022 15:25:16 Alt: 0.183
18/02/2022 15:25:16 ch8: 2065
18/02/2022 15:25:16 distance: 48.29596347166478
18/02/2022 15:25:16 Waiting for reach target...
18/02/2022 15:25:17 -------------Check stall condition-------------
18/02/2022 15:25:17 Alt: 0.184
18/02/2022 15:25:17 ch8: 2065
18/02/2022 15:25:17 distance: 48.31105345847683
18/02/2022 15:25:17 Waiting for reach target...
18/02/2022 15:25:17 -------------Check stall condition-------------
18/02/2022 15:25:17 Alt: 0.18
18/02/2022 15:25:17 ch8: 2065
18/02/2022 15:25:17 distance: 48.30209033899717
18/02/2022 15:25:17 Waiting for reach target...
18/02/2022 15:25:17 -------------Check stall condition-------------
18/02/2022 15:25:17 Alt: 0.179
18/02/2022 15:25:17 ch8: 2065
18/02/2022 15:25:17 distance: 48.28868103321527
18/02/2022 15:25:17 Waiting for reach target...
18/02/2022 15:25:18 -------------Check stall condition-------------
18/02/2022 15:25:18 Alt: 0.091
18/02/2022 15:25:18 ch8: 2065
18/02/2022 15:25:18 distance: 48.25488851911253
18/02/2022 15:25:18 Waiting for reach target...
18/02/2022 15:25:18 -------------Check stall condition-------------
18/02/2022 15:25:18 Alt: 0.074
18/02/2022 15:25:18 ch8: 2065
18/02/2022 15:25:18 distance: 48.21667513091911
18/02/2022 15:25:18 Waiting for reach target...
18/02/2022 15:25:18 -------------Check stall condition-------------
18/02/2022 15:25:18 Alt: 0.074
18/02/2022 15:25:18 ch8: 2065
18/02/2022 15:25:18 distance: 48.227344887887426
18/02/2022 15:25:18 Waiting for reach target...
18/02/2022 15:25:19 -------------Check stall condition-------------
18/02/2022 15:25:19 Alt: 0.073
18/02/2022 15:25:19 ch8: 2065
18/02/2022 15:25:19 distance: 48.22917947801708
18/02/2022 15:25:19 Waiting for reach target...
18/02/2022 15:25:19 -------------Check stall condition-------------
18/02/2022 15:25:19 Alt: 0.087
18/02/2022 15:25:19 ch8: 2065
18/02/2022 15:25:19 distance: 48.21595036537538
18/02/2022 15:25:19 Waiting for reach target...
18/02/2022 15:25:20 -------------Check stall condition-------------
18/02/2022 15:25:20 Alt: 0.089
18/02/2022 15:25:20 ch8: 2065
18/02/2022 15:25:20 distance: 48.21155013491212
18/02/2022 15:25:20 Waiting for reach target...
18/02/2022 15:25:20 -------------Check stall condition-------------
18/02/2022 15:25:20 Alt: 0.079
18/02/2022 15:25:20 ch8: 2065
18/02/2022 15:25:20 distance: 48.13450288518586
18/02/2022 15:25:20 Waiting for reach target...
18/02/2022 15:25:20 -------------Check stall condition-------------
18/02/2022 15:25:20 Alt: 0.094
18/02/2022 15:25:20 ch8: 2065
18/02/2022 15:25:20 distance: 48.155000227127985
18/02/2022 15:25:20 Waiting for reach target...
18/02/2022 15:25:21 -------------Check stall condition-------------
18/02/2022 15:25:21 Alt: 0.108
18/02/2022 15:25:21 ch8: 2065
18/02/2022 15:25:21 distance: 48.17550170787977
18/02/2022 15:25:21 Waiting for reach target...
18/02/2022 15:25:21 -------------Check stall condition-------------
18/02/2022 15:25:21 Alt: 0.132
18/02/2022 15:25:21 ch8: 2065
18/02/2022 15:25:21 distance: 48.28473399647648
18/02/2022 15:25:21 Waiting for reach target...
18/02/2022 15:25:21 -------------Check stall condition-------------
18/02/2022 15:25:21 Alt: 0.134
18/02/2022 15:25:21 ch8: 2065
18/02/2022 15:25:21 distance: 48.30960546511323
18/02/2022 15:25:21 Waiting for reach target...
18/02/2022 15:25:22 -------------Check stall condition-------------
18/02/2022 15:25:22 Alt: 0.141
18/02/2022 15:25:22 ch8: 2065
18/02/2022 15:25:22 distance: 48.40472167629876
18/02/2022 15:25:22 Waiting for reach target...
18/02/2022 15:25:22 -------------Check stall condition-------------
18/02/2022 15:25:22 Alt: 0.146
18/02/2022 15:25:22 ch8: 2065
18/02/2022 15:25:22 distance: 48.46421098867735
18/02/2022 15:25:22 Waiting for reach target...
18/02/2022 15:25:22 -------------Check stall condition-------------
18/02/2022 15:25:23 Alt: 0.136
18/02/2022 15:25:23 ch8: 2065
18/02/2022 15:25:23 distance: 48.5106062784639
18/02/2022 15:25:23 Waiting for reach target...
18/02/2022 15:25:23 -------------Check stall condition-------------
18/02/2022 15:25:23 Alt: 0.138
18/02/2022 15:25:23 ch8: 2065
18/02/2022 15:25:23 distance: 48.51268559608478
18/02/2022 15:25:23 Waiting for reach target...
18/02/2022 15:25:23 -------------Check stall condition-------------
18/02/2022 15:25:23 Alt: 0.122
18/02/2022 15:25:23 ch8: 2065
18/02/2022 15:25:23 distance: 48.51808144458959
18/02/2022 15:25:23 Waiting for reach target...
18/02/2022 15:25:24 -------------Check stall condition-------------
18/02/2022 15:25:24 Alt: 0.071
18/02/2022 15:25:24 ch8: 2065
18/02/2022 15:25:24 distance: 48.528879002152976
18/02/2022 15:25:24 Waiting for reach target...
18/02/2022 15:25:24 -------------Check stall condition-------------
18/02/2022 15:25:24 Alt: 0.045
18/02/2022 15:25:24 ch8: 2065
18/02/2022 15:25:24 distance: 48.55159123269159
18/02/2022 15:25:24 Waiting for reach target...
18/02/2022 15:25:24 -------------Check stall condition-------------
18/02/2022 15:25:24 Alt: 0.047
18/02/2022 15:25:24 ch8: 2065
18/02/2022 15:25:24 distance: 48.558117135569006
18/02/2022 15:25:24 Waiting for reach target...
18/02/2022 15:25:25 -------------Check stall condition-------------
18/02/2022 15:25:25 Alt: 0.055
18/02/2022 15:25:25 ch8: 2065
18/02/2022 15:25:25 distance: 48.57438723725768
18/02/2022 15:25:25 Waiting for reach target...
18/02/2022 15:25:25 -------------Check stall condition-------------
18/02/2022 15:25:25 Alt: 0.083
18/02/2022 15:25:25 ch8: 2065
18/02/2022 15:25:25 distance: 48.651272752355915
18/02/2022 15:25:25 Waiting for reach target...
18/02/2022 15:25:25 -------------Check stall condition-------------
18/02/2022 15:25:25 Alt: 0.093
18/02/2022 15:25:25 ch8: 2065
18/02/2022 15:25:25 distance: 48.706438696790606
18/02/2022 15:25:25 Waiting for reach target...
18/02/2022 15:25:26 -------------Check stall condition-------------
18/02/2022 15:25:26 Alt: 0.096
18/02/2022 15:25:26 ch8: 2065
18/02/2022 15:25:26 distance: 48.781033057831394
18/02/2022 15:25:26 Waiting for reach target...
18/02/2022 15:25:26 -------------Check stall condition-------------
18/02/2022 15:25:26 Alt: 0.106
18/02/2022 15:25:26 ch8: 2065
18/02/2022 15:25:26 distance: 48.96052320444837
18/02/2022 15:25:26 Waiting for reach target...
18/02/2022 15:25:26 -------------Check stall condition-------------
18/02/2022 15:25:26 Alt: 0.108
18/02/2022 15:25:26 ch8: 2065
18/02/2022 15:25:26 distance: 49.025403539654356
18/02/2022 15:25:26 Waiting for reach target...
18/02/2022 15:25:27 -------------Check stall condition-------------
18/02/2022 15:25:27 Alt: 0.117
18/02/2022 15:25:27 ch8: 2065
18/02/2022 15:25:27 distance: 49.09572233092903
18/02/2022 15:25:27 Waiting for reach target...
18/02/2022 15:25:27 -------------Check stall condition-------------
18/02/2022 15:25:27 Alt: 0.126
18/02/2022 15:25:27 ch8: 2065
18/02/2022 15:25:27 distance: 49.13146886898814
18/02/2022 15:25:27 Waiting for reach target...
18/02/2022 15:25:27 -------------Check stall condition-------------
18/02/2022 15:25:27 Alt: 0.142
18/02/2022 15:25:27 ch8: 2065
18/02/2022 15:25:27 distance: 49.17386546714034
18/02/2022 15:25:27 Waiting for reach target...
18/02/2022 15:25:27 -------------Check stall condition-------------
18/02/2022 15:25:27 Alt: 0.156
18/02/2022 15:25:27 ch8: 2065
18/02/2022 15:25:27 distance: 49.195694284480055
18/02/2022 15:25:27 Waiting for reach target...
18/02/2022 15:25:28 -------------Check stall condition-------------
18/02/2022 15:25:28 Alt: 0.179
18/02/2022 15:25:28 ch8: 2065
18/02/2022 15:25:28 distance: 49.2272500852642
18/02/2022 15:25:28 Waiting for reach target...
18/02/2022 15:25:28 -------------Check stall condition-------------
18/02/2022 15:25:28 Alt: 0.179
18/02/2022 15:25:28 ch8: 2065
18/02/2022 15:25:28 distance: 49.2272500852642
18/02/2022 15:25:28 Waiting for reach target...
18/02/2022 15:25:28 -------------Check stall condition-------------
18/02/2022 15:25:28 Alt: 0.218
18/02/2022 15:25:28 ch8: 2065
18/02/2022 15:25:28 distance: 49.31699726895124
18/02/2022 15:25:28 Waiting for reach target...
18/02/2022 15:25:28 -------------Check stall condition-------------
18/02/2022 15:25:28 Alt: 0.247
18/02/2022 15:25:28 ch8: 2065
18/02/2022 15:25:28 distance: 49.35702263933663
18/02/2022 15:25:28 Waiting for reach target...
18/02/2022 15:25:29 -------------Check stall condition-------------
18/02/2022 15:25:29 Alt: 0.278
18/02/2022 15:25:29 ch8: 2065
18/02/2022 15:25:29 distance: 49.397048190577806
18/02/2022 15:25:29 Waiting for reach target...
18/02/2022 15:25:29 -------------Check stall condition-------------
18/02/2022 15:25:29 Alt: 0.313
18/02/2022 15:25:29 ch8: 2065
18/02/2022 15:25:29 distance: 49.4661635458086
18/02/2022 15:25:29 Waiting for reach target...
18/02/2022 15:25:29 -------------Check stall condition-------------
18/02/2022 15:25:29 Alt: 0.347
18/02/2022 15:25:29 ch8: 2065
18/02/2022 15:25:29 distance: 49.53952015710756
18/02/2022 15:25:29 Waiting for reach target...
18/02/2022 15:25:29 -------------Check stall condition-------------
18/02/2022 15:25:29 Alt: 0.183
18/02/2022 15:25:29 ch8: 2065
18/02/2022 15:25:29 distance: 49.63472866251871
18/02/2022 15:25:29 Waiting for reach target...
18/02/2022 15:25:30 -------------Check stall condition-------------
18/02/2022 15:25:30 Alt: 0.183
18/02/2022 15:25:30 ch8: 2065
18/02/2022 15:25:30 distance: 49.63472866251871
18/02/2022 15:25:30 Waiting for reach target...
18/02/2022 15:25:30 -------------Check stall condition-------------
18/02/2022 15:25:30 Alt: 0.107
18/02/2022 15:25:30 ch8: 2065
18/02/2022 15:25:30 distance: 49.68568275754145
18/02/2022 15:25:30 Waiting for reach target...
18/02/2022 15:25:30 -------------Check stall condition-------------
18/02/2022 15:25:30 Alt: 0.107
18/02/2022 15:25:30 ch8: 2065
18/02/2022 15:25:30 distance: 49.68568275754145
18/02/2022 15:25:30 Waiting for reach target...
18/02/2022 15:25:30 -------------Check stall condition-------------
18/02/2022 15:25:30 Alt: 0.116
18/02/2022 15:25:30 ch8: 2065
18/02/2022 15:25:31 distance: 49.73664693797981
18/02/2022 15:25:31 Waiting for reach target...
18/02/2022 15:25:31 -------------Check stall condition-------------
18/02/2022 15:25:31 Alt: 0.116
18/02/2022 15:25:31 ch8: 2065
18/02/2022 15:25:31 distance: 49.737901406367165
18/02/2022 15:25:31 Waiting for reach target...
18/02/2022 15:25:31 -------------Check stall condition-------------
18/02/2022 15:25:31 Alt: 0.123
18/02/2022 15:25:31 ch8: 2065
18/02/2022 15:25:31 distance: 49.799851756779375
18/02/2022 15:25:31 Waiting for reach target...
18/02/2022 15:25:32 -------------Check stall condition-------------
18/02/2022 15:25:32 Alt: 0.138
18/02/2022 15:25:32 ch8: 2065
18/02/2022 15:25:32 distance: 49.882845536482165
18/02/2022 15:25:32 Waiting for reach target...
18/02/2022 15:25:32 -------------Check stall condition-------------
18/02/2022 15:25:32 Alt: 0.166
18/02/2022 15:25:32 ch8: 2065
18/02/2022 15:25:32 distance: 49.982284429606864
18/02/2022 15:25:32 Waiting for reach target...
18/02/2022 15:25:33 -------------Check stall condition-------------
18/02/2022 15:25:33 Alt: 0.177
18/02/2022 15:25:33 ch8: 2065
18/02/2022 15:25:33 distance: 50.01683619549986
18/02/2022 15:25:33 Waiting for reach target...
18/02/2022 15:25:33 -------------Check stall condition-------------
18/02/2022 15:25:33 Alt: 0.181
18/02/2022 15:25:33 ch8: 2065
18/02/2022 15:25:33 distance: 50.056863935152556
18/02/2022 15:25:33 Waiting for reach target...
18/02/2022 15:25:33 -------------Check stall condition-------------
18/02/2022 15:25:33 Alt: 0.219
18/02/2022 15:25:33 ch8: 2065
18/02/2022 15:25:33 distance: 50.17444389716814
18/02/2022 15:25:33 Waiting for reach target...
18/02/2022 15:25:34 -------------Check stall condition-------------
18/02/2022 15:25:34 Alt: 0.233
18/02/2022 15:25:34 ch8: 2065
18/02/2022 15:25:34 distance: 50.24779489075489
18/02/2022 15:25:34 Waiting for reach target...
18/02/2022 15:25:34 -------------Check stall condition-------------
18/02/2022 15:25:34 Alt: 0.233
18/02/2022 15:25:34 ch8: 2065
18/02/2022 15:25:34 distance: 50.330864989453204
18/02/2022 15:25:34 Waiting for reach target...
18/02/2022 15:25:34 -------------Check stall condition-------------
18/02/2022 15:25:34 Alt: 0.245
18/02/2022 15:25:34 ch8: 2065
18/02/2022 15:25:34 distance: 50.42486073646576
18/02/2022 15:25:34 Waiting for reach target...
18/02/2022 15:25:35 -------------Check stall condition-------------
18/02/2022 15:25:35 Alt: 0.239
18/02/2022 15:25:35 ch8: 2065
18/02/2022 15:25:35 distance: 50.489744321610104
18/02/2022 15:25:35 Waiting for reach target...
18/02/2022 15:25:35 -------------Check stall condition-------------
18/02/2022 15:25:35 Alt: 0.102
18/02/2022 15:25:35 ch8: 2065
18/02/2022 15:25:35 distance: 50.66803986004997
18/02/2022 15:25:35 Waiting for reach target...
18/02/2022 15:25:35 -------------Check stall condition-------------
18/02/2022 15:25:35 Alt: -0.002
18/02/2022 15:25:35 ch8: 2065
18/02/2022 15:25:35 distance: 50.763236046283986
18/02/2022 15:25:35 Waiting for reach target...
18/02/2022 15:25:35 -------------Check stall condition-------------
18/02/2022 15:25:35 Alt: -0.002
18/02/2022 15:25:35 ch8: 2065
18/02/2022 15:25:35 distance: 50.83357157034198
18/02/2022 15:25:35 Waiting for reach target...
18/02/2022 15:25:36 -------------Check stall condition-------------
18/02/2022 15:25:36 Alt: 0.001
18/02/2022 15:25:36 ch8: 2065
18/02/2022 15:25:36 distance: 50.92697892246048
18/02/2022 15:25:36 Waiting for reach target...
18/02/2022 15:25:36 -------------Check stall condition-------------
18/02/2022 15:25:36 Alt: 0.001
18/02/2022 15:25:36 ch8: 2065
18/02/2022 15:25:36 distance: 50.92697892246048
18/02/2022 15:25:36 Waiting for reach target...
18/02/2022 15:25:36 -------------Check stall condition-------------
18/02/2022 15:25:36 Alt: 0.011
18/02/2022 15:25:36 ch8: 2065
18/02/2022 15:25:36 distance: 51.0028047457588
18/02/2022 15:25:36 Waiting for reach target...
18/02/2022 15:25:36 -------------Check stall condition-------------
18/02/2022 15:25:36 Alt: 0.015
18/02/2022 15:25:36 ch8: 2065
18/02/2022 15:25:36 distance: 51.05377939597698
18/02/2022 15:25:36 Waiting for reach target...
18/02/2022 15:25:37 -------------Check stall condition-------------
18/02/2022 15:25:37 Alt: 0.02
18/02/2022 15:25:37 ch8: 2065
18/02/2022 15:25:37 distance: 51.08538576312602
18/02/2022 15:25:37 Waiting for reach target...
18/02/2022 15:25:37 -------------Check stall condition-------------
18/02/2022 15:25:37 Alt: 0.022
18/02/2022 15:25:37 ch8: 2065
18/02/2022 15:25:37 distance: 51.08796184308698
18/02/2022 15:25:37 Waiting for reach target...
18/02/2022 15:25:37 -------------Check stall condition-------------
18/02/2022 15:25:37 Alt: 0.039
18/02/2022 15:25:37 ch8: 2065
18/02/2022 15:25:37 distance: 51.10026435253354
18/02/2022 15:25:37 Waiting for reach target...
18/02/2022 15:25:37 -------------Check stall condition-------------
18/02/2022 15:25:37 Alt: 0.063
18/02/2022 15:25:37 ch8: 2065
18/02/2022 15:25:37 distance: 51.15680930793274
18/02/2022 15:25:37 Waiting for reach target...
18/02/2022 15:25:38 -------------Check stall condition-------------
18/02/2022 15:25:38 Alt: 0.063
18/02/2022 15:25:38 ch8: 2065
18/02/2022 15:25:38 distance: 51.19819073767073
18/02/2022 15:25:38 Waiting for reach target...
18/02/2022 15:25:38 -------------Check stall condition-------------
18/02/2022 15:25:38 Alt: 0.09
18/02/2022 15:25:38 ch8: 2065
18/02/2022 15:25:38 distance: 51.257573589676866
18/02/2022 15:25:38 Waiting for reach target...
18/02/2022 15:25:38 -------------Check stall condition-------------
18/02/2022 15:25:38 Alt: 0.102
18/02/2022 15:25:38 ch8: 2065
18/02/2022 15:25:38 distance: 51.32663174757177
18/02/2022 15:25:38 Waiting for reach target...
18/02/2022 15:25:39 -------------Check stall condition-------------
18/02/2022 15:25:39 Alt: 0.119
18/02/2022 15:25:39 ch8: 2065
18/02/2022 15:25:39 distance: 51.39018992338126
18/02/2022 15:25:39 Waiting for reach target...
18/02/2022 15:25:39 -------------Check stall condition-------------
18/02/2022 15:25:39 Alt: 0.136
18/02/2022 15:25:39 ch8: 2065
18/02/2022 15:25:39 distance: 51.459257944311226
18/02/2022 15:25:39 Waiting for reach target...
18/02/2022 15:25:39 -------------Check stall condition-------------
18/02/2022 15:25:39 Alt: 0.157
18/02/2022 15:25:39 ch8: 2065
18/02/2022 15:25:39 distance: 51.53800958648514
18/02/2022 15:25:39 Waiting for reach target...
18/02/2022 15:25:39 -------------Check stall condition-------------
18/02/2022 15:25:39 Alt: 0.174
18/02/2022 15:25:39 ch8: 2065
18/02/2022 15:25:39 distance: 51.60708628085678
18/02/2022 15:25:39 Waiting for reach target...
18/02/2022 15:25:40 -------------Check stall condition-------------
18/02/2022 15:25:40 Alt: 0.189
18/02/2022 15:25:40 ch8: 2065
18/02/2022 15:25:40 distance: 51.73976239670876
18/02/2022 15:25:40 Waiting for reach target...
18/02/2022 15:25:40 -------------Check stall condition-------------
18/02/2022 15:25:40 Alt: 0.203
18/02/2022 15:25:40 ch8: 2065
18/02/2022 15:25:40 distance: 51.76591473235343
18/02/2022 15:25:40 Waiting for reach target...
18/02/2022 15:25:40 -------------Check stall condition-------------
18/02/2022 15:25:40 Alt: 0.209
18/02/2022 15:25:40 ch8: 2065
18/02/2022 15:25:40 distance: 51.78658277817927
18/02/2022 15:25:40 Waiting for reach target...
18/02/2022 15:25:41 -------------Check stall condition-------------
18/02/2022 15:25:41 Alt: 0.067
18/02/2022 15:25:41 ch8: 2065
18/02/2022 15:25:41 distance: 51.816935045718935
18/02/2022 15:25:41 Waiting for reach target...
18/02/2022 15:25:41 -------------Check stall condition-------------
18/02/2022 15:25:41 Alt: 0.01
18/02/2022 15:25:41 ch8: 2065
18/02/2022 15:25:41 distance: 51.87083777534976
18/02/2022 15:25:41 Waiting for reach target...
18/02/2022 15:25:41 -------------Check stall condition-------------
18/02/2022 15:25:41 Alt: 0.0
18/02/2022 15:25:41 ch8: 2065
18/02/2022 15:25:41 distance: 51.94960477826592
18/02/2022 15:25:41 Waiting for reach target...
18/02/2022 15:25:41 -------------Check stall condition-------------
18/02/2022 15:25:41 Alt: 0.002
18/02/2022 15:25:42 ch8: 2065
18/02/2022 15:25:42 distance: 52.017411884772535
18/02/2022 15:25:42 Waiting for reach target...
18/02/2022 15:25:42 -------------Check stall condition-------------
18/02/2022 15:25:42 Alt: 0.033
18/02/2022 15:25:42 ch8: 2065
18/02/2022 15:25:42 distance: 52.11980060022341
18/02/2022 15:25:42 Waiting for reach target...
18/02/2022 15:25:42 -------------Check stall condition-------------
18/02/2022 15:25:42 Alt: 0.055
18/02/2022 15:25:42 ch8: 2065
18/02/2022 15:25:42 distance: 52.25981041551982
18/02/2022 15:25:42 Waiting for reach target...
18/02/2022 15:25:42 -------------Check stall condition-------------
18/02/2022 15:25:42 Alt: 0.075
18/02/2022 15:25:42 ch8: 2065
18/02/2022 15:25:42 distance: 52.35686979669181
18/02/2022 15:25:42 Waiting for reach target...
18/02/2022 15:25:43 -------------Check stall condition-------------
18/02/2022 15:25:43 Alt: 0.116
18/02/2022 15:25:43 ch8: 2065
18/02/2022 15:25:43 distance: 52.424845089163206
18/02/2022 15:25:43 Waiting for reach target...
18/02/2022 15:25:43 -------------Check stall condition-------------
18/02/2022 15:25:43 Alt: 0.116
18/02/2022 15:25:43 ch8: 2065
18/02/2022 15:25:43 distance: 52.424845089163206
18/02/2022 15:25:43 Waiting for reach target...
18/02/2022 15:25:43 -------------Check stall condition-------------
18/02/2022 15:25:43 Alt: 0.113
18/02/2022 15:25:43 ch8: 2065
18/02/2022 15:25:43 distance: 52.43999703264619
18/02/2022 15:25:43 Waiting for reach target...
18/02/2022 15:25:43 -------------Check stall condition-------------
18/02/2022 15:25:43 Alt: 0.111
18/02/2022 15:25:43 ch8: 2065
18/02/2022 15:25:43 distance: 52.43146086638052
18/02/2022 15:25:43 Waiting for reach target...
18/02/2022 15:25:44 Throttle failsafe off
18/02/2022 15:25:44 Failsafe. Long event off: reason=3
18/02/2022 15:25:44 -------------Check stall condition-------------
18/02/2022 15:25:44 Alt: 0.098
18/02/2022 15:25:44 ch8: 965
18/02/2022 15:25:44 distance: 52.38533513915853
18/02/2022 15:25:44 Pilot control
18/02/2022 15:25:44 -------------Check stall condition-------------
18/02/2022 15:25:44 Alt: 0.1
18/02/2022 15:25:44 ch8: 965
18/02/2022 15:25:44 distance: 52.37686104106256
18/02/2022 15:25:44 Pilot control
18/02/2022 15:25:44 -------------Check stall condition-------------
18/02/2022 15:25:44 Alt: 0.111
18/02/2022 15:25:44 ch8: 965
18/02/2022 15:25:44 distance: 52.392024496536216
18/02/2022 15:25:44 Pilot control
18/02/2022 15:25:45 -------------Check stall condition-------------
18/02/2022 15:25:45 Alt: 0.111
18/02/2022 15:25:45 ch8: 965
18/02/2022 15:25:45 distance: 52.392024496536216
18/02/2022 15:25:45 Pilot control
18/02/2022 15:25:45 -------------Check stall condition-------------
18/02/2022 15:25:45 Alt: 0.113
18/02/2022 15:25:45 ch8: 965
18/02/2022 15:25:45 distance: 52.39749148994644
18/02/2022 15:25:45 Pilot control
18/02/2022 15:25:45 -------------Check stall condition-------------
18/02/2022 15:25:45 Alt: 0.145
18/02/2022 15:25:45 ch8: 965
18/02/2022 15:25:45 distance: 52.55270861584324
18/02/2022 15:25:45 Pilot control
18/02/2022 15:25:45 -------------Check stall condition-------------
18/02/2022 15:25:45 Alt: 0.151
18/02/2022 15:25:45 ch8: 965
18/02/2022 15:25:45 distance: 52.73721689732338
18/02/2022 15:25:46 Pilot control
18/02/2022 15:25:46 -------------Check stall condition-------------
18/02/2022 15:25:46 Alt: 0.159
18/02/2022 15:25:46 ch8: 965
18/02/2022 15:25:46 distance: 52.887333281735685
18/02/2022 15:25:46 Pilot control
18/02/2022 15:25:46 -------------Check stall condition-------------
18/02/2022 15:25:46 Alt: 0.167
18/02/2022 15:25:46 ch8: 965
18/02/2022 15:25:46 distance: 53.06683581080478
18/02/2022 15:25:46 Pilot control
18/02/2022 15:25:46 -------------Check stall condition-------------
18/02/2022 15:25:46 Alt: 0.17
18/02/2022 15:25:46 ch8: 965
18/02/2022 15:25:46 distance: 53.17296610313389
18/02/2022 15:25:46 Pilot control
18/02/2022 15:25:46 -------------Check stall condition-------------
18/02/2022 15:25:47 Alt: 0.028
18/02/2022 15:25:47 ch8: 965
18/02/2022 15:25:47 distance: 53.328009355673885
18/02/2022 15:25:47 Pilot control
18/02/2022 15:25:47 -------------Check stall condition-------------
18/02/2022 15:25:47 Alt: -0.034
18/02/2022 15:25:47 ch8: 965
18/02/2022 15:25:47 distance: 53.424681012720896
18/02/2022 15:25:47 Pilot control
18/02/2022 15:25:47 -------------Check stall condition-------------
18/02/2022 15:25:47 Alt: -0.057
18/02/2022 15:25:47 ch8: 965
18/02/2022 15:25:47 distance: 53.477944572962244
18/02/2022 15:25:47 Pilot control
18/02/2022 15:25:47 -------------Check stall condition-------------
18/02/2022 15:25:47 Alt: -0.059
18/02/2022 15:25:47 ch8: 965
18/02/2022 15:25:47 distance: 53.52679827943142
18/02/2022 15:25:47 Pilot control
18/02/2022 15:25:48 -------------Check stall condition-------------
18/02/2022 15:25:48 Alt: -0.043
18/02/2022 15:25:48 ch8: 965
18/02/2022 15:25:48 distance: 53.64856178786993
18/02/2022 15:25:48 Pilot control
18/02/2022 15:25:48 -------------Check stall condition-------------
18/02/2022 15:25:48 Alt: -0.029
18/02/2022 15:25:48 ch8: 965
18/02/2022 15:25:48 distance: 53.64856178786993
18/02/2022 15:25:48 Pilot control
18/02/2022 15:25:48 -------------Check stall condition-------------
18/02/2022 15:25:48 Alt: -0.023
18/02/2022 15:25:48 ch8: 965
18/02/2022 15:25:48 distance: 53.72681798171312
18/02/2022 15:25:48 Pilot control
18/02/2022 15:25:49 -------------Check stall condition-------------
18/02/2022 15:25:49 Alt: -0.011
18/02/2022 15:25:49 ch8: 965
18/02/2022 15:25:49 distance: 53.761480248162854
18/02/2022 15:25:49 Pilot control
18/02/2022 15:25:49 -------------Check stall condition-------------
18/02/2022 15:25:49 Alt: 0.009
18/02/2022 15:25:49 ch8: 965
18/02/2022 15:25:49 distance: 53.82019806876734
18/02/2022 15:25:49 Pilot control
18/02/2022 15:25:49 -------------Check stall condition-------------
18/02/2022 15:25:49 Alt: 0.018
18/02/2022 15:25:49 ch8: 965
18/02/2022 15:25:49 distance: 53.93769007357905
18/02/2022 15:25:49 Pilot control
18/02/2022 15:25:49 -------------Check stall condition-------------
18/02/2022 15:25:49 Alt: 0.033
18/02/2022 15:25:50 ch8: 965
18/02/2022 15:25:50 distance: 53.9866671625264
18/02/2022 15:25:50 Pilot control
18/02/2022 15:25:50 -------------Check stall condition-------------
18/02/2022 15:25:50 Alt: 0.036
18/02/2022 15:25:50 ch8: 965
18/02/2022 15:25:50 distance: 54.01077711895692
18/02/2022 15:25:50 Pilot control
18/02/2022 15:25:50 -------------Check stall condition-------------
18/02/2022 15:25:50 Alt: 0.037
18/02/2022 15:25:50 ch8: 965
18/02/2022 15:25:50 distance: 54.025097778271395
18/02/2022 15:25:50 Pilot control
18/02/2022 15:25:50 -------------Check stall condition-------------
18/02/2022 15:25:50 Alt: 0.033
18/02/2022 15:25:50 ch8: 965
18/02/2022 15:25:50 distance: 54.025097778271395
18/02/2022 15:25:50 Pilot control
18/02/2022 15:25:51 -------------Check stall condition-------------
18/02/2022 15:25:51 Alt: 0.036
18/02/2022 15:25:51 ch8: 965
18/02/2022 15:25:51 distance: 54.044701235273926
18/02/2022 15:25:51 Pilot control
18/02/2022 15:25:51 -------------Check stall condition-------------
18/02/2022 15:25:51 Alt: 0.048
18/02/2022 15:25:51 ch8: 965
18/02/2022 15:25:51 distance: 54.09298695669526
18/02/2022 15:25:51 Pilot control
18/02/2022 15:25:51 -------------Check stall condition-------------
18/02/2022 15:25:51 Alt: 0.054
18/02/2022 15:25:51 ch8: 965
18/02/2022 15:25:51 distance: 54.17076011372442
18/02/2022 15:25:51 Pilot control
18/02/2022 15:25:51 -------------Check stall condition-------------
18/02/2022 15:25:51 Alt: 0.052
18/02/2022 15:25:51 ch8: 965
18/02/2022 15:25:51 distance: 54.253195772503226
18/02/2022 15:25:51 Pilot control
18/02/2022 15:25:52 -------------Check stall condition-------------
18/02/2022 15:25:52 Alt: 0.045
18/02/2022 15:25:52 ch8: 965
18/02/2022 15:25:52 distance: 54.2774270606156
18/02/2022 15:25:52 Pilot control
18/02/2022 15:25:52 -------------Check stall condition-------------
18/02/2022 15:25:52 Alt: 0.039
18/02/2022 15:25:52 ch8: 965
18/02/2022 15:25:52 distance: 54.29184400805161
18/02/2022 15:25:52 Pilot control
18/02/2022 15:25:52 -------------Check stall condition-------------
18/02/2022 15:25:52 Alt: 0.049
18/02/2022 15:25:52 ch8: 965
18/02/2022 15:25:52 distance: 54.30626853754454
18/02/2022 15:25:52 Pilot control
18/02/2022 15:25:52 -------------Check stall condition-------------
18/02/2022 15:25:53 Alt: 0.006
18/02/2022 15:25:53 ch8: 965
18/02/2022 15:25:53 distance: 54.354805222902414
18/02/2022 15:25:53 Pilot control
18/02/2022 15:25:53 -------------Check stall condition-------------
18/02/2022 15:25:53 Alt: -0.011
18/02/2022 15:25:53 ch8: 965
18/02/2022 15:25:53 distance: 54.40859994865461
18/02/2022 15:25:53 Pilot control
18/02/2022 15:25:53 -------------Check stall condition-------------
18/02/2022 15:25:53 Alt: -0.007
18/02/2022 15:25:53 ch8: 965
18/02/2022 15:25:53 distance: 54.44738140245366
18/02/2022 15:25:53 Pilot control
18/02/2022 15:25:53 -------------Check stall condition-------------
18/02/2022 15:25:53 Alt: -0.001
18/02/2022 15:25:53 ch8: 965
18/02/2022 15:25:54 distance: 54.44738140245366
18/02/2022 15:25:54 Pilot control
18/02/2022 15:25:54 -------------Check stall condition-------------
18/02/2022 15:25:54 Alt: 0.013
18/02/2022 15:25:54 ch8: 965
18/02/2022 15:25:54 distance: 54.412093654305195
18/02/2022 15:25:54 Pilot control
18/02/2022 15:25:54 -------------Check stall condition-------------
18/02/2022 15:25:54 Alt: 0.028
18/02/2022 15:25:54 ch8: 965
18/02/2022 15:25:54 distance: 54.4364294969232
18/02/2022 15:25:54 Pilot control
18/02/2022 15:25:54 Mission: 1 WP
18/02/2022 15:25:54 -------------Check stall condition-------------
18/02/2022 15:25:54 Alt: 0.028
18/02/2022 15:25:54 ch8: 965
18/02/2022 15:25:54 distance: 54.4364294969232
18/02/2022 15:25:54 Pilot control
18/02/2022 15:25:55 -------------Check stall condition-------------
18/02/2022 15:25:55 Alt: 0.052
18/02/2022 15:25:55 ch8: 965
18/02/2022 15:25:55 distance: 54.524036551693676
18/02/2022 15:25:55 Pilot control
18/02/2022 15:25:55 -------------Check stall condition-------------
18/02/2022 15:25:55 Alt: 0.067
18/02/2022 15:25:55 ch8: 965
18/02/2022 15:25:55 distance: 54.58269346927092
18/02/2022 15:25:55 Pilot control
18/02/2022 15:25:55 -------------Check stall condition-------------
18/02/2022 15:25:55 Alt: 0.089
18/02/2022 15:25:55 ch8: 965
18/02/2022 15:25:55 distance: 54.655984756334824
18/02/2022 15:25:55 Pilot control
18/02/2022 15:25:56 -------------Check stall condition-------------
18/02/2022 15:25:56 Alt: 0.093
18/02/2022 15:25:56 ch8: 965
18/02/2022 15:25:56 distance: 54.70017881085237
18/02/2022 15:25:56 Pilot control
18/02/2022 15:25:56 -------------Check stall condition-------------
18/02/2022 15:25:56 Alt: 0.091
18/02/2022 15:25:56 ch8: 2065
18/02/2022 15:25:56 distance: 54.80326029652327
18/02/2022 15:25:56 Waiting for reach target...
18/02/2022 15:25:56 -------------Check stall condition-------------
18/02/2022 15:25:56 Alt: 0.091
18/02/2022 15:25:56 ch8: 2065
18/02/2022 15:25:56 distance: 54.80326029652327
18/02/2022 15:25:56 Waiting for reach target...
18/02/2022 15:25:56 -------------Check stall condition-------------
18/02/2022 15:25:56 Alt: 0.087
18/02/2022 15:25:56 ch8: 2065
18/02/2022 15:25:57 distance: 54.852661881641325
18/02/2022 15:25:57 Waiting for reach target...
18/02/2022 15:25:57 -------------Check stall condition-------------
18/02/2022 15:25:57 Alt: 0.087
18/02/2022 15:25:57 ch8: 2065
18/02/2022 15:25:57 distance: 54.88230858284106
18/02/2022 15:25:57 Waiting for reach target...
18/02/2022 15:25:57 -------------Check stall condition-------------
18/02/2022 15:25:57 Alt: 0.084
18/02/2022 15:25:57 ch8: 2065
18/02/2022 15:25:57 distance: 54.921844213036394
18/02/2022 15:25:57 Waiting for reach target...
18/02/2022 15:25:57 -------------Check stall condition-------------
18/02/2022 15:25:57 Alt: 0.075
18/02/2022 15:25:57 ch8: 2065
18/02/2022 15:25:57 distance: 54.96650423414971
18/02/2022 15:25:57 Waiting for reach target...
18/02/2022 15:25:58 -------------Check stall condition-------------
18/02/2022 15:25:58 Alt: 0.006
18/02/2022 15:25:58 ch8: 965
18/02/2022 15:25:58 distance: 55.03571683652277
18/02/2022 15:25:58 Pilot control
18/02/2022 15:25:58 -------------Check stall condition-------------
18/02/2022 15:25:58 Alt: -0.029
18/02/2022 15:25:58 ch8: 965
18/02/2022 15:25:58 distance: 55.08006292177863
18/02/2022 15:25:58 Pilot control
18/02/2022 15:25:58 -------------Check stall condition-------------
18/02/2022 15:25:58 Alt: -0.034
18/02/2022 15:25:58 ch8: 965
18/02/2022 15:25:58 distance: 55.10464123881501
18/02/2022 15:25:58 Pilot control
18/02/2022 15:25:58 -------------Check stall condition-------------
18/02/2022 15:25:58 Alt: -0.026
18/02/2022 15:25:58 ch8: 965
18/02/2022 15:25:58 distance: 55.09444415435195
18/02/2022 15:25:58 Pilot control
18/02/2022 15:25:59 -------------Check stall condition-------------
18/02/2022 15:25:59 Alt: -0.012
18/02/2022 15:25:59 ch8: 965
18/02/2022 15:25:59 distance: 55.07435595404636
18/02/2022 15:25:59 Pilot control
18/02/2022 15:25:59 -------------Check stall condition-------------
18/02/2022 15:25:59 Alt: 0.032
18/02/2022 15:25:59 ch8: 965
18/02/2022 15:25:59 distance: 55.04437256408062
18/02/2022 15:25:59 Pilot control
18/02/2022 15:25:59 -------------Check stall condition-------------
18/02/2022 15:25:59 Alt: 0.053
18/02/2022 15:25:59 ch8: 965
18/02/2022 15:25:59 distance: 54.9945922582873
18/02/2022 15:25:59 Pilot control
18/02/2022 15:25:59 -------------Check stall condition-------------
18/02/2022 15:25:59 Alt: 0.053
18/02/2022 15:25:59 ch8: 965
18/02/2022 15:25:59 distance: 54.9945922582873
18/02/2022 15:25:59 Pilot control
18/02/2022 15:26:00 -------------Check stall condition-------------
18/02/2022 15:26:00 Alt: 0.082
18/02/2022 15:26:00 ch8: 965
18/02/2022 15:26:00 distance: 54.939443938314234
18/02/2022 15:26:00 Pilot control
18/02/2022 15:26:00 -------------Check stall condition-------------
18/02/2022 15:26:00 Alt: 0.082
18/02/2022 15:26:00 ch8: 965
18/02/2022 15:26:00 distance: 54.939443938314234
18/02/2022 15:26:00 Pilot control
18/02/2022 15:26:00 -------------Check stall condition-------------
18/02/2022 15:26:00 Alt: 0.085
18/02/2022 15:26:00 ch8: 965
18/02/2022 15:26:00 distance: 54.88966329145242
18/02/2022 15:26:00 Pilot control
18/02/2022 15:26:00 -------------Check stall condition-------------
18/02/2022 15:26:00 Alt: 0.084
18/02/2022 15:26:00 ch8: 965
18/02/2022 15:26:00 distance: 54.84978477947347
18/02/2022 15:26:00 Pilot control
18/02/2022 15:26:01 -------------Check stall condition-------------
18/02/2022 15:26:01 Alt: 0.092
18/02/2022 15:26:01 ch8: 965
18/02/2022 15:26:01 distance: 54.83961713537223
18/02/2022 15:26:01 Pilot control
18/02/2022 15:26:01 -------------Check stall condition-------------
18/02/2022 15:26:01 Alt: 0.1
18/02/2022 15:26:01 ch8: 965
18/02/2022 15:26:01 distance: 54.83936292099819
18/02/2022 15:26:01 Pilot control
18/02/2022 15:26:01 -------------Check stall condition-------------
18/02/2022 15:26:01 Alt: 0.107
18/02/2022 15:26:01 ch8: 965
18/02/2022 15:26:01 distance: 54.85386825313991
18/02/2022 15:26:01 Pilot control
18/02/2022 15:26:01 -------------Check stall condition-------------
18/02/2022 15:26:01 Alt: 0.108
18/02/2022 15:26:01 ch8: 965
18/02/2022 15:26:01 distance: 54.84879973063915
18/02/2022 15:26:01 Pilot control
18/02/2022 15:26:02 -------------Check stall condition-------------
18/02/2022 15:26:02 Alt: 0.1
18/02/2022 15:26:02 ch8: 965
18/02/2022 15:26:02 distance: 54.84879973063915
18/02/2022 15:26:02 Pilot control
18/02/2022 15:26:02 -------------Check stall condition-------------
18/02/2022 15:26:02 Alt: 0.085
18/02/2022 15:26:02 ch8: 965
18/02/2022 15:26:02 distance: 54.82390893892056
18/02/2022 15:26:02 Pilot control
18/02/2022 15:26:02 -------------Check stall condition-------------
18/02/2022 15:26:02 Alt: 0.085
18/02/2022 15:26:02 ch8: 965
18/02/2022 15:26:02 distance: 54.82390893892056
18/02/2022 15:26:02 Pilot control
18/02/2022 15:26:02 -------------Check stall condition-------------
18/02/2022 15:26:02 Alt: 0.079
18/02/2022 15:26:02 ch8: 965
18/02/2022 15:26:02 distance: 54.83866805960225
18/02/2022 15:26:02 Pilot control
18/02/2022 15:26:03 -------------Check stall condition-------------
18/02/2022 15:26:03 Alt: 0.069
18/02/2022 15:26:03 ch8: 965
18/02/2022 15:26:03 distance: 54.84858170790311
18/02/2022 15:26:03 Pilot control
18/02/2022 15:26:03 -------------Check stall condition-------------
18/02/2022 15:26:03 Alt: 0.053
18/02/2022 15:26:03 ch8: 965
18/02/2022 15:26:03 distance: 54.86335000067576
18/02/2022 15:26:03 Pilot control
18/02/2022 15:26:03 -------------Check stall condition-------------
18/02/2022 15:26:03 Alt: 0.045
18/02/2022 15:26:03 ch8: 965
18/02/2022 15:26:03 distance: 54.85829138997985
18/02/2022 15:26:03 Pilot control
18/02/2022 15:26:04 -------------Check stall condition-------------
18/02/2022 15:26:04 Alt: -0.154
18/02/2022 15:26:04 ch8: 965
18/02/2022 15:26:04 distance: 54.838459035430766
18/02/2022 15:26:04 Pilot control
18/02/2022 15:26:04 -------------Check stall condition-------------
18/02/2022 15:26:04 Alt: -0.188
18/02/2022 15:26:04 ch8: 965
18/02/2022 15:26:04 distance: 54.833604911879036
18/02/2022 15:26:04 Pilot control
18/02/2022 15:26:04 -------------Check stall condition-------------
18/02/2022 15:26:04 Alt: -0.186
18/02/2022 15:26:04 ch8: 965
18/02/2022 15:26:04 distance: 54.808929924348796
18/02/2022 15:26:04 Pilot control
18/02/2022 15:26:04 -------------Check stall condition-------------
18/02/2022 15:26:04 Alt: -0.159
18/02/2022 15:26:04 ch8: 965
18/02/2022 15:26:04 distance: 54.793951336605375
18/02/2022 15:26:04 Pilot control
18/02/2022 15:26:05 -------------Check stall condition-------------
18/02/2022 15:26:05 Alt: -0.115
18/02/2022 15:26:05 ch8: 965
18/02/2022 15:26:05 distance: 54.77390903817046
18/02/2022 15:26:05 Pilot control
18/02/2022 15:26:05 -------------Check stall condition-------------
18/02/2022 15:26:05 Alt: -0.06
18/02/2022 15:26:05 ch8: 965
18/02/2022 15:26:05 distance: 54.70915037426011
18/02/2022 15:26:05 Pilot control
18/02/2022 15:26:05 -------------Check stall condition-------------
18/02/2022 15:26:05 Alt: 0.072
18/02/2022 15:26:05 ch8: 965
18/02/2022 15:26:05 distance: 54.63954111651667
18/02/2022 15:26:05 Pilot control
18/02/2022 15:26:05 -------------Check stall condition-------------
18/02/2022 15:26:05 Alt: 0.262
18/02/2022 15:26:05 ch8: 965
18/02/2022 15:26:05 distance: 54.51508680517954
18/02/2022 15:26:05 Pilot control
18/02/2022 15:26:06 -------------Check stall condition-------------
18/02/2022 15:26:06 Alt: 0.449
18/02/2022 15:26:06 ch8: 965
18/02/2022 15:26:06 distance: 54.41574540696378
18/02/2022 15:26:06 Pilot control
18/02/2022 15:26:06 -------------Check stall condition-------------
18/02/2022 15:26:06 Alt: 0.449
18/02/2022 15:26:06 ch8: 965
18/02/2022 15:26:06 distance: 54.41574540696378
18/02/2022 15:26:06 Pilot control
18/02/2022 15:26:06 -------------Check stall condition-------------
18/02/2022 15:26:06 Alt: 0.615
18/02/2022 15:26:06 ch8: 965
18/02/2022 15:26:06 distance: 54.346143417297526
18/02/2022 15:26:06 Pilot control
18/02/2022 15:26:06 -------------Check stall condition-------------
18/02/2022 15:26:07 Alt: 0.788
18/02/2022 15:26:07 ch8: 965
18/02/2022 15:26:07 distance: 54.30098230786646
18/02/2022 15:26:07 Pilot control
18/02/2022 15:26:07 -------------Check stall condition-------------
18/02/2022 15:26:07 Alt: 0.931
18/02/2022 15:26:07 ch8: 965
18/02/2022 15:26:07 distance: 54.136256893207936
18/02/2022 15:26:07 Pilot control
18/02/2022 15:26:07 -------------Check stall condition-------------
18/02/2022 15:26:07 Alt: 0.966
18/02/2022 15:26:07 ch8: 965
18/02/2022 15:26:07 distance: 54.20587691211306
18/02/2022 15:26:07 Pilot control
18/02/2022 15:26:07 -------------Check stall condition-------------
18/02/2022 15:26:07 Alt: 0.982
18/02/2022 15:26:07 ch8: 965
18/02/2022 15:26:07 distance: 54.3002155170513
18/02/2022 15:26:07 Pilot control
18/02/2022 15:26:08 -------------Check stall condition-------------
18/02/2022 15:26:08 Alt: 0.986
18/02/2022 15:26:08 ch8: 965
18/02/2022 15:26:08 distance: 54.369685988281695
18/02/2022 15:26:08 Pilot control
18/02/2022 15:26:08 -------------Check stall condition-------------
18/02/2022 15:26:08 Alt: 1.025
18/02/2022 15:26:08 ch8: 965
18/02/2022 15:26:08 distance: 54.53874503771189
18/02/2022 15:26:08 Pilot control
18/02/2022 15:26:08 -------------Check stall condition-------------
18/02/2022 15:26:08 Alt: 1.011
18/02/2022 15:26:08 ch8: 965
18/02/2022 15:26:08 distance: 54.713806037296834
18/02/2022 15:26:08 Pilot control
18/02/2022 15:26:09 -------------Check stall condition-------------
18/02/2022 15:26:09 Alt: 1.017
18/02/2022 15:26:09 ch8: 965
18/02/2022 15:26:09 distance: 54.83404785691726
18/02/2022 15:26:09 Pilot control
18/02/2022 15:26:09 -------------Check stall condition-------------
18/02/2022 15:26:09 Alt: 1.015
18/02/2022 15:26:09 ch8: 965
18/02/2022 15:26:09 distance: 54.789338673314695
18/02/2022 15:26:09 Pilot control
18/02/2022 15:26:09 -------------Check stall condition-------------
18/02/2022 15:26:09 Alt: 1.005
18/02/2022 15:26:09 ch8: 965
18/02/2022 15:26:09 distance: 54.789338673314695
18/02/2022 15:26:09 Pilot control
18/02/2022 15:26:10 -------------Check stall condition-------------
18/02/2022 15:26:10 Alt: 0.568
18/02/2022 15:26:10 ch8: 965
18/02/2022 15:26:10 distance: 54.81447236545838
18/02/2022 15:26:10 Pilot control
18/02/2022 15:26:10 -------------Check stall condition-------------
18/02/2022 15:26:10 Alt: 0.227
18/02/2022 15:26:10 ch8: 965
18/02/2022 15:26:10 distance: 54.785016279261306
18/02/2022 15:26:10 Pilot control
18/02/2022 15:26:10 -------------Check stall condition-------------
18/02/2022 15:26:10 Alt: 0.086
18/02/2022 15:26:10 ch8: 965
18/02/2022 15:26:10 distance: 54.59184777566618
18/02/2022 15:26:10 Pilot control
18/02/2022 15:26:11 -------------Check stall condition-------------
18/02/2022 15:26:11 Alt: 0.063
18/02/2022 15:26:11 ch8: 965
18/02/2022 15:26:11 distance: 54.48239382597539
18/02/2022 15:26:11 Pilot control
18/02/2022 15:26:11 -------------Check stall condition-------------
18/02/2022 15:26:11 Alt: 0.089
18/02/2022 15:26:11 ch8: 965
18/02/2022 15:26:11 distance: 54.41282698500252
18/02/2022 15:26:11 Pilot control
18/02/2022 15:26:11 -------------Check stall condition-------------
18/02/2022 15:26:11 Alt: 0.103
18/02/2022 15:26:11 ch8: 965
18/02/2022 15:26:11 distance: 54.31837255435661
18/02/2022 15:26:11 Pilot control
18/02/2022 15:26:12 -------------Check stall condition-------------
18/02/2022 15:26:12 Alt: 0.1
18/02/2022 15:26:12 ch8: 965
18/02/2022 15:26:12 distance: 53.9910592076018
18/02/2022 15:26:12 Pilot control
18/02/2022 15:26:12 -------------Check stall condition-------------
18/02/2022 15:26:12 Alt: 0.124
18/02/2022 15:26:12 ch8: 965
18/02/2022 15:26:12 distance: 53.9910592076018
18/02/2022 15:26:12 Pilot control
18/02/2022 15:26:12 -------------Check stall condition-------------
18/02/2022 15:26:12 Alt: 0.207
18/02/2022 15:26:12 ch8: 965
18/02/2022 15:26:12 distance: 53.55368729100075
18/02/2022 15:26:12 Pilot control
18/02/2022 15:26:13 -------------Check stall condition-------------
18/02/2022 15:26:13 Alt: 0.273
18/02/2022 15:26:13 ch8: 965
18/02/2022 15:26:13 distance: 53.33090465373361
18/02/2022 15:26:13 Pilot control
18/02/2022 15:26:13 -------------Check stall condition-------------
18/02/2022 15:26:13 Alt: 0.343
18/02/2022 15:26:13 ch8: 965
18/02/2022 15:26:13 distance: 52.9152556625152
18/02/2022 15:26:13 Pilot control
18/02/2022 15:26:13 -------------Check stall condition-------------
18/02/2022 15:26:13 Alt: 0.486
18/02/2022 15:26:13 ch8: 965
18/02/2022 15:26:13 distance: 52.796496465192924
18/02/2022 15:26:13 Pilot control
18/02/2022 15:26:14 -------------Check stall condition-------------
18/02/2022 15:26:14 Alt: 0.531
18/02/2022 15:26:14 ch8: 965
18/02/2022 15:26:14 distance: 52.564252211326256
18/02/2022 15:26:14 Pilot control
18/02/2022 15:26:14 -------------Check stall condition-------------
18/02/2022 15:26:14 Alt: 0.617
18/02/2022 15:26:14 ch8: 965
18/02/2022 15:26:14 distance: 52.39117299897793
18/02/2022 15:26:14 Pilot control
18/02/2022 15:26:14 -------------Check stall condition-------------
18/02/2022 15:26:14 Alt: 0.633
18/02/2022 15:26:14 ch8: 965
18/02/2022 15:26:14 distance: 52.22919828562114
18/02/2022 15:26:14 Pilot control
18/02/2022 15:26:15 -------------Check stall condition-------------
18/02/2022 15:26:15 Alt: -0.255
18/02/2022 15:26:15 ch8: 965
18/02/2022 15:26:15 distance: 51.789809507946735
18/02/2022 15:26:15 Pilot control
18/02/2022 15:26:15 -------------Check stall condition-------------
18/02/2022 15:26:15 Alt: -0.367
18/02/2022 15:26:15 ch8: 965
18/02/2022 15:26:15 distance: 51.570432946873716
18/02/2022 15:26:15 Pilot control
18/02/2022 15:26:15 -------------Check stall condition-------------
18/02/2022 15:26:16 Alt: -0.459
18/02/2022 15:26:16 ch8: 965
18/02/2022 15:26:16 distance: 51.3412412976751
18/02/2022 15:26:16 Pilot control
18/02/2022 15:26:16 -------------Check stall condition-------------
18/02/2022 15:26:16 Alt: -0.492
18/02/2022 15:26:16 ch8: 965
18/02/2022 15:26:16 distance: 51.176880695391866
18/02/2022 15:26:16 Pilot control
18/02/2022 15:26:16 -------------Check stall condition-------------
18/02/2022 15:26:16 Alt: -0.528
18/02/2022 15:26:16 ch8: 965
18/02/2022 15:26:16 distance: 51.16250154158639
18/02/2022 15:26:16 Pilot control
18/02/2022 15:26:17 -------------Check stall condition-------------
18/02/2022 15:26:17 Alt: -0.531
18/02/2022 15:26:17 ch8: 965
18/02/2022 15:26:17 distance: 51.06297299263808
18/02/2022 15:26:17 Pilot control
18/02/2022 15:26:17 -------------Check stall condition-------------
18/02/2022 15:26:17 Alt: -0.491
18/02/2022 15:26:17 ch8: 965
18/02/2022 15:26:17 distance: 51.012520097327325
18/02/2022 15:26:17 Pilot control
18/02/2022 15:26:18 -------------Check stall condition-------------
18/02/2022 15:26:18 Alt: -0.461
18/02/2022 15:26:18 ch8: 965
18/02/2022 15:26:18 distance: 50.85205987677719
18/02/2022 15:26:18 Pilot control
18/02/2022 15:26:18 -------------Check stall condition-------------
18/02/2022 15:26:18 Alt: -0.296
18/02/2022 15:26:18 ch8: 965
18/02/2022 15:26:18 distance: 50.382563751879765
18/02/2022 15:26:18 Pilot control
18/02/2022 15:26:19 -------------Check stall condition-------------
18/02/2022 15:26:19 Alt: -0.314
18/02/2022 15:26:19 ch8: 965
18/02/2022 15:26:19 distance: 49.76771656911186
18/02/2022 15:26:19 Pilot control
18/02/2022 15:26:19 -------------Check stall condition-------------
18/02/2022 15:26:19 Alt: -0.269
18/02/2022 15:26:19 ch8: 965
18/02/2022 15:26:19 distance: 49.40044103394195
18/02/2022 15:26:19 Pilot control
18/02/2022 15:26:19 -------------Check stall condition-------------
18/02/2022 15:26:19 Alt: -0.234
18/02/2022 15:26:19 ch8: 965
18/02/2022 15:26:19 distance: 49.242795803127414
18/02/2022 15:26:19 Pilot control
18/02/2022 15:26:20 -------------Check stall condition-------------
18/02/2022 15:26:20 Alt: -0.204
18/02/2022 15:26:20 ch8: 965
18/02/2022 15:26:20 distance: 48.768657501561364
18/02/2022 15:26:20 Pilot control
18/02/2022 15:26:20 -------------Check stall condition-------------
18/02/2022 15:26:20 Alt: -0.217
18/02/2022 15:26:20 ch8: 965
18/02/2022 15:26:20 distance: 48.57861812699856
18/02/2022 15:26:20 Pilot control
18/02/2022 15:26:20 -------------Check stall condition-------------
18/02/2022 15:26:20 Alt: -0.193
18/02/2022 15:26:20 ch8: 965
18/02/2022 15:26:20 distance: 48.41425706212715
18/02/2022 15:26:20 Pilot control
18/02/2022 15:26:20 -------------Check stall condition-------------
18/02/2022 15:26:20 Alt: -0.193
18/02/2022 15:26:20 ch8: 965
18/02/2022 15:26:20 distance: 48.280069249812655
18/02/2022 15:26:20 Pilot control
18/02/2022 15:26:21 -------------Check stall condition-------------
18/02/2022 15:26:21 Alt: 0.132
18/02/2022 15:26:21 ch8: 965
18/02/2022 15:26:21 distance: 48.14430285362289
18/02/2022 15:26:21 Pilot control
18/02/2022 15:26:21 -------------Check stall condition-------------
18/02/2022 15:26:21 Alt: 0.106
18/02/2022 15:26:21 ch8: 965
18/02/2022 15:26:21 distance: 47.948256316837494
18/02/2022 15:26:21 Pilot control
18/02/2022 15:26:22 -------------Check stall condition-------------
18/02/2022 15:26:22 Alt: 0.136
18/02/2022 15:26:22 ch8: 965
18/02/2022 15:26:22 distance: 47.15059076064967
18/02/2022 15:26:22 Pilot control
18/02/2022 15:26:22 -------------Check stall condition-------------
18/02/2022 15:26:22 Alt: 0.07
18/02/2022 15:26:22 ch8: 965
18/02/2022 15:26:22 distance: 46.87690051695855
18/02/2022 15:26:22 Pilot control
18/02/2022 15:26:23 -------------Check stall condition-------------
18/02/2022 15:26:23 Alt: -0.105
18/02/2022 15:26:23 ch8: 965
18/02/2022 15:26:23 distance: 46.18857876562552
18/02/2022 15:26:23 Pilot control
18/02/2022 15:26:23 -------------Check stall condition-------------
18/02/2022 15:26:23 Alt: -0.097
18/02/2022 15:26:23 ch8: 2065
18/02/2022 15:26:23 distance: 45.71966538270215
18/02/2022 15:26:23 Waiting for reach target...
18/02/2022 15:26:24 -------------Check stall condition-------------
18/02/2022 15:26:24 Alt: -0.062
18/02/2022 15:26:24 ch8: 2065
18/02/2022 15:26:24 distance: 45.10217350660451
18/02/2022 15:26:24 Waiting for reach target...
18/02/2022 15:26:24 -------------Check stall condition-------------
18/02/2022 15:26:24 Alt: 0.0
18/02/2022 15:26:24 ch8: 2065
18/02/2022 15:26:24 distance: 44.54115772899702
18/02/2022 15:26:24 Waiting for reach target...
18/02/2022 15:26:25 -------------Check stall condition-------------
18/02/2022 15:26:25 Alt: -0.052
18/02/2022 15:26:25 ch8: 2065
18/02/2022 15:26:25 distance: 43.79184197993584
18/02/2022 15:26:25 Waiting for reach target...
18/02/2022 15:26:25 -------------Check stall condition-------------
18/02/2022 15:26:25 Alt: -0.242
18/02/2022 15:26:25 ch8: 2065
18/02/2022 15:26:25 distance: 43.364296545144704
18/02/2022 15:26:25 Waiting for reach target...
18/02/2022 15:26:25 -------------Check stall condition-------------
18/02/2022 15:26:25 Alt: -0.264
18/02/2022 15:26:25 ch8: 2065
18/02/2022 15:26:25 distance: 43.14036239871722
18/02/2022 15:26:25 Waiting for reach target...
18/02/2022 15:26:26 -------------Check stall condition-------------
18/02/2022 15:26:26 Alt: -0.337
18/02/2022 15:26:26 ch8: 2065
18/02/2022 15:26:26 distance: 42.90590594864994
18/02/2022 15:26:26 Waiting for reach target...
18/02/2022 15:26:26 -------------Check stall condition-------------
18/02/2022 15:26:26 Alt: -0.336
18/02/2022 15:26:26 ch8: 2065
18/02/2022 15:26:26 distance: 42.66164110911229
18/02/2022 15:26:26 Waiting for reach target...
18/02/2022 15:26:26 -------------Check stall condition-------------
18/02/2022 15:26:26 Alt: -0.231
18/02/2022 15:26:26 ch8: 2065
18/02/2022 15:26:26 distance: 41.99602017974243
18/02/2022 15:26:26 Waiting for reach target...
18/02/2022 15:26:27 -------------Check stall condition-------------
18/02/2022 15:26:27 Alt: 0.059
18/02/2022 15:26:27 ch8: 2065
18/02/2022 15:26:27 distance: 41.65654225741847
18/02/2022 15:26:27 Waiting for reach target...
18/02/2022 15:26:27 -------------Check stall condition-------------
18/02/2022 15:26:27 Alt: 0.172
18/02/2022 15:26:27 ch8: 2065
18/02/2022 15:26:27 distance: 41.365243247048895
18/02/2022 15:26:27 Waiting for reach target...
18/02/2022 15:26:27 -------------Check stall condition-------------
18/02/2022 15:26:27 Alt: 0.272
18/02/2022 15:26:27 ch8: 2065
18/02/2022 15:26:27 distance: 40.7018436402956
18/02/2022 15:26:27 Waiting for reach target...
18/02/2022 15:26:27 -------------Check stall condition-------------
18/02/2022 15:26:27 Alt: 0.298
18/02/2022 15:26:27 ch8: 2065
18/02/2022 15:26:27 distance: 40.361332958618306
18/02/2022 15:26:27 Waiting for reach target...
18/02/2022 15:26:28 -------------Check stall condition-------------
18/02/2022 15:26:28 Alt: 0.38
18/02/2022 15:26:28 ch8: 2065
18/02/2022 15:26:28 distance: 40.361332958618306
18/02/2022 15:26:28 Waiting for reach target...
18/02/2022 15:26:28 -------------Check stall condition-------------
18/02/2022 15:26:28 Alt: 0.406
18/02/2022 15:26:28 ch8: 2065
18/02/2022 15:26:28 distance: 40.02835769469811
18/02/2022 15:26:28 Waiting for reach target...
18/02/2022 15:26:28 -------------Check stall condition-------------
18/02/2022 15:26:28 Alt: 0.464
18/02/2022 15:26:28 ch8: 2065
18/02/2022 15:26:28 distance: 39.60021413491011
18/02/2022 15:26:28 Waiting for reach target...
18/02/2022 15:26:28 -------------Check stall condition-------------
18/02/2022 15:26:28 Alt: 0.461
18/02/2022 15:26:28 ch8: 2065
18/02/2022 15:26:28 distance: 39.37332317952984
18/02/2022 15:26:29 Waiting for reach target...
18/02/2022 15:26:29 -------------Check stall condition-------------
18/02/2022 15:26:29 Alt: 0.488
18/02/2022 15:26:29 ch8: 2065
18/02/2022 15:26:29 distance: 38.541359074666744
18/02/2022 15:26:29 Waiting for reach target...
18/02/2022 15:26:29 -------------Check stall condition-------------
18/02/2022 15:26:29 Alt: 0.515
18/02/2022 15:26:29 ch8: 2065
18/02/2022 15:26:29 distance: 37.95020371269066
18/02/2022 15:26:29 Waiting for reach target...
18/02/2022 15:26:30 -------------Check stall condition-------------
18/02/2022 15:26:30 Alt: 0.538
18/02/2022 15:26:30 ch8: 2065
18/02/2022 15:26:30 distance: 37.35756536727227
18/02/2022 15:26:30 Waiting for reach target...
18/02/2022 15:26:30 -------------Check stall condition-------------
18/02/2022 15:26:30 Alt: 0.532
18/02/2022 15:26:30 ch8: 2065
18/02/2022 15:26:30 distance: 36.733439628837935
18/02/2022 15:26:30 Waiting for reach target...
18/02/2022 15:26:31 -------------Check stall condition-------------
18/02/2022 15:26:31 Alt: 0.541
18/02/2022 15:26:31 ch8: 2065
18/02/2022 15:26:31 distance: 36.35386223115622
18/02/2022 15:26:31 Waiting for reach target...
18/02/2022 15:26:31 -------------Check stall condition-------------
18/02/2022 15:26:31 Alt: 0.606
18/02/2022 15:26:31 ch8: 2065
18/02/2022 15:26:31 distance: 35.301596943571276
18/02/2022 15:26:31 Waiting for reach target...
18/02/2022 15:26:32 -------------Check stall condition-------------
18/02/2022 15:26:32 Alt: 0.618
18/02/2022 15:26:32 ch8: 2065
18/02/2022 15:26:32 distance: 34.59195742468369
18/02/2022 15:26:32 Waiting for reach target...
18/02/2022 15:26:32 -------------Check stall condition-------------
18/02/2022 15:26:32 Alt: 0.275
18/02/2022 15:26:32 ch8: 2065
18/02/2022 15:26:32 distance: 33.8932798169944
18/02/2022 15:26:32 Waiting for reach target...
18/02/2022 15:26:33 -------------Check stall condition-------------
18/02/2022 15:26:33 Alt: 0.098
18/02/2022 15:26:33 ch8: 2065
18/02/2022 15:26:33 distance: 33.6269161572543
18/02/2022 15:26:33 Waiting for reach target...
18/02/2022 15:26:33 -------------Check stall condition-------------
18/02/2022 15:26:33 Alt: 0.051
18/02/2022 15:26:33 ch8: 2065
18/02/2022 15:26:33 distance: 32.93168740341006
18/02/2022 15:26:33 Waiting for reach target...
18/02/2022 15:26:34 -------------Check stall condition-------------
18/02/2022 15:26:34 Alt: 0.0
18/02/2022 15:26:34 ch8: 2065
18/02/2022 15:26:34 distance: 32.40688269494338
18/02/2022 15:26:34 Waiting for reach target...
18/02/2022 15:26:35 -------------Check stall condition-------------
18/02/2022 15:26:35 Alt: 0.043
18/02/2022 15:26:35 ch8: 2065
18/02/2022 15:26:35 distance: 31.889298682571905
18/02/2022 15:26:35 Waiting for reach target...
18/02/2022 15:26:35 -------------Check stall condition-------------
18/02/2022 15:26:35 Alt: 0.063
18/02/2022 15:26:35 ch8: 2065
18/02/2022 15:26:35 distance: 31.524691830614056
18/02/2022 15:26:35 Waiting for reach target...
18/02/2022 15:26:36 -------------Check stall condition-------------
18/02/2022 15:26:36 Alt: 0.142
18/02/2022 15:26:36 ch8: 2065
18/02/2022 15:26:36 distance: 31.235372953792634
18/02/2022 15:26:36 Waiting for reach target...
18/02/2022 15:26:36 -------------Check stall condition-------------
18/02/2022 15:26:36 Alt: 0.125
18/02/2022 15:26:36 ch8: 2065
18/02/2022 15:26:36 distance: 31.099608258165535
18/02/2022 15:26:36 Waiting for reach target...
18/02/2022 15:26:36 -------------Check stall condition-------------
18/02/2022 15:26:36 Alt: 0.091
18/02/2022 15:26:36 ch8: 2065
18/02/2022 15:26:36 distance: 30.628162072057105
18/02/2022 15:26:36 Waiting for reach target...
18/02/2022 15:26:37 -------------Check stall condition-------------
18/02/2022 15:26:37 Alt: 0.139
18/02/2022 15:26:37 ch8: 2065
18/02/2022 15:26:37 distance: 30.425688445662253
18/02/2022 15:26:37 Waiting for reach target...
18/02/2022 15:26:37 -------------Check stall condition-------------
18/02/2022 15:26:37 Alt: 0.116
18/02/2022 15:26:37 ch8: 2065
18/02/2022 15:26:37 distance: 30.146851821914822
18/02/2022 15:26:37 Waiting for reach target...
18/02/2022 15:26:37 -------------Check stall condition-------------
18/02/2022 15:26:37 Alt: 0.134
18/02/2022 15:26:37 ch8: 2065
18/02/2022 15:26:37 distance: 29.75465285536082
18/02/2022 15:26:37 Waiting for reach target...
18/02/2022 15:26:38 -------------Check stall condition-------------
18/02/2022 15:26:38 Alt: 0.114
18/02/2022 15:26:38 ch8: 2065
18/02/2022 15:26:38 distance: 29.540942360877708
18/02/2022 15:26:38 Waiting for reach target...
18/02/2022 15:26:38 -------------Check stall condition-------------
18/02/2022 15:26:38 Alt: 0.07
18/02/2022 15:26:38 ch8: 2065
18/02/2022 15:26:38 distance: 29.540942360877708
18/02/2022 15:26:38 Waiting for reach target...
18/02/2022 15:26:38 -------------Check stall condition-------------
18/02/2022 15:26:38 Alt: 0.144
18/02/2022 15:26:38 ch8: 2065
18/02/2022 15:26:38 distance: 29.13102212253004
18/02/2022 15:26:38 Waiting for reach target...
18/02/2022 15:26:38 -------------Check stall condition-------------
18/02/2022 15:26:38 Alt: 0.149
18/02/2022 15:26:38 ch8: 2065
18/02/2022 15:26:39 distance: 28.906452692158037
18/02/2022 15:26:39 Waiting for reach target...
18/02/2022 15:26:39 -------------Check stall condition-------------
18/02/2022 15:26:39 Alt: 0.226
18/02/2022 15:26:39 ch8: 2065
18/02/2022 15:26:39 distance: 28.568854388622288
18/02/2022 15:26:39 Waiting for reach target...
18/02/2022 15:26:39 -------------Check stall condition-------------
18/02/2022 15:26:39 Alt: 0.195
18/02/2022 15:26:39 ch8: 2065
18/02/2022 15:26:39 distance: 27.80376278053465
18/02/2022 15:26:39 Waiting for reach target...
18/02/2022 15:26:39 -------------Check stall condition-------------
18/02/2022 15:26:39 Alt: 0.146
18/02/2022 15:26:40 ch8: 2065
18/02/2022 15:26:40 distance: 27.46759205521599
18/02/2022 15:26:40 Waiting for reach target...
18/02/2022 15:26:40 -------------Check stall condition-------------
18/02/2022 15:26:40 Alt: 0.029
18/02/2022 15:26:40 ch8: 2065
18/02/2022 15:26:40 distance: 27.16853600328597
18/02/2022 15:26:40 Waiting for reach target...
18/02/2022 15:26:40 -------------Check stall condition-------------
18/02/2022 15:26:40 Alt: 0.101
18/02/2022 15:26:40 ch8: 2065
18/02/2022 15:26:40 distance: 26.529587944138378
18/02/2022 15:26:40 Waiting for reach target...
18/02/2022 15:26:41 -------------Check stall condition-------------
18/02/2022 15:26:41 Alt: 0.243
18/02/2022 15:26:41 ch8: 2065
18/02/2022 15:26:41 distance: 25.886798627481433
18/02/2022 15:26:41 Waiting for reach target...
18/02/2022 15:26:41 -------------Check stall condition-------------
18/02/2022 15:26:41 Alt: 0.377
18/02/2022 15:26:41 ch8: 2065
18/02/2022 15:26:41 distance: 25.206434525305955
18/02/2022 15:26:41 Waiting for reach target...
18/02/2022 15:26:42 -------------Check stall condition-------------
18/02/2022 15:26:42 Alt: 0.154
18/02/2022 15:26:42 ch8: 2065
18/02/2022 15:26:42 distance: 24.622527162075965
18/02/2022 15:26:42 Waiting for reach target...
18/02/2022 15:26:42 is_deepstalled: False
18/02/2022 15:26:42 Deep stall!!!
18/02/2022 15:26:42 -------------Check stall condition-------------
18/02/2022 15:26:42 Alt: 0.134
18/02/2022 15:26:42 ch8: 2065
18/02/2022 15:26:42 distance: 24.018860888528497
18/02/2022 15:26:43 -------------Check stall condition-------------
18/02/2022 15:26:43 Alt: 0.058
18/02/2022 15:26:43 ch8: 2065
18/02/2022 15:26:43 distance: 23.712098730948124
18/02/2022 15:26:43 -------------Check stall condition-------------
18/02/2022 15:26:43 Alt: 0.095
18/02/2022 15:26:43 ch8: 2065
18/02/2022 15:26:43 distance: 23.2211649851133
18/02/2022 15:26:43 -------------Check stall condition-------------
18/02/2022 15:26:43 Alt: 0.151
18/02/2022 15:26:43 ch8: 2065
18/02/2022 15:26:43 distance: 23.023676949375787
18/02/2022 15:26:44 -------------Check stall condition-------------
18/02/2022 15:26:44 Alt: 0.262
18/02/2022 15:26:44 ch8: 2065
18/02/2022 15:26:44 distance: 22.7982770851146
18/02/2022 15:26:44 -------------Check stall condition-------------
18/02/2022 15:26:44 Alt: 0.228
18/02/2022 15:26:44 ch8: 2065
18/02/2022 15:26:44 distance: 22.653149005890157
18/02/2022 15:26:44 -------------Check stall condition-------------
18/02/2022 15:26:44 Alt: 0.244
18/02/2022 15:26:44 ch8: 2065
18/02/2022 15:26:44 distance: 22.452469815104493
18/02/2022 15:26:45 -------------Check stall condition-------------
18/02/2022 15:26:45 Alt: 0.283
18/02/2022 15:26:45 ch8: 2065
18/02/2022 15:26:45 distance: 22.292246164674104
18/02/2022 15:26:45 -------------Check stall condition-------------
18/02/2022 15:26:45 Alt: 0.266
18/02/2022 15:26:45 ch8: 2065
18/02/2022 15:26:45 distance: 22.095224255297705
18/02/2022 15:26:45 -------------Check stall condition-------------
18/02/2022 15:26:45 Alt: 0.295
18/02/2022 15:26:45 ch8: 2065
18/02/2022 15:26:45 distance: 21.894553466806162
18/02/2022 15:26:45 -------------Check stall condition-------------
18/02/2022 15:26:45 Alt: 0.325
18/02/2022 15:26:45 ch8: 2065
18/02/2022 15:26:45 distance: 21.58761807227946
18/02/2022 15:26:46 -------------Check stall condition-------------
18/02/2022 15:26:46 Alt: 0.372
18/02/2022 15:26:46 ch8: 2065
18/02/2022 15:26:46 distance: 21.40218643948255
18/02/2022 15:26:46 -------------Check stall condition-------------
18/02/2022 15:26:46 Alt: 0.418
18/02/2022 15:26:46 ch8: 2065
18/02/2022 15:26:46 distance: 21.204599927047845
18/02/2022 15:26:46 -------------Check stall condition-------------
18/02/2022 15:26:46 Alt: 0.414
18/02/2022 15:26:46 ch8: 2065
18/02/2022 15:26:46 distance: 21.05993717592566
18/02/2022 15:26:47 -------------Check stall condition-------------
18/02/2022 15:26:47 Alt: 0.438
18/02/2022 15:26:47 ch8: 2065
18/02/2022 15:26:47 distance: 21.012725553044813
18/02/2022 15:26:47 -------------Check stall condition-------------
18/02/2022 15:26:47 Alt: 0.517
18/02/2022 15:26:47 ch8: 2065
18/02/2022 15:26:47 distance: 21.033568399720195
18/02/2022 15:26:47 -------------Check stall condition-------------
18/02/2022 15:26:47 Alt: 0.488
18/02/2022 15:26:47 ch8: 2065
18/02/2022 15:26:47 distance: 21.07095829032517
18/02/2022 15:26:48 -------------Check stall condition-------------
18/02/2022 15:26:48 Alt: 0.368
18/02/2022 15:26:48 ch8: 2065
18/02/2022 15:26:48 distance: 21.101740980384086
18/02/2022 15:26:48 -------------Check stall condition-------------
18/02/2022 15:26:48 Alt: 0.368
18/02/2022 15:26:48 ch8: 2065
18/02/2022 15:26:48 distance: 21.101740980384086
18/02/2022 15:26:48 -------------Check stall condition-------------
18/02/2022 15:26:48 Alt: 0.488
18/02/2022 15:26:48 ch8: 2065
18/02/2022 15:26:48 distance: 21.1166078904537
18/02/2022 15:26:49 -------------Check stall condition-------------
18/02/2022 15:26:49 Alt: 0.488
18/02/2022 15:26:49 ch8: 2065
18/02/2022 15:26:49 distance: 21.1166078904537
18/02/2022 15:26:49 -------------Check stall condition-------------
18/02/2022 15:26:49 Alt: 0.184
18/02/2022 15:26:49 ch8: 2065
18/02/2022 15:26:49 distance: 21.247489715127156
18/02/2022 15:26:49 -------------Check stall condition-------------
18/02/2022 15:26:49 Alt: -0.08
18/02/2022 15:26:49 ch8: 2065
18/02/2022 15:26:49 distance: 21.37954974202413
18/02/2022 15:26:50 -------------Check stall condition-------------
18/02/2022 15:26:50 Alt: 0.008
18/02/2022 15:26:50 ch8: 965
18/02/2022 15:26:50 distance: 21.429073144026315
18/02/2022 15:26:50 Pilot control
18/02/2022 15:26:50 -------------Check stall condition-------------
18/02/2022 15:26:50 Alt: 0.012
18/02/2022 15:26:50 ch8: 965
18/02/2022 15:26:50 distance: 21.54348713831185
18/02/2022 15:26:50 Pilot control
18/02/2022 15:26:50 -------------Check stall condition-------------
18/02/2022 15:26:50 Alt: 0.03
18/02/2022 15:26:50 ch8: 965
18/02/2022 15:26:50 distance: 21.645987325035783
18/02/2022 15:26:50 Pilot control
18/02/2022 15:26:51 -------------Check stall condition-------------
18/02/2022 15:26:51 Alt: 0.067
18/02/2022 15:26:51 ch8: 965
18/02/2022 15:26:51 distance: 21.724778336670155
18/02/2022 15:26:51 Pilot control
18/02/2022 15:26:51 -------------Check stall condition-------------
18/02/2022 15:26:51 Alt: 0.099
18/02/2022 15:26:51 ch8: 2065
18/02/2022 15:26:51 distance: 21.791960024418334
18/02/2022 15:26:51 Waiting for reach target...
18/02/2022 15:26:51 is_deepstalled: False
18/02/2022 15:26:51 Deep stall!!!
18/02/2022 15:26:51 -------------Check stall condition-------------
18/02/2022 15:26:51 Alt: 0.098
18/02/2022 15:26:51 ch8: 2065
18/02/2022 15:26:51 distance: 21.860185235898587
18/02/2022 15:26:52 -------------Check stall condition-------------
18/02/2022 15:26:52 Alt: 0.094
18/02/2022 15:26:52 ch8: 2065
18/02/2022 15:26:52 distance: 21.858073518707066
18/02/2022 15:26:52 -------------Check stall condition-------------
18/02/2022 15:26:52 Alt: 0.09
18/02/2022 15:26:52 ch8: 2065
18/02/2022 15:26:52 distance: 21.86549905931179
18/02/2022 15:26:52 -------------Check stall condition-------------
18/02/2022 15:26:52 Alt: 0.109
18/02/2022 15:26:52 ch8: 2065
18/02/2022 15:26:52 distance: 21.830855196172358
18/02/2022 15:26:53 -------------Check stall condition-------------
18/02/2022 15:26:53 Alt: 0.116
18/02/2022 15:26:53 ch8: 2065
18/02/2022 15:26:53 distance: 21.74672803342781
18/02/2022 15:26:53 -------------Check stall condition-------------
18/02/2022 15:26:53 Alt: 0.12
18/02/2022 15:26:53 ch8: 2065
18/02/2022 15:26:53 distance: 21.706663117926844
18/02/2022 15:26:53 -------------Check stall condition-------------
18/02/2022 15:26:53 Alt: 0.126
18/02/2022 15:26:53 ch8: 2065
18/02/2022 15:26:53 distance: 21.691632193292655
18/02/2022 15:26:53 -------------Check stall condition-------------
18/02/2022 15:26:53 Alt: 0.184
18/02/2022 15:26:53 ch8: 2065
18/02/2022 15:26:53 distance: 21.697312845275967
18/02/2022 15:26:54 -------------Check stall condition-------------
18/02/2022 15:26:54 Alt: 0.186
18/02/2022 15:26:54 ch8: 965
18/02/2022 15:26:54 distance: 21.71256813057688
18/02/2022 15:26:54 Pilot control
18/02/2022 15:26:54 -------------Check stall condition-------------
18/02/2022 15:26:54 Alt: 0.185
18/02/2022 15:26:54 ch8: 965
18/02/2022 15:26:54 distance: 21.718254718159823
18/02/2022 15:26:54 Pilot control
18/02/2022 15:26:55 -------------Check stall condition-------------
18/02/2022 15:26:55 Alt: 0.075
18/02/2022 15:26:55 ch8: 965
18/02/2022 15:26:55 distance: 21.71646016507568
18/02/2022 15:26:55 Pilot control
18/02/2022 15:26:55 -------------Check stall condition-------------
18/02/2022 15:26:55 Alt: -0.102
18/02/2022 15:26:55 ch8: 2065
18/02/2022 15:26:55 distance: 21.704693470848284
18/02/2022 15:26:55 Waiting for reach target...
18/02/2022 15:26:55 is_deepstalled: False
18/02/2022 15:26:55 Deep stall!!!
18/02/2022 15:26:56 -------------Check stall condition-------------
18/02/2022 15:26:56 Alt: -0.15
18/02/2022 15:26:56 ch8: 2065
18/02/2022 15:26:56 distance: 21.733560875588108
18/02/2022 15:26:56 -------------Check stall condition-------------
18/02/2022 15:26:56 Alt: -0.043
18/02/2022 15:26:56 ch8: 965
18/02/2022 15:26:56 distance: 21.670232852719007
18/02/2022 15:26:56 Pilot control
18/02/2022 15:26:57 -------------Check stall condition-------------
18/02/2022 15:26:57 Alt: -0.045
18/02/2022 15:26:57 ch8: 965
18/02/2022 15:26:57 distance: 21.736742244242894
18/02/2022 15:26:57 Pilot control
18/02/2022 15:26:57 -------------Check stall condition-------------
18/02/2022 15:26:57 Alt: -0.057
18/02/2022 15:26:57 ch8: 965
18/02/2022 15:26:57 distance: 21.788050194935323
18/02/2022 15:26:57 Pilot control
18/02/2022 15:26:58 -------------Check stall condition-------------
18/02/2022 15:26:58 Alt: -0.063
18/02/2022 15:26:58 ch8: 1515
18/02/2022 15:26:58 distance: 21.84733319609436
18/02/2022 15:26:58 Waiting for reach target...
18/02/2022 15:26:58 is_deepstalled: False
18/02/2022 15:26:58 Deep stall!!!
18/02/2022 15:26:58 -------------Check stall condition-------------
18/02/2022 15:26:58 Alt: -0.061
18/02/2022 15:26:58 ch8: 2065
18/02/2022 15:26:58 distance: 21.872171393647232
18/02/2022 15:26:59 -------------Check stall condition-------------
18/02/2022 15:26:59 Alt: -0.016
18/02/2022 15:26:59 ch8: 2065
18/02/2022 15:26:59 distance: 21.997420485668464
18/02/2022 15:26:59 -------------Check stall condition-------------
18/02/2022 15:26:59 Alt: 0.047
18/02/2022 15:26:59 ch8: 2065
18/02/2022 15:26:59 distance: 22.15532416003511
18/02/2022 15:27:00 -------------Check stall condition-------------
18/02/2022 15:27:00 Alt: -0.017
18/02/2022 15:27:00 ch8: 2065
18/02/2022 15:27:00 distance: 22.258480864193025
18/02/2022 15:27:00 -------------Check stall condition-------------
18/02/2022 15:27:00 Alt: -0.101
18/02/2022 15:27:00 ch8: 2065
18/02/2022 15:27:00 distance: 22.272297472862466
18/02/2022 15:27:00 -------------Check stall condition-------------
18/02/2022 15:27:00 Alt: -0.275
18/02/2022 15:27:00 ch8: 2065
18/02/2022 15:27:00 distance: 22.29712912067214
18/02/2022 15:27:00 -------------Check stall condition-------------
18/02/2022 15:27:00 Alt: -0.261
18/02/2022 15:27:00 ch8: 2065
18/02/2022 15:27:00 distance: 22.283622645840023
18/02/2022 15:27:01 -------------Check stall condition-------------
18/02/2022 15:27:01 Alt: -0.162
18/02/2022 15:27:01 ch8: 2065
18/02/2022 15:27:01 distance: 22.294964298955097
18/02/2022 15:27:01 -------------Check stall condition-------------
18/02/2022 15:27:01 Alt: 0.009
18/02/2022 15:27:01 ch8: 2065
18/02/2022 15:27:01 distance: 22.36721524860383
18/02/2022 15:27:02 -------------Check stall condition-------------
18/02/2022 15:27:02 Alt: 0.085
18/02/2022 15:27:02 ch8: 2065
18/02/2022 15:27:02 distance: 22.44164951949437
18/02/2022 15:27:02 -------------Check stall condition-------------
18/02/2022 15:27:02 Alt: -0.057
18/02/2022 15:27:02 ch8: 2065
18/02/2022 15:27:02 distance: 22.430879251032422
18/02/2022 15:27:03 -------------Check stall condition-------------
18/02/2022 15:27:03 Alt: -0.181
18/02/2022 15:27:03 ch8: 2065
18/02/2022 15:27:03 distance: 22.425865169377357
18/02/2022 15:27:03 -------------Check stall condition-------------
18/02/2022 15:27:03 Alt: -0.099
18/02/2022 15:27:03 ch8: 2065
18/02/2022 15:27:03 distance: 22.35467688468973
18/02/2022 15:27:04 -------------Check stall condition-------------
18/02/2022 15:27:04 Alt: -0.086
18/02/2022 15:27:04 ch8: 2065
18/02/2022 15:27:04 distance: 22.26271163345319
18/02/2022 15:27:04 -------------Check stall condition-------------
18/02/2022 15:27:04 Alt: -0.103
18/02/2022 15:27:04 ch8: 965
18/02/2022 15:27:04 distance: 22.220479233496697
18/02/2022 15:27:04 Pilot control
18/02/2022 15:27:04 -------------Check stall condition-------------
18/02/2022 15:27:04 Alt: -0.141
18/02/2022 15:27:04 ch8: 965
18/02/2022 15:27:04 distance: 22.216586249368472
18/02/2022 15:27:04 Pilot control
18/02/2022 15:27:05 -------------Check stall condition-------------
18/02/2022 15:27:05 Alt: -0.158
18/02/2022 15:27:05 ch8: 965
18/02/2022 15:27:05 distance: 22.23005541173055
18/02/2022 15:27:05 Pilot control
18/02/2022 15:27:05 -------------Check stall condition-------------
18/02/2022 15:27:05 Alt: -0.168
18/02/2022 15:27:05 ch8: 2065
18/02/2022 15:27:05 distance: 22.232220979924808
18/02/2022 15:27:05 Waiting for reach target...
18/02/2022 15:27:05 is_deepstalled: False
18/02/2022 15:27:05 Deep stall!!!
18/02/2022 15:27:05 -------------Check stall condition-------------
18/02/2022 15:27:05 Alt: -0.187
18/02/2022 15:27:05 ch8: 2065
18/02/2022 15:27:06 distance: 22.255340668389543
18/02/2022 15:27:06 -------------Check stall condition-------------
18/02/2022 15:27:06 Alt: 0.031
18/02/2022 15:27:06 ch8: 2065
18/02/2022 15:27:06 distance: 22.303327850874574
18/02/2022 15:27:06 -------------Check stall condition-------------
18/02/2022 15:27:06 Alt: 0.031
18/02/2022 15:27:06 ch8: 2065
18/02/2022 15:27:06 distance: 22.364273174635834
18/02/2022 15:27:06 -------------Check stall condition-------------
18/02/2022 15:27:06 Alt: 0.02
18/02/2022 15:27:06 ch8: 2065
18/02/2022 15:27:06 distance: 22.454015145737902
18/02/2022 15:27:07 -------------Check stall condition-------------
18/02/2022 15:27:07 Alt: -0.014
18/02/2022 15:27:07 ch8: 2065
18/02/2022 15:27:07 distance: 22.49408762017193
18/02/2022 15:27:07 -------------Check stall condition-------------
18/02/2022 15:27:07 Alt: -0.036
18/02/2022 15:27:07 ch8: 2065
18/02/2022 15:27:07 distance: 22.49408762017193
18/02/2022 15:27:07 -------------Check stall condition-------------
18/02/2022 15:27:07 Alt: -0.054
18/02/2022 15:27:07 ch8: 2065
18/02/2022 15:27:07 distance: 22.47660898243911
18/02/2022 15:27:08 -------------Check stall condition-------------
18/02/2022 15:27:08 Alt: -0.097
18/02/2022 15:27:08 ch8: 2065
18/02/2022 15:27:08 distance: 22.42522969649018
18/02/2022 15:27:08 -------------Check stall condition-------------
18/02/2022 15:27:08 Alt: -0.123
18/02/2022 15:27:08 ch8: 2065
18/02/2022 15:27:08 distance: 22.39704354084285
18/02/2022 15:27:08 -------------Check stall condition-------------
18/02/2022 15:27:08 Alt: -0.288
18/02/2022 15:27:08 ch8: 2065
18/02/2022 15:27:08 distance: 22.256379097472543
18/02/2022 15:27:09 -------------Check stall condition-------------
18/02/2022 15:27:09 Alt: -0.608
18/02/2022 15:27:09 ch8: 2065
18/02/2022 15:27:09 distance: 22.169311264812723
18/02/2022 15:27:09 -------------Check stall condition-------------
18/02/2022 15:27:09 Alt: -0.587
18/02/2022 15:27:09 ch8: 2065
18/02/2022 15:27:10 distance: 22.050943107696618
18/02/2022 15:27:10 -------------Check stall condition-------------
18/02/2022 15:27:10 Alt: -0.331
18/02/2022 15:27:10 ch8: 2065
18/02/2022 15:27:10 distance: 21.90825738221206
18/02/2022 15:27:11 -------------Check stall condition-------------
18/02/2022 15:27:11 Alt: -0.252
18/02/2022 15:27:11 ch8: 2065
18/02/2022 15:27:11 distance: 22.02054471402983
18/02/2022 15:27:11 -------------Check stall condition-------------
18/02/2022 15:27:11 Alt: -0.282
18/02/2022 15:27:11 ch8: 2065
18/02/2022 15:27:11 distance: 22.026821280031495
18/02/2022 15:27:12 -------------Check stall condition-------------
18/02/2022 15:27:12 Alt: -0.235
18/02/2022 15:27:12 ch8: 2065
18/02/2022 15:27:12 distance: 21.970419920596658
18/02/2022 15:27:12 -------------Check stall condition-------------
18/02/2022 15:27:12 Alt: -0.181
18/02/2022 15:27:12 ch8: 2065
18/02/2022 15:27:12 distance: 21.96832443966621
18/02/2022 15:27:12 -------------Check stall condition-------------
18/02/2022 15:27:12 Alt: -0.163
18/02/2022 15:27:12 ch8: 2065
18/02/2022 15:27:12 distance: 21.951268309775504
18/02/2022 15:27:12 -------------Check stall condition-------------
18/02/2022 15:27:12 Alt: -0.174
18/02/2022 15:27:12 ch8: 2065
18/02/2022 15:27:12 distance: 21.93475822374697
18/02/2022 15:27:13 -------------Check stall condition-------------
18/02/2022 15:27:13 Alt: -0.322
18/02/2022 15:27:13 ch8: 2065
18/02/2022 15:27:13 distance: 21.953901659570235
18/02/2022 15:27:13 -------------Check stall condition-------------
18/02/2022 15:27:13 Alt: -0.412
18/02/2022 15:27:13 ch8: 2065
18/02/2022 15:27:13 distance: 21.9637435815103
18/02/2022 15:27:13 -------------Check stall condition-------------
18/02/2022 15:27:13 Alt: -0.453
18/02/2022 15:27:13 ch8: 2065
18/02/2022 15:27:13 distance: 21.94731063580802
18/02/2022 15:27:14 -------------Check stall condition-------------
18/02/2022 15:27:14 Alt: -0.406
18/02/2022 15:27:14 ch8: 2065
18/02/2022 15:27:14 distance: 21.832702781575673
18/02/2022 15:27:14 -------------Check stall condition-------------
18/02/2022 15:27:14 Alt: -0.328
18/02/2022 15:27:14 ch8: 2065
18/02/2022 15:27:14 distance: 21.789733640667084
18/02/2022 15:27:14 -------------Check stall condition-------------
18/02/2022 15:27:14 Alt: -0.283
18/02/2022 15:27:14 ch8: 2065
18/02/2022 15:27:14 distance: 21.767517047295215
18/02/2022 15:27:15 -------------Check stall condition-------------
18/02/2022 15:27:15 Alt: -0.296
18/02/2022 15:27:15 ch8: 2065
18/02/2022 15:27:15 distance: 21.767517047295215
18/02/2022 15:27:15 -------------Check stall condition-------------
18/02/2022 15:27:15 Alt: -0.354
18/02/2022 15:27:15 ch8: 2065
18/02/2022 15:27:15 distance: 21.71809495453921
18/02/2022 15:27:15 -------------Check stall condition-------------
18/02/2022 15:27:15 Alt: -0.379
18/02/2022 15:27:15 ch8: 2065
18/02/2022 15:27:15 distance: 21.71140095526357
18/02/2022 15:27:16 -------------Check stall condition-------------
18/02/2022 15:27:16 Alt: -0.399
18/02/2022 15:27:16 ch8: 2065
18/02/2022 15:27:16 distance: 21.714474287097907
18/02/2022 15:27:16 -------------Check stall condition-------------
18/02/2022 15:27:16 Alt: -0.43
18/02/2022 15:27:16 ch8: 2065
18/02/2022 15:27:16 distance: 21.717621363257766
18/02/2022 15:27:16 -------------Check stall condition-------------
18/02/2022 15:27:16 Alt: -0.572
18/02/2022 15:27:16 ch8: 2065
18/02/2022 15:27:16 distance: 21.634397099100855
18/02/2022 15:27:16 -------------Check stall condition-------------
18/02/2022 15:27:16 Alt: -0.572
18/02/2022 15:27:16 ch8: 2065
18/02/2022 15:27:16 distance: 21.634397099100855
18/02/2022 15:27:17 -------------Check stall condition-------------
18/02/2022 15:27:17 Alt: -0.378
18/02/2022 15:27:17 ch8: 2065
18/02/2022 15:27:17 distance: 21.58901867101482
18/02/2022 15:27:17 -------------Check stall condition-------------
18/02/2022 15:27:17 Alt: -0.317
18/02/2022 15:27:17 ch8: 2065
18/02/2022 15:27:17 distance: 21.58901867101482
18/02/2022 15:27:17 -------------Check stall condition-------------
18/02/2022 15:27:17 Alt: -0.245
18/02/2022 15:27:17 ch8: 2065
18/02/2022 15:27:17 distance: 21.583642520128663
18/02/2022 15:27:18 -------------Check stall condition-------------
18/02/2022 15:27:18 Alt: -0.245
18/02/2022 15:27:18 ch8: 2065
18/02/2022 15:27:18 distance: 21.593392084328144
18/02/2022 15:27:18 -------------Check stall condition-------------
18/02/2022 15:27:18 Alt: -0.192
18/02/2022 15:27:18 ch8: 2065
18/02/2022 15:27:18 distance: 21.593392084328144
18/02/2022 15:27:18 -------------Check stall condition-------------
18/02/2022 15:27:18 Alt: -0.167
18/02/2022 15:27:18 ch8: 2065
18/02/2022 15:27:18 distance: 21.76432878944405
18/02/2022 15:27:19 -------------Check stall condition-------------
18/02/2022 15:27:19 Alt: -0.164
18/02/2022 15:27:19 ch8: 2065
18/02/2022 15:27:19 distance: 21.796429167374455
18/02/2022 15:27:19 -------------Check stall condition-------------
18/02/2022 15:27:19 Alt: -0.172
18/02/2022 15:27:19 ch8: 965
18/02/2022 15:27:19 distance: 21.9093631661122
18/02/2022 15:27:19 Pilot control
18/02/2022 15:27:19 -------------Check stall condition-------------
18/02/2022 15:27:19 Alt: -0.172
18/02/2022 15:27:19 ch8: 965
18/02/2022 15:27:19 distance: 21.9093631661122
18/02/2022 15:27:19 Pilot control
18/02/2022 15:27:19 -------------Check stall condition-------------
18/02/2022 15:27:20 Alt: -0.203
18/02/2022 15:27:20 ch8: 965
18/02/2022 15:27:20 distance: 21.999056928638556
18/02/2022 15:27:20 Pilot control
18/02/2022 15:27:20 -------------Check stall condition-------------
18/02/2022 15:27:20 Alt: -0.266
18/02/2022 15:27:20 ch8: 965
18/02/2022 15:27:20 distance: 22.113136042630025
18/02/2022 15:27:20 Pilot control
18/02/2022 15:27:20 -------------Check stall condition-------------
18/02/2022 15:27:20 Alt: -0.285
18/02/2022 15:27:20 ch8: 965
18/02/2022 15:27:20 distance: 22.453278366748588
18/02/2022 15:27:20 Pilot control
18/02/2022 15:27:20 -------------Check stall condition-------------
18/02/2022 15:27:20 Alt: -0.251
18/02/2022 15:27:20 ch8: 965
18/02/2022 15:27:20 distance: 22.593333978591552
18/02/2022 15:27:20 Pilot control
18/02/2022 15:27:21 -------------Check stall condition-------------
18/02/2022 15:27:21 Alt: -0.217
18/02/2022 15:27:21 ch8: 965
18/02/2022 15:27:21 distance: 22.647160933071564
18/02/2022 15:27:21 Pilot control
18/02/2022 15:27:21 -------------Check stall condition-------------
18/02/2022 15:27:21 Alt: -0.211
18/02/2022 15:27:21 ch8: 965
18/02/2022 15:27:21 distance: 22.770544541164437
18/02/2022 15:27:21 Pilot control
18/02/2022 15:27:21 -------------Check stall condition-------------
18/02/2022 15:27:21 Alt: -0.216
18/02/2022 15:27:21 ch8: 965
18/02/2022 15:27:21 distance: 23.04769100803112
18/02/2022 15:27:21 Pilot control
18/02/2022 15:27:22 -------------Check stall condition-------------
18/02/2022 15:27:22 Alt: -0.204
18/02/2022 15:27:22 ch8: 965
18/02/2022 15:27:22 distance: 23.157947851677523
18/02/2022 15:27:22 Pilot control
18/02/2022 15:27:22 -------------Check stall condition-------------
18/02/2022 15:27:22 Alt: -0.257
18/02/2022 15:27:22 ch8: 965
18/02/2022 15:27:22 distance: 23.30923207810498
18/02/2022 15:27:22 Pilot control
18/02/2022 15:27:22 -------------Check stall condition-------------
18/02/2022 15:27:22 Alt: -0.304
18/02/2022 15:27:22 ch8: 965
18/02/2022 15:27:22 distance: 23.772823306316358
18/02/2022 15:27:22 Pilot control
18/02/2022 15:27:23 -------------Check stall condition-------------
18/02/2022 15:27:23 Alt: -0.184
18/02/2022 15:27:23 ch8: 965
18/02/2022 15:27:23 distance: 23.772823306316358
18/02/2022 15:27:23 Pilot control
18/02/2022 15:27:23 -------------Check stall condition-------------
18/02/2022 15:27:23 Alt: -0.191
18/02/2022 15:27:23 ch8: 965
18/02/2022 15:27:23 distance: 24.232007690657746
18/02/2022 15:27:23 Pilot control
18/02/2022 15:27:23 -------------Check stall condition-------------
18/02/2022 15:27:23 Alt: -0.191
18/02/2022 15:27:23 ch8: 965
18/02/2022 15:27:23 distance: 24.391873031327744
18/02/2022 15:27:23 Pilot control
18/02/2022 15:27:24 -------------Check stall condition-------------
18/02/2022 15:27:24 Alt: -0.359
18/02/2022 15:27:24 ch8: 965
18/02/2022 15:27:24 distance: 24.67870715252142
18/02/2022 15:27:24 Pilot control
18/02/2022 15:27:24 -------------Check stall condition-------------
18/02/2022 15:27:24 Alt: -0.406
18/02/2022 15:27:24 ch8: 965
18/02/2022 15:27:24 distance: 24.889300150690048
18/02/2022 15:27:24 Pilot control
18/02/2022 15:27:24 -------------Check stall condition-------------
18/02/2022 15:27:24 Alt: -0.53
18/02/2022 15:27:24 ch8: 965
18/02/2022 15:27:24 distance: 25.292638021592012
18/02/2022 15:27:24 Pilot control
18/02/2022 15:27:25 -------------Check stall condition-------------
18/02/2022 15:27:25 Alt: -0.53
18/02/2022 15:27:25 ch8: 965
18/02/2022 15:27:25 distance: 25.515604736549516
18/02/2022 15:27:25 Pilot control
18/02/2022 15:27:25 -------------Check stall condition-------------
18/02/2022 15:27:25 Alt: -0.599
18/02/2022 15:27:25 ch8: 965
18/02/2022 15:27:25 distance: 25.679082754453496
18/02/2022 15:27:25 Pilot control
18/02/2022 15:27:25 -------------Check stall condition-------------
18/02/2022 15:27:25 Alt: -0.663
18/02/2022 15:27:25 ch8: 965
18/02/2022 15:27:25 distance: 25.869197996527888
18/02/2022 15:27:25 Pilot control
18/02/2022 15:27:26 -------------Check stall condition-------------
18/02/2022 15:27:26 Alt: -0.693
18/02/2022 15:27:26 ch8: 965
18/02/2022 15:27:26 distance: 26.089550595776693
18/02/2022 15:27:26 Pilot control
18/02/2022 15:27:26 -------------Check stall condition-------------
18/02/2022 15:27:26 Alt: -0.712
18/02/2022 15:27:26 ch8: 965
18/02/2022 15:27:26 distance: 26.268104661549607
18/02/2022 15:27:26 Pilot control
18/02/2022 15:27:26 -------------Check stall condition-------------
18/02/2022 15:27:26 Alt: -0.781
18/02/2022 15:27:26 ch8: 965
18/02/2022 15:27:26 distance: 26.524075564652733
18/02/2022 15:27:26 Pilot control
18/02/2022 15:27:27 -------------Check stall condition-------------
18/02/2022 15:27:27 Alt: -0.799
18/02/2022 15:27:27 ch8: 965
18/02/2022 15:27:27 distance: 26.730577408595636
18/02/2022 15:27:27 Pilot control
18/02/2022 15:27:27 -------------Check stall condition-------------
18/02/2022 15:27:27 Alt: -0.926
18/02/2022 15:27:27 ch8: 965
18/02/2022 15:27:27 distance: 27.167911116456175
18/02/2022 15:27:27 Pilot control
18/02/2022 15:27:27 -------------Check stall condition-------------
18/02/2022 15:27:27 Alt: -1.009
18/02/2022 15:27:27 ch8: 965
18/02/2022 15:27:27 distance: 27.70350763582238
18/02/2022 15:27:27 Pilot control
18/02/2022 15:27:28 -------------Check stall condition-------------
18/02/2022 15:27:28 Alt: -1.038
18/02/2022 15:27:28 ch8: 965
18/02/2022 15:27:28 distance: 28.01018507266811
18/02/2022 15:27:28 Pilot control
18/02/2022 15:27:28 -------------Check stall condition-------------
18/02/2022 15:27:28 Alt: -1.093
18/02/2022 15:27:28 ch8: 2065
18/02/2022 15:27:28 distance: 28.422342736819267
18/02/2022 15:27:28 Waiting for reach target...
18/02/2022 15:27:28 -------------Check stall condition-------------
18/02/2022 15:27:28 Alt: -1.167
18/02/2022 15:27:28 ch8: 2065
18/02/2022 15:27:28 distance: 28.716834465472896
18/02/2022 15:27:28 Waiting for reach target...
18/02/2022 15:27:29 -------------Check stall condition-------------
18/02/2022 15:27:29 Alt: -0.557
18/02/2022 15:27:29 ch8: 965
18/02/2022 15:27:29 distance: 29.274711016048453
18/02/2022 15:27:29 Pilot control
18/02/2022 15:27:29 -------------Check stall condition-------------
18/02/2022 15:27:29 Alt: -0.353
18/02/2022 15:27:29 ch8: 965
18/02/2022 15:27:29 distance: 29.573342521050932
18/02/2022 15:27:29 Pilot control
18/02/2022 15:27:29 -------------Check stall condition-------------
18/02/2022 15:27:29 Alt: -0.353
18/02/2022 15:27:29 ch8: 965
18/02/2022 15:27:29 distance: 29.728403432466653
18/02/2022 15:27:29 Pilot control
18/02/2022 15:27:30 -------------Check stall condition-------------
18/02/2022 15:27:30 Alt: -0.487
18/02/2022 15:27:30 ch8: 965
18/02/2022 15:27:30 distance: 30.178098458048773
18/02/2022 15:27:30 Pilot control
18/02/2022 15:27:30 -------------Check stall condition-------------
18/02/2022 15:27:30 Alt: -0.597
18/02/2022 15:27:30 ch8: 965
18/02/2022 15:27:30 distance: 30.387004035846967
18/02/2022 15:27:30 Pilot control
18/02/2022 15:27:30 -------------Check stall condition-------------
18/02/2022 15:27:30 Alt: -0.655
18/02/2022 15:27:30 ch8: 965
18/02/2022 15:27:30 distance: 30.68040143824214
18/02/2022 15:27:30 Pilot control
18/02/2022 15:27:31 -------------Check stall condition-------------
18/02/2022 15:27:31 Alt: -0.711
18/02/2022 15:27:31 ch8: 965
18/02/2022 15:27:31 distance: 30.914796069415644
18/02/2022 15:27:31 Pilot control
18/02/2022 15:27:31 -------------Check stall condition-------------
18/02/2022 15:27:31 Alt: -0.861
18/02/2022 15:27:31 ch8: 965
18/02/2022 15:27:31 distance: 31.210720298246173
18/02/2022 15:27:31 Pilot control
18/02/2022 15:27:31 -------------Check stall condition-------------
18/02/2022 15:27:31 Alt: -0.994
18/02/2022 15:27:31 ch8: 965
18/02/2022 15:27:31 distance: 31.849927163454872
18/02/2022 15:27:31 Pilot control
18/02/2022 15:27:31 -------------Check stall condition-------------
18/02/2022 15:27:32 Alt: -0.987
18/02/2022 15:27:32 ch8: 965
18/02/2022 15:27:32 distance: 32.11381394018155
18/02/2022 15:27:32 Pilot control
18/02/2022 15:27:32 -------------Check stall condition-------------
18/02/2022 15:27:32 Alt: -1.047
18/02/2022 15:27:32 ch8: 965
18/02/2022 15:27:32 distance: 32.59782054653343
18/02/2022 15:27:32 Pilot control
18/02/2022 15:27:32 -------------Check stall condition-------------
18/02/2022 15:27:32 Alt: -1.136
18/02/2022 15:27:32 ch8: 965
18/02/2022 15:27:32 distance: 33.10978978112222
18/02/2022 15:27:32 Pilot control
                                                                                                                                                                                                                                                                                                                                                                                                                                                                                                                                                                                                                                                                                                                                                                                                                                                                                                                                                                                                                                                                                                                                                 