05/04/2022 12:05:18 Connecting to Vehicle on: /dev/ttyACM0
05/04/2022 12:05:18 ArduPlane V4.1.4 (0f984409)
05/04/2022 12:05:18 ChibiOS: 45395b6a
05/04/2022 12:05:18 CubeBlack 00360049 3337510E 37353832
05/04/2022 12:05:18 RCOut: PWM:1-14
05/04/2022 12:05:18 IMU0: fast sampling enabled 8.0kHz/1.0kHz
05/04/2022 12:05:18 IMU2: fast sampling enabled 8.0kHz/1.0kHz
05/04/2022 12:05:28 distance: 43.74521104090183
05/04/2022 12:05:29 Pilot control
05/04/2022 12:05:29 Pilot control
05/04/2022 12:05:29 distance: 43.834800687884126
05/04/2022 12:05:30 Pilot control
05/04/2022 12:05:30 Pilot control
05/04/2022 12:05:30 distance: 44.01884398300437
05/04/2022 12:05:31 Pilot control
05/04/2022 12:05:31 Pilot control
05/04/2022 12:05:31 distance: 44.158159991449494
05/04/2022 12:05:32 Pilot control
05/04/2022 12:05:32 Pilot control
05/04/2022 12:05:32 distance: 44.37211747359793
05/04/2022 12:05:33 Pilot control
05/04/2022 12:05:33 Pilot control
05/04/2022 12:05:33 distance: 44.46174131942227
05/04/2022 12:05:34 Pilot control
05/04/2022 12:05:34 Pilot control
05/04/2022 12:05:34 distance: 44.516544175797335
05/04/2022 12:05:35 Pilot control
05/04/2022 12:05:35 Pilot control
05/04/2022 12:05:35 distance: 44.56133489519091
05/04/2022 12:05:36 Pilot control
05/04/2022 12:05:36 Pilot control
05/04/2022 12:05:36 distance: 44.5414359424308
05/04/2022 12:05:37 Pilot control
05/04/2022 12:05:37 Pilot control
05/04/2022 12:05:37 distance: 44.526493368902855
05/04/2022 12:05:38 Pilot control
05/04/2022 12:05:38 Pilot control
05/04/2022 12:05:38 distance: 44.50160159799807
05/04/2022 12:05:39 Pilot control
05/04/2022 12:05:40 Pilot control
05/04/2022 12:05:40 distance: 44.476709827211415
05/04/2022 12:05:41 Pilot control
05/04/2022 12:05:41 Pilot control
05/04/2022 12:05:41 distance: 44.56659464369084
05/04/2022 12:05:42 Pilot control
05/04/2022 12:05:42 Pilot control
05/04/2022 12:05:42 distance: 44.61686670953614
05/04/2022 12:05:43 Pilot control
05/04/2022 12:05:43 Pilot control
05/04/2022 12:05:43 distance: 44.69731193958656
05/04/2022 12:05:44 Pilot control
05/04/2022 12:05:44 Pilot control
05/04/2022 12:05:44 distance: 44.66272770527197
05/04/2022 12:05:45 Pilot control
05/04/2022 12:05:45 Pilot control
05/04/2022 12:05:45 distance: 44.608607252275974
05/04/2022 12:05:46 Pilot control
05/04/2022 12:05:46 Pilot control
05/04/2022 12:05:46 distance: 44.45953665096328
05/04/2022 12:05:47 Pilot control
05/04/2022 12:05:47 Pilot control
05/04/2022 12:05:47 distance: 44.210921676637035
05/04/2022 12:05:48 Pilot control
05/04/2022 12:05:48 Pilot control
05/04/2022 12:05:48 distance: 44.265505960748285
05/04/2022 12:05:49 Pilot control
05/04/2022 12:05:49 Pilot control
05/04/2022 12:05:49 distance: 44.409484118695566
05/04/2022 12:05:50 Pilot control
05/04/2022 12:05:50 Pilot control
05/04/2022 12:05:50 distance: 44.558826459086355
05/04/2022 12:05:51 Pilot control
05/04/2022 12:05:51 Pilot control
05/04/2022 12:05:51 distance: 44.70308654520626
05/04/2022 12:05:52 Pilot control
05/04/2022 12:05:52 Pilot control
05/04/2022 12:05:52 distance: 44.85701405023634
05/04/2022 12:05:53 Pilot control
05/04/2022 12:05:53 Pilot control
05/04/2022 12:05:53 distance: 45.08127082590467
05/04/2022 12:05:54 Pilot control
05/04/2022 12:05:54 Pilot control
05/04/2022 12:05:54 distance: 45.339415622780805
05/04/2022 12:05:55 Pilot control
05/04/2022 12:05:55 Pilot control
05/04/2022 12:05:55 distance: 45.423633820957726
05/04/2022 12:05:56 Pilot control
05/04/2022 12:05:56 Pilot control
05/04/2022 12:05:56 distance: 45.5082298790391
05/04/2022 12:05:57 Pilot control
05/04/2022 12:05:57 Pilot control
05/04/2022 12:05:57 distance: 45.58326784092669
05/04/2022 12:05:58 Pilot control
05/04/2022 12:05:58 Pilot control
05/04/2022 12:05:58 distance: 45.68615208811757
05/04/2022 12:05:59 Pilot control
05/04/2022 12:05:59 Pilot control
05/04/2022 12:05:59 distance: 45.61525936480952
05/04/2022 12:06:00 Pilot control
05/04/2022 12:06:00 Pilot control
05/04/2022 12:06:00 distance: 45.28317037069739
05/04/2022 12:06:01 Pilot control
05/04/2022 12:06:01 Pilot control
05/04/2022 12:06:01 distance: 44.393437803217914
05/04/2022 12:06:02 Pilot control
05/04/2022 12:06:02 Pilot control
05/04/2022 12:06:02 distance: 43.10030702103224
05/04/2022 12:06:03 Pilot control
05/04/2022 12:06:03 Pilot control
05/04/2022 12:06:03 distance: 42.2974960604897
05/04/2022 12:06:04 Pilot control
05/04/2022 12:06:04 Pilot control
05/04/2022 12:06:04 distance: 41.051566276227504
05/04/2022 12:06:05 Pilot control
05/04/2022 12:06:05 Pilot control
05/04/2022 12:06:05 distance: 40.156281245211304
05/04/2022 12:06:06 Pilot control
05/04/2022 12:06:06 Pilot control
05/04/2022 12:06:06 distance: 39.153859742621265
05/04/2022 12:06:07 Pilot control
05/04/2022 12:06:07 Pilot control
05/04/2022 12:06:07 distance: 38.02033555307969
05/04/2022 12:06:08 Pilot control
05/04/2022 12:06:08 Pilot control
05/04/2022 12:06:08 distance: 37.19393567210758
05/04/2022 12:06:09 Pilot control
05/04/2022 12:06:09 Pilot control
05/04/2022 12:06:09 distance: 35.84892534028402
05/04/2022 12:06:11 Pilot control
05/04/2022 12:06:11 Pilot control
05/04/2022 12:06:11 distance: 34.83076687584502
05/04/2022 12:06:12 Pilot control
05/04/2022 12:06:12 Pilot control
05/04/2022 12:06:12 distance: 33.90119454647505
05/04/2022 12:06:13 Pilot control
05/04/2022 12:06:13 Pilot control
05/04/2022 12:06:13 distance: 32.96823171700613
05/04/2022 12:06:14 Pilot control
05/04/2022 12:06:14 Pilot control
05/04/2022 12:06:14 distance: 31.384333307964535
05/04/2022 12:06:15 Pilot control
05/04/2022 12:06:15 Pilot control
05/04/2022 12:06:15 distance: 29.827993033726017
05/04/2022 12:06:16 Pilot control
05/04/2022 12:06:16 Pilot control
05/04/2022 12:06:16 distance: 27.930934369997992
05/04/2022 12:06:17 Pilot control
05/04/2022 12:06:17 Pilot control
05/04/2022 12:06:17 distance: 26.99162059518934
05/04/2022 12:06:18 Pilot control
05/04/2022 12:06:18 Pilot control
05/04/2022 12:06:18 distance: 26.41377170337507
05/04/2022 12:06:19 Pilot control
05/04/2022 12:06:19 Pilot control
05/04/2022 12:06:19 distance: 24.38213705526012
05/04/2022 12:06:20 Pilot control
05/04/2022 12:06:20 Pilot control
05/04/2022 12:06:20 distance: 23.873444596613645
05/04/2022 12:06:21 Pilot control
05/04/2022 12:06:21 Pilot control
05/04/2022 12:06:21 distance: 23.111292842341314
05/04/2022 12:06:22 Pilot control
05/04/2022 12:06:22 Pilot control
05/04/2022 12:06:22 distance: 23.172701463500132
05/04/2022 12:06:23 Pilot control
05/04/2022 12:06:23 Pilot control
05/04/2022 12:06:23 distance: 23.30707087624923
05/04/2022 12:06:24 Pilot control
05/04/2022 12:06:24 Pilot control
05/04/2022 12:06:24 distance: 23.9560495109471
05/04/2022 12:06:25 Pilot control
05/04/2022 12:06:25 Pilot control
05/04/2022 12:06:25 distance: 24.56969652049766
05/04/2022 12:06:26 Pilot control
05/04/2022 12:06:26 Pilot control
05/04/2022 12:06:26 distance: 25.048747704423786
05/04/2022 12:06:27 Pilot control
05/04/2022 12:06:27 Pilot control
05/04/2022 12:06:27 distance: 25.31318291897003
05/04/2022 12:06:28 Pilot control
05/04/2022 12:06:28 Pilot control
05/04/2022 12:06:28 distance: 25.380284514401986
05/04/2022 12:06:29 Pilot control
05/04/2022 12:06:29 Pilot control
05/04/2022 12:06:29 distance: 25.382664641386036
05/04/2022 12:06:30 Pilot control
05/04/2022 12:06:30 Pilot control
05/04/2022 12:06:30 distance: 25.329599500101786
05/04/2022 12:06:31 Pilot control
05/04/2022 12:06:31 Pilot control
05/04/2022 12:06:31 distance: 25.33202352544279
05/04/2022 12:06:32 Pilot control
05/04/2022 12:06:32 Pilot control
05/04/2022 12:06:32 distance: 25.392426933778204
05/04/2022 12:06:33 Pilot control
05/04/2022 12:06:33 Pilot control
05/04/2022 12:06:33 distance: 25.490541836376092
05/04/2022 12:06:34 Pilot control
05/04/2022 12:06:34 Pilot control
05/04/2022 12:06:34 distance: 25.628819432366193
05/04/2022 12:06:35 Pilot control
05/04/2022 12:06:35 Pilot control
05/04/2022 12:06:35 distance: 25.75774712682341
05/04/2022 12:06:36 Pilot control
05/04/2022 12:06:36 Pilot control
05/04/2022 12:06:36 distance: 25.89690681435197
05/04/2022 12:06:37 Pilot control
05/04/2022 12:06:37 Pilot control
05/04/2022 12:06:37 distance: 26.013116370651257
05/04/2022 12:06:38 Pilot control
05/04/2022 12:06:38 Pilot control
05/04/2022 12:06:38 distance: 26.098685249106627
05/04/2022 12:06:39 Pilot control
05/04/2022 12:06:39 Pilot control
05/04/2022 12:06:39 distance: 26.22448563620995
05/04/2022 12:06:40 Pilot control
05/04/2022 12:06:40 Pilot control
05/04/2022 12:06:40 distance: 26.199192726819998
05/04/2022 12:06:41 Pilot control
05/04/2022 12:06:41 Pilot control
05/04/2022 12:06:41 distance: 25.39233908918665
05/04/2022 12:06:42 Pilot control
05/04/2022 12:06:42 Pilot control
05/04/2022 12:06:42 distance: 24.897581104518178
05/04/2022 12:06:43 Pilot control
05/04/2022 12:06:43 Pilot control
05/04/2022 12:06:43 distance: 24.850965779109135
05/04/2022 12:06:44 Pilot control
05/04/2022 12:06:44 Pilot control
05/04/2022 12:06:44 distance: 25.002233312751635
05/04/2022 12:06:45 Pilot control
05/04/2022 12:06:45 Pilot control
05/04/2022 12:06:45 distance: 25.413230056423284
05/04/2022 12:06:46 Pilot control
05/04/2022 12:06:46 Pilot control
05/04/2022 12:06:46 distance: 25.557912346548456
05/04/2022 12:06:47 Pilot control
05/04/2022 12:06:47 Pilot control
05/04/2022 12:06:47 distance: 25.730964845381845
05/04/2022 12:06:48 Pilot control
05/04/2022 12:06:48 Pilot control
05/04/2022 12:06:48 distance: 25.79562988496916
05/04/2022 12:06:49 Pilot control
05/04/2022 12:06:49 Pilot control
05/04/2022 12:06:49 distance: 25.872809603124775
05/04/2022 12:06:50 Pilot control
05/04/2022 12:06:50 Pilot control
05/04/2022 12:06:50 distance: 25.968520289206054
05/04/2022 12:06:52 Pilot control
05/04/2022 12:06:52 Pilot control
05/04/2022 12:06:52 distance: 25.999416945323556
05/04/2022 12:06:53 Pilot control
05/04/2022 12:06:53 Pilot control
05/04/2022 12:06:53 distance: 25.996373501608986
05/04/2022 12:06:54 Pilot control
05/04/2022 12:06:54 Pilot control
05/04/2022 12:06:54 distance: 25.977926472115215
05/04/2022 12:06:55 Pilot control
05/04/2022 12:06:55 Pilot control
05/04/2022 12:06:55 distance: 25.977926472115215
05/04/2022 12:06:56 Pilot control
05/04/2022 12:06:56 Pilot control
05/04/2022 12:06:56 distance: 25.97493299007148
05/04/2022 12:06:57 Pilot control
05/04/2022 12:06:57 Pilot control
05/04/2022 12:06:57 distance: 25.95041877123712
05/04/2022 12:06:58 Pilot control
05/04/2022 12:06:58 Pilot control
05/04/2022 12:06:58 distance: 25.935264795331804
05/04/2022 12:06:59 Pilot control
05/04/2022 12:06:59 Pilot control
05/04/2022 12:06:59 distance: 25.90477478068619
05/04/2022 12:07:00 Pilot control
05/04/2022 12:07:00 Pilot control
05/04/2022 12:07:00 distance: 25.899100707828232
05/04/2022 12:07:01 Pilot control
05/04/2022 12:07:01 Pilot control
05/04/2022 12:07:01 distance: 25.85063384874987
05/04/2022 12:07:02 Pilot control
05/04/2022 12:07:02 Pilot control
05/04/2022 12:07:02 distance: 25.820451841023655
05/04/2022 12:07:03 Pilot control
05/04/2022 12:07:03 Pilot control
05/04/2022 12:07:03 distance: 25.796367277451402
05/04/2022 12:07:04 Pilot control
05/04/2022 12:07:04 Pilot control
05/04/2022 12:07:04 distance: 25.732207343306104
05/04/2022 12:07:05 Pilot control
05/04/2022 12:07:05 Pilot control
05/04/2022 12:07:05 distance: 25.68008407418269
05/04/2022 12:07:06 Pilot control
05/04/2022 12:07:06 Pilot control
05/04/2022 12:07:06 distance: 25.621991228817024
05/04/2022 12:07:07 Pilot control
05/04/2022 12:07:07 Pilot control
05/04/2022 12:07:07 distance: 25.616010220227988
05/04/2022 12:07:08 Pilot control
05/04/2022 12:07:08 Pilot control
05/04/2022 12:07:08 distance: 25.600641355512373
05/04/2022 12:07:09 Pilot control
05/04/2022 12:07:09 Pilot control
05/04/2022 12:07:09 distance: 25.588692173754566
05/04/2022 12:07:10 Pilot control
05/04/2022 12:07:10 Pilot control
05/04/2022 12:07:10 distance: 25.582722755669916
05/04/2022 12:07:11 Pilot control
05/04/2022 12:07:11 Pilot control
05/04/2022 12:07:11 distance: 25.588692173754566
05/04/2022 12:07:12 Pilot control
05/04/2022 12:07:12 Pilot control
05/04/2022 12:07:12 distance: 25.588692173754566
05/04/2022 12:07:13 Pilot control
05/04/2022 12:07:13 Pilot control
05/04/2022 12:07:13 distance: 25.588692173754566
05/04/2022 12:07:14 Pilot control
05/04/2022 12:07:14 Pilot control
05/04/2022 12:07:14 distance: 25.588692173754566
05/04/2022 12:07:15 Pilot control
05/04/2022 12:07:15 Pilot control
05/04/2022 12:07:15 distance: 25.594665041138164
05/04/2022 12:07:16 Pilot control
05/04/2022 12:07:16 Pilot control
05/04/2022 12:07:16 distance: 25.588692173754566
05/04/2022 12:07:17 Pilot control
05/04/2022 12:07:17 Pilot control
05/04/2022 12:07:17 distance: 25.56139341001202
05/04/2022 12:07:18 Pilot control
05/04/2022 12:07:18 Pilot control
05/04/2022 12:07:18 distance: 25.528160938622403
05/04/2022 12:07:20 Pilot control
05/04/2022 12:07:20 Pilot control
05/04/2022 12:07:20 distance: 25.46425958776681
05/04/2022 12:07:21 Pilot control
05/04/2022 12:07:21 Pilot control
05/04/2022 12:07:21 distance: 25.431114586752155
05/04/2022 12:07:22 Pilot control
05/04/2022 12:07:22 Pilot control
05/04/2022 12:07:22 distance: 25.42519102879637
05/04/2022 12:07:23 Pilot control
05/04/2022 12:07:23 Pilot control
05/04/2022 12:07:23 distance: 25.42169131492013
05/04/2022 12:07:24 Pilot control
05/04/2022 12:07:24 Pilot control
05/04/2022 12:07:24 distance: 25.427620561614383
05/04/2022 12:07:25 Pilot control
05/04/2022 12:07:25 Pilot control
05/04/2022 12:07:25 distance: 25.427620561614383
05/04/2022 12:07:26 Pilot control
05/04/2022 12:07:26 Pilot control
05/04/2022 12:07:26 distance: 25.424135803304672
05/04/2022 12:07:27 Pilot control
05/04/2022 12:07:27 Pilot control
05/04/2022 12:07:27 distance: 25.432552017575212
05/04/2022 12:07:28 Pilot control
05/04/2022 12:07:28 Pilot control
05/04/2022 12:07:28 distance: 25.435053927809324
05/04/2022 12:07:29 Pilot control
05/04/2022 12:07:29 Pilot control
05/04/2022 12:07:29 distance: 25.431614042283606
05/04/2022 12:07:30 Pilot control
05/04/2022 12:07:30 Pilot control
05/04/2022 12:07:30 distance: 25.418788330424164
05/04/2022 12:07:31 Pilot control
05/04/2022 12:07:31 Pilot control
05/04/2022 12:07:31 distance: 25.40000232616399
05/04/2022 12:07:32 Pilot control
05/04/2022 12:07:32 Pilot control
05/04/2022 12:07:32 distance: 25.39061143126283
05/04/2022 12:07:33 Pilot control
05/04/2022 12:07:33 Pilot control
05/04/2022 12:07:33 distance: 25.423935964715955
05/04/2022 12:07:34 Pilot control
05/04/2022 12:07:34 Pilot control
05/04/2022 12:07:34 distance: 25.441922560853826
05/04/2022 12:07:35 Pilot control
05/04/2022 12:07:35 Pilot control
05/04/2022 12:07:35 distance: 25.490702262759964
05/04/2022 12:07:36 Pilot control
05/04/2022 12:07:36 Pilot control
05/04/2022 12:07:36 distance: 25.518120356244523
05/04/2022 12:07:37 Pilot control
05/04/2022 12:07:37 Pilot control
05/04/2022 12:07:37 distance: 25.59444474499147
05/04/2022 12:07:38 Pilot control
05/04/2022 12:07:38 Pilot control
05/04/2022 12:07:38 distance: 25.72316174354498
05/04/2022 12:07:39 Pilot control
05/04/2022 12:07:39 Pilot control
05/04/2022 12:07:39 distance: 25.772197698341586
05/04/2022 12:07:40 Pilot control
05/04/2022 12:07:40 Pilot control
05/04/2022 12:07:40 distance: 25.784369425147712
05/04/2022 12:07:41 Pilot control
05/04/2022 12:07:41 Pilot control
05/04/2022 12:07:41 distance: 25.839912901294777
05/04/2022 12:07:42 Pilot control
05/04/2022 12:07:42 Pilot control
05/04/2022 12:07:42 distance: 25.907647225515436
05/04/2022 12:07:43 Pilot control
05/04/2022 12:07:43 Pilot control
05/04/2022 12:07:43 distance: 25.97860621950169
05/04/2022 12:07:44 Pilot control
05/04/2022 12:07:44 Pilot control
05/04/2022 12:07:44 distance: 26.074006974727887
05/04/2022 12:07:45 Pilot control
05/04/2022 12:07:45 Pilot control
05/04/2022 12:07:45 distance: 26.1817524057634
05/04/2022 12:07:46 Pilot control
05/04/2022 12:07:46 Pilot control
05/04/2022 12:07:46 distance: 26.237193793863373
05/04/2022 12:07:47 Pilot control
05/04/2022 12:07:47 Pilot control
05/04/2022 12:07:47 distance: 26.30197349050333
05/04/2022 12:07:48 Pilot control
05/04/2022 12:07:48 Pilot control
05/04/2022 12:07:48 distance: 26.345189056273057
05/04/2022 12:07:49 Pilot control
05/04/2022 12:07:49 Pilot control
05/04/2022 12:07:49 distance: 26.39768432827661
05/04/2022 12:07:50 Pilot control
05/04/2022 12:07:50 Pilot control
05/04/2022 12:07:50 distance: 26.434750813621026
05/04/2022 12:07:51 Pilot control
05/04/2022 12:07:51 Pilot control
05/04/2022 12:07:51 distance: 26.50577138522538
05/04/2022 12:07:52 Pilot control
05/04/2022 12:07:52 Pilot control
05/04/2022 12:07:52 distance: 26.552099728516772
05/04/2022 12:07:53 Pilot control
05/04/2022 12:07:53 Pilot control
05/04/2022 12:07:53 distance: 26.592236467754894
05/04/2022 12:07:55 Pilot control
05/04/2022 12:07:55 Pilot control
05/04/2022 12:07:55 distance: 26.663260490708257
05/04/2022 12:07:56 Pilot control
05/04/2022 12:07:56 Pilot control
05/04/2022 12:07:56 distance: 26.706455202594288
05/04/2022 12:07:57 Pilot control
05/04/2022 12:07:57 Pilot control
05/04/2022 12:07:57 distance: 26.734218661145313
05/04/2022 12:07:58 Pilot control
05/04/2022 12:07:58 Pilot control
05/04/2022 12:07:58 distance: 26.771256619462065
05/04/2022 12:07:59 Pilot control
05/04/2022 12:07:59 Pilot control
05/04/2022 12:07:59 distance: 26.799050049807583
05/04/2022 12:08:00 Pilot control
05/04/2022 12:08:00 Pilot control
05/04/2022 12:08:00 distance: 26.802152611343093
05/04/2022 12:08:01 Pilot control
05/04/2022 12:08:01 Pilot control
05/04/2022 12:08:01 distance: 26.81453847376409
05/04/2022 12:08:02 Pilot control
05/04/2022 12:08:02 Pilot control
05/04/2022 12:08:02 distance: 26.848521092135844
05/04/2022 12:08:03 Pilot control
05/04/2022 12:08:03 Pilot control
05/04/2022 12:08:03 distance: 26.870106199181986
05/04/2022 12:08:04 Pilot control
05/04/2022 12:08:04 Pilot control
05/04/2022 12:08:04 distance: 26.885537557487545
05/04/2022 12:08:05 Pilot control
05/04/2022 12:08:05 Pilot control
05/04/2022 12:08:05 distance: 26.885537557487545
05/04/2022 12:08:06 Pilot control
05/04/2022 12:08:06 Pilot control
05/04/2022 12:08:06 distance: 26.879381291371477
05/04/2022 12:08:07 Pilot control
05/04/2022 12:08:07 Pilot control
05/04/2022 12:08:07 distance: 26.879381291371477
05/04/2022 12:08:08 Pilot control
05/04/2022 12:08:08 Pilot control
05/04/2022 12:08:08 distance: 26.9287944924184
05/04/2022 12:08:09 Pilot control
05/04/2022 12:08:09 Pilot control
05/04/2022 12:08:09 distance: 26.984361142720427
05/04/2022 12:08:10 Pilot control
05/04/2022 12:08:10 Pilot control
05/04/2022 12:08:10 distance: 27.0214781470549
05/04/2022 12:08:11 Pilot control
05/04/2022 12:08:11 Pilot control
05/04/2022 12:08:11 distance: 27.04933057897943
05/04/2022 12:08:12 Pilot control
05/04/2022 12:08:12 Pilot control
05/04/2022 12:08:12 distance: 27.09560764103816
05/04/2022 12:08:13 Pilot control
05/04/2022 12:08:13 Pilot control
05/04/2022 12:08:13 distance: 27.132606715921934
05/04/2022 12:08:14 Pilot control
05/04/2022 12:08:14 Pilot control
05/04/2022 12:08:14 distance: 27.166494804104477
05/04/2022 12:08:15 Pilot control
05/04/2022 12:08:15 Pilot control
05/04/2022 12:08:15 distance: 27.203520459714447
05/04/2022 12:08:16 Pilot control
05/04/2022 12:08:16 Pilot control
05/04/2022 12:08:16 distance: 27.21585342776022
05/04/2022 12:08:17 Pilot control
05/04/2022 12:08:17 Pilot control
05/04/2022 12:08:17 distance: 27.25289841763761
05/04/2022 12:08:18 Pilot control
05/04/2022 12:08:18 Pilot control
05/04/2022 12:08:18 distance: 27.333201520190702
05/04/2022 12:08:19 Pilot control
05/04/2022 12:08:19 Pilot control
05/04/2022 12:08:19 distance: 27.385721484940934
05/04/2022 12:08:20 Pilot control
05/04/2022 12:08:20 Pilot control
05/04/2022 12:08:20 distance: 27.49079848222384
05/04/2022 12:08:21 Pilot control
05/04/2022 12:08:21 Pilot control
05/04/2022 12:08:21 distance: 27.55578807844587
05/04/2022 12:08:22 Pilot control
05/04/2022 12:08:22 Pilot control
05/04/2022 12:08:22 distance: 27.620826651027553
05/04/2022 12:08:23 Pilot control
05/04/2022 12:08:23 Pilot control
05/04/2022 12:08:24 distance: 27.71058986983512
05/04/2022 12:08:25 Pilot control
05/04/2022 12:08:25 Pilot control
05/04/2022 12:08:25 distance: 27.815856344748067
05/04/2022 12:08:26 Pilot control
05/04/2022 12:08:26 Pilot control
05/04/2022 12:08:26 distance: 27.908642303099608
05/04/2022 12:08:27 Pilot control
05/04/2022 12:08:27 Pilot control
05/04/2022 12:08:27 distance: 27.983041028011378
05/04/2022 12:08:28 Pilot control
05/04/2022 12:08:28 Pilot control
05/04/2022 12:08:28 distance: 28.038644226352858
05/04/2022 12:08:29 Pilot control
05/04/2022 12:08:29 Pilot control
05/04/2022 12:08:29 distance: 28.066242255010593
05/04/2022 12:08:30 Pilot control
05/04/2022 12:08:30 Pilot control
05/04/2022 12:08:30 distance: 28.053717727216537
05/04/2022 12:08:31 Pilot control
05/04/2022 12:08:31 Pilot control
05/04/2022 12:08:31 distance: 28.047459993263878
05/04/2022 12:08:32 Pilot control
05/04/2022 12:08:32 Pilot control
05/04/2022 12:08:32 distance: 28.028704936120885
05/04/2022 12:08:33 Pilot control
05/04/2022 12:08:33 Pilot control
05/04/2022 12:08:33 distance: 28.022459305354314
05/04/2022 12:08:34 Pilot control
05/04/2022 12:08:34 Pilot control
05/04/2022 12:08:34 distance: 28.037919397508755
05/04/2022 12:08:35 Pilot control
05/04/2022 12:08:35 Pilot control
05/04/2022 12:08:35 distance: 28.053379805703656
05/04/2022 12:08:36 Pilot control
05/04/2022 12:08:36 Pilot control
05/04/2022 12:08:36 distance: 28.047135251221817
05/04/2022 12:08:37 Pilot control
05/04/2022 12:08:37 Pilot control
05/04/2022 12:08:37 distance: 28.05635249327004
05/04/2022 12:08:38 Pilot control
05/04/2022 12:08:38 Pilot control
05/04/2022 12:08:38 distance: 28.04089372549387
05/04/2022 12:08:39 Pilot control
05/04/2022 12:08:39 Pilot control
05/04/2022 12:08:39 distance: 27.997507110753137
05/04/2022 12:08:40 Pilot control
05/04/2022 12:08:40 Pilot control
05/04/2022 12:08:40 distance: 27.929459137721835
05/04/2022 12:08:41 Pilot control
05/04/2022 12:08:41 Pilot control
05/04/2022 12:08:41 distance: 27.870661520559764
05/04/2022 12:08:42 Pilot control
05/04/2022 12:08:42 Pilot control
05/04/2022 12:08:42 distance: 27.839620429427445
05/04/2022 12:08:43 Pilot control
05/04/2022 12:08:43 Pilot control
05/04/2022 12:08:43 distance: 27.82722547018012
05/04/2022 12:08:44 Pilot control
05/04/2022 12:08:44 Pilot control
05/04/2022 12:08:44 distance: 27.8210326008916
05/04/2022 12:08:45 Pilot control
05/04/2022 12:08:45 Pilot control
05/04/2022 12:08:45 distance: 27.81797685576746
05/04/2022 12:08:46 Pilot control
05/04/2022 12:08:46 Pilot control
05/04/2022 12:08:46 distance: 27.79328471713843
05/04/2022 12:08:47 Pilot control
05/04/2022 12:08:47 Pilot control
05/04/2022 12:08:47 distance: 27.771645189902976
05/04/2022 12:08:48 Pilot control
05/04/2022 12:08:48 Pilot control
05/04/2022 12:08:48 distance: 27.734569259562516
05/04/2022 12:08:49 Pilot control
05/04/2022 12:08:49 Pilot control
05/04/2022 12:08:49 distance: 27.69750186078468
05/04/2022 12:08:50 Pilot control
05/04/2022 12:08:50 Pilot control
05/04/2022 12:08:50 distance: 27.669703992376423
05/04/2022 12:08:51 Pilot control
05/04/2022 12:08:51 Pilot control
05/04/2022 12:08:51 distance: 27.592567554891634
05/04/2022 12:08:52 Pilot control
05/04/2022 12:08:52 Pilot control
05/04/2022 12:08:52 distance: 27.42913383570069
05/04/2022 12:08:53 Pilot control
05/04/2022 12:08:53 Pilot control
05/04/2022 12:08:53 distance: 27.31822490032662
05/04/2022 12:08:54 Pilot control
05/04/2022 12:08:54 Pilot control
05/04/2022 12:08:54 distance: 27.228915814905363
05/04/2022 12:08:55 Pilot control
05/04/2022 12:08:55 Pilot control
05/04/2022 12:08:55 distance: 27.164375897800788
05/04/2022 12:08:56 Pilot control
05/04/2022 12:08:57 Pilot control
05/04/2022 12:08:57 distance: 27.09665036764984
05/04/2022 12:08:58 Pilot control
05/04/2022 12:08:58 Pilot control
05/04/2022 12:08:58 distance: 27.047195622674025
05/04/2022 12:08:59 Pilot control
05/04/2022 12:08:59 Pilot control
05/04/2022 12:08:59 distance: 26.991652731536185
05/04/2022 12:09:00 Pilot control
05/04/2022 12:09:00 Pilot control
05/04/2022 12:09:00 distance: 26.911382640814104
05/04/2022 12:09:01 Pilot control
05/04/2022 12:09:01 Pilot control
05/04/2022 12:09:01 distance: 26.84367434176244
05/04/2022 12:09:02 Pilot control
05/04/2022 12:09:02 Pilot control
05/04/2022 12:09:02 distance: 26.778809848263155
05/04/2022 12:09:03 Pilot control
05/04/2022 12:09:03 Pilot control
05/04/2022 12:09:03 distance: 26.748000399759956
05/04/2022 12:09:04 Pilot control
05/04/2022 12:09:04 Pilot control
05/04/2022 12:09:04 distance: 26.70786575263439
05/04/2022 12:09:05 Pilot control
05/04/2022 12:09:05 Pilot control
05/04/2022 12:09:05 distance: 26.673810791132098
05/04/2022 12:09:06 Pilot control
05/04/2022 12:09:06 Pilot control
05/04/2022 12:09:06 distance: 26.679893729419806
05/04/2022 12:09:07 Pilot control
05/04/2022 12:09:07 Pilot control
05/04/2022 12:09:07 distance: 26.68884722295586
05/04/2022 12:09:08 Pilot control
05/04/2022 12:09:08 Pilot control
05/04/2022 12:09:08 distance: 26.69494530327374
05/04/2022 12:09:09 Pilot control
05/04/2022 12:09:09 Pilot control
05/04/2022 12:09:09 distance: 26.722565370977875
05/04/2022 12:09:10 Pilot control
05/04/2022 12:09:10 Pilot control
05/04/2022 12:09:10 distance: 26.762439510015557
05/04/2022 12:09:11 Pilot control
05/04/2022 12:09:11 Pilot control
05/04/2022 12:09:11 distance: 26.768562489370254
05/04/2022 12:09:12 Pilot control
05/04/2022 12:09:12 Pilot control
05/04/2022 12:09:12 distance: 26.771527406870547
05/04/2022 12:09:13 Pilot control
05/04/2022 12:09:13 Pilot control
05/04/2022 12:09:13 distance: 26.796085865663088
05/04/2022 12:09:14 Pilot control
05/04/2022 12:09:14 Pilot control
05/04/2022 12:09:14 distance: 26.85467520380323
05/04/2022 12:09:15 Pilot control
05/04/2022 12:09:15 Pilot control
05/04/2022 12:09:15 distance: 26.88242617942475
05/04/2022 12:09:16 Pilot control
05/04/2022 12:09:16 Pilot control
05/04/2022 12:09:16 distance: 26.90402553985382
05/04/2022 12:09:17 Pilot control
05/04/2022 12:09:17 Pilot control
05/04/2022 12:09:17 distance: 26.91329354557862
05/04/2022 12:09:18 Pilot control
05/04/2022 12:09:18 Pilot control
05/04/2022 12:09:18 distance: 26.928727766346626
05/04/2022 12:09:19 Pilot control
05/04/2022 12:09:19 Pilot control
05/04/2022 12:09:19 distance: 26.956538119992587
05/04/2022 12:09:20 Pilot control
05/04/2022 12:09:20 Pilot control
05/04/2022 12:09:20 distance: 26.981242790729183
05/04/2022 12:09:21 Pilot control
05/04/2022 12:09:21 Pilot control
05/04/2022 12:09:21 distance: 27.015222128163487
05/04/2022 12:09:22 Pilot control
05/04/2022 12:09:22 Pilot control
05/04/2022 12:09:22 distance: 27.00906789287908
05/04/2022 12:09:23 Pilot control
05/04/2022 12:09:23 Pilot control
05/04/2022 12:09:24 distance: 27.00906789287908
05/04/2022 12:09:25 Pilot control
05/04/2022 12:09:25 Pilot control
05/04/2022 12:09:25 distance: 27.02754014973453
05/04/2022 12:09:26 Pilot control
05/04/2022 12:09:26 Pilot control
05/04/2022 12:09:26 distance: 27.076939262119705
05/04/2022 12:09:27 Pilot control
05/04/2022 12:09:27 Pilot control
05/04/2022 12:09:27 distance: 27.012107338300293
05/04/2022 12:09:28 Pilot control
05/04/2022 12:09:28 Pilot control
05/04/2022 12:09:28 distance: 26.450649328892165
05/04/2022 12:09:29 Pilot control
05/04/2022 12:09:29 Pilot control
05/04/2022 12:09:29 distance: 25.171121180585523
05/04/2022 12:09:30 Pilot control
05/04/2022 12:09:30 Pilot control
05/04/2022 12:09:30 distance: 24.294355539990452
05/04/2022 12:09:31 Pilot control
05/04/2022 12:09:31 Pilot control
05/04/2022 12:09:31 distance: 23.584884978958303
05/04/2022 12:09:32 Pilot control
05/04/2022 12:09:32 Pilot control
05/04/2022 12:09:32 distance: 23.040468979899224
05/04/2022 12:09:33 Pilot control
05/04/2022 12:09:33 Pilot control
05/04/2022 12:09:33 distance: 22.52624830720727
05/04/2022 12:09:34 Pilot control
05/04/2022 12:09:34 Pilot control
05/04/2022 12:09:34 distance: 21.789127956136745
05/04/2022 12:09:35 Pilot control
05/04/2022 12:09:35 Pilot control
05/04/2022 12:09:35 distance: 21.581337224138412
05/04/2022 12:09:36 Pilot control
05/04/2022 12:09:36 Pilot control
05/04/2022 12:09:36 distance: 21.587488913978277
05/04/2022 12:09:37 Pilot control
05/04/2022 12:09:37 Pilot control
05/04/2022 12:09:37 distance: 21.62460871629623
05/04/2022 12:09:38 Pilot control
05/04/2022 12:09:38 Pilot control
05/04/2022 12:09:38 distance: 21.603042601843665
05/04/2022 12:09:39 Pilot control
05/04/2022 12:09:39 Pilot control
05/04/2022 12:09:39 distance: 21.562906106267132
05/04/2022 12:09:40 Pilot control
05/04/2022 12:09:40 Pilot control
05/04/2022 12:09:40 distance: 21.525772012467424
05/04/2022 12:09:41 Pilot control
05/04/2022 12:09:41 Pilot control
05/04/2022 12:09:41 distance: 21.504198977284958
05/04/2022 12:09:42 Pilot control
05/04/2022 12:09:42 Pilot control
05/04/2022 12:09:42 distance: 21.46720866520541
05/04/2022 12:09:43 Pilot control
05/04/2022 12:09:43 Pilot control
05/04/2022 12:09:43 distance: 21.424102240840366
05/04/2022 12:09:44 Pilot control
05/04/2022 12:09:44 Pilot control
05/04/2022 12:09:44 distance: 21.390327970556882
05/04/2022 12:09:45 Pilot control
05/04/2022 12:09:45 Pilot control
05/04/2022 12:09:45 distance: 21.34728689042748
05/04/2022 12:09:46 Pilot control
05/04/2022 12:09:46 Pilot control
05/04/2022 12:09:46 distance: 21.322563730121413
05/04/2022 12:09:47 Pilot control
05/04/2022 12:09:47 Pilot control
05/04/2022 12:09:47 distance: 21.276328032891133
05/04/2022 12:09:48 Pilot control
05/04/2022 12:09:48 Pilot control
05/04/2022 12:09:48 distance: 21.242292559642735
05/04/2022 12:09:49 Pilot control
05/04/2022 12:09:49 Pilot control
05/04/2022 12:09:49 distance: 21.223675025717917
05/04/2022 12:09:50 Pilot control
05/04/2022 12:09:50 Pilot control
05/04/2022 12:09:50 distance: 21.223675025717917
05/04/2022 12:09:51 Pilot control
05/04/2022 12:09:51 Pilot control
05/04/2022 12:09:51 distance: 21.21756970589156
05/04/2022 12:09:52 Pilot control
05/04/2022 12:09:52 Pilot control
05/04/2022 12:09:52 distance: 21.180345020408787
05/04/2022 12:09:53 Pilot control
05/04/2022 12:09:53 Pilot control
05/04/2022 12:09:53 distance: 21.155625921989436
05/04/2022 12:09:54 Pilot control
05/04/2022 12:09:54 Pilot control
05/04/2022 12:09:54 distance: 21.164928607373362
05/04/2022 12:09:55 Pilot control
05/04/2022 12:09:55 Pilot control
05/04/2022 12:09:55 distance: 21.130907229030083
05/04/2022 12:09:56 Pilot control
05/04/2022 12:09:56 Pilot control
05/04/2022 12:09:56 distance: 21.090771206484625
05/04/2022 12:09:57 Pilot control
05/04/2022 12:09:57 Pilot control
05/04/2022 12:09:57 distance: 21.090771206484625
05/04/2022 12:09:59 Pilot control
05/04/2022 12:09:59 Pilot control
05/04/2022 12:09:59 distance: 21.103012342818598
05/04/2022 12:10:00 Pilot control
05/04/2022 12:10:00 Pilot control
05/04/2022 12:10:00 distance: 21.133853890248986
05/04/2022 12:10:01 Pilot control
05/04/2022 12:10:01 Pilot control
05/04/2022 12:10:01 distance: 21.118432878157783
05/04/2022 12:10:02 Pilot control
05/04/2022 12:10:02 Pilot control
05/04/2022 12:10:02 distance: 21.146325002983122
05/04/2022 12:10:03 Pilot control
05/04/2022 12:10:03 Pilot control
05/04/2022 12:10:03 distance: 21.164928607373362
05/04/2022 12:10:04 Pilot control
05/04/2022 12:10:04 Pilot control
05/04/2022 12:10:04 distance: 21.155625921989436
05/04/2022 12:10:05 Pilot control
05/04/2022 12:10:05 Pilot control
05/04/2022 12:10:05 distance: 21.149512676751645
05/04/2022 12:10:06 Pilot control
05/04/2022 12:10:06 Pilot control
05/04/2022 12:10:06 distance: 21.109376807067385
05/04/2022 12:10:07 Pilot control
05/04/2022 12:10:07 Pilot control
05/04/2022 12:10:07 distance: 21.0785464771625
05/04/2022 12:10:08 Pilot control
05/04/2022 12:10:08 Pilot control
05/04/2022 12:10:08 distance: 21.038410695481417
05/04/2022 12:10:09 Pilot control
05/04/2022 12:10:09 Pilot control
05/04/2022 12:10:09 distance: 20.952033339073527
05/04/2022 12:10:10 Pilot control
05/04/2022 12:10:10 Pilot control
05/04/2022 12:10:10 distance: 20.881072529994146
05/04/2022 12:10:11 Pilot control
05/04/2022 12:10:11 Pilot control
05/04/2022 12:10:11 distance: 20.800801464873523
05/04/2022 12:10:12 Pilot control
05/04/2022 12:10:12 Pilot control
05/04/2022 12:10:12 distance: 20.705118774231718
05/04/2022 12:10:13 Pilot control
05/04/2022 12:10:13 Pilot control
05/04/2022 12:10:13 distance: 20.652794558679364
05/04/2022 12:10:14 Pilot control
05/04/2022 12:10:14 Pilot control
05/04/2022 12:10:14 distance: 20.60334193927245
05/04/2022 12:10:15 Pilot control
05/04/2022 12:10:15 Pilot control
05/04/2022 12:10:15 distance: 20.60334193927245
05/04/2022 12:10:16 Pilot control
05/04/2022 12:10:16 Pilot control
05/04/2022 12:10:16 distance: 20.58471239895343
05/04/2022 12:10:17 Pilot control
05/04/2022 12:10:17 Pilot control
05/04/2022 12:10:17 distance: 20.550677186823457
05/04/2022 12:10:18 Pilot control
05/04/2022 12:10:18 Pilot control
05/04/2022 12:10:18 distance: 20.55678164170827
05/04/2022 12:10:19 Pilot control
05/04/2022 12:10:19 Pilot control
05/04/2022 12:10:19 distance: 20.569003190405095
05/04/2022 12:10:20 Pilot control
05/04/2022 12:10:20 Pilot control
05/04/2022 12:10:20 distance: 20.590538950283886
05/04/2022 12:10:21 Pilot control
05/04/2022 12:10:21 Pilot control
05/04/2022 12:10:21 distance: 20.612082268020345
05/04/2022 12:10:22 Pilot control
05/04/2022 12:10:22 Pilot control
05/04/2022 12:10:22 distance: 20.612082268020345
05/04/2022 12:10:23 Pilot control
05/04/2022 12:10:23 Pilot control
05/04/2022 12:10:23 distance: 20.624343148161753
05/04/2022 12:10:24 Pilot control
05/04/2022 12:10:24 Pilot control
05/04/2022 12:10:24 distance: 20.639767078242308
05/04/2022 12:10:25 Pilot control
05/04/2022 12:10:25 Pilot control
05/04/2022 12:10:25 distance: 20.649056113616354
05/04/2022 12:10:26 Pilot control
05/04/2022 12:10:26 Pilot control
05/04/2022 12:10:26 distance: 20.692354802904905
05/04/2022 12:10:27 Pilot control
05/04/2022 12:10:27 Pilot control
05/04/2022 12:10:27 distance: 20.735664673001942
05/04/2022 12:10:28 Pilot control
05/04/2022 12:10:28 Pilot control
05/04/2022 12:10:28 distance: 20.772627344852754
05/04/2022 12:10:29 Pilot control
05/04/2022 12:10:29 Pilot control
05/04/2022 12:10:29 distance: 20.850249331032078
05/04/2022 12:10:30 Pilot control
05/04/2022 12:10:30 Pilot control
05/04/2022 12:10:30 distance: 21.137157765370546
05/04/2022 12:10:31 Pilot control
05/04/2022 12:10:31 Pilot control
05/04/2022 12:10:31 distance: 21.943583784512263
05/04/2022 12:10:32 Pilot control
05/04/2022 12:10:32 Pilot control
05/04/2022 12:10:32 distance: 23.601718764950007
05/04/2022 12:10:33 Pilot control
05/04/2022 12:10:33 Pilot control
05/04/2022 12:10:33 distance: 24.596614727742566
05/04/2022 12:10:34 Pilot control
05/04/2022 12:10:34 Pilot control
05/04/2022 12:10:34 distance: 26.12014278654233
05/04/2022 12:10:35 Pilot control
05/04/2022 12:10:35 Pilot control
05/04/2022 12:10:36 distance: 26.85785208473747
05/04/2022 12:10:37 Pilot control
05/04/2022 12:10:37 Pilot control
05/04/2022 12:10:37 distance: 26.933508600340723
05/04/2022 12:10:38 Pilot control
05/04/2022 12:10:38 Pilot control
05/04/2022 12:10:38 distance: 26.545777440200727
05/04/2022 12:10:39 Pilot control
05/04/2022 12:10:39 Pilot control
05/04/2022 12:10:39 distance: 26.40405615761726
05/04/2022 12:10:40 Pilot control
05/04/2022 12:10:40 Pilot control
05/04/2022 12:10:40 distance: 26.217370631065773
05/04/2022 12:10:41 Pilot control
05/04/2022 12:10:41 Pilot control
05/04/2022 12:10:41 distance: 26.152059161226735
05/04/2022 12:10:42 Pilot control
05/04/2022 12:10:42 Pilot control
05/04/2022 12:10:42 distance: 26.121250544334313
05/04/2022 12:10:43 Pilot control
05/04/2022 12:10:43 Pilot control
05/04/2022 12:10:43 distance: 26.164639097097215
05/04/2022 12:10:44 Pilot control
05/04/2022 12:10:44 Pilot control
05/04/2022 12:10:44 distance: 26.183302443029188
05/04/2022 12:10:45 Pilot control
05/04/2022 12:10:45 Pilot control
05/04/2022 12:10:45 distance: 26.229985386076315
05/04/2022 12:10:46 Pilot control
05/04/2022 12:10:46 Pilot control
05/04/2022 12:10:46 distance: 26.230526321760617
05/04/2022 12:10:47 Pilot control
05/04/2022 12:10:47 Pilot control
05/04/2022 12:10:47 distance: 26.218448285350647
05/04/2022 12:10:48 Pilot control
05/04/2022 12:10:48 Pilot control
05/04/2022 12:10:48 distance: 26.221770773262236
05/04/2022 12:10:49 Pilot control
05/04/2022 12:10:49 Pilot control
05/04/2022 12:10:49 distance: 26.21241427137972
05/04/2022 12:10:50 Pilot control
05/04/2022 12:10:50 Pilot control
05/04/2022 12:10:50 distance: 26.233837832746858
05/04/2022 12:10:51 Pilot control
05/04/2022 12:10:51 Pilot control
05/04/2022 12:10:51 distance: 26.22448563620995
05/04/2022 12:10:52 Pilot control
05/04/2022 12:10:52 Pilot control
05/04/2022 12:10:52 distance: 26.239876365327156
05/04/2022 12:10:53 Pilot control
05/04/2022 12:10:53 Pilot control
05/04/2022 12:10:53 distance: 26.292096446914275
05/04/2022 12:10:54 Pilot control
05/04/2022 12:10:54 Pilot control
05/04/2022 12:10:54 distance: 26.26131055341124
05/04/2022 12:10:55 Pilot control
05/04/2022 12:10:55 Pilot control
05/04/2022 12:10:55 distance: 26.233837832746858
05/04/2022 12:10:56 Pilot control
05/04/2022 12:10:56 Pilot control
05/04/2022 12:10:56 distance: 26.218448285350647
05/04/2022 12:10:57 Pilot control
05/04/2022 12:10:57 Pilot control
05/04/2022 12:10:57 distance: 26.144839129774418
05/04/2022 12:10:58 Pilot control
05/04/2022 12:10:58 Pilot control
05/04/2022 12:10:58 distance: 26.114069449725985
05/04/2022 12:10:59 Pilot control
05/04/2022 12:10:59 Pilot control
05/04/2022 12:10:59 distance: 26.08932260476375
05/04/2022 12:11:00 Pilot control
05/04/2022 12:11:00 Pilot control
05/04/2022 12:11:00 distance: 26.021770686907285
05/04/2022 12:11:01 Pilot control
05/04/2022 12:11:01 Pilot control
05/04/2022 12:11:01 distance: 25.944866923210466
05/04/2022 12:11:02 Pilot control
05/04/2022 12:11:02 Pilot control
05/04/2022 12:11:02 distance: 25.902102954256172
05/04/2022 12:11:03 Pilot control
05/04/2022 12:11:03 Pilot control
05/04/2022 12:11:03 distance: 25.83202038195127
05/04/2022 12:11:04 Pilot control
05/04/2022 12:11:04 Pilot control
05/04/2022 12:11:04 distance: 25.779935487326608
05/04/2022 12:11:05 Pilot control
05/04/2022 12:11:05 Pilot control
05/04/2022 12:11:05 distance: 25.740700953534017
05/04/2022 12:11:06 Pilot control
05/04/2022 12:11:06 Pilot control
05/04/2022 12:11:06 distance: 25.732245869491315
05/04/2022 12:11:07 Pilot control
05/04/2022 12:11:07 Pilot control
05/04/2022 12:11:07 distance: 25.714418975894706
05/04/2022 12:11:09 Pilot control
05/04/2022 12:11:09 Pilot control
05/04/2022 12:11:09 distance: 25.72139608386423
05/04/2022 12:11:10 Pilot control
05/04/2022 12:11:10 Pilot control
05/04/2022 12:11:10 distance: 25.682376103287105
05/04/2022 12:11:11 Pilot control
05/04/2022 12:11:11 Pilot control
05/04/2022 12:11:11 distance: 25.664659423207524
05/04/2022 12:11:12 Pilot control
05/04/2022 12:11:12 Pilot control
05/04/2022 12:11:12 distance: 25.662310279576328
05/04/2022 12:11:13 Pilot control
05/04/2022 12:11:13 Pilot control
05/04/2022 12:11:13 distance: 25.648227804785545
05/04/2022 12:11:14 Pilot control
05/04/2022 12:11:14 Pilot control
05/04/2022 12:11:14 distance: 25.624755129944703
05/04/2022 12:11:15 Pilot control
05/04/2022 12:11:15 Pilot control
05/04/2022 12:11:15 distance: 25.622508727101888
05/04/2022 12:11:16 Pilot control
05/04/2022 12:11:16 Pilot control
05/04/2022 12:11:16 distance: 25.660397969761252
05/04/2022 12:11:17 Pilot control
05/04/2022 12:11:17 Pilot control
05/04/2022 12:11:17 distance: 25.658198154446385
05/04/2022 12:11:18 Pilot control
05/04/2022 12:11:18 Pilot control
05/04/2022 12:11:18 distance: 25.648718200756296
05/04/2022 12:11:19 Pilot control
05/04/2022 12:11:19 Pilot control
05/04/2022 12:11:19 distance: 25.680819958466905
05/04/2022 12:11:20 Pilot control
05/04/2022 12:11:20 Pilot control
05/04/2022 12:11:20 distance: 25.69613122322947
05/04/2022 12:11:21 Pilot control
05/04/2022 12:11:21 Pilot control
05/04/2022 12:11:21 distance: 25.745726465275357
05/04/2022 12:11:22 Pilot control
05/04/2022 12:11:22 Pilot control
05/04/2022 12:11:22 distance: 25.801146604423842
05/04/2022 12:11:23 Pilot control
05/04/2022 12:11:23 Pilot control
05/04/2022 12:11:23 distance: 25.858750714219443
05/04/2022 12:11:24 Pilot control
05/04/2022 12:11:24 Pilot control
05/04/2022 12:11:24 distance: 25.91638935892627
05/04/2022 12:11:25 Pilot control
05/04/2022 12:11:25 Pilot control
05/04/2022 12:11:25 distance: 25.93394840603306
05/04/2022 12:11:26 Pilot control
05/04/2022 12:11:26 Pilot control
05/04/2022 12:11:26 distance: 25.95873834931683
05/04/2022 12:11:27 Pilot control
05/04/2022 12:11:27 Pilot control
05/04/2022 12:11:27 distance: 25.983528487246122
05/04/2022 12:11:28 Pilot control
05/04/2022 12:11:28 Pilot control
05/04/2022 12:11:28 distance: 26.041228815866585
05/04/2022 12:11:29 Pilot control
05/04/2022 12:11:29 Pilot control
05/04/2022 12:11:29 distance: 26.09896301405006
05/04/2022 12:11:30 Pilot control
05/04/2022 12:11:30 Pilot control
05/04/2022 12:11:30 distance: 26.147284733101145
05/04/2022 12:11:31 Pilot control
05/04/2022 12:11:31 Pilot control
05/04/2022 12:11:31 distance: 26.196848943446312
05/04/2022 12:11:32 Pilot control
05/04/2022 12:11:32 Pilot control
05/04/2022 12:11:32 distance: 26.169744196017657
05/04/2022 12:11:33 Pilot control
05/04/2022 12:11:33 Pilot control
05/04/2022 12:11:33 distance: 26.148533513935128
05/04/2022 12:11:34 Pilot control
05/04/2022 12:11:34 Pilot control
05/04/2022 12:11:34 distance: 26.14265874926987
05/04/2022 12:11:35 Pilot control
05/04/2022 12:11:35 Pilot control
05/04/2022 12:11:35 distance: 26.149843840317978
05/04/2022 12:11:36 Pilot control
05/04/2022 12:11:36 Pilot control
05/04/2022 12:11:36 distance: 26.105258226436945
05/04/2022 12:11:37 Pilot control
05/04/2022 12:11:37 Pilot control
05/04/2022 12:11:37 distance: 26.054949061529225
05/04/2022 12:11:38 Pilot control
05/04/2022 12:11:38 Pilot control
05/04/2022 12:11:38 distance: 26.04331300807822
05/04/2022 12:11:39 Pilot control
05/04/2022 12:11:40 Pilot control
05/04/2022 12:11:40 distance: 26.082902394808126
05/04/2022 12:11:41 Pilot control
05/04/2022 12:11:41 Pilot control
05/04/2022 12:11:41 distance: 26.174289642509297
