01/03/2022 13:29:52 Connecting to Vehicle on: /dev/ttyACM0
01/03/2022 13:29:52 AHRS: DCM active
01/03/2022 13:29:52 RCOut: PWM:1-12
01/03/2022 13:29:52 Throttle failsafe off
01/03/2022 13:29:53 ArduPlane V4.1.4 (0f984409)
01/03/2022 13:29:53 ChibiOS: 45395b6a
01/03/2022 13:29:53 CubeBlack 00360049 3337510E 37353832
01/03/2022 13:29:53 RCOut: PWM:1-12
01/03/2022 13:29:53 IMU0: fast sampling enabled 8.0kHz/1.0kHz
01/03/2022 13:29:53 IMU2: fast sampling enabled 8.0kHz/1.0kHz
01/03/2022 13:30:05 -------------Check stall condition-------------
01/03/2022 13:30:05 Alt: -0.049
01/03/2022 13:30:05 distance: 50.83024391311784
01/03/2022 13:30:05 Mode: STABILIZE
01/03/2022 13:30:05 Pilot control
01/03/2022 13:30:06 ch7: 965
01/03/2022 13:30:06 -------------Check stall condition-------------
01/03/2022 13:30:06 Alt: -0.081
01/03/2022 13:30:06 distance: 50.815449651348466
01/03/2022 13:30:06 Mode: STABILIZE
01/03/2022 13:30:06 Pilot control
01/03/2022 13:30:06 ch7: 965
01/03/2022 13:30:06 -------------Check stall condition-------------
01/03/2022 13:30:06 Alt: -0.104
01/03/2022 13:30:06 distance: 50.80552953623193
01/03/2022 13:30:06 Mode: STABILIZE
01/03/2022 13:30:06 Pilot control
01/03/2022 13:30:06 ch7: 965
01/03/2022 13:30:06 -------------Check stall condition-------------
01/03/2022 13:30:06 Alt: -0.104
01/03/2022 13:30:06 distance: 50.820501031792126
01/03/2022 13:30:06 Mode: STABILIZE
01/03/2022 13:30:06 Pilot control
01/03/2022 13:30:06 ch7: 965
01/03/2022 13:30:06 -------------Check stall condition-------------
01/03/2022 13:30:06 Alt: -0.107
01/03/2022 13:30:07 distance: 50.82555434825614
01/03/2022 13:30:07 Mode: STABILIZE
01/03/2022 13:30:07 Pilot control
01/03/2022 13:30:07 ch7: 965
01/03/2022 13:30:07 -------------Check stall condition-------------
01/03/2022 13:30:07 Alt: -0.104
01/03/2022 13:30:07 distance: 50.8306096002528
01/03/2022 13:30:07 Mode: STABILIZE
01/03/2022 13:30:07 Pilot control
01/03/2022 13:30:07 ch7: 965
01/03/2022 13:30:07 -------------Check stall condition-------------
01/03/2022 13:30:07 Alt: -0.104
01/03/2022 13:30:07 distance: 50.8306096002528
01/03/2022 13:30:07 Mode: STABILIZE
01/03/2022 13:30:07 Pilot control
01/03/2022 13:30:07 ch7: 965
01/03/2022 13:30:07 -------------Check stall condition-------------
01/03/2022 13:30:07 Alt: -0.103
01/03/2022 13:30:07 distance: 50.83566678729452
01/03/2022 13:30:07 Mode: STABILIZE
01/03/2022 13:30:07 Pilot control
01/03/2022 13:30:08 ch7: 965
01/03/2022 13:30:08 -------------Check stall condition-------------
01/03/2022 13:30:08 Alt: -0.103
01/03/2022 13:30:08 distance: 50.845583458329855
01/03/2022 13:30:08 Mode: STABILIZE
01/03/2022 13:30:08 Pilot control
01/03/2022 13:30:08 ch7: 965
01/03/2022 13:30:08 -------------Check stall condition-------------
01/03/2022 13:30:08 Alt: -0.105
01/03/2022 13:30:08 distance: 50.85064159305172
01/03/2022 13:30:08 Mode: STABILIZE
01/03/2022 13:30:08 Pilot control
01/03/2022 13:30:08 ch7: 965
01/03/2022 13:30:08 -------------Check stall condition-------------
01/03/2022 13:30:08 Alt: -0.115
01/03/2022 13:30:08 distance: 50.86561686410301
01/03/2022 13:30:08 Mode: STABILIZE
01/03/2022 13:30:08 Pilot control
01/03/2022 13:30:08 ch7: 965
01/03/2022 13:30:08 -------------Check stall condition-------------
01/03/2022 13:30:08 Alt: -0.127
01/03/2022 13:30:08 distance: 50.88565455786497
01/03/2022 13:30:08 Mode: STABILIZE
01/03/2022 13:30:08 Pilot control
01/03/2022 13:30:09 ch7: 965
01/03/2022 13:30:09 -------------Check stall condition-------------
01/03/2022 13:30:09 Alt: -0.147
01/03/2022 13:30:09 distance: 50.92552257492576
01/03/2022 13:30:09 Mode: STABILIZE
01/03/2022 13:30:09 Pilot control
01/03/2022 13:30:09 ch7: 965
01/03/2022 13:30:09 -------------Check stall condition-------------
01/03/2022 13:30:09 Alt: -0.16
01/03/2022 13:30:09 distance: 50.93058736928142
01/03/2022 13:30:09 Mode: STABILIZE
01/03/2022 13:30:09 Pilot control
01/03/2022 13:30:09 ch7: 965
01/03/2022 13:30:09 -------------Check stall condition-------------
01/03/2022 13:30:09 Alt: -0.172
01/03/2022 13:30:09 distance: 50.96539101535284
01/03/2022 13:30:09 Mode: STABILIZE
01/03/2022 13:30:10 Pilot control
01/03/2022 13:30:10 ch7: 965
01/03/2022 13:30:10 -------------Check stall condition-------------
01/03/2022 13:30:10 Alt: -0.179
01/03/2022 13:30:10 distance: 51.00019520716676
01/03/2022 13:30:10 Mode: STABILIZE
01/03/2022 13:30:10 Pilot control
01/03/2022 13:30:10 ch7: 965
01/03/2022 13:30:10 -------------Check stall condition-------------
01/03/2022 13:30:10 Alt: -0.02
01/03/2022 13:30:10 distance: 51.0995513852065
01/03/2022 13:30:10 Mode: STABILIZE
01/03/2022 13:30:10 Pilot control
01/03/2022 13:30:11 ch7: 965
01/03/2022 13:30:11 -------------Check stall condition-------------
01/03/2022 13:30:11 Alt: -0.026
01/03/2022 13:30:11 distance: 51.1740294040026
01/03/2022 13:30:11 Mode: STABILIZE
01/03/2022 13:30:11 Pilot control
01/03/2022 13:30:11 ch7: 965
01/03/2022 13:30:11 -------------Check stall condition-------------
01/03/2022 13:30:11 Alt: -0.03
01/03/2022 13:30:11 distance: 51.27341125759888
01/03/2022 13:30:11 Mode: STABILIZE
01/03/2022 13:30:11 Pilot control
01/03/2022 13:30:12 ch7: 965
01/03/2022 13:30:12 -------------Check stall condition-------------
01/03/2022 13:30:12 Alt: -0.04
01/03/2022 13:30:12 distance: 51.30822387895016
01/03/2022 13:30:12 Mode: STABILIZE
01/03/2022 13:30:12 Pilot control
01/03/2022 13:30:12 ch7: 965
01/03/2022 13:30:12 -------------Check stall condition-------------
01/03/2022 13:30:12 Alt: -0.059
01/03/2022 13:30:12 distance: 51.357838564091495
01/03/2022 13:30:12 Mode: STABILIZE
01/03/2022 13:30:12 Pilot control
01/03/2022 13:30:12 ch7: 965
01/03/2022 13:30:12 -------------Check stall condition-------------
01/03/2022 13:30:12 Alt: -0.051
01/03/2022 13:30:12 distance: 51.40746562857971
01/03/2022 13:30:12 Mode: STABILIZE
01/03/2022 13:30:12 Pilot control
01/03/2022 13:30:13 ch7: 965
01/03/2022 13:30:13 -------------Check stall condition-------------
01/03/2022 13:30:13 Alt: -0.042
01/03/2022 13:30:13 distance: 51.44214296396121
01/03/2022 13:30:13 Mode: STABILIZE
01/03/2022 13:30:13 Pilot control
01/03/2022 13:30:13 ch7: 965
01/03/2022 13:30:13 -------------Check stall condition-------------
01/03/2022 13:30:13 Alt: -0.036
01/03/2022 13:30:13 distance: 51.481865269883286
01/03/2022 13:30:13 Mode: STABILIZE
01/03/2022 13:30:13 Pilot control
01/03/2022 13:30:13 ch7: 965
01/03/2022 13:30:13 -------------Check stall condition-------------
01/03/2022 13:30:13 Alt: -0.048
01/03/2022 13:30:13 distance: 51.56123369791112
01/03/2022 13:30:13 Mode: STABILIZE
01/03/2022 13:30:13 Pilot control
01/03/2022 13:30:14 ch7: 965
01/03/2022 13:30:14 -------------Check stall condition-------------
01/03/2022 13:30:14 Alt: -0.063
01/03/2022 13:30:14 distance: 51.6805235714355
01/03/2022 13:30:14 Mode: STABILIZE
01/03/2022 13:30:14 Pilot control
01/03/2022 13:30:14 ch7: 965
01/03/2022 13:30:14 -------------Check stall condition-------------
01/03/2022 13:30:14 Alt: -0.052
01/03/2022 13:30:14 distance: 51.80487688556696
01/03/2022 13:30:14 Mode: STABILIZE
01/03/2022 13:30:14 Pilot control
01/03/2022 13:30:15 ch7: 965
01/03/2022 13:30:15 -------------Check stall condition-------------
01/03/2022 13:30:15 Alt: -0.038
01/03/2022 13:30:15 distance: 51.869566801753166
01/03/2022 13:30:15 Mode: STABILIZE
01/03/2022 13:30:15 Pilot control
01/03/2022 13:30:15 ch7: 965
01/03/2022 13:30:15 -------------Check stall condition-------------
01/03/2022 13:30:15 Alt: 0.224
01/03/2022 13:30:15 distance: 51.84471207298005
01/03/2022 13:30:15 Mode: STABILIZE
01/03/2022 13:30:15 Pilot control
01/03/2022 13:30:16 ch7: 965
01/03/2022 13:30:16 -------------Check stall condition-------------
01/03/2022 13:30:16 Alt: 0.598
01/03/2022 13:30:16 distance: 51.62573683943493
01/03/2022 13:30:16 Mode: STABILIZE
01/03/2022 13:30:16 Pilot control
01/03/2022 13:30:16 ch7: 965
01/03/2022 13:30:16 -------------Check stall condition-------------
01/03/2022 13:30:16 Alt: 0.499
01/03/2022 13:30:16 distance: 51.40171132172729
01/03/2022 13:30:16 Mode: STABILIZE
01/03/2022 13:30:16 Pilot control
01/03/2022 13:30:17 ch7: 965
01/03/2022 13:30:17 -------------Check stall condition-------------
01/03/2022 13:30:17 Alt: 0.592
01/03/2022 13:30:17 distance: 50.824423033758656
01/03/2022 13:30:17 Mode: STABILIZE
01/03/2022 13:30:17 Pilot control
01/03/2022 13:30:17 ch7: 965
01/03/2022 13:30:17 -------------Check stall condition-------------
01/03/2022 13:30:17 Alt: 0.623
01/03/2022 13:30:17 distance: 50.64516712847095
01/03/2022 13:30:17 Mode: STABILIZE
01/03/2022 13:30:17 Pilot control
01/03/2022 13:30:17 ch7: 965
01/03/2022 13:30:17 -------------Check stall condition-------------
01/03/2022 13:30:17 Alt: 0.64
01/03/2022 13:30:17 distance: 50.30169895783345
01/03/2022 13:30:17 Mode: STABILIZE
01/03/2022 13:30:17 Pilot control
01/03/2022 13:30:18 ch7: 965
01/03/2022 13:30:18 -------------Check stall condition-------------
01/03/2022 13:30:18 Alt: 0.587
01/03/2022 13:30:18 distance: 49.87323437932133
01/03/2022 13:30:18 Mode: STABILIZE
01/03/2022 13:30:18 Pilot control
01/03/2022 13:30:18 ch7: 965
01/03/2022 13:30:18 -------------Check stall condition-------------
01/03/2022 13:30:18 Alt: 0.567
01/03/2022 13:30:18 distance: 49.61937191868761
01/03/2022 13:30:18 Mode: STABILIZE
01/03/2022 13:30:18 Pilot control
01/03/2022 13:30:19 ch7: 965
01/03/2022 13:30:19 -------------Check stall condition-------------
01/03/2022 13:30:19 Alt: 0.637
01/03/2022 13:30:19 distance: 49.17191113420479
01/03/2022 13:30:19 Mode: STABILIZE
01/03/2022 13:30:19 Pilot control
01/03/2022 13:30:19 ch7: 965
01/03/2022 13:30:19 -------------Check stall condition-------------
01/03/2022 13:30:19 Alt: 0.788
01/03/2022 13:30:19 distance: 48.829332725406545
01/03/2022 13:30:19 Mode: STABILIZE
01/03/2022 13:30:19 Pilot control
01/03/2022 13:30:20 ch7: 965
01/03/2022 13:30:20 -------------Check stall condition-------------
01/03/2022 13:30:20 Alt: 0.835
01/03/2022 13:30:20 distance: 48.33295915660231
01/03/2022 13:30:20 Mode: STABILIZE
01/03/2022 13:30:20 Pilot control
01/03/2022 13:30:20 ch7: 965
01/03/2022 13:30:20 -------------Check stall condition-------------
01/03/2022 13:30:20 Alt: 0.866
01/03/2022 13:30:20 distance: 47.794942737418076
01/03/2022 13:30:20 Mode: STABILIZE
01/03/2022 13:30:20 Pilot control
01/03/2022 13:30:21 ch7: 965
01/03/2022 13:30:21 -------------Check stall condition-------------
01/03/2022 13:30:21 Alt: 0.33
01/03/2022 13:30:21 distance: 47.383810433824344
01/03/2022 13:30:21 Mode: STABILIZE
01/03/2022 13:30:21 Pilot control
01/03/2022 13:30:21 ch7: 965
01/03/2022 13:30:21 -------------Check stall condition-------------
01/03/2022 13:30:21 Alt: 0.078
01/03/2022 13:30:21 distance: 46.90835849565295
01/03/2022 13:30:21 Mode: STABILIZE
01/03/2022 13:30:21 Pilot control
01/03/2022 13:30:22 ch7: 965
01/03/2022 13:30:22 -------------Check stall condition-------------
01/03/2022 13:30:22 Alt: -0.028
01/03/2022 13:30:22 distance: 46.50786694283892
01/03/2022 13:30:22 Mode: STABILIZE
01/03/2022 13:30:22 Pilot control
01/03/2022 13:30:22 ch7: 965
01/03/2022 13:30:22 Throttle armed
01/03/2022 13:30:22 -------------Check stall condition-------------
01/03/2022 13:30:22 Alt: -0.102
01/03/2022 13:30:22 distance: 46.06731924308057
01/03/2022 13:30:22 Mode: STABILIZE
01/03/2022 13:30:22 Pilot control
01/03/2022 13:30:23 ch7: 965
01/03/2022 13:30:23 -------------Check stall condition-------------
01/03/2022 13:30:23 Alt: -0.184
01/03/2022 13:30:23 distance: 45.86356104876671
01/03/2022 13:30:23 Mode: STABILIZE
01/03/2022 13:30:23 Pilot control
01/03/2022 13:30:23 ch7: 965
01/03/2022 13:30:23 -------------Check stall condition-------------
01/03/2022 13:30:23 Alt: -0.178
01/03/2022 13:30:23 distance: 45.679995822110556
01/03/2022 13:30:23 Mode: STABILIZE
01/03/2022 13:30:23 Pilot control
01/03/2022 13:30:24 ch7: 965
01/03/2022 13:30:24 -------------Check stall condition-------------
01/03/2022 13:30:24 Alt: -0.099
01/03/2022 13:30:24 distance: 45.271089564263306
01/03/2022 13:30:24 Mode: STABILIZE
01/03/2022 13:30:24 Pilot control
01/03/2022 13:30:24 ch7: 965
01/03/2022 13:30:24 -------------Check stall condition-------------
01/03/2022 13:30:24 Alt: -0.052
01/03/2022 13:30:24 distance: 45.27510225953124
01/03/2022 13:30:24 Mode: STABILIZE
01/03/2022 13:30:24 Pilot control
01/03/2022 13:30:25 ch7: 965
01/03/2022 13:30:25 -------------Check stall condition-------------
01/03/2022 13:30:25 Alt: -0.03
01/03/2022 13:30:25 distance: 45.40893106232916
01/03/2022 13:30:25 Mode: STABILIZE
01/03/2022 13:30:25 Pilot control
01/03/2022 13:30:25 ch7: 965
01/03/2022 13:30:25 -------------Check stall condition-------------
01/03/2022 13:30:25 Alt: -0.045
01/03/2022 13:30:25 distance: 45.449280288482
01/03/2022 13:30:25 Mode: STABILIZE
01/03/2022 13:30:25 Pilot control
01/03/2022 13:30:26 ch7: 965
01/03/2022 13:30:26 -------------Check stall condition-------------
01/03/2022 13:30:26 Alt: -0.07
01/03/2022 13:30:26 distance: 45.375316623791235
01/03/2022 13:30:26 Mode: STABILIZE
01/03/2022 13:30:26 Pilot control
01/03/2022 13:30:26 ch7: 965
01/03/2022 13:30:26 -------------Check stall condition-------------
01/03/2022 13:30:26 Alt: -0.097
01/03/2022 13:30:26 distance: 45.31477897248598
01/03/2022 13:30:26 Mode: STABILIZE
01/03/2022 13:30:26 ch7: 965
01/03/2022 13:30:26 -------------Check stall condition-------------
01/03/2022 13:30:26 Alt: -0.097
01/03/2022 13:30:26 distance: 45.3289081021946
01/03/2022 13:30:27 Mode: STABILIZE
01/03/2022 13:30:27 ch7: 965
01/03/2022 13:30:27 -------------Check stall condition-------------
01/03/2022 13:30:27 Alt: -0.106
01/03/2022 13:30:27 distance: 45.29931322334128
01/03/2022 13:30:27 Mode: STABILIZE
01/03/2022 13:30:27 ch7: 965
01/03/2022 13:30:27 -------------Check stall condition-------------
01/03/2022 13:30:27 Alt: -0.11
01/03/2022 13:30:28 distance: 45.26905707629271
01/03/2022 13:30:28 Mode: STABILIZE
01/03/2022 13:30:28 ch7: 965
01/03/2022 13:30:28 -------------Check stall condition-------------
01/03/2022 13:30:28 Alt: -0.127
01/03/2022 13:30:28 distance: 45.23880534831032
01/03/2022 13:30:28 Mode: STABILIZE
01/03/2022 13:30:28 ch7: 965
01/03/2022 13:30:28 -------------Check stall condition-------------
01/03/2022 13:30:28 Alt: -0.14
01/03/2022 13:30:28 distance: 45.20855804682908
01/03/2022 13:30:28 Mode: STABILIZE
01/03/2022 13:30:29 ch7: 965
01/03/2022 13:30:29 -------------Check stall condition-------------
01/03/2022 13:30:29 Alt: -0.163
01/03/2022 13:30:29 distance: 45.168235211604255
01/03/2022 13:30:29 Mode: STABILIZE
01/03/2022 13:30:29 ch7: 965
01/03/2022 13:30:29 -------------Check stall condition-------------
01/03/2022 13:30:29 Alt: -0.182
01/03/2022 13:30:29 distance: 45.14807675752331
01/03/2022 13:30:29 Mode: STABILIZE
01/03/2022 13:30:29 ch7: 965
01/03/2022 13:30:29 -------------Check stall condition-------------
01/03/2022 13:30:29 Alt: -0.213
01/03/2022 13:30:30 distance: 45.14685258233602
01/03/2022 13:30:30 Mode: STABILIZE
01/03/2022 13:30:30 ch7: 965
01/03/2022 13:30:30 -------------Check stall condition-------------
01/03/2022 13:30:30 Alt: -0.249
01/03/2022 13:30:30 distance: 45.1415190671862
01/03/2022 13:30:30 Mode: STABILIZE
01/03/2022 13:30:30 ch7: 965
01/03/2022 13:30:30 -------------Check stall condition-------------
01/03/2022 13:30:30 Alt: -0.296
01/03/2022 13:30:30 distance: 45.13144735577112
01/03/2022 13:30:30 Mode: STABILIZE
01/03/2022 13:30:31 ch7: 965
01/03/2022 13:30:31 -------------Check stall condition-------------
01/03/2022 13:30:31 Alt: -0.357
01/03/2022 13:30:31 distance: 45.11189465145091
01/03/2022 13:30:31 Mode: STABILIZE
01/03/2022 13:30:31 ch7: 965
01/03/2022 13:30:31 -------------Check stall condition-------------
01/03/2022 13:30:31 Alt: -0.357
01/03/2022 13:30:31 distance: 45.09295866853603
01/03/2022 13:30:31 Mode: STABILIZE
01/03/2022 13:30:32 ch7: 965
01/03/2022 13:30:32 -------------Check stall condition-------------
01/03/2022 13:30:32 Alt: -0.358
01/03/2022 13:30:32 distance: 45.09830891777208
01/03/2022 13:30:32 Mode: STABILIZE
01/03/2022 13:30:32 ch7: 965
01/03/2022 13:30:32 -------------Check stall condition-------------
01/03/2022 13:30:32 Alt: -0.342
01/03/2022 13:30:32 distance: 45.10838802827248
01/03/2022 13:30:32 Mode: STABILIZE
01/03/2022 13:30:33 ch7: 965
01/03/2022 13:30:33 -------------Check stall condition-------------
01/03/2022 13:30:33 Alt: -0.335
01/03/2022 13:30:33 distance: 45.04175708538075
01/03/2022 13:30:33 Mode: STABILIZE
01/03/2022 13:30:33 ch7: 965
01/03/2022 13:30:33 -------------Check stall condition-------------
01/03/2022 13:30:33 Alt: -0.377
01/03/2022 13:30:33 distance: 44.23121026606813
01/03/2022 13:30:33 Mode: STABILIZE
01/03/2022 13:30:34 ch7: 965
01/03/2022 13:30:34 -------------Check stall condition-------------
01/03/2022 13:30:34 Alt: -0.314
01/03/2022 13:30:34 distance: 42.64340861487837
01/03/2022 13:30:34 Mode: STABILIZE
01/03/2022 13:30:34 ch7: 965
01/03/2022 13:30:34 -------------Check stall condition-------------
01/03/2022 13:30:34 Alt: -0.236
01/03/2022 13:30:34 distance: 41.41705540903137
01/03/2022 13:30:34 Mode: STABILIZE
01/03/2022 13:30:35 ch7: 965
01/03/2022 13:30:35 -------------Check stall condition-------------
01/03/2022 13:30:35 Alt: 0.696
01/03/2022 13:30:35 distance: 38.78726985489208
01/03/2022 13:30:35 Mode: STABILIZE
01/03/2022 13:30:35 ch7: 965
01/03/2022 13:30:35 -------------Check stall condition-------------
01/03/2022 13:30:35 Alt: 2.264
01/03/2022 13:30:35 distance: 37.224083979098324
01/03/2022 13:30:35 Mode: STABILIZE
01/03/2022 13:30:36 ch7: 965
01/03/2022 13:30:36 -------------Check stall condition-------------
01/03/2022 13:30:36 Alt: 3.842
01/03/2022 13:30:36 distance: 36.805226749546485
01/03/2022 13:30:36 Mode: STABILIZE
01/03/2022 13:30:36 ch7: 965
01/03/2022 13:30:36 -------------Check stall condition-------------
01/03/2022 13:30:36 Alt: 4.704
01/03/2022 13:30:36 distance: 36.7391808797194
01/03/2022 13:30:36 Mode: STABILIZE
01/03/2022 13:30:36 ch7: 965
01/03/2022 13:30:36 -------------Check stall condition-------------
01/03/2022 13:30:36 Alt: 5.246
01/03/2022 13:30:37 distance: 36.813585866401176
01/03/2022 13:30:37 Mode: STABILIZE
01/03/2022 13:30:37 ch7: 965
01/03/2022 13:30:37 -------------Check stall condition-------------
01/03/2022 13:30:37 Alt: 6.992
01/03/2022 13:30:37 distance: 37.43260996559228
01/03/2022 13:30:37 Mode: STABILIZE
01/03/2022 13:30:37 ch7: 965
01/03/2022 13:30:37 -------------Check stall condition-------------
01/03/2022 13:30:37 Alt: 8.072
01/03/2022 13:30:37 distance: 38.8697121389104
01/03/2022 13:30:37 Mode: STABILIZE
01/03/2022 13:30:38 ch7: 965
01/03/2022 13:30:38 -------------Check stall condition-------------
01/03/2022 13:30:38 Alt: 8.811
01/03/2022 13:30:38 distance: 39.91092067041455
01/03/2022 13:30:38 Mode: STABILIZE
01/03/2022 13:30:38 ch7: 965
01/03/2022 13:30:38 -------------Check stall condition-------------
01/03/2022 13:30:38 Alt: 9.784
01/03/2022 13:30:38 distance: 42.403619899511234
01/03/2022 13:30:38 Mode: STABILIZE
01/03/2022 13:30:39 ch7: 965
01/03/2022 13:30:39 -------------Check stall condition-------------
01/03/2022 13:30:39 Alt: 10.846
01/03/2022 13:30:39 distance: 44.40309224361636
01/03/2022 13:30:39 Mode: STABILIZE
01/03/2022 13:30:39 ch7: 965
01/03/2022 13:30:39 -------------Check stall condition-------------
01/03/2022 13:30:39 Alt: 11.72
01/03/2022 13:30:39 distance: 46.22619678008499
01/03/2022 13:30:39 Mode: STABILIZE
01/03/2022 13:30:40 ch7: 965
01/03/2022 13:30:40 -------------Check stall condition-------------
01/03/2022 13:30:40 Alt: 12.981
01/03/2022 13:30:40 distance: 46.91724055044301
01/03/2022 13:30:40 Mode: STABILIZE
01/03/2022 13:30:40 ch7: 965
01/03/2022 13:30:40 -------------Check stall condition-------------
01/03/2022 13:30:40 Alt: 14.175
01/03/2022 13:30:40 distance: 46.775380960584094
01/03/2022 13:30:40 Mode: STABILIZE
01/03/2022 13:30:41 ch7: 965
01/03/2022 13:30:41 -------------Check stall condition-------------
01/03/2022 13:30:41 Alt: 15.08
01/03/2022 13:30:41 distance: 46.52923400619203
01/03/2022 13:30:41 Mode: STABILIZE
01/03/2022 13:30:41 ch7: 965
01/03/2022 13:30:41 -------------Check stall condition-------------
01/03/2022 13:30:41 Alt: 15.824
01/03/2022 13:30:41 distance: 46.550100109183674
01/03/2022 13:30:41 Mode: STABILIZE
01/03/2022 13:30:41 ch7: 965
01/03/2022 13:30:42 -------------Check stall condition-------------
01/03/2022 13:30:42 Alt: 16.374
01/03/2022 13:30:42 distance: 46.43137946386915
01/03/2022 13:30:42 Mode: STABILIZE
01/03/2022 13:30:42 ch7: 965
01/03/2022 13:30:42 -------------Check stall condition-------------
01/03/2022 13:30:42 Alt: 17.865
01/03/2022 13:30:42 distance: 46.36844037567004
01/03/2022 13:30:42 Mode: STABILIZE
01/03/2022 13:30:42 ch7: 965
01/03/2022 13:30:42 -------------Check stall condition-------------
01/03/2022 13:30:42 Alt: 17.956
01/03/2022 13:30:42 distance: 46.88929569350283
01/03/2022 13:30:43 Mode: STABILIZE
01/03/2022 13:30:43 ch7: 965
01/03/2022 13:30:43 -------------Check stall condition-------------
01/03/2022 13:30:43 Alt: 18.322
01/03/2022 13:30:43 distance: 46.78753287846513
01/03/2022 13:30:43 Mode: STABILIZE
01/03/2022 13:30:43 ch7: 965
01/03/2022 13:30:43 -------------Check stall condition-------------
01/03/2022 13:30:43 Alt: 18.851
01/03/2022 13:30:43 distance: 46.05706523152009
01/03/2022 13:30:43 Mode: STABILIZE
01/03/2022 13:30:44 ch7: 965
01/03/2022 13:30:44 -------------Check stall condition-------------
01/03/2022 13:30:44 Alt: 20.575
01/03/2022 13:30:44 distance: 41.72167538033752
01/03/2022 13:30:44 Mode: STABILIZE
01/03/2022 13:30:44 ch7: 965
01/03/2022 13:30:44 -------------Check stall condition-------------
01/03/2022 13:30:44 Alt: 20.665
01/03/2022 13:30:44 distance: 38.26918482491126
01/03/2022 13:30:44 Mode: STABILIZE
01/03/2022 13:30:45 ch7: 965
01/03/2022 13:30:45 -------------Check stall condition-------------
01/03/2022 13:30:45 Alt: 20.673
01/03/2022 13:30:45 distance: 36.50100033657914
01/03/2022 13:30:45 Mode: STABILIZE
01/03/2022 13:30:45 ch7: 965
01/03/2022 13:30:45 -------------Check stall condition-------------
01/03/2022 13:30:45 Alt: 21.894
01/03/2022 13:30:45 distance: 33.01006106881145
01/03/2022 13:30:45 Mode: STABILIZE
01/03/2022 13:30:46 ch7: 965
01/03/2022 13:30:46 -------------Check stall condition-------------
01/03/2022 13:30:46 Alt: 23.51
01/03/2022 13:30:46 distance: 30.176907607957904
01/03/2022 13:30:46 Mode: STABILIZE
01/03/2022 13:30:46 ch7: 965
01/03/2022 13:30:46 -------------Check stall condition-------------
01/03/2022 13:30:46 Alt: 23.478
01/03/2022 13:30:46 distance: 27.999565179540532
01/03/2022 13:30:46 Mode: STABILIZE
01/03/2022 13:30:47 ch7: 965
01/03/2022 13:30:47 -------------Check stall condition-------------
01/03/2022 13:30:47 Alt: 23.627
01/03/2022 13:30:47 distance: 26.559820261109767
01/03/2022 13:30:47 Mode: STABILIZE
01/03/2022 13:30:47 ch7: 965
01/03/2022 13:30:47 -------------Check stall condition-------------
01/03/2022 13:30:47 Alt: 23.453
01/03/2022 13:30:47 distance: 26.048429990266282
01/03/2022 13:30:47 Mode: STABILIZE
01/03/2022 13:30:47 ch7: 965
01/03/2022 13:30:47 -------------Check stall condition-------------
01/03/2022 13:30:47 Alt: 22.665
01/03/2022 13:30:47 distance: 26.087899985787555
01/03/2022 13:30:47 Mode: STABILIZE
01/03/2022 13:30:48 ch7: 965
01/03/2022 13:30:48 -------------Check stall condition-------------
01/03/2022 13:30:48 Alt: 22.4
01/03/2022 13:30:48 distance: 27.760291244517862
01/03/2022 13:30:48 Mode: STABILIZE
01/03/2022 13:30:48 ch7: 965
01/03/2022 13:30:48 -------------Check stall condition-------------
01/03/2022 13:30:48 Alt: 22.521
01/03/2022 13:30:48 distance: 29.20752580553459
01/03/2022 13:30:48 Mode: STABILIZE
01/03/2022 13:30:49 ch7: 965
01/03/2022 13:30:49 -------------Check stall condition-------------
01/03/2022 13:30:49 Alt: 23.063
01/03/2022 13:30:49 distance: 33.09278602934541
01/03/2022 13:30:49 Mode: STABILIZE
01/03/2022 13:30:49 ch7: 965
01/03/2022 13:30:49 -------------Check stall condition-------------
01/03/2022 13:30:49 Alt: 23.542
01/03/2022 13:30:49 distance: 35.31342477921383
01/03/2022 13:30:49 Mode: STABILIZE
01/03/2022 13:30:49 ch7: 965
01/03/2022 13:30:49 -------------Check stall condition-------------
01/03/2022 13:30:49 Alt: 23.296
01/03/2022 13:30:49 distance: 39.91179780006981
01/03/2022 13:30:49 Mode: STABILIZE
01/03/2022 13:30:50 ch7: 965
01/03/2022 13:30:50 -------------Check stall condition-------------
01/03/2022 13:30:50 Alt: 22.85
01/03/2022 13:30:50 distance: 44.57951683626809
01/03/2022 13:30:50 Mode: STABILIZE
01/03/2022 13:30:50 ch7: 965
01/03/2022 13:30:50 -------------Check stall condition-------------
01/03/2022 13:30:50 Alt: 23.112
01/03/2022 13:30:50 distance: 48.437862179590205
01/03/2022 13:30:50 Mode: STABILIZE
01/03/2022 13:30:51 ch7: 965
01/03/2022 13:30:51 -------------Check stall condition-------------
01/03/2022 13:30:51 Alt: 22.802
01/03/2022 13:30:51 distance: 50.66501562477518
01/03/2022 13:30:51 Mode: STABILIZE
01/03/2022 13:30:51 ch7: 965
01/03/2022 13:30:51 -------------Check stall condition-------------
01/03/2022 13:30:51 Alt: 22.444
01/03/2022 13:30:51 distance: 56.33778714460968
01/03/2022 13:30:51 Mode: STABILIZE
01/03/2022 13:30:51 ch7: 965
01/03/2022 13:30:51 -------------Check stall condition-------------
01/03/2022 13:30:51 Alt: 22.77
01/03/2022 13:30:52 distance: 59.832442861473176
01/03/2022 13:30:52 Mode: STABILIZE
01/03/2022 13:30:52 ch7: 965
01/03/2022 13:30:52 -------------Check stall condition-------------
01/03/2022 13:30:52 Alt: 24.011
01/03/2022 13:30:52 distance: 65.82326647335846
01/03/2022 13:30:52 Mode: STABILIZE
01/03/2022 13:30:52 ch7: 965
01/03/2022 13:30:52 -------------Check stall condition-------------
01/03/2022 13:30:52 Alt: 24.841
01/03/2022 13:30:52 distance: 72.17452385802831
01/03/2022 13:30:52 Mode: STABILIZE
01/03/2022 13:30:53 ch7: 965
01/03/2022 13:30:53 -------------Check stall condition-------------
01/03/2022 13:30:53 Alt: 25.155
01/03/2022 13:30:53 distance: 78.50714115609352
01/03/2022 13:30:53 Mode: STABILIZE
01/03/2022 13:30:53 ch7: 965
01/03/2022 13:30:53 -------------Check stall condition-------------
01/03/2022 13:30:53 Alt: 25.934
01/03/2022 13:30:53 distance: 81.19663865010045
01/03/2022 13:30:53 Mode: STABILIZE
01/03/2022 13:30:53 ch7: 965
01/03/2022 13:30:53 -------------Check stall condition-------------
01/03/2022 13:30:53 Alt: 26.46
01/03/2022 13:30:53 distance: 83.41882917788159
01/03/2022 13:30:53 Mode: STABILIZE
01/03/2022 13:30:54 ch7: 965
01/03/2022 13:30:54 -------------Check stall condition-------------
01/03/2022 13:30:54 Alt: 26.869
01/03/2022 13:30:54 distance: 85.16738265590617
01/03/2022 13:30:54 Mode: STABILIZE
01/03/2022 13:30:54 ch7: 965
01/03/2022 13:30:54 -------------Check stall condition-------------
01/03/2022 13:30:54 Alt: 27.629
01/03/2022 13:30:54 distance: 83.45377019532518
01/03/2022 13:30:54 Mode: STABILIZE
01/03/2022 13:30:55 ch7: 965
01/03/2022 13:30:55 -------------Check stall condition-------------
01/03/2022 13:30:55 Alt: 27.745
01/03/2022 13:30:55 distance: 82.04823362952655
01/03/2022 13:30:55 Mode: STABILIZE
01/03/2022 13:30:55 ch7: 965
01/03/2022 13:30:55 -------------Check stall condition-------------
01/03/2022 13:30:55 Alt: 27.698
01/03/2022 13:30:55 distance: 78.47116456628031
01/03/2022 13:30:55 Mode: STABILIZE
01/03/2022 13:30:56 ch7: 965
01/03/2022 13:30:56 -------------Check stall condition-------------
01/03/2022 13:30:56 Alt: 27.36
01/03/2022 13:30:56 distance: 75.2428296958747
01/03/2022 13:30:56 Mode: STABILIZE
01/03/2022 13:30:56 ch7: 965
01/03/2022 13:30:56 -------------Check stall condition-------------
01/03/2022 13:30:56 Alt: 26.549
01/03/2022 13:30:56 distance: 71.71926974260603
01/03/2022 13:30:56 Mode: STABILIZE
01/03/2022 13:30:57 ch7: 965
01/03/2022 13:30:57 -------------Check stall condition-------------
01/03/2022 13:30:57 Alt: 25.71
01/03/2022 13:30:57 distance: 68.54180359220076
01/03/2022 13:30:57 Mode: STABILIZE
01/03/2022 13:30:57 ch7: 965
01/03/2022 13:30:57 -------------Check stall condition-------------
01/03/2022 13:30:57 Alt: 24.603
01/03/2022 13:30:57 distance: 65.32996524211697
01/03/2022 13:30:57 Mode: STABILIZE
01/03/2022 13:30:58 ch7: 965
01/03/2022 13:30:58 -------------Check stall condition-------------
01/03/2022 13:30:58 Alt: 23.953
01/03/2022 13:30:58 distance: 62.2619556844925
01/03/2022 13:30:58 Mode: STABILIZE
01/03/2022 13:30:58 ch7: 965
01/03/2022 13:30:58 -------------Check stall condition-------------
01/03/2022 13:30:58 Alt: 22.605
01/03/2022 13:30:58 distance: 59.076043079605036
01/03/2022 13:30:58 Mode: STABILIZE
01/03/2022 13:30:58 Mission: 1 WP
01/03/2022 13:30:58 ch7: 965
01/03/2022 13:30:58 -------------Check stall condition-------------
01/03/2022 13:30:58 Alt: 21.853
01/03/2022 13:30:58 distance: 57.29601796263964
01/03/2022 13:30:58 Mode: AUTO
01/03/2022 13:30:58 Changed mode to: AUTO
01/03/2022 13:30:58 Waiting for reach target...
01/03/2022 13:30:59 ch7: 965
01/03/2022 13:30:59 -------------Check stall condition-------------
01/03/2022 13:30:59 Alt: 20.64
01/03/2022 13:30:59 distance: 53.21392192127694
01/03/2022 13:30:59 Mode: AUTO
01/03/2022 13:30:59 Changed mode to: AUTO
01/03/2022 13:30:59 Waiting for reach target...
01/03/2022 13:30:59 ch7: 965
01/03/2022 13:30:59 -------------Check stall condition-------------
01/03/2022 13:30:59 Alt: 19.925
01/03/2022 13:30:59 distance: 48.93008829172994
01/03/2022 13:30:59 Mode: AUTO
01/03/2022 13:30:59 Changed mode to: AUTO
01/03/2022 13:30:59 Waiting for reach target...
01/03/2022 13:31:00 ch7: 965
01/03/2022 13:31:00 -------------Check stall condition-------------
01/03/2022 13:31:00 Alt: 19.489
01/03/2022 13:31:00 distance: 46.63784491077543
01/03/2022 13:31:00 Mode: AUTO
01/03/2022 13:31:00 Changed mode to: AUTO
01/03/2022 13:31:00 Waiting for reach target...
01/03/2022 13:31:00 ch7: 965
01/03/2022 13:31:00 -------------Check stall condition-------------
01/03/2022 13:31:00 Alt: 19.485
01/03/2022 13:31:00 distance: 41.950388391242136
01/03/2022 13:31:00 Mode: AUTO
01/03/2022 13:31:00 Changed mode to: AUTO
01/03/2022 13:31:00 Waiting for reach target...
01/03/2022 13:31:01 ch7: 965
01/03/2022 13:31:01 -------------Check stall condition-------------
01/03/2022 13:31:01 Alt: 19.914
01/03/2022 13:31:01 distance: 37.36218254083049
01/03/2022 13:31:01 Mode: AUTO
01/03/2022 13:31:01 Changed mode to: AUTO
01/03/2022 13:31:01 Waiting for reach target...
01/03/2022 13:31:01 ch7: 965
01/03/2022 13:31:01 -------------Check stall condition-------------
01/03/2022 13:31:01 Alt: 19.305
01/03/2022 13:31:01 distance: 32.427844209154316
01/03/2022 13:31:01 Mode: AUTO
01/03/2022 13:31:01 Changed mode to: AUTO
01/03/2022 13:31:01 Waiting for reach target...
01/03/2022 13:31:01 ch7: 965
01/03/2022 13:31:01 -------------Check stall condition-------------
01/03/2022 13:31:01 Alt: 18.626
01/03/2022 13:31:02 distance: 26.763041452516642
01/03/2022 13:31:02 Mode: AUTO
01/03/2022 13:31:02 Changed mode to: AUTO
01/03/2022 13:31:02 Waiting for reach target...
01/03/2022 13:31:02 ch7: 965
01/03/2022 13:31:02 -------------Check stall condition-------------
01/03/2022 13:31:02 Alt: 17.788
01/03/2022 13:31:02 distance: 23.628011639489397
01/03/2022 13:31:02 Mode: AUTO
01/03/2022 13:31:02 Changed mode to: AUTO
01/03/2022 13:31:02 Waiting for reach target...
01/03/2022 13:31:02 Passed waypoint #1 dist 2m
01/03/2022 13:31:02 is_deepstalled: False
01/03/2022 13:31:02 Mission: 2 WP
01/03/2022 13:31:02 -------------Deep stall!!!-------------
01/03/2022 13:31:02 -------------Post stall-------------
01/03/2022 13:31:02 Groundspeed: 12.4397611618042
01/03/2022 13:31:02 excel log
01/03/2022 13:31:02 ch7: 965
01/03/2022 13:31:02 -------------Check stall condition-------------
01/03/2022 13:31:02 Alt: 16.873
01/03/2022 13:31:02 distance: 17.41007441585138
01/03/2022 13:31:02 Mode: STABILIZE
01/03/2022 13:31:02 -------------Post stall-------------
01/03/2022 13:31:03 Groundspeed: 12.49010181427002
01/03/2022 13:31:03 excel log
01/03/2022 13:31:03 ch7: 965
01/03/2022 13:31:03 -------------Check stall condition-------------
01/03/2022 13:31:03 Alt: 16.468
01/03/2022 13:31:03 distance: 12.147043873338388
01/03/2022 13:31:03 Mode: STABILIZE
01/03/2022 13:31:03 -------------Post stall-------------
01/03/2022 13:31:03 Groundspeed: 9.130311012268066
01/03/2022 13:31:03 excel log
01/03/2022 13:31:03 ch7: 965
01/03/2022 13:31:03 -------------Check stall condition-------------
01/03/2022 13:31:03 Alt: 16.884
01/03/2022 13:31:03 distance: 8.418257043251291
01/03/2022 13:31:03 Mode: STABILIZE
01/03/2022 13:31:03 -------------Post stall-------------
01/03/2022 13:31:03 Groundspeed: 7.279632091522217
01/03/2022 13:31:03 excel log
01/03/2022 13:31:04 ch7: 965
01/03/2022 13:31:04 -------------Check stall condition-------------
01/03/2022 13:31:04 Alt: 17.233
01/03/2022 13:31:04 distance: 6.055872882965662
01/03/2022 13:31:04 Mode: STABILIZE
01/03/2022 13:31:04 -------------Post stall-------------
01/03/2022 13:31:04 Groundspeed: 5.967692852020264
01/03/2022 13:31:04 excel log
01/03/2022 13:31:04 ch7: 965
01/03/2022 13:31:04 -------------Check stall condition-------------
01/03/2022 13:31:04 Alt: 17.144
01/03/2022 13:31:04 distance: 5.244294607669451
01/03/2022 13:31:04 Mode: STABILIZE
01/03/2022 13:31:04 -------------Post stall-------------
01/03/2022 13:31:04 Groundspeed: 5.3508758544921875
01/03/2022 13:31:04 excel log
01/03/2022 13:31:05 ch7: 965
01/03/2022 13:31:05 -------------Check stall condition-------------
01/03/2022 13:31:05 Alt: 16.406
01/03/2022 13:31:05 distance: 4.587457550738426
01/03/2022 13:31:05 Mode: STABILIZE
01/03/2022 13:31:05 -------------Post stall-------------
01/03/2022 13:31:05 Groundspeed: 4.899969100952148
01/03/2022 13:31:05 excel log
01/03/2022 13:31:05 ch7: 965
01/03/2022 13:31:05 -------------Check stall condition-------------
01/03/2022 13:31:05 Alt: 15.598
01/03/2022 13:31:05 distance: 5.15120687094158
01/03/2022 13:31:05 Mode: STABILIZE
01/03/2022 13:31:05 -------------Post stall-------------
01/03/2022 13:31:05 Groundspeed: 4.936242580413818
01/03/2022 13:31:05 excel log
01/03/2022 13:31:06 ch7: 965
01/03/2022 13:31:06 -------------Check stall condition-------------
01/03/2022 13:31:06 Alt: 12.313
01/03/2022 13:31:06 distance: 6.5015543815066605
01/03/2022 13:31:06 Mode: STABILIZE
01/03/2022 13:31:06 -------------Post stall-------------
01/03/2022 13:31:06 Groundspeed: 5.671087741851807
01/03/2022 13:31:06 excel log
01/03/2022 13:31:06 ch7: 965
01/03/2022 13:31:06 -------------Check stall condition-------------
01/03/2022 13:31:06 Alt: 8.227
01/03/2022 13:31:06 distance: 10.267044014032615
01/03/2022 13:31:06 Mode: STABILIZE
01/03/2022 13:31:06 -------------Adjust angle after stall-------------
01/03/2022 13:31:06 1880
01/03/2022 13:31:06 Groundspeed: 7.13128137588501
01/03/2022 13:31:06 excel log
01/03/2022 13:31:07 ch7: 965
01/03/2022 13:31:07 -------------Check stall condition-------------
01/03/2022 13:31:07 Alt: 5.902
01/03/2022 13:31:07 distance: 13.17790160361595
01/03/2022 13:31:07 Mode: STABILIZE
01/03/2022 13:31:07 -------------Adjust angle after stall-------------
01/03/2022 13:31:07 1880
01/03/2022 13:31:07 Groundspeed: 7.502758979797363
01/03/2022 13:31:07 excel log
01/03/2022 13:31:07 ch7: 965
01/03/2022 13:31:07 -------------Check stall condition-------------
01/03/2022 13:31:07 Alt: 3.907
01/03/2022 13:31:07 distance: 16.435343079039264
01/03/2022 13:31:07 Mode: STABILIZE
01/03/2022 13:31:07 -------------Adjust angle after stall-------------
01/03/2022 13:31:07 1880
01/03/2022 13:31:07 Groundspeed: 7.221676826477051
01/03/2022 13:31:07 excel log
01/03/2022 13:31:08 ch7: 965
01/03/2022 13:31:08 -------------Check stall condition-------------
01/03/2022 13:31:08 Alt: 2.922
01/03/2022 13:31:08 distance: 19.648121956111982
01/03/2022 13:31:08 Mode: STABILIZE
01/03/2022 13:31:08 -------------Adjust angle after stall-------------
01/03/2022 13:31:08 1880
01/03/2022 13:31:08 Groundspeed: 7.19364595413208
01/03/2022 13:31:08 excel log
01/03/2022 13:31:08 ch7: 965
01/03/2022 13:31:08 -------------Check stall condition-------------
01/03/2022 13:31:08 Alt: 0.57
01/03/2022 13:31:08 distance: 22.402631059424248
01/03/2022 13:31:08 Mode: STABILIZE
01/03/2022 13:31:08 -------------Adjust angle after stall-------------
01/03/2022 13:31:08 1880
01/03/2022 13:31:08 Groundspeed: 4.558665752410889
01/03/2022 13:31:08 excel log
01/03/2022 13:31:09 end log!!
01/03/2022 13:31:10 ch7: 965
01/03/2022 13:31:10 -------------Check stall condition-------------
01/03/2022 13:31:10 Alt: -1.486
01/03/2022 13:31:10 distance: 24.942536919695545
01/03/2022 13:31:10 Mode: STABILIZE
01/03/2022 13:31:10 -------------Adjust angle after stall-------------
01/03/2022 13:31:10 1880
01/03/2022 13:31:10 Groundspeed: 1.6517406702041626
01/03/2022 13:31:10 excel log
01/03/2022 13:31:10 end log!!
01/03/2022 13:31:11 ch7: 965
01/03/2022 13:31:11 -------------Check stall condition-------------
01/03/2022 13:31:11 Alt: -1.989
01/03/2022 13:31:11 distance: 24.578571695827826
01/03/2022 13:31:11 Mode: STABILIZE
01/03/2022 13:31:11 -------------Adjust angle after stall-------------
01/03/2022 13:31:11 1880
01/03/2022 13:31:11 Groundspeed: 0.7640461325645447
01/03/2022 13:31:11 excel log
01/03/2022 13:31:11 end log!!
01/03/2022 13:31:11 ch7: 965
01/03/2022 13:31:11 -------------Check stall condition-------------
01/03/2022 13:31:11 Alt: -2.243
01/03/2022 13:31:11 distance: 24.298392476922228
01/03/2022 13:31:11 Mode: STABILIZE
01/03/2022 13:31:11 -------------Adjust angle after stall-------------
01/03/2022 13:31:11 1880
01/03/2022 13:31:11 Groundspeed: 0.2808453440666199
01/03/2022 13:31:11 excel log
01/03/2022 13:31:11 end log!!
01/03/2022 13:31:12 ch7: 965
01/03/2022 13:31:12 -------------Check stall condition-------------
01/03/2022 13:31:12 Alt: -2.434
01/03/2022 13:31:12 distance: 23.955524464328178
01/03/2022 13:31:12 Mode: STABILIZE
01/03/2022 13:31:12 -------------Adjust angle after stall-------------
01/03/2022 13:31:12 1880
01/03/2022 13:31:12 Groundspeed: 0.2322482019662857
01/03/2022 13:31:12 excel log
01/03/2022 13:31:12 end log!!
01/03/2022 13:31:12 ch7: 965
01/03/2022 13:31:12 -------------Check stall condition-------------
01/03/2022 13:31:12 Alt: -2.578
01/03/2022 13:31:12 distance: 23.774793620307666
01/03/2022 13:31:12 Mode: STABILIZE
01/03/2022 13:31:12 -------------Adjust angle after stall-------------
01/03/2022 13:31:12 1880
01/03/2022 13:31:12 Groundspeed: 0.4789322018623352
01/03/2022 13:31:12 excel log
01/03/2022 13:31:12 end log!!
01/03/2022 13:31:13 ch7: 965
01/03/2022 13:31:13 -------------Check stall condition-------------
01/03/2022 13:31:13 Alt: -2.675
01/03/2022 13:31:13 distance: 23.696164415868815
01/03/2022 13:31:13 Mode: STABILIZE
01/03/2022 13:31:13 -------------Adjust angle after stall-------------
01/03/2022 13:31:13 1880
01/03/2022 13:31:13 Groundspeed: 0.5674190521240234
01/03/2022 13:31:13 excel log
01/03/2022 13:31:13 end log!!
01/03/2022 13:31:13 ch7: 965
01/03/2022 13:31:13 -------------Check stall condition-------------
01/03/2022 13:31:13 Alt: -2.743
01/03/2022 13:31:13 distance: 23.56206797476597
01/03/2022 13:31:13 Mode: STABILIZE
01/03/2022 13:31:13 -------------Adjust angle after stall-------------
01/03/2022 13:31:13 1880
01/03/2022 13:31:13 Groundspeed: 0.7146785259246826
01/03/2022 13:31:13 excel log
01/03/2022 13:31:13 end log!!
01/03/2022 13:31:13 ch7: 965
01/03/2022 13:31:13 -------------Check stall condition-------------
01/03/2022 13:31:13 Alt: -2.764
01/03/2022 13:31:13 distance: 23.459498475999307
01/03/2022 13:31:13 Mode: STABILIZE
01/03/2022 13:31:13 -------------Adjust angle after stall-------------
01/03/2022 13:31:14 1880
01/03/2022 13:31:14 Groundspeed: 0.7603408694267273
01/03/2022 13:31:14 excel log
01/03/2022 13:31:14 end log!!
01/03/2022 13:31:14 ch7: 965
01/03/2022 13:31:14 -------------Check stall condition-------------
01/03/2022 13:31:14 Alt: -2.782
01/03/2022 13:31:14 distance: 23.412756301314005
01/03/2022 13:31:14 Mode: STABILIZE
01/03/2022 13:31:14 -------------Adjust angle after stall-------------
01/03/2022 13:31:14 1880
01/03/2022 13:31:14 Groundspeed: 0.817957878112793
01/03/2022 13:31:14 excel log
01/03/2022 13:31:14 end log!!
01/03/2022 13:31:14 ch7: 965
01/03/2022 13:31:14 -------------Check stall condition-------------
01/03/2022 13:31:14 Alt: -2.772
01/03/2022 13:31:14 distance: 23.33359220922512
01/03/2022 13:31:14 Mode: STABILIZE
01/03/2022 13:31:14 -------------Adjust angle after stall-------------
01/03/2022 13:31:14 1880
01/03/2022 13:31:14 Groundspeed: 0.8317344188690186
01/03/2022 13:31:14 excel log
01/03/2022 13:31:15 end log!!
01/03/2022 13:31:15 ch7: 965
01/03/2022 13:31:15 -------------Check stall condition-------------
01/03/2022 13:31:15 Alt: -2.738
01/03/2022 13:31:15 distance: 23.277918939922493
01/03/2022 13:31:15 Mode: STABILIZE
01/03/2022 13:31:15 -------------Adjust angle after stall-------------
01/03/2022 13:31:15 1880
01/03/2022 13:31:15 Groundspeed: 0.812609076499939
01/03/2022 13:31:15 excel log
01/03/2022 13:31:15 end log!!
01/03/2022 13:31:15 ch7: 965
01/03/2022 13:31:15 -------------Check stall condition-------------
01/03/2022 13:31:15 Alt: -2.686
01/03/2022 13:31:15 distance: 23.245393505825543
01/03/2022 13:31:15 Mode: STABILIZE
01/03/2022 13:31:15 -------------Adjust angle after stall-------------
01/03/2022 13:31:15 1880
01/03/2022 13:31:15 Groundspeed: 0.7675934433937073
01/03/2022 13:31:15 excel log
01/03/2022 13:31:15 end log!!
01/03/2022 13:31:16 ch7: 965
01/03/2022 13:31:16 -------------Check stall condition-------------
01/03/2022 13:31:16 Alt: -2.621
01/03/2022 13:31:16 distance: 23.23391844301668
01/03/2022 13:31:16 Mode: STABILIZE
01/03/2022 13:31:16 -------------Adjust angle after stall-------------
01/03/2022 13:31:16 1880
01/03/2022 13:31:16 Groundspeed: 0.7160860300064087
01/03/2022 13:31:16 Throttle disarmed
01/03/2022 13:31:16 excel log
01/03/2022 13:31:16 end log!!
01/03/2022 13:31:16 ch7: 965
01/03/2022 13:31:16 -------------Check stall condition-------------
01/03/2022 13:31:16 Alt: -2.584
01/03/2022 13:31:16 distance: 23.228186788568802
01/03/2022 13:31:16 Mode: STABILIZE
01/03/2022 13:31:16 -------------Adjust angle after stall-------------
01/03/2022 13:31:16 1880
01/03/2022 13:31:16 Groundspeed: 0.5817855596542358
01/03/2022 13:31:16 excel log
01/03/2022 13:31:16 end log!!
01/03/2022 13:31:17 ch7: 965
01/03/2022 13:31:17 -------------Check stall condition-------------
01/03/2022 13:31:17 Alt: -2.506
01/03/2022 13:31:17 distance: 23.275951818453017
01/03/2022 13:31:17 Mode: STABILIZE
01/03/2022 13:31:17 -------------Adjust angle after stall-------------
01/03/2022 13:31:17 1880
01/03/2022 13:31:17 Groundspeed: 0.18191035091876984
01/03/2022 13:31:17 excel log
01/03/2022 13:31:17 end log!!
01/03/2022 13:31:17 ch7: 965
01/03/2022 13:31:17 -------------Check stall condition-------------
01/03/2022 13:31:17 Alt: -0.346
01/03/2022 13:31:17 distance: 23.466015939474126
01/03/2022 13:31:17 Mode: STABILIZE
01/03/2022 13:31:17 -------------Adjust angle after stall-------------
01/03/2022 13:31:17 1880
01/03/2022 13:31:17 Groundspeed: 0.08354604989290237
01/03/2022 13:31:17 excel log
01/03/2022 13:31:17 end log!!
01/03/2022 13:31:18 ch7: 965
01/03/2022 13:31:18 -------------Check stall condition-------------
01/03/2022 13:31:18 Alt: -0.066
01/03/2022 13:31:18 distance: 23.66340739714557
01/03/2022 13:31:18 Mode: STABILIZE
01/03/2022 13:31:18 -------------Adjust angle after stall-------------
01/03/2022 13:31:18 1880
01/03/2022 13:31:18 Groundspeed: 0.34968647360801697
01/03/2022 13:31:18 excel log
01/03/2022 13:31:18 end log!!
01/03/2022 13:31:18 ch7: 965
01/03/2022 13:31:18 -------------Check stall condition-------------
01/03/2022 13:31:18 Alt: -0.079
01/03/2022 13:31:18 distance: 23.818161733834344
01/03/2022 13:31:18 Mode: STABILIZE
01/03/2022 13:31:18 -------------Adjust angle after stall-------------
01/03/2022 13:31:18 1880
01/03/2022 13:31:18 Groundspeed: 0.4376050531864166
01/03/2022 13:31:18 excel log
01/03/2022 13:31:18 end log!!
01/03/2022 13:31:18 ch7: 965
01/03/2022 13:31:18 -------------Check stall condition-------------
01/03/2022 13:31:18 Alt: -0.112
01/03/2022 13:31:18 distance: 23.858285483734555
01/03/2022 13:31:18 Mode: STABILIZE
01/03/2022 13:31:19 -------------Adjust angle after stall-------------
01/03/2022 13:31:19 1880
01/03/2022 13:31:19 Groundspeed: 0.42574435472488403
01/03/2022 13:31:19 excel log
01/03/2022 13:31:19 end log!!
01/03/2022 13:31:19 ch7: 965
01/03/2022 13:31:19 -------------Check stall condition-------------
01/03/2022 13:31:19 Alt: -0.166
01/03/2022 13:31:19 distance: 23.880614496139994
01/03/2022 13:31:19 Mode: STABILIZE
01/03/2022 13:31:19 -------------Adjust angle after stall-------------
01/03/2022 13:31:19 1880
01/03/2022 13:31:19 Groundspeed: 0.3802042305469513
01/03/2022 13:31:19 excel log
01/03/2022 13:31:19 end log!!
01/03/2022 13:31:19 ch7: 965
01/03/2022 13:31:19 -------------Check stall condition-------------
01/03/2022 13:31:19 Alt: -0.191
01/03/2022 13:31:19 distance: 23.868769898097028
01/03/2022 13:31:19 Mode: STABILIZE
01/03/2022 13:31:19 -------------Adjust angle after stall-------------
01/03/2022 13:31:19 1880
01/03/2022 13:31:19 Groundspeed: 0.35218971967697144
01/03/2022 13:31:19 excel log
01/03/2022 13:31:19 end log!!
01/03/2022 13:31:20 ch7: 2065
01/03/2022 13:31:20 Saved video
