18/02/2022 15:14:46 Connecting to Vehicle on: /dev/ttyACM0
18/02/2022 15:14:46 Airspeed 1 calibration started
18/02/2022 15:14:46 ArduPilot Ready
18/02/2022 15:14:46 AHRS: DCM active
18/02/2022 15:14:46 RCOut: PWM:1-12
18/02/2022 15:14:46 ArduPlane V4.1.4 (0f984409)
18/02/2022 15:14:46 ChibiOS: 45395b6a
18/02/2022 15:14:46 CubeBlack 00360049 3337510E 37353832
18/02/2022 15:14:46 RCOut: PWM:1-12
18/02/2022 15:14:46 IMU0: fast sampling enabled 8.0kHz/1.0kHz
18/02/2022 15:14:46 IMU2: fast sampling enabled 8.0kHz/1.0kHz
18/02/2022 15:14:57 -------------Check stall condition-------------
18/02/2022 15:14:57 Alt: -0.209
18/02/2022 15:14:57 ch8: 0
18/02/2022 15:14:57 distance: 48.42451222424102
18/02/2022 15:14:57 Pilot control
18/02/2022 15:14:58 -------------Check stall condition-------------
18/02/2022 15:14:58 Alt: -0.221
18/02/2022 15:14:58 ch8: 0
18/02/2022 15:14:58 distance: 48.47647254408432
18/02/2022 15:14:58 Pilot control
18/02/2022 15:14:58 -------------Check stall condition-------------
18/02/2022 15:14:58 Alt: -0.204
18/02/2022 15:14:58 ch8: 0
18/02/2022 15:14:58 distance: 48.50678204245173
18/02/2022 15:14:58 Pilot control
18/02/2022 15:14:59 -------------Check stall condition-------------
18/02/2022 15:14:59 Alt: -0.204
18/02/2022 15:14:59 ch8: 0
18/02/2022 15:14:59 distance: 48.53242701282231
18/02/2022 15:14:59 Pilot control
18/02/2022 15:14:59 -------------Check stall condition-------------
18/02/2022 15:14:59 Alt: -0.216
18/02/2022 15:14:59 ch8: 0
18/02/2022 15:14:59 distance: 48.58296343011554
18/02/2022 15:14:59 Pilot control
18/02/2022 15:14:59 -------------Check stall condition-------------
18/02/2022 15:14:59 Alt: -0.229
18/02/2022 15:14:59 ch8: 0
18/02/2022 15:14:59 distance: 48.61329065234797
18/02/2022 15:14:59 Pilot control
18/02/2022 15:14:59 -------------Check stall condition-------------
18/02/2022 15:14:59 Alt: -0.254
18/02/2022 15:14:59 ch8: 0
18/02/2022 15:14:59 distance: 48.6537332014902
18/02/2022 15:14:59 Pilot control
18/02/2022 15:15:00 -------------Check stall condition-------------
18/02/2022 15:15:00 Alt: -0.268
18/02/2022 15:15:00 ch8: 0
18/02/2022 15:15:00 distance: 48.688723828771764
18/02/2022 15:15:00 Pilot control
18/02/2022 15:15:00 -------------Check stall condition-------------
18/02/2022 15:15:00 Alt: -0.282
18/02/2022 15:15:00 ch8: 0
18/02/2022 15:15:00 distance: 48.71906152309039
18/02/2022 15:15:00 Pilot control
18/02/2022 15:15:00 -------------Check stall condition-------------
18/02/2022 15:15:00 Alt: -0.298
18/02/2022 15:15:00 ch8: 0
18/02/2022 15:15:00 distance: 48.749403216989315
18/02/2022 15:15:00 Pilot control
18/02/2022 15:15:00 -------------Check stall condition-------------
18/02/2022 15:15:00 Alt: -0.31
18/02/2022 15:15:00 ch8: 0
18/02/2022 15:15:00 distance: 48.7751035486154
18/02/2022 15:15:00 Pilot control
18/02/2022 15:15:01 -------------Check stall condition-------------
18/02/2022 15:15:01 Alt: -0.31
18/02/2022 15:15:01 ch8: 0
18/02/2022 15:15:01 distance: 48.81557450619929
18/02/2022 15:15:01 Pilot control
18/02/2022 15:15:01 Throttle failsafe off
18/02/2022 15:15:01 -------------Check stall condition-------------
18/02/2022 15:15:01 Alt: -0.177
18/02/2022 15:15:01 ch8: 965
18/02/2022 15:15:01 distance: 48.8366614148111
18/02/2022 15:15:01 Pilot control
18/02/2022 15:15:01 Failsafe. Long event off: reason=3
18/02/2022 15:15:01 -------------Check stall condition-------------
18/02/2022 15:15:01 Alt: -0.177
18/02/2022 15:15:01 ch8: 965
18/02/2022 15:15:01 distance: 48.8366614148111
18/02/2022 15:15:01 Pilot control
18/02/2022 15:15:01 -------------Check stall condition-------------
18/02/2022 15:15:01 Alt: -0.136
18/02/2022 15:15:01 ch8: 965
18/02/2022 15:15:01 distance: 48.856906024926126
18/02/2022 15:15:01 Pilot control
18/02/2022 15:15:02 -------------Check stall condition-------------
18/02/2022 15:15:02 Alt: -0.161
18/02/2022 15:15:02 ch8: 965
18/02/2022 15:15:02 distance: 48.86239954249954
18/02/2022 15:15:02 Pilot control
18/02/2022 15:15:02 -------------Check stall condition-------------
18/02/2022 15:15:02 Alt: -0.199
18/02/2022 15:15:02 ch8: 965
18/02/2022 15:15:02 distance: 48.85777219480529
18/02/2022 15:15:02 Pilot control
18/02/2022 15:15:02 -------------Check stall condition-------------
18/02/2022 15:15:02 Alt: -0.217
18/02/2022 15:15:02 ch8: 965
18/02/2022 15:15:02 distance: 48.85777219480529
18/02/2022 15:15:02 Pilot control
18/02/2022 15:15:03 -------------Check stall condition-------------
18/02/2022 15:15:03 Alt: -0.285
18/02/2022 15:15:03 ch8: 965
18/02/2022 15:15:03 distance: 48.80427923256238
18/02/2022 15:15:03 Pilot control
18/02/2022 15:15:03 -------------Check stall condition-------------
18/02/2022 15:15:03 Alt: -0.32
18/02/2022 15:15:03 ch8: 965
18/02/2022 15:15:03 distance: 48.740682152410336
18/02/2022 15:15:03 Pilot control
18/02/2022 15:15:03 -------------Check stall condition-------------
18/02/2022 15:15:03 Alt: -0.357
18/02/2022 15:15:03 ch8: 965
18/02/2022 15:15:03 distance: 48.72225105493224
18/02/2022 15:15:03 Pilot control
18/02/2022 15:15:04 -------------Check stall condition-------------
18/02/2022 15:15:04 Alt: -0.37
18/02/2022 15:15:04 ch8: 965
18/02/2022 15:15:04 distance: 48.7075123503511
18/02/2022 15:15:04 Pilot control
18/02/2022 15:15:04 -------------Check stall condition-------------
18/02/2022 15:15:04 Alt: -0.381
18/02/2022 15:15:04 ch8: 965
18/02/2022 15:15:04 distance: 48.63288930787728
18/02/2022 15:15:04 Pilot control
18/02/2022 15:15:04 -------------Check stall condition-------------
18/02/2022 15:15:04 Alt: -0.398
18/02/2022 15:15:04 ch8: 965
18/02/2022 15:15:04 distance: 48.59234780580319
18/02/2022 15:15:04 Pilot control
18/02/2022 15:15:05 -------------Check stall condition-------------
18/02/2022 15:15:05 Alt: -0.402
18/02/2022 15:15:05 ch8: 965
18/02/2022 15:15:05 distance: 48.50667346663053
18/02/2022 15:15:05 Pilot control
18/02/2022 15:15:05 -------------Check stall condition-------------
18/02/2022 15:15:05 Alt: -0.398
18/02/2022 15:15:05 ch8: 965
18/02/2022 15:15:05 distance: 48.481798298403206
18/02/2022 15:15:05 Pilot control
18/02/2022 15:15:06 -------------Check stall condition-------------
18/02/2022 15:15:06 Alt: -0.281
18/02/2022 15:15:06 ch8: 965
18/02/2022 15:15:06 distance: 48.41639810587179
18/02/2022 15:15:06 Pilot control
18/02/2022 15:15:06 -------------Check stall condition-------------
18/02/2022 15:15:06 Alt: -0.086
18/02/2022 15:15:06 ch8: 965
18/02/2022 15:15:06 distance: 48.386008941876554
18/02/2022 15:15:06 Pilot control
18/02/2022 15:15:06 -------------Check stall condition-------------
18/02/2022 15:15:06 Alt: -0.033
18/02/2022 15:15:06 ch8: 965
18/02/2022 15:15:06 distance: 48.36113320569621
18/02/2022 15:15:06 Pilot control
18/02/2022 15:15:07 -------------Check stall condition-------------
18/02/2022 15:15:07 Alt: -0.046
18/02/2022 15:15:07 ch8: 965
18/02/2022 15:15:07 distance: 48.2957440905639
18/02/2022 15:15:07 Pilot control
18/02/2022 15:15:07 -------------Check stall condition-------------
18/02/2022 15:15:07 Alt: -0.075
18/02/2022 15:15:07 ch8: 965
18/02/2022 15:15:07 distance: 48.21011072072212
18/02/2022 15:15:07 Pilot control
18/02/2022 15:15:07 -------------Check stall condition-------------
18/02/2022 15:15:07 Alt: -0.086
18/02/2022 15:15:07 ch8: 965
18/02/2022 15:15:07 distance: 48.16035767091611
18/02/2022 15:15:07 Pilot control
18/02/2022 15:15:08 -------------Check stall condition-------------
18/02/2022 15:15:08 Alt: -0.095
18/02/2022 15:15:08 ch8: 965
18/02/2022 15:15:08 distance: 48.08949316798007
18/02/2022 15:15:08 Pilot control
18/02/2022 15:15:08 -------------Check stall condition-------------
18/02/2022 15:15:08 Alt: -0.117
18/02/2022 15:15:08 ch8: 965
18/02/2022 15:15:08 distance: 48.049008981708035
18/02/2022 15:15:08 Pilot control
18/02/2022 15:15:08 -------------Check stall condition-------------
18/02/2022 15:15:08 Alt: -0.138
18/02/2022 15:15:09 ch8: 965
18/02/2022 15:15:09 distance: 48.01865053816414
18/02/2022 15:15:09 Pilot control
18/02/2022 15:15:09 -------------Check stall condition-------------
18/02/2022 15:15:09 Alt: -0.183
18/02/2022 15:15:09 ch8: 965
18/02/2022 15:15:09 distance: 47.93771444108371
18/02/2022 15:15:09 Pilot control
18/02/2022 15:15:09 -------------Check stall condition-------------
18/02/2022 15:15:09 Alt: -0.21
18/02/2022 15:15:09 ch8: 965
18/02/2022 15:15:09 distance: 47.91202272343301
18/02/2022 15:15:09 Pilot control
18/02/2022 15:15:09 -------------Check stall condition-------------
18/02/2022 15:15:09 Alt: -0.232
18/02/2022 15:15:10 ch8: 965
18/02/2022 15:15:10 distance: 47.89179787237454
18/02/2022 15:15:10 Pilot control
18/02/2022 15:15:10 -------------Check stall condition-------------
18/02/2022 15:15:10 Alt: -0.261
18/02/2022 15:15:10 ch8: 965
18/02/2022 15:15:10 distance: 47.88634309989352
18/02/2022 15:15:10 Pilot control
18/02/2022 15:15:10 -------------Check stall condition-------------
18/02/2022 15:15:10 Alt: -0.261
18/02/2022 15:15:10 ch8: 965
18/02/2022 15:15:10 distance: 47.88634309989352
18/02/2022 15:15:10 Pilot control
18/02/2022 15:15:10 -------------Check stall condition-------------
18/02/2022 15:15:10 Alt: -0.314
18/02/2022 15:15:10 ch8: 965
18/02/2022 15:15:10 distance: 47.87544721917134
18/02/2022 15:15:10 Pilot control
18/02/2022 15:15:10 -------------Check stall condition-------------
18/02/2022 15:15:10 Alt: -0.333
18/02/2022 15:15:11 ch8: 965
18/02/2022 15:15:11 distance: 47.89488596092384
18/02/2022 15:15:11 Pilot control
18/02/2022 15:15:11 -------------Check stall condition-------------
18/02/2022 15:15:11 Alt: -0.354
18/02/2022 15:15:11 ch8: 965
18/02/2022 15:15:11 distance: 47.90965997664033
18/02/2022 15:15:11 Pilot control
18/02/2022 15:15:11 -------------Check stall condition-------------
18/02/2022 15:15:11 Alt: -0.388
18/02/2022 15:15:11 ch8: 965
18/02/2022 15:15:11 distance: 47.95398572068534
18/02/2022 15:15:11 Pilot control
18/02/2022 15:15:11 -------------Check stall condition-------------
18/02/2022 15:15:11 Alt: -0.388
18/02/2022 15:15:11 ch8: 965
18/02/2022 15:15:11 distance: 47.95398572068534
18/02/2022 15:15:11 Pilot control
18/02/2022 15:15:12 -------------Check stall condition-------------
18/02/2022 15:15:12 Alt: -0.365
18/02/2022 15:15:12 ch8: 965
18/02/2022 15:15:12 distance: 47.978113030913555
18/02/2022 15:15:12 Pilot control
18/02/2022 15:15:12 -------------Check stall condition-------------
18/02/2022 15:15:12 Alt: -0.365
18/02/2022 15:15:12 ch8: 965
18/02/2022 15:15:12 distance: 47.978113030913555
18/02/2022 15:15:12 Pilot control
18/02/2022 15:15:12 -------------Check stall condition-------------
18/02/2022 15:15:12 Alt: -0.09
18/02/2022 15:15:12 ch8: 965
18/02/2022 15:15:12 distance: 47.96259146058308
18/02/2022 15:15:12 Pilot control
18/02/2022 15:15:12 -------------Check stall condition-------------
18/02/2022 15:15:12 Alt: -0.09
18/02/2022 15:15:12 ch8: 965
18/02/2022 15:15:12 distance: 47.987472369591714
18/02/2022 15:15:12 Pilot control
18/02/2022 15:15:12 -------------Check stall condition-------------
18/02/2022 15:15:12 Alt: -0.08
18/02/2022 15:15:12 ch8: 965
18/02/2022 15:15:13 distance: 47.987472369591714
18/02/2022 15:15:13 Pilot control
18/02/2022 15:15:13 -------------Check stall condition-------------
18/02/2022 15:15:13 Alt: -0.084
18/02/2022 15:15:13 ch8: 965
18/02/2022 15:15:13 distance: 47.99215522756688
18/02/2022 15:15:13 Pilot control
18/02/2022 15:15:13 -------------Check stall condition-------------
18/02/2022 15:15:13 Alt: -0.094
18/02/2022 15:15:13 ch8: 965
18/02/2022 15:15:13 distance: 47.99684021058086
18/02/2022 15:15:13 Pilot control
18/02/2022 15:15:13 -------------Check stall condition-------------
18/02/2022 15:15:13 Alt: -0.105
18/02/2022 15:15:13 ch8: 965
18/02/2022 15:15:13 distance: 48.001527317845
18/02/2022 15:15:13 Pilot control
18/02/2022 15:15:13 -------------Check stall condition-------------
18/02/2022 15:15:13 Alt: -0.105
18/02/2022 15:15:13 ch8: 965
18/02/2022 15:15:13 distance: 48.001527317845
18/02/2022 15:15:13 Pilot control
18/02/2022 15:15:14 -------------Check stall condition-------------
18/02/2022 15:15:14 Alt: -0.145
18/02/2022 15:15:14 ch8: 965
18/02/2022 15:15:14 distance: 48.001527317845
18/02/2022 15:15:14 Pilot control
18/02/2022 15:15:14 -------------Check stall condition-------------
18/02/2022 15:15:14 Alt: -0.171
18/02/2022 15:15:14 ch8: 965
18/02/2022 15:15:14 distance: 47.97664594900762
18/02/2022 15:15:14 Pilot control
18/02/2022 15:15:14 -------------Check stall condition-------------
18/02/2022 15:15:14 Alt: -0.192
18/02/2022 15:15:14 ch8: 965
18/02/2022 15:15:14 distance: 47.956453521220084
18/02/2022 15:15:14 Pilot control
18/02/2022 15:15:14 -------------Check stall condition-------------
18/02/2022 15:15:14 Alt: -0.204
18/02/2022 15:15:14 ch8: 965
18/02/2022 15:15:14 distance: 47.936262926664284
18/02/2022 15:15:14 Pilot control
18/02/2022 15:15:15 -------------Check stall condition-------------
18/02/2022 15:15:15 Alt: -0.208
18/02/2022 15:15:15 ch8: 965
18/02/2022 15:15:15 distance: 47.92076917604655
18/02/2022 15:15:15 Pilot control
18/02/2022 15:15:15 -------------Check stall condition-------------
18/02/2022 15:15:15 Alt: -0.208
18/02/2022 15:15:15 ch8: 965
18/02/2022 15:15:15 distance: 47.890492458348156
18/02/2022 15:15:15 Pilot control
18/02/2022 15:15:15 -------------Check stall condition-------------
18/02/2022 15:15:15 Alt: -0.212
18/02/2022 15:15:15 ch8: 965
18/02/2022 15:15:15 distance: 47.890492458348156
18/02/2022 15:15:15 Pilot control
18/02/2022 15:15:15 -------------Check stall condition-------------
18/02/2022 15:15:15 Alt: -0.214
18/02/2022 15:15:15 ch8: 965
18/02/2022 15:15:15 distance: 47.880401139915
18/02/2022 15:15:15 Pilot control
18/02/2022 15:15:15 -------------Check stall condition-------------
18/02/2022 15:15:15 Alt: -0.215
18/02/2022 15:15:15 ch8: 965
18/02/2022 15:15:16 distance: 47.880401139915
18/02/2022 15:15:16 Pilot control
18/02/2022 15:15:16 -------------Check stall condition-------------
18/02/2022 15:15:16 Alt: -0.214
18/02/2022 15:15:16 ch8: 965
18/02/2022 15:15:16 distance: 47.87501236761828
18/02/2022 15:15:16 Pilot control
18/02/2022 15:15:16 -------------Check stall condition-------------
18/02/2022 15:15:16 Alt: -0.214
18/02/2022 15:15:16 ch8: 965
18/02/2022 15:15:16 distance: 47.85954021621225
18/02/2022 15:15:16 Pilot control
18/02/2022 15:15:16 -------------Check stall condition-------------
18/02/2022 15:15:16 Alt: -0.209
18/02/2022 15:15:16 ch8: 965
18/02/2022 15:15:16 distance: 47.864248535570745
18/02/2022 15:15:16 Pilot control
18/02/2022 15:15:16 -------------Check stall condition-------------
18/02/2022 15:15:16 Alt: -0.215
18/02/2022 15:15:16 ch8: 965
18/02/2022 15:15:16 distance: 47.868958980650156
18/02/2022 15:15:16 Pilot control
18/02/2022 15:15:17 -------------Check stall condition-------------
18/02/2022 15:15:17 Alt: -0.22
18/02/2022 15:15:17 ch8: 965
18/02/2022 15:15:17 distance: 47.85350299899863
18/02/2022 15:15:17 Pilot control
18/02/2022 15:15:17 -------------Check stall condition-------------
18/02/2022 15:15:17 Alt: -0.224
18/02/2022 15:15:17 ch8: 965
18/02/2022 15:15:17 distance: 47.83741902579487
18/02/2022 15:15:17 Pilot control
18/02/2022 15:15:17 -------------Check stall condition-------------
18/02/2022 15:15:17 Alt: -0.224
18/02/2022 15:15:17 ch8: 965
18/02/2022 15:15:17 distance: 47.83741902579487
18/02/2022 15:15:17 Pilot control
18/02/2022 15:15:17 -------------Check stall condition-------------
18/02/2022 15:15:17 Alt: -0.221
18/02/2022 15:15:17 ch8: 965
18/02/2022 15:15:17 distance: 47.83741902579487
18/02/2022 15:15:17 Pilot control
18/02/2022 15:15:18 -------------Check stall condition-------------
18/02/2022 15:15:18 Alt: -0.226
18/02/2022 15:15:18 ch8: 965
18/02/2022 15:15:18 distance: 47.83741902579487
18/02/2022 15:15:18 Pilot control
18/02/2022 15:15:18 -------------Check stall condition-------------
18/02/2022 15:15:18 Alt: -0.222
18/02/2022 15:15:18 ch8: 965
18/02/2022 15:15:18 distance: 47.84214506333146
18/02/2022 15:15:18 Pilot control
18/02/2022 15:15:18 -------------Check stall condition-------------
18/02/2022 15:15:18 Alt: -0.09
18/02/2022 15:15:18 ch8: 965
18/02/2022 15:15:18 distance: 47.846873224076795
18/02/2022 15:15:18 Pilot control
18/02/2022 15:15:18 -------------Check stall condition-------------
18/02/2022 15:15:18 Alt: -0.048
18/02/2022 15:15:18 ch8: 965
18/02/2022 15:15:18 distance: 47.846873224076795
18/02/2022 15:15:18 Pilot control
18/02/2022 15:15:19 -------------Check stall condition-------------
18/02/2022 15:15:19 Alt: -0.056
18/02/2022 15:15:19 ch8: 965
18/02/2022 15:15:19 distance: 47.83679601836578
18/02/2022 15:15:19 Pilot control
18/02/2022 15:15:19 -------------Check stall condition-------------
18/02/2022 15:15:19 Alt: -0.056
18/02/2022 15:15:19 ch8: 965
18/02/2022 15:15:19 distance: 47.8065672116927
18/02/2022 15:15:19 Pilot control
18/02/2022 15:15:19 -------------Check stall condition-------------
18/02/2022 15:15:19 Alt: -0.086
18/02/2022 15:15:19 ch8: 965
18/02/2022 15:15:19 distance: 47.78168287296332
18/02/2022 15:15:19 Pilot control
18/02/2022 15:15:19 -------------Check stall condition-------------
18/02/2022 15:15:19 Alt: -0.103
18/02/2022 15:15:19 ch8: 965
18/02/2022 15:15:19 distance: 47.74199020215792
18/02/2022 15:15:19 Pilot control
18/02/2022 15:15:19 -------------Check stall condition-------------
18/02/2022 15:15:20 Alt: -0.103
18/02/2022 15:15:20 ch8: 965
18/02/2022 15:15:20 distance: 47.74199020215792
18/02/2022 15:15:20 Pilot control
18/02/2022 15:15:20 -------------Check stall condition-------------
18/02/2022 15:15:20 Alt: -0.125
18/02/2022 15:15:20 ch8: 965
18/02/2022 15:15:20 distance: 47.62703562590171
18/02/2022 15:15:20 Pilot control
18/02/2022 15:15:20 -------------Check stall condition-------------
18/02/2022 15:15:20 Alt: -0.147
18/02/2022 15:15:20 ch8: 965
18/02/2022 15:15:20 distance: 47.62703562590171
18/02/2022 15:15:20 Pilot control
18/02/2022 15:15:20 -------------Check stall condition-------------
18/02/2022 15:15:20 Alt: -0.154
18/02/2022 15:15:20 ch8: 965
18/02/2022 15:15:20 distance: 47.59148183753567
18/02/2022 15:15:20 Pilot control
18/02/2022 15:15:20 -------------Check stall condition-------------
18/02/2022 15:15:20 Alt: -0.159
18/02/2022 15:15:20 ch8: 965
18/02/2022 15:15:20 distance: 47.53638406569854
18/02/2022 15:15:20 Pilot control
18/02/2022 15:15:21 -------------Check stall condition-------------
18/02/2022 15:15:21 Alt: -0.169
18/02/2022 15:15:21 ch8: 965
18/02/2022 15:15:21 distance: 47.49610678332188
18/02/2022 15:15:21 Pilot control
18/02/2022 15:15:21 -------------Check stall condition-------------
18/02/2022 15:15:21 Alt: -0.186
18/02/2022 15:15:21 ch8: 965
18/02/2022 15:15:21 distance: 47.44101839807518
18/02/2022 15:15:21 Pilot control
18/02/2022 15:15:21 -------------Check stall condition-------------
18/02/2022 15:15:21 Alt: -0.202
18/02/2022 15:15:21 ch8: 965
18/02/2022 15:15:21 distance: 47.43095163358888
18/02/2022 15:15:21 Pilot control
18/02/2022 15:15:21 -------------Check stall condition-------------
18/02/2022 15:15:21 Alt: -0.215
18/02/2022 15:15:21 ch8: 965
18/02/2022 15:15:21 distance: 47.45108563986217
18/02/2022 15:15:21 Pilot control
18/02/2022 15:15:22 -------------Check stall condition-------------
18/02/2022 15:15:22 Alt: -0.237
18/02/2022 15:15:22 ch8: 965
18/02/2022 15:15:22 distance: 47.42620029793868
18/02/2022 15:15:22 Pilot control
18/02/2022 15:15:22 -------------Check stall condition-------------
18/02/2022 15:15:22 Alt: -0.26
18/02/2022 15:15:22 ch8: 965
18/02/2022 15:15:22 distance: 47.39181894654178
18/02/2022 15:15:22 Pilot control
18/02/2022 15:15:22 -------------Check stall condition-------------
18/02/2022 15:15:22 Alt: -0.26
18/02/2022 15:15:22 ch8: 965
18/02/2022 15:15:22 distance: 47.39181894654178
18/02/2022 15:15:22 Pilot control
18/02/2022 15:15:22 -------------Check stall condition-------------
18/02/2022 15:15:22 Alt: -0.278
18/02/2022 15:15:22 ch8: 965
18/02/2022 15:15:22 distance: 47.36693386150272
18/02/2022 15:15:22 Pilot control
18/02/2022 15:15:22 -------------Check stall condition-------------
18/02/2022 15:15:22 Alt: -0.298
18/02/2022 15:15:22 ch8: 965
18/02/2022 15:15:22 distance: 47.32665899940107
18/02/2022 15:15:22 Pilot control
18/02/2022 15:15:23 -------------Check stall condition-------------
18/02/2022 15:15:23 Alt: -0.229
18/02/2022 15:15:23 ch8: 965
18/02/2022 15:15:23 distance: 47.30652442659873
18/02/2022 15:15:23 Pilot control
18/02/2022 15:15:23 -------------Check stall condition-------------
18/02/2022 15:15:23 Alt: -0.091
18/02/2022 15:15:23 ch8: 965
18/02/2022 15:15:23 distance: 47.291146663819
18/02/2022 15:15:23 Pilot control
18/02/2022 15:15:23 -------------Check stall condition-------------
18/02/2022 15:15:23 Alt: -0.065
18/02/2022 15:15:23 ch8: 965
18/02/2022 15:15:23 distance: 47.260954292238786
18/02/2022 15:15:23 Pilot control
18/02/2022 15:15:23 -------------Check stall condition-------------
18/02/2022 15:15:23 Alt: -0.071
18/02/2022 15:15:23 ch8: 965
18/02/2022 15:15:23 distance: 47.240828439609565
18/02/2022 15:15:23 Pilot control
18/02/2022 15:15:24 -------------Check stall condition-------------
18/02/2022 15:15:24 Alt: -0.094
18/02/2022 15:15:24 ch8: 965
18/02/2022 15:15:24 distance: 47.21594251158729
18/02/2022 15:15:24 Pilot control
18/02/2022 15:15:24 -------------Check stall condition-------------
18/02/2022 15:15:24 Alt: -0.114
18/02/2022 15:15:24 ch8: 965
18/02/2022 15:15:24 distance: 47.20111938637086
18/02/2022 15:15:24 Pilot control
18/02/2022 15:15:24 -------------Check stall condition-------------
18/02/2022 15:15:24 Alt: -0.098
18/02/2022 15:15:24 ch8: 965
18/02/2022 15:15:24 distance: 47.18629685556602
18/02/2022 15:15:24 Pilot control
18/02/2022 15:15:24 -------------Check stall condition-------------
18/02/2022 15:15:24 Alt: -0.066
18/02/2022 15:15:24 ch8: 965
18/02/2022 15:15:24 distance: 47.13122234103512
18/02/2022 15:15:24 Pilot control
18/02/2022 15:15:25 -------------Check stall condition-------------
18/02/2022 15:15:25 Alt: -0.044
18/02/2022 15:15:25 ch8: 965
18/02/2022 15:15:25 distance: 47.08517067597688
18/02/2022 15:15:25 Pilot control
18/02/2022 15:15:25 -------------Check stall condition-------------
18/02/2022 15:15:25 Alt: -0.044
18/02/2022 15:15:25 ch8: 965
18/02/2022 15:15:25 distance: 47.08517067597688
18/02/2022 15:15:25 Pilot control
18/02/2022 15:15:25 -------------Check stall condition-------------
18/02/2022 15:15:25 Alt: -0.044
18/02/2022 15:15:25 ch8: 965
18/02/2022 15:15:25 distance: 46.88023124116679
18/02/2022 15:15:25 Pilot control
18/02/2022 15:15:25 -------------Check stall condition-------------
18/02/2022 15:15:25 Alt: 0.001
18/02/2022 15:15:25 ch8: 965
18/02/2022 15:15:25 distance: 46.778716265187704
18/02/2022 15:15:25 Pilot control
18/02/2022 15:15:26 -------------Check stall condition-------------
18/02/2022 15:15:26 Alt: 0.003
18/02/2022 15:15:26 ch8: 965
18/02/2022 15:15:26 distance: 46.778716265187704
18/02/2022 15:15:26 Pilot control
18/02/2022 15:15:26 -------------Check stall condition-------------
18/02/2022 15:15:26 Alt: -0.008
18/02/2022 15:15:26 ch8: 965
18/02/2022 15:15:26 distance: 46.657528363700635
18/02/2022 15:15:26 Pilot control
18/02/2022 15:15:26 -------------Check stall condition-------------
18/02/2022 15:15:26 Alt: -0.003
18/02/2022 15:15:26 ch8: 965
18/02/2022 15:15:26 distance: 46.567576077046425
18/02/2022 15:15:26 Pilot control
18/02/2022 15:15:26 -------------Check stall condition-------------
18/02/2022 15:15:26 Alt: -0.003
18/02/2022 15:15:26 ch8: 965
18/02/2022 15:15:26 distance: 46.567576077046425
18/02/2022 15:15:26 Pilot control
18/02/2022 15:15:27 -------------Check stall condition-------------
18/02/2022 15:15:27 Alt: -0.002
18/02/2022 15:15:27 ch8: 965
18/02/2022 15:15:27 distance: 46.64564145074072
18/02/2022 15:15:27 Pilot control
18/02/2022 15:15:27 -------------Check stall condition-------------
18/02/2022 15:15:27 Alt: 0.004
18/02/2022 15:15:27 ch8: 965
18/02/2022 15:15:27 distance: 46.76345113133033
18/02/2022 15:15:27 Pilot control
18/02/2022 15:15:27 -------------Check stall condition-------------
18/02/2022 15:15:27 Alt: 0.016
18/02/2022 15:15:27 ch8: 965
18/02/2022 15:15:27 distance: 46.9835881408254
18/02/2022 15:15:27 Pilot control
18/02/2022 15:15:27 -------------Check stall condition-------------
18/02/2022 15:15:27 Alt: 0.016
18/02/2022 15:15:27 ch8: 965
18/02/2022 15:15:27 distance: 47.09354968663131
18/02/2022 15:15:27 Pilot control
18/02/2022 15:15:28 -------------Check stall condition-------------
18/02/2022 15:15:28 Alt: -0.013
18/02/2022 15:15:28 ch8: 965
18/02/2022 15:15:28 distance: 47.3111659848214
18/02/2022 15:15:28 Pilot control
18/02/2022 15:15:28 -------------Check stall condition-------------
18/02/2022 15:15:28 Alt: -0.048
18/02/2022 15:15:28 ch8: 965
18/02/2022 15:15:28 distance: 47.633602343561826
18/02/2022 15:15:28 Pilot control
18/02/2022 15:15:29 -------------Check stall condition-------------
18/02/2022 15:15:29 Alt: -0.073
18/02/2022 15:15:29 ch8: 965
18/02/2022 15:15:29 distance: 47.76375734425178
18/02/2022 15:15:29 Pilot control
18/02/2022 15:15:29 -------------Check stall condition-------------
18/02/2022 15:15:29 Alt: -0.109
18/02/2022 15:15:29 ch8: 965
18/02/2022 15:15:29 distance: 47.952998564821264
18/02/2022 15:15:29 Pilot control
18/02/2022 15:15:29 -------------Check stall condition-------------
18/02/2022 15:15:29 Alt: -0.129
18/02/2022 15:15:29 ch8: 965
18/02/2022 15:15:29 distance: 48.040136264657995
18/02/2022 15:15:29 Pilot control
18/02/2022 15:15:30 -------------Check stall condition-------------
18/02/2022 15:15:30 Alt: -0.152
18/02/2022 15:15:30 ch8: 965
18/02/2022 15:15:30 distance: 48.0640901295894
18/02/2022 15:15:30 Pilot control
18/02/2022 15:15:30 -------------Check stall condition-------------
18/02/2022 15:15:30 Alt: -0.179
18/02/2022 15:15:30 ch8: 965
18/02/2022 15:15:30 distance: 48.08337787019946
18/02/2022 15:15:30 Pilot control
18/02/2022 15:15:30 -------------Check stall condition-------------
18/02/2022 15:15:30 Alt: -0.212
18/02/2022 15:15:30 ch8: 965
18/02/2022 15:15:30 distance: 48.063208366880524
18/02/2022 15:15:30 Pilot control
18/02/2022 15:15:31 -------------Check stall condition-------------
18/02/2022 15:15:31 Alt: -0.298
18/02/2022 15:15:31 ch8: 965
18/02/2022 15:15:31 distance: 48.0829487644609
18/02/2022 15:15:31 Pilot control
18/02/2022 15:15:31 -------------Check stall condition-------------
18/02/2022 15:15:31 Alt: -0.301
18/02/2022 15:15:31 ch8: 965
18/02/2022 15:15:31 distance: 48.185675241128685
18/02/2022 15:15:31 Pilot control
18/02/2022 15:15:31 -------------Check stall condition-------------
18/02/2022 15:15:31 Alt: -0.354
18/02/2022 15:15:31 ch8: 965
18/02/2022 15:15:31 distance: 48.370572145982166
18/02/2022 15:15:31 Pilot control
18/02/2022 15:15:32 -------------Check stall condition-------------
18/02/2022 15:15:32 Alt: -0.383
18/02/2022 15:15:32 ch8: 965
18/02/2022 15:15:32 distance: 48.21050656383619
18/02/2022 15:15:32 Pilot control
18/02/2022 15:15:32 -------------Check stall condition-------------
18/02/2022 15:15:32 Alt: -0.383
18/02/2022 15:15:32 ch8: 965
18/02/2022 15:15:32 distance: 47.92107948847047
18/02/2022 15:15:32 Pilot control
18/02/2022 15:15:32 -------------Check stall condition-------------
18/02/2022 15:15:32 Alt: -0.328
18/02/2022 15:15:32 ch8: 965
18/02/2022 15:15:32 distance: 47.886323690215725
18/02/2022 15:15:32 Pilot control
18/02/2022 15:15:33 -------------Check stall condition-------------
18/02/2022 15:15:33 Alt: -0.303
18/02/2022 15:15:33 ch8: 965
18/02/2022 15:15:33 distance: 47.828619761852885
18/02/2022 15:15:33 Pilot control
18/02/2022 15:15:33 -------------Check stall condition-------------
18/02/2022 15:15:33 Alt: -0.31
18/02/2022 15:15:33 ch8: 965
18/02/2022 15:15:33 distance: 47.83277024238015
18/02/2022 15:15:33 Pilot control
18/02/2022 15:15:33 -------------Check stall condition-------------
18/02/2022 15:15:33 Alt: -0.362
18/02/2022 15:15:33 ch8: 965
18/02/2022 15:15:33 distance: 47.81797117553389
18/02/2022 15:15:33 Pilot control
18/02/2022 15:15:34 -------------Check stall condition-------------
18/02/2022 15:15:34 Alt: -0.378
18/02/2022 15:15:34 ch8: 965
18/02/2022 15:15:34 distance: 47.8459045784059
18/02/2022 15:15:34 Pilot control
18/02/2022 15:15:34 -------------Check stall condition-------------
18/02/2022 15:15:34 Alt: -0.197
18/02/2022 15:15:34 ch8: 965
18/02/2022 15:15:34 distance: 47.835796082223574
18/02/2022 15:15:34 Pilot control
18/02/2022 15:15:34 -------------Check stall condition-------------
18/02/2022 15:15:34 Alt: -0.255
18/02/2022 15:15:34 ch8: 965
18/02/2022 15:15:34 distance: 47.93389878945672
18/02/2022 15:15:34 Pilot control
18/02/2022 15:15:35 -------------Check stall condition-------------
18/02/2022 15:15:35 Alt: -0.315
18/02/2022 15:15:35 ch8: 965
18/02/2022 15:15:35 distance: 47.88249229706516
18/02/2022 15:15:35 Pilot control
18/02/2022 15:15:35 -------------Check stall condition-------------
18/02/2022 15:15:35 Alt: -0.364
18/02/2022 15:15:35 ch8: 965
18/02/2022 15:15:35 distance: 47.88634309989352
18/02/2022 15:15:35 Pilot control
18/02/2022 15:15:36 -------------Check stall condition-------------
18/02/2022 15:15:36 Alt: -0.401
18/02/2022 15:15:36 ch8: 965
18/02/2022 15:15:36 distance: 47.83277024238015
18/02/2022 15:15:36 Pilot control
18/02/2022 15:15:36 -------------Check stall condition-------------
18/02/2022 15:15:36 Alt: -0.507
18/02/2022 15:15:36 ch8: 965
18/02/2022 15:15:36 distance: 47.802476673795546
18/02/2022 15:15:36 Pilot control
18/02/2022 15:15:36 -------------Check stall condition-------------
18/02/2022 15:15:36 Alt: -0.553
18/02/2022 15:15:36 ch8: 965
18/02/2022 15:15:36 distance: 47.77147778031805
18/02/2022 15:15:36 Pilot control
18/02/2022 15:15:37 -------------Check stall condition-------------
18/02/2022 15:15:37 Alt: -0.6
18/02/2022 15:15:37 ch8: 965
18/02/2022 15:15:37 distance: 47.76539311169408
18/02/2022 15:15:37 Pilot control
18/02/2022 15:15:37 -------------Check stall condition-------------
18/02/2022 15:15:37 Alt: -0.632
18/02/2022 15:15:37 ch8: 965
18/02/2022 15:15:37 distance: 47.76405440630469
18/02/2022 15:15:37 Pilot control
18/02/2022 15:15:37 -------------Check stall condition-------------
18/02/2022 15:15:37 Alt: -0.651
18/02/2022 15:15:37 ch8: 965
18/02/2022 15:15:37 distance: 47.76405440630469
18/02/2022 15:15:37 Pilot control
18/02/2022 15:15:37 -------------Check stall condition-------------
18/02/2022 15:15:37 Alt: -0.655
18/02/2022 15:15:37 ch8: 965
18/02/2022 15:15:37 distance: 47.74860339664224
18/02/2022 15:15:37 Pilot control
18/02/2022 15:15:37 -------------Check stall condition-------------
18/02/2022 15:15:37 Alt: -0.653
18/02/2022 15:15:37 ch8: 965
18/02/2022 15:15:38 distance: 47.7479636599959
18/02/2022 15:15:38 Pilot control
18/02/2022 15:15:38 -------------Check stall condition-------------
18/02/2022 15:15:38 Alt: -0.65
18/02/2022 15:15:38 ch8: 965
18/02/2022 15:15:38 distance: 47.742609255551756
18/02/2022 15:15:38 Pilot control
18/02/2022 15:15:38 -------------Check stall condition-------------
18/02/2022 15:15:38 Alt: -0.643
18/02/2022 15:15:38 ch8: 965
18/02/2022 15:15:38 distance: 47.752066654292136
18/02/2022 15:15:38 Pilot control
18/02/2022 15:15:38 -------------Check stall condition-------------
18/02/2022 15:15:38 Alt: -0.632
18/02/2022 15:15:38 ch8: 965
18/02/2022 15:15:38 distance: 47.7467230900058
18/02/2022 15:15:38 Pilot control
18/02/2022 15:15:38 -------------Check stall condition-------------
18/02/2022 15:15:38 Alt: -0.628
18/02/2022 15:15:38 ch8: 965
18/02/2022 15:15:38 distance: 47.75145810386383
18/02/2022 15:15:39 Pilot control
18/02/2022 15:15:39 -------------Check stall condition-------------
18/02/2022 15:15:39 Alt: -0.641
18/02/2022 15:15:39 ch8: 965
18/02/2022 15:15:39 distance: 47.75619524318378
18/02/2022 15:15:39 Pilot control
18/02/2022 15:15:39 -------------Check stall condition-------------
18/02/2022 15:15:39 Alt: -0.641
18/02/2022 15:15:39 ch8: 965
18/02/2022 15:15:39 distance: 47.75619524318378
18/02/2022 15:15:39 Pilot control
18/02/2022 15:15:39 -------------Check stall condition-------------
18/02/2022 15:15:39 Alt: -0.681
18/02/2022 15:15:39 ch8: 965
18/02/2022 15:15:39 distance: 47.75502754475084
18/02/2022 15:15:39 Pilot control
18/02/2022 15:15:40 -------------Check stall condition-------------
18/02/2022 15:15:40 Alt: -0.713
18/02/2022 15:15:40 ch8: 965
18/02/2022 15:15:40 distance: 47.75502754475084
18/02/2022 15:15:40 Pilot control
18/02/2022 15:15:40 -------------Check stall condition-------------
18/02/2022 15:15:40 Alt: -0.454
18/02/2022 15:15:40 ch8: 965
18/02/2022 15:15:40 distance: 47.74971026530483
18/02/2022 15:15:40 Pilot control
18/02/2022 15:15:40 -------------Check stall condition-------------
18/02/2022 15:15:40 Alt: -0.454
18/02/2022 15:15:40 ch8: 965
18/02/2022 15:15:40 distance: 47.74971026530483
18/02/2022 15:15:40 Pilot control
18/02/2022 15:15:40 -------------Check stall condition-------------
18/02/2022 15:15:40 Alt: -0.201
18/02/2022 15:15:40 ch8: 965
18/02/2022 15:15:40 distance: 47.72848714822677
18/02/2022 15:15:40 Pilot control
18/02/2022 15:15:41 -------------Check stall condition-------------
18/02/2022 15:15:41 Alt: -0.238
18/02/2022 15:15:41 ch8: 965
18/02/2022 15:15:41 distance: 47.72319287815125
18/02/2022 15:15:41 Pilot control
18/02/2022 15:15:41 -------------Check stall condition-------------
18/02/2022 15:15:41 Alt: -0.277
18/02/2022 15:15:41 ch8: 965
18/02/2022 15:15:41 distance: 47.7131337029753
18/02/2022 15:15:41 Pilot control
18/02/2022 15:15:41 -------------Check stall condition-------------
18/02/2022 15:15:41 Alt: -0.277
18/02/2022 15:15:41 ch8: 965
18/02/2022 15:15:41 distance: 47.70784552153466
18/02/2022 15:15:41 Pilot control
18/02/2022 15:15:41 -------------Check stall condition-------------
18/02/2022 15:15:41 Alt: -0.314
18/02/2022 15:15:41 ch8: 965
18/02/2022 15:15:41 distance: 47.70784552153466
18/02/2022 15:15:41 Pilot control
18/02/2022 15:15:41 -------------Check stall condition-------------
18/02/2022 15:15:42 Alt: -0.352
18/02/2022 15:15:42 ch8: 965
18/02/2022 15:15:42 distance: 47.682959040865875
18/02/2022 15:15:42 Pilot control
18/02/2022 15:15:42 -------------Check stall condition-------------
18/02/2022 15:15:42 Alt: -0.391
18/02/2022 15:15:42 ch8: 965
18/02/2022 15:15:42 distance: 47.662844985800945
18/02/2022 15:15:42 Pilot control
18/02/2022 15:15:42 -------------Check stall condition-------------
18/02/2022 15:15:42 Alt: -0.391
18/02/2022 15:15:42 ch8: 965
18/02/2022 15:15:42 distance: 47.662844985800945
18/02/2022 15:15:42 Pilot control
18/02/2022 15:15:42 -------------Check stall condition-------------
18/02/2022 15:15:42 Alt: -0.431
18/02/2022 15:15:42 ch8: 965
18/02/2022 15:15:42 distance: 47.623128727550196
18/02/2022 15:15:42 Pilot control
18/02/2022 15:15:43 -------------Check stall condition-------------
18/02/2022 15:15:43 Alt: -0.453
18/02/2022 15:15:43 ch8: 965
18/02/2022 15:15:43 distance: 47.5585267222507
18/02/2022 15:15:43 Pilot control
18/02/2022 15:15:43 -------------Check stall condition-------------
18/02/2022 15:15:43 Alt: -0.453
18/02/2022 15:15:43 ch8: 965
18/02/2022 15:15:43 distance: 47.528870524993
18/02/2022 15:15:43 Pilot control
18/02/2022 15:15:43 -------------Check stall condition-------------
18/02/2022 15:15:43 Alt: -0.455
18/02/2022 15:15:43 ch8: 965
18/02/2022 15:15:43 distance: 47.49869620678292
18/02/2022 15:15:43 Pilot control
