01/03/2022 12:34:33 Connecting to Vehicle on: /dev/ttyACM0
01/03/2022 12:34:33 ArduPilot Ready
01/03/2022 12:34:33 AHRS: DCM active
01/03/2022 12:34:33 RCOut: PWM:1-12
01/03/2022 12:34:33 ArduPlane V4.1.4 (0f984409)
01/03/2022 12:34:33 ChibiOS: 45395b6a
01/03/2022 12:34:33 CubeBlack 00360049 3337510E 37353832
01/03/2022 12:34:33 RCOut: PWM:1-12
01/03/2022 12:34:33 IMU0: fast sampling enabled 8.0kHz/1.0kHz
01/03/2022 12:34:33 IMU2: fast sampling enabled 8.0kHz/1.0kHz
01/03/2022 12:34:45 -------------Check stall condition-------------
01/03/2022 12:34:45 Alt: -0.08
01/03/2022 12:34:45 distance: 45.4578967731125
01/03/2022 12:34:45 Mode: STABILIZE
01/03/2022 12:34:45 Pilot control
01/03/2022 12:34:46 ch7: 965
01/03/2022 12:34:46 -------------Check stall condition-------------
01/03/2022 12:34:46 Alt: 0.01
01/03/2022 12:34:46 distance: 45.232499160069274
01/03/2022 12:34:46 Mode: STABILIZE
01/03/2022 12:34:46 Pilot control
01/03/2022 12:34:47 ch7: 965
01/03/2022 12:34:47 -------------Check stall condition-------------
01/03/2022 12:34:47 Alt: 0.007
01/03/2022 12:34:47 distance: 45.214590763197435
01/03/2022 12:34:47 Mode: STABILIZE
01/03/2022 12:34:47 Pilot control
01/03/2022 12:34:47 ch7: 965
01/03/2022 12:34:47 -------------Check stall condition-------------
01/03/2022 12:34:47 Alt: -0.007
01/03/2022 12:34:47 distance: 45.21206238225051
01/03/2022 12:34:47 Mode: STABILIZE
01/03/2022 12:34:47 Pilot control
01/03/2022 12:34:47 ch7: 965
01/03/2022 12:34:47 -------------Check stall condition-------------
01/03/2022 12:34:47 Alt: -0.029
01/03/2022 12:34:47 distance: 45.20014351559909
01/03/2022 12:34:47 Mode: STABILIZE
01/03/2022 12:34:47 Pilot control
01/03/2022 12:34:47 ch7: 965
01/03/2022 12:34:47 -------------Check stall condition-------------
01/03/2022 12:34:48 Alt: -0.051
01/03/2022 12:34:48 distance: 45.20359230643474
01/03/2022 12:34:48 Mode: STABILIZE
01/03/2022 12:34:48 Pilot control
01/03/2022 12:34:48 ch7: 965
01/03/2022 12:34:48 -------------Check stall condition-------------
01/03/2022 12:34:48 Alt: -0.098
01/03/2022 12:34:48 distance: 45.194187016513425
01/03/2022 12:34:48 Mode: STABILIZE
01/03/2022 12:34:48 Pilot control
01/03/2022 12:34:48 ch7: 965
01/03/2022 12:34:48 -------------Check stall condition-------------
01/03/2022 12:34:48 Alt: -0.126
01/03/2022 12:34:48 distance: 45.17537879288631
01/03/2022 12:34:48 Mode: STABILIZE
01/03/2022 12:34:48 Pilot control
01/03/2022 12:34:48 ch7: 965
01/03/2022 12:34:48 -------------Check stall condition-------------
01/03/2022 12:34:48 Alt: -0.14
01/03/2022 12:34:48 distance: 45.15657371370317
01/03/2022 12:34:48 Mode: STABILIZE
01/03/2022 12:34:48 Pilot control
01/03/2022 12:34:49 ch7: 965
01/03/2022 12:34:49 -------------Check stall condition-------------
01/03/2022 12:34:49 Alt: -0.148
01/03/2022 12:34:49 distance: 45.12837199417845
01/03/2022 12:34:49 Mode: STABILIZE
01/03/2022 12:34:49 Pilot control
01/03/2022 12:34:49 ch7: 965
01/03/2022 12:34:49 -------------Check stall condition-------------
01/03/2022 12:34:49 Alt: -0.15
01/03/2022 12:34:49 distance: 45.08481254206535
01/03/2022 12:34:49 Mode: STABILIZE
01/03/2022 12:34:49 Pilot control
01/03/2022 12:34:49 ch7: 965
01/03/2022 12:34:49 -------------Check stall condition-------------
01/03/2022 12:34:49 Alt: -0.139
01/03/2022 12:34:49 distance: 45.00113058309548
01/03/2022 12:34:49 Mode: STABILIZE
01/03/2022 12:34:49 Pilot control
01/03/2022 12:34:50 ch7: 965
01/03/2022 12:34:50 -------------Check stall condition-------------
01/03/2022 12:34:50 Alt: -0.115
01/03/2022 12:34:50 distance: 44.92087633240902
01/03/2022 12:34:50 Mode: STABILIZE
01/03/2022 12:34:50 Pilot control
01/03/2022 12:34:50 ch7: 965
01/03/2022 12:34:50 -------------Check stall condition-------------
01/03/2022 12:34:50 Alt: -0.08
01/03/2022 12:34:50 distance: 44.84748634147723
01/03/2022 12:34:50 Mode: STABILIZE
01/03/2022 12:34:50 Pilot control
01/03/2022 12:34:51 ch7: 965
01/03/2022 12:34:51 -------------Check stall condition-------------
01/03/2022 12:34:51 Alt: -0.068
01/03/2022 12:34:51 distance: 44.80139819310324
01/03/2022 12:34:51 Mode: STABILIZE
01/03/2022 12:34:51 Pilot control
01/03/2022 12:34:51 ch7: 965
01/03/2022 12:34:51 -------------Check stall condition-------------
01/03/2022 12:34:51 Alt: -0.051
01/03/2022 12:34:51 distance: 44.70077734672083
01/03/2022 12:34:51 Mode: STABILIZE
01/03/2022 12:34:51 Pilot control
01/03/2022 12:34:52 ch7: 965
01/03/2022 12:34:52 -------------Check stall condition-------------
01/03/2022 12:34:52 Alt: -0.019
01/03/2022 12:34:52 distance: 44.622543419427025
01/03/2022 12:34:52 Mode: STABILIZE
01/03/2022 12:34:52 Pilot control
01/03/2022 12:34:52 ch7: 965
01/03/2022 12:34:52 -------------Check stall condition-------------
01/03/2022 12:34:52 Alt: 0.17
01/03/2022 12:34:52 distance: 44.57515240101916
01/03/2022 12:34:52 Mode: STABILIZE
01/03/2022 12:34:52 Pilot control
01/03/2022 12:34:52 ch7: 965
01/03/2022 12:34:52 -------------Check stall condition-------------
01/03/2022 12:34:52 Alt: 0.321
01/03/2022 12:34:52 distance: 44.57405844646636
01/03/2022 12:34:52 Mode: STABILIZE
01/03/2022 12:34:52 Pilot control
01/03/2022 12:34:53 ch7: 965
01/03/2022 12:34:53 -------------Check stall condition-------------
01/03/2022 12:34:53 Alt: 0.411
01/03/2022 12:34:53 distance: 44.53287727233396
01/03/2022 12:34:53 Mode: STABILIZE
01/03/2022 12:34:53 Pilot control
01/03/2022 12:34:53 ch7: 965
01/03/2022 12:34:53 -------------Check stall condition-------------
01/03/2022 12:34:53 Alt: 0.479
01/03/2022 12:34:53 distance: 44.46696129386228
01/03/2022 12:34:53 Mode: STABILIZE
01/03/2022 12:34:53 Pilot control
01/03/2022 12:34:53 ch7: 965
01/03/2022 12:34:53 -------------Check stall condition-------------
01/03/2022 12:34:53 Alt: 0.496
01/03/2022 12:34:53 distance: 44.40953992636614
01/03/2022 12:34:53 Mode: STABILIZE
01/03/2022 12:34:53 Pilot control
01/03/2022 12:34:54 ch7: 965
01/03/2022 12:34:54 -------------Check stall condition-------------
01/03/2022 12:34:54 Alt: 0.523
01/03/2022 12:34:54 distance: 44.398350414279804
01/03/2022 12:34:54 Mode: STABILIZE
01/03/2022 12:34:54 Pilot control
01/03/2022 12:34:54 ch7: 965
01/03/2022 12:34:54 -------------Check stall condition-------------
01/03/2022 12:34:54 Alt: 0.61
01/03/2022 12:34:54 distance: 44.38895875989072
01/03/2022 12:34:54 Mode: STABILIZE
01/03/2022 12:34:54 Pilot control
01/03/2022 12:34:54 ch7: 965
01/03/2022 12:34:54 -------------Check stall condition-------------
01/03/2022 12:34:54 Alt: 0.652
01/03/2022 12:34:54 distance: 44.417136136781075
01/03/2022 12:34:54 Mode: STABILIZE
01/03/2022 12:34:54 Pilot control
01/03/2022 12:34:55 ch7: 965
01/03/2022 12:34:55 -------------Check stall condition-------------
01/03/2022 12:34:55 Alt: 0.666
01/03/2022 12:34:55 distance: 44.415498422567886
01/03/2022 12:34:55 Mode: STABILIZE
01/03/2022 12:34:55 Pilot control
01/03/2022 12:34:55 ch7: 965
01/03/2022 12:34:55 -------------Check stall condition-------------
01/03/2022 12:34:55 Alt: 0.682
01/03/2022 12:34:55 distance: 44.43775444831404
01/03/2022 12:34:55 Mode: STABILIZE
01/03/2022 12:34:55 Pilot control
01/03/2022 12:34:55 ch7: 965
01/03/2022 12:34:55 -------------Check stall condition-------------
01/03/2022 12:34:55 Alt: 0.683
01/03/2022 12:34:55 distance: 44.48231667002065
01/03/2022 12:34:55 Mode: STABILIZE
01/03/2022 12:34:55 Pilot control
01/03/2022 12:34:55 ch7: 965
01/03/2022 12:34:55 -------------Check stall condition-------------
01/03/2022 12:34:55 Alt: 0.689
01/03/2022 12:34:55 distance: 44.608257229408444
01/03/2022 12:34:55 Mode: STABILIZE
01/03/2022 12:34:55 Pilot control
01/03/2022 12:34:56 ch7: 965
01/03/2022 12:34:56 -------------Check stall condition-------------
01/03/2022 12:34:56 Alt: 0.699
01/03/2022 12:34:56 distance: 44.72495148373859
01/03/2022 12:34:56 Mode: STABILIZE
01/03/2022 12:34:56 Pilot control
01/03/2022 12:34:56 ch7: 965
01/03/2022 12:34:56 -------------Check stall condition-------------
01/03/2022 12:34:56 Alt: 0.679
01/03/2022 12:34:56 distance: 44.78174427530116
01/03/2022 12:34:56 Mode: STABILIZE
01/03/2022 12:34:56 Pilot control
01/03/2022 12:34:56 ch7: 965
01/03/2022 12:34:56 -------------Check stall condition-------------
01/03/2022 12:34:56 Alt: 0.65
01/03/2022 12:34:56 distance: 44.79251017934723
01/03/2022 12:34:56 Mode: STABILIZE
01/03/2022 12:34:56 Pilot control
01/03/2022 12:34:57 ch7: 965
01/03/2022 12:34:57 -------------Check stall condition-------------
01/03/2022 12:34:57 Alt: 0.681
01/03/2022 12:34:57 distance: 44.79746892910445
01/03/2022 12:34:57 Mode: STABILIZE
01/03/2022 12:34:57 Pilot control
01/03/2022 12:34:57 ch7: 965
01/03/2022 12:34:57 -------------Check stall condition-------------
01/03/2022 12:34:57 Alt: 0.732
01/03/2022 12:34:57 distance: 44.85718532924133
01/03/2022 12:34:57 Mode: STABILIZE
01/03/2022 12:34:57 Pilot control
01/03/2022 12:34:58 ch7: 965
01/03/2022 12:34:58 -------------Check stall condition-------------
01/03/2022 12:34:58 Alt: 0.669
01/03/2022 12:34:58 distance: 44.90613866467934
01/03/2022 12:34:58 Mode: STABILIZE
01/03/2022 12:34:58 Pilot control
01/03/2022 12:34:58 ch7: 965
01/03/2022 12:34:58 -------------Check stall condition-------------
01/03/2022 12:34:58 Alt: 0.167
01/03/2022 12:34:58 distance: 44.96680206295006
01/03/2022 12:34:58 Mode: STABILIZE
01/03/2022 12:34:58 Pilot control
01/03/2022 12:34:58 ch7: 965
01/03/2022 12:34:58 -------------Check stall condition-------------
01/03/2022 12:34:58 Alt: -0.025
01/03/2022 12:34:58 distance: 45.00271669430902
01/03/2022 12:34:58 Mode: STABILIZE
01/03/2022 12:34:58 Pilot control
01/03/2022 12:34:58 ch7: 965
01/03/2022 12:34:58 -------------Check stall condition-------------
01/03/2022 12:34:58 Alt: -0.134
01/03/2022 12:34:58 distance: 45.06348932339214
01/03/2022 12:34:58 Mode: STABILIZE
01/03/2022 12:34:58 Pilot control
01/03/2022 12:34:59 ch7: 965
01/03/2022 12:34:59 -------------Check stall condition-------------
01/03/2022 12:34:59 Alt: -0.212
01/03/2022 12:34:59 distance: 45.113103295425425
01/03/2022 12:34:59 Mode: STABILIZE
01/03/2022 12:34:59 Pilot control
01/03/2022 12:34:59 ch7: 965
01/03/2022 12:34:59 -------------Check stall condition-------------
01/03/2022 12:34:59 Alt: -0.271
01/03/2022 12:34:59 distance: 45.162717640776464
01/03/2022 12:34:59 Mode: STABILIZE
01/03/2022 12:34:59 Pilot control
01/03/2022 12:34:59 ch7: 965
01/03/2022 12:34:59 -------------Check stall condition-------------
01/03/2022 12:34:59 Alt: -0.304
01/03/2022 12:34:59 distance: 45.319397569070716
01/03/2022 12:34:59 Mode: STABILIZE
01/03/2022 12:34:59 Pilot control
01/03/2022 12:34:59 ch7: 965
01/03/2022 12:34:59 -------------Check stall condition-------------
01/03/2022 12:34:59 Alt: -0.316
01/03/2022 12:34:59 distance: 45.4281349658825
01/03/2022 12:34:59 Mode: STABILIZE
01/03/2022 12:34:59 Pilot control
01/03/2022 12:35:00 ch7: 965
01/03/2022 12:35:00 -------------Check stall condition-------------
01/03/2022 12:35:00 Alt: -0.316
01/03/2022 12:35:00 distance: 45.4281349658825
01/03/2022 12:35:00 Mode: STABILIZE
01/03/2022 12:35:00 Pilot control
01/03/2022 12:35:00 ch7: 965
01/03/2022 12:35:00 -------------Check stall condition-------------
01/03/2022 12:35:00 Alt: -0.273
01/03/2022 12:35:00 distance: 45.68946383944464
01/03/2022 12:35:00 Mode: STABILIZE
01/03/2022 12:35:00 Pilot control
01/03/2022 12:35:01 ch7: 965
01/03/2022 12:35:01 -------------Check stall condition-------------
01/03/2022 12:35:01 Alt: -0.457
01/03/2022 12:35:01 distance: 45.647668252151256
01/03/2022 12:35:01 Mode: STABILIZE
01/03/2022 12:35:01 Pilot control
01/03/2022 12:35:01 ch7: 965
01/03/2022 12:35:01 -------------Check stall condition-------------
01/03/2022 12:35:01 Alt: -1.258
01/03/2022 12:35:01 distance: 44.895833358395
01/03/2022 12:35:01 Mode: STABILIZE
01/03/2022 12:35:02 Pilot control
01/03/2022 12:35:02 ch7: 965
01/03/2022 12:35:02 -------------Check stall condition-------------
01/03/2022 12:35:02 Alt: -1.318
01/03/2022 12:35:02 distance: 44.66270412083489
01/03/2022 12:35:02 Mode: STABILIZE
01/03/2022 12:35:02 Pilot control
01/03/2022 12:35:02 ch7: 965
01/03/2022 12:35:03 -------------Check stall condition-------------
01/03/2022 12:35:03 Alt: -1.103
01/03/2022 12:35:03 distance: 44.58934081209089
01/03/2022 12:35:03 Mode: STABILIZE
01/03/2022 12:35:03 Pilot control
01/03/2022 12:35:03 ch7: 965
01/03/2022 12:35:03 -------------Check stall condition-------------
01/03/2022 12:35:03 Alt: -0.883
01/03/2022 12:35:03 distance: 44.461855592050995
01/03/2022 12:35:03 Mode: STABILIZE
01/03/2022 12:35:03 Pilot control
01/03/2022 12:35:03 ch7: 965
01/03/2022 12:35:03 -------------Check stall condition-------------
01/03/2022 12:35:03 Alt: -0.806
01/03/2022 12:35:03 distance: 44.42406855011222
01/03/2022 12:35:03 Mode: STABILIZE
01/03/2022 12:35:03 Pilot control
01/03/2022 12:35:04 ch7: 965
01/03/2022 12:35:04 -------------Check stall condition-------------
01/03/2022 12:35:04 Alt: -0.307
01/03/2022 12:35:04 distance: 44.237612970927266
01/03/2022 12:35:04 Mode: STABILIZE
01/03/2022 12:35:04 Pilot control
01/03/2022 12:35:05 ch7: 965
01/03/2022 12:35:05 -------------Check stall condition-------------
01/03/2022 12:35:05 Alt: -0.07
01/03/2022 12:35:05 distance: 44.00988662479506
01/03/2022 12:35:05 Mode: STABILIZE
01/03/2022 12:35:05 Pilot control
01/03/2022 12:35:05 ch7: 965
01/03/2022 12:35:05 -------------Check stall condition-------------
01/03/2022 12:35:05 Alt: -0.209
01/03/2022 12:35:05 distance: 43.67484073234625
01/03/2022 12:35:05 Mode: STABILIZE
01/03/2022 12:35:05 Pilot control
01/03/2022 12:35:06 ch7: 965
01/03/2022 12:35:06 -------------Check stall condition-------------
01/03/2022 12:35:06 Alt: -0.283
01/03/2022 12:35:06 distance: 43.457930910337026
01/03/2022 12:35:06 Mode: STABILIZE
01/03/2022 12:35:06 Pilot control
01/03/2022 12:35:06 ch7: 965
01/03/2022 12:35:06 -------------Check stall condition-------------
01/03/2022 12:35:07 Alt: -0.238
01/03/2022 12:35:07 distance: 43.3483693221816
01/03/2022 12:35:07 Mode: STABILIZE
01/03/2022 12:35:07 Pilot control
01/03/2022 12:35:07 ch7: 965
01/03/2022 12:35:07 -------------Check stall condition-------------
01/03/2022 12:35:07 Alt: -0.192
01/03/2022 12:35:07 distance: 43.22666194360477
01/03/2022 12:35:07 Mode: STABILIZE
01/03/2022 12:35:07 Pilot control
01/03/2022 12:35:07 ch7: 965
01/03/2022 12:35:07 -------------Check stall condition-------------
01/03/2022 12:35:07 Alt: -0.19
01/03/2022 12:35:07 distance: 43.144217110321996
01/03/2022 12:35:07 Mode: STABILIZE
01/03/2022 12:35:07 Pilot control
01/03/2022 12:35:08 ch7: 965
01/03/2022 12:35:08 -------------Check stall condition-------------
01/03/2022 12:35:08 Alt: -0.165
01/03/2022 12:35:08 distance: 42.97111499640118
01/03/2022 12:35:08 Mode: STABILIZE
01/03/2022 12:35:08 Pilot control
01/03/2022 12:35:08 ch7: 965
01/03/2022 12:35:08 -------------Check stall condition-------------
01/03/2022 12:35:08 Alt: -0.179
01/03/2022 12:35:08 distance: 42.879723758456386
01/03/2022 12:35:08 Mode: STABILIZE
01/03/2022 12:35:08 Pilot control
01/03/2022 12:35:09 ch7: 965
01/03/2022 12:35:09 -------------Check stall condition-------------
01/03/2022 12:35:09 Alt: -0.196
01/03/2022 12:35:09 distance: 42.66791485260595
01/03/2022 12:35:09 Mode: STABILIZE
01/03/2022 12:35:09 Pilot control
01/03/2022 12:35:09 ch7: 965
01/03/2022 12:35:09 -------------Check stall condition-------------
01/03/2022 12:35:09 Alt: -0.185
01/03/2022 12:35:09 distance: 42.60962935879007
01/03/2022 12:35:09 Mode: STABILIZE
01/03/2022 12:35:09 Pilot control
01/03/2022 12:35:09 ch7: 965
01/03/2022 12:35:09 -------------Check stall condition-------------
01/03/2022 12:35:09 Alt: -0.178
01/03/2022 12:35:09 distance: 42.573474402356744
01/03/2022 12:35:09 Mode: STABILIZE
01/03/2022 12:35:10 Pilot control
01/03/2022 12:35:10 ch7: 965
01/03/2022 12:35:10 -------------Check stall condition-------------
01/03/2022 12:35:10 Alt: 0.0
01/03/2022 12:35:10 distance: 42.43895306004037
01/03/2022 12:35:10 Mode: STABILIZE
01/03/2022 12:35:10 Pilot control
01/03/2022 12:35:11 ch7: 965
01/03/2022 12:35:11 -------------Check stall condition-------------
01/03/2022 12:35:11 Alt: 0.183
01/03/2022 12:35:11 distance: 42.169356187538895
01/03/2022 12:35:11 Mode: STABILIZE
01/03/2022 12:35:11 Pilot control
01/03/2022 12:35:11 ch7: 965
01/03/2022 12:35:11 -------------Check stall condition-------------
01/03/2022 12:35:11 Alt: 0.197
01/03/2022 12:35:11 distance: 41.71871847483578
01/03/2022 12:35:11 Mode: STABILIZE
01/03/2022 12:35:11 Pilot control
01/03/2022 12:35:12 ch7: 965
01/03/2022 12:35:12 -------------Check stall condition-------------
01/03/2022 12:35:12 Alt: 0.172
01/03/2022 12:35:12 distance: 41.25328400609311
01/03/2022 12:35:12 Mode: STABILIZE
01/03/2022 12:35:12 Pilot control
01/03/2022 12:35:12 ch7: 965
01/03/2022 12:35:12 -------------Check stall condition-------------
01/03/2022 12:35:12 Alt: 0.121
01/03/2022 12:35:12 distance: 41.13525906601118
01/03/2022 12:35:12 Mode: STABILIZE
01/03/2022 12:35:12 Pilot control
01/03/2022 12:35:13 ch7: 965
01/03/2022 12:35:13 -------------Check stall condition-------------
01/03/2022 12:35:13 Alt: 0.097
01/03/2022 12:35:13 distance: 40.93513635335061
01/03/2022 12:35:13 Mode: STABILIZE
01/03/2022 12:35:13 Pilot control
01/03/2022 12:35:13 ch7: 965
01/03/2022 12:35:13 -------------Check stall condition-------------
01/03/2022 12:35:13 Alt: 0.125
01/03/2022 12:35:13 distance: 40.74936169731015
01/03/2022 12:35:13 Mode: STABILIZE
01/03/2022 12:35:13 Pilot control
01/03/2022 12:35:13 ch7: 965
01/03/2022 12:35:13 -------------Check stall condition-------------
01/03/2022 12:35:13 Alt: 0.173
01/03/2022 12:35:13 distance: 40.306700388845606
01/03/2022 12:35:13 Mode: STABILIZE
01/03/2022 12:35:13 Pilot control
01/03/2022 12:35:14 ch7: 965
01/03/2022 12:35:14 -------------Check stall condition-------------
01/03/2022 12:35:14 Alt: 0.198
01/03/2022 12:35:14 distance: 40.07490249692163
01/03/2022 12:35:14 Mode: STABILIZE
01/03/2022 12:35:14 Pilot control
01/03/2022 12:35:14 ch7: 965
01/03/2022 12:35:14 -------------Check stall condition-------------
01/03/2022 12:35:14 Alt: 0.237
01/03/2022 12:35:14 distance: 39.61005607304229
01/03/2022 12:35:14 Mode: STABILIZE
01/03/2022 12:35:14 Pilot control
01/03/2022 12:35:15 ch7: 965
01/03/2022 12:35:15 -------------Check stall condition-------------
01/03/2022 12:35:15 Alt: 0.336
01/03/2022 12:35:15 distance: 39.269961821457045
01/03/2022 12:35:15 Mode: STABILIZE
01/03/2022 12:35:15 Pilot control
01/03/2022 12:35:15 ch7: 965
01/03/2022 12:35:15 -------------Check stall condition-------------
01/03/2022 12:35:15 Alt: 0.325
01/03/2022 12:35:15 distance: 39.012706136028676
01/03/2022 12:35:15 Mode: STABILIZE
01/03/2022 12:35:15 Pilot control
01/03/2022 12:35:16 ch7: 965
01/03/2022 12:35:16 -------------Check stall condition-------------
01/03/2022 12:35:16 Alt: 0.326
01/03/2022 12:35:16 distance: 38.727338898819895
01/03/2022 12:35:16 Mode: STABILIZE
01/03/2022 12:35:16 Pilot control
01/03/2022 12:35:16 ch7: 965
01/03/2022 12:35:16 -------------Check stall condition-------------
01/03/2022 12:35:16 Alt: -6.161
01/03/2022 12:35:16 distance: 38.50806841134694
01/03/2022 12:35:16 Mode: STABILIZE
01/03/2022 12:35:16 Pilot control
01/03/2022 12:35:17 ch7: 965
01/03/2022 12:35:17 -------------Check stall condition-------------
01/03/2022 12:35:17 Alt: -6.099
01/03/2022 12:35:17 distance: 38.507609838712476
01/03/2022 12:35:17 Mode: STABILIZE
01/03/2022 12:35:17 Pilot control
01/03/2022 12:35:17 ch7: 965
01/03/2022 12:35:17 -------------Check stall condition-------------
01/03/2022 12:35:17 Alt: -6.041
01/03/2022 12:35:17 distance: 38.778091502320414
01/03/2022 12:35:17 Mode: STABILIZE
01/03/2022 12:35:17 Pilot control
01/03/2022 12:35:17 ch7: 965
01/03/2022 12:35:17 -------------Check stall condition-------------
01/03/2022 12:35:17 Alt: -6.012
01/03/2022 12:35:17 distance: 38.93747022408646
01/03/2022 12:35:17 Mode: STABILIZE
01/03/2022 12:35:17 Pilot control
01/03/2022 12:35:18 ch7: 965
01/03/2022 12:35:18 -------------Check stall condition-------------
01/03/2022 12:35:18 Alt: -5.961
01/03/2022 12:35:18 distance: 39.12172064899659
01/03/2022 12:35:18 Mode: STABILIZE
01/03/2022 12:35:18 Pilot control
01/03/2022 12:35:18 ch7: 965
01/03/2022 12:35:18 -------------Check stall condition-------------
01/03/2022 12:35:18 Alt: -5.944
01/03/2022 12:35:18 distance: 39.61660193158709
01/03/2022 12:35:18 Mode: STABILIZE
01/03/2022 12:35:18 Pilot control
01/03/2022 12:35:19 ch7: 965
01/03/2022 12:35:19 -------------Check stall condition-------------
01/03/2022 12:35:19 Alt: -5.993
01/03/2022 12:35:19 distance: 39.94094794630376
01/03/2022 12:35:19 Mode: STABILIZE
01/03/2022 12:35:19 Pilot control
01/03/2022 12:35:19 ch7: 965
01/03/2022 12:35:19 -------------Check stall condition-------------
01/03/2022 12:35:19 Alt: -6.034
01/03/2022 12:35:19 distance: 40.69330876646551
01/03/2022 12:35:19 Mode: STABILIZE
01/03/2022 12:35:19 Pilot control
01/03/2022 12:35:20 ch7: 965
01/03/2022 12:35:20 -------------Check stall condition-------------
01/03/2022 12:35:20 Alt: -5.981
01/03/2022 12:35:20 distance: 40.9537723153569
01/03/2022 12:35:20 Mode: STABILIZE
01/03/2022 12:35:20 Pilot control
01/03/2022 12:35:20 ch7: 965
01/03/2022 12:35:20 -------------Check stall condition-------------
01/03/2022 12:35:20 Alt: -5.981
01/03/2022 12:35:20 distance: 40.99974409790604
01/03/2022 12:35:20 Mode: STABILIZE
01/03/2022 12:35:20 Pilot control
01/03/2022 12:35:21 ch7: 965
01/03/2022 12:35:21 -------------Check stall condition-------------
01/03/2022 12:35:21 Alt: -5.998
01/03/2022 12:35:21 distance: 41.20273211549533
01/03/2022 12:35:21 Mode: STABILIZE
01/03/2022 12:35:21 Pilot control
01/03/2022 12:35:21 ch7: 965
01/03/2022 12:35:21 -------------Check stall condition-------------
01/03/2022 12:35:21 Alt: -6.024
01/03/2022 12:35:22 distance: 41.200904973552845
01/03/2022 12:35:22 Mode: STABILIZE
01/03/2022 12:35:22 Pilot control
01/03/2022 12:35:22 ch7: 965
01/03/2022 12:35:22 -------------Check stall condition-------------
01/03/2022 12:35:22 Alt: -1.874
01/03/2022 12:35:22 distance: 41.161278908494516
01/03/2022 12:35:22 Mode: STABILIZE
01/03/2022 12:35:22 Pilot control
01/03/2022 12:35:22 ch7: 965
01/03/2022 12:35:22 -------------Check stall condition-------------
01/03/2022 12:35:22 Alt: -1.931
01/03/2022 12:35:22 distance: 41.092392837328134
01/03/2022 12:35:22 Mode: STABILIZE
01/03/2022 12:35:22 Pilot control
01/03/2022 12:35:22 ch7: 965
01/03/2022 12:35:22 -------------Check stall condition-------------
01/03/2022 12:35:22 Alt: -1.972
01/03/2022 12:35:22 distance: 40.97943565605262
01/03/2022 12:35:22 Mode: STABILIZE
01/03/2022 12:35:22 Pilot control
01/03/2022 12:35:23 ch7: 965
01/03/2022 12:35:23 -------------Check stall condition-------------
01/03/2022 12:35:23 Alt: -2.014
01/03/2022 12:35:23 distance: 40.54935451128441
01/03/2022 12:35:23 Mode: STABILIZE
01/03/2022 12:35:23 Pilot control
01/03/2022 12:35:23 ch7: 965
01/03/2022 12:35:23 -------------Check stall condition-------------
01/03/2022 12:35:23 Alt: -2.009
01/03/2022 12:35:23 distance: 40.41422980226438
01/03/2022 12:35:23 Mode: STABILIZE
01/03/2022 12:35:23 Pilot control
01/03/2022 12:35:23 ch7: 965
01/03/2022 12:35:23 -------------Check stall condition-------------
01/03/2022 12:35:24 Alt: -1.971
01/03/2022 12:35:24 distance: 40.277782645471554
01/03/2022 12:35:24 Mode: STABILIZE
01/03/2022 12:35:24 Pilot control
01/03/2022 12:35:24 ch7: 965
01/03/2022 12:35:24 -------------Check stall condition-------------
01/03/2022 12:35:24 Alt: -1.949
01/03/2022 12:35:24 distance: 40.22546575455007
01/03/2022 12:35:24 Mode: STABILIZE
01/03/2022 12:35:24 Pilot control
01/03/2022 12:35:24 ch7: 965
01/03/2022 12:35:25 -------------Check stall condition-------------
01/03/2022 12:35:25 Alt: -1.935
01/03/2022 12:35:25 distance: 40.23817448229917
01/03/2022 12:35:25 Mode: STABILIZE
01/03/2022 12:35:25 Pilot control
01/03/2022 12:35:25 ch7: 965
01/03/2022 12:35:25 -------------Check stall condition-------------
01/03/2022 12:35:25 Alt: -1.881
01/03/2022 12:35:25 distance: 40.27380435033879
01/03/2022 12:35:25 Mode: STABILIZE
01/03/2022 12:35:25 Pilot control
01/03/2022 12:35:25 ch7: 965
01/03/2022 12:35:25 -------------Check stall condition-------------
01/03/2022 12:35:25 Alt: -1.863
01/03/2022 12:35:25 distance: 40.30944269114073
01/03/2022 12:35:25 Mode: STABILIZE
01/03/2022 12:35:26 Pilot control
01/03/2022 12:35:26 ch7: 965
01/03/2022 12:35:26 -------------Check stall condition-------------
01/03/2022 12:35:26 Alt: -1.825
01/03/2022 12:35:26 distance: 40.52235919419579
01/03/2022 12:35:26 Mode: STABILIZE
01/03/2022 12:35:26 Pilot control
01/03/2022 12:35:26 ch7: 965
01/03/2022 12:35:26 -------------Check stall condition-------------
01/03/2022 12:35:26 Alt: -1.811
01/03/2022 12:35:26 distance: 40.654308143251
01/03/2022 12:35:26 Mode: STABILIZE
01/03/2022 12:35:26 Pilot control
01/03/2022 12:35:27 ch7: 965
01/03/2022 12:35:27 -------------Check stall condition-------------
01/03/2022 12:35:27 Alt: -1.779
01/03/2022 12:35:27 distance: 40.96153744485032
01/03/2022 12:35:27 Mode: STABILIZE
01/03/2022 12:35:27 Pilot control
01/03/2022 12:35:27 ch7: 965
01/03/2022 12:35:27 -------------Check stall condition-------------
01/03/2022 12:35:27 Alt: -1.76
01/03/2022 12:35:27 distance: 41.12822124345573
01/03/2022 12:35:27 Mode: STABILIZE
01/03/2022 12:35:27 Pilot control
01/03/2022 12:35:27 ch7: 965
01/03/2022 12:35:27 -------------Check stall condition-------------
01/03/2022 12:35:27 Alt: -1.708
01/03/2022 12:35:27 distance: 41.58605249681827
01/03/2022 12:35:27 Mode: STABILIZE
01/03/2022 12:35:27 Pilot control
01/03/2022 12:35:28 ch7: 965
01/03/2022 12:35:28 -------------Check stall condition-------------
01/03/2022 12:35:28 Alt: -2.132
01/03/2022 12:35:28 distance: 42.17912454509721
01/03/2022 12:35:28 Mode: STABILIZE
01/03/2022 12:35:28 Pilot control
01/03/2022 12:35:28 ch7: 965
01/03/2022 12:35:28 -------------Check stall condition-------------
01/03/2022 12:35:28 Alt: -2.129
01/03/2022 12:35:28 distance: 42.49891600419392
01/03/2022 12:35:28 Mode: STABILIZE
01/03/2022 12:35:28 Pilot control
01/03/2022 12:35:29 ch7: 965
01/03/2022 12:35:29 -------------Check stall condition-------------
01/03/2022 12:35:29 Alt: -2.108
01/03/2022 12:35:29 distance: 42.7919064734926
01/03/2022 12:35:29 Mode: STABILIZE
01/03/2022 12:35:29 Pilot control
01/03/2022 12:35:29 ch7: 965
01/03/2022 12:35:29 -------------Check stall condition-------------
01/03/2022 12:35:29 Alt: -2.095
01/03/2022 12:35:29 distance: 43.1014283186111
01/03/2022 12:35:29 Mode: STABILIZE
01/03/2022 12:35:29 Pilot control
01/03/2022 12:35:30 ch7: 965
01/03/2022 12:35:30 -------------Check stall condition-------------
01/03/2022 12:35:30 Alt: -2.046
01/03/2022 12:35:30 distance: 43.341014672960966
01/03/2022 12:35:30 Mode: STABILIZE
01/03/2022 12:35:30 Pilot control
01/03/2022 12:35:30 ch7: 965
01/03/2022 12:35:30 -------------Check stall condition-------------
01/03/2022 12:35:30 Alt: -2.036
01/03/2022 12:35:30 distance: 43.46892347887089
01/03/2022 12:35:30 Mode: STABILIZE
01/03/2022 12:35:30 Pilot control
01/03/2022 12:35:30 ch7: 965
01/03/2022 12:35:31 -------------Check stall condition-------------
01/03/2022 12:35:31 Alt: -2.047
01/03/2022 12:35:31 distance: 43.64493345585904
01/03/2022 12:35:31 Mode: STABILIZE
01/03/2022 12:35:31 Pilot control
01/03/2022 12:35:31 ch7: 965
01/03/2022 12:35:31 -------------Check stall condition-------------
01/03/2022 12:35:31 Alt: -2.059
01/03/2022 12:35:31 distance: 43.71343843654078
01/03/2022 12:35:31 Mode: STABILIZE
01/03/2022 12:35:31 Pilot control
01/03/2022 12:35:31 ch7: 965
01/03/2022 12:35:31 -------------Check stall condition-------------
01/03/2022 12:35:31 Alt: -2.081
01/03/2022 12:35:31 distance: 43.86111625659896
01/03/2022 12:35:31 Mode: STABILIZE
01/03/2022 12:35:31 Pilot control
01/03/2022 12:35:32 ch7: 965
01/03/2022 12:35:32 -------------Check stall condition-------------
01/03/2022 12:35:32 Alt: -2.109
01/03/2022 12:35:32 distance: 43.806535862461985
01/03/2022 12:35:32 Mode: STABILIZE
01/03/2022 12:35:32 Pilot control
01/03/2022 12:35:32 ch7: 965
01/03/2022 12:35:32 -------------Check stall condition-------------
01/03/2022 12:35:32 Alt: -2.146
01/03/2022 12:35:32 distance: 43.82874910925428
01/03/2022 12:35:32 Mode: STABILIZE
01/03/2022 12:35:32 Pilot control
01/03/2022 12:35:33 ch7: 965
01/03/2022 12:35:33 -------------Check stall condition-------------
01/03/2022 12:35:33 Alt: -2.151
01/03/2022 12:35:33 distance: 43.943356763625026
01/03/2022 12:35:33 Mode: STABILIZE
01/03/2022 12:35:33 Pilot control
01/03/2022 12:35:33 ch7: 965
01/03/2022 12:35:33 -------------Check stall condition-------------
01/03/2022 12:35:33 Alt: -2.137
01/03/2022 12:35:33 distance: 44.392943721033475
01/03/2022 12:35:33 Mode: STABILIZE
01/03/2022 12:35:33 Pilot control
01/03/2022 12:35:34 ch7: 965
01/03/2022 12:35:34 -------------Check stall condition-------------
01/03/2022 12:35:34 Alt: -3.238
01/03/2022 12:35:34 distance: 44.625788318980106
01/03/2022 12:35:34 Mode: STABILIZE
01/03/2022 12:35:34 Pilot control
01/03/2022 12:35:34 ch7: 965
01/03/2022 12:35:34 -------------Check stall condition-------------
01/03/2022 12:35:34 Alt: -3.25
01/03/2022 12:35:34 distance: 44.636405832253985
01/03/2022 12:35:34 Mode: STABILIZE
01/03/2022 12:35:34 Pilot control
01/03/2022 12:35:35 ch7: 965
01/03/2022 12:35:35 -------------Check stall condition-------------
01/03/2022 12:35:35 Alt: -3.211
01/03/2022 12:35:35 distance: 44.65320988098207
01/03/2022 12:35:35 Mode: STABILIZE
01/03/2022 12:35:35 Pilot control
01/03/2022 12:35:35 ch7: 965
01/03/2022 12:35:35 -------------Check stall condition-------------
01/03/2022 12:35:35 Alt: -3.195
01/03/2022 12:35:35 distance: 44.76249422016358
01/03/2022 12:35:35 Mode: STABILIZE
01/03/2022 12:35:35 Pilot control
01/03/2022 12:35:36 ch7: 965
01/03/2022 12:35:36 -------------Check stall condition-------------
01/03/2022 12:35:36 Alt: -3.167
01/03/2022 12:35:36 distance: 44.837124714215655
01/03/2022 12:35:36 Mode: STABILIZE
01/03/2022 12:35:36 Pilot control
01/03/2022 12:35:36 ch7: 965
01/03/2022 12:35:36 -------------Check stall condition-------------
01/03/2022 12:35:36 Alt: -3.172
01/03/2022 12:35:36 distance: 44.852223510911074
01/03/2022 12:35:36 Mode: STABILIZE
01/03/2022 12:35:36 Pilot control
01/03/2022 12:35:37 ch7: 965
01/03/2022 12:35:37 -------------Check stall condition-------------
01/03/2022 12:35:37 Alt: -3.169
01/03/2022 12:35:37 distance: 44.994479868818246
01/03/2022 12:35:37 Mode: STABILIZE
01/03/2022 12:35:37 Pilot control
01/03/2022 12:35:37 ch7: 965
01/03/2022 12:35:37 -------------Check stall condition-------------
01/03/2022 12:35:37 Alt: -3.178
01/03/2022 12:35:37 distance: 45.161707887058625
01/03/2022 12:35:37 Mode: STABILIZE
01/03/2022 12:35:37 Pilot control
01/03/2022 12:35:38 ch7: 965
01/03/2022 12:35:38 -------------Check stall condition-------------
01/03/2022 12:35:38 Alt: -3.192
01/03/2022 12:35:38 distance: 45.304913995732655
01/03/2022 12:35:38 Mode: STABILIZE
01/03/2022 12:35:38 Pilot control
01/03/2022 12:35:38 ch7: 965
01/03/2022 12:35:38 -------------Check stall condition-------------
01/03/2022 12:35:38 Alt: -3.249
01/03/2022 12:35:38 distance: 45.428550957972256
01/03/2022 12:35:38 Mode: STABILIZE
01/03/2022 12:35:38 Pilot control
01/03/2022 12:35:39 ch7: 965
01/03/2022 12:35:39 -------------Check stall condition-------------
01/03/2022 12:35:39 Alt: -3.285
01/03/2022 12:35:39 distance: 45.45947785249594
01/03/2022 12:35:39 Mode: STABILIZE
01/03/2022 12:35:39 Pilot control
01/03/2022 12:35:39 ch7: 965
01/03/2022 12:35:39 -------------Check stall condition-------------
01/03/2022 12:35:39 Alt: -3.285
01/03/2022 12:35:39 distance: 45.553713078178816
01/03/2022 12:35:39 Mode: STABILIZE
01/03/2022 12:35:39 Pilot control
01/03/2022 12:35:39 ch7: 965
01/03/2022 12:35:39 -------------Check stall condition-------------
01/03/2022 12:35:39 Alt: -3.266
01/03/2022 12:35:39 distance: 45.71656724617985
01/03/2022 12:35:39 Mode: STABILIZE
01/03/2022 12:35:39 Pilot control
01/03/2022 12:35:39 ch7: 965
01/03/2022 12:35:39 -------------Check stall condition-------------
01/03/2022 12:35:39 Alt: -3.262
01/03/2022 12:35:40 distance: 45.80028539125143
01/03/2022 12:35:40 Mode: STABILIZE
01/03/2022 12:35:40 Pilot control
01/03/2022 12:35:40 ch7: 965
01/03/2022 12:35:40 -------------Check stall condition-------------
01/03/2022 12:35:40 Alt: 1.086
01/03/2022 12:35:40 distance: 45.96393074049498
01/03/2022 12:35:40 Mode: STABILIZE
01/03/2022 12:35:40 Pilot control
01/03/2022 12:35:41 ch7: 965
01/03/2022 12:35:41 -------------Check stall condition-------------
01/03/2022 12:35:41 Alt: 1.025
01/03/2022 12:35:41 distance: 46.157726941986006
01/03/2022 12:35:41 Mode: STABILIZE
01/03/2022 12:35:41 Pilot control
01/03/2022 12:35:41 ch7: 965
01/03/2022 12:35:41 -------------Check stall condition-------------
01/03/2022 12:35:41 Alt: 1.036
01/03/2022 12:35:41 distance: 46.371158243467775
01/03/2022 12:35:41 Mode: STABILIZE
01/03/2022 12:35:41 Pilot control
01/03/2022 12:35:41 ch7: 965
01/03/2022 12:35:41 -------------Check stall condition-------------
01/03/2022 12:35:41 Alt: 1.05
01/03/2022 12:35:41 distance: 46.49489167105266
01/03/2022 12:35:41 Mode: STABILIZE
01/03/2022 12:35:41 Pilot control
01/03/2022 12:35:42 ch7: 965
01/03/2022 12:35:42 -------------Check stall condition-------------
01/03/2022 12:35:42 Alt: 1.067
01/03/2022 12:35:42 distance: 46.65858675024658
01/03/2022 12:35:42 Mode: STABILIZE
01/03/2022 12:35:42 Pilot control
01/03/2022 12:35:42 ch7: 965
01/03/2022 12:35:42 -------------Check stall condition-------------
01/03/2022 12:35:42 Alt: 1.077
01/03/2022 12:35:42 distance: 46.71359376771166
01/03/2022 12:35:42 Mode: STABILIZE
01/03/2022 12:35:42 Pilot control
01/03/2022 12:35:43 ch7: 965
01/03/2022 12:35:43 -------------Check stall condition-------------
01/03/2022 12:35:43 Alt: 1.085
01/03/2022 12:35:43 distance: 46.67956360590529
01/03/2022 12:35:43 Mode: STABILIZE
01/03/2022 12:35:43 Pilot control
01/03/2022 12:35:43 ch7: 965
01/03/2022 12:35:43 -------------Check stall condition-------------
01/03/2022 12:35:43 Alt: 1.087
01/03/2022 12:35:43 distance: 46.6651821993137
01/03/2022 12:35:43 Mode: STABILIZE
01/03/2022 12:35:43 Pilot control
01/03/2022 12:35:43 ch7: 965
01/03/2022 12:35:43 -------------Check stall condition-------------
01/03/2022 12:35:43 Alt: 1.094
01/03/2022 12:35:43 distance: 46.6756915628413
01/03/2022 12:35:43 Mode: STABILIZE
01/03/2022 12:35:43 Pilot control
01/03/2022 12:35:44 ch7: 965
01/03/2022 12:35:44 -------------Check stall condition-------------
01/03/2022 12:35:44 Alt: 1.094
01/03/2022 12:35:44 distance: 46.690761122088084
01/03/2022 12:35:44 Mode: STABILIZE
01/03/2022 12:35:44 Pilot control
01/03/2022 12:35:44 ch7: 965
01/03/2022 12:35:44 -------------Check stall condition-------------
01/03/2022 12:35:44 Alt: 1.1
01/03/2022 12:35:44 distance: 46.690761122088084
01/03/2022 12:35:44 Mode: STABILIZE
01/03/2022 12:35:44 Pilot control
01/03/2022 12:35:44 ch7: 965
01/03/2022 12:35:44 -------------Check stall condition-------------
01/03/2022 12:35:44 Alt: 1.104
01/03/2022 12:35:44 distance: 46.7647111602366
01/03/2022 12:35:44 Mode: STABILIZE
01/03/2022 12:35:44 Pilot control
01/03/2022 12:35:45 ch7: 965
01/03/2022 12:35:45 -------------Check stall condition-------------
01/03/2022 12:35:45 Alt: 1.093
01/03/2022 12:35:45 distance: 46.7647111602366
01/03/2022 12:35:45 Mode: STABILIZE
01/03/2022 12:35:45 Pilot control
01/03/2022 12:35:45 ch7: 965
01/03/2022 12:35:45 -------------Check stall condition-------------
01/03/2022 12:35:45 Alt: 4.747
01/03/2022 12:35:45 distance: 46.82361242941456
01/03/2022 12:35:46 Mode: STABILIZE
01/03/2022 12:35:46 Pilot control
01/03/2022 12:35:46 ch7: 965
01/03/2022 12:35:46 -------------Check stall condition-------------
01/03/2022 12:35:46 Alt: 4.736
01/03/2022 12:35:46 distance: 46.91709528196835
01/03/2022 12:35:46 Mode: STABILIZE
01/03/2022 12:35:46 Pilot control
01/03/2022 12:35:47 ch7: 965
01/03/2022 12:35:47 -------------Check stall condition-------------
01/03/2022 12:35:47 Alt: 4.738
01/03/2022 12:35:47 distance: 47.302978775007965
01/03/2022 12:35:47 Mode: STABILIZE
01/03/2022 12:35:47 Pilot control
01/03/2022 12:35:47 ch7: 965
01/03/2022 12:35:47 -------------Check stall condition-------------
01/03/2022 12:35:47 Alt: 4.68
01/03/2022 12:35:47 distance: 47.86801925907112
01/03/2022 12:35:47 Mode: STABILIZE
01/03/2022 12:35:47 Pilot control
01/03/2022 12:35:48 ch7: 965
01/03/2022 12:35:48 -------------Check stall condition-------------
01/03/2022 12:35:48 Alt: 4.669
01/03/2022 12:35:48 distance: 48.509334120280734
01/03/2022 12:35:48 Mode: STABILIZE
01/03/2022 12:35:48 Pilot control
01/03/2022 12:35:48 ch7: 965
01/03/2022 12:35:48 -------------Check stall condition-------------
01/03/2022 12:35:48 Alt: 4.689
01/03/2022 12:35:48 distance: 48.90740360636502
01/03/2022 12:35:48 Mode: STABILIZE
01/03/2022 12:35:48 Pilot control
01/03/2022 12:35:48 ch7: 965
01/03/2022 12:35:48 -------------Check stall condition-------------
01/03/2022 12:35:48 Alt: 4.663
01/03/2022 12:35:48 distance: 49.34602960332625
01/03/2022 12:35:48 Mode: STABILIZE
01/03/2022 12:35:48 Pilot control
01/03/2022 12:35:49 ch7: 965
01/03/2022 12:35:49 -------------Check stall condition-------------
01/03/2022 12:35:49 Alt: 4.636
01/03/2022 12:35:49 distance: 49.64186980293672
01/03/2022 12:35:49 Mode: STABILIZE
01/03/2022 12:35:49 Pilot control
01/03/2022 12:35:49 ch7: 965
01/03/2022 12:35:49 -------------Check stall condition-------------
01/03/2022 12:35:49 Alt: 4.618
01/03/2022 12:35:49 distance: 49.96500454732999
01/03/2022 12:35:49 Mode: STABILIZE
01/03/2022 12:35:49 Pilot control
01/03/2022 12:35:50 ch7: 965
01/03/2022 12:35:50 -------------Check stall condition-------------
01/03/2022 12:35:50 Alt: 4.534
01/03/2022 12:35:50 distance: 50.69280904443661
01/03/2022 12:35:50 Mode: STABILIZE
01/03/2022 12:35:50 Pilot control
01/03/2022 12:35:51 ch7: 965
01/03/2022 12:35:51 -------------Check stall condition-------------
01/03/2022 12:35:51 Alt: 4.519
01/03/2022 12:35:51 distance: 51.17901754687701
01/03/2022 12:35:51 Mode: STABILIZE
01/03/2022 12:35:51 Pilot control
01/03/2022 12:35:51 ch7: 965
01/03/2022 12:35:51 -------------Check stall condition-------------
01/03/2022 12:35:51 Alt: 2.133
01/03/2022 12:35:51 distance: 51.442919836885146
01/03/2022 12:35:51 Mode: STABILIZE
01/03/2022 12:35:51 Pilot control
01/03/2022 12:35:51 ch7: 965
01/03/2022 12:35:51 -------------Check stall condition-------------
01/03/2022 12:35:51 Alt: 2.149
01/03/2022 12:35:51 distance: 51.89175537332584
01/03/2022 12:35:51 Mode: STABILIZE
01/03/2022 12:35:51 Pilot control
01/03/2022 12:35:52 ch7: 965
01/03/2022 12:35:52 -------------Check stall condition-------------
01/03/2022 12:35:52 Alt: 2.1
01/03/2022 12:35:52 distance: 52.0415852722062
01/03/2022 12:35:52 Mode: STABILIZE
01/03/2022 12:35:52 Pilot control
01/03/2022 12:35:52 ch7: 965
01/03/2022 12:35:52 -------------Check stall condition-------------
01/03/2022 12:35:52 Alt: 2.021
01/03/2022 12:35:52 distance: 52.12506910644495
01/03/2022 12:35:52 Mode: STABILIZE
01/03/2022 12:35:52 Pilot control
01/03/2022 12:35:52 ch7: 965
01/03/2022 12:35:52 -------------Check stall condition-------------
01/03/2022 12:35:52 Alt: 1.955
01/03/2022 12:35:52 distance: 52.18834468286726
01/03/2022 12:35:52 Mode: STABILIZE
01/03/2022 12:35:52 Pilot control
01/03/2022 12:35:53 ch7: 965
01/03/2022 12:35:53 -------------Check stall condition-------------
01/03/2022 12:35:53 Alt: 1.892
01/03/2022 12:35:53 distance: 52.3796338442543
01/03/2022 12:35:53 Mode: STABILIZE
01/03/2022 12:35:53 Pilot control
01/03/2022 12:35:53 ch7: 965
01/03/2022 12:35:53 -------------Check stall condition-------------
01/03/2022 12:35:53 Alt: 1.868
01/03/2022 12:35:53 distance: 52.68542133748414
01/03/2022 12:35:53 Mode: STABILIZE
01/03/2022 12:35:53 Pilot control
01/03/2022 12:35:54 ch7: 965
01/03/2022 12:35:54 -------------Check stall condition-------------
01/03/2022 12:35:54 Alt: 1.844
01/03/2022 12:35:54 distance: 53.42508924939025
01/03/2022 12:35:54 Mode: STABILIZE
01/03/2022 12:35:54 Pilot control
01/03/2022 12:35:54 ch7: 965
01/03/2022 12:35:54 -------------Check stall condition-------------
01/03/2022 12:35:54 Alt: 1.874
01/03/2022 12:35:54 distance: 53.86070659740025
01/03/2022 12:35:54 Mode: STABILIZE
01/03/2022 12:35:54 Pilot control
01/03/2022 12:35:55 ch7: 965
01/03/2022 12:35:55 -------------Check stall condition-------------
01/03/2022 12:35:55 Alt: 1.904
01/03/2022 12:35:55 distance: 53.96934913166102
01/03/2022 12:35:55 Mode: STABILIZE
01/03/2022 12:35:55 Pilot control
01/03/2022 12:35:55 ch7: 965
01/03/2022 12:35:55 -------------Check stall condition-------------
01/03/2022 12:35:55 Alt: 1.908
01/03/2022 12:35:55 distance: 53.89640939036395
01/03/2022 12:35:55 Mode: STABILIZE
01/03/2022 12:35:55 Pilot control
01/03/2022 12:35:56 ch7: 965
01/03/2022 12:35:56 -------------Check stall condition-------------
01/03/2022 12:35:56 Alt: 1.913
01/03/2022 12:35:56 distance: 53.726854885267265
01/03/2022 12:35:56 Mode: STABILIZE
01/03/2022 12:35:56 Pilot control
01/03/2022 12:35:56 ch7: 965
01/03/2022 12:35:56 -------------Check stall condition-------------
01/03/2022 12:35:56 Alt: 1.932
01/03/2022 12:35:56 distance: 53.51787395247286
01/03/2022 12:35:56 Mode: STABILIZE
01/03/2022 12:35:56 Pilot control
01/03/2022 12:35:56 ch7: 965
01/03/2022 12:35:56 -------------Check stall condition-------------
01/03/2022 12:35:56 Alt: 1.949
01/03/2022 12:35:56 distance: 53.27654044883575
01/03/2022 12:35:56 Mode: STABILIZE
01/03/2022 12:35:56 Pilot control
01/03/2022 12:35:56 ch7: 965
01/03/2022 12:35:56 -------------Check stall condition-------------
01/03/2022 12:35:56 Alt: 1.957
01/03/2022 12:35:56 distance: 53.086480331680576
01/03/2022 12:35:56 Mode: STABILIZE
01/03/2022 12:35:56 Pilot control
01/03/2022 12:35:57 ch7: 965
01/03/2022 12:35:57 -------------Check stall condition-------------
01/03/2022 12:35:57 Alt: 3.136
01/03/2022 12:35:57 distance: 52.6610199153523
01/03/2022 12:35:57 Mode: STABILIZE
01/03/2022 12:35:57 Pilot control
01/03/2022 12:35:57 ch7: 965
01/03/2022 12:35:57 -------------Check stall condition-------------
01/03/2022 12:35:57 Alt: 3.136
01/03/2022 12:35:57 distance: 52.6610199153523
01/03/2022 12:35:57 Mode: STABILIZE
01/03/2022 12:35:57 Pilot control
01/03/2022 12:35:58 ch7: 965
01/03/2022 12:35:58 -------------Check stall condition-------------
01/03/2022 12:35:58 Alt: 3.253
01/03/2022 12:35:58 distance: 52.32904375357069
01/03/2022 12:35:58 Mode: STABILIZE
01/03/2022 12:35:58 Pilot control
01/03/2022 12:35:58 ch7: 965
01/03/2022 12:35:58 -------------Check stall condition-------------
01/03/2022 12:35:58 Alt: 3.277
01/03/2022 12:35:58 distance: 52.13157317198015
01/03/2022 12:35:58 Mode: STABILIZE
01/03/2022 12:35:58 Pilot control
01/03/2022 12:35:58 ch7: 965
01/03/2022 12:35:58 -------------Check stall condition-------------
01/03/2022 12:35:58 Alt: 3.294
01/03/2022 12:35:58 distance: 51.88733131479672
01/03/2022 12:35:58 Mode: STABILIZE
01/03/2022 12:35:58 Pilot control
01/03/2022 12:35:59 ch7: 965
01/03/2022 12:35:59 -------------Check stall condition-------------
01/03/2022 12:35:59 Alt: 3.327
01/03/2022 12:35:59 distance: 51.18280312629514
01/03/2022 12:35:59 Mode: STABILIZE
01/03/2022 12:35:59 Pilot control
01/03/2022 12:35:59 ch7: 965
01/03/2022 12:35:59 -------------Check stall condition-------------
01/03/2022 12:35:59 Alt: 3.334
01/03/2022 12:35:59 distance: 50.97521559731948
01/03/2022 12:35:59 Mode: STABILIZE
01/03/2022 12:35:59 Pilot control
01/03/2022 12:35:59 ch7: 965
01/03/2022 12:35:59 -------------Check stall condition-------------
01/03/2022 12:35:59 Alt: 3.34
01/03/2022 12:35:59 distance: 50.75888452376109
01/03/2022 12:35:59 Mode: STABILIZE
01/03/2022 12:35:59 Pilot control
01/03/2022 12:35:59 ch7: 965
01/03/2022 12:35:59 -------------Check stall condition-------------
01/03/2022 12:35:59 Alt: 3.342
01/03/2022 12:35:59 distance: 50.582063118312
01/03/2022 12:35:59 Mode: STABILIZE
01/03/2022 12:35:59 Pilot control
01/03/2022 12:36:00 ch7: 965
01/03/2022 12:36:00 -------------Check stall condition-------------
01/03/2022 12:36:00 Alt: 3.371
01/03/2022 12:36:00 distance: 50.031082682683014
01/03/2022 12:36:00 Mode: STABILIZE
01/03/2022 12:36:00 Pilot control
01/03/2022 12:36:00 ch7: 965
01/03/2022 12:36:00 -------------Check stall condition-------------
01/03/2022 12:36:00 Alt: 3.382
01/03/2022 12:36:00 distance: 49.68609178574628
01/03/2022 12:36:00 Mode: STABILIZE
01/03/2022 12:36:00 Pilot control
01/03/2022 12:36:01 ch7: 965
01/03/2022 12:36:01 -------------Check stall condition-------------
01/03/2022 12:36:01 Alt: 3.447
01/03/2022 12:36:01 distance: 48.65989396661344
01/03/2022 12:36:01 Mode: STABILIZE
01/03/2022 12:36:01 Pilot control
01/03/2022 12:36:01 ch7: 965
01/03/2022 12:36:01 -------------Check stall condition-------------
01/03/2022 12:36:01 Alt: 3.497
01/03/2022 12:36:01 distance: 48.32078043467848
01/03/2022 12:36:01 Mode: STABILIZE
01/03/2022 12:36:01 Pilot control
01/03/2022 12:36:02 ch7: 965
01/03/2022 12:36:02 -------------Check stall condition-------------
01/03/2022 12:36:02 Alt: 3.553
01/03/2022 12:36:02 distance: 47.34290079034494
01/03/2022 12:36:02 Mode: STABILIZE
01/03/2022 12:36:02 Pilot control
01/03/2022 12:36:02 ch7: 965
01/03/2022 12:36:02 -------------Check stall condition-------------
01/03/2022 12:36:02 Alt: 3.6
01/03/2022 12:36:02 distance: 46.84308290721897
01/03/2022 12:36:02 Mode: STABILIZE
01/03/2022 12:36:02 Pilot control
01/03/2022 12:36:03 ch7: 965
01/03/2022 12:36:03 -------------Check stall condition-------------
01/03/2022 12:36:03 Alt: 3.616
01/03/2022 12:36:03 distance: 46.22042613154795
01/03/2022 12:36:03 Mode: STABILIZE
01/03/2022 12:36:03 Pilot control
01/03/2022 12:36:03 ch7: 965
01/03/2022 12:36:03 -------------Check stall condition-------------
01/03/2022 12:36:03 Alt: -8.313
01/03/2022 12:36:03 distance: 45.926642947789894
01/03/2022 12:36:03 Mode: STABILIZE
01/03/2022 12:36:03 Pilot control
01/03/2022 12:36:03 ch7: 965
01/03/2022 12:36:03 -------------Check stall condition-------------
01/03/2022 12:36:04 Alt: -8.301
01/03/2022 12:36:04 distance: 45.442819238465454
01/03/2022 12:36:04 Mode: STABILIZE
01/03/2022 12:36:04 Pilot control
01/03/2022 12:36:04 ch7: 965
01/03/2022 12:36:04 -------------Check stall condition-------------
01/03/2022 12:36:04 Alt: -8.241
01/03/2022 12:36:04 distance: 45.17388241050999
01/03/2022 12:36:04 Mode: STABILIZE
01/03/2022 12:36:04 Pilot control
01/03/2022 12:36:04 ch7: 965
01/03/2022 12:36:04 -------------Check stall condition-------------
01/03/2022 12:36:04 Alt: -8.192
01/03/2022 12:36:04 distance: 44.728227740860554
01/03/2022 12:36:04 Mode: STABILIZE
01/03/2022 12:36:05 Pilot control
01/03/2022 12:36:05 ch7: 965
01/03/2022 12:36:05 -------------Check stall condition-------------
01/03/2022 12:36:05 Alt: -8.132
01/03/2022 12:36:05 distance: 44.27830192434566
01/03/2022 12:36:05 Mode: STABILIZE
01/03/2022 12:36:05 Pilot control
01/03/2022 12:36:06 ch7: 965
01/03/2022 12:36:06 -------------Check stall condition-------------
01/03/2022 12:36:06 Alt: -8.114
01/03/2022 12:36:06 distance: 43.761543185267
01/03/2022 12:36:06 Mode: STABILIZE
01/03/2022 12:36:06 Pilot control
01/03/2022 12:36:06 ch7: 965
01/03/2022 12:36:06 -------------Check stall condition-------------
01/03/2022 12:36:06 Alt: -8.084
01/03/2022 12:36:06 distance: 43.38637347426734
01/03/2022 12:36:06 Mode: STABILIZE
01/03/2022 12:36:06 Pilot control
01/03/2022 12:36:06 ch7: 965
01/03/2022 12:36:06 -------------Check stall condition-------------
01/03/2022 12:36:06 Alt: -8.061
01/03/2022 12:36:06 distance: 43.10633868646439
01/03/2022 12:36:07 Mode: STABILIZE
01/03/2022 12:36:07 Pilot control
01/03/2022 12:36:07 ch7: 965
01/03/2022 12:36:07 -------------Check stall condition-------------
01/03/2022 12:36:07 Alt: -8.042
01/03/2022 12:36:07 distance: 42.81690800728988
01/03/2022 12:36:07 Mode: STABILIZE
01/03/2022 12:36:07 Pilot control
01/03/2022 12:36:08 ch7: 965
01/03/2022 12:36:08 -------------Check stall condition-------------
01/03/2022 12:36:08 Alt: -8.035
01/03/2022 12:36:08 distance: 42.50092934935096
01/03/2022 12:36:08 Mode: STABILIZE
01/03/2022 12:36:08 Pilot control
01/03/2022 12:36:08 ch7: 965
01/03/2022 12:36:08 -------------Check stall condition-------------
01/03/2022 12:36:08 Alt: -8.03
01/03/2022 12:36:08 distance: 42.186665598444414
01/03/2022 12:36:08 Mode: STABILIZE
01/03/2022 12:36:08 Pilot control
01/03/2022 12:36:09 ch7: 965
01/03/2022 12:36:09 -------------Check stall condition-------------
01/03/2022 12:36:09 Alt: -8.027
01/03/2022 12:36:09 distance: 42.000853251331414
01/03/2022 12:36:09 Mode: STABILIZE
01/03/2022 12:36:09 Pilot control
01/03/2022 12:36:09 ch7: 965
01/03/2022 12:36:09 -------------Check stall condition-------------
01/03/2022 12:36:09 Alt: 0.106
01/03/2022 12:36:09 distance: 41.78853075013106
01/03/2022 12:36:09 Mode: STABILIZE
01/03/2022 12:36:09 Pilot control
01/03/2022 12:36:10 ch7: 965
01/03/2022 12:36:10 -------------Check stall condition-------------
01/03/2022 12:36:10 Alt: 0.118
01/03/2022 12:36:10 distance: 41.5848664980082
01/03/2022 12:36:10 Mode: STABILIZE
01/03/2022 12:36:10 Pilot control
01/03/2022 12:36:10 ch7: 965
01/03/2022 12:36:10 -------------Check stall condition-------------
01/03/2022 12:36:10 Alt: 0.171
01/03/2022 12:36:10 distance: 41.37536617784863
01/03/2022 12:36:10 Mode: STABILIZE
01/03/2022 12:36:10 Pilot control
01/03/2022 12:36:10 ch7: 965
01/03/2022 12:36:10 -------------Check stall condition-------------
01/03/2022 12:36:10 Alt: 0.197
01/03/2022 12:36:11 distance: 41.26416115857804
01/03/2022 12:36:11 Mode: STABILIZE
01/03/2022 12:36:11 Pilot control
01/03/2022 12:36:11 ch7: 965
01/03/2022 12:36:11 -------------Check stall condition-------------
01/03/2022 12:36:11 Alt: 0.256
01/03/2022 12:36:11 distance: 40.916023979296625
01/03/2022 12:36:11 Mode: STABILIZE
01/03/2022 12:36:11 Pilot control
01/03/2022 12:36:11 ch7: 965
01/03/2022 12:36:11 -------------Check stall condition-------------
01/03/2022 12:36:11 Alt: 0.288
01/03/2022 12:36:11 distance: 40.70825199055915
01/03/2022 12:36:12 Mode: STABILIZE
01/03/2022 12:36:12 Pilot control
01/03/2022 12:36:12 ch7: 965
01/03/2022 12:36:12 -------------Check stall condition-------------
01/03/2022 12:36:12 Alt: 0.318
01/03/2022 12:36:12 distance: 40.74484246614012
01/03/2022 12:36:12 Mode: STABILIZE
01/03/2022 12:36:12 Pilot control
01/03/2022 12:36:12 ch7: 965
01/03/2022 12:36:12 -------------Check stall condition-------------
01/03/2022 12:36:12 Alt: 0.381
01/03/2022 12:36:12 distance: 41.07955622252323
01/03/2022 12:36:12 Mode: STABILIZE
01/03/2022 12:36:12 Pilot control
01/03/2022 12:36:13 ch7: 965
01/03/2022 12:36:13 -------------Check stall condition-------------
01/03/2022 12:36:13 Alt: 0.399
01/03/2022 12:36:13 distance: 41.33389123029232
01/03/2022 12:36:13 Mode: STABILIZE
01/03/2022 12:36:13 Pilot control
01/03/2022 12:36:13 ch7: 965
01/03/2022 12:36:14 -------------Check stall condition-------------
01/03/2022 12:36:14 Alt: 0.403
01/03/2022 12:36:14 distance: 41.43912309536358
01/03/2022 12:36:14 Mode: STABILIZE
01/03/2022 12:36:14 Pilot control
01/03/2022 12:36:14 ch7: 965
01/03/2022 12:36:14 -------------Check stall condition-------------
01/03/2022 12:36:14 Alt: 0.379
01/03/2022 12:36:14 distance: 41.36032541602946
01/03/2022 12:36:14 Mode: STABILIZE
01/03/2022 12:36:14 Pilot control
01/03/2022 12:36:14 ch7: 965
01/03/2022 12:36:14 -------------Check stall condition-------------
01/03/2022 12:36:14 Alt: 0.352
01/03/2022 12:36:14 distance: 41.27062031651266
01/03/2022 12:36:14 Mode: STABILIZE
01/03/2022 12:36:14 Pilot control
01/03/2022 12:36:15 ch7: 965
01/03/2022 12:36:15 -------------Check stall condition-------------
01/03/2022 12:36:15 Alt: 0.349
01/03/2022 12:36:15 distance: 41.253420682172454
01/03/2022 12:36:15 Mode: STABILIZE
01/03/2022 12:36:15 Pilot control
01/03/2022 12:36:15 ch7: 965
01/03/2022 12:36:15 -------------Check stall condition-------------
01/03/2022 12:36:15 Alt: 0.06
01/03/2022 12:36:15 distance: 41.277033430921634
01/03/2022 12:36:15 Mode: STABILIZE
01/03/2022 12:36:15 Pilot control
01/03/2022 12:36:16 ch7: 965
01/03/2022 12:36:16 -------------Check stall condition-------------
01/03/2022 12:36:16 Alt: 0.07
01/03/2022 12:36:16 distance: 41.338984572692844
01/03/2022 12:36:16 Mode: STABILIZE
01/03/2022 12:36:16 Pilot control
01/03/2022 12:36:16 ch7: 965
01/03/2022 12:36:16 -------------Check stall condition-------------
01/03/2022 12:36:16 Alt: 0.104
01/03/2022 12:36:16 distance: 41.50164893129383
01/03/2022 12:36:16 Mode: STABILIZE
01/03/2022 12:36:16 Pilot control
01/03/2022 12:36:17 ch7: 965
01/03/2022 12:36:17 -------------Check stall condition-------------
01/03/2022 12:36:17 Alt: 0.13
01/03/2022 12:36:17 distance: 41.746828076870116
01/03/2022 12:36:17 Mode: STABILIZE
01/03/2022 12:36:17 Pilot control
01/03/2022 12:36:17 ch7: 965
01/03/2022 12:36:17 -------------Check stall condition-------------
01/03/2022 12:36:17 Alt: 0.143
01/03/2022 12:36:17 distance: 41.869218878142185
01/03/2022 12:36:17 Mode: STABILIZE
01/03/2022 12:36:17 Pilot control
01/03/2022 12:36:17 ch7: 965
01/03/2022 12:36:17 -------------Check stall condition-------------
01/03/2022 12:36:17 Alt: 0.154
01/03/2022 12:36:17 distance: 41.93622465507608
01/03/2022 12:36:17 Mode: STABILIZE
01/03/2022 12:36:17 Pilot control
01/03/2022 12:36:18 ch7: 965
01/03/2022 12:36:18 -------------Check stall condition-------------
01/03/2022 12:36:18 Alt: 0.165
01/03/2022 12:36:18 distance: 42.07427233303331
01/03/2022 12:36:18 Mode: STABILIZE
01/03/2022 12:36:18 Pilot control
01/03/2022 12:36:18 ch7: 965
01/03/2022 12:36:18 -------------Check stall condition-------------
01/03/2022 12:36:18 Alt: 0.174
01/03/2022 12:36:18 distance: 42.17117075469502
01/03/2022 12:36:18 Mode: STABILIZE
01/03/2022 12:36:18 Pilot control
01/03/2022 12:36:18 ch7: 965
01/03/2022 12:36:18 -------------Check stall condition-------------
01/03/2022 12:36:18 Alt: 0.181
01/03/2022 12:36:18 distance: 42.26437272947989
01/03/2022 12:36:18 Mode: STABILIZE
01/03/2022 12:36:18 Pilot control
01/03/2022 12:36:19 ch7: 965
01/03/2022 12:36:19 -------------Check stall condition-------------
01/03/2022 12:36:19 Alt: 0.202
01/03/2022 12:36:19 distance: 42.60952902451284
01/03/2022 12:36:19 Mode: STABILIZE
01/03/2022 12:36:19 Pilot control
01/03/2022 12:36:19 ch7: 965
01/03/2022 12:36:19 -------------Check stall condition-------------
01/03/2022 12:36:19 Alt: 0.219
01/03/2022 12:36:19 distance: 42.60952902451284
01/03/2022 12:36:19 Mode: STABILIZE
01/03/2022 12:36:19 Pilot control
01/03/2022 12:36:19 ch7: 965
01/03/2022 12:36:19 -------------Check stall condition-------------
01/03/2022 12:36:19 Alt: 0.23
01/03/2022 12:36:19 distance: 42.8702321081579
01/03/2022 12:36:19 Mode: STABILIZE
01/03/2022 12:36:19 Pilot control
01/03/2022 12:36:20 ch7: 965
01/03/2022 12:36:20 -------------Check stall condition-------------
01/03/2022 12:36:20 Alt: 0.222
01/03/2022 12:36:20 distance: 42.93279232859257
01/03/2022 12:36:20 Mode: STABILIZE
01/03/2022 12:36:20 Pilot control
01/03/2022 12:36:20 ch7: 965
01/03/2022 12:36:20 -------------Check stall condition-------------
01/03/2022 12:36:20 Alt: 0.221
01/03/2022 12:36:20 distance: 42.91077948862058
01/03/2022 12:36:20 Mode: STABILIZE
01/03/2022 12:36:20 Pilot control
01/03/2022 12:36:20 ch7: 965
01/03/2022 12:36:20 -------------Check stall condition-------------
01/03/2022 12:36:20 Alt: 0.206
01/03/2022 12:36:20 distance: 42.71585674424086
01/03/2022 12:36:21 Mode: STABILIZE
01/03/2022 12:36:21 Pilot control
01/03/2022 12:36:21 ch7: 965
01/03/2022 12:36:21 -------------Check stall condition-------------
01/03/2022 12:36:21 Alt: 0.02
01/03/2022 12:36:21 distance: 42.43362670630445
01/03/2022 12:36:21 Mode: STABILIZE
01/03/2022 12:36:21 Pilot control
01/03/2022 12:36:21 ch7: 965
01/03/2022 12:36:21 -------------Check stall condition-------------
01/03/2022 12:36:22 Alt: -0.202
01/03/2022 12:36:22 distance: 42.39851562192719
01/03/2022 12:36:22 Mode: STABILIZE
01/03/2022 12:36:22 Pilot control
01/03/2022 12:36:22 ch7: 965
01/03/2022 12:36:22 -------------Check stall condition-------------
01/03/2022 12:36:22 Alt: -0.4
01/03/2022 12:36:22 distance: 42.477519969060204
01/03/2022 12:36:22 Mode: STABILIZE
01/03/2022 12:36:22 Pilot control
01/03/2022 12:36:22 ch7: 965
01/03/2022 12:36:22 -------------Check stall condition-------------
01/03/2022 12:36:22 Alt: -0.552
01/03/2022 12:36:22 distance: 42.67049524142125
01/03/2022 12:36:22 Mode: STABILIZE
01/03/2022 12:36:22 Pilot control
01/03/2022 12:36:23 ch7: 965
01/03/2022 12:36:23 -------------Check stall condition-------------
01/03/2022 12:36:23 Alt: -0.643
01/03/2022 12:36:23 distance: 42.80905245172374
01/03/2022 12:36:23 Mode: STABILIZE
01/03/2022 12:36:23 Pilot control
01/03/2022 12:36:23 ch7: 965
01/03/2022 12:36:23 -------------Check stall condition-------------
01/03/2022 12:36:23 Alt: -0.661
01/03/2022 12:36:23 distance: 42.9682383045754
01/03/2022 12:36:23 Mode: STABILIZE
01/03/2022 12:36:23 Pilot control
01/03/2022 12:36:24 ch7: 965
01/03/2022 12:36:24 -------------Check stall condition-------------
01/03/2022 12:36:24 Alt: -0.652
01/03/2022 12:36:24 distance: 42.983169052703566
01/03/2022 12:36:24 Mode: STABILIZE
01/03/2022 12:36:24 Pilot control
01/03/2022 12:36:24 ch7: 965
01/03/2022 12:36:24 -------------Check stall condition-------------
01/03/2022 12:36:24 Alt: -0.623
01/03/2022 12:36:24 distance: 43.052908372738464
01/03/2022 12:36:24 Mode: STABILIZE
01/03/2022 12:36:24 Pilot control
01/03/2022 12:36:24 ch7: 965
01/03/2022 12:36:24 -------------Check stall condition-------------
01/03/2022 12:36:24 Alt: -0.62
01/03/2022 12:36:24 distance: 43.08280523943818
01/03/2022 12:36:24 Mode: STABILIZE
01/03/2022 12:36:24 Pilot control
01/03/2022 12:36:25 ch7: 965
01/03/2022 12:36:25 -------------Check stall condition-------------
01/03/2022 12:36:25 Alt: -0.622
01/03/2022 12:36:25 distance: 43.12763107602122
01/03/2022 12:36:25 Mode: STABILIZE
01/03/2022 12:36:25 Pilot control
01/03/2022 12:36:25 ch7: 965
01/03/2022 12:36:25 -------------Check stall condition-------------
01/03/2022 12:36:25 Alt: -0.626
01/03/2022 12:36:25 distance: 43.187332220791525
01/03/2022 12:36:25 Mode: STABILIZE
01/03/2022 12:36:25 Pilot control
01/03/2022 12:36:25 ch7: 965
01/03/2022 12:36:25 -------------Check stall condition-------------
01/03/2022 12:36:25 Alt: -0.642
01/03/2022 12:36:25 distance: 43.25697872908975
01/03/2022 12:36:25 Mode: STABILIZE
01/03/2022 12:36:25 Pilot control
01/03/2022 12:36:26 ch7: 965
01/03/2022 12:36:26 -------------Check stall condition-------------
01/03/2022 12:36:26 Alt: -0.691
01/03/2022 12:36:26 distance: 43.4411779668223
01/03/2022 12:36:26 Mode: STABILIZE
01/03/2022 12:36:26 Pilot control
01/03/2022 12:36:26 ch7: 965
01/03/2022 12:36:26 -------------Check stall condition-------------
01/03/2022 12:36:26 Alt: -0.759
01/03/2022 12:36:26 distance: 43.6403804285727
01/03/2022 12:36:26 Mode: STABILIZE
01/03/2022 12:36:26 Pilot control
01/03/2022 12:36:26 ch7: 965
01/03/2022 12:36:26 -------------Check stall condition-------------
01/03/2022 12:36:26 Alt: -0.791
01/03/2022 12:36:26 distance: 43.919249012047324
01/03/2022 12:36:27 Mode: STABILIZE
01/03/2022 12:36:27 Pilot control
01/03/2022 12:36:27 ch7: 965
01/03/2022 12:36:27 -------------Check stall condition-------------
01/03/2022 12:36:27 Alt: -0.311
01/03/2022 12:36:27 distance: 44.063663929059764
01/03/2022 12:36:27 Mode: STABILIZE
01/03/2022 12:36:27 Pilot control
01/03/2022 12:36:27 ch7: 965
01/03/2022 12:36:27 -------------Check stall condition-------------
01/03/2022 12:36:27 Alt: -0.149
01/03/2022 12:36:27 distance: 44.31275972322668
01/03/2022 12:36:27 Mode: STABILIZE
01/03/2022 12:36:27 Pilot control
01/03/2022 12:36:28 ch7: 965
01/03/2022 12:36:28 -------------Check stall condition-------------
01/03/2022 12:36:28 Alt: -0.114
01/03/2022 12:36:28 distance: 44.60176186650877
01/03/2022 12:36:28 Mode: STABILIZE
01/03/2022 12:36:28 Pilot control
01/03/2022 12:36:28 ch7: 965
01/03/2022 12:36:28 -------------Check stall condition-------------
01/03/2022 12:36:28 Alt: -0.122
01/03/2022 12:36:28 distance: 44.84592789762088
01/03/2022 12:36:28 Mode: STABILIZE
01/03/2022 12:36:28 Pilot control
01/03/2022 12:36:29 ch7: 965
01/03/2022 12:36:29 -------------Check stall condition-------------
01/03/2022 12:36:29 Alt: -0.11
01/03/2022 12:36:29 distance: 45.07515703492303
01/03/2022 12:36:29 Mode: STABILIZE
01/03/2022 12:36:29 Pilot control
01/03/2022 12:36:29 ch7: 965
01/03/2022 12:36:29 -------------Check stall condition-------------
01/03/2022 12:36:29 Alt: -0.1
01/03/2022 12:36:29 distance: 45.18987371931044
01/03/2022 12:36:29 Mode: STABILIZE
01/03/2022 12:36:29 Pilot control
01/03/2022 12:36:30 ch7: 965
01/03/2022 12:36:30 -------------Check stall condition-------------
01/03/2022 12:36:30 Alt: -0.093
01/03/2022 12:36:30 distance: 45.2797180629019
01/03/2022 12:36:30 Mode: STABILIZE
01/03/2022 12:36:30 Pilot control
01/03/2022 12:36:30 ch7: 965
01/03/2022 12:36:30 -------------Check stall condition-------------
01/03/2022 12:36:30 Alt: -0.075
01/03/2022 12:36:30 distance: 45.4543909430802
01/03/2022 12:36:30 Mode: STABILIZE
01/03/2022 12:36:30 Pilot control
01/03/2022 12:36:30 ch7: 965
01/03/2022 12:36:30 -------------Check stall condition-------------
01/03/2022 12:36:30 Alt: -0.054
01/03/2022 12:36:30 distance: 45.599403647371076
01/03/2022 12:36:30 Mode: STABILIZE
01/03/2022 12:36:30 Pilot control
01/03/2022 12:36:31 ch7: 965
01/03/2022 12:36:31 -------------Check stall condition-------------
01/03/2022 12:36:31 Alt: -0.052
01/03/2022 12:36:31 distance: 45.785021534103734
01/03/2022 12:36:31 Mode: STABILIZE
01/03/2022 12:36:31 Pilot control
01/03/2022 12:36:31 ch7: 965
01/03/2022 12:36:31 -------------Check stall condition-------------
01/03/2022 12:36:31 Alt: -0.065
01/03/2022 12:36:31 distance: 45.92629757367163
01/03/2022 12:36:31 Mode: STABILIZE
01/03/2022 12:36:31 Pilot control
01/03/2022 12:36:32 ch7: 965
01/03/2022 12:36:32 -------------Check stall condition-------------
01/03/2022 12:36:32 Alt: -0.077
01/03/2022 12:36:32 distance: 46.03365525449282
01/03/2022 12:36:32 Mode: STABILIZE
01/03/2022 12:36:32 Pilot control
01/03/2022 12:36:32 ch7: 965
01/03/2022 12:36:32 -------------Check stall condition-------------
01/03/2022 12:36:32 Alt: -0.087
01/03/2022 12:36:32 distance: 46.079756047225715
01/03/2022 12:36:32 Mode: STABILIZE
01/03/2022 12:36:32 Pilot control
01/03/2022 12:36:33 ch7: 965
01/03/2022 12:36:33 -------------Check stall condition-------------
01/03/2022 12:36:33 Alt: -0.091
01/03/2022 12:36:33 distance: 46.152550523377066
01/03/2022 12:36:33 Mode: STABILIZE
01/03/2022 12:36:33 Pilot control
01/03/2022 12:36:33 ch7: 965
01/03/2022 12:36:33 -------------Check stall condition-------------
01/03/2022 12:36:33 Alt: -0.045
01/03/2022 12:36:33 distance: 46.18450591118751
01/03/2022 12:36:33 Mode: STABILIZE
01/03/2022 12:36:33 Pilot control
01/03/2022 12:36:33 ch7: 965
01/03/2022 12:36:33 -------------Check stall condition-------------
01/03/2022 12:36:33 Alt: -0.037
01/03/2022 12:36:33 distance: 46.22711760457389
01/03/2022 12:36:33 Mode: STABILIZE
01/03/2022 12:36:33 Pilot control
01/03/2022 12:36:33 ch7: 965
01/03/2022 12:36:34 -------------Check stall condition-------------
01/03/2022 12:36:34 Alt: -0.069
01/03/2022 12:36:34 distance: 46.32575939057691
01/03/2022 12:36:34 Mode: STABILIZE
01/03/2022 12:36:34 Pilot control
01/03/2022 12:36:34 ch7: 965
01/03/2022 12:36:34 -------------Check stall condition-------------
01/03/2022 12:36:34 Alt: -0.069
01/03/2022 12:36:34 distance: 46.32575939057691
01/03/2022 12:36:34 Mode: STABILIZE
01/03/2022 12:36:34 Pilot control
01/03/2022 12:36:34 ch7: 965
01/03/2022 12:36:34 -------------Check stall condition-------------
01/03/2022 12:36:34 Alt: -0.097
01/03/2022 12:36:34 distance: 46.443541344120966
01/03/2022 12:36:34 Mode: STABILIZE
01/03/2022 12:36:34 Pilot control
01/03/2022 12:36:34 ch7: 965
01/03/2022 12:36:34 -------------Check stall condition-------------
01/03/2022 12:36:34 Alt: -0.112
01/03/2022 12:36:34 distance: 46.485185165971906
01/03/2022 12:36:34 Mode: STABILIZE
01/03/2022 12:36:34 Pilot control
01/03/2022 12:36:35 ch7: 965
01/03/2022 12:36:35 -------------Check stall condition-------------
01/03/2022 12:36:35 Alt: -0.135
01/03/2022 12:36:35 distance: 46.52777583780187
01/03/2022 12:36:35 Mode: STABILIZE
01/03/2022 12:36:35 Pilot control
01/03/2022 12:36:35 ch7: 965
01/03/2022 12:36:35 -------------Check stall condition-------------
01/03/2022 12:36:35 Alt: -0.175
01/03/2022 12:36:35 distance: 46.64605986746196
01/03/2022 12:36:35 Mode: STABILIZE
01/03/2022 12:36:35 Pilot control
01/03/2022 12:36:35 ch7: 965
01/03/2022 12:36:35 -------------Check stall condition-------------
01/03/2022 12:36:35 Alt: -0.192
01/03/2022 12:36:35 distance: 46.75381495783615
01/03/2022 12:36:36 Mode: STABILIZE
01/03/2022 12:36:36 Pilot control
01/03/2022 12:36:36 ch7: 965
01/03/2022 12:36:36 -------------Check stall condition-------------
01/03/2022 12:36:36 Alt: -0.215
01/03/2022 12:36:36 distance: 46.795815565936955
01/03/2022 12:36:36 Mode: STABILIZE
01/03/2022 12:36:36 Pilot control
01/03/2022 12:36:36 ch7: 965
01/03/2022 12:36:36 -------------Check stall condition-------------
01/03/2022 12:36:36 Alt: -0.221
01/03/2022 12:36:36 distance: 46.85735549711517
01/03/2022 12:36:36 Mode: STABILIZE
01/03/2022 12:36:36 Pilot control
01/03/2022 12:36:37 ch7: 965
01/03/2022 12:36:37 -------------Check stall condition-------------
01/03/2022 12:36:37 Alt: -0.219
01/03/2022 12:36:37 distance: 47.04331645383711
01/03/2022 12:36:37 Mode: STABILIZE
01/03/2022 12:36:37 Pilot control
01/03/2022 12:36:37 ch7: 965
01/03/2022 12:36:37 -------------Check stall condition-------------
01/03/2022 12:36:37 Alt: -0.217
01/03/2022 12:36:37 distance: 47.15163019446351
01/03/2022 12:36:37 Mode: STABILIZE
01/03/2022 12:36:37 Pilot control
01/03/2022 12:36:38 ch7: 965
01/03/2022 12:36:38 -------------Check stall condition-------------
01/03/2022 12:36:38 Alt: -0.217
01/03/2022 12:36:38 distance: 47.22976264970248
01/03/2022 12:36:38 Mode: STABILIZE
01/03/2022 12:36:38 Pilot control
01/03/2022 12:36:38 ch7: 965
01/03/2022 12:36:38 -------------Check stall condition-------------
01/03/2022 12:36:38 Alt: -0.216
01/03/2022 12:36:38 distance: 47.290395921269514
01/03/2022 12:36:38 Mode: STABILIZE
01/03/2022 12:36:38 Pilot control
01/03/2022 12:36:39 ch7: 965
01/03/2022 12:36:39 -------------Check stall condition-------------
01/03/2022 12:36:39 Alt: -0.214
01/03/2022 12:36:39 distance: 47.42684306882855
01/03/2022 12:36:39 Mode: STABILIZE
01/03/2022 12:36:39 Pilot control
01/03/2022 12:36:39 ch7: 965
01/03/2022 12:36:39 -------------Check stall condition-------------
01/03/2022 12:36:39 Alt: -0.06
01/03/2022 12:36:39 distance: 47.563320854845735
01/03/2022 12:36:39 Mode: STABILIZE
01/03/2022 12:36:39 Pilot control
01/03/2022 12:36:39 ch7: 965
01/03/2022 12:36:39 -------------Check stall condition-------------
01/03/2022 12:36:39 Alt: -0.062
01/03/2022 12:36:39 distance: 47.60882021273227
01/03/2022 12:36:39 Mode: STABILIZE
01/03/2022 12:36:39 Pilot control
01/03/2022 12:36:40 ch7: 965
01/03/2022 12:36:40 -------------Check stall condition-------------
01/03/2022 12:36:40 Alt: -0.075
01/03/2022 12:36:40 distance: 47.75210687658377
01/03/2022 12:36:40 Mode: STABILIZE
01/03/2022 12:36:40 Pilot control
01/03/2022 12:36:40 ch7: 965
01/03/2022 12:36:40 -------------Check stall condition-------------
01/03/2022 12:36:40 Alt: -0.099
01/03/2022 12:36:40 distance: 47.873505887471
01/03/2022 12:36:40 Mode: STABILIZE
01/03/2022 12:36:40 Pilot control
01/03/2022 12:36:41 ch7: 965
01/03/2022 12:36:41 -------------Check stall condition-------------
01/03/2022 12:36:41 Alt: -0.101
01/03/2022 12:36:41 distance: 47.93003629448243
01/03/2022 12:36:41 Mode: STABILIZE
01/03/2022 12:36:41 Pilot control
01/03/2022 12:36:41 ch7: 965
01/03/2022 12:36:41 -------------Check stall condition-------------
01/03/2022 12:36:41 Alt: -0.102
01/03/2022 12:36:41 distance: 48.0224633277428
01/03/2022 12:36:41 Mode: STABILIZE
01/03/2022 12:36:41 Pilot control
01/03/2022 12:36:41 ch7: 965
01/03/2022 12:36:41 -------------Check stall condition-------------
01/03/2022 12:36:42 Alt: -0.101
01/03/2022 12:36:42 distance: 48.09561155342567
01/03/2022 12:36:42 Mode: STABILIZE
01/03/2022 12:36:42 Pilot control
01/03/2022 12:36:42 ch7: 965
01/03/2022 12:36:42 -------------Check stall condition-------------
01/03/2022 12:36:42 Alt: -0.091
01/03/2022 12:36:42 distance: 48.12185419357411
01/03/2022 12:36:42 Mode: STABILIZE
01/03/2022 12:36:42 Pilot control
01/03/2022 12:36:42 ch7: 965
01/03/2022 12:36:42 -------------Check stall condition-------------
01/03/2022 12:36:42 Alt: -0.093
01/03/2022 12:36:42 distance: 48.14810826638234
01/03/2022 12:36:42 Mode: STABILIZE
01/03/2022 12:36:42 Pilot control
01/03/2022 12:36:42 ch7: 965
01/03/2022 12:36:42 -------------Check stall condition-------------
01/03/2022 12:36:42 Alt: -0.096
01/03/2022 12:36:42 distance: 48.15917918723705
01/03/2022 12:36:42 Mode: STABILIZE
01/03/2022 12:36:42 Pilot control
01/03/2022 12:36:43 ch7: 965
01/03/2022 12:36:43 -------------Check stall condition-------------
01/03/2022 12:36:43 Alt: -0.093
01/03/2022 12:36:43 distance: 48.17025785386693
01/03/2022 12:36:43 Mode: STABILIZE
01/03/2022 12:36:43 Pilot control
01/03/2022 12:36:43 ch7: 965
01/03/2022 12:36:43 Saved video
