18/02/2022 16:55:20 Connecting to Vehicle on: /dev/ttyACM0
18/02/2022 16:55:20 ArduPlane V4.1.4 (0f984409)
18/02/2022 16:55:20 ChibiOS: 45395b6a
18/02/2022 16:55:20 CubeBlack 00360049 3337510E 37353832
18/02/2022 16:55:20 RCOut: PWM:1-12
18/02/2022 16:55:20 IMU0: fast sampling enabled 8.0kHz/1.0kHz
18/02/2022 16:55:20 IMU2: fast sampling enabled 8.0kHz/1.0kHz
18/02/2022 16:55:32 -------------Check stall condition-------------
18/02/2022 16:55:32 Alt: -1.135
18/02/2022 16:55:32 ch8: 0
18/02/2022 16:55:32 distance: 11301826.740631398
18/02/2022 16:55:32 Pilot control
18/02/2022 16:55:33 -------------Check stall condition-------------
18/02/2022 16:55:33 Alt: -0.886
18/02/2022 16:55:33 ch8: 0
18/02/2022 16:55:33 distance: 11301829.488437077
18/02/2022 16:55:33 Pilot control
18/02/2022 16:55:33 -------------Check stall condition-------------
18/02/2022 16:55:33 Alt: -1.046
18/02/2022 16:55:33 ch8: 0
18/02/2022 16:55:33 distance: 11301830.166357925
18/02/2022 16:55:33 Pilot control
18/02/2022 16:55:33 -------------Check stall condition-------------
18/02/2022 16:55:33 Alt: -1.257
18/02/2022 16:55:33 ch8: 0
18/02/2022 16:55:33 distance: 11301830.87089376
18/02/2022 16:55:33 Pilot control
18/02/2022 16:55:34 -------------Check stall condition-------------
18/02/2022 16:55:34 Alt: -1.041
18/02/2022 16:55:34 ch8: 0
18/02/2022 16:55:34 distance: 11301831.587977197
18/02/2022 16:55:34 Pilot control
18/02/2022 16:55:34 -------------Check stall condition-------------
18/02/2022 16:55:34 Alt: -1.196
18/02/2022 16:55:34 ch8: 0
18/02/2022 16:55:34 distance: 11301832.319128081
18/02/2022 16:55:34 Pilot control
18/02/2022 16:55:34 -------------Check stall condition-------------
18/02/2022 16:55:34 Alt: -1.074
18/02/2022 16:55:34 ch8: 0
18/02/2022 16:55:34 distance: 11301833.076893965
18/02/2022 16:55:34 Pilot control
18/02/2022 16:55:34 -------------Check stall condition-------------
18/02/2022 16:55:34 Alt: -1.196
18/02/2022 16:55:34 ch8: 0
18/02/2022 16:55:34 distance: 11301834.554783273
18/02/2022 16:55:34 Pilot control
18/02/2022 16:55:34 -------------Check stall condition-------------
18/02/2022 16:55:34 Alt: -1.196
18/02/2022 16:55:34 ch8: 0
18/02/2022 16:55:34 distance: 11301834.554783273
18/02/2022 16:55:34 Pilot control
18/02/2022 16:55:35 -------------Check stall condition-------------
18/02/2022 16:55:35 Alt: -1.24
18/02/2022 16:55:35 ch8: 0
18/02/2022 16:55:35 distance: 11301835.234224347
18/02/2022 16:55:35 Pilot control
18/02/2022 16:55:35 -------------Check stall condition-------------
18/02/2022 16:55:35 Alt: -1.185
18/02/2022 16:55:35 ch8: 0
18/02/2022 16:55:35 distance: 11301835.979442928
18/02/2022 16:55:35 Pilot control
18/02/2022 16:55:35 -------------Check stall condition-------------
18/02/2022 16:55:35 Alt: -1.185
18/02/2022 16:55:35 ch8: 0
18/02/2022 16:55:35 distance: 11301836.712114016
18/02/2022 16:55:35 Pilot control
18/02/2022 16:55:35 -------------Check stall condition-------------
18/02/2022 16:55:35 Alt: -1.091
18/02/2022 16:55:35 ch8: 0
18/02/2022 16:55:35 distance: 11301836.712114016
18/02/2022 16:55:35 Pilot control
18/02/2022 16:55:35 -------------Check stall condition-------------
18/02/2022 16:55:35 Alt: -1.351
18/02/2022 16:55:35 ch8: 0
18/02/2022 16:55:35 distance: 11301838.178976221
18/02/2022 16:55:35 Pilot control
18/02/2022 16:55:36 -------------Check stall condition-------------
18/02/2022 16:55:36 Alt: -1.24
18/02/2022 16:55:36 ch8: 0
18/02/2022 16:55:36 distance: 11301838.178976221
18/02/2022 16:55:36 Pilot control
18/02/2022 16:55:36 -------------Check stall condition-------------
18/02/2022 16:55:36 Alt: -0.924
18/02/2022 16:55:36 ch8: 0
18/02/2022 16:55:36 distance: 11301839.5941286
18/02/2022 16:55:36 Pilot control
18/02/2022 16:55:36 -------------Check stall condition-------------
18/02/2022 16:55:36 Alt: -1.118
18/02/2022 16:55:36 ch8: 0
18/02/2022 16:55:36 distance: 11301840.32983969
18/02/2022 16:55:36 Pilot control
18/02/2022 16:55:36 -------------Check stall condition-------------
18/02/2022 16:55:36 Alt: -1.246
18/02/2022 16:55:36 ch8: 0
18/02/2022 16:55:36 distance: 11301841.03893588
18/02/2022 16:55:36 Pilot control
18/02/2022 16:55:36 -------------Check stall condition-------------
18/02/2022 16:55:36 Alt: -1.29
18/02/2022 16:55:36 ch8: 0
18/02/2022 16:55:36 distance: 11301841.69328234
18/02/2022 16:55:36 Pilot control
18/02/2022 16:55:37 -------------Check stall condition-------------
18/02/2022 16:55:37 Alt: -1.29
18/02/2022 16:55:37 ch8: 0
18/02/2022 16:55:37 distance: 11301841.69328234
18/02/2022 16:55:37 Pilot control
18/02/2022 16:55:37 -------------Check stall condition-------------
18/02/2022 16:55:37 Alt: -1.19
18/02/2022 16:55:37 ch8: 0
18/02/2022 16:55:37 distance: 11301842.402378643
18/02/2022 16:55:37 Pilot control
18/02/2022 16:55:37 -------------Check stall condition-------------
18/02/2022 16:55:37 Alt: -1.124
18/02/2022 16:55:37 ch8: 0
18/02/2022 16:55:37 distance: 11301843.700044116
18/02/2022 16:55:37 Pilot control
18/02/2022 16:55:37 -------------Check stall condition-------------
18/02/2022 16:55:37 Alt: -1.129
18/02/2022 16:55:37 ch8: 0
18/02/2022 16:55:37 distance: 11301844.35591064
18/02/2022 16:55:37 Pilot control
18/02/2022 16:55:37 -------------Check stall condition-------------
18/02/2022 16:55:37 Alt: -1.102
18/02/2022 16:55:37 ch8: 0
18/02/2022 16:55:37 distance: 11301845.05093975
18/02/2022 16:55:37 Pilot control
18/02/2022 16:55:38 -------------Check stall condition-------------
18/02/2022 16:55:38 Alt: -1.102
18/02/2022 16:55:38 ch8: 0
18/02/2022 16:55:38 distance: 11301845.05093975
18/02/2022 16:55:38 Pilot control
18/02/2022 16:55:38 -------------Check stall condition-------------
18/02/2022 16:55:38 Alt: -0.919
18/02/2022 16:55:38 ch8: 0
18/02/2022 16:55:38 distance: 11301845.733421357
18/02/2022 16:55:38 Pilot control
18/02/2022 16:55:38 -------------Check stall condition-------------
18/02/2022 16:55:38 Alt: -0.936
18/02/2022 16:55:38 ch8: 0
18/02/2022 16:55:38 distance: 11301846.365712764
18/02/2022 16:55:38 Pilot control
18/02/2022 16:55:38 -------------Check stall condition-------------
18/02/2022 16:55:38 Alt: -1.118
18/02/2022 16:55:38 ch8: 0
18/02/2022 16:55:38 distance: 11301847.076329323
18/02/2022 16:55:38 Pilot control
18/02/2022 16:55:38 -------------Check stall condition-------------
18/02/2022 16:55:38 Alt: -1.246
18/02/2022 16:55:38 ch8: 0
18/02/2022 16:55:38 distance: 11301848.550792597
18/02/2022 16:55:38 Pilot control
18/02/2022 16:55:39 -------------Check stall condition-------------
18/02/2022 16:55:39 Alt: -1.246
18/02/2022 16:55:39 ch8: 0
18/02/2022 16:55:39 distance: 11301848.550792597
18/02/2022 16:55:39 Pilot control
18/02/2022 16:55:39 -------------Check stall condition-------------
18/02/2022 16:55:39 Alt: -1.218
18/02/2022 16:55:39 ch8: 0
18/02/2022 16:55:39 distance: 11301849.275476765
18/02/2022 16:55:39 Pilot control
18/02/2022 16:55:39 -------------Check stall condition-------------
18/02/2022 16:55:39 Alt: -1.19
18/02/2022 16:55:39 ch8: 0
18/02/2022 16:55:39 distance: 11301850.012708567
18/02/2022 16:55:39 Pilot control
18/02/2022 16:55:39 -------------Check stall condition-------------
18/02/2022 16:55:39 Alt: -1.118
18/02/2022 16:55:39 ch8: 0
18/02/2022 16:55:39 distance: 11301850.7248453
18/02/2022 16:55:39 Pilot control
18/02/2022 16:55:39 -------------Check stall condition-------------
18/02/2022 16:55:39 Alt: -1.118
18/02/2022 16:55:39 ch8: 0
18/02/2022 16:55:39 distance: 11301851.449529665
18/02/2022 16:55:39 Pilot control
18/02/2022 16:55:40 -------------Check stall condition-------------
18/02/2022 16:55:40 Alt: -1.091
18/02/2022 16:55:40 ch8: 0
18/02/2022 16:55:40 distance: 11301852.108436523
18/02/2022 16:55:40 Pilot control
18/02/2022 16:55:40 -------------Check stall condition-------------
18/02/2022 16:55:40 Alt: -1.091
18/02/2022 16:55:40 ch8: 0
18/02/2022 16:55:40 distance: 11301852.792438578
18/02/2022 16:55:40 Pilot control
18/02/2022 16:55:40 -------------Check stall condition-------------
18/02/2022 16:55:40 Alt: -1.207
18/02/2022 16:55:40 ch8: 0
18/02/2022 16:55:40 distance: 11301852.792438578
18/02/2022 16:55:40 Pilot control
18/02/2022 16:55:40 -------------Check stall condition-------------
18/02/2022 16:55:40 Alt: -1.118
18/02/2022 16:55:40 ch8: 0
18/02/2022 16:55:40 distance: 11301854.122800142
18/02/2022 16:55:40 Pilot control
18/02/2022 16:55:41 -------------Check stall condition-------------
18/02/2022 16:55:41 Alt: -0.991
18/02/2022 16:55:41 ch8: 0
18/02/2022 16:55:41 distance: 11301854.79577466
18/02/2022 16:55:41 Pilot control
18/02/2022 16:55:41 -------------Check stall condition-------------
18/02/2022 16:55:41 Alt: -0.985
18/02/2022 16:55:41 ch8: 0
18/02/2022 16:55:41 distance: 11301855.440614356
18/02/2022 16:55:41 Pilot control
18/02/2022 16:55:41 -------------Check stall condition-------------
18/02/2022 16:55:41 Alt: -0.985
18/02/2022 16:55:41 ch8: 0
18/02/2022 16:55:41 distance: 11301855.440614356
18/02/2022 16:55:41 Pilot control
18/02/2022 16:55:41 -------------Check stall condition-------------
18/02/2022 16:55:41 Alt: -0.985
18/02/2022 16:55:41 ch8: 0
18/02/2022 16:55:41 distance: 11301855.440614356
18/02/2022 16:55:41 Pilot control
18/02/2022 16:55:42 -------------Check stall condition-------------
18/02/2022 16:55:42 Alt: -1.218
18/02/2022 16:55:42 ch8: 0
18/02/2022 16:55:42 distance: 11301856.744361347
18/02/2022 16:55:42 Pilot control
18/02/2022 16:55:42 -------------Check stall condition-------------
18/02/2022 16:55:42 Alt: -1.124
18/02/2022 16:55:42 ch8: 0
18/02/2022 16:55:42 distance: 11301859.59747066
18/02/2022 16:55:42 Pilot control
18/02/2022 16:55:42 -------------Check stall condition-------------
18/02/2022 16:55:42 Alt: -1.107
18/02/2022 16:55:42 ch8: 0
18/02/2022 16:55:42 distance: 11301860.309608247
18/02/2022 16:55:42 Pilot control
18/02/2022 16:55:42 -------------Check stall condition-------------
18/02/2022 16:55:42 Alt: -1.157
18/02/2022 16:55:42 ch8: 0
18/02/2022 16:55:42 distance: 11301861.035813347
18/02/2022 16:55:43 Pilot control
18/02/2022 16:55:43 -------------Check stall condition-------------
18/02/2022 16:55:43 Alt: -1.157
18/02/2022 16:55:43 ch8: 0
18/02/2022 16:55:43 distance: 11301861.683693295
18/02/2022 16:55:43 Pilot control
18/02/2022 16:55:43 -------------Check stall condition-------------
18/02/2022 16:55:43 Alt: -1.296
18/02/2022 16:55:43 ch8: 0
18/02/2022 16:55:43 distance: 11301861.683693295
18/02/2022 16:55:43 Pilot control
18/02/2022 16:55:43 -------------Check stall condition-------------
18/02/2022 16:55:43 Alt: -0.98
18/02/2022 16:55:43 ch8: 0
18/02/2022 16:55:43 distance: 11301863.796531517
18/02/2022 16:55:43 Pilot control
18/02/2022 16:55:43 -------------Check stall condition-------------
18/02/2022 16:55:43 Alt: -1.251
18/02/2022 16:55:43 ch8: 0
18/02/2022 16:55:43 distance: 11301863.796531517
18/02/2022 16:55:43 Pilot control
18/02/2022 16:55:44 -------------Check stall condition-------------
18/02/2022 16:55:44 Alt: -1.19
18/02/2022 16:55:44 ch8: 0
18/02/2022 16:55:44 distance: 11301864.524256814
18/02/2022 16:55:44 Pilot control
18/02/2022 16:55:44 -------------Check stall condition-------------
18/02/2022 16:55:44 Alt: -1.113
18/02/2022 16:55:44 ch8: 0
18/02/2022 16:55:44 distance: 11301865.198752096
18/02/2022 16:55:44 Pilot control
18/02/2022 16:55:44 -------------Check stall condition-------------
18/02/2022 16:55:44 Alt: -1.113
18/02/2022 16:55:44 ch8: 0
18/02/2022 16:55:44 distance: 11301865.926477524
18/02/2022 16:55:44 Pilot control
18/02/2022 16:55:44 -------------Check stall condition-------------
18/02/2022 16:55:44 Alt: -1.113
18/02/2022 16:55:44 ch8: 0
18/02/2022 16:55:44 distance: 11301865.926477524
18/02/2022 16:55:44 Pilot control
18/02/2022 16:55:45 -------------Check stall condition-------------
18/02/2022 16:55:45 Alt: -1.39
18/02/2022 16:55:45 ch8: 0
18/02/2022 16:55:45 distance: 11301866.65420302
18/02/2022 16:55:45 Pilot control
18/02/2022 16:55:45 -------------Check stall condition-------------
18/02/2022 16:55:45 Alt: -1.174
18/02/2022 16:55:45 ch8: 0
18/02/2022 16:55:45 distance: 11301868.746507054
18/02/2022 16:55:45 Pilot control
18/02/2022 16:55:45 -------------Check stall condition-------------
18/02/2022 16:55:45 Alt: -1.329
18/02/2022 16:55:45 ch8: 0
18/02/2022 16:55:45 distance: 11301869.460165348
18/02/2022 16:55:45 Pilot control
18/02/2022 16:55:45 -------------Check stall condition-------------
18/02/2022 16:55:45 Alt: -1.329
18/02/2022 16:55:45 ch8: 0
18/02/2022 16:55:45 distance: 11301869.460165348
18/02/2022 16:55:45 Pilot control
18/02/2022 16:55:46 -------------Check stall condition-------------
18/02/2022 16:55:46 Alt: -1.329
18/02/2022 16:55:46 ch8: 0
18/02/2022 16:55:46 distance: 11301869.460165348
18/02/2022 16:55:46 Pilot control
18/02/2022 16:55:46 -------------Check stall condition-------------
18/02/2022 16:55:46 Alt: -0.941
18/02/2022 16:55:46 ch8: 0
18/02/2022 16:55:46 distance: 11301870.173823705
18/02/2022 16:55:46 Pilot control
18/02/2022 16:55:46 -------------Check stall condition-------------
18/02/2022 16:55:46 Alt: -1.074
18/02/2022 16:55:46 ch8: 0
18/02/2022 16:55:46 distance: 11301871.497720135
18/02/2022 16:55:46 Pilot control
18/02/2022 16:55:46 -------------Check stall condition-------------
18/02/2022 16:55:46 Alt: -1.074
18/02/2022 16:55:46 ch8: 0
18/02/2022 16:55:46 distance: 11301872.20035098
18/02/2022 16:55:46 Pilot control
18/02/2022 16:55:46 -------------Check stall condition-------------
18/02/2022 16:55:46 Alt: -1.085
18/02/2022 16:55:47 ch8: 0
18/02/2022 16:55:47 distance: 11301872.20035098
18/02/2022 16:55:47 Pilot control
18/02/2022 16:55:47 -------------Check stall condition-------------
18/02/2022 16:55:47 Alt: -1.218
18/02/2022 16:55:47 ch8: 0
18/02/2022 16:55:47 distance: 11301873.442882668
18/02/2022 16:55:47 Pilot control
18/02/2022 16:55:47 -------------Check stall condition-------------
18/02/2022 16:55:47 Alt: -1.257
18/02/2022 16:55:47 ch8: 0
18/02/2022 16:55:47 distance: 11301874.780847155
18/02/2022 16:55:47 Pilot control
18/02/2022 16:55:47 -------------Check stall condition-------------
18/02/2022 16:55:47 Alt: -1.168
18/02/2022 16:55:47 ch8: 0
18/02/2022 16:55:47 distance: 11301877.484911801
18/02/2022 16:55:47 Pilot control
18/02/2022 16:55:48 -------------Check stall condition-------------
18/02/2022 16:55:48 Alt: -1.24
18/02/2022 16:55:48 ch8: 0
18/02/2022 16:55:48 distance: 11301878.159408221
18/02/2022 16:55:48 Pilot control
18/02/2022 16:55:48 -------------Check stall condition-------------
18/02/2022 16:55:48 Alt: -1.323
18/02/2022 16:55:48 ch8: 0
18/02/2022 16:55:48 distance: 11301878.862039682
18/02/2022 16:55:48 Pilot control
18/02/2022 16:55:48 -------------Check stall condition-------------
18/02/2022 16:55:48 Alt: -1.323
18/02/2022 16:55:48 ch8: 0
18/02/2022 16:55:48 distance: 11301879.564671205
18/02/2022 16:55:48 Pilot control
18/02/2022 16:55:48 -------------Check stall condition-------------
18/02/2022 16:55:48 Alt: -1.113
18/02/2022 16:55:48 ch8: 0
18/02/2022 16:55:48 distance: 11301880.270342585
18/02/2022 16:55:48 Pilot control
18/02/2022 16:55:49 -------------Check stall condition-------------
18/02/2022 16:55:49 Alt: -1.379
18/02/2022 16:55:49 ch8: 0
18/02/2022 16:55:49 distance: 11301880.270342585
18/02/2022 16:55:49 Pilot control
18/02/2022 16:55:49 -------------Check stall condition-------------
18/02/2022 16:55:49 Alt: -1.467
18/02/2022 16:55:49 ch8: 0
18/02/2022 16:55:49 distance: 11301880.987041736
18/02/2022 16:55:49 Pilot control
18/02/2022 16:55:49 -------------Check stall condition-------------
18/02/2022 16:55:49 Alt: -1.428
18/02/2022 16:55:49 ch8: 0
18/02/2022 16:55:49 distance: 11301882.406372746
18/02/2022 16:55:49 Pilot control
18/02/2022 16:55:49 -------------Check stall condition-------------
18/02/2022 16:55:49 Alt: -1.428
18/02/2022 16:55:49 ch8: 0
18/02/2022 16:55:49 distance: 11301883.109004602
18/02/2022 16:55:49 Pilot control
18/02/2022 16:55:49 -------------Check stall condition-------------
18/02/2022 16:55:49 Alt: -1.196
18/02/2022 16:55:49 ch8: 0
18/02/2022 16:55:49 distance: 11301883.109004602
18/02/2022 16:55:49 Pilot control
18/02/2022 16:55:49 -------------Check stall condition-------------
18/02/2022 16:55:50 Alt: -1.334
18/02/2022 16:55:50 ch8: 0
18/02/2022 16:55:50 distance: 11301883.814676324
18/02/2022 16:55:50 Pilot control
18/02/2022 16:55:50 -------------Check stall condition-------------
18/02/2022 16:55:50 Alt: -1.179
18/02/2022 16:55:50 ch8: 0
18/02/2022 16:55:50 distance: 11301884.476625701
18/02/2022 16:55:50 Pilot control
18/02/2022 16:55:50 -------------Check stall condition-------------
18/02/2022 16:55:50 Alt: -1.179
18/02/2022 16:55:50 ch8: 0
18/02/2022 16:55:50 distance: 11301884.476625701
18/02/2022 16:55:50 Pilot control
18/02/2022 16:55:50 -------------Check stall condition-------------
18/02/2022 16:55:50 Alt: -1.179
18/02/2022 16:55:50 ch8: 0
18/02/2022 16:55:50 distance: 11301885.194845155
18/02/2022 16:55:50 Pilot control
18/02/2022 16:55:50 -------------Check stall condition-------------
18/02/2022 16:55:50 Alt: -1.118
18/02/2022 16:55:50 ch8: 0
18/02/2022 16:55:50 distance: 11301885.91306468
18/02/2022 16:55:50 Pilot control
18/02/2022 16:55:50 -------------Check stall condition-------------
18/02/2022 16:55:50 Alt: -1.235
18/02/2022 16:55:50 ch8: 0
18/02/2022 16:55:51 distance: 11301887.319849016
18/02/2022 16:55:51 Pilot control
18/02/2022 16:55:51 -------------Check stall condition-------------
18/02/2022 16:55:51 Alt: -1.235
18/02/2022 16:55:51 ch8: 0
18/02/2022 16:55:51 distance: 11301887.319849016
18/02/2022 16:55:51 Pilot control
18/02/2022 16:55:51 -------------Check stall condition-------------
18/02/2022 16:55:51 Alt: -1.196
18/02/2022 16:55:51 ch8: 0
18/02/2022 16:55:51 distance: 11301888.064683864
18/02/2022 16:55:51 Pilot control
18/02/2022 16:55:51 -------------Check stall condition-------------
18/02/2022 16:55:51 Alt: -1.296
18/02/2022 16:55:51 ch8: 0
18/02/2022 16:55:51 distance: 11301888.756288545
18/02/2022 16:55:51 Pilot control
18/02/2022 16:55:51 -------------Check stall condition-------------
18/02/2022 16:55:51 Alt: -1.157
18/02/2022 16:55:51 ch8: 0
18/02/2022 16:55:51 distance: 11301889.407210663
18/02/2022 16:55:51 Pilot control
18/02/2022 16:55:52 -------------Check stall condition-------------
18/02/2022 16:55:52 Alt: -1.057
18/02/2022 16:55:52 ch8: 0
18/02/2022 16:55:52 distance: 11301890.137978204
18/02/2022 16:55:52 Pilot control
18/02/2022 16:55:52 -------------Check stall condition-------------
18/02/2022 16:55:52 Alt: -1.251
18/02/2022 16:55:52 ch8: 0
18/02/2022 16:55:52 distance: 11301890.801448049
18/02/2022 16:55:52 Pilot control
18/02/2022 16:55:52 -------------Check stall condition-------------
18/02/2022 16:55:52 Alt: -1.14
18/02/2022 16:55:52 ch8: 0
18/02/2022 16:55:52 distance: 11301892.22230083
18/02/2022 16:55:52 Pilot control
18/02/2022 16:55:52 -------------Check stall condition-------------
18/02/2022 16:55:52 Alt: -1.246
18/02/2022 16:55:52 ch8: 0
18/02/2022 16:55:52 distance: 11301893.644673789
18/02/2022 16:55:52 Pilot control
18/02/2022 16:55:53 -------------Check stall condition-------------
18/02/2022 16:55:53 Alt: -1.246
18/02/2022 16:55:53 ch8: 0
18/02/2022 16:55:53 distance: 11301894.308143947
18/02/2022 16:55:53 Pilot control
18/02/2022 16:55:53 -------------Check stall condition-------------
18/02/2022 16:55:53 Alt: -1.279
18/02/2022 16:55:53 ch8: 0
18/02/2022 16:55:53 distance: 11301894.308143947
18/02/2022 16:55:53 Pilot control
18/02/2022 16:55:53 -------------Check stall condition-------------
18/02/2022 16:55:53 Alt: -1.284
18/02/2022 16:55:53 ch8: 0
18/02/2022 16:55:53 distance: 11301895.03891197
18/02/2022 16:55:53 Pilot control
18/02/2022 16:55:53 -------------Check stall condition-------------
18/02/2022 16:55:53 Alt: -1.135
18/02/2022 16:55:53 ch8: 0
18/02/2022 16:55:53 distance: 11301895.757132452
18/02/2022 16:55:53 Pilot control
18/02/2022 16:55:54 -------------Check stall condition-------------
18/02/2022 16:55:54 Alt: -1.34
18/02/2022 16:55:54 ch8: 0
18/02/2022 16:55:54 distance: 11301897.082553292
18/02/2022 16:55:54 Pilot control
18/02/2022 16:55:54 -------------Check stall condition-------------
18/02/2022 16:55:54 Alt: -1.307
18/02/2022 16:55:54 ch8: 0
18/02/2022 16:55:54 distance: 11301898.504927184
18/02/2022 16:55:54 Pilot control
18/02/2022 16:55:54 -------------Check stall condition-------------
18/02/2022 16:55:54 Alt: -1.218
18/02/2022 16:55:54 ch8: 0
18/02/2022 16:55:54 distance: 11301898.504927184
18/02/2022 16:55:54 Pilot control
18/02/2022 16:55:54 -------------Check stall condition-------------
18/02/2022 16:55:54 Alt: -1.118
18/02/2022 16:55:54 ch8: 0
18/02/2022 16:55:54 distance: 11301899.237215538
18/02/2022 16:55:54 Pilot control
18/02/2022 16:55:55 -------------Check stall condition-------------
18/02/2022 16:55:55 Alt: -1.201
18/02/2022 16:55:55 ch8: 0
18/02/2022 16:55:55 distance: 11301901.393398335
18/02/2022 16:55:55 Pilot control
18/02/2022 16:55:55 -------------Check stall condition-------------
18/02/2022 16:55:55 Alt: -1.201
18/02/2022 16:55:55 ch8: 0
18/02/2022 16:55:55 distance: 11301901.393398335
18/02/2022 16:55:55 Pilot control
18/02/2022 16:55:55 -------------Check stall condition-------------
18/02/2022 16:55:55 Alt: -1.201
18/02/2022 16:55:55 ch8: 0
18/02/2022 16:55:55 distance: 11301902.097551893
18/02/2022 16:55:55 Pilot control
18/02/2022 16:55:55 -------------Check stall condition-------------
18/02/2022 16:55:55 Alt: -1.212
18/02/2022 16:55:55 ch8: 0
18/02/2022 16:55:55 distance: 11301902.804745361
18/02/2022 16:55:55 Pilot control
18/02/2022 16:55:56 -------------Check stall condition-------------
18/02/2022 16:55:56 Alt: -1.212
18/02/2022 16:55:56 ch8: 0
18/02/2022 16:55:56 distance: 11301903.508899057
18/02/2022 16:55:56 Pilot control
18/02/2022 16:55:56 -------------Check stall condition-------------
18/02/2022 16:55:56 Alt: -1.224
18/02/2022 16:55:56 ch8: 0
18/02/2022 16:55:56 distance: 11301903.508899057
18/02/2022 16:55:56 Pilot control
18/02/2022 16:55:56 -------------Check stall condition-------------
18/02/2022 16:55:56 Alt: -1.224
18/02/2022 16:55:56 ch8: 0
18/02/2022 16:55:56 distance: 11301904.214572739
18/02/2022 16:55:56 Pilot control
18/02/2022 16:55:56 -------------Check stall condition-------------
18/02/2022 16:55:56 Alt: -1.174
18/02/2022 16:55:56 ch8: 0
18/02/2022 16:55:56 distance: 11301904.879563771
18/02/2022 16:55:56 Pilot control
18/02/2022 16:55:57 -------------Check stall condition-------------
18/02/2022 16:55:57 Alt: -1.118
18/02/2022 16:55:57 ch8: 0
18/02/2022 16:55:57 distance: 11301906.887084862
18/02/2022 16:55:57 Pilot control
18/02/2022 16:55:57 -------------Check stall condition-------------
18/02/2022 16:55:57 Alt: -1.14
18/02/2022 16:55:57 ch8: 0
18/02/2022 16:55:57 distance: 11301907.55055621
18/02/2022 16:55:57 Pilot control
18/02/2022 16:55:57 -------------Check stall condition-------------
18/02/2022 16:55:57 Alt: -1.279
18/02/2022 16:55:57 ch8: 0
18/02/2022 16:55:57 distance: 11301908.24216273
18/02/2022 16:55:57 Pilot control
18/02/2022 16:55:57 -------------Check stall condition-------------
18/02/2022 16:55:57 Alt: -1.068
18/02/2022 16:55:57 ch8: 0
18/02/2022 16:55:57 distance: 11301908.935289247
18/02/2022 16:55:57 Pilot control
18/02/2022 16:55:57 -------------Check stall condition-------------
18/02/2022 16:55:57 Alt: -1.34
18/02/2022 16:55:57 ch8: 0
18/02/2022 16:55:58 distance: 11301909.655031014
18/02/2022 16:55:58 Pilot control
18/02/2022 16:55:58 -------------Check stall condition-------------
18/02/2022 16:55:58 Alt: -1.179
18/02/2022 16:55:58 ch8: 0
18/02/2022 16:55:58 distance: 11301910.305954987
18/02/2022 16:55:58 Pilot control
18/02/2022 16:55:58 -------------Check stall condition-------------
18/02/2022 16:55:58 Alt: -1.179
18/02/2022 16:55:58 ch8: 0
18/02/2022 16:55:58 distance: 11301910.305954987
18/02/2022 16:55:58 Pilot control
18/02/2022 16:55:58 -------------Check stall condition-------------
18/02/2022 16:55:58 Alt: -1.251
18/02/2022 16:55:58 ch8: 0
18/02/2022 16:55:58 distance: 11301911.618830798
18/02/2022 16:55:58 Pilot control
18/02/2022 16:55:58 -------------Check stall condition-------------
18/02/2022 16:55:58 Alt: -1.257
18/02/2022 16:55:58 ch8: 0
18/02/2022 16:55:58 distance: 11301912.310437704
18/02/2022 16:55:58 Pilot control
18/02/2022 16:55:59 -------------Check stall condition-------------
18/02/2022 16:55:59 Alt: -1.179
18/02/2022 16:55:59 ch8: 0
18/02/2022 16:55:59 distance: 11301913.01611224
18/02/2022 16:55:59 Pilot control
18/02/2022 16:55:59 -------------Check stall condition-------------
18/02/2022 16:55:59 Alt: -1.179
18/02/2022 16:55:59 ch8: 0
18/02/2022 16:55:59 distance: 11301913.721786845
18/02/2022 16:55:59 Pilot control
18/02/2022 16:55:59 -------------Check stall condition-------------
18/02/2022 16:55:59 Alt: -1.113
18/02/2022 16:55:59 ch8: 0
18/02/2022 16:55:59 distance: 11301913.721786845
18/02/2022 16:55:59 Pilot control
18/02/2022 16:55:59 -------------Check stall condition-------------
18/02/2022 16:55:59 Alt: -1.29
18/02/2022 16:55:59 ch8: 0
18/02/2022 16:55:59 distance: 11301914.358643606
18/02/2022 16:55:59 Pilot control
18/02/2022 16:55:59 -------------Check stall condition-------------
18/02/2022 16:55:59 Alt: -1.091
18/02/2022 16:55:59 ch8: 0
18/02/2022 16:55:59 distance: 11301915.0361832
18/02/2022 16:55:59 Pilot control
18/02/2022 16:55:59 -------------Check stall condition-------------
18/02/2022 16:55:59 Alt: -1.246
18/02/2022 16:56:00 ch8: 0
18/02/2022 16:56:00 distance: 11301916.311416944
18/02/2022 16:56:00 Pilot control
18/02/2022 16:56:00 -------------Check stall condition-------------
18/02/2022 16:56:00 Alt: -1.013
18/02/2022 16:56:00 ch8: 0
18/02/2022 16:56:00 distance: 11301916.960821567
18/02/2022 16:56:00 Pilot control
18/02/2022 16:56:00 -------------Check stall condition-------------
18/02/2022 16:56:00 Alt: -1.135
18/02/2022 16:56:00 ch8: 0
18/02/2022 16:56:00 distance: 11301917.677524252
18/02/2022 16:56:00 Pilot control
18/02/2022 16:56:00 -------------Check stall condition-------------
18/02/2022 16:56:00 Alt: -1.135
18/02/2022 16:56:00 ch8: 0
18/02/2022 16:56:00 distance: 11301917.677524252
18/02/2022 16:56:00 Pilot control
18/02/2022 16:56:00 -------------Check stall condition-------------
18/02/2022 16:56:00 Alt: -1.135
18/02/2022 16:56:00 ch8: 0
18/02/2022 16:56:00 distance: 11301918.37065167
18/02/2022 16:56:00 Pilot control
18/02/2022 16:56:01 -------------Check stall condition-------------
18/02/2022 16:56:01 Alt: -1.146
18/02/2022 16:56:01 ch8: 0
18/02/2022 16:56:01 distance: 11301918.966826035
18/02/2022 16:56:01 Pilot control
18/02/2022 16:56:01 -------------Check stall condition-------------
18/02/2022 16:56:01 Alt: -1.096
18/02/2022 16:56:01 ch8: 0
18/02/2022 16:56:01 distance: 11301920.375136578
18/02/2022 16:56:01 Pilot control
18/02/2022 16:56:01 -------------Check stall condition-------------
18/02/2022 16:56:01 Alt: -1.157
18/02/2022 16:56:01 ch8: 0
18/02/2022 16:56:01 distance: 11301921.0260615
18/02/2022 16:56:01 Pilot control
18/02/2022 16:56:01 -------------Check stall condition-------------
18/02/2022 16:56:01 Alt: -1.113
18/02/2022 16:56:01 ch8: 0
18/02/2022 16:56:01 distance: 11301921.74428452
18/02/2022 16:56:01 Pilot control
18/02/2022 16:56:01 -------------Check stall condition-------------
18/02/2022 16:56:01 Alt: -1.113
18/02/2022 16:56:01 ch8: 0
18/02/2022 16:56:01 distance: 11301922.382661922
18/02/2022 16:56:01 Pilot control
18/02/2022 16:56:02 -------------Check stall condition-------------
18/02/2022 16:56:02 Alt: -1.024
18/02/2022 16:56:02 ch8: 0
18/02/2022 16:56:02 distance: 11301922.382661922
18/02/2022 16:56:02 Pilot control
18/02/2022 16:56:02 -------------Check stall condition-------------
18/02/2022 16:56:02 Alt: -1.224
18/02/2022 16:56:02 ch8: 0
18/02/2022 16:56:02 distance: 11301923.017999483
18/02/2022 16:56:02 Pilot control
18/02/2022 16:56:02 -------------Check stall condition-------------
18/02/2022 16:56:02 Alt: -1.196
18/02/2022 16:56:02 ch8: 0
18/02/2022 16:56:02 distance: 11301923.748770343
18/02/2022 16:56:02 Pilot control
18/02/2022 16:56:02 -------------Check stall condition-------------
18/02/2022 16:56:02 Alt: -1.196
18/02/2022 16:56:02 ch8: 0
18/02/2022 16:56:02 distance: 11301925.17114939
18/02/2022 16:56:02 Pilot control
18/02/2022 16:56:03 -------------Check stall condition-------------
18/02/2022 16:56:03 Alt: -1.207
18/02/2022 16:56:03 ch8: 0
18/02/2022 16:56:03 distance: 11301926.496575484
18/02/2022 16:56:03 Pilot control
18/02/2022 16:56:03 -------------Check stall condition-------------
18/02/2022 16:56:03 Alt: -1.207
18/02/2022 16:56:03 ch8: 0
18/02/2022 16:56:03 distance: 11301926.496575484
18/02/2022 16:56:03 Pilot control
18/02/2022 16:56:03 -------------Check stall condition-------------
18/02/2022 16:56:03 Alt: -1.091
18/02/2022 16:56:03 ch8: 0
18/02/2022 16:56:03 distance: 11301927.18970374
18/02/2022 16:56:03 Pilot control
18/02/2022 16:56:03 -------------Check stall condition-------------
18/02/2022 16:56:03 Alt: -1.218
18/02/2022 16:56:03 ch8: 0
18/02/2022 16:56:03 distance: 11301927.796906514
18/02/2022 16:56:03 Pilot control
18/02/2022 16:56:04 -------------Check stall condition-------------
18/02/2022 16:56:04 Alt: -1.113
18/02/2022 16:56:04 ch8: 0
18/02/2022 16:56:04 distance: 11301929.095717821
18/02/2022 16:56:04 Pilot control
18/02/2022 16:56:04 -------------Check stall condition-------------
18/02/2022 16:56:04 Alt: -1.257
18/02/2022 16:56:04 ch8: 0
18/02/2022 16:56:04 distance: 11301930.478934987
18/02/2022 16:56:04 Pilot control
18/02/2022 16:56:04 -------------Check stall condition-------------
18/02/2022 16:56:04 Alt: -1.179
18/02/2022 16:56:04 ch8: 0
18/02/2022 16:56:04 distance: 11301931.114273239
18/02/2022 16:56:04 Pilot control
18/02/2022 16:56:04 -------------Check stall condition-------------
18/02/2022 16:56:04 Alt: -1.107
18/02/2022 16:56:04 ch8: 0
18/02/2022 16:56:04 distance: 11301931.73858385
18/02/2022 16:56:04 Pilot control
18/02/2022 16:56:05 -------------Check stall condition-------------
18/02/2022 16:56:05 Alt: -1.251
18/02/2022 16:56:05 ch8: 0
18/02/2022 16:56:05 distance: 11301933.024848191
18/02/2022 16:56:05 Pilot control
18/02/2022 16:56:05 -------------Check stall condition-------------
18/02/2022 16:56:05 Alt: -1.251
18/02/2022 16:56:05 ch8: 0
18/02/2022 16:56:05 distance: 11301933.024848191
18/02/2022 16:56:05 Pilot control
18/02/2022 16:56:05 -------------Check stall condition-------------
18/02/2022 16:56:05 Alt: -1.14
18/02/2022 16:56:05 ch8: 0
18/02/2022 16:56:05 distance: 11301933.686801925
18/02/2022 16:56:05 Pilot control
18/02/2022 16:56:05 -------------Check stall condition-------------
18/02/2022 16:56:05 Alt: -1.201
18/02/2022 16:56:05 ch8: 0
18/02/2022 16:56:05 distance: 11301934.405026177
18/02/2022 16:56:05 Pilot control
18/02/2022 16:56:06 -------------Check stall condition-------------
18/02/2022 16:56:06 Alt: -1.201
18/02/2022 16:56:06 ch8: 0
18/02/2022 16:56:06 distance: 11301934.405026177
18/02/2022 16:56:06 Pilot control
18/02/2022 16:56:06 -------------Check stall condition-------------
18/02/2022 16:56:06 Alt: -1.296
18/02/2022 16:56:06 ch8: 0
18/02/2022 16:56:06 distance: 11301935.0574723
18/02/2022 16:56:06 Pilot control
18/02/2022 16:56:06 -------------Check stall condition-------------
18/02/2022 16:56:06 Alt: -1.091
18/02/2022 16:56:06 ch8: 0
18/02/2022 16:56:06 distance: 11301935.73197387
18/02/2022 16:56:06 Pilot control
18/02/2022 16:56:06 -------------Check stall condition-------------
18/02/2022 16:56:06 Alt: -1.229
18/02/2022 16:56:06 ch8: 0
18/02/2022 16:56:06 distance: 11301938.467235781
18/02/2022 16:56:06 Pilot control
18/02/2022 16:56:07 -------------Check stall condition-------------
18/02/2022 16:56:07 Alt: -1.29
18/02/2022 16:56:07 ch8: 0
18/02/2022 16:56:07 distance: 11301939.172912838
18/02/2022 16:56:07 Pilot control
18/02/2022 16:56:07 -------------Check stall condition-------------
18/02/2022 16:56:07 Alt: -1.29
18/02/2022 16:56:07 ch8: 0
18/02/2022 16:56:07 distance: 11301939.172912838
18/02/2022 16:56:07 Pilot control
18/02/2022 16:56:07 -------------Check stall condition-------------
18/02/2022 16:56:07 Alt: -1.14
18/02/2022 16:56:07 ch8: 0
18/02/2022 16:56:07 distance: 11301939.823839422
18/02/2022 16:56:07 Pilot control
18/02/2022 16:56:07 -------------Check stall condition-------------
18/02/2022 16:56:07 Alt: -1.091
18/02/2022 16:56:07 ch8: 0
18/02/2022 16:56:07 distance: 11301940.554611929
18/02/2022 16:56:07 Pilot control
18/02/2022 16:56:07 -------------Check stall condition-------------
18/02/2022 16:56:07 Alt: -0.963
18/02/2022 16:56:07 ch8: 0
18/02/2022 16:56:08 distance: 11301941.25876922
18/02/2022 16:56:08 Pilot control
18/02/2022 16:56:08 -------------Check stall condition-------------
18/02/2022 16:56:08 Alt: -1.279
18/02/2022 16:56:08 ch8: 0
18/02/2022 16:56:08 distance: 11301942.62792104
18/02/2022 16:56:08 Pilot control
18/02/2022 16:56:08 -------------Check stall condition-------------
18/02/2022 16:56:08 Alt: -1.279
18/02/2022 16:56:08 ch8: 0
18/02/2022 16:56:08 distance: 11301942.62792104
18/02/2022 16:56:08 Pilot control
18/02/2022 16:56:08 -------------Check stall condition-------------
18/02/2022 16:56:08 Alt: -1.129
18/02/2022 16:56:08 ch8: 0
18/02/2022 16:56:08 distance: 11301943.277327958
18/02/2022 16:56:08 Pilot control
18/02/2022 16:56:08 -------------Check stall condition-------------
18/02/2022 16:56:08 Alt: -1.013
18/02/2022 16:56:08 ch8: 0
18/02/2022 16:56:08 distance: 11301943.940802572
18/02/2022 16:56:08 Pilot control
18/02/2022 16:56:09 -------------Check stall condition-------------
18/02/2022 16:56:09 Alt: -1.107
18/02/2022 16:56:09 ch8: 0
18/02/2022 16:56:09 distance: 11301944.588689633
18/02/2022 16:56:09 Pilot control
18/02/2022 16:56:09 -------------Check stall condition-------------
18/02/2022 16:56:09 Alt: -1.107
18/02/2022 16:56:09 ch8: 0
18/02/2022 16:56:09 distance: 11301944.588689633
18/02/2022 16:56:09 Pilot control
18/02/2022 16:56:09 -------------Check stall condition-------------
18/02/2022 16:56:09 Alt: -1.102
18/02/2022 16:56:09 ch8: 0
18/02/2022 16:56:09 distance: 11301946.025140323
18/02/2022 16:56:09 Pilot control
18/02/2022 16:56:09 -------------Check stall condition-------------
18/02/2022 16:56:09 Alt: -1.379
18/02/2022 16:56:09 ch8: 0
18/02/2022 16:56:09 distance: 11301947.350570122
18/02/2022 16:56:09 Pilot control
18/02/2022 16:56:10 -------------Check stall condition-------------
18/02/2022 16:56:10 Alt: -1.113
18/02/2022 16:56:10 ch8: 0
18/02/2022 16:56:10 distance: 11301947.985909807
18/02/2022 16:56:10 Pilot control
18/02/2022 16:56:10 -------------Check stall condition-------------
18/02/2022 16:56:10 Alt: -1.152
18/02/2022 16:56:10 ch8: 0
18/02/2022 16:56:10 distance: 11301948.704135448
18/02/2022 16:56:10 Pilot control
18/02/2022 16:56:10 -------------Check stall condition-------------
18/02/2022 16:56:10 Alt: -1.152
18/02/2022 16:56:10 ch8: 0
18/02/2022 16:56:10 distance: 11301948.704135448
18/02/2022 16:56:10 Pilot control
18/02/2022 16:56:10 -------------Check stall condition-------------
18/02/2022 16:56:10 Alt: -1.218
18/02/2022 16:56:10 ch8: 0
18/02/2022 16:56:10 distance: 11301949.434908826
18/02/2022 16:56:10 Pilot control
18/02/2022 16:56:10 -------------Check stall condition-------------
18/02/2022 16:56:10 Alt: -1.19
18/02/2022 16:56:10 ch8: 0
18/02/2022 16:56:10 distance: 11301950.151614629
18/02/2022 16:56:10 Pilot control
18/02/2022 16:56:11 -------------Check stall condition-------------
18/02/2022 16:56:11 Alt: -1.19
18/02/2022 16:56:11 ch8: 0
18/02/2022 16:56:11 distance: 11301950.80254218
18/02/2022 16:56:11 Pilot control
18/02/2022 16:56:11 -------------Check stall condition-------------
18/02/2022 16:56:11 Alt: -1.235
18/02/2022 16:56:11 ch8: 0
18/02/2022 16:56:11 distance: 11301952.085769862
18/02/2022 16:56:11 Pilot control
18/02/2022 16:56:11 -------------Check stall condition-------------
18/02/2022 16:56:11 Alt: -1.29
18/02/2022 16:56:11 ch8: 0
18/02/2022 16:56:11 distance: 11301952.775860589
18/02/2022 16:56:11 Pilot control
18/02/2022 16:56:11 -------------Check stall condition-------------
18/02/2022 16:56:11 Alt: -1.268
18/02/2022 16:56:11 ch8: 0
18/02/2022 16:56:11 distance: 11301953.506634366
18/02/2022 16:56:11 Pilot control
18/02/2022 16:56:11 -------------Check stall condition-------------
18/02/2022 16:56:11 Alt: -1.268
18/02/2022 16:56:11 ch8: 0
18/02/2022 16:56:12 distance: 11301954.170109889
18/02/2022 16:56:12 Pilot control
18/02/2022 16:56:12 -------------Check stall condition-------------
18/02/2022 16:56:12 Alt: -1.329
18/02/2022 16:56:12 ch8: 0
18/02/2022 16:56:12 distance: 11301954.170109889
18/02/2022 16:56:12 Pilot control
18/02/2022 16:56:12 -------------Check stall condition-------------
18/02/2022 16:56:12 Alt: -1.096
18/02/2022 16:56:12 ch8: 0
18/02/2022 16:56:12 distance: 11301954.913431479
18/02/2022 16:56:12 Pilot control
18/02/2022 16:56:12 -------------Check stall condition-------------
18/02/2022 16:56:12 Alt: -0.996
18/02/2022 16:56:12 ch8: 0
18/02/2022 16:56:12 distance: 11301955.619110113
18/02/2022 16:56:12 Pilot control
18/02/2022 16:56:12 -------------Check stall condition-------------
18/02/2022 16:56:12 Alt: -1.096
18/02/2022 16:56:12 ch8: 0
18/02/2022 16:56:12 distance: 11301956.99625231
18/02/2022 16:56:12 Pilot control
18/02/2022 16:56:13 -------------Check stall condition-------------
18/02/2022 16:56:13 Alt: -1.224
18/02/2022 16:56:13 ch8: 0
18/02/2022 16:56:13 distance: 11301957.590909798
18/02/2022 16:56:13 Pilot control
18/02/2022 16:56:13 -------------Check stall condition-------------
18/02/2022 16:56:13 Alt: -1.224
18/02/2022 16:56:13 ch8: 0
18/02/2022 16:56:13 distance: 11301958.254385686
18/02/2022 16:56:13 Pilot control
18/02/2022 16:56:13 -------------Check stall condition-------------
18/02/2022 16:56:13 Alt: -0.996
18/02/2022 16:56:13 ch8: 0
18/02/2022 16:56:13 distance: 11301958.88972629
18/02/2022 16:56:13 Pilot control
18/02/2022 16:56:13 -------------Check stall condition-------------
18/02/2022 16:56:13 Alt: -1.063
18/02/2022 16:56:13 ch8: 0
18/02/2022 16:56:13 distance: 11301959.578297654
18/02/2022 16:56:13 Pilot control
18/02/2022 16:56:13 -------------Check stall condition-------------
18/02/2022 16:56:13 Alt: -1.14
18/02/2022 16:56:13 ch8: 0
18/02/2022 16:56:14 distance: 11301960.293484433
18/02/2022 16:56:14 Pilot control
18/02/2022 16:56:14 -------------Check stall condition-------------
18/02/2022 16:56:14 Alt: -1.212
18/02/2022 16:56:14 ch8: 0
18/02/2022 16:56:14 distance: 11301961.523483006
18/02/2022 16:56:14 Pilot control
18/02/2022 16:56:14 -------------Check stall condition-------------
18/02/2022 16:56:14 Alt: -1.212
18/02/2022 16:56:14 ch8: 0
18/02/2022 16:56:14 distance: 11301961.523483006
18/02/2022 16:56:14 Pilot control
18/02/2022 16:56:14 -------------Check stall condition-------------
18/02/2022 16:56:14 Alt: -1.179
18/02/2022 16:56:14 ch8: 0
18/02/2022 16:56:14 distance: 11301962.240189962
18/02/2022 16:56:14 Pilot control
18/02/2022 16:56:14 -------------Check stall condition-------------
18/02/2022 16:56:14 Alt: -1.168
18/02/2022 16:56:14 ch8: 0
18/02/2022 16:56:14 distance: 11301962.90062627
18/02/2022 16:56:14 Pilot control
18/02/2022 16:56:14 -------------Check stall condition-------------
18/02/2022 16:56:15 Alt: -1.168
18/02/2022 16:56:15 ch8: 0
18/02/2022 16:56:15 distance: 11301962.90062627
18/02/2022 16:56:15 Pilot control
18/02/2022 16:56:15 -------------Check stall condition-------------
18/02/2022 16:56:15 Alt: -1.262
18/02/2022 16:56:15 ch8: 0
18/02/2022 16:56:15 distance: 11301963.589197997
18/02/2022 16:56:15 Pilot control
18/02/2022 16:56:15 -------------Check stall condition-------------
18/02/2022 16:56:15 Alt: -1.246
18/02/2022 16:56:15 ch8: 0
18/02/2022 16:56:15 distance: 11301964.23860673
18/02/2022 16:56:15 Pilot control
18/02/2022 16:56:15 -------------Check stall condition-------------
18/02/2022 16:56:15 Alt: -1.041
18/02/2022 16:56:15 ch8: 0
18/02/2022 16:56:15 distance: 11301966.490630068
18/02/2022 16:56:15 Pilot control
18/02/2022 16:56:16 -------------Check stall condition-------------
18/02/2022 16:56:16 Alt: -1.041
18/02/2022 16:56:16 ch8: 0
18/02/2022 16:56:16 distance: 11301966.490630068
18/02/2022 16:56:16 Pilot control
18/02/2022 16:56:16 -------------Check stall condition-------------
18/02/2022 16:56:16 Alt: -1.129
18/02/2022 16:56:16 ch8: 0
18/02/2022 16:56:16 distance: 11301967.950660361
18/02/2022 16:56:16 Pilot control
18/02/2022 16:56:16 -------------Check stall condition-------------
18/02/2022 16:56:16 Alt: -1.091
18/02/2022 16:56:16 ch8: 0
18/02/2022 16:56:16 distance: 11301968.62668485
18/02/2022 16:56:16 Pilot control
18/02/2022 16:56:16 -------------Check stall condition-------------
18/02/2022 16:56:16 Alt: -1.179
18/02/2022 16:56:16 ch8: 0
18/02/2022 16:56:16 distance: 11301969.366967857
18/02/2022 16:56:16 Pilot control
18/02/2022 16:56:16 -------------Check stall condition-------------
18/02/2022 16:56:16 Alt: -1.307
18/02/2022 16:56:16 ch8: 0
18/02/2022 16:56:16 distance: 11301970.745632537
18/02/2022 16:56:16 Pilot control
18/02/2022 16:56:17 -------------Check stall condition-------------
18/02/2022 16:56:17 Alt: -1.307
18/02/2022 16:56:17 ch8: 0
18/02/2022 16:56:17 distance: 11301970.745632537
18/02/2022 16:56:17 Pilot control
18/02/2022 16:56:17 -------------Check stall condition-------------
18/02/2022 16:56:17 Alt: -1.401
18/02/2022 16:56:17 ch8: 0
18/02/2022 16:56:17 distance: 11301971.432684964
18/02/2022 16:56:17 Pilot control
18/02/2022 16:56:17 -------------Check stall condition-------------
18/02/2022 16:56:17 Alt: -1.329
18/02/2022 16:56:17 ch8: 0
18/02/2022 16:56:17 distance: 11301972.149392856
18/02/2022 16:56:17 Pilot control
18/02/2022 16:56:17 -------------Check stall condition-------------
18/02/2022 16:56:17 Alt: -1.329
18/02/2022 16:56:17 ch8: 0
18/02/2022 16:56:17 distance: 11301972.809830016
18/02/2022 16:56:17 Pilot control
18/02/2022 16:56:18 -------------Check stall condition-------------
18/02/2022 16:56:18 Alt: -1.334
18/02/2022 16:56:18 ch8: 0
18/02/2022 16:56:18 distance: 11301973.471787235
18/02/2022 16:56:18 Pilot control
18/02/2022 16:56:18 -------------Check stall condition-------------
18/02/2022 16:56:18 Alt: -0.941
18/02/2022 16:56:18 ch8: 0
18/02/2022 16:56:18 distance: 11301974.874028048
18/02/2022 16:56:18 Pilot control
18/02/2022 16:56:18 -------------Check stall condition-------------
18/02/2022 16:56:18 Alt: -1.268
18/02/2022 16:56:18 ch8: 0
18/02/2022 16:56:18 distance: 11301975.56260085
18/02/2022 16:56:18 Pilot control
18/02/2022 16:56:18 -------------Check stall condition-------------
18/02/2022 16:56:18 Alt: -1.268
18/02/2022 16:56:18 ch8: 0
18/02/2022 16:56:18 distance: 11301976.293376839
18/02/2022 16:56:18 Pilot control
18/02/2022 16:56:18 -------------Check stall condition-------------
18/02/2022 16:56:18 Alt: -1.14
18/02/2022 16:56:18 ch8: 0
18/02/2022 16:56:18 distance: 11301977.021112876
18/02/2022 16:56:18 Pilot control
18/02/2022 16:56:19 -------------Check stall condition-------------
18/02/2022 16:56:19 Alt: -1.14
18/02/2022 16:56:19 ch8: 0
18/02/2022 16:56:19 distance: 11301977.021112876
18/02/2022 16:56:19 Pilot control
18/02/2022 16:56:19 -------------Check stall condition-------------
18/02/2022 16:56:19 Alt: -1.24
18/02/2022 16:56:19 ch8: 0
18/02/2022 16:56:19 distance: 11301977.68155045
18/02/2022 16:56:19 Pilot control
18/02/2022 16:56:19 -------------Check stall condition-------------
18/02/2022 16:56:19 Alt: -1.268
18/02/2022 16:56:19 ch8: 0
18/02/2022 16:56:19 distance: 11301978.382671207
18/02/2022 16:56:19 Pilot control
18/02/2022 16:56:19 -------------Check stall condition-------------
18/02/2022 16:56:19 Alt: -1.168
18/02/2022 16:56:19 ch8: 0
18/02/2022 16:56:19 distance: 11301979.719134375
18/02/2022 16:56:19 Pilot control
18/02/2022 16:56:19 -------------Check stall condition-------------
18/02/2022 16:56:19 Alt: -1.185
18/02/2022 16:56:19 ch8: 0
18/02/2022 16:56:20 distance: 11301980.44839075
18/02/2022 16:56:20 Pilot control
18/02/2022 16:56:20 -------------Check stall condition-------------
18/02/2022 16:56:20 Alt: -1.185
18/02/2022 16:56:20 ch8: 0
18/02/2022 16:56:20 distance: 11301981.135444041
18/02/2022 16:56:20 Pilot control
18/02/2022 16:56:20 -------------Check stall condition-------------
18/02/2022 16:56:20 Alt: -1.406
18/02/2022 16:56:20 ch8: 0
18/02/2022 16:56:20 distance: 11301981.78181425
18/02/2022 16:56:20 Pilot control
18/02/2022 16:56:20 -------------Check stall condition-------------
18/02/2022 16:56:20 Alt: -1.096
18/02/2022 16:56:20 ch8: 0
18/02/2022 16:56:20 distance: 11301982.482935376
18/02/2022 16:56:20 Pilot control
18/02/2022 16:56:21 -------------Check stall condition-------------
18/02/2022 16:56:21 Alt: -1.296
18/02/2022 16:56:21 ch8: 0
18/02/2022 16:56:21 distance: 11301983.185576584
18/02/2022 16:56:21 Pilot control
18/02/2022 16:56:21 -------------Check stall condition-------------
18/02/2022 16:56:21 Alt: -0.913
18/02/2022 16:56:21 ch8: 0
18/02/2022 16:56:21 distance: 11301984.533068275
18/02/2022 16:56:21 Pilot control
18/02/2022 16:56:21 -------------Check stall condition-------------
18/02/2022 16:56:21 Alt: -1.152
18/02/2022 16:56:21 ch8: 0
18/02/2022 16:56:21 distance: 11301985.260805089
18/02/2022 16:56:21 Pilot control
18/02/2022 16:56:21 -------------Check stall condition-------------
18/02/2022 16:56:21 Alt: -1.152
18/02/2022 16:56:21 ch8: 0
18/02/2022 16:56:21 distance: 11301985.260805089
18/02/2022 16:56:21 Pilot control
18/02/2022 16:56:21 -------------Check stall condition-------------
18/02/2022 16:56:21 Alt: -1.229
18/02/2022 16:56:21 ch8: 0
18/02/2022 16:56:21 distance: 11301985.868012493
18/02/2022 16:56:21 Pilot control
18/02/2022 16:56:22 -------------Check stall condition-------------
18/02/2022 16:56:22 Alt: -1.091
18/02/2022 16:56:22 ch8: 0
18/02/2022 16:56:22 distance: 11301986.514383094
18/02/2022 16:56:22 Pilot control
18/02/2022 16:56:22 -------------Check stall condition-------------
18/02/2022 16:56:22 Alt: -1.052
18/02/2022 16:56:22 ch8: 0
18/02/2022 16:56:22 distance: 11301987.22805236
18/02/2022 16:56:22 Pilot control
18/02/2022 16:56:22 -------------Check stall condition-------------
18/02/2022 16:56:22 Alt: -1.024
18/02/2022 16:56:22 ch8: 0
18/02/2022 16:56:22 distance: 11301987.955789424
18/02/2022 16:56:22 Pilot control
18/02/2022 16:56:22 -------------Check stall condition-------------
18/02/2022 16:56:22 Alt: -1.124
18/02/2022 16:56:22 ch8: 0
18/02/2022 16:56:22 distance: 11301989.439399227
18/02/2022 16:56:22 Pilot control
18/02/2022 16:56:23 -------------Check stall condition-------------
18/02/2022 16:56:23 Alt: -1.207
18/02/2022 16:56:23 ch8: 0
18/02/2022 16:56:23 distance: 11301990.127973337
18/02/2022 16:56:23 Pilot control
18/02/2022 16:56:23 -------------Check stall condition-------------
18/02/2022 16:56:23 Alt: -1.129
18/02/2022 16:56:23 ch8: 0
18/02/2022 16:56:23 distance: 11301990.829095222
18/02/2022 16:56:23 Pilot control
18/02/2022 16:56:23 -------------Check stall condition-------------
18/02/2022 16:56:23 Alt: -1.329
18/02/2022 16:56:23 ch8: 0
18/02/2022 16:56:23 distance: 11301991.489533974
18/02/2022 16:56:23 Pilot control
18/02/2022 16:56:23 -------------Check stall condition-------------
18/02/2022 16:56:23 Alt: -1.423
18/02/2022 16:56:23 ch8: 0
18/02/2022 16:56:23 distance: 11301992.204723723
18/02/2022 16:56:23 Pilot control
18/02/2022 16:56:23 -------------Check stall condition-------------
18/02/2022 16:56:23 Alt: -1.423
18/02/2022 16:56:23 ch8: 0
18/02/2022 16:56:23 distance: 11301993.552216979
18/02/2022 16:56:24 Pilot control
18/02/2022 16:56:24 -------------Check stall condition-------------
18/02/2022 16:56:24 Alt: -1.224
18/02/2022 16:56:24 ch8: 0
18/02/2022 16:56:24 distance: 11301994.171972753
18/02/2022 16:56:24 Pilot control
18/02/2022 16:56:24 -------------Check stall condition-------------
18/02/2022 16:56:24 Alt: -1.224
18/02/2022 16:56:24 ch8: 0
18/02/2022 16:56:24 distance: 11301994.874615036
18/02/2022 16:56:24 Pilot control
18/02/2022 16:56:24 -------------Check stall condition-------------
18/02/2022 16:56:24 Alt: -1.14
18/02/2022 16:56:24 ch8: 0
18/02/2022 16:56:24 distance: 11301995.588285068
18/02/2022 16:56:24 Pilot control
18/02/2022 16:56:24 -------------Check stall condition-------------
18/02/2022 16:56:24 Alt: -1.013
18/02/2022 16:56:24 ch8: 0
18/02/2022 16:56:24 distance: 11301996.23617651
18/02/2022 16:56:24 Pilot control
18/02/2022 16:56:25 -------------Check stall condition-------------
18/02/2022 16:56:25 Alt: -1.013
18/02/2022 16:56:25 ch8: 0
18/02/2022 16:56:25 distance: 11301997.528919483
18/02/2022 16:56:25 Pilot control
18/02/2022 16:56:25 -------------Check stall condition-------------
18/02/2022 16:56:25 Alt: -1.345
18/02/2022 16:56:25 ch8: 0
18/02/2022 16:56:25 distance: 11301997.528919483
18/02/2022 16:56:25 Pilot control
18/02/2022 16:56:25 -------------Check stall condition-------------
18/02/2022 16:56:25 Alt: -1.224
18/02/2022 16:56:25 ch8: 0
18/02/2022 16:56:25 distance: 11301998.201906523
18/02/2022 16:56:25 Pilot control
18/02/2022 16:56:25 -------------Check stall condition-------------
18/02/2022 16:56:25 Alt: -1.235
18/02/2022 16:56:25 ch8: 0
18/02/2022 16:56:25 distance: 11301998.931164652
18/02/2022 16:56:25 Pilot control
18/02/2022 16:56:26 -------------Check stall condition-------------
18/02/2022 16:56:26 Alt: -1.196
18/02/2022 16:56:26 ch8: 0
18/02/2022 16:56:26 distance: 11301999.605671855
18/02/2022 16:56:26 Pilot control
18/02/2022 16:56:26 -------------Check stall condition-------------
18/02/2022 16:56:26 Alt: -1.168
18/02/2022 16:56:26 ch8: 0
18/02/2022 16:56:26 distance: 11302000.3459578
18/02/2022 16:56:26 Pilot control
18/02/2022 16:56:26 -------------Check stall condition-------------
18/02/2022 16:56:26 Alt: -1.168
18/02/2022 16:56:26 ch8: 0
18/02/2022 16:56:26 distance: 11302000.3459578
18/02/2022 16:56:26 Pilot control
18/02/2022 16:56:26 -------------Check stall condition-------------
18/02/2022 16:56:26 Alt: -1.224
18/02/2022 16:56:26 ch8: 0
18/02/2022 16:56:26 distance: 11302002.407123122
18/02/2022 16:56:26 Pilot control
18/02/2022 16:56:27 -------------Check stall condition-------------
18/02/2022 16:56:27 Alt: -1.224
18/02/2022 16:56:27 ch8: 0
18/02/2022 16:56:27 distance: 11302003.122313883
18/02/2022 16:56:27 Pilot control
18/02/2022 16:56:27 -------------Check stall condition-------------
18/02/2022 16:56:27 Alt: -1.212
18/02/2022 16:56:27 ch8: 0
18/02/2022 16:56:27 distance: 11302003.85157248
18/02/2022 16:56:27 Pilot control
18/02/2022 16:56:27 -------------Check stall condition-------------
18/02/2022 16:56:27 Alt: -1.428
18/02/2022 16:56:27 ch8: 0
18/02/2022 16:56:27 distance: 11302004.577791058
18/02/2022 16:56:27 Pilot control
18/02/2022 16:56:27 -------------Check stall condition-------------
18/02/2022 16:56:27 Alt: -1.185
18/02/2022 16:56:27 ch8: 0
18/02/2022 16:56:27 distance: 11302005.318077473
18/02/2022 16:56:27 Pilot control
18/02/2022 16:56:27 -------------Check stall condition-------------
18/02/2022 16:56:28 Alt: -1.301
18/02/2022 16:56:28 ch8: 0
18/02/2022 16:56:28 distance: 11302006.019200733
18/02/2022 16:56:28 Pilot control
18/02/2022 16:56:28 -------------Check stall condition-------------
18/02/2022 16:56:28 Alt: -1.229
18/02/2022 16:56:28 ch8: 0
18/02/2022 16:56:28 distance: 11302007.33856083
18/02/2022 16:56:28 Pilot control
18/02/2022 16:56:28 -------------Check stall condition-------------
18/02/2022 16:56:28 Alt: -1.329
18/02/2022 16:56:28 ch8: 0
18/02/2022 16:56:28 distance: 11302008.041204318
18/02/2022 16:56:28 Pilot control
18/02/2022 16:56:28 -------------Check stall condition-------------
18/02/2022 16:56:28 Alt: -1.135
18/02/2022 16:56:28 ch8: 0
18/02/2022 16:56:28 distance: 11302009.42938361
18/02/2022 16:56:29 Pilot control
18/02/2022 16:56:29 -------------Check stall condition-------------
18/02/2022 16:56:29 Alt: -1.135
18/02/2022 16:56:29 ch8: 0
18/02/2022 16:56:29 distance: 11302010.168150434
18/02/2022 16:56:29 Pilot control
18/02/2022 16:56:29 -------------Check stall condition-------------
18/02/2022 16:56:29 Alt: -1.262
18/02/2022 16:56:29 ch8: 0
18/02/2022 16:56:29 distance: 11302010.168150434
18/02/2022 16:56:29 Pilot control
18/02/2022 16:56:29 -------------Check stall condition-------------
18/02/2022 16:56:29 Alt: -1.284
18/02/2022 16:56:29 ch8: 0
18/02/2022 16:56:29 distance: 11302011.529714586
18/02/2022 16:56:29 Pilot control
18/02/2022 16:56:29 -------------Check stall condition-------------
18/02/2022 16:56:29 Alt: -1.229
18/02/2022 16:56:29 ch8: 0
18/02/2022 16:56:29 distance: 11302012.284069445
18/02/2022 16:56:29 Pilot control
18/02/2022 16:56:30 -------------Check stall condition-------------
18/02/2022 16:56:30 Alt: -1.229
18/02/2022 16:56:30 ch8: 0
18/02/2022 16:56:30 distance: 11302012.284069445
18/02/2022 16:56:30 Pilot control
18/02/2022 16:56:30 -------------Check stall condition-------------
18/02/2022 16:56:30 Alt: -1.196
18/02/2022 16:56:30 ch8: 0
18/02/2022 16:56:30 distance: 11302013.738028279
18/02/2022 16:56:30 Pilot control
18/02/2022 16:56:30 -------------Check stall condition-------------
18/02/2022 16:56:30 Alt: -1.268
18/02/2022 16:56:30 ch8: 0
18/02/2022 16:56:30 distance: 11302013.738028279
18/02/2022 16:56:30 Pilot control
18/02/2022 16:56:30 -------------Check stall condition-------------
18/02/2022 16:56:30 Alt: -1.074
18/02/2022 16:56:30 ch8: 0
18/02/2022 16:56:30 distance: 11302014.453220088
18/02/2022 16:56:30 Pilot control
18/02/2022 16:56:31 -------------Check stall condition-------------
18/02/2022 16:56:31 Alt: -1.074
18/02/2022 16:56:31 ch8: 0
18/02/2022 16:56:31 distance: 11302015.046361996
18/02/2022 16:56:31 Pilot control
18/02/2022 16:56:31 -------------Check stall condition-------------
18/02/2022 16:56:31 Alt: -1.345
18/02/2022 16:56:31 ch8: 0
18/02/2022 16:56:31 distance: 11302015.761553926
18/02/2022 16:56:31 Pilot control
18/02/2022 16:56:31 -------------Check stall condition-------------
18/02/2022 16:56:31 Alt: -1.129
18/02/2022 16:56:31 ch8: 0
18/02/2022 16:56:31 distance: 11302017.173310013
18/02/2022 16:56:31 Pilot control
18/02/2022 16:56:31 -------------Check stall condition-------------
18/02/2022 16:56:31 Alt: -1.091
18/02/2022 16:56:31 ch8: 0
18/02/2022 16:56:31 distance: 11302017.835271062
18/02/2022 16:56:31 Pilot control
18/02/2022 16:56:31 -------------Check stall condition-------------
18/02/2022 16:56:31 Alt: -1.34
18/02/2022 16:56:31 ch8: 0
18/02/2022 16:56:31 distance: 11302018.455028769
18/02/2022 16:56:31 Pilot control
18/02/2022 16:56:32 -------------Check stall condition-------------
18/02/2022 16:56:32 Alt: -1.417
18/02/2022 16:56:32 ch8: 0
18/02/2022 16:56:32 distance: 11302019.113949805
18/02/2022 16:56:32 Pilot control
18/02/2022 16:56:32 -------------Check stall condition-------------
18/02/2022 16:56:32 Alt: -1.229
18/02/2022 16:56:32 ch8: 0
18/02/2022 16:56:32 distance: 11302019.81355425
18/02/2022 16:56:32 Pilot control
18/02/2022 16:56:32 -------------Check stall condition-------------
18/02/2022 16:56:32 Alt: -1.235
18/02/2022 16:56:32 ch8: 0
18/02/2022 16:56:32 distance: 11302021.162572345
18/02/2022 16:56:32 Pilot control
18/02/2022 16:56:32 -------------Check stall condition-------------
18/02/2022 16:56:32 Alt: -1.334
18/02/2022 16:56:32 ch8: 0
18/02/2022 16:56:32 distance: 11302021.834041351
18/02/2022 16:56:32 Pilot control
18/02/2022 16:56:33 -------------Check stall condition-------------
18/02/2022 16:56:33 Alt: -1.185
18/02/2022 16:56:33 ch8: 0
18/02/2022 16:56:33 distance: 11302022.589917272
18/02/2022 16:56:33 Pilot control
18/02/2022 16:56:33 -------------Check stall condition-------------
18/02/2022 16:56:33 Alt: -1.356
18/02/2022 16:56:33 ch8: 0
18/02/2022 16:56:33 distance: 11302023.236290911
18/02/2022 16:56:33 Pilot control
18/02/2022 16:56:33 -------------Check stall condition-------------
18/02/2022 16:56:33 Alt: -1.068
18/02/2022 16:56:33 ch8: 0
18/02/2022 16:56:33 distance: 11302023.964031342
18/02/2022 16:56:33 Pilot control
18/02/2022 16:56:33 -------------Check stall condition-------------
18/02/2022 16:56:33 Alt: -1.14
18/02/2022 16:56:33 ch8: 0
18/02/2022 16:56:33 distance: 11302025.36476122
18/02/2022 16:56:33 Pilot control
18/02/2022 16:56:34 -------------Check stall condition-------------
18/02/2022 16:56:34 Alt: -1.44
18/02/2022 16:56:34 ch8: 0
18/02/2022 16:56:34 distance: 11302026.036230585
18/02/2022 16:56:34 Pilot control
18/02/2022 16:56:34 -------------Check stall condition-------------
18/02/2022 16:56:34 Alt: -1.307
18/02/2022 16:56:34 ch8: 0
18/02/2022 16:56:34 distance: 11302026.779559167
18/02/2022 16:56:34 Pilot control
18/02/2022 16:56:34 -------------Check stall condition-------------
18/02/2022 16:56:34 Alt: -1.423
18/02/2022 16:56:34 ch8: 0
18/02/2022 16:56:34 distance: 11302027.42441308
18/02/2022 16:56:34 Pilot control
18/02/2022 16:56:34 -------------Check stall condition-------------
18/02/2022 16:56:34 Alt: -1.318
18/02/2022 16:56:34 ch8: 0
18/02/2022 16:56:34 distance: 11302028.164701654
18/02/2022 16:56:34 Pilot control
18/02/2022 16:56:35 -------------Check stall condition-------------
18/02/2022 16:56:35 Alt: -1.318
18/02/2022 16:56:35 ch8: 0
18/02/2022 16:56:35 distance: 11302028.164701654
18/02/2022 16:56:35 Pilot control
18/02/2022 16:56:35 -------------Check stall condition-------------
18/02/2022 16:56:35 Alt: -1.284
18/02/2022 16:56:35 ch8: 0
18/02/2022 16:56:35 distance: 11302030.335376782
18/02/2022 16:56:35 Pilot control
18/02/2022 16:56:35 -------------Check stall condition-------------
18/02/2022 16:56:35 Alt: -1.329
18/02/2022 16:56:35 ch8: 0
18/02/2022 16:56:35 distance: 11302031.089733457
18/02/2022 16:56:35 Pilot control
18/02/2022 16:56:35 -------------Check stall condition-------------
18/02/2022 16:56:35 Alt: -1.329
18/02/2022 16:56:35 ch8: 0
18/02/2022 16:56:35 distance: 11302031.81595455
18/02/2022 16:56:35 Pilot control
18/02/2022 16:56:35 -------------Check stall condition-------------
18/02/2022 16:56:36 Alt: -1.224
18/02/2022 16:56:36 ch8: 0
18/02/2022 16:56:36 distance: 11302032.543695781
18/02/2022 16:56:36 Pilot control
18/02/2022 16:56:36 -------------Check stall condition-------------
18/02/2022 16:56:36 Alt: -1.373
18/02/2022 16:56:36 ch8: 0
18/02/2022 16:56:36 distance: 11302033.218205908
18/02/2022 16:56:36 Pilot control
18/02/2022 16:56:36 -------------Check stall condition-------------
18/02/2022 16:56:36 Alt: -1.329
18/02/2022 16:56:36 ch8: 0
18/02/2022 16:56:36 distance: 11302033.95697495
18/02/2022 16:56:36 Pilot control
18/02/2022 16:56:36 -------------Check stall condition-------------
18/02/2022 16:56:36 Alt: -1.24
18/02/2022 16:56:36 ch8: 0
18/02/2022 16:56:36 distance: 11302035.370254371
18/02/2022 16:56:36 Pilot control
18/02/2022 16:56:36 -------------Check stall condition-------------
18/02/2022 16:56:36 Alt: -1.356
18/02/2022 16:56:36 ch8: 0
18/02/2022 16:56:36 distance: 11302036.085448176
18/02/2022 16:56:37 Pilot control
18/02/2022 16:56:37 -------------Check stall condition-------------
18/02/2022 16:56:37 Alt: -1.356
18/02/2022 16:56:37 ch8: 0
18/02/2022 16:56:37 distance: 11302036.085448176
18/02/2022 16:56:37 Pilot control
