22/02/2022 12:25:42 Connecting to Vehicle on: /dev/ttyACM0
22/02/2022 12:25:43 ArduPlane V4.1.4 (0f984409)
22/02/2022 12:25:43 ChibiOS: 45395b6a
22/02/2022 12:25:43 CubeBlack 00360049 3337510E 37353832
22/02/2022 12:25:43 RCOut: PWM:1-12
22/02/2022 12:25:43 IMU0: fast sampling enabled 8.0kHz/1.0kHz
22/02/2022 12:25:43 IMU2: fast sampling enabled 8.0kHz/1.0kHz
22/02/2022 12:25:54 -------------Check stall condition-------------
22/02/2022 12:25:54 Alt: 0.338
22/02/2022 12:25:54 distance: 11301278.318952387
22/02/2022 12:25:54 Mode: RTL
22/02/2022 12:25:54 Pilot control
22/02/2022 12:25:55 ch7: 0
22/02/2022 12:25:55 -------------Check stall condition-------------
22/02/2022 12:25:55 Alt: 0.139
22/02/2022 12:25:55 distance: 11301281.060643064
22/02/2022 12:25:55 Mode: RTL
22/02/2022 12:25:55 Pilot control
22/02/2022 12:25:55 ch7: 0
22/02/2022 12:25:55 -------------Check stall condition-------------
22/02/2022 12:25:55 Alt: 0.078
22/02/2022 12:25:55 distance: 11301281.67759702
22/02/2022 12:25:55 Mode: RTL
22/02/2022 12:25:55 Pilot control
22/02/2022 12:25:56 ch7: 0
22/02/2022 12:25:56 -------------Check stall condition-------------
22/02/2022 12:25:56 Alt: 0.246
22/02/2022 12:25:56 distance: 11301282.232936332
22/02/2022 12:25:56 Mode: RTL
22/02/2022 12:25:56 Pilot control
22/02/2022 12:25:56 ch7: 0
22/02/2022 12:25:56 -------------Check stall condition-------------
22/02/2022 12:25:56 Alt: 0.195
22/02/2022 12:25:56 distance: 11301283.395719478
22/02/2022 12:25:56 Mode: RTL
22/02/2022 12:25:56 Pilot control
22/02/2022 12:25:56 ch7: 0
22/02/2022 12:25:56 -------------Check stall condition-------------
22/02/2022 12:25:56 Alt: 0.17
22/02/2022 12:25:56 distance: 11301284.319632828
22/02/2022 12:25:56 Mode: RTL
22/02/2022 12:25:56 Pilot control
22/02/2022 12:25:57 ch7: 0
22/02/2022 12:25:57 -------------Check stall condition-------------
22/02/2022 12:25:57 Alt: 0.246
22/02/2022 12:25:57 distance: 11301284.825903336
22/02/2022 12:25:57 Mode: RTL
22/02/2022 12:25:57 Pilot control
22/02/2022 12:25:57 ch7: 0
22/02/2022 12:25:57 -------------Check stall condition-------------
22/02/2022 12:25:57 Alt: 0.288
22/02/2022 12:25:57 distance: 11301285.48241617
22/02/2022 12:25:57 Mode: RTL
22/02/2022 12:25:57 Pilot control
22/02/2022 12:25:57 ch7: 0
22/02/2022 12:25:57 -------------Check stall condition-------------
22/02/2022 12:25:57 Alt: 0.187
22/02/2022 12:25:57 distance: 11301286.10736281
22/02/2022 12:25:57 Mode: RTL
22/02/2022 12:25:57 Pilot control
22/02/2022 12:25:57 ch7: 0
22/02/2022 12:25:57 -------------Check stall condition-------------
22/02/2022 12:25:57 Alt: 0.234
22/02/2022 12:25:57 distance: 11301286.763875712
22/02/2022 12:25:57 Mode: RTL
22/02/2022 12:25:57 Pilot control
22/02/2022 12:25:57 ch7: 0
22/02/2022 12:25:57 -------------Check stall condition-------------
22/02/2022 12:25:57 Alt: 0.17
22/02/2022 12:25:57 distance: 11301287.29068455
22/02/2022 12:25:57 Mode: RTL
22/02/2022 12:25:58 Pilot control
22/02/2022 12:25:58 ch7: 0
22/02/2022 12:25:58 -------------Check stall condition-------------
22/02/2022 12:25:58 Alt: 0.17
22/02/2022 12:25:58 distance: 11301288.20357019
22/02/2022 12:25:58 Mode: RTL
22/02/2022 12:25:58 Pilot control
22/02/2022 12:25:58 ch7: 0
22/02/2022 12:25:58 -------------Check stall condition-------------
22/02/2022 12:25:58 Alt: 0.117
22/02/2022 12:25:58 distance: 11301288.20357019
22/02/2022 12:25:58 Mode: RTL
22/02/2022 12:25:58 Pilot control
22/02/2022 12:25:58 ch7: 0
22/02/2022 12:25:58 -------------Check stall condition-------------
22/02/2022 12:25:58 Alt: 0.321
22/02/2022 12:25:58 distance: 11301288.561116278
22/02/2022 12:25:58 Mode: RTL
22/02/2022 12:25:58 Pilot control
22/02/2022 12:25:58 ch7: 0
22/02/2022 12:25:58 -------------Check stall condition-------------
22/02/2022 12:25:58 Alt: 0.22
22/02/2022 12:25:58 distance: 11301289.027828256
22/02/2022 12:25:58 Mode: RTL
22/02/2022 12:25:58 Pilot control
22/02/2022 12:25:59 ch7: 0
22/02/2022 12:25:59 -------------Check stall condition-------------
22/02/2022 12:25:59 Alt: 0.058
22/02/2022 12:25:59 distance: 11301289.605223894
22/02/2022 12:25:59 Mode: RTL
22/02/2022 12:25:59 Pilot control
22/02/2022 12:25:59 ch7: 0
22/02/2022 12:25:59 -------------Check stall condition-------------
22/02/2022 12:25:59 Alt: 0.058
22/02/2022 12:25:59 distance: 11301289.605223894
22/02/2022 12:25:59 Mode: RTL
22/02/2022 12:25:59 Pilot control
22/02/2022 12:25:59 ch7: 0
22/02/2022 12:25:59 -------------Check stall condition-------------
22/02/2022 12:25:59 Alt: 0.307
22/02/2022 12:25:59 distance: 11301290.896194095
22/02/2022 12:25:59 Mode: RTL
22/02/2022 12:25:59 Pilot control
22/02/2022 12:25:59 ch7: 0
22/02/2022 12:25:59 -------------Check stall condition-------------
22/02/2022 12:25:59 Alt: 0.106
22/02/2022 12:25:59 distance: 11301292.068488289
22/02/2022 12:25:59 Mode: RTL
22/02/2022 12:25:59 Pilot control
22/02/2022 12:26:00 ch7: 0
22/02/2022 12:26:00 -------------Check stall condition-------------
22/02/2022 12:26:00 Alt: 0.128
22/02/2022 12:26:00 distance: 11301292.61431783
22/02/2022 12:26:00 Mode: RTL
22/02/2022 12:26:00 Pilot control
22/02/2022 12:26:00 ch7: 0
22/02/2022 12:26:00 -------------Check stall condition-------------
22/02/2022 12:26:00 Alt: 0.324
22/02/2022 12:26:00 distance: 11301293.220244354
22/02/2022 12:26:00 Mode: RTL
22/02/2022 12:26:00 Pilot control
22/02/2022 12:26:00 ch7: 0
22/02/2022 12:26:00 -------------Check stall condition-------------
22/02/2022 12:26:00 Alt: 0.288
22/02/2022 12:26:00 distance: 11301293.717004985
22/02/2022 12:26:00 Mode: RTL
22/02/2022 12:26:00 Pilot control
22/02/2022 12:26:00 ch7: 0
22/02/2022 12:26:00 -------------Check stall condition-------------
22/02/2022 12:26:00 Alt: 0.352
22/02/2022 12:26:00 distance: 11301294.133130437
22/02/2022 12:26:00 Mode: RTL
22/02/2022 12:26:00 Pilot control
22/02/2022 12:26:01 ch7: 0
22/02/2022 12:26:01 -------------Check stall condition-------------
22/02/2022 12:26:01 Alt: 0.162
22/02/2022 12:26:01 distance: 11301294.571311897
22/02/2022 12:26:01 Mode: RTL
22/02/2022 12:26:01 Pilot control
22/02/2022 12:26:01 ch7: 0
22/02/2022 12:26:01 -------------Check stall condition-------------
22/02/2022 12:26:01 Alt: 0.137
22/02/2022 12:26:01 distance: 11301295.534784801
22/02/2022 12:26:01 Mode: RTL
22/02/2022 12:26:01 Pilot control
22/02/2022 12:26:01 ch7: 0
22/02/2022 12:26:01 -------------Check stall condition-------------
22/02/2022 12:26:01 Alt: 0.257
22/02/2022 12:26:01 distance: 11301296.101152739
22/02/2022 12:26:01 Mode: RTL
22/02/2022 12:26:01 Pilot control
22/02/2022 12:26:01 ch7: 0
22/02/2022 12:26:01 -------------Check stall condition-------------
22/02/2022 12:26:01 Alt: 0.05
22/02/2022 12:26:01 distance: 11301296.697569188
22/02/2022 12:26:01 Mode: RTL
22/02/2022 12:26:01 Pilot control
22/02/2022 12:26:02 ch7: 0
22/02/2022 12:26:02 -------------Check stall condition-------------
22/02/2022 12:26:02 Alt: 0.173
22/02/2022 12:26:02 distance: 11301297.332026644
22/02/2022 12:26:02 Mode: RTL
22/02/2022 12:26:02 Pilot control
22/02/2022 12:26:02 ch7: 0
22/02/2022 12:26:02 -------------Check stall condition-------------
22/02/2022 12:26:02 Alt: 0.274
22/02/2022 12:26:02 distance: 11301297.858835928
22/02/2022 12:26:02 Mode: RTL
22/02/2022 12:26:02 Pilot control
22/02/2022 12:26:02 ch7: 0
22/02/2022 12:26:02 -------------Check stall condition-------------
22/02/2022 12:26:02 Alt: -0.005
22/02/2022 12:26:02 distance: 11301298.485300953
22/02/2022 12:26:02 Mode: RTL
22/02/2022 12:26:02 Pilot control
22/02/2022 12:26:02 ch7: 0
22/02/2022 12:26:02 -------------Check stall condition-------------
22/02/2022 12:26:02 Alt: 0.109
22/02/2022 12:26:02 distance: 11301299.428235915
22/02/2022 12:26:02 Mode: RTL
22/02/2022 12:26:02 Pilot control
22/02/2022 12:26:03 ch7: 0
22/02/2022 12:26:03 -------------Check stall condition-------------
22/02/2022 12:26:03 Alt: 0.346
22/02/2022 12:26:03 distance: 11301299.924996795
22/02/2022 12:26:03 Mode: RTL
22/02/2022 12:26:03 Pilot control
22/02/2022 12:26:03 ch7: 0
22/02/2022 12:26:03 -------------Check stall condition-------------
22/02/2022 12:26:03 Alt: 0.159
22/02/2022 12:26:03 distance: 11301300.54994417
22/02/2022 12:26:03 Mode: RTL
22/02/2022 12:26:03 Pilot control
22/02/2022 12:26:03 ch7: 0
22/02/2022 12:26:03 -------------Check stall condition-------------
22/02/2022 12:26:03 Alt: 0.086
22/02/2022 12:26:03 distance: 11301301.872481762
22/02/2022 12:26:03 Mode: RTL
22/02/2022 12:26:03 Pilot control
22/02/2022 12:26:03 ch7: 0
22/02/2022 12:26:03 -------------Check stall condition-------------
22/02/2022 12:26:03 Alt: 0.086
22/02/2022 12:26:03 distance: 11301301.872481762
22/02/2022 12:26:03 Mode: RTL
22/02/2022 12:26:03 Pilot control
22/02/2022 12:26:04 ch7: 0
22/02/2022 12:26:04 -------------Check stall condition-------------
22/02/2022 12:26:04 Alt: 0.204
22/02/2022 12:26:04 distance: 11301302.498946983
22/02/2022 12:26:04 Mode: RTL
22/02/2022 12:26:04 Pilot control
22/02/2022 12:26:04 ch7: 0
22/02/2022 12:26:04 -------------Check stall condition-------------
22/02/2022 12:26:04 Alt: 0.366
22/02/2022 12:26:04 distance: 11301303.07330774
22/02/2022 12:26:04 Mode: RTL
22/02/2022 12:26:04 Pilot control
22/02/2022 12:26:04 ch7: 0
22/02/2022 12:26:04 -------------Check stall condition-------------
22/02/2022 12:26:04 Alt: 0.265
22/02/2022 12:26:04 distance: 11301303.96717405
22/02/2022 12:26:04 Mode: RTL
22/02/2022 12:26:04 Pilot control
22/02/2022 12:26:04 ch7: 0
22/02/2022 12:26:04 -------------Check stall condition-------------
22/02/2022 12:26:04 Alt: 0.142
22/02/2022 12:26:04 distance: 11301304.527067611
22/02/2022 12:26:04 Mode: RTL
22/02/2022 12:26:04 Pilot control
22/02/2022 12:26:05 ch7: 0
22/02/2022 12:26:05 -------------Check stall condition-------------
22/02/2022 12:26:05 Alt: 0.394
22/02/2022 12:26:05 distance: 11301305.11549195
22/02/2022 12:26:05 Mode: RTL
22/02/2022 12:26:05 Pilot control
22/02/2022 12:26:05 ch7: 0
22/02/2022 12:26:05 -------------Check stall condition-------------
22/02/2022 12:26:05 Alt: 0.254
22/02/2022 12:26:05 distance: 11301305.613770802
22/02/2022 12:26:05 Mode: RTL
22/02/2022 12:26:05 Pilot control
22/02/2022 12:26:05 ch7: 0
22/02/2022 12:26:05 -------------Check stall condition-------------
22/02/2022 12:26:05 Alt: 0.371
22/02/2022 12:26:05 distance: 11301306.153126176
22/02/2022 12:26:05 Mode: RTL
22/02/2022 12:26:05 Pilot control
22/02/2022 12:26:05 ch7: 0
22/02/2022 12:26:05 -------------Check stall condition-------------
22/02/2022 12:26:05 Alt: 0.349
22/02/2022 12:26:05 distance: 11301307.03100768
22/02/2022 12:26:05 Mode: RTL
22/02/2022 12:26:05 Pilot control
22/02/2022 12:26:06 ch7: 0
22/02/2022 12:26:06 -------------Check stall condition-------------
22/02/2022 12:26:06 Alt: 0.137
22/02/2022 12:26:06 distance: 11301307.03100768
22/02/2022 12:26:06 Mode: RTL
22/02/2022 12:26:06 Pilot control
22/02/2022 12:26:06 ch7: 0
22/02/2022 12:26:06 -------------Check stall condition-------------
22/02/2022 12:26:06 Alt: 0.469
22/02/2022 12:26:06 distance: 11301308.161823072
22/02/2022 12:26:06 Mode: RTL
22/02/2022 12:26:06 Pilot control
22/02/2022 12:26:06 ch7: 0
22/02/2022 12:26:06 -------------Check stall condition-------------
22/02/2022 12:26:06 Alt: 0.324
22/02/2022 12:26:06 distance: 11301308.702696288
22/02/2022 12:26:06 Mode: RTL
22/02/2022 12:26:06 Pilot control
22/02/2022 12:26:06 ch7: 0
22/02/2022 12:26:06 -------------Check stall condition-------------
22/02/2022 12:26:06 Alt: 0.243
22/02/2022 12:26:07 distance: 11301309.771897042
22/02/2022 12:26:07 Mode: RTL
22/02/2022 12:26:07 Pilot control
22/02/2022 12:26:07 ch7: 0
22/02/2022 12:26:07 -------------Check stall condition-------------
22/02/2022 12:26:07 Alt: 0.156
22/02/2022 12:26:07 distance: 11301310.30022458
22/02/2022 12:26:07 Mode: RTL
22/02/2022 12:26:07 Pilot control
22/02/2022 12:26:07 ch7: 0
22/02/2022 12:26:07 -------------Check stall condition-------------
22/02/2022 12:26:07 Alt: 0.156
22/02/2022 12:26:07 distance: 11301310.30022458
22/02/2022 12:26:07 Mode: RTL
22/02/2022 12:26:07 Pilot control
22/02/2022 12:26:07 ch7: 0
22/02/2022 12:26:07 -------------Check stall condition-------------
22/02/2022 12:26:07 Alt: 0.24
22/02/2022 12:26:07 distance: 11301311.721708886
22/02/2022 12:26:07 Mode: RTL
22/02/2022 12:26:07 Pilot control
22/02/2022 12:26:07 ch7: 0
22/02/2022 12:26:08 -------------Check stall condition-------------
22/02/2022 12:26:08 Alt: 0.29
22/02/2022 12:26:08 distance: 11301312.092205208
22/02/2022 12:26:08 Mode: RTL
22/02/2022 12:26:08 Pilot control
22/02/2022 12:26:08 ch7: 0
22/02/2022 12:26:08 -------------Check stall condition-------------
22/02/2022 12:26:08 Alt: 0.201
22/02/2022 12:26:08 distance: 11301312.59088816
22/02/2022 12:26:08 Mode: RTL
22/02/2022 12:26:08 Pilot control
22/02/2022 12:26:08 ch7: 0
22/02/2022 12:26:08 -------------Check stall condition-------------
22/02/2022 12:26:08 Alt: 0.402
22/02/2022 12:26:08 distance: 11301313.061040347
22/02/2022 12:26:08 Mode: RTL
22/02/2022 12:26:08 Pilot control
22/02/2022 12:26:08 ch7: 0
22/02/2022 12:26:08 -------------Check stall condition-------------
22/02/2022 12:26:08 Alt: 0.402
22/02/2022 12:26:08 distance: 11301314.155026736
22/02/2022 12:26:08 Mode: RTL
22/02/2022 12:26:08 Pilot control
22/02/2022 12:26:08 ch7: 0
22/02/2022 12:26:08 -------------Check stall condition-------------
22/02/2022 12:26:08 Alt: 0.629
22/02/2022 12:26:08 distance: 11301314.611115526
22/02/2022 12:26:08 Mode: RTL
22/02/2022 12:26:08 Pilot control
22/02/2022 12:26:09 ch7: 0
22/02/2022 12:26:09 -------------Check stall condition-------------
22/02/2022 12:26:09 Alt: 0.629
22/02/2022 12:26:09 distance: 11301314.611115526
22/02/2022 12:26:09 Mode: RTL
22/02/2022 12:26:09 Pilot control
22/02/2022 12:26:09 ch7: 0
22/02/2022 12:26:09 -------------Check stall condition-------------
22/02/2022 12:26:09 Alt: 0.637
22/02/2022 12:26:09 distance: 11301315.135293929
22/02/2022 12:26:09 Mode: RTL
22/02/2022 12:26:09 Pilot control
22/02/2022 12:26:09 ch7: 0
22/02/2022 12:26:09 -------------Check stall condition-------------
22/02/2022 12:26:09 Alt: 0.757
22/02/2022 12:26:09 distance: 11301315.64045183
22/02/2022 12:26:09 Mode: RTL
22/02/2022 12:26:09 Pilot control
22/02/2022 12:26:09 ch7: 0
22/02/2022 12:26:09 -------------Check stall condition-------------
22/02/2022 12:26:09 Alt: 0.827
22/02/2022 12:26:09 distance: 11301316.115561232
22/02/2022 12:26:09 Mode: RTL
22/02/2022 12:26:09 Pilot control
22/02/2022 12:26:10 ch7: 0
22/02/2022 12:26:10 -------------Check stall condition-------------
22/02/2022 12:26:10 Alt: 0.841
22/02/2022 12:26:10 distance: 11301316.56517533
22/02/2022 12:26:10 Mode: RTL
22/02/2022 12:26:10 Pilot control
22/02/2022 12:26:10 ch7: 0
22/02/2022 12:26:10 -------------Check stall condition-------------
22/02/2022 12:26:10 Alt: 0.665
22/02/2022 12:26:10 distance: 11301318.126279108
22/02/2022 12:26:10 Mode: RTL
22/02/2022 12:26:10 Pilot control
22/02/2022 12:26:10 ch7: 0
22/02/2022 12:26:10 -------------Check stall condition-------------
22/02/2022 12:26:10 Alt: 0.934
22/02/2022 12:26:10 distance: 11301318.126279108
22/02/2022 12:26:10 Mode: RTL
22/02/2022 12:26:10 Pilot control
22/02/2022 12:26:10 ch7: 0
22/02/2022 12:26:10 -------------Check stall condition-------------
22/02/2022 12:26:10 Alt: 1.087
22/02/2022 12:26:10 distance: 11301319.223301558
22/02/2022 12:26:10 Mode: RTL
22/02/2022 12:26:10 Pilot control
22/02/2022 12:26:11 ch7: 0
22/02/2022 12:26:11 -------------Check stall condition-------------
22/02/2022 12:26:11 Alt: 1.124
22/02/2022 12:26:11 distance: 11301319.725020343
22/02/2022 12:26:11 Mode: RTL
22/02/2022 12:26:11 Pilot control
22/02/2022 12:26:11 ch7: 0
22/02/2022 12:26:11 -------------Check stall condition-------------
22/02/2022 12:26:11 Alt: 1.018
22/02/2022 12:26:11 distance: 11301320.253752235
22/02/2022 12:26:11 Mode: RTL
22/02/2022 12:26:11 Pilot control
22/02/2022 12:26:11 ch7: 0
22/02/2022 12:26:11 -------------Check stall condition-------------
22/02/2022 12:26:11 Alt: 1.087
22/02/2022 12:26:11 distance: 11301321.63112599
22/02/2022 12:26:11 Mode: RTL
22/02/2022 12:26:11 Pilot control
22/02/2022 12:26:12 ch7: 0
22/02/2022 12:26:12 -------------Check stall condition-------------
22/02/2022 12:26:12 Alt: 1.183
22/02/2022 12:26:12 distance: 11301321.63112599
22/02/2022 12:26:12 Mode: RTL
22/02/2022 12:26:12 Pilot control
22/02/2022 12:26:12 ch7: 0
22/02/2022 12:26:12 -------------Check stall condition-------------
22/02/2022 12:26:12 Alt: 0.99
22/02/2022 12:26:12 distance: 11301322.666534007
22/02/2022 12:26:12 Mode: RTL
22/02/2022 12:26:12 Pilot control
22/02/2022 12:26:12 ch7: 0
22/02/2022 12:26:12 -------------Check stall condition-------------
22/02/2022 12:26:12 Alt: 1.202
22/02/2022 12:26:12 distance: 11301323.106638137
22/02/2022 12:26:12 Mode: RTL
22/02/2022 12:26:12 Pilot control
22/02/2022 12:26:13 ch7: 0
22/02/2022 12:26:13 -------------Check stall condition-------------
22/02/2022 12:26:13 Alt: 1.191
22/02/2022 12:26:13 distance: 11301323.98037164
22/02/2022 12:26:13 Mode: RTL
22/02/2022 12:26:13 Pilot control
22/02/2022 12:26:13 ch7: 0
22/02/2022 12:26:13 -------------Check stall condition-------------
22/02/2022 12:26:13 Alt: 1.093
22/02/2022 12:26:13 distance: 11301324.881118318
22/02/2022 12:26:13 Mode: RTL
22/02/2022 12:26:13 Pilot control
22/02/2022 12:26:13 ch7: 0
22/02/2022 12:26:13 -------------Check stall condition-------------
22/02/2022 12:26:13 Alt: 1.085
22/02/2022 12:26:13 distance: 11301325.330732828
22/02/2022 12:26:13 Mode: RTL
22/02/2022 12:26:13 Pilot control
22/02/2022 12:26:14 ch7: 0
22/02/2022 12:26:14 -------------Check stall condition-------------
22/02/2022 12:26:14 Alt: 1.001
22/02/2022 12:26:14 distance: 11301325.761326801
22/02/2022 12:26:14 Mode: RTL
22/02/2022 12:26:14 Pilot control
22/02/2022 12:26:14 ch7: 0
22/02/2022 12:26:14 -------------Check stall condition-------------
22/02/2022 12:26:14 Alt: 0.934
22/02/2022 12:26:14 distance: 11301326.23147963
22/02/2022 12:26:14 Mode: RTL
22/02/2022 12:26:14 Pilot control
22/02/2022 12:26:14 ch7: 0
22/02/2022 12:26:14 -------------Check stall condition-------------
22/02/2022 12:26:14 Alt: 1.054
22/02/2022 12:26:14 distance: 11301326.700114759
22/02/2022 12:26:14 Mode: RTL
22/02/2022 12:26:14 Pilot control
22/02/2022 12:26:14 ch7: 0
22/02/2022 12:26:14 -------------Check stall condition-------------
22/02/2022 12:26:14 Alt: 1.115
22/02/2022 12:26:15 distance: 11301327.569295406
22/02/2022 12:26:15 Mode: RTL
22/02/2022 12:26:15 Pilot control
22/02/2022 12:26:15 ch7: 0
22/02/2022 12:26:15 -------------Check stall condition-------------
22/02/2022 12:26:15 Alt: 0.911
22/02/2022 12:26:15 distance: 11301328.036412874
22/02/2022 12:26:15 Mode: RTL
22/02/2022 12:26:15 Pilot control
22/02/2022 12:26:15 ch7: 0
22/02/2022 12:26:15 -------------Check stall condition-------------
22/02/2022 12:26:15 Alt: 0.917
22/02/2022 12:26:15 distance: 11301328.970647892
22/02/2022 12:26:15 Mode: RTL
22/02/2022 12:26:15 Pilot control
22/02/2022 12:26:15 ch7: 0
22/02/2022 12:26:15 -------------Check stall condition-------------
22/02/2022 12:26:15 Alt: 0.881
22/02/2022 12:26:15 distance: 11301329.426737433
22/02/2022 12:26:15 Mode: RTL
22/02/2022 12:26:15 Pilot control
22/02/2022 12:26:15 ch7: 0
22/02/2022 12:26:15 -------------Check stall condition-------------
22/02/2022 12:26:15 Alt: 1.034
22/02/2022 12:26:15 distance: 11301329.852778433
22/02/2022 12:26:15 Mode: RTL
22/02/2022 12:26:16 Pilot control
22/02/2022 12:26:16 ch7: 0
22/02/2022 12:26:16 -------------Check stall condition-------------
22/02/2022 12:26:16 Alt: 0.945
22/02/2022 12:26:16 distance: 11301330.353383997
22/02/2022 12:26:16 Mode: RTL
22/02/2022 12:26:16 Pilot control
22/02/2022 12:26:16 ch7: 0
22/02/2022 12:26:16 -------------Check stall condition-------------
22/02/2022 12:26:16 Alt: 0.858
22/02/2022 12:26:16 distance: 11301330.96012043
22/02/2022 12:26:16 Mode: RTL
22/02/2022 12:26:16 Pilot control
22/02/2022 12:26:16 ch7: 0
22/02/2022 12:26:16 -------------Check stall condition-------------
22/02/2022 12:26:16 Alt: 0.735
22/02/2022 12:26:16 distance: 11301332.099028878
22/02/2022 12:26:16 Mode: RTL
22/02/2022 12:26:16 Pilot control
22/02/2022 12:26:17 ch7: 0
22/02/2022 12:26:17 -------------Check stall condition-------------
22/02/2022 12:26:17 Alt: 0.531
22/02/2022 12:26:17 distance: 11301332.643746596
22/02/2022 12:26:17 Mode: RTL
22/02/2022 12:26:17 Pilot control
22/02/2022 12:26:17 ch7: 0
22/02/2022 12:26:17 -------------Check stall condition-------------
22/02/2022 12:26:17 Alt: 0.545
22/02/2022 12:26:17 distance: 11301333.079298053
22/02/2022 12:26:17 Mode: RTL
22/02/2022 12:26:17 Pilot control
22/02/2022 12:26:17 ch7: 0
22/02/2022 12:26:17 -------------Check stall condition-------------
22/02/2022 12:26:17 Alt: 0.425
22/02/2022 12:26:17 distance: 11301333.492793523
22/02/2022 12:26:17 Mode: RTL
22/02/2022 12:26:17 Pilot control
22/02/2022 12:26:17 ch7: 0
22/02/2022 12:26:17 -------------Check stall condition-------------
22/02/2022 12:26:17 Alt: 0.394
22/02/2022 12:26:17 distance: 11301333.885750728
22/02/2022 12:26:17 Mode: RTL
22/02/2022 12:26:17 Pilot control
22/02/2022 12:26:18 ch7: 0
22/02/2022 12:26:18 -------------Check stall condition-------------
22/02/2022 12:26:18 Alt: 0.399
22/02/2022 12:26:18 distance: 11301335.135037927
22/02/2022 12:26:18 Mode: RTL
22/02/2022 12:26:18 Pilot control
22/02/2022 12:26:18 ch7: 0
22/02/2022 12:26:18 -------------Check stall condition-------------
22/02/2022 12:26:18 Alt: 0.338
22/02/2022 12:26:18 distance: 11301335.135037927
22/02/2022 12:26:18 Mode: RTL
22/02/2022 12:26:18 Pilot control
22/02/2022 12:26:18 ch7: 0
22/02/2022 12:26:18 -------------Check stall condition-------------
22/02/2022 12:26:18 Alt: 0.271
22/02/2022 12:26:18 distance: 11301335.460309492
22/02/2022 12:26:18 Mode: RTL
22/02/2022 12:26:18 Pilot control
22/02/2022 12:26:18 ch7: 0
22/02/2022 12:26:18 -------------Check stall condition-------------
22/02/2022 12:26:18 Alt: 0.195
22/02/2022 12:26:18 distance: 11301335.809558814
22/02/2022 12:26:18 Mode: RTL
22/02/2022 12:26:18 Pilot control
22/02/2022 12:26:19 ch7: 0
22/02/2022 12:26:19 -------------Check stall condition-------------
22/02/2022 12:26:19 Alt: 0.358
22/02/2022 12:26:19 distance: 11301336.196849326
22/02/2022 12:26:19 Mode: RTL
22/02/2022 12:26:19 Pilot control
22/02/2022 12:26:19 ch7: 0
22/02/2022 12:26:19 -------------Check stall condition-------------
22/02/2022 12:26:19 Alt: 0.234
22/02/2022 12:26:19 distance: 11301336.860342363
22/02/2022 12:26:19 Mode: RTL
22/02/2022 12:26:19 Pilot control
22/02/2022 12:26:19 ch7: 0
22/02/2022 12:26:19 -------------Check stall condition-------------
22/02/2022 12:26:19 Alt: 0.251
22/02/2022 12:26:19 distance: 11301336.860342363
22/02/2022 12:26:19 Mode: RTL
22/02/2022 12:26:19 Pilot control
22/02/2022 12:26:19 ch7: 0
22/02/2022 12:26:19 -------------Check stall condition-------------
22/02/2022 12:26:19 Alt: 0.055
22/02/2022 12:26:19 distance: 11301338.069361707
22/02/2022 12:26:19 Mode: RTL
22/02/2022 12:26:19 Pilot control
22/02/2022 12:26:20 ch7: 0
22/02/2022 12:26:20 -------------Check stall condition-------------
22/02/2022 12:26:20 Alt: -0.05
22/02/2022 12:26:20 distance: 11301338.494693592
22/02/2022 12:26:20 Mode: RTL
22/02/2022 12:26:20 Pilot control
22/02/2022 12:26:20 ch7: 0
22/02/2022 12:26:20 -------------Check stall condition-------------
22/02/2022 12:26:20 Alt: 0.058
22/02/2022 12:26:20 distance: 11301338.86296374
22/02/2022 12:26:20 Mode: RTL
22/02/2022 12:26:20 Pilot control
22/02/2022 12:26:20 ch7: 0
22/02/2022 12:26:20 -------------Check stall condition-------------
22/02/2022 12:26:20 Alt: 0.204
22/02/2022 12:26:20 distance: 11301339.645537905
22/02/2022 12:26:20 Mode: RTL
22/02/2022 12:26:20 Pilot control
22/02/2022 12:26:21 ch7: 0
22/02/2022 12:26:21 -------------Check stall condition-------------
22/02/2022 12:26:21 Alt: 0.29
22/02/2022 12:26:21 distance: 11301340.453607695
22/02/2022 12:26:21 Mode: RTL
22/02/2022 12:26:21 Pilot control
22/02/2022 12:26:21 ch7: 0
22/02/2022 12:26:21 -------------Check stall condition-------------
22/02/2022 12:26:21 Alt: 0.131
22/02/2022 12:26:21 distance: 11301340.850408906
22/02/2022 12:26:21 Mode: RTL
22/02/2022 12:26:21 Pilot control
22/02/2022 12:26:21 ch7: 0
22/02/2022 12:26:21 -------------Check stall condition-------------
22/02/2022 12:26:21 Alt: 0.075
22/02/2022 12:26:21 distance: 11301341.152107153
22/02/2022 12:26:21 Mode: RTL
22/02/2022 12:26:21 Pilot control
22/02/2022 12:26:21 ch7: 0
22/02/2022 12:26:21 -------------Check stall condition-------------
22/02/2022 12:26:21 Alt: 0.237
22/02/2022 12:26:22 distance: 11301341.509349518
22/02/2022 12:26:22 Mode: RTL
22/02/2022 12:26:22 Pilot control
22/02/2022 12:26:22 ch7: 0
22/02/2022 12:26:22 -------------Check stall condition-------------
22/02/2022 12:26:22 Alt: 0.162
22/02/2022 12:26:22 distance: 11301341.885612518
22/02/2022 12:26:22 Mode: RTL
22/02/2022 12:26:22 Pilot control
22/02/2022 12:26:22 ch7: 0
22/02/2022 12:26:22 -------------Check stall condition-------------
22/02/2022 12:26:22 Alt: 0.162
22/02/2022 12:26:22 distance: 11301341.885612518
22/02/2022 12:26:22 Mode: RTL
22/02/2022 12:26:22 Pilot control
22/02/2022 12:26:22 ch7: 0
22/02/2022 12:26:22 -------------Check stall condition-------------
22/02/2022 12:26:22 Alt: 0.307
22/02/2022 12:26:22 distance: 11301343.093923641
22/02/2022 12:26:22 Mode: RTL
22/02/2022 12:26:22 Pilot control
22/02/2022 12:26:22 ch7: 0
22/02/2022 12:26:22 -------------Check stall condition-------------
22/02/2022 12:26:23 Alt: 0.019
22/02/2022 12:26:23 distance: 11301343.48920739
22/02/2022 12:26:23 Mode: RTL
22/02/2022 12:26:23 Pilot control
22/02/2022 12:26:23 ch7: 0
22/02/2022 12:26:23 -------------Check stall condition-------------
22/02/2022 12:26:23 Alt: 0.019
22/02/2022 12:26:23 distance: 11301343.48920739
22/02/2022 12:26:23 Mode: RTL
22/02/2022 12:26:23 Pilot control
22/02/2022 12:26:23 ch7: 0
22/02/2022 12:26:23 -------------Check stall condition-------------
22/02/2022 12:26:23 Alt: 0.167
22/02/2022 12:26:23 distance: 11301344.302235115
22/02/2022 12:26:23 Mode: RTL
22/02/2022 12:26:23 Pilot control
22/02/2022 12:26:23 ch7: 0
22/02/2022 12:26:23 -------------Check stall condition-------------
22/02/2022 12:26:23 Alt: 0.131
22/02/2022 12:26:23 distance: 11301345.197820375
22/02/2022 12:26:23 Mode: RTL
22/02/2022 12:26:23 Pilot control
22/02/2022 12:26:24 ch7: 0
22/02/2022 12:26:24 -------------Check stall condition-------------
22/02/2022 12:26:24 Alt: 0.271
22/02/2022 12:26:24 distance: 11301345.872746905
22/02/2022 12:26:24 Mode: RTL
22/02/2022 12:26:24 Pilot control
22/02/2022 12:26:24 ch7: 0
22/02/2022 12:26:24 -------------Check stall condition-------------
22/02/2022 12:26:24 Alt: 0.134
22/02/2022 12:26:24 distance: 11301346.247492604
22/02/2022 12:26:24 Mode: RTL
22/02/2022 12:26:24 Pilot control
22/02/2022 12:26:24 ch7: 0
22/02/2022 12:26:24 -------------Check stall condition-------------
22/02/2022 12:26:24 Alt: 0.332
22/02/2022 12:26:24 distance: 11301346.593707405
22/02/2022 12:26:24 Mode: RTL
22/02/2022 12:26:24 Pilot control
22/02/2022 12:26:25 ch7: 0
22/02/2022 12:26:25 -------------Check stall condition-------------
22/02/2022 12:26:25 Alt: 0.45
22/02/2022 12:26:25 distance: 11301346.95095024
22/02/2022 12:26:25 Mode: RTL
22/02/2022 12:26:25 Pilot control
22/02/2022 12:26:25 ch7: 0
22/02/2022 12:26:25 -------------Check stall condition-------------
22/02/2022 12:26:25 Alt: 0.344
22/02/2022 12:26:25 distance: 11301347.741922652
22/02/2022 12:26:25 Mode: RTL
22/02/2022 12:26:25 Pilot control
22/02/2022 12:26:25 ch7: 0
22/02/2022 12:26:25 -------------Check stall condition-------------
22/02/2022 12:26:25 Alt: 0.05
22/02/2022 12:26:25 distance: 11301347.741922652
22/02/2022 12:26:25 Mode: RTL
22/02/2022 12:26:25 Pilot control
22/02/2022 12:26:25 ch7: 0
22/02/2022 12:26:25 -------------Check stall condition-------------
22/02/2022 12:26:25 Alt: 0.29
22/02/2022 12:26:25 distance: 11301348.497889359
22/02/2022 12:26:25 Mode: RTL
22/02/2022 12:26:25 Pilot control
22/02/2022 12:26:26 ch7: 0
22/02/2022 12:26:26 -------------Check stall condition-------------
22/02/2022 12:26:26 Alt: 0.36
22/02/2022 12:26:26 distance: 11301348.871117609
22/02/2022 12:26:26 Mode: RTL
22/02/2022 12:26:26 Pilot control
22/02/2022 12:26:26 ch7: 0
22/02/2022 12:26:26 -------------Check stall condition-------------
22/02/2022 12:26:26 Alt: 0.156
22/02/2022 12:26:26 distance: 11301349.479472557
22/02/2022 12:26:26 Mode: RTL
22/02/2022 12:26:26 Pilot control
22/02/2022 12:26:26 ch7: 0
22/02/2022 12:26:26 -------------Check stall condition-------------
22/02/2022 12:26:26 Alt: 0.419
22/02/2022 12:26:26 distance: 11301349.808184704
22/02/2022 12:26:26 Mode: RTL
22/02/2022 12:26:26 Pilot control
22/02/2022 12:26:27 ch7: 0
22/02/2022 12:26:27 -------------Check stall condition-------------
22/02/2022 12:26:27 Alt: 0.195
22/02/2022 12:26:27 distance: 11301350.079834975
22/02/2022 12:26:27 Mode: RTL
22/02/2022 12:26:27 Pilot control
22/02/2022 12:26:27 ch7: 0
22/02/2022 12:26:27 -------------Check stall condition-------------
22/02/2022 12:26:27 Alt: 0.1
22/02/2022 12:26:27 distance: 11301350.389526537
22/02/2022 12:26:27 Mode: RTL
22/02/2022 12:26:27 Pilot control
22/02/2022 12:26:27 ch7: 0
22/02/2022 12:26:27 -------------Check stall condition-------------
22/02/2022 12:26:27 Alt: 0.167
22/02/2022 12:26:27 distance: 11301351.06789352
22/02/2022 12:26:27 Mode: RTL
22/02/2022 12:26:27 Pilot control
22/02/2022 12:26:27 ch7: 0
22/02/2022 12:26:27 -------------Check stall condition-------------
22/02/2022 12:26:28 Alt: 0.31
22/02/2022 12:26:28 distance: 11301351.904900692
22/02/2022 12:26:28 Mode: RTL
22/02/2022 12:26:28 Pilot control
22/02/2022 12:26:28 ch7: 0
22/02/2022 12:26:28 -------------Check stall condition-------------
22/02/2022 12:26:28 Alt: 0.288
22/02/2022 12:26:28 distance: 11301352.221067348
22/02/2022 12:26:28 Mode: RTL
22/02/2022 12:26:28 Pilot control
22/02/2022 12:26:28 ch7: 0
22/02/2022 12:26:28 -------------Check stall condition-------------
22/02/2022 12:26:28 Alt: 0.453
22/02/2022 12:26:28 distance: 11301352.565764995
22/02/2022 12:26:28 Mode: RTL
22/02/2022 12:26:28 Pilot control
22/02/2022 12:26:28 ch7: 0
22/02/2022 12:26:28 -------------Check stall condition-------------
22/02/2022 12:26:28 Alt: 0.453
22/02/2022 12:26:28 distance: 11301352.565764995
22/02/2022 12:26:28 Mode: RTL
22/02/2022 12:26:28 Pilot control
22/02/2022 12:26:28 ch7: 0
22/02/2022 12:26:28 -------------Check stall condition-------------
22/02/2022 12:26:28 Alt: 0.165
22/02/2022 12:26:28 distance: 11301353.263153024
22/02/2022 12:26:28 Mode: RTL
22/02/2022 12:26:28 Pilot control
22/02/2022 12:26:29 ch7: 0
22/02/2022 12:26:29 -------------Check stall condition-------------
22/02/2022 12:26:29 Alt: 0.316
22/02/2022 12:26:29 distance: 11301353.68241567
22/02/2022 12:26:29 Mode: RTL
22/02/2022 12:26:29 Pilot control
22/02/2022 12:26:29 ch7: 0
22/02/2022 12:26:29 -------------Check stall condition-------------
22/02/2022 12:26:29 Alt: 0.366
22/02/2022 12:26:29 distance: 11301354.098642994
22/02/2022 12:26:29 Mode: RTL
22/02/2022 12:26:29 Pilot control
22/02/2022 12:26:29 ch7: 0
22/02/2022 12:26:29 Saved video
