17/02/2022 16:23:11 Connecting to Vehicle on: /dev/ttyACM0
17/02/2022 16:23:12 ArduPlane V4.1.4 (0f984409)
17/02/2022 16:23:12 ChibiOS: 45395b6a
17/02/2022 16:23:12 CubeBlack 00360049 3337510E 37353832
17/02/2022 16:23:12 RCOut: PWM:1-12
17/02/2022 16:23:12 IMU0: fast sampling enabled 8.0kHz/1.0kHz
17/02/2022 16:23:12 IMU2: fast sampling enabled 8.0kHz/1.0kHz
17/02/2022 16:23:22 -------------Check stall condition-------------
17/02/2022 16:23:22 Alt: -12.062
17/02/2022 16:23:22 ch8: 965
17/02/2022 16:23:22 distance: 11280012.497896926
17/02/2022 16:23:22 Pilot control
17/02/2022 16:23:23 -------------Check stall condition-------------
17/02/2022 16:23:23 Alt: -12.012
17/02/2022 16:23:23 ch8: 965
17/02/2022 16:23:23 distance: 11280008.540510414
17/02/2022 16:23:24 Pilot control
17/02/2022 16:23:24 -------------Check stall condition-------------
17/02/2022 16:23:24 Alt: -12.14
17/02/2022 16:23:24 ch8: 965
17/02/2022 16:23:24 distance: 11280007.0918482
17/02/2022 16:23:24 Pilot control
17/02/2022 16:23:24 -------------Check stall condition-------------
17/02/2022 16:23:24 Alt: -12.045
17/02/2022 16:23:24 ch8: 965
17/02/2022 16:23:24 distance: 11280004.37855304
17/02/2022 16:23:24 Pilot control
17/02/2022 16:23:24 -------------Check stall condition-------------
17/02/2022 16:23:24 Alt: -12.118
17/02/2022 16:23:24 ch8: 965
17/02/2022 16:23:24 distance: 11280002.999091195
17/02/2022 16:23:24 Pilot control
17/02/2022 16:23:25 -------------Check stall condition-------------
17/02/2022 16:23:25 Alt: -12.029
17/02/2022 16:23:25 ch8: 965
17/02/2022 16:23:25 distance: 11279998.988078034
17/02/2022 16:23:25 Pilot control
17/02/2022 16:23:25 -------------Check stall condition-------------
17/02/2022 16:23:25 Alt: -12.029
17/02/2022 16:23:25 ch8: 965
17/02/2022 16:23:25 distance: 11279996.31241326
17/02/2022 16:23:25 Pilot control
17/02/2022 16:23:25 -------------Check stall condition-------------
17/02/2022 16:23:25 Alt: -11.918
17/02/2022 16:23:25 ch8: 965
17/02/2022 16:23:25 distance: 11279996.31241326
17/02/2022 16:23:25 Pilot control
17/02/2022 16:23:25 -------------Check stall condition-------------
17/02/2022 16:23:26 Alt: -11.918
17/02/2022 16:23:26 ch8: 965
17/02/2022 16:23:26 distance: 11279994.84320944
17/02/2022 16:23:26 Pilot control
17/02/2022 16:23:26 -------------Check stall condition-------------
17/02/2022 16:23:26 Alt: -11.973
17/02/2022 16:23:26 ch8: 965
17/02/2022 16:23:26 distance: 11279991.985030528
17/02/2022 16:23:26 Pilot control
17/02/2022 16:23:26 -------------Check stall condition-------------
17/02/2022 16:23:26 Alt: -12.057
17/02/2022 16:23:26 ch8: 965
17/02/2022 16:23:26 distance: 11279990.64168398
17/02/2022 16:23:26 Pilot control
17/02/2022 16:23:27 -------------Check stall condition-------------
17/02/2022 16:23:27 Alt: -12.123
17/02/2022 16:23:27 ch8: 965
17/02/2022 16:23:27 distance: 11279990.64168398
17/02/2022 16:23:27 Pilot control
17/02/2022 16:23:27 -------------Check stall condition-------------
17/02/2022 16:23:27 Alt: -11.99
17/02/2022 16:23:27 ch8: 965
17/02/2022 16:23:27 distance: 11279987.704791453
17/02/2022 16:23:27 Pilot control
17/02/2022 16:23:27 -------------Check stall condition-------------
17/02/2022 16:23:27 Alt: -12.184
17/02/2022 16:23:27 ch8: 965
17/02/2022 16:23:27 distance: 11279986.235587658
17/02/2022 16:23:27 Pilot control
17/02/2022 16:23:27 -------------Check stall condition-------------
17/02/2022 16:23:27 Alt: -12.001
17/02/2022 16:23:27 ch8: 965
17/02/2022 16:23:27 distance: 11279983.333295336
17/02/2022 16:23:27 Pilot control
17/02/2022 16:23:28 -------------Check stall condition-------------
17/02/2022 16:23:28 Alt: -12.251
17/02/2022 16:23:28 ch8: 965
17/02/2022 16:23:28 distance: 11279983.333295336
17/02/2022 16:23:28 Pilot control
17/02/2022 16:23:28 -------------Check stall condition-------------
17/02/2022 16:23:28 Alt: -12.156
17/02/2022 16:23:28 ch8: 965
17/02/2022 16:23:28 distance: 11279980.512746822
17/02/2022 16:23:28 Pilot control
17/02/2022 16:23:28 -------------Check stall condition-------------
17/02/2022 16:23:28 Alt: -12.167
17/02/2022 16:23:28 ch8: 965
17/02/2022 16:23:28 distance: 11279979.2511441
17/02/2022 16:23:28 Pilot control
17/02/2022 16:23:29 -------------Check stall condition-------------
17/02/2022 16:23:29 Alt: -12.023
17/02/2022 16:23:29 ch8: 965
17/02/2022 16:23:29 distance: 11279977.795998849
17/02/2022 16:23:29 Pilot control
17/02/2022 16:23:29 -------------Check stall condition-------------
17/02/2022 16:23:29 Alt: -12.023
17/02/2022 16:23:29 ch8: 965
17/02/2022 16:23:29 distance: 11279977.795998849
17/02/2022 16:23:29 Pilot control
17/02/2022 16:23:29 -------------Check stall condition-------------
17/02/2022 16:23:29 Alt: -12.206
17/02/2022 16:23:29 ch8: 965
17/02/2022 16:23:29 distance: 11279975.010050543
17/02/2022 16:23:29 Pilot control
17/02/2022 16:23:30 -------------Check stall condition-------------
17/02/2022 16:23:30 Alt: -12.034
17/02/2022 16:23:30 ch8: 965
17/02/2022 16:23:30 distance: 11279973.611562211
17/02/2022 16:23:30 Pilot control
17/02/2022 16:23:30 -------------Check stall condition-------------
17/02/2022 16:23:30 Alt: -12.134
17/02/2022 16:23:30 ch8: 965
17/02/2022 16:23:30 distance: 11279970.98758643
17/02/2022 16:23:30 Pilot control
17/02/2022 16:23:30 -------------Check stall condition-------------
17/02/2022 16:23:30 Alt: -11.962
17/02/2022 16:23:30 ch8: 965
17/02/2022 16:23:30 distance: 11279968.29441031
17/02/2022 16:23:30 Pilot control
17/02/2022 16:23:31 -------------Check stall condition-------------
17/02/2022 16:23:31 Alt: -11.946
17/02/2022 16:23:31 ch8: 965
17/02/2022 16:23:31 distance: 11279965.30389116
17/02/2022 16:23:31 Pilot control
17/02/2022 16:23:31 -------------Check stall condition-------------
17/02/2022 16:23:31 Alt: -11.89
17/02/2022 16:23:31 ch8: 965
17/02/2022 16:23:31 distance: 11279957.916366396
17/02/2022 16:23:31 Pilot control
17/02/2022 16:23:31 -------------Check stall condition-------------
17/02/2022 16:23:31 Alt: -12.073
17/02/2022 16:23:31 ch8: 965
17/02/2022 16:23:31 distance: 11279956.404564297
17/02/2022 16:23:31 Pilot control
17/02/2022 16:23:31 -------------Check stall condition-------------
17/02/2022 16:23:31 Alt: -12.156
17/02/2022 16:23:31 ch8: 965
17/02/2022 16:23:31 distance: 11279955.04219126
17/02/2022 16:23:31 Pilot control
17/02/2022 16:23:32 -------------Check stall condition-------------
17/02/2022 16:23:32 Alt: -11.946
17/02/2022 16:23:32 ch8: 965
17/02/2022 16:23:32 distance: 11279953.587046072
17/02/2022 16:23:32 Pilot control
17/02/2022 16:23:32 -------------Check stall condition-------------
17/02/2022 16:23:32 Alt: -11.946
17/02/2022 16:23:32 ch8: 965
17/02/2022 16:23:32 distance: 11279952.260788288
17/02/2022 16:23:32 Pilot control
17/02/2022 16:23:32 -------------Check stall condition-------------
17/02/2022 16:23:32 Alt: -12.04
17/02/2022 16:23:32 ch8: 965
17/02/2022 16:23:32 distance: 11279952.260788288
17/02/2022 16:23:32 Pilot control
17/02/2022 16:23:32 -------------Check stall condition-------------
17/02/2022 16:23:32 Alt: -11.995
17/02/2022 16:23:32 ch8: 965
17/02/2022 16:23:33 distance: 11279950.85278672
17/02/2022 16:23:33 Pilot control
17/02/2022 16:23:33 -------------Check stall condition-------------
17/02/2022 16:23:33 Alt: -11.995
17/02/2022 16:23:33 ch8: 965
17/02/2022 16:23:33 distance: 11279948.277469728
17/02/2022 16:23:33 Pilot control
17/02/2022 16:23:33 -------------Check stall condition-------------
17/02/2022 16:23:33 Alt: -12.14
17/02/2022 16:23:33 ch8: 965
17/02/2022 16:23:33 distance: 11279947.018897228
17/02/2022 16:23:33 Pilot control
17/02/2022 16:23:33 -------------Check stall condition-------------
17/02/2022 16:23:33 Alt: -12.14
17/02/2022 16:23:33 ch8: 965
17/02/2022 16:23:33 distance: 11279945.53066696
17/02/2022 16:23:33 Pilot control
17/02/2022 16:23:34 -------------Check stall condition-------------
17/02/2022 16:23:34 Alt: -11.962
17/02/2022 16:23:34 ch8: 965
17/02/2022 16:23:34 distance: 11279944.180837387
17/02/2022 16:23:34 Pilot control
17/02/2022 16:23:34 -------------Check stall condition-------------
17/02/2022 16:23:34 Alt: -11.929
17/02/2022 16:23:34 ch8: 965
17/02/2022 16:23:34 distance: 11279941.308177385
17/02/2022 16:23:34 Pilot control
17/02/2022 16:23:34 -------------Check stall condition-------------
17/02/2022 16:23:34 Alt: -11.957
17/02/2022 16:23:34 ch8: 965
17/02/2022 16:23:34 distance: 11279939.78686203
17/02/2022 16:23:34 Pilot control
17/02/2022 16:23:34 -------------Check stall condition-------------
17/02/2022 16:23:34 Alt: -12.029
17/02/2022 16:23:34 ch8: 965
17/02/2022 16:23:34 distance: 11279937.16743162
17/02/2022 16:23:34 Pilot control
17/02/2022 16:23:35 -------------Check stall condition-------------
17/02/2022 16:23:35 Alt: -11.968
17/02/2022 16:23:35 ch8: 965
17/02/2022 16:23:35 distance: 11279935.82863043
17/02/2022 16:23:35 Pilot control
17/02/2022 16:23:35 -------------Check stall condition-------------
17/02/2022 16:23:35 Alt: -11.968
17/02/2022 16:23:35 ch8: 965
17/02/2022 16:23:35 distance: 11279934.546486147
17/02/2022 16:23:35 Pilot control
17/02/2022 16:23:35 Saved video
