22/02/2022 13:04:31 Connecting to Vehicle on: /dev/ttyACM0
22/02/2022 13:04:31 ArduPlane V4.1.4 (0f984409)
22/02/2022 13:04:31 ChibiOS: 45395b6a
22/02/2022 13:04:31 CubeBlack 00360049 3337510E 37353832
22/02/2022 13:04:31 RCOut: PWM:1-12
22/02/2022 13:04:31 IMU0: fast sampling enabled 8.0kHz/1.0kHz
22/02/2022 13:04:31 IMU2: fast sampling enabled 8.0kHz/1.0kHz
22/02/2022 13:04:43 -------------Check stall condition-------------
22/02/2022 13:04:43 Alt: 0.288
22/02/2022 13:04:43 distance: 51.32816000770833
22/02/2022 13:04:43 Mode: STABILIZE
22/02/2022 13:04:43 Pilot control
22/02/2022 13:04:43 ch7: 971
22/02/2022 13:04:43 -------------Check stall condition-------------
22/02/2022 13:04:43 Alt: 0.297
22/02/2022 13:04:43 distance: 51.285536385178055
22/02/2022 13:04:43 Mode: STABILIZE
22/02/2022 13:04:44 Pilot control
22/02/2022 13:04:44 ch7: 971
22/02/2022 13:04:44 -------------Check stall condition-------------
22/02/2022 13:04:44 Alt: 0.296
22/02/2022 13:04:44 distance: 51.29394918886569
22/02/2022 13:04:44 Mode: STABILIZE
22/02/2022 13:04:44 Pilot control
22/02/2022 13:04:44 ch7: 971
22/02/2022 13:04:44 -------------Check stall condition-------------
22/02/2022 13:04:44 Alt: 0.301
22/02/2022 13:04:44 distance: 51.29816231960389
22/02/2022 13:04:44 Mode: STABILIZE
22/02/2022 13:04:44 Pilot control
22/02/2022 13:04:45 ch7: 970
22/02/2022 13:04:45 -------------Check stall condition-------------
22/02/2022 13:04:45 Alt: 0.105
22/02/2022 13:04:45 distance: 51.32176781554776
22/02/2022 13:04:45 Mode: STABILIZE
22/02/2022 13:04:45 Pilot control
22/02/2022 13:04:45 ch7: 971
22/02/2022 13:04:45 -------------Check stall condition-------------
22/02/2022 13:04:45 Alt: 0.061
22/02/2022 13:04:45 distance: 51.33022296454619
22/02/2022 13:04:45 Mode: STABILIZE
22/02/2022 13:04:45 Pilot control
22/02/2022 13:04:45 ch7: 971
22/02/2022 13:04:46 -------------Check stall condition-------------
22/02/2022 13:04:46 Alt: 0.069
22/02/2022 13:04:46 distance: 51.33992100917406
22/02/2022 13:04:46 Mode: STABILIZE
22/02/2022 13:04:46 Pilot control
22/02/2022 13:04:46 ch7: 971
22/02/2022 13:04:46 -------------Check stall condition-------------
22/02/2022 13:04:46 Alt: 0.083
22/02/2022 13:04:46 distance: 51.36901863310246
22/02/2022 13:04:46 Mode: STABILIZE
22/02/2022 13:04:46 Pilot control
22/02/2022 13:04:46 ch7: 971
22/02/2022 13:04:46 -------------Check stall condition-------------
22/02/2022 13:04:46 Alt: 0.109
22/02/2022 13:04:46 distance: 51.41752628258772
22/02/2022 13:04:46 Mode: STABILIZE
22/02/2022 13:04:46 Pilot control
22/02/2022 13:04:47 ch7: 971
22/02/2022 13:04:47 -------------Check stall condition-------------
22/02/2022 13:04:47 Alt: 0.129
22/02/2022 13:04:47 distance: 51.441185408129115
22/02/2022 13:04:47 Mode: STABILIZE
22/02/2022 13:04:47 Pilot control
22/02/2022 13:04:47 ch7: 971
22/02/2022 13:04:47 -------------Check stall condition-------------
22/02/2022 13:04:47 Alt: 0.162
22/02/2022 13:04:47 distance: 51.424839148960906
22/02/2022 13:04:47 Mode: STABILIZE
22/02/2022 13:04:47 Pilot control
22/02/2022 13:04:48 ch7: 971
22/02/2022 13:04:48 -------------Check stall condition-------------
22/02/2022 13:04:48 Alt: 0.163
22/02/2022 13:04:48 distance: 51.3999755013984
22/02/2022 13:04:48 Mode: STABILIZE
22/02/2022 13:04:48 Pilot control
22/02/2022 13:04:48 ch7: 971
22/02/2022 13:04:48 -------------Check stall condition-------------
22/02/2022 13:04:48 Alt: 0.171
22/02/2022 13:04:48 distance: 51.35995702803245
22/02/2022 13:04:48 Mode: STABILIZE
22/02/2022 13:04:48 Pilot control
22/02/2022 13:04:48 ch7: 971
22/02/2022 13:04:48 -------------Check stall condition-------------
22/02/2022 13:04:48 Alt: 0.177
22/02/2022 13:04:48 distance: 51.33509333817381
22/02/2022 13:04:48 Mode: STABILIZE
22/02/2022 13:04:48 Pilot control
22/02/2022 13:04:49 ch7: 970
22/02/2022 13:04:49 -------------Check stall condition-------------
22/02/2022 13:04:49 Alt: 0.173
22/02/2022 13:04:49 distance: 51.2550568058317
22/02/2022 13:04:49 Mode: STABILIZE
22/02/2022 13:04:49 Pilot control
22/02/2022 13:04:49 ch7: 971
22/02/2022 13:04:49 -------------Check stall condition-------------
22/02/2022 13:04:49 Alt: 0.166
22/02/2022 13:04:49 distance: 51.16531109167786
22/02/2022 13:04:49 Mode: STABILIZE
22/02/2022 13:04:49 Pilot control
22/02/2022 13:04:50 ch7: 971
22/02/2022 13:04:50 -------------Check stall condition-------------
22/02/2022 13:04:50 Alt: 0.12
22/02/2022 13:04:50 distance: 51.05380245375417
22/02/2022 13:04:50 Mode: STABILIZE
22/02/2022 13:04:50 Pilot control
22/02/2022 13:04:50 ch7: 971
22/02/2022 13:04:50 -------------Check stall condition-------------
22/02/2022 13:04:50 Alt: 0.036
22/02/2022 13:04:50 distance: 51.0180669039466
22/02/2022 13:04:50 Mode: STABILIZE
22/02/2022 13:04:50 Pilot control
22/02/2022 13:04:50 ch7: 970
22/02/2022 13:04:50 -------------Check stall condition-------------
22/02/2022 13:04:50 Alt: 0.036
22/02/2022 13:04:50 distance: 50.99205593991847
22/02/2022 13:04:50 Mode: STABILIZE
22/02/2022 13:04:50 Pilot control
22/02/2022 13:04:50 ch7: 971
22/02/2022 13:04:50 -------------Check stall condition-------------
22/02/2022 13:04:50 Alt: 0.044
22/02/2022 13:04:50 distance: 50.990922243747015
22/02/2022 13:04:50 Mode: STABILIZE
22/02/2022 13:04:51 Pilot control
22/02/2022 13:04:51 ch7: 971
22/02/2022 13:04:51 -------------Check stall condition-------------
22/02/2022 13:04:51 Alt: 0.073
22/02/2022 13:04:51 distance: 50.98549886903242
22/02/2022 13:04:51 Mode: STABILIZE
22/02/2022 13:04:51 Pilot control
22/02/2022 13:04:51 ch7: 971
22/02/2022 13:04:51 -------------Check stall condition-------------
22/02/2022 13:04:51 Alt: 0.086
22/02/2022 13:04:51 distance: 50.98007734812665
22/02/2022 13:04:51 Mode: STABILIZE
22/02/2022 13:04:51 Pilot control
22/02/2022 13:04:51 ch7: 971
22/02/2022 13:04:51 -------------Check stall condition-------------
22/02/2022 13:04:51 Alt: 0.097
22/02/2022 13:04:51 distance: 50.97465768152496
22/02/2022 13:04:51 Mode: STABILIZE
22/02/2022 13:04:51 Pilot control
22/02/2022 13:04:51 ch7: 971
22/02/2022 13:04:51 -------------Check stall condition-------------
22/02/2022 13:04:51 Alt: 0.106
22/02/2022 13:04:51 distance: 50.9540980632395
22/02/2022 13:04:52 Mode: STABILIZE
22/02/2022 13:04:52 Pilot control
22/02/2022 13:04:52 ch7: 970
22/02/2022 13:04:52 -------------Check stall condition-------------
22/02/2022 13:04:52 Alt: 0.118
22/02/2022 13:04:52 distance: 50.84702991063405
22/02/2022 13:04:52 Mode: STABILIZE
22/02/2022 13:04:52 Pilot control
22/02/2022 13:04:52 ch7: 971
22/02/2022 13:04:52 -------------Check stall condition-------------
22/02/2022 13:04:52 Alt: 0.147
22/02/2022 13:04:52 distance: 50.82108746136938
22/02/2022 13:04:52 Mode: STABILIZE
22/02/2022 13:04:52 Pilot control
22/02/2022 13:04:53 ch7: 971
22/02/2022 13:04:53 -------------Check stall condition-------------
22/02/2022 13:04:53 Alt: 0.175
22/02/2022 13:04:53 distance: 50.7897606785574
22/02/2022 13:04:53 Mode: STABILIZE
22/02/2022 13:04:53 Pilot control
22/02/2022 13:04:53 ch7: 971
22/02/2022 13:04:53 -------------Check stall condition-------------
22/02/2022 13:04:53 Alt: 0.24
22/02/2022 13:04:53 distance: 50.723845129518295
22/02/2022 13:04:53 Mode: STABILIZE
22/02/2022 13:04:53 Pilot control
22/02/2022 13:04:54 ch7: 971
22/02/2022 13:04:54 -------------Check stall condition-------------
22/02/2022 13:04:54 Alt: 0.517
22/02/2022 13:04:54 distance: 50.61897556404156
22/02/2022 13:04:54 Mode: STABILIZE
22/02/2022 13:04:54 Pilot control
22/02/2022 13:04:54 ch7: 971
22/02/2022 13:04:54 -------------Check stall condition-------------
22/02/2022 13:04:54 Alt: 0.987
22/02/2022 13:04:54 distance: 50.48159148673775
22/02/2022 13:04:54 Mode: STABILIZE
22/02/2022 13:04:54 Pilot control
22/02/2022 13:04:54 ch7: 971
22/02/2022 13:04:54 -------------Check stall condition-------------
22/02/2022 13:04:54 Alt: 1.034
22/02/2022 13:04:54 distance: 50.33671463183621
22/02/2022 13:04:54 Mode: STABILIZE
22/02/2022 13:04:54 Pilot control
22/02/2022 13:04:55 ch7: 971
22/02/2022 13:04:55 -------------Check stall condition-------------
22/02/2022 13:04:55 Alt: 1.215
22/02/2022 13:04:55 distance: 50.29131775451636
22/02/2022 13:04:55 Mode: STABILIZE
22/02/2022 13:04:55 Pilot control
22/02/2022 13:04:55 ch7: 971
22/02/2022 13:04:55 -------------Check stall condition-------------
22/02/2022 13:04:55 Alt: 1.113
22/02/2022 13:04:55 distance: 50.00725946218655
22/02/2022 13:04:55 Mode: STABILIZE
22/02/2022 13:04:55 Pilot control
22/02/2022 13:04:56 ch7: 971
22/02/2022 13:04:56 -------------Check stall condition-------------
22/02/2022 13:04:56 Alt: 0.447
22/02/2022 13:04:56 distance: 49.687321343461925
22/02/2022 13:04:56 Mode: STABILIZE
22/02/2022 13:04:56 Pilot control
22/02/2022 13:04:56 ch7: 971
22/02/2022 13:04:56 -------------Check stall condition-------------
22/02/2022 13:04:56 Alt: 0.283
22/02/2022 13:04:56 distance: 49.309477349990345
22/02/2022 13:04:56 Mode: STABILIZE
22/02/2022 13:04:56 Pilot control
22/02/2022 13:04:57 ch7: 971
22/02/2022 13:04:57 -------------Check stall condition-------------
22/02/2022 13:04:57 Alt: 0.259
22/02/2022 13:04:57 distance: 49.134511831474626
22/02/2022 13:04:57 Mode: STABILIZE
22/02/2022 13:04:57 Pilot control
22/02/2022 13:04:57 ch7: 971
22/02/2022 13:04:57 -------------Check stall condition-------------
22/02/2022 13:04:57 Alt: 0.391
22/02/2022 13:04:57 distance: 49.04152998487693
22/02/2022 13:04:57 Mode: STABILIZE
22/02/2022 13:04:57 Pilot control
22/02/2022 13:04:58 ch7: 971
22/02/2022 13:04:58 -------------Check stall condition-------------
22/02/2022 13:04:58 Alt: 0.433
22/02/2022 13:04:58 distance: 48.95257260855263
22/02/2022 13:04:58 Mode: STABILIZE
22/02/2022 13:04:58 Pilot control
22/02/2022 13:04:58 ch7: 971
22/02/2022 13:04:58 -------------Check stall condition-------------
22/02/2022 13:04:58 Alt: 0.477
22/02/2022 13:04:58 distance: 48.910532717141685
22/02/2022 13:04:58 Mode: STABILIZE
22/02/2022 13:04:58 Pilot control
22/02/2022 13:04:59 ch7: 971
22/02/2022 13:04:59 -------------Check stall condition-------------
22/02/2022 13:04:59 Alt: 0.633
22/02/2022 13:04:59 distance: 48.85816025431243
22/02/2022 13:04:59 Mode: STABILIZE
22/02/2022 13:04:59 Pilot control
22/02/2022 13:04:59 ch7: 971
22/02/2022 13:04:59 -------------Check stall condition-------------
22/02/2022 13:04:59 Alt: 0.756
22/02/2022 13:04:59 distance: 48.8268316342662
22/02/2022 13:04:59 Mode: STABILIZE
22/02/2022 13:04:59 Pilot control
22/02/2022 13:05:00 ch7: 971
22/02/2022 13:05:00 -------------Check stall condition-------------
22/02/2022 13:05:00 Alt: 0.846
22/02/2022 13:05:00 distance: 48.705557114292915
22/02/2022 13:05:00 Mode: STABILIZE
22/02/2022 13:05:00 Pilot control
22/02/2022 13:05:00 ch7: 971
22/02/2022 13:05:00 -------------Check stall condition-------------
22/02/2022 13:05:00 Alt: 0.906
22/02/2022 13:05:00 distance: 48.640075625958126
22/02/2022 13:05:00 Mode: STABILIZE
22/02/2022 13:05:00 Pilot control
22/02/2022 13:05:01 ch7: 971
22/02/2022 13:05:01 -------------Check stall condition-------------
22/02/2022 13:05:01 Alt: 0.926
22/02/2022 13:05:01 distance: 48.545132099353545
22/02/2022 13:05:01 Mode: STABILIZE
22/02/2022 13:05:01 Pilot control
22/02/2022 13:05:01 ch7: 971
22/02/2022 13:05:01 -------------Check stall condition-------------
22/02/2022 13:05:01 Alt: 0.952
22/02/2022 13:05:01 distance: 48.361122955737805
22/02/2022 13:05:01 Mode: STABILIZE
22/02/2022 13:05:02 Pilot control
22/02/2022 13:05:02 ch7: 970
22/02/2022 13:05:02 -------------Check stall condition-------------
22/02/2022 13:05:02 Alt: 0.176
22/02/2022 13:05:02 distance: 48.163378369584024
22/02/2022 13:05:02 Mode: STABILIZE
22/02/2022 13:05:02 Pilot control
22/02/2022 13:05:02 ch7: 970
22/02/2022 13:05:02 -------------Check stall condition-------------
22/02/2022 13:05:02 Alt: 0.172
22/02/2022 13:05:02 distance: 47.960440493679265
22/02/2022 13:05:03 Mode: STABILIZE
22/02/2022 13:05:03 Pilot control
22/02/2022 13:05:03 ch7: 971
22/02/2022 13:05:03 -------------Check stall condition-------------
22/02/2022 13:05:03 Alt: 0.19
22/02/2022 13:05:03 distance: 47.846546891117015
22/02/2022 13:05:03 Mode: STABILIZE
22/02/2022 13:05:03 Pilot control
22/02/2022 13:05:03 ch7: 971
22/02/2022 13:05:03 -------------Check stall condition-------------
22/02/2022 13:05:03 Alt: 0.255
22/02/2022 13:05:03 distance: 47.752282045234566
22/02/2022 13:05:03 Mode: STABILIZE
22/02/2022 13:05:03 Pilot control
22/02/2022 13:05:04 ch7: 971
22/02/2022 13:05:04 -------------Check stall condition-------------
22/02/2022 13:05:04 Alt: 0.334
22/02/2022 13:05:04 distance: 47.66782880209796
22/02/2022 13:05:04 Mode: STABILIZE
22/02/2022 13:05:04 Pilot control
22/02/2022 13:05:04 ch7: 971
22/02/2022 13:05:04 -------------Check stall condition-------------
22/02/2022 13:05:04 Alt: 0.398
22/02/2022 13:05:04 distance: 47.612802461447664
22/02/2022 13:05:04 Mode: STABILIZE
22/02/2022 13:05:04 Pilot control
22/02/2022 13:05:05 ch7: 971
22/02/2022 13:05:05 -------------Check stall condition-------------
22/02/2022 13:05:05 Alt: 0.451
22/02/2022 13:05:05 distance: 47.51327652906194
22/02/2022 13:05:05 Mode: STABILIZE
22/02/2022 13:05:05 Pilot control
22/02/2022 13:05:05 ch7: 971
22/02/2022 13:05:05 -------------Check stall condition-------------
22/02/2022 13:05:05 Alt: 0.518
22/02/2022 13:05:05 distance: 47.44844138309248
22/02/2022 13:05:05 Mode: STABILIZE
22/02/2022 13:05:05 Pilot control
22/02/2022 13:05:06 ch7: 971
22/02/2022 13:05:06 -------------Check stall condition-------------
22/02/2022 13:05:06 Alt: 0.61
22/02/2022 13:05:06 distance: 47.2525420253343
22/02/2022 13:05:06 Mode: STABILIZE
22/02/2022 13:05:06 Pilot control
22/02/2022 13:05:06 ch7: 971
22/02/2022 13:05:06 -------------Check stall condition-------------
22/02/2022 13:05:06 Alt: 0.657
22/02/2022 13:05:06 distance: 47.06469450944384
22/02/2022 13:05:06 Mode: STABILIZE
22/02/2022 13:05:06 Pilot control
22/02/2022 13:05:07 ch7: 971
22/02/2022 13:05:07 -------------Check stall condition-------------
22/02/2022 13:05:07 Alt: 0.685
22/02/2022 13:05:07 distance: 46.83167440398246
22/02/2022 13:05:07 Mode: STABILIZE
22/02/2022 13:05:07 Pilot control
22/02/2022 13:05:07 ch7: 970
22/02/2022 13:05:07 -------------Check stall condition-------------
22/02/2022 13:05:07 Alt: 0.751
22/02/2022 13:05:07 distance: 46.64170814076982
22/02/2022 13:05:07 Mode: STABILIZE
22/02/2022 13:05:07 Pilot control
22/02/2022 13:05:08 ch7: 971
22/02/2022 13:05:08 -------------Check stall condition-------------
22/02/2022 13:05:08 Alt: 0.589
22/02/2022 13:05:08 distance: 46.63262612181217
22/02/2022 13:05:08 Mode: STABILIZE
22/02/2022 13:05:08 Pilot control
22/02/2022 13:05:08 ch7: 971
22/02/2022 13:05:08 -------------Check stall condition-------------
22/02/2022 13:05:08 Alt: 0.135
22/02/2022 13:05:08 distance: 46.66277756516545
22/02/2022 13:05:08 Mode: STABILIZE
22/02/2022 13:05:08 Pilot control
22/02/2022 13:05:09 ch7: 971
22/02/2022 13:05:09 Mission: 1 WP
22/02/2022 13:05:09 -------------Check stall condition-------------
22/02/2022 13:05:09 Alt: 0.18
22/02/2022 13:05:09 distance: 46.65297317819886
22/02/2022 13:05:09 Mode: AUTO
22/02/2022 13:05:09 Changed mode to: AUTO
22/02/2022 13:05:09 Waiting for reach target...
22/02/2022 13:05:09 is_deepstalled: False
22/02/2022 13:05:09 -------------Deep stall!!!-------------
22/02/2022 13:05:09 -------------Adjust angle after stall-------------
22/02/2022 13:05:09 Groundspeed: 0.052555691450834274
22/02/2022 13:05:09 excel log
22/02/2022 13:05:11 end log!!
22/02/2022 13:05:11 ch7: 971
22/02/2022 13:05:11 -------------Check stall condition-------------
22/02/2022 13:05:11 Alt: 0.248
22/02/2022 13:05:11 distance: 46.56852740523491
22/02/2022 13:05:11 Mode: STABILIZE
22/02/2022 13:05:11 Pilot control
22/02/2022 13:05:12 ch7: 971
22/02/2022 13:05:12 -------------Check stall condition-------------
22/02/2022 13:05:12 Alt: 0.258
22/02/2022 13:05:12 distance: 46.58360502974548
22/02/2022 13:05:12 Mode: STABILIZE
22/02/2022 13:05:12 Pilot control
22/02/2022 13:05:12 ch7: 971
22/02/2022 13:05:12 -------------Check stall condition-------------
22/02/2022 13:05:12 Alt: 0.27
22/02/2022 13:05:12 distance: 46.594159388882765
22/02/2022 13:05:12 Mode: STABILIZE
22/02/2022 13:05:12 Pilot control
22/02/2022 13:05:13 ch7: 971
22/02/2022 13:05:13 -------------Check stall condition-------------
22/02/2022 13:05:13 Alt: 0.262
22/02/2022 13:05:13 distance: 46.58590735037416
22/02/2022 13:05:13 Mode: STABILIZE
22/02/2022 13:05:13 Pilot control
22/02/2022 13:05:13 ch7: 971
22/02/2022 13:05:13 -------------Check stall condition-------------
22/02/2022 13:05:13 Alt: 0.16
22/02/2022 13:05:13 distance: 46.57241900104645
22/02/2022 13:05:13 Mode: STABILIZE
22/02/2022 13:05:13 Pilot control
22/02/2022 13:05:14 ch7: 971
22/02/2022 13:05:14 -------------Check stall condition-------------
22/02/2022 13:05:14 Alt: -0.014
22/02/2022 13:05:14 distance: 46.56793266165992
22/02/2022 13:05:14 Mode: STABILIZE
22/02/2022 13:05:14 Pilot control
22/02/2022 13:05:14 ch7: 970
22/02/2022 13:05:14 -------------Check stall condition-------------
22/02/2022 13:05:14 Alt: -0.188
22/02/2022 13:05:14 distance: 46.614040733365165
22/02/2022 13:05:14 Mode: STABILIZE
22/02/2022 13:05:14 Pilot control
22/02/2022 13:05:15 ch7: 971
22/02/2022 13:05:15 -------------Check stall condition-------------
22/02/2022 13:05:15 Alt: -0.294
22/02/2022 13:05:15 distance: 46.69398569902566
22/02/2022 13:05:15 Mode: STABILIZE
22/02/2022 13:05:15 Pilot control
22/02/2022 13:05:15 ch7: 971
22/02/2022 13:05:15 -------------Check stall condition-------------
22/02/2022 13:05:15 Alt: -0.345
22/02/2022 13:05:15 distance: 46.72057665625936
22/02/2022 13:05:15 Mode: STABILIZE
22/02/2022 13:05:15 Pilot control
22/02/2022 13:05:16 ch7: 971
22/02/2022 13:05:16 -------------Check stall condition-------------
22/02/2022 13:05:16 Alt: -0.381
22/02/2022 13:05:16 distance: 46.711679755936274
22/02/2022 13:05:16 Mode: STABILIZE
22/02/2022 13:05:16 Pilot control
22/02/2022 13:05:16 ch7: 971
22/02/2022 13:05:16 -------------Check stall condition-------------
22/02/2022 13:05:16 Alt: -0.237
22/02/2022 13:05:16 distance: 46.71701040687516
22/02/2022 13:05:16 Mode: STABILIZE
22/02/2022 13:05:16 Pilot control
22/02/2022 13:05:17 ch7: 971
22/02/2022 13:05:17 -------------Check stall condition-------------
22/02/2022 13:05:17 Alt: 0.141
22/02/2022 13:05:17 distance: 46.62118605314613
22/02/2022 13:05:17 Mode: STABILIZE
22/02/2022 13:05:17 Pilot control
22/02/2022 13:05:17 ch7: 971
22/02/2022 13:05:17 -------------Check stall condition-------------
22/02/2022 13:05:17 Alt: 0.461
22/02/2022 13:05:17 distance: 46.59787598645724
22/02/2022 13:05:17 Mode: STABILIZE
22/02/2022 13:05:17 Pilot control
22/02/2022 13:05:18 ch7: 971
22/02/2022 13:05:18 -------------Check stall condition-------------
22/02/2022 13:05:18 Alt: 0.642
22/02/2022 13:05:18 distance: 46.616175406211184
22/02/2022 13:05:18 Mode: STABILIZE
22/02/2022 13:05:18 Pilot control
22/02/2022 13:05:18 ch7: 971
22/02/2022 13:05:18 -------------Check stall condition-------------
22/02/2022 13:05:18 Alt: 0.826
22/02/2022 13:05:18 distance: 46.57184426305279
22/02/2022 13:05:18 Mode: STABILIZE
22/02/2022 13:05:18 Pilot control
22/02/2022 13:05:19 ch7: 971
22/02/2022 13:05:19 -------------Check stall condition-------------
22/02/2022 13:05:19 Alt: 0.559
22/02/2022 13:05:19 distance: 46.486428746772496
22/02/2022 13:05:19 Mode: STABILIZE
22/02/2022 13:05:19 Pilot control
22/02/2022 13:05:19 ch7: 970
22/02/2022 13:05:19 -------------Check stall condition-------------
22/02/2022 13:05:19 Alt: 0.325
22/02/2022 13:05:19 distance: 46.45300846007017
22/02/2022 13:05:19 Mode: STABILIZE
22/02/2022 13:05:19 Pilot control
22/02/2022 13:05:20 ch7: 971
22/02/2022 13:05:20 -------------Check stall condition-------------
22/02/2022 13:05:20 Alt: 0.251
22/02/2022 13:05:20 distance: 46.40969766538302
22/02/2022 13:05:20 Mode: STABILIZE
22/02/2022 13:05:20 Pilot control
22/02/2022 13:05:20 ch7: 971
22/02/2022 13:05:20 -------------Check stall condition-------------
22/02/2022 13:05:20 Alt: 0.162
22/02/2022 13:05:20 distance: 46.34912610257238
22/02/2022 13:05:20 Mode: STABILIZE
22/02/2022 13:05:20 Pilot control
22/02/2022 13:05:21 ch7: 970
22/02/2022 13:05:21 -------------Check stall condition-------------
22/02/2022 13:05:21 Alt: 0.245
22/02/2022 13:05:21 distance: 46.3785039715896
22/02/2022 13:05:21 Mode: STABILIZE
22/02/2022 13:05:21 Pilot control
22/02/2022 13:05:21 ch7: 971
22/02/2022 13:05:21 -------------Check stall condition-------------
22/02/2022 13:05:21 Alt: 0.3
22/02/2022 13:05:21 distance: 46.45236155047577
22/02/2022 13:05:21 Mode: STABILIZE
22/02/2022 13:05:21 Pilot control
22/02/2022 13:05:22 ch7: 971
22/02/2022 13:05:22 -------------Check stall condition-------------
22/02/2022 13:05:22 Alt: 0.37
22/02/2022 13:05:22 distance: 46.53665597102063
22/02/2022 13:05:22 Mode: STABILIZE
22/02/2022 13:05:22 Pilot control
22/02/2022 13:05:22 ch7: 971
22/02/2022 13:05:22 -------------Check stall condition-------------
22/02/2022 13:05:22 Alt: 0.418
22/02/2022 13:05:22 distance: 46.63730817892103
22/02/2022 13:05:22 Mode: STABILIZE
22/02/2022 13:05:22 Pilot control
22/02/2022 13:05:23 ch7: 971
22/02/2022 13:05:23 -------------Check stall condition-------------
22/02/2022 13:05:23 Alt: 0.444
22/02/2022 13:05:23 distance: 46.67854418995513
22/02/2022 13:05:23 Mode: STABILIZE
22/02/2022 13:05:23 Pilot control
22/02/2022 13:05:23 ch7: 971
22/02/2022 13:05:23 -------------Check stall condition-------------
22/02/2022 13:05:23 Alt: 0.487
22/02/2022 13:05:23 distance: 46.767802128532566
22/02/2022 13:05:23 Mode: STABILIZE
22/02/2022 13:05:23 Pilot control
22/02/2022 13:05:24 ch7: 971
22/02/2022 13:05:24 -------------Check stall condition-------------
22/02/2022 13:05:24 Alt: 0.512
22/02/2022 13:05:24 distance: 46.795225033878936
22/02/2022 13:05:24 Mode: STABILIZE
22/02/2022 13:05:24 Pilot control
22/02/2022 13:05:24 ch7: 970
22/02/2022 13:05:24 -------------Check stall condition-------------
22/02/2022 13:05:24 Alt: 0.503
22/02/2022 13:05:24 distance: 46.84205646674354
22/02/2022 13:05:25 Mode: STABILIZE
22/02/2022 13:05:25 Pilot control
22/02/2022 13:05:25 Mission: 1 WP
22/02/2022 13:05:25 ch7: 971
22/02/2022 13:05:25 -------------Check stall condition-------------
22/02/2022 13:05:25 Alt: 0.494
22/02/2022 13:05:25 distance: 46.898593559466356
22/02/2022 13:05:25 Mode: AUTO
22/02/2022 13:05:25 Changed mode to: AUTO
22/02/2022 13:05:25 Waiting for reach target...
22/02/2022 13:05:25 is_deepstalled: False
22/02/2022 13:05:25 -------------Deep stall!!!-------------
22/02/2022 13:05:25 -------------Post stall-------------
22/02/2022 13:05:25 Groundspeed: 0.13211369514465332
22/02/2022 13:05:25 end log!!
22/02/2022 13:05:26 ch7: 971
22/02/2022 13:05:26 -------------Check stall condition-------------
22/02/2022 13:05:26 Alt: 0.499
22/02/2022 13:05:26 distance: 46.90960538696302
22/02/2022 13:05:26 Mode: STABILIZE
22/02/2022 13:05:26 Pilot control
22/02/2022 13:05:26 ch7: 971
22/02/2022 13:05:26 -------------Check stall condition-------------
22/02/2022 13:05:26 Alt: 0.059
22/02/2022 13:05:26 distance: 46.968921221603416
22/02/2022 13:05:26 Mode: STABILIZE
22/02/2022 13:05:26 Pilot control
22/02/2022 13:05:27 ch7: 971
22/02/2022 13:05:27 -------------Check stall condition-------------
22/02/2022 13:05:27 Alt: 0.037
22/02/2022 13:05:27 distance: 46.962059698166975
22/02/2022 13:05:27 Mode: STABILIZE
22/02/2022 13:05:27 Pilot control
22/02/2022 13:05:27 ch7: 971
22/02/2022 13:05:27 -------------Check stall condition-------------
22/02/2022 13:05:27 Alt: -0.021
22/02/2022 13:05:27 distance: 47.08491407112112
22/02/2022 13:05:27 Mode: STABILIZE
22/02/2022 13:05:27 Pilot control
22/02/2022 13:05:28 ch7: 971
22/02/2022 13:05:28 -------------Check stall condition-------------
22/02/2022 13:05:28 Alt: -0.043
22/02/2022 13:05:28 distance: 47.21193466315377
22/02/2022 13:05:28 Mode: STABILIZE
22/02/2022 13:05:28 Pilot control
22/02/2022 13:05:28 ch7: 971
22/02/2022 13:05:28 -------------Check stall condition-------------
22/02/2022 13:05:28 Alt: -0.066
22/02/2022 13:05:28 distance: 47.34451314606371
22/02/2022 13:05:28 Mode: STABILIZE
22/02/2022 13:05:28 Pilot control
22/02/2022 13:05:29 ch7: 971
22/02/2022 13:05:29 -------------Check stall condition-------------
22/02/2022 13:05:29 Alt: -0.097
22/02/2022 13:05:29 distance: 47.45777070558594
22/02/2022 13:05:29 Mode: STABILIZE
22/02/2022 13:05:29 Pilot control
22/02/2022 13:05:29 ch7: 971
22/02/2022 13:05:29 -------------Check stall condition-------------
22/02/2022 13:05:29 Alt: -0.131
22/02/2022 13:05:29 distance: 47.590398630386275
22/02/2022 13:05:29 Mode: STABILIZE
22/02/2022 13:05:29 Pilot control
22/02/2022 13:05:30 ch7: 971
22/02/2022 13:05:30 -------------Check stall condition-------------
22/02/2022 13:05:30 Alt: -0.131
22/02/2022 13:05:30 distance: 47.69270628755725
22/02/2022 13:05:30 Mode: STABILIZE
22/02/2022 13:05:30 Pilot control
22/02/2022 13:05:30 ch7: 971
22/02/2022 13:05:30 -------------Check stall condition-------------
22/02/2022 13:05:30 Alt: -0.139
22/02/2022 13:05:30 distance: 47.6788332069819
22/02/2022 13:05:30 Mode: STABILIZE
22/02/2022 13:05:30 Pilot control
22/02/2022 13:05:31 ch7: 971
22/02/2022 13:05:31 -------------Check stall condition-------------
22/02/2022 13:05:31 Alt: -0.136
22/02/2022 13:05:31 distance: 47.739539868916744
22/02/2022 13:05:31 Mode: STABILIZE
22/02/2022 13:05:31 Pilot control
22/02/2022 13:05:31 ch7: 971
22/02/2022 13:05:31 -------------Check stall condition-------------
22/02/2022 13:05:31 Alt: -0.132
22/02/2022 13:05:31 distance: 47.85283617806615
22/02/2022 13:05:31 Mode: STABILIZE
22/02/2022 13:05:31 Pilot control
22/02/2022 13:05:32 ch7: 971
22/02/2022 13:05:32 -------------Check stall condition-------------
22/02/2022 13:05:32 Alt: -0.032
22/02/2022 13:05:32 distance: 47.90804465377104
22/02/2022 13:05:32 Mode: STABILIZE
22/02/2022 13:05:32 Pilot control
22/02/2022 13:05:32 ch7: 971
22/02/2022 13:05:32 -------------Check stall condition-------------
22/02/2022 13:05:32 Alt: 0.014
22/02/2022 13:05:32 distance: 48.02396255443104
22/02/2022 13:05:32 Mode: STABILIZE
22/02/2022 13:05:32 Pilot control
22/02/2022 13:05:33 ch7: 970
22/02/2022 13:05:33 -------------Check stall condition-------------
22/02/2022 13:05:33 Alt: 0.024
22/02/2022 13:05:33 distance: 48.196449564548544
22/02/2022 13:05:33 Mode: STABILIZE
22/02/2022 13:05:33 Pilot control
22/02/2022 13:05:33 ch7: 971
22/02/2022 13:05:33 -------------Check stall condition-------------
22/02/2022 13:05:33 Alt: 0.04
22/02/2022 13:05:33 distance: 48.26134284658224
22/02/2022 13:05:34 Mode: STABILIZE
22/02/2022 13:05:34 Pilot control
22/02/2022 13:05:34 ch7: 971
22/02/2022 13:05:34 -------------Check stall condition-------------
22/02/2022 13:05:34 Alt: 0.098
22/02/2022 13:05:34 distance: 48.431167833725354
22/02/2022 13:05:34 Mode: STABILIZE
22/02/2022 13:05:34 Pilot control
22/02/2022 13:05:35 ch7: 971
22/02/2022 13:05:35 -------------Check stall condition-------------
22/02/2022 13:05:35 Alt: 0.114
22/02/2022 13:05:35 distance: 48.505733325862096
22/02/2022 13:05:35 Mode: STABILIZE
22/02/2022 13:05:35 Pilot control
22/02/2022 13:05:35 ch7: 971
22/02/2022 13:05:35 -------------Check stall condition-------------
22/02/2022 13:05:35 Alt: 0.194
22/02/2022 13:05:35 distance: 48.59406151119498
22/02/2022 13:05:35 Mode: STABILIZE
22/02/2022 13:05:35 Pilot control
22/02/2022 13:05:36 ch7: 971
22/02/2022 13:05:36 -------------Check stall condition-------------
22/02/2022 13:05:36 Alt: 0.238
22/02/2022 13:05:36 distance: 48.64102336208953
22/02/2022 13:05:36 Mode: STABILIZE
22/02/2022 13:05:36 Pilot control
22/02/2022 13:05:36 ch7: 971
22/02/2022 13:05:36 -------------Check stall condition-------------
22/02/2022 13:05:36 Alt: 0.345
22/02/2022 13:05:36 distance: 48.737716304887286
22/02/2022 13:05:36 Mode: STABILIZE
22/02/2022 13:05:36 Pilot control
22/02/2022 13:05:37 ch7: 971
22/02/2022 13:05:37 -------------Check stall condition-------------
22/02/2022 13:05:37 Alt: 0.681
22/02/2022 13:05:37 distance: 48.77918873759093
22/02/2022 13:05:37 Mode: STABILIZE
22/02/2022 13:05:37 Pilot control
22/02/2022 13:05:37 ch7: 971
22/02/2022 13:05:37 -------------Check stall condition-------------
22/02/2022 13:05:37 Alt: 0.682
22/02/2022 13:05:37 distance: 48.80120044311467
22/02/2022 13:05:37 Mode: STABILIZE
22/02/2022 13:05:37 Pilot control
22/02/2022 13:05:38 ch7: 971
22/02/2022 13:05:38 -------------Check stall condition-------------
22/02/2022 13:05:38 Alt: 0.162
22/02/2022 13:05:38 distance: 48.86330746011396
22/02/2022 13:05:38 Mode: STABILIZE
22/02/2022 13:05:38 Pilot control
22/02/2022 13:05:38 ch7: 971
22/02/2022 13:05:38 -------------Check stall condition-------------
22/02/2022 13:05:38 Alt: -0.015
22/02/2022 13:05:38 distance: 48.9268261956938
22/02/2022 13:05:38 Mode: STABILIZE
22/02/2022 13:05:38 Pilot control
22/02/2022 13:05:39 ch7: 971
22/02/2022 13:05:39 -------------Check stall condition-------------
22/02/2022 13:05:39 Alt: -0.074
22/02/2022 13:05:39 distance: 49.06076560509617
22/02/2022 13:05:39 Mode: STABILIZE
22/02/2022 13:05:39 Pilot control
22/02/2022 13:05:39 ch7: 971
22/02/2022 13:05:39 -------------Check stall condition-------------
22/02/2022 13:05:39 Alt: -0.121
22/02/2022 13:05:39 distance: 49.23890511497195
22/02/2022 13:05:39 Mode: STABILIZE
22/02/2022 13:05:39 Pilot control
22/02/2022 13:05:40 ch7: 971
22/02/2022 13:05:40 -------------Check stall condition-------------
22/02/2022 13:05:40 Alt: -0.159
22/02/2022 13:05:40 distance: 49.40187586786217
22/02/2022 13:05:40 Mode: STABILIZE
22/02/2022 13:05:40 Pilot control
22/02/2022 13:05:40 ch7: 971
22/02/2022 13:05:40 -------------Check stall condition-------------
22/02/2022 13:05:40 Alt: -0.19
22/02/2022 13:05:40 distance: 49.53583164161007
22/02/2022 13:05:40 Mode: STABILIZE
22/02/2022 13:05:40 Pilot control
22/02/2022 13:05:41 ch7: 971
22/02/2022 13:05:41 -------------Check stall condition-------------
22/02/2022 13:05:41 Alt: -0.225
22/02/2022 13:05:41 distance: 49.6904724158008
22/02/2022 13:05:41 Mode: STABILIZE
22/02/2022 13:05:41 Pilot control
22/02/2022 13:05:41 ch7: 971
22/02/2022 13:05:41 -------------Check stall condition-------------
22/02/2022 13:05:41 Alt: -0.276
22/02/2022 13:05:41 distance: 49.89900033247053
22/02/2022 13:05:41 Mode: STABILIZE
22/02/2022 13:05:41 Pilot control
22/02/2022 13:05:42 ch7: 971
22/02/2022 13:05:42 -------------Check stall condition-------------
22/02/2022 13:05:42 Alt: -0.31
22/02/2022 13:05:42 distance: 50.08686034533485
22/02/2022 13:05:42 Mode: STABILIZE
22/02/2022 13:05:42 Pilot control
22/02/2022 13:05:42 ch7: 971
22/02/2022 13:05:42 -------------Check stall condition-------------
22/02/2022 13:05:42 Alt: -0.35
22/02/2022 13:05:42 distance: 50.28991199469514
22/02/2022 13:05:42 Mode: STABILIZE
22/02/2022 13:05:42 Pilot control
22/02/2022 13:05:43 ch7: 970
22/02/2022 13:05:43 -------------Check stall condition-------------
22/02/2022 13:05:43 Alt: -0.374
22/02/2022 13:05:43 distance: 50.52880885174872
22/02/2022 13:05:43 Mode: STABILIZE
22/02/2022 13:05:43 Pilot control
22/02/2022 13:05:43 ch7: 971
22/02/2022 13:05:43 -------------Check stall condition-------------
22/02/2022 13:05:43 Alt: -0.421
22/02/2022 13:05:43 distance: 50.75253416957822
22/02/2022 13:05:43 Mode: STABILIZE
22/02/2022 13:05:43 Pilot control
22/02/2022 13:05:44 ch7: 971
22/02/2022 13:05:44 -------------Check stall condition-------------
22/02/2022 13:05:44 Alt: -0.318
22/02/2022 13:05:44 distance: 50.95688870513794
22/02/2022 13:05:44 Mode: STABILIZE
22/02/2022 13:05:44 Pilot control
22/02/2022 13:05:44 ch7: 971
22/02/2022 13:05:44 -------------Check stall condition-------------
22/02/2022 13:05:44 Alt: -0.096
22/02/2022 13:05:44 distance: 51.18903231970489
22/02/2022 13:05:44 Mode: STABILIZE
22/02/2022 13:05:44 Pilot control
22/02/2022 13:05:45 ch7: 970
22/02/2022 13:05:45 -------------Check stall condition-------------
22/02/2022 13:05:45 Alt: -0.093
22/02/2022 13:05:45 distance: 51.46546210458554
22/02/2022 13:05:45 Mode: STABILIZE
22/02/2022 13:05:45 Pilot control
22/02/2022 13:05:45 Mission: 1 WP
22/02/2022 13:05:45 ch7: 971
22/02/2022 13:05:45 -------------Check stall condition-------------
22/02/2022 13:05:45 Alt: -0.115
22/02/2022 13:05:45 distance: 51.76135303359137
22/02/2022 13:05:45 Mode: AUTO
22/02/2022 13:05:45 Changed mode to: AUTO
22/02/2022 13:05:45 Waiting for reach target...
22/02/2022 13:05:45 is_deepstalled: False
22/02/2022 13:05:45 -------------Deep stall!!!-------------
22/02/2022 13:05:45 -------------Adjust angle after stall-------------
22/02/2022 13:05:45 Groundspeed: 0.1505047082901001
22/02/2022 13:05:45 end log!!
22/02/2022 13:05:46 ch7: 971
22/02/2022 13:05:46 -------------Check stall condition-------------
22/02/2022 13:05:46 Alt: -0.129
22/02/2022 13:05:46 distance: 52.03245979613563
22/02/2022 13:05:46 Mode: STABILIZE
22/02/2022 13:05:46 Pilot control
22/02/2022 13:05:46 ch7: 971
22/02/2022 13:05:46 -------------Check stall condition-------------
22/02/2022 13:05:46 Alt: -0.135
22/02/2022 13:05:46 distance: 52.407390464037334
22/02/2022 13:05:46 Mode: STABILIZE
22/02/2022 13:05:46 Pilot control
22/02/2022 13:05:47 ch7: 971
22/02/2022 13:05:47 -------------Check stall condition-------------
22/02/2022 13:05:47 Alt: -0.132
22/02/2022 13:05:47 distance: 52.67436540246062
22/02/2022 13:05:47 Mode: STABILIZE
22/02/2022 13:05:47 Pilot control
22/02/2022 13:05:47 ch7: 971
22/02/2022 13:05:47 -------------Check stall condition-------------
22/02/2022 13:05:47 Alt: -0.122
22/02/2022 13:05:48 distance: 52.87219234442026
22/02/2022 13:05:48 Mode: STABILIZE
22/02/2022 13:05:48 Pilot control
22/02/2022 13:05:48 ch7: 971
22/02/2022 13:05:48 -------------Check stall condition-------------
22/02/2022 13:05:48 Alt: -0.119
22/02/2022 13:05:48 distance: 53.070040741087645
22/02/2022 13:05:48 Mode: STABILIZE
22/02/2022 13:05:48 Pilot control
22/02/2022 13:05:48 ch7: 971
22/02/2022 13:05:48 -------------Check stall condition-------------
22/02/2022 13:05:48 Alt: -0.121
22/02/2022 13:05:48 distance: 53.307914532688635
22/02/2022 13:05:48 Mode: STABILIZE
22/02/2022 13:05:48 Pilot control
22/02/2022 13:05:49 ch7: 971
22/02/2022 13:05:49 -------------Check stall condition-------------
22/02/2022 13:05:49 Alt: -0.15
22/02/2022 13:05:49 distance: 53.43659280627102
22/02/2022 13:05:49 Mode: STABILIZE
22/02/2022 13:05:49 Pilot control
22/02/2022 13:05:49 ch7: 971
22/02/2022 13:05:49 -------------Check stall condition-------------
22/02/2022 13:05:49 Alt: -0.133
22/02/2022 13:05:49 distance: 53.590148444372886
22/02/2022 13:05:49 Mode: STABILIZE
22/02/2022 13:05:49 Pilot control
22/02/2022 13:05:50 ch7: 971
22/02/2022 13:05:50 -------------Check stall condition-------------
22/02/2022 13:05:50 Alt: -0.084
22/02/2022 13:05:50 distance: 53.65936388475363
22/02/2022 13:05:50 Mode: STABILIZE
22/02/2022 13:05:50 Pilot control
22/02/2022 13:05:50 ch7: 971
22/02/2022 13:05:50 -------------Check stall condition-------------
22/02/2022 13:05:50 Alt: -0.124
22/02/2022 13:05:50 distance: 53.828062790496645
22/02/2022 13:05:50 Mode: STABILIZE
22/02/2022 13:05:50 Pilot control
22/02/2022 13:05:51 ch7: 971
22/02/2022 13:05:51 -------------Check stall condition-------------
22/02/2022 13:05:51 Alt: -0.238
22/02/2022 13:05:51 distance: 54.043195911713696
22/02/2022 13:05:51 Mode: STABILIZE
22/02/2022 13:05:51 Pilot control
22/02/2022 13:05:51 ch7: 971
22/02/2022 13:05:51 -------------Check stall condition-------------
22/02/2022 13:05:51 Alt: -0.332
22/02/2022 13:05:51 distance: 54.14702348764476
22/02/2022 13:05:51 Mode: STABILIZE
22/02/2022 13:05:51 Pilot control
22/02/2022 13:05:52 ch7: 971
22/02/2022 13:05:52 -------------Check stall condition-------------
22/02/2022 13:05:52 Alt: -0.463
22/02/2022 13:05:52 distance: 54.19137535317519
22/02/2022 13:05:52 Mode: STABILIZE
22/02/2022 13:05:52 Pilot control
22/02/2022 13:05:52 ch7: 971
22/02/2022 13:05:52 -------------Check stall condition-------------
22/02/2022 13:05:52 Alt: -0.507
22/02/2022 13:05:52 distance: 54.30932046444002
22/02/2022 13:05:52 Mode: STABILIZE
22/02/2022 13:05:52 Pilot control
22/02/2022 13:05:53 ch7: 971
22/02/2022 13:05:53 -------------Check stall condition-------------
22/02/2022 13:05:53 Alt: -0.55
22/02/2022 13:05:53 distance: 54.34931736907316
22/02/2022 13:05:53 Mode: STABILIZE
22/02/2022 13:05:53 Pilot control
22/02/2022 13:05:53 ch7: 971
22/02/2022 13:05:53 -------------Check stall condition-------------
22/02/2022 13:05:53 Alt: -0.584
22/02/2022 13:05:53 distance: 54.33624414917127
22/02/2022 13:05:53 Mode: STABILIZE
22/02/2022 13:05:53 Pilot control
22/02/2022 13:05:54 ch7: 971
22/02/2022 13:05:54 -------------Check stall condition-------------
22/02/2022 13:05:54 Alt: -0.627
22/02/2022 13:05:54 distance: 54.39781678368591
22/02/2022 13:05:54 Mode: STABILIZE
22/02/2022 13:05:54 Pilot control
22/02/2022 13:05:54 ch7: 971
22/02/2022 13:05:54 -------------Check stall condition-------------
22/02/2022 13:05:54 Alt: -0.623
22/02/2022 13:05:54 distance: 54.455096375826976
22/02/2022 13:05:54 Mode: STABILIZE
22/02/2022 13:05:54 Pilot control
22/02/2022 13:05:55 ch7: 971
22/02/2022 13:05:55 -------------Check stall condition-------------
22/02/2022 13:05:55 Alt: -0.624
22/02/2022 13:05:55 distance: 54.500510633135946
22/02/2022 13:05:55 Mode: STABILIZE
22/02/2022 13:05:55 Pilot control
22/02/2022 13:05:55 ch7: 971
22/02/2022 13:05:55 -------------Check stall condition-------------
22/02/2022 13:05:55 Alt: -0.616
22/02/2022 13:05:55 distance: 54.49078154363323
22/02/2022 13:05:55 Mode: STABILIZE
22/02/2022 13:05:55 Pilot control
22/02/2022 13:05:56 ch7: 971
22/02/2022 13:05:56 -------------Check stall condition-------------
22/02/2022 13:05:56 Alt: -0.167
22/02/2022 13:05:56 distance: 54.42158975276015
22/02/2022 13:05:56 Mode: STABILIZE
22/02/2022 13:05:56 Pilot control
22/02/2022 13:05:56 ch7: 971
22/02/2022 13:05:56 -------------Check stall condition-------------
22/02/2022 13:05:56 Alt: -0.088
22/02/2022 13:05:56 distance: 54.411862493994576
22/02/2022 13:05:56 Mode: STABILIZE
22/02/2022 13:05:56 Pilot control
22/02/2022 13:05:57 ch7: 970
22/02/2022 13:05:57 -------------Check stall condition-------------
22/02/2022 13:05:57 Alt: -0.252
22/02/2022 13:05:57 distance: 54.42915014923084
22/02/2022 13:05:57 Mode: STABILIZE
22/02/2022 13:05:57 Pilot control
22/02/2022 13:05:57 ch7: 971
22/02/2022 13:05:57 -------------Check stall condition-------------
22/02/2022 13:05:57 Alt: -0.32
22/02/2022 13:05:57 distance: 54.45729232581549
22/02/2022 13:05:57 Mode: STABILIZE
22/02/2022 13:05:57 Pilot control
22/02/2022 13:05:58 ch7: 971
22/02/2022 13:05:58 -------------Check stall condition-------------
22/02/2022 13:05:58 Alt: -0.358
22/02/2022 13:05:58 distance: 54.52970112311954
22/02/2022 13:05:58 Mode: STABILIZE
22/02/2022 13:05:58 Pilot control
22/02/2022 13:05:58 ch7: 971
22/02/2022 13:05:58 -------------Check stall condition-------------
22/02/2022 13:05:58 Alt: -0.473
22/02/2022 13:05:58 distance: 54.52756035922947
22/02/2022 13:05:58 Mode: STABILIZE
22/02/2022 13:05:58 Pilot control
22/02/2022 13:05:59 ch7: 971
22/02/2022 13:05:59 -------------Check stall condition-------------
22/02/2022 13:05:59 Alt: -0.415
22/02/2022 13:05:59 distance: 54.52757854028426
22/02/2022 13:05:59 Mode: STABILIZE
22/02/2022 13:05:59 Pilot control
22/02/2022 13:05:59 ch7: 971
22/02/2022 13:05:59 -------------Check stall condition-------------
22/02/2022 13:05:59 Alt: -0.487
22/02/2022 13:05:59 distance: 54.57079568269587
22/02/2022 13:05:59 Mode: STABILIZE
22/02/2022 13:05:59 Pilot control
22/02/2022 13:06:00 ch7: 971
22/02/2022 13:06:00 -------------Check stall condition-------------
22/02/2022 13:06:00 Alt: -0.56
22/02/2022 13:06:00 distance: 54.578362656639726
22/02/2022 13:06:00 Mode: STABILIZE
22/02/2022 13:06:00 Pilot control
22/02/2022 13:06:00 ch7: 971
22/02/2022 13:06:00 -------------Check stall condition-------------
22/02/2022 13:06:00 Alt: -0.6
22/02/2022 13:06:00 distance: 54.62164170979084
22/02/2022 13:06:00 Mode: STABILIZE
22/02/2022 13:06:00 Pilot control
22/02/2022 13:06:01 ch7: 970
22/02/2022 13:06:01 -------------Check stall condition-------------
22/02/2022 13:06:01 Alt: -0.679
22/02/2022 13:06:01 distance: 54.694170517354195
22/02/2022 13:06:01 Mode: STABILIZE
22/02/2022 13:06:01 Pilot control
22/02/2022 13:06:01 ch7: 971
22/02/2022 13:06:01 -------------Check stall condition-------------
22/02/2022 13:06:01 Alt: -0.689
22/02/2022 13:06:01 distance: 54.722384736588275
22/02/2022 13:06:01 Mode: STABILIZE
22/02/2022 13:06:01 Pilot control
22/02/2022 13:06:02 ch7: 971
22/02/2022 13:06:02 -------------Check stall condition-------------
22/02/2022 13:06:02 Alt: -0.324
22/02/2022 13:06:02 distance: 54.69453302724457
22/02/2022 13:06:02 Mode: STABILIZE
22/02/2022 13:06:02 Pilot control
22/02/2022 13:06:02 ch7: 971
22/02/2022 13:06:02 -------------Check stall condition-------------
22/02/2022 13:06:02 Alt: -0.411
22/02/2022 13:06:02 distance: 54.69014649398073
22/02/2022 13:06:02 Mode: STABILIZE
22/02/2022 13:06:02 Pilot control
22/02/2022 13:06:03 ch7: 970
22/02/2022 13:06:03 -------------Check stall condition-------------
22/02/2022 13:06:03 Alt: -0.532
22/02/2022 13:06:03 distance: 54.64340558550857
22/02/2022 13:06:03 Mode: STABILIZE
22/02/2022 13:06:03 Pilot control
22/02/2022 13:06:04 ch7: 971
22/02/2022 13:06:04 -------------Check stall condition-------------
22/02/2022 13:06:04 Alt: -0.818
22/02/2022 13:06:04 distance: 54.540594537436114
22/02/2022 13:06:04 Mode: STABILIZE
22/02/2022 13:06:04 Pilot control
22/02/2022 13:06:04 ch7: 971
22/02/2022 13:06:04 -------------Check stall condition-------------
22/02/2022 13:06:04 Alt: -0.979
22/02/2022 13:06:04 distance: 54.32215607485653
22/02/2022 13:06:04 Mode: STABILIZE
22/02/2022 13:06:04 Pilot control
22/02/2022 13:06:05 ch7: 971
22/02/2022 13:06:05 -------------Check stall condition-------------
22/02/2022 13:06:05 Alt: -1.456
22/02/2022 13:06:05 distance: 54.13293653209222
22/02/2022 13:06:05 Mode: STABILIZE
22/02/2022 13:06:05 Pilot control
22/02/2022 13:06:05 ch7: 971
22/02/2022 13:06:05 -------------Check stall condition-------------
22/02/2022 13:06:05 Alt: -1.708
22/02/2022 13:06:05 distance: 54.02152284491315
22/02/2022 13:06:05 Mode: STABILIZE
22/02/2022 13:06:05 Pilot control
22/02/2022 13:06:06 ch7: 970
22/02/2022 13:06:06 -------------Check stall condition-------------
22/02/2022 13:06:06 Alt: -1.791
22/02/2022 13:06:06 distance: 53.988015686484516
22/02/2022 13:06:06 Mode: STABILIZE
22/02/2022 13:06:06 Pilot control
22/02/2022 13:06:06 ch7: 971
22/02/2022 13:06:06 -------------Check stall condition-------------
22/02/2022 13:06:06 Alt: -1.936
22/02/2022 13:06:06 distance: 54.072346810463614
22/02/2022 13:06:06 Mode: STABILIZE
22/02/2022 13:06:06 Pilot control
22/02/2022 13:06:07 ch7: 971
22/02/2022 13:06:07 -------------Check stall condition-------------
22/02/2022 13:06:07 Alt: -0.596
22/02/2022 13:06:07 distance: 54.13943284886295
22/02/2022 13:06:07 Mode: STABILIZE
22/02/2022 13:06:07 Pilot control
22/02/2022 13:06:07 ch7: 971
22/02/2022 13:06:07 -------------Check stall condition-------------
22/02/2022 13:06:07 Alt: -0.275
22/02/2022 13:06:07 distance: 54.237790684092936
22/02/2022 13:06:07 Mode: STABILIZE
22/02/2022 13:06:07 Pilot control
22/02/2022 13:06:08 ch7: 971
22/02/2022 13:06:08 -------------Check stall condition-------------
22/02/2022 13:06:08 Alt: -0.348
22/02/2022 13:06:08 distance: 54.33940841588122
22/02/2022 13:06:08 Mode: STABILIZE
22/02/2022 13:06:08 Pilot control
22/02/2022 13:06:08 ch7: 971
22/02/2022 13:06:08 -------------Check stall condition-------------
22/02/2022 13:06:08 Alt: -0.395
22/02/2022 13:06:08 distance: 54.36755145928183
22/02/2022 13:06:08 Mode: STABILIZE
22/02/2022 13:06:08 Pilot control
22/02/2022 13:06:08 ch7: 971
22/02/2022 13:06:08 -------------Check stall condition-------------
22/02/2022 13:06:09 Alt: -0.474
22/02/2022 13:06:09 distance: 54.39242098236443
22/02/2022 13:06:09 Mode: STABILIZE
22/02/2022 13:06:09 Pilot control
22/02/2022 13:06:09 ch7: 971
22/02/2022 13:06:09 -------------Check stall condition-------------
22/02/2022 13:06:09 Alt: -0.501
22/02/2022 13:06:09 distance: 54.39676545833253
22/02/2022 13:06:09 Mode: STABILIZE
22/02/2022 13:06:09 Pilot control
22/02/2022 13:06:09 ch7: 971
22/02/2022 13:06:09 -------------Check stall condition-------------
22/02/2022 13:06:09 Alt: -0.559
22/02/2022 13:06:09 distance: 54.385984504319815
22/02/2022 13:06:09 Mode: STABILIZE
22/02/2022 13:06:09 Pilot control
22/02/2022 13:06:10 ch7: 971
22/02/2022 13:06:10 -------------Check stall condition-------------
22/02/2022 13:06:10 Alt: -0.608
22/02/2022 13:06:10 distance: 54.3805966440043
22/02/2022 13:06:10 Mode: STABILIZE
22/02/2022 13:06:10 Pilot control
22/02/2022 13:06:10 ch7: 971
22/02/2022 13:06:10 -------------Check stall condition-------------
22/02/2022 13:06:10 Alt: -0.618
22/02/2022 13:06:10 distance: 54.36444353575724
22/02/2022 13:06:10 Mode: STABILIZE
22/02/2022 13:06:10 Pilot control
22/02/2022 13:06:10 ch7: 971
22/02/2022 13:06:10 -------------Check stall condition-------------
22/02/2022 13:06:10 Alt: -0.619
22/02/2022 13:06:10 distance: 54.35906265893851
22/02/2022 13:06:10 Mode: STABILIZE
22/02/2022 13:06:10 Pilot control
22/02/2022 13:06:11 ch7: 971
22/02/2022 13:06:11 -------------Check stall condition-------------
22/02/2022 13:06:11 Alt: -0.623
22/02/2022 13:06:11 distance: 54.32881224041754
22/02/2022 13:06:11 Mode: STABILIZE
22/02/2022 13:06:11 Pilot control
22/02/2022 13:06:11 ch7: 971
22/02/2022 13:06:11 -------------Check stall condition-------------
22/02/2022 13:06:11 Alt: -0.623
22/02/2022 13:06:11 distance: 54.32881224041754
22/02/2022 13:06:11 Mode: STABILIZE
22/02/2022 13:06:11 Pilot control
22/02/2022 13:06:11 ch7: 971
22/02/2022 13:06:11 -------------Check stall condition-------------
22/02/2022 13:06:11 Alt: -0.626
22/02/2022 13:06:11 distance: 54.26194892036074
22/02/2022 13:06:11 Mode: STABILIZE
22/02/2022 13:06:11 Pilot control
22/02/2022 13:06:12 ch7: 971
22/02/2022 13:06:12 -------------Check stall condition-------------
22/02/2022 13:06:12 Alt: -0.622
22/02/2022 13:06:12 distance: 54.24682843989281
22/02/2022 13:06:12 Mode: STABILIZE
22/02/2022 13:06:12 Pilot control
22/02/2022 13:06:12 ch7: 971
22/02/2022 13:06:12 -------------Check stall condition-------------
22/02/2022 13:06:12 Alt: -0.616
22/02/2022 13:06:12 distance: 54.22536930867808
22/02/2022 13:06:12 Mode: STABILIZE
22/02/2022 13:06:12 Pilot control
22/02/2022 13:06:12 ch7: 971
22/02/2022 13:06:12 -------------Check stall condition-------------
22/02/2022 13:06:12 Alt: -0.609
22/02/2022 13:06:12 distance: 54.22881197835736
22/02/2022 13:06:12 Mode: STABILIZE
22/02/2022 13:06:12 Pilot control
22/02/2022 13:06:13 ch7: 971
22/02/2022 13:06:13 -------------Check stall condition-------------
22/02/2022 13:06:13 Alt: -0.609
22/02/2022 13:06:13 distance: 54.22345877875604
22/02/2022 13:06:13 Mode: STABILIZE
22/02/2022 13:06:13 Pilot control
22/02/2022 13:06:13 ch7: 971
22/02/2022 13:06:13 -------------Check stall condition-------------
22/02/2022 13:06:13 Alt: -0.192
22/02/2022 13:06:13 distance: 54.15324695033203
22/02/2022 13:06:13 Mode: STABILIZE
22/02/2022 13:06:13 Pilot control
22/02/2022 13:06:13 ch7: 971
22/02/2022 13:06:13 -------------Check stall condition-------------
22/02/2022 13:06:13 Alt: -0.109
22/02/2022 13:06:13 distance: 54.15324695033203
22/02/2022 13:06:13 Mode: STABILIZE
22/02/2022 13:06:13 Pilot control
22/02/2022 13:06:13 ch7: 971
22/02/2022 13:06:13 -------------Check stall condition-------------
22/02/2022 13:06:13 Alt: -0.103
22/02/2022 13:06:13 distance: 54.087455354363776
22/02/2022 13:06:13 Mode: STABILIZE
22/02/2022 13:06:13 Pilot control
22/02/2022 13:06:14 ch7: 971
22/02/2022 13:06:14 -------------Check stall condition-------------
22/02/2022 13:06:14 Alt: -0.158
22/02/2022 13:06:14 distance: 54.0616604682689
22/02/2022 13:06:14 Mode: STABILIZE
22/02/2022 13:06:14 Pilot control
22/02/2022 13:06:14 ch7: 971
22/02/2022 13:06:14 -------------Check stall condition-------------
22/02/2022 13:06:14 Alt: -0.207
22/02/2022 13:06:14 distance: 54.035876202933686
22/02/2022 13:06:14 Mode: STABILIZE
22/02/2022 13:06:14 Pilot control
22/02/2022 13:06:14 ch7: 971
22/02/2022 13:06:14 -------------Check stall condition-------------
22/02/2022 13:06:14 Alt: -0.248
22/02/2022 13:06:14 distance: 54.03054058415588
22/02/2022 13:06:14 Mode: STABILIZE
22/02/2022 13:06:14 Pilot control
22/02/2022 13:06:15 ch7: 971
22/02/2022 13:06:15 -------------Check stall condition-------------
22/02/2022 13:06:15 Alt: -0.297
22/02/2022 13:06:15 distance: 54.029647248784464
22/02/2022 13:06:15 Mode: STABILIZE
22/02/2022 13:06:15 Pilot control
22/02/2022 13:06:15 ch7: 971
22/02/2022 13:06:15 -------------Check stall condition-------------
22/02/2022 13:06:15 Alt: -0.337
22/02/2022 13:06:15 distance: 54.01899031171241
22/02/2022 13:06:15 Mode: STABILIZE
22/02/2022 13:06:15 Pilot control
22/02/2022 13:06:15 ch7: 971
22/02/2022 13:06:15 -------------Check stall condition-------------
22/02/2022 13:06:15 Alt: -0.379
22/02/2022 13:06:15 distance: 53.98878805981523
22/02/2022 13:06:15 Mode: STABILIZE
22/02/2022 13:06:15 Pilot control
22/02/2022 13:06:15 ch7: 971
22/02/2022 13:06:15 -------------Check stall condition-------------
22/02/2022 13:06:15 Alt: -0.418
22/02/2022 13:06:15 distance: 53.97814142188872
22/02/2022 13:06:15 Mode: STABILIZE
22/02/2022 13:06:15 Pilot control
22/02/2022 13:06:16 ch7: 971
22/02/2022 13:06:16 -------------Check stall condition-------------
22/02/2022 13:06:16 Alt: -0.46
22/02/2022 13:06:16 distance: 53.972820759381655
22/02/2022 13:06:16 Mode: STABILIZE
22/02/2022 13:06:16 Pilot control
22/02/2022 13:06:16 ch7: 971
22/02/2022 13:06:16 -------------Check stall condition-------------
22/02/2022 13:06:16 Alt: -0.488
22/02/2022 13:06:16 distance: 53.9621847497101
22/02/2022 13:06:16 Mode: STABILIZE
22/02/2022 13:06:16 Pilot control
22/02/2022 13:06:16 ch7: 971
22/02/2022 13:06:16 -------------Check stall condition-------------
22/02/2022 13:06:16 Alt: -0.52
22/02/2022 13:06:16 distance: 53.94177367483752
22/02/2022 13:06:16 Mode: STABILIZE
22/02/2022 13:06:16 Pilot control
22/02/2022 13:06:16 ch7: 971
22/02/2022 13:06:16 -------------Check stall condition-------------
22/02/2022 13:06:16 Alt: -0.545
22/02/2022 13:06:16 distance: 53.8663005931394
22/02/2022 13:06:16 Mode: STABILIZE
22/02/2022 13:06:16 Pilot control
22/02/2022 13:06:17 ch7: 971
22/02/2022 13:06:17 -------------Check stall condition-------------
22/02/2022 13:06:17 Alt: -0.567
22/02/2022 13:06:17 distance: 53.81654504880712
22/02/2022 13:06:17 Mode: STABILIZE
22/02/2022 13:06:17 Pilot control
22/02/2022 13:06:17 ch7: 971
22/02/2022 13:06:17 -------------Check stall condition-------------
22/02/2022 13:06:17 Alt: -0.584
22/02/2022 13:06:17 distance: 53.81654504880712
22/02/2022 13:06:17 Mode: STABILIZE
22/02/2022 13:06:17 Pilot control
22/02/2022 13:06:17 ch7: 971
22/02/2022 13:06:17 -------------Check stall condition-------------
22/02/2022 13:06:17 Alt: -0.608
22/02/2022 13:06:17 distance: 53.75169577667437
22/02/2022 13:06:17 Mode: STABILIZE
22/02/2022 13:06:17 Pilot control
22/02/2022 13:06:17 ch7: 971
22/02/2022 13:06:17 -------------Check stall condition-------------
22/02/2022 13:06:17 Alt: -0.633
22/02/2022 13:06:17 distance: 53.70559409153859
22/02/2022 13:06:18 Mode: STABILIZE
22/02/2022 13:06:18 Pilot control
22/02/2022 13:06:18 ch7: 970
22/02/2022 13:06:18 -------------Check stall condition-------------
22/02/2022 13:06:18 Alt: -0.647
22/02/2022 13:06:18 distance: 53.67011416594671
22/02/2022 13:06:18 Mode: STABILIZE
22/02/2022 13:06:18 Pilot control
22/02/2022 13:06:18 ch7: 971
22/02/2022 13:06:18 -------------Check stall condition-------------
22/02/2022 13:06:18 Alt: -0.674
22/02/2022 13:06:18 distance: 53.59547819390091
22/02/2022 13:06:18 Mode: STABILIZE
22/02/2022 13:06:18 Pilot control
22/02/2022 13:06:18 ch7: 971
22/02/2022 13:06:18 -------------Check stall condition-------------
22/02/2022 13:06:18 Alt: -0.692
22/02/2022 13:06:18 distance: 53.55551064873185
22/02/2022 13:06:18 Mode: STABILIZE
22/02/2022 13:06:18 Pilot control
22/02/2022 13:06:18 ch7: 971
22/02/2022 13:06:18 -------------Check stall condition-------------
22/02/2022 13:06:18 Alt: -0.457
22/02/2022 13:06:18 distance: 53.52614309995508
22/02/2022 13:06:18 Mode: STABILIZE
22/02/2022 13:06:18 Pilot control
22/02/2022 13:06:19 ch7: 971
22/02/2022 13:06:19 -------------Check stall condition-------------
22/02/2022 13:06:19 Alt: -0.248
22/02/2022 13:06:19 distance: 53.50126465250683
22/02/2022 13:06:19 Mode: STABILIZE
22/02/2022 13:06:19 Pilot control
