01/03/2022 12:41:55 Connecting to Vehicle on: /dev/ttyACM0
01/03/2022 12:41:55 ArduPlane V4.1.4 (0f984409)
01/03/2022 12:41:55 ChibiOS: 45395b6a
01/03/2022 12:41:55 CubeBlack 00360049 3337510E 37353832
01/03/2022 12:41:55 RCOut: PWM:1-12
01/03/2022 12:41:55 IMU0: fast sampling enabled 8.0kHz/1.0kHz
01/03/2022 12:41:55 IMU2: fast sampling enabled 8.0kHz/1.0kHz
01/03/2022 12:42:06 -------------Check stall condition-------------
01/03/2022 12:42:06 Alt: -0.289
01/03/2022 12:42:06 distance: 35.328160160814534
01/03/2022 12:42:06 Mode: STABILIZE
01/03/2022 12:42:06 Pilot control
01/03/2022 12:42:07 ch7: 965
01/03/2022 12:42:07 -------------Check stall condition-------------
01/03/2022 12:42:07 Alt: -0.164
01/03/2022 12:42:07 distance: 35.71190979500112
01/03/2022 12:42:07 Mode: STABILIZE
01/03/2022 12:42:07 Pilot control
01/03/2022 12:42:07 ch7: 965
01/03/2022 12:42:07 -------------Check stall condition-------------
01/03/2022 12:42:07 Alt: -0.1
01/03/2022 12:42:07 distance: 35.78253599458312
01/03/2022 12:42:07 Mode: STABILIZE
01/03/2022 12:42:07 Pilot control
01/03/2022 12:42:07 ch7: 965
01/03/2022 12:42:07 -------------Check stall condition-------------
01/03/2022 12:42:07 Alt: -0.094
01/03/2022 12:42:07 distance: 35.91807462431393
01/03/2022 12:42:07 Mode: STABILIZE
01/03/2022 12:42:07 Pilot control
01/03/2022 12:42:08 ch7: 965
01/03/2022 12:42:08 -------------Check stall condition-------------
01/03/2022 12:42:08 Alt: -0.102
01/03/2022 12:42:08 distance: 35.977265489539256
01/03/2022 12:42:08 Mode: STABILIZE
01/03/2022 12:42:08 Pilot control
01/03/2022 12:42:08 ch7: 965
01/03/2022 12:42:08 -------------Check stall condition-------------
01/03/2022 12:42:08 Alt: -0.116
01/03/2022 12:42:08 distance: 35.977265489539256
01/03/2022 12:42:08 Mode: STABILIZE
01/03/2022 12:42:08 Pilot control
01/03/2022 12:42:08 ch7: 965
01/03/2022 12:42:08 -------------Check stall condition-------------
01/03/2022 12:42:08 Alt: -0.149
01/03/2022 12:42:08 distance: 36.11476520209896
01/03/2022 12:42:08 Mode: STABILIZE
01/03/2022 12:42:08 Pilot control
01/03/2022 12:42:08 ch7: 965
01/03/2022 12:42:08 -------------Check stall condition-------------
01/03/2022 12:42:08 Alt: -0.185
01/03/2022 12:42:09 distance: 36.164409329574745
01/03/2022 12:42:09 Mode: STABILIZE
01/03/2022 12:42:09 Pilot control
01/03/2022 12:42:09 ch7: 965
01/03/2022 12:42:09 -------------Check stall condition-------------
01/03/2022 12:42:09 Alt: -0.194
01/03/2022 12:42:09 distance: 36.22931907080062
01/03/2022 12:42:09 Mode: STABILIZE
01/03/2022 12:42:09 Pilot control
01/03/2022 12:42:09 ch7: 965
01/03/2022 12:42:09 -------------Check stall condition-------------
01/03/2022 12:42:09 Alt: -0.199
01/03/2022 12:42:09 distance: 36.28852131866673
01/03/2022 12:42:09 Mode: STABILIZE
01/03/2022 12:42:09 Pilot control
01/03/2022 12:42:09 ch7: 965
01/03/2022 12:42:09 -------------Check stall condition-------------
01/03/2022 12:42:09 Alt: -0.203
01/03/2022 12:42:09 distance: 36.3381667780207
01/03/2022 12:42:09 Mode: STABILIZE
01/03/2022 12:42:09 Pilot control
01/03/2022 12:42:10 ch7: 965
01/03/2022 12:42:10 -------------Check stall condition-------------
01/03/2022 12:42:10 Alt: -0.208
01/03/2022 12:42:10 distance: 36.37825370100075
01/03/2022 12:42:10 Mode: STABILIZE
01/03/2022 12:42:10 Pilot control
01/03/2022 12:42:10 ch7: 965
01/03/2022 12:42:10 -------------Check stall condition-------------
01/03/2022 12:42:10 Alt: -0.209
01/03/2022 12:42:10 distance: 36.41834073253218
01/03/2022 12:42:10 Mode: STABILIZE
01/03/2022 12:42:10 Pilot control
01/03/2022 12:42:10 ch7: 965
01/03/2022 12:42:10 -------------Check stall condition-------------
01/03/2022 12:42:10 Alt: -0.211
01/03/2022 12:42:10 distance: 36.46798616339883
01/03/2022 12:42:10 Mode: STABILIZE
01/03/2022 12:42:10 Pilot control
01/03/2022 12:42:11 ch7: 965
01/03/2022 12:42:11 -------------Check stall condition-------------
01/03/2022 12:42:11 Alt: -0.212
01/03/2022 12:42:11 distance: 36.511928851753446
01/03/2022 12:42:11 Mode: STABILIZE
01/03/2022 12:42:11 Pilot control
01/03/2022 12:42:11 ch7: 965
01/03/2022 12:42:11 -------------Check stall condition-------------
01/03/2022 12:42:11 Alt: -0.196
01/03/2022 12:42:11 distance: 36.53289585632983
01/03/2022 12:42:11 Mode: STABILIZE
01/03/2022 12:42:11 Pilot control
01/03/2022 12:42:11 ch7: 965
01/03/2022 12:42:11 -------------Check stall condition-------------
01/03/2022 12:42:11 Alt: -0.187
01/03/2022 12:42:11 distance: 36.55771870401432
01/03/2022 12:42:11 Mode: STABILIZE
01/03/2022 12:42:11 Pilot control
01/03/2022 12:42:11 ch7: 965
01/03/2022 12:42:11 -------------Check stall condition-------------
01/03/2022 12:42:11 Alt: -0.187
01/03/2022 12:42:11 distance: 36.61692470584294
01/03/2022 12:42:12 Mode: STABILIZE
01/03/2022 12:42:12 Pilot control
01/03/2022 12:42:12 ch7: 965
01/03/2022 12:42:12 -------------Check stall condition-------------
01/03/2022 12:42:12 Alt: -0.18
01/03/2022 12:42:12 distance: 36.64561009778835
01/03/2022 12:42:12 Mode: STABILIZE
01/03/2022 12:42:12 Pilot control
01/03/2022 12:42:12 ch7: 965
01/03/2022 12:42:12 -------------Check stall condition-------------
01/03/2022 12:42:12 Alt: -0.15
01/03/2022 12:42:12 distance: 36.72008319451455
01/03/2022 12:42:12 Mode: STABILIZE
01/03/2022 12:42:12 Pilot control
01/03/2022 12:42:13 ch7: 965
01/03/2022 12:42:13 -------------Check stall condition-------------
01/03/2022 12:42:13 Alt: -0.137
01/03/2022 12:42:13 distance: 36.73921292233955
01/03/2022 12:42:13 Mode: STABILIZE
01/03/2022 12:42:13 Pilot control
01/03/2022 12:42:13 ch7: 965
01/03/2022 12:42:13 -------------Check stall condition-------------
01/03/2022 12:42:13 Alt: -0.007
01/03/2022 12:42:13 distance: 36.807997622432275
01/03/2022 12:42:13 Mode: STABILIZE
01/03/2022 12:42:13 Pilot control
01/03/2022 12:42:14 ch7: 965
01/03/2022 12:42:14 -------------Check stall condition-------------
01/03/2022 12:42:14 Alt: 0.009
01/03/2022 12:42:14 distance: 36.86542185209755
01/03/2022 12:42:14 Mode: STABILIZE
01/03/2022 12:42:14 Pilot control
01/03/2022 12:42:14 ch7: 965
01/03/2022 12:42:14 -------------Check stall condition-------------
01/03/2022 12:42:14 Alt: 0.009
01/03/2022 12:42:14 distance: 36.89024937269759
01/03/2022 12:42:14 Mode: STABILIZE
01/03/2022 12:42:14 Pilot control
01/03/2022 12:42:15 ch7: 965
01/03/2022 12:42:15 -------------Check stall condition-------------
01/03/2022 12:42:15 Alt: 0.023
01/03/2022 12:42:15 distance: 36.89024937269759
01/03/2022 12:42:15 Mode: STABILIZE
01/03/2022 12:42:15 Pilot control
01/03/2022 12:42:15 ch7: 965
01/03/2022 12:42:15 -------------Check stall condition-------------
01/03/2022 12:42:15 Alt: 0.04
01/03/2022 12:42:15 distance: 36.90550353058615
01/03/2022 12:42:15 Mode: STABILIZE
01/03/2022 12:42:15 Pilot control
01/03/2022 12:42:16 ch7: 965
01/03/2022 12:42:16 -------------Check stall condition-------------
01/03/2022 12:42:16 Alt: 0.06
01/03/2022 12:42:16 distance: 36.9246513019184
01/03/2022 12:42:16 Mode: STABILIZE
01/03/2022 12:42:16 Pilot control
01/03/2022 12:42:16 ch7: 965
01/03/2022 12:42:16 -------------Check stall condition-------------
01/03/2022 12:42:16 Alt: 0.059
01/03/2022 12:42:16 distance: 36.97253599949979
01/03/2022 12:42:16 Mode: STABILIZE
01/03/2022 12:42:16 Pilot control
01/03/2022 12:42:16 ch7: 965
01/03/2022 12:42:16 -------------Check stall condition-------------
01/03/2022 12:42:16 Alt: 0.059
01/03/2022 12:42:16 distance: 37.03353997429728
01/03/2022 12:42:16 Mode: STABILIZE
01/03/2022 12:42:16 Pilot control
01/03/2022 12:42:16 ch7: 965
01/03/2022 12:42:16 -------------Check stall condition-------------
01/03/2022 12:42:16 Alt: 0.049
01/03/2022 12:42:16 distance: 37.0679459840203
01/03/2022 12:42:16 Mode: STABILIZE
01/03/2022 12:42:17 Pilot control
01/03/2022 12:42:17 ch7: 965
01/03/2022 12:42:17 -------------Check stall condition-------------
01/03/2022 12:42:17 Alt: 0.031
01/03/2022 12:42:17 distance: 37.13285480897919
01/03/2022 12:42:17 Mode: STABILIZE
01/03/2022 12:42:17 Pilot control
01/03/2022 12:42:17 ch7: 965
01/03/2022 12:42:17 -------------Check stall condition-------------
01/03/2022 12:42:17 Alt: 0.006
01/03/2022 12:42:17 distance: 37.20558492266493
01/03/2022 12:42:17 Mode: STABILIZE
01/03/2022 12:42:17 Pilot control
01/03/2022 12:42:17 ch7: 965
01/03/2022 12:42:17 -------------Check stall condition-------------
01/03/2022 12:42:17 Alt: 0.006
01/03/2022 12:42:17 distance: 37.20558492266493
01/03/2022 12:42:17 Mode: STABILIZE
01/03/2022 12:42:17 Pilot control
01/03/2022 12:42:18 ch7: 965
01/03/2022 12:42:18 -------------Check stall condition-------------
01/03/2022 12:42:18 Alt: -0.015
01/03/2022 12:42:18 distance: 37.28399835438632
01/03/2022 12:42:18 Mode: STABILIZE
01/03/2022 12:42:18 Pilot control
01/03/2022 12:42:18 ch7: 965
01/03/2022 12:42:18 -------------Check stall condition-------------
01/03/2022 12:42:18 Alt: -0.035
01/03/2022 12:42:18 distance: 37.33193663677503
01/03/2022 12:42:18 Mode: STABILIZE
01/03/2022 12:42:18 Pilot control
01/03/2022 12:42:18 ch7: 965
01/03/2022 12:42:18 -------------Check stall condition-------------
01/03/2022 12:42:18 Alt: -0.071
01/03/2022 12:42:18 distance: 37.463993504047416
01/03/2022 12:42:18 Mode: STABILIZE
01/03/2022 12:42:18 Pilot control
01/03/2022 12:42:18 ch7: 965
01/03/2022 12:42:18 -------------Check stall condition-------------
01/03/2022 12:42:18 Alt: -0.088
01/03/2022 12:42:19 distance: 37.616960851849335
01/03/2022 12:42:19 Mode: STABILIZE
01/03/2022 12:42:19 Pilot control
01/03/2022 12:42:19 ch7: 965
01/03/2022 12:42:19 -------------Check stall condition-------------
01/03/2022 12:42:19 Alt: -0.088
01/03/2022 12:42:19 distance: 37.616960851849335
01/03/2022 12:42:19 Mode: STABILIZE
01/03/2022 12:42:19 Pilot control
01/03/2022 12:42:19 ch7: 965
01/03/2022 12:42:19 -------------Check stall condition-------------
01/03/2022 12:42:19 Alt: -0.008
01/03/2022 12:42:19 distance: 37.773921454746905
01/03/2022 12:42:19 Mode: STABILIZE
01/03/2022 12:42:19 Pilot control
01/03/2022 12:42:20 ch7: 965
01/03/2022 12:42:20 -------------Check stall condition-------------
01/03/2022 12:42:20 Alt: 0.436
01/03/2022 12:42:20 distance: 38.002240410831796
01/03/2022 12:42:20 Mode: STABILIZE
01/03/2022 12:42:20 Pilot control
01/03/2022 12:42:20 ch7: 965
01/03/2022 12:42:20 -------------Check stall condition-------------
01/03/2022 12:42:20 Alt: 0.897
01/03/2022 12:42:20 distance: 38.62098460944875
01/03/2022 12:42:20 Mode: STABILIZE
01/03/2022 12:42:20 Pilot control
01/03/2022 12:42:21 ch7: 965
01/03/2022 12:42:21 -------------Check stall condition-------------
01/03/2022 12:42:21 Alt: 0.897
01/03/2022 12:42:21 distance: 39.05311612945613
01/03/2022 12:42:21 Mode: STABILIZE
01/03/2022 12:42:21 Pilot control
01/03/2022 12:42:21 ch7: 965
01/03/2022 12:42:21 -------------Check stall condition-------------
01/03/2022 12:42:21 Alt: 0.889
01/03/2022 12:42:21 distance: 39.206413410387924
01/03/2022 12:42:21 Mode: STABILIZE
01/03/2022 12:42:21 Pilot control
01/03/2022 12:42:22 ch7: 965
01/03/2022 12:42:22 -------------Check stall condition-------------
01/03/2022 12:42:22 Alt: 0.879
01/03/2022 12:42:22 distance: 39.279654630474454
01/03/2022 12:42:22 Mode: STABILIZE
01/03/2022 12:42:22 Pilot control
01/03/2022 12:42:22 ch7: 965
01/03/2022 12:42:22 -------------Check stall condition-------------
01/03/2022 12:42:22 Alt: 0.881
01/03/2022 12:42:22 distance: 39.44557592490324
01/03/2022 12:42:22 Mode: STABILIZE
01/03/2022 12:42:22 Pilot control
01/03/2022 12:42:22 ch7: 965
01/03/2022 12:42:22 -------------Check stall condition-------------
01/03/2022 12:42:22 Alt: 0.886
01/03/2022 12:42:22 distance: 39.44557592490324
01/03/2022 12:42:23 Mode: STABILIZE
01/03/2022 12:42:23 Pilot control
01/03/2022 12:42:23 ch7: 965
01/03/2022 12:42:23 -------------Check stall condition-------------
01/03/2022 12:42:23 Alt: 0.895
01/03/2022 12:42:23 distance: 39.563135101261174
01/03/2022 12:42:23 Mode: STABILIZE
01/03/2022 12:42:23 Pilot control
01/03/2022 12:42:23 ch7: 965
01/03/2022 12:42:23 -------------Check stall condition-------------
01/03/2022 12:42:23 Alt: 0.881
01/03/2022 12:42:23 distance: 39.647411595104685
01/03/2022 12:42:23 Mode: STABILIZE
01/03/2022 12:42:23 Pilot control
01/03/2022 12:42:23 ch7: 965
01/03/2022 12:42:23 -------------Check stall condition-------------
01/03/2022 12:42:23 Alt: 0.879
01/03/2022 12:42:23 distance: 39.70682926251333
01/03/2022 12:42:23 Mode: STABILIZE
01/03/2022 12:42:23 Pilot control
01/03/2022 12:42:24 ch7: 965
01/03/2022 12:42:24 -------------Check stall condition-------------
01/03/2022 12:42:24 Alt: 0.887
01/03/2022 12:42:24 distance: 39.78688032431905
01/03/2022 12:42:24 Mode: STABILIZE
01/03/2022 12:42:24 Pilot control
01/03/2022 12:42:24 ch7: 965
01/03/2022 12:42:24 -------------Check stall condition-------------
01/03/2022 12:42:24 Alt: 0.901
01/03/2022 12:42:24 distance: 39.83237733853099
01/03/2022 12:42:24 Mode: STABILIZE
01/03/2022 12:42:24 Pilot control
01/03/2022 12:42:24 ch7: 965
01/03/2022 12:42:24 -------------Check stall condition-------------
01/03/2022 12:42:24 Alt: 0.909
01/03/2022 12:42:24 distance: 39.877878379719284
01/03/2022 12:42:24 Mode: STABILIZE
01/03/2022 12:42:24 Pilot control
01/03/2022 12:42:25 ch7: 965
01/03/2022 12:42:25 -------------Check stall condition-------------
01/03/2022 12:42:25 Alt: 0.369
01/03/2022 12:42:25 distance: 40.00765373474972
01/03/2022 12:42:25 Mode: STABILIZE
01/03/2022 12:42:25 Pilot control
01/03/2022 12:42:25 ch7: 965
01/03/2022 12:42:25 -------------Check stall condition-------------
01/03/2022 12:42:25 Alt: 0.064
01/03/2022 12:42:25 distance: 40.00601206996695
01/03/2022 12:42:25 Mode: STABILIZE
01/03/2022 12:42:25 Pilot control
01/03/2022 12:42:26 ch7: 965
01/03/2022 12:42:26 -------------Check stall condition-------------
01/03/2022 12:42:26 Alt: 0.03
01/03/2022 12:42:26 distance: 39.871882017560914
01/03/2022 12:42:26 Mode: STABILIZE
01/03/2022 12:42:26 Pilot control
01/03/2022 12:42:26 ch7: 965
01/03/2022 12:42:26 -------------Check stall condition-------------
01/03/2022 12:42:26 Alt: 0.043
01/03/2022 12:42:26 distance: 39.871923974638925
01/03/2022 12:42:26 Mode: STABILIZE
01/03/2022 12:42:26 Pilot control
01/03/2022 12:42:27 ch7: 965
01/03/2022 12:42:27 -------------Check stall condition-------------
01/03/2022 12:42:27 Alt: 0.063
01/03/2022 12:42:27 distance: 40.00049806488033
01/03/2022 12:42:27 Mode: STABILIZE
01/03/2022 12:42:27 Pilot control
01/03/2022 12:42:28 ch7: 965
01/03/2022 12:42:28 -------------Check stall condition-------------
01/03/2022 12:42:28 Alt: 0.06
01/03/2022 12:42:28 distance: 40.31126412906364
01/03/2022 12:42:28 Mode: STABILIZE
01/03/2022 12:42:28 Pilot control
01/03/2022 12:42:28 ch7: 965
01/03/2022 12:42:28 -------------Check stall condition-------------
01/03/2022 12:42:28 Alt: 0.037
01/03/2022 12:42:28 distance: 40.521169586651446
01/03/2022 12:42:28 Mode: STABILIZE
01/03/2022 12:42:28 Pilot control
01/03/2022 12:42:29 ch7: 965
01/03/2022 12:42:29 -------------Check stall condition-------------
01/03/2022 12:42:29 Alt: 0.01
01/03/2022 12:42:29 distance: 40.760003937329
01/03/2022 12:42:29 Mode: STABILIZE
01/03/2022 12:42:29 Pilot control
01/03/2022 12:42:29 ch7: 965
01/03/2022 12:42:29 -------------Check stall condition-------------
01/03/2022 12:42:29 Alt: -0.013
01/03/2022 12:42:29 distance: 41.09122274747913
01/03/2022 12:42:29 Mode: STABILIZE
01/03/2022 12:42:29 Pilot control
01/03/2022 12:42:30 ch7: 965
01/03/2022 12:42:30 -------------Check stall condition-------------
01/03/2022 12:42:30 Alt: -0.055
01/03/2022 12:42:30 distance: 41.74970136636032
01/03/2022 12:42:30 Mode: STABILIZE
01/03/2022 12:42:30 Pilot control
01/03/2022 12:42:31 ch7: 965
01/03/2022 12:42:31 -------------Check stall condition-------------
01/03/2022 12:42:31 Alt: -0.066
01/03/2022 12:42:31 distance: 42.13907885559663
01/03/2022 12:42:31 Mode: STABILIZE
01/03/2022 12:42:31 Pilot control
01/03/2022 12:42:32 ch7: 965
01/03/2022 12:42:32 -------------Check stall condition-------------
01/03/2022 12:42:32 Alt: -0.121
01/03/2022 12:42:32 distance: 42.547777912027684
01/03/2022 12:42:32 Mode: STABILIZE
01/03/2022 12:42:32 Pilot control
01/03/2022 12:42:32 ch7: 965
01/03/2022 12:42:32 -------------Check stall condition-------------
01/03/2022 12:42:32 Alt: -0.152
01/03/2022 12:42:32 distance: 42.662378902322715
01/03/2022 12:42:32 Mode: STABILIZE
01/03/2022 12:42:32 Pilot control
01/03/2022 12:42:33 ch7: 965
01/03/2022 12:42:33 -------------Check stall condition-------------
01/03/2022 12:42:33 Alt: -0.18
01/03/2022 12:42:33 distance: 43.08629120822026
01/03/2022 12:42:33 Mode: STABILIZE
01/03/2022 12:42:33 Pilot control
01/03/2022 12:42:33 ch7: 965
01/03/2022 12:42:33 -------------Check stall condition-------------
01/03/2022 12:42:33 Alt: -0.182
01/03/2022 12:42:33 distance: 43.17887106333652
01/03/2022 12:42:33 Mode: STABILIZE
01/03/2022 12:42:33 Pilot control
01/03/2022 12:42:34 ch7: 965
01/03/2022 12:42:34 -------------Check stall condition-------------
01/03/2022 12:42:34 Alt: -0.225
01/03/2022 12:42:34 distance: 43.715126546822546
01/03/2022 12:42:34 Mode: STABILIZE
01/03/2022 12:42:34 Pilot control
01/03/2022 12:42:34 ch7: 965
01/03/2022 12:42:34 -------------Check stall condition-------------
01/03/2022 12:42:34 Alt: -0.258
01/03/2022 12:42:34 distance: 44.15593455356506
01/03/2022 12:42:34 Mode: STABILIZE
01/03/2022 12:42:34 Pilot control
01/03/2022 12:42:35 ch7: 965
01/03/2022 12:42:35 -------------Check stall condition-------------
01/03/2022 12:42:35 Alt: -0.367
01/03/2022 12:42:35 distance: 44.51251599283676
01/03/2022 12:42:35 Mode: STABILIZE
01/03/2022 12:42:35 Pilot control
01/03/2022 12:42:35 ch7: 965
01/03/2022 12:42:35 -------------Check stall condition-------------
01/03/2022 12:42:35 Alt: -0.443
01/03/2022 12:42:35 distance: 44.81056651874071
01/03/2022 12:42:35 Mode: STABILIZE
01/03/2022 12:42:35 Pilot control
01/03/2022 12:42:36 ch7: 965
01/03/2022 12:42:36 -------------Check stall condition-------------
01/03/2022 12:42:36 Alt: -0.47
01/03/2022 12:42:36 distance: 44.99866869385367
01/03/2022 12:42:36 Mode: STABILIZE
01/03/2022 12:42:36 Pilot control
01/03/2022 12:42:37 ch7: 965
01/03/2022 12:42:37 -------------Check stall condition-------------
01/03/2022 12:42:37 Alt: -0.479
01/03/2022 12:42:37 distance: 45.15110823606822
01/03/2022 12:42:37 Mode: STABILIZE
01/03/2022 12:42:37 Pilot control
01/03/2022 12:42:37 ch7: 965
01/03/2022 12:42:37 -------------Check stall condition-------------
01/03/2022 12:42:37 Alt: -0.111
01/03/2022 12:42:37 distance: 45.35024861341928
01/03/2022 12:42:37 Mode: STABILIZE
01/03/2022 12:42:37 Pilot control
01/03/2022 12:42:38 ch7: 965
01/03/2022 12:42:38 -------------Check stall condition-------------
01/03/2022 12:42:38 Alt: -0.071
01/03/2022 12:42:38 distance: 45.58186640790779
01/03/2022 12:42:38 Mode: STABILIZE
01/03/2022 12:42:38 Pilot control
01/03/2022 12:42:38 ch7: 965
01/03/2022 12:42:38 -------------Check stall condition-------------
01/03/2022 12:42:38 Alt: -0.067
01/03/2022 12:42:38 distance: 45.69015138426406
01/03/2022 12:42:38 Mode: STABILIZE
01/03/2022 12:42:38 Pilot control
01/03/2022 12:42:38 ch7: 965
01/03/2022 12:42:38 -------------Check stall condition-------------
01/03/2022 12:42:38 Alt: -0.088
01/03/2022 12:42:38 distance: 45.75501344539848
01/03/2022 12:42:38 Mode: STABILIZE
01/03/2022 12:42:38 Pilot control
01/03/2022 12:42:39 ch7: 965
01/03/2022 12:42:39 -------------Check stall condition-------------
01/03/2022 12:42:39 Alt: -0.084
01/03/2022 12:42:39 distance: 45.24203754525133
01/03/2022 12:42:39 Mode: STABILIZE
01/03/2022 12:42:39 Pilot control
01/03/2022 12:42:39 ch7: 965
01/03/2022 12:42:39 -------------Check stall condition-------------
01/03/2022 12:42:39 Alt: 0.006
01/03/2022 12:42:39 distance: 44.06014559977362
01/03/2022 12:42:39 Mode: STABILIZE
01/03/2022 12:42:39 Pilot control
01/03/2022 12:42:40 ch7: 965
01/03/2022 12:42:40 -------------Check stall condition-------------
01/03/2022 12:42:40 Alt: 0.035
01/03/2022 12:42:40 distance: 43.021409401188265
01/03/2022 12:42:40 Mode: STABILIZE
01/03/2022 12:42:40 Pilot control
01/03/2022 12:42:41 ch7: 965
01/03/2022 12:42:41 -------------Check stall condition-------------
01/03/2022 12:42:41 Alt: 0.108
01/03/2022 12:42:41 distance: 41.96660699951249
01/03/2022 12:42:41 Mode: STABILIZE
01/03/2022 12:42:41 Pilot control
01/03/2022 12:42:41 ch7: 965
01/03/2022 12:42:41 -------------Check stall condition-------------
01/03/2022 12:42:41 Alt: 0.259
01/03/2022 12:42:41 distance: 40.94358600999623
01/03/2022 12:42:41 Mode: STABILIZE
01/03/2022 12:42:41 Pilot control
01/03/2022 12:42:42 ch7: 965
01/03/2022 12:42:42 -------------Check stall condition-------------
01/03/2022 12:42:42 Alt: 0.284
01/03/2022 12:42:42 distance: 40.14091952990866
01/03/2022 12:42:42 Mode: STABILIZE
01/03/2022 12:42:42 Pilot control
01/03/2022 12:42:42 ch7: 965
01/03/2022 12:42:42 -------------Check stall condition-------------
01/03/2022 12:42:42 Alt: 0.277
01/03/2022 12:42:42 distance: 39.79397475552731
01/03/2022 12:42:42 Mode: STABILIZE
01/03/2022 12:42:42 Pilot control
01/03/2022 12:42:42 ch7: 965
01/03/2022 12:42:42 -------------Check stall condition-------------
01/03/2022 12:42:42 Alt: 0.283
01/03/2022 12:42:42 distance: 39.403337139533754
01/03/2022 12:42:42 Mode: STABILIZE
01/03/2022 12:42:42 Pilot control
01/03/2022 12:42:43 ch7: 965
01/03/2022 12:42:43 -------------Check stall condition-------------
01/03/2022 12:42:43 Alt: 0.27
01/03/2022 12:42:43 distance: 38.819920469940364
01/03/2022 12:42:43 Mode: STABILIZE
01/03/2022 12:42:43 Pilot control
01/03/2022 12:42:43 ch7: 965
01/03/2022 12:42:43 -------------Check stall condition-------------
01/03/2022 12:42:43 Alt: 0.23
01/03/2022 12:42:43 distance: 38.185270784838856
01/03/2022 12:42:43 Mode: STABILIZE
01/03/2022 12:42:43 Pilot control
01/03/2022 12:42:43 ch7: 965
01/03/2022 12:42:43 -------------Check stall condition-------------
01/03/2022 12:42:44 Alt: 0.136
01/03/2022 12:42:44 distance: 37.70811313667597
01/03/2022 12:42:44 Mode: STABILIZE
01/03/2022 12:42:44 Pilot control
01/03/2022 12:42:44 ch7: 965
01/03/2022 12:42:44 -------------Check stall condition-------------
01/03/2022 12:42:44 Alt: 0.12
01/03/2022 12:42:44 distance: 37.36893479565502
01/03/2022 12:42:44 Mode: STABILIZE
01/03/2022 12:42:44 Pilot control
01/03/2022 12:42:44 ch7: 965
01/03/2022 12:42:44 -------------Check stall condition-------------
01/03/2022 12:42:44 Alt: 0.13
01/03/2022 12:42:44 distance: 37.24976029902082
01/03/2022 12:42:44 Mode: STABILIZE
01/03/2022 12:42:44 Pilot control
01/03/2022 12:42:45 ch7: 965
01/03/2022 12:42:45 -------------Check stall condition-------------
01/03/2022 12:42:45 Alt: 0.136
01/03/2022 12:42:45 distance: 37.05778169262205
01/03/2022 12:42:45 Mode: STABILIZE
01/03/2022 12:42:45 Pilot control
01/03/2022 12:42:45 ch7: 965
01/03/2022 12:42:45 -------------Check stall condition-------------
01/03/2022 12:42:45 Alt: 0.13
01/03/2022 12:42:45 distance: 36.94489101765332
01/03/2022 12:42:45 Mode: STABILIZE
01/03/2022 12:42:45 Pilot control
01/03/2022 12:42:46 ch7: 965
01/03/2022 12:42:46 -------------Check stall condition-------------
01/03/2022 12:42:46 Alt: 0.141
01/03/2022 12:42:46 distance: 36.9646536713444
01/03/2022 12:42:46 Mode: STABILIZE
01/03/2022 12:42:46 Pilot control
01/03/2022 12:42:46 ch7: 965
01/03/2022 12:42:46 -------------Check stall condition-------------
01/03/2022 12:42:46 Alt: 0.149
01/03/2022 12:42:46 distance: 37.00926061305432
01/03/2022 12:42:46 Mode: STABILIZE
01/03/2022 12:42:46 Pilot control
01/03/2022 12:42:47 ch7: 965
01/03/2022 12:42:47 -------------Check stall condition-------------
01/03/2022 12:42:47 Alt: 0.141
01/03/2022 12:42:47 distance: 37.01624463092391
01/03/2022 12:42:47 Mode: STABILIZE
01/03/2022 12:42:47 Pilot control
01/03/2022 12:42:47 ch7: 965
01/03/2022 12:42:47 -------------Check stall condition-------------
01/03/2022 12:42:47 Alt: 0.145
01/03/2022 12:42:47 distance: 37.13883461705867
01/03/2022 12:42:47 Mode: STABILIZE
01/03/2022 12:42:47 Pilot control
01/03/2022 12:42:48 ch7: 965
01/03/2022 12:42:48 -------------Check stall condition-------------
01/03/2022 12:42:48 Alt: 0.137
01/03/2022 12:42:48 distance: 37.43047298293157
01/03/2022 12:42:48 Mode: STABILIZE
01/03/2022 12:42:48 Pilot control
01/03/2022 12:42:48 ch7: 965
01/03/2022 12:42:48 -------------Check stall condition-------------
01/03/2022 12:42:48 Alt: 0.104
01/03/2022 12:42:48 distance: 37.70589317394708
01/03/2022 12:42:48 Mode: STABILIZE
01/03/2022 12:42:48 Pilot control
01/03/2022 12:42:49 ch7: 965
01/03/2022 12:42:49 -------------Check stall condition-------------
01/03/2022 12:42:49 Alt: -0.026
01/03/2022 12:42:49 distance: 38.19268867848491
01/03/2022 12:42:49 Mode: STABILIZE
01/03/2022 12:42:49 Pilot control
01/03/2022 12:42:50 ch7: 965
01/03/2022 12:42:50 -------------Check stall condition-------------
01/03/2022 12:42:50 Alt: -0.064
01/03/2022 12:42:50 distance: 38.5015593863291
01/03/2022 12:42:50 Mode: STABILIZE
01/03/2022 12:42:50 Pilot control
01/03/2022 12:42:50 ch7: 965
01/03/2022 12:42:50 -------------Check stall condition-------------
01/03/2022 12:42:50 Alt: -0.154
01/03/2022 12:42:50 distance: 38.82855436550586
01/03/2022 12:42:50 Mode: STABILIZE
01/03/2022 12:42:50 Pilot control
01/03/2022 12:42:51 ch7: 965
01/03/2022 12:42:51 -------------Check stall condition-------------
01/03/2022 12:42:51 Alt: -0.208
01/03/2022 12:42:51 distance: 38.976333590557914
01/03/2022 12:42:51 Mode: STABILIZE
01/03/2022 12:42:51 Pilot control
01/03/2022 12:42:51 ch7: 965
01/03/2022 12:42:51 -------------Check stall condition-------------
01/03/2022 12:42:51 Alt: -0.233
01/03/2022 12:42:51 distance: 39.08716792416143
01/03/2022 12:42:51 Mode: STABILIZE
01/03/2022 12:42:51 Pilot control
01/03/2022 12:42:51 ch7: 965
01/03/2022 12:42:51 -------------Check stall condition-------------
01/03/2022 12:42:51 Alt: -0.255
01/03/2022 12:42:51 distance: 39.16523769549402
01/03/2022 12:42:51 Mode: STABILIZE
01/03/2022 12:42:51 Pilot control
01/03/2022 12:42:52 ch7: 965
01/03/2022 12:42:52 -------------Check stall condition-------------
01/03/2022 12:42:52 Alt: -0.28
01/03/2022 12:42:52 distance: 39.055978180272014
01/03/2022 12:42:52 Mode: STABILIZE
01/03/2022 12:42:52 Pilot control
01/03/2022 12:42:52 ch7: 965
01/03/2022 12:42:52 -------------Check stall condition-------------
01/03/2022 12:42:52 Alt: -0.304
01/03/2022 12:42:52 distance: 38.82484888823689
01/03/2022 12:42:52 Mode: STABILIZE
01/03/2022 12:42:52 Pilot control
01/03/2022 12:42:53 ch7: 965
01/03/2022 12:42:53 -------------Check stall condition-------------
01/03/2022 12:42:53 Alt: -0.29
01/03/2022 12:42:53 distance: 38.21061579858771
01/03/2022 12:42:53 Mode: STABILIZE
01/03/2022 12:42:53 Pilot control
01/03/2022 12:42:53 ch7: 965
01/03/2022 12:42:53 -------------Check stall condition-------------
01/03/2022 12:42:53 Alt: -0.231
01/03/2022 12:42:53 distance: 36.79809323480974
01/03/2022 12:42:53 Mode: STABILIZE
01/03/2022 12:42:53 Pilot control
01/03/2022 12:42:54 ch7: 965
01/03/2022 12:42:54 -------------Check stall condition-------------
01/03/2022 12:42:54 Alt: -0.162
01/03/2022 12:42:54 distance: 36.188949036493
01/03/2022 12:42:54 Mode: STABILIZE
01/03/2022 12:42:54 Pilot control
01/03/2022 12:42:54 ch7: 965
01/03/2022 12:42:54 -------------Check stall condition-------------
01/03/2022 12:42:54 Alt: -0.1
01/03/2022 12:42:54 distance: 34.713218608636986
01/03/2022 12:42:54 Mode: STABILIZE
01/03/2022 12:42:54 Pilot control
01/03/2022 12:42:55 ch7: 965
01/03/2022 12:42:55 -------------Check stall condition-------------
01/03/2022 12:42:55 Alt: -0.05
01/03/2022 12:42:55 distance: 33.285613893729526
01/03/2022 12:42:55 Mode: STABILIZE
01/03/2022 12:42:55 Pilot control
01/03/2022 12:42:55 ch7: 965
01/03/2022 12:42:55 -------------Check stall condition-------------
01/03/2022 12:42:55 Alt: 0.049
01/03/2022 12:42:55 distance: 31.537016713022044
01/03/2022 12:42:55 Mode: STABILIZE
01/03/2022 12:42:55 Pilot control
01/03/2022 12:42:55 ch7: 965
01/03/2022 12:42:56 -------------Check stall condition-------------
01/03/2022 12:42:56 Alt: 0.072
01/03/2022 12:42:56 distance: 29.64262919270546
01/03/2022 12:42:56 Mode: STABILIZE
01/03/2022 12:42:56 Pilot control
01/03/2022 12:42:56 ch7: 965
01/03/2022 12:42:56 -------------Check stall condition-------------
01/03/2022 12:42:56 Alt: 0.091
01/03/2022 12:42:56 distance: 28.61599775396414
01/03/2022 12:42:56 Mode: STABILIZE
01/03/2022 12:42:56 Pilot control
01/03/2022 12:42:56 ch7: 965
01/03/2022 12:42:56 -------------Check stall condition-------------
01/03/2022 12:42:56 Alt: 0.157
01/03/2022 12:42:56 distance: 26.72241697687688
01/03/2022 12:42:56 Mode: STABILIZE
01/03/2022 12:42:56 Pilot control
01/03/2022 12:42:57 ch7: 965
01/03/2022 12:42:57 -------------Check stall condition-------------
01/03/2022 12:42:57 Alt: 0.165
01/03/2022 12:42:57 distance: 24.363385872322254
01/03/2022 12:42:57 Mode: STABILIZE
01/03/2022 12:42:57 Pilot control
01/03/2022 12:42:57 ch7: 965
01/03/2022 12:42:57 -------------Check stall condition-------------
01/03/2022 12:42:57 Alt: 0.129
01/03/2022 12:42:57 distance: 21.547418341087365
01/03/2022 12:42:57 Mode: STABILIZE
01/03/2022 12:42:57 Pilot control
01/03/2022 12:42:58 ch7: 965
01/03/2022 12:42:58 -------------Check stall condition-------------
01/03/2022 12:42:58 Alt: 0.105
01/03/2022 12:42:58 distance: 18.535432179656258
01/03/2022 12:42:58 Mode: STABILIZE
01/03/2022 12:42:58 Pilot control
01/03/2022 12:42:58 ch7: 965
01/03/2022 12:42:58 -------------Check stall condition-------------
01/03/2022 12:42:58 Alt: 0.072
01/03/2022 12:42:58 distance: 17.023441498069012
01/03/2022 12:42:58 Mode: STABILIZE
01/03/2022 12:42:58 Pilot control
01/03/2022 12:42:59 ch7: 965
01/03/2022 12:42:59 -------------Check stall condition-------------
01/03/2022 12:42:59 Alt: 0.05
01/03/2022 12:42:59 distance: 14.407272284903248
01/03/2022 12:42:59 Mode: STABILIZE
01/03/2022 12:42:59 Pilot control
01/03/2022 12:42:59 ch7: 965
01/03/2022 12:42:59 -------------Check stall condition-------------
01/03/2022 12:42:59 Alt: 0.011
01/03/2022 12:42:59 distance: 12.370041029387673
01/03/2022 12:42:59 Mode: STABILIZE
01/03/2022 12:42:59 Pilot control
01/03/2022 12:42:59 ch7: 965
01/03/2022 12:42:59 -------------Check stall condition-------------
01/03/2022 12:43:00 Alt: -0.033
01/03/2022 12:43:00 distance: 11.115757934707155
01/03/2022 12:43:00 Mode: STABILIZE
01/03/2022 12:43:00 Pilot control
01/03/2022 12:43:00 ch7: 965
01/03/2022 12:43:00 -------------Check stall condition-------------
01/03/2022 12:43:00 Alt: -0.056
01/03/2022 12:43:00 distance: 10.67576640158835
01/03/2022 12:43:00 Mode: STABILIZE
01/03/2022 12:43:00 Pilot control
01/03/2022 12:43:00 ch7: 965
01/03/2022 12:43:00 -------------Check stall condition-------------
01/03/2022 12:43:00 Alt: -0.105
01/03/2022 12:43:00 distance: 10.276038048145788
01/03/2022 12:43:00 Mode: STABILIZE
01/03/2022 12:43:00 Pilot control
01/03/2022 12:43:01 ch7: 965
01/03/2022 12:43:01 -------------Check stall condition-------------
01/03/2022 12:43:01 Alt: -0.128
01/03/2022 12:43:01 distance: 9.848649503323093
01/03/2022 12:43:01 Mode: STABILIZE
01/03/2022 12:43:01 Pilot control
01/03/2022 12:43:01 ch7: 965
01/03/2022 12:43:01 -------------Check stall condition-------------
01/03/2022 12:43:01 Alt: -0.037
01/03/2022 12:43:01 distance: 9.686536510648214
01/03/2022 12:43:01 Mode: STABILIZE
01/03/2022 12:43:01 Pilot control
01/03/2022 12:43:02 ch7: 965
01/03/2022 12:43:02 -------------Check stall condition-------------
01/03/2022 12:43:02 Alt: -0.039
01/03/2022 12:43:02 distance: 9.281836999058463
01/03/2022 12:43:02 Mode: STABILIZE
01/03/2022 12:43:02 Pilot control
01/03/2022 12:43:02 ch7: 965
01/03/2022 12:43:02 -------------Check stall condition-------------
01/03/2022 12:43:02 Alt: -0.034
01/03/2022 12:43:02 distance: 8.766281634940633
01/03/2022 12:43:02 Mode: STABILIZE
01/03/2022 12:43:02 Pilot control
01/03/2022 12:43:03 ch7: 965
01/03/2022 12:43:03 -------------Check stall condition-------------
01/03/2022 12:43:03 Alt: -0.027
01/03/2022 12:43:03 distance: 8.223979987532509
01/03/2022 12:43:03 Mode: STABILIZE
01/03/2022 12:43:03 Pilot control
01/03/2022 12:43:03 ch7: 965
01/03/2022 12:43:03 -------------Check stall condition-------------
01/03/2022 12:43:03 Alt: -0.027
01/03/2022 12:43:03 distance: 7.959904720048807
01/03/2022 12:43:03 Mode: STABILIZE
01/03/2022 12:43:03 Pilot control
01/03/2022 12:43:04 ch7: 965
01/03/2022 12:43:04 -------------Check stall condition-------------
01/03/2022 12:43:04 Alt: -0.182
01/03/2022 12:43:04 distance: 7.840378665367913
01/03/2022 12:43:04 Mode: STABILIZE
01/03/2022 12:43:04 Pilot control
01/03/2022 12:43:04 ch7: 965
01/03/2022 12:43:04 -------------Check stall condition-------------
01/03/2022 12:43:04 Alt: -0.336
01/03/2022 12:43:04 distance: 7.770132996673666
01/03/2022 12:43:04 Mode: STABILIZE
01/03/2022 12:43:04 Pilot control
01/03/2022 12:43:04 ch7: 965
01/03/2022 12:43:04 -------------Check stall condition-------------
01/03/2022 12:43:04 Alt: -0.465
01/03/2022 12:43:04 distance: 7.716015404520194
01/03/2022 12:43:04 Mode: STABILIZE
01/03/2022 12:43:04 Pilot control
01/03/2022 12:43:05 ch7: 965
01/03/2022 12:43:05 -------------Check stall condition-------------
01/03/2022 12:43:05 Alt: -0.542
01/03/2022 12:43:05 distance: 7.627465597064179
01/03/2022 12:43:05 Mode: STABILIZE
01/03/2022 12:43:05 Pilot control
01/03/2022 12:43:05 ch7: 965
01/03/2022 12:43:05 -------------Check stall condition-------------
01/03/2022 12:43:05 Alt: -0.603
01/03/2022 12:43:05 distance: 7.514099233491397
01/03/2022 12:43:05 Mode: STABILIZE
01/03/2022 12:43:05 Pilot control
01/03/2022 12:43:05 ch7: 965
01/03/2022 12:43:05 -------------Check stall condition-------------
01/03/2022 12:43:05 Alt: -0.605
01/03/2022 12:43:05 distance: 7.49299319200692
01/03/2022 12:43:05 Mode: STABILIZE
01/03/2022 12:43:05 Pilot control
01/03/2022 12:43:06 ch7: 965
01/03/2022 12:43:06 -------------Check stall condition-------------
01/03/2022 12:43:06 Alt: -0.218
01/03/2022 12:43:06 distance: 7.568891057679998
01/03/2022 12:43:06 Mode: STABILIZE
01/03/2022 12:43:06 Pilot control
01/03/2022 12:43:06 ch7: 965
01/03/2022 12:43:06 -------------Check stall condition-------------
01/03/2022 12:43:06 Alt: -0.054
01/03/2022 12:43:06 distance: 7.734782948000188
01/03/2022 12:43:06 Mode: STABILIZE
01/03/2022 12:43:06 Pilot control
01/03/2022 12:43:07 ch7: 965
01/03/2022 12:43:07 -------------Check stall condition-------------
01/03/2022 12:43:07 Alt: -0.05
01/03/2022 12:43:07 distance: 7.938961473353507
01/03/2022 12:43:07 Mode: STABILIZE
01/03/2022 12:43:07 Pilot control
01/03/2022 12:43:07 ch7: 965
01/03/2022 12:43:07 -------------Check stall condition-------------
01/03/2022 12:43:07 Alt: -0.062
01/03/2022 12:43:07 distance: 8.196358856086947
01/03/2022 12:43:07 Mode: STABILIZE
01/03/2022 12:43:07 Pilot control
01/03/2022 12:43:08 ch7: 965
01/03/2022 12:43:08 -------------Check stall condition-------------
01/03/2022 12:43:08 Alt: -0.081
01/03/2022 12:43:08 distance: 8.344805537246796
01/03/2022 12:43:08 Mode: STABILIZE
01/03/2022 12:43:08 Pilot control
01/03/2022 12:43:08 ch7: 965
01/03/2022 12:43:08 -------------Check stall condition-------------
01/03/2022 12:43:08 Alt: -0.084
01/03/2022 12:43:08 distance: 8.672417789530625
01/03/2022 12:43:08 Mode: STABILIZE
01/03/2022 12:43:08 Pilot control
01/03/2022 12:43:08 ch7: 965
01/03/2022 12:43:08 -------------Check stall condition-------------
01/03/2022 12:43:08 Alt: -0.078
01/03/2022 12:43:08 distance: 8.821654234013279
01/03/2022 12:43:09 Mode: STABILIZE
01/03/2022 12:43:09 Pilot control
01/03/2022 12:43:09 ch7: 965
01/03/2022 12:43:09 -------------Check stall condition-------------
01/03/2022 12:43:09 Alt: -0.075
01/03/2022 12:43:09 distance: 9.244975568058024
01/03/2022 12:43:09 Mode: STABILIZE
01/03/2022 12:43:09 Pilot control
01/03/2022 12:43:09 ch7: 965
01/03/2022 12:43:09 -------------Check stall condition-------------
01/03/2022 12:43:09 Alt: -0.075
01/03/2022 12:43:09 distance: 9.244975568058024
01/03/2022 12:43:09 Mode: STABILIZE
01/03/2022 12:43:09 Pilot control
01/03/2022 12:43:09 ch7: 965
01/03/2022 12:43:09 -------------Check stall condition-------------
01/03/2022 12:43:09 Alt: -0.064
01/03/2022 12:43:09 distance: 9.690220207601456
01/03/2022 12:43:09 Mode: STABILIZE
01/03/2022 12:43:09 Pilot control
01/03/2022 12:43:10 ch7: 965
01/03/2022 12:43:10 -------------Check stall condition-------------
01/03/2022 12:43:10 Alt: -0.06
01/03/2022 12:43:10 distance: 9.946482979636675
01/03/2022 12:43:10 Mode: STABILIZE
01/03/2022 12:43:10 Pilot control
01/03/2022 12:43:10 ch7: 965
01/03/2022 12:43:10 -------------Check stall condition-------------
01/03/2022 12:43:10 Alt: -0.051
01/03/2022 12:43:10 distance: 10.184760918123535
01/03/2022 12:43:10 Mode: STABILIZE
01/03/2022 12:43:10 Pilot control
01/03/2022 12:43:10 ch7: 965
01/03/2022 12:43:10 -------------Check stall condition-------------
01/03/2022 12:43:10 Alt: -0.043
01/03/2022 12:43:10 distance: 10.423244911927322
01/03/2022 12:43:10 Mode: STABILIZE
01/03/2022 12:43:10 Pilot control
01/03/2022 12:43:10 ch7: 965
01/03/2022 12:43:10 -------------Check stall condition-------------
01/03/2022 12:43:10 Alt: -0.034
01/03/2022 12:43:10 distance: 10.881975076855976
01/03/2022 12:43:10 Mode: STABILIZE
01/03/2022 12:43:10 Pilot control
01/03/2022 12:43:11 ch7: 965
01/03/2022 12:43:11 Saved video
