25/03/2022 14:14:16 Connecting to Vehicle on: /dev/ttyACM0
25/03/2022 14:14:17 ArduPlane V4.1.4 (0f984409)
25/03/2022 14:14:17 ChibiOS: 45395b6a
25/03/2022 14:14:17 CubeBlack 00360049 3337510E 37353832
25/03/2022 14:14:17 RCOut: PWM:1-12
25/03/2022 14:14:17 IMU0: fast sampling enabled 8.0kHz/1.0kHz
25/03/2022 14:14:17 IMU2: fast sampling enabled 8.0kHz/1.0kHz
25/03/2022 14:14:27 is_deepstalled(image_processing): False
25/03/2022 14:14:27 -------------Check stall condition-------------
25/03/2022 14:14:27 Alt: -2.14
25/03/2022 14:14:27 Mode: STABILIZE
25/03/2022 14:14:27 channel8: 965
25/03/2022 14:14:27 Pilot control
25/03/2022 14:14:27 -------------Check stall condition-------------
25/03/2022 14:14:27 Alt: -2.14
25/03/2022 14:14:27 Mode: STABILIZE
25/03/2022 14:14:27 channel8: 965
25/03/2022 14:14:27 Pilot control
25/03/2022 14:14:27 -------------Check stall condition-------------
25/03/2022 14:14:27 Alt: -2.14
25/03/2022 14:14:27 Mode: STABILIZE
25/03/2022 14:14:27 channel8: 965
25/03/2022 14:14:27 Pilot control
25/03/2022 14:14:27 -------------Check stall condition-------------
25/03/2022 14:14:27 Alt: -2.14
25/03/2022 14:14:27 Mode: STABILIZE
25/03/2022 14:14:27 channel8: 965
25/03/2022 14:14:27 Pilot control
25/03/2022 14:14:27 -------------Check stall condition-------------
25/03/2022 14:14:27 Alt: -2.14
25/03/2022 14:14:27 Mode: STABILIZE
25/03/2022 14:14:27 channel8: 965
25/03/2022 14:14:27 Pilot control
25/03/2022 14:14:27 -------------Check stall condition-------------
25/03/2022 14:14:27 Alt: -2.14
25/03/2022 14:14:27 Mode: STABILIZE
25/03/2022 14:14:27 channel8: 965
25/03/2022 14:14:27 Pilot control
25/03/2022 14:14:27 -------------Check stall condition-------------
25/03/2022 14:14:27 Alt: -2.14
25/03/2022 14:14:27 Mode: STABILIZE
25/03/2022 14:14:27 channel8: 965
25/03/2022 14:14:27 Pilot control
25/03/2022 14:14:27 -------------Check stall condition-------------
25/03/2022 14:14:27 Alt: -2.137
25/03/2022 14:14:27 Mode: STABILIZE
25/03/2022 14:14:27 channel8: 965
25/03/2022 14:14:27 Pilot control
25/03/2022 14:14:27 -------------Check stall condition-------------
25/03/2022 14:14:27 Alt: -2.137
25/03/2022 14:14:27 Mode: STABILIZE
25/03/2022 14:14:27 channel8: 965
25/03/2022 14:14:27 Pilot control
25/03/2022 14:14:27 -------------Check stall condition-------------
25/03/2022 14:14:27 Alt: -2.129
25/03/2022 14:14:27 Mode: STABILIZE
25/03/2022 14:14:27 channel8: 965
25/03/2022 14:14:27 Pilot control
25/03/2022 14:14:27 -------------Check stall condition-------------
25/03/2022 14:14:27 Alt: -2.129
25/03/2022 14:14:27 Mode: STABILIZE
25/03/2022 14:14:27 channel8: 965
25/03/2022 14:14:27 Pilot control
25/03/2022 14:14:27 -------------Check stall condition-------------
25/03/2022 14:14:27 Alt: -2.129
25/03/2022 14:14:27 Mode: STABILIZE
25/03/2022 14:14:27 channel8: 965
25/03/2022 14:14:27 Pilot control
25/03/2022 14:14:27 -------------Check stall condition-------------
25/03/2022 14:14:27 Alt: -2.129
25/03/2022 14:14:27 Mode: STABILIZE
25/03/2022 14:14:27 channel8: 965
25/03/2022 14:14:27 Pilot control
25/03/2022 14:14:27 -------------Check stall condition-------------
25/03/2022 14:14:27 Alt: -2.129
25/03/2022 14:14:27 Mode: STABILIZE
25/03/2022 14:14:27 channel8: 965
25/03/2022 14:14:28 Pilot control
25/03/2022 14:14:28 -------------Check stall condition-------------
25/03/2022 14:14:28 Alt: -2.129
25/03/2022 14:14:28 Mode: STABILIZE
25/03/2022 14:14:28 channel8: 965
25/03/2022 14:14:28 Pilot control
25/03/2022 14:14:28 -------------Check stall condition-------------
25/03/2022 14:14:28 Alt: -2.126
25/03/2022 14:14:28 Mode: STABILIZE
25/03/2022 14:14:28 channel8: 965
25/03/2022 14:14:28 Pilot control
25/03/2022 14:14:28 -------------Check stall condition-------------
25/03/2022 14:14:28 Alt: -2.126
25/03/2022 14:14:28 Mode: STABILIZE
25/03/2022 14:14:28 channel8: 965
25/03/2022 14:14:28 Pilot control
25/03/2022 14:14:28 -------------Check stall condition-------------
25/03/2022 14:14:28 Alt: -2.117
25/03/2022 14:14:28 Mode: STABILIZE
25/03/2022 14:14:28 channel8: 965
25/03/2022 14:14:28 Pilot control
25/03/2022 14:14:28 -------------Check stall condition-------------
25/03/2022 14:14:28 Alt: -2.117
25/03/2022 14:14:28 Mode: STABILIZE
25/03/2022 14:14:28 channel8: 965
25/03/2022 14:14:28 Pilot control
25/03/2022 14:14:28 -------------Check stall condition-------------
25/03/2022 14:14:28 Alt: -2.117
25/03/2022 14:14:28 Mode: STABILIZE
25/03/2022 14:14:28 channel8: 965
25/03/2022 14:14:28 Pilot control
25/03/2022 14:14:28 -------------Check stall condition-------------
25/03/2022 14:14:28 Alt: -2.117
25/03/2022 14:14:28 Mode: STABILIZE
25/03/2022 14:14:28 channel8: 965
25/03/2022 14:14:28 Pilot control
25/03/2022 14:14:28 -------------Check stall condition-------------
25/03/2022 14:14:28 Alt: -2.099
25/03/2022 14:14:28 Mode: STABILIZE
25/03/2022 14:14:28 channel8: 965
25/03/2022 14:14:28 Pilot control
25/03/2022 14:14:28 -------------Check stall condition-------------
25/03/2022 14:14:28 Alt: -2.099
25/03/2022 14:14:28 Mode: STABILIZE
25/03/2022 14:14:28 channel8: 965
25/03/2022 14:14:28 Pilot control
25/03/2022 14:14:28 -------------Check stall condition-------------
25/03/2022 14:14:28 Alt: -2.099
25/03/2022 14:14:28 Mode: STABILIZE
25/03/2022 14:14:28 channel8: 965
25/03/2022 14:14:28 Pilot control
25/03/2022 14:14:28 -------------Check stall condition-------------
25/03/2022 14:14:28 Alt: -2.099
25/03/2022 14:14:28 Mode: STABILIZE
25/03/2022 14:14:28 channel8: 965
25/03/2022 14:14:28 Pilot control
25/03/2022 14:14:28 -------------Check stall condition-------------
25/03/2022 14:14:28 Alt: -2.099
25/03/2022 14:14:28 Mode: STABILIZE
25/03/2022 14:14:28 channel8: 965
25/03/2022 14:14:28 Pilot control
25/03/2022 14:14:28 -------------Check stall condition-------------
25/03/2022 14:14:28 Alt: -5.155
25/03/2022 14:14:28 Mode: STABILIZE
25/03/2022 14:14:28 channel8: 965
25/03/2022 14:14:28 Pilot control
25/03/2022 14:14:28 -------------Check stall condition-------------
25/03/2022 14:14:28 Alt: -5.155
25/03/2022 14:14:29 Mode: STABILIZE
25/03/2022 14:14:29 channel8: 965
25/03/2022 14:14:29 Pilot control
25/03/2022 14:14:29 -------------Check stall condition-------------
25/03/2022 14:14:29 Alt: -5.2
25/03/2022 14:14:29 Mode: STABILIZE
25/03/2022 14:14:29 channel8: 965
25/03/2022 14:14:29 Pilot control
25/03/2022 14:14:29 -------------Check stall condition-------------
25/03/2022 14:14:29 Alt: -5.2
25/03/2022 14:14:29 Mode: STABILIZE
25/03/2022 14:14:29 channel8: 965
25/03/2022 14:14:29 Pilot control
25/03/2022 14:14:29 -------------Check stall condition-------------
25/03/2022 14:14:29 Alt: -5.2
25/03/2022 14:14:29 Mode: STABILIZE
25/03/2022 14:14:29 channel8: 965
25/03/2022 14:14:29 Pilot control
25/03/2022 14:14:29 -------------Check stall condition-------------
25/03/2022 14:14:29 Alt: -5.2
25/03/2022 14:14:29 Mode: STABILIZE
25/03/2022 14:14:29 channel8: 965
25/03/2022 14:14:29 Pilot control
25/03/2022 14:14:29 -------------Check stall condition-------------
25/03/2022 14:14:29 Alt: -5.2
25/03/2022 14:14:29 Mode: STABILIZE
25/03/2022 14:14:29 channel8: 965
25/03/2022 14:14:29 Pilot control
25/03/2022 14:14:29 -------------Check stall condition-------------
25/03/2022 14:14:29 Alt: -5.2
25/03/2022 14:14:29 Mode: STABILIZE
25/03/2022 14:14:29 channel8: 965
25/03/2022 14:14:29 Pilot control
25/03/2022 14:14:29 -------------Check stall condition-------------
25/03/2022 14:14:29 Alt: -5.2
25/03/2022 14:14:29 Mode: STABILIZE
25/03/2022 14:14:29 channel8: 965
25/03/2022 14:14:29 Pilot control
25/03/2022 14:14:29 -------------Check stall condition-------------
25/03/2022 14:14:29 Alt: -5.2
25/03/2022 14:14:29 Mode: STABILIZE
25/03/2022 14:14:29 channel8: 965
25/03/2022 14:14:29 Pilot control
25/03/2022 14:14:29 -------------Check stall condition-------------
25/03/2022 14:14:29 Alt: -5.2
25/03/2022 14:14:29 Mode: STABILIZE
25/03/2022 14:14:29 channel8: 965
25/03/2022 14:14:29 Pilot control
25/03/2022 14:14:29 -------------Check stall condition-------------
25/03/2022 14:14:29 Alt: -5.2
25/03/2022 14:14:29 Mode: STABILIZE
25/03/2022 14:14:29 channel8: 965
25/03/2022 14:14:29 Pilot control
25/03/2022 14:14:29 -------------Check stall condition-------------
25/03/2022 14:14:29 Alt: -5.218
25/03/2022 14:14:29 Mode: STABILIZE
25/03/2022 14:14:29 channel8: 965
25/03/2022 14:14:29 Pilot control
25/03/2022 14:14:29 -------------Check stall condition-------------
25/03/2022 14:14:29 Alt: -5.218
25/03/2022 14:14:29 Mode: STABILIZE
25/03/2022 14:14:29 channel8: 965
25/03/2022 14:14:29 Pilot control
25/03/2022 14:14:29 -------------Check stall condition-------------
25/03/2022 14:14:29 Alt: -5.218
25/03/2022 14:14:29 Mode: STABILIZE
25/03/2022 14:14:29 channel8: 965
25/03/2022 14:14:29 Pilot control
25/03/2022 14:14:29 -------------Check stall condition-------------
25/03/2022 14:14:29 Alt: -5.235
25/03/2022 14:14:29 Mode: STABILIZE
25/03/2022 14:14:29 channel8: 965
25/03/2022 14:14:29 Pilot control
25/03/2022 14:14:29 -------------Check stall condition-------------
25/03/2022 14:14:29 Alt: -5.235
25/03/2022 14:14:29 Mode: STABILIZE
25/03/2022 14:14:29 channel8: 965
25/03/2022 14:14:29 Pilot control
25/03/2022 14:14:29 -------------Check stall condition-------------
25/03/2022 14:14:29 Alt: -5.235
25/03/2022 14:14:29 Mode: STABILIZE
25/03/2022 14:14:29 channel8: 965
25/03/2022 14:14:29 Pilot control
25/03/2022 14:14:29 -------------Check stall condition-------------
25/03/2022 14:14:29 Alt: -5.235
25/03/2022 14:14:29 Mode: STABILIZE
25/03/2022 14:14:29 channel8: 965
25/03/2022 14:14:29 Pilot control
25/03/2022 14:14:29 -------------Check stall condition-------------
25/03/2022 14:14:29 Alt: -5.235
25/03/2022 14:14:29 Mode: STABILIZE
25/03/2022 14:14:29 channel8: 965
25/03/2022 14:14:29 Pilot control
25/03/2022 14:14:29 -------------Check stall condition-------------
25/03/2022 14:14:29 Alt: -5.235
25/03/2022 14:14:29 Mode: STABILIZE
25/03/2022 14:14:29 channel8: 965
25/03/2022 14:14:29 Pilot control
25/03/2022 14:14:29 -------------Check stall condition-------------
25/03/2022 14:14:29 Alt: -5.235
25/03/2022 14:14:29 Mode: STABILIZE
25/03/2022 14:14:29 channel8: 965
25/03/2022 14:14:29 Pilot control
25/03/2022 14:14:29 -------------Check stall condition-------------
25/03/2022 14:14:29 Alt: -5.235
25/03/2022 14:14:29 Mode: STABILIZE
