29/03/2022 13:26:27 Connecting to Vehicle on: /dev/ttyACM0
29/03/2022 13:26:29 ArduPlane V4.1.4 (0f984409)
29/03/2022 13:26:29 ChibiOS: 45395b6a
29/03/2022 13:26:29 CubeBlack 00360049 3337510E 37353832
29/03/2022 13:26:29 RCOut: PWM:1-12
29/03/2022 13:26:29 IMU0: fast sampling enabled 8.0kHz/1.0kHz
29/03/2022 13:26:29 IMU2: fast sampling enabled 8.0kHz/1.0kHz
29/03/2022 13:26:40 Pilot control + Computer
29/03/2022 13:26:41 Pilot control + Computer
29/03/2022 13:26:41 Pilot control + Computer
29/03/2022 13:26:41 Pilot control + Computer
29/03/2022 13:26:41 Pilot control + Computer
29/03/2022 13:26:41 Pilot control + Computer
29/03/2022 13:26:41 Pilot control + Computer
29/03/2022 13:26:41 Pilot control + Computer
29/03/2022 13:26:41 Pilot control + Computer
29/03/2022 13:26:41 Pilot control + Computer
29/03/2022 13:26:42 Pilot control + Computer
29/03/2022 13:26:42 Pilot control + Computer
29/03/2022 13:26:42 Pilot control + Computer
29/03/2022 13:26:42 Pilot control + Computer
29/03/2022 13:26:42 Pilot control + Computer
29/03/2022 13:26:43 Pilot control + Computer
29/03/2022 13:26:43 Pilot control + Computer
29/03/2022 13:26:43 Pilot control + Computer
29/03/2022 13:26:43 Pilot control + Computer
29/03/2022 13:26:43 Pilot control + Computer
29/03/2022 13:26:43 Pilot control + Computer
29/03/2022 13:26:43 Pilot control + Computer
29/03/2022 13:26:43 Pilot control + Computer
29/03/2022 13:26:43 Pilot control + Computer
29/03/2022 13:26:44 Pilot control + Computer
29/03/2022 13:26:44 Pilot control + Computer
29/03/2022 13:26:44 Pilot control + Computer
29/03/2022 13:26:44 Pilot control + Computer
29/03/2022 13:26:44 Pilot control + Computer
29/03/2022 13:26:45 Pilot control + Computer
29/03/2022 13:26:45 Pilot control + Computer
29/03/2022 13:26:45 Pilot control + Computer
29/03/2022 13:26:45 Pilot control + Computer
29/03/2022 13:26:45 Pilot control + Computer
29/03/2022 13:26:46 Pilot control + Computer
29/03/2022 13:26:46 Pilot control + Computer
29/03/2022 13:26:46 Pilot control + Computer
29/03/2022 13:26:46 Pilot control + Computer
29/03/2022 13:26:46 Pilot control + Computer
29/03/2022 13:26:46 Pilot control + Computer
29/03/2022 13:26:46 Pilot control + Computer
29/03/2022 13:26:46 Pilot control + Computer
29/03/2022 13:26:46 Pilot control + Computer
29/03/2022 13:26:47 Pilot control + Computer
29/03/2022 13:26:47 Pilot control + Computer
29/03/2022 13:26:47 Pilot control + Computer
29/03/2022 13:26:47 Pilot control + Computer
29/03/2022 13:26:47 Pilot control + Computer
29/03/2022 13:26:47 Pilot control + Computer
29/03/2022 13:26:47 Pilot control + Computer
29/03/2022 13:26:47 Pilot control + Computer
29/03/2022 13:26:48 Pilot control + Computer
29/03/2022 13:26:48 Pilot control + Computer
29/03/2022 13:26:48 Pilot control + Computer
29/03/2022 13:26:48 Pilot control + Computer
29/03/2022 13:26:48 Pilot control + Computer
29/03/2022 13:26:48 Pilot control + Computer
29/03/2022 13:26:48 Pilot control + Computer
29/03/2022 13:26:49 Pilot control + Computer
29/03/2022 13:26:49 Pilot control + Computer
29/03/2022 13:26:49 Pilot control + Computer
29/03/2022 13:26:49 Pilot control + Computer
29/03/2022 13:26:49 Pilot control + Computer
29/03/2022 13:26:49 Pilot control + Computer
29/03/2022 13:26:49 Pilot control + Computer
29/03/2022 13:26:49 Pilot control + Computer
29/03/2022 13:26:49 Pilot control + Computer
29/03/2022 13:26:50 Pilot control + Computer
29/03/2022 13:26:50 Pilot control + Computer
29/03/2022 13:26:50 Pilot control + Computer
29/03/2022 13:26:50 Pilot control + Computer
29/03/2022 13:26:50 Pilot control + Computer
29/03/2022 13:26:50 Pilot control + Computer
29/03/2022 13:26:50 Pilot control + Computer
29/03/2022 13:26:50 Pilot control + Computer
29/03/2022 13:26:50 Pilot control + Computer
29/03/2022 13:26:51 Pilot control + Computer
29/03/2022 13:26:51 Pilot control + Computer
29/03/2022 13:26:51 Pilot control + Computer
29/03/2022 13:26:51 Pilot control + Computer
29/03/2022 13:26:51 Pilot control + Computer
29/03/2022 13:26:51 Pilot control + Computer
29/03/2022 13:26:51 Pilot control + Computer
29/03/2022 13:26:51 Pilot control + Computer
29/03/2022 13:26:51 Pilot control + Computer
29/03/2022 13:26:52 Pilot control + Computer
29/03/2022 13:26:52 Pilot control + Computer
29/03/2022 13:26:52 Pilot control + Computer
29/03/2022 13:26:52 Pilot control + Computer
29/03/2022 13:26:52 Pilot control + Computer
29/03/2022 13:26:52 Pilot control + Computer
29/03/2022 13:26:52 Pilot control + Computer
29/03/2022 13:26:53 Pilot control + Computer
29/03/2022 13:26:53 Pilot control + Computer
29/03/2022 13:26:53 Pilot control + Computer
29/03/2022 13:26:53 Pilot control + Computer
29/03/2022 13:26:53 Pilot control + Computer
29/03/2022 13:26:53 Pilot control + Computer
29/03/2022 13:26:53 Pilot control + Computer
29/03/2022 13:26:53 Pilot control + Computer
29/03/2022 13:26:54 Pilot control + Computer
29/03/2022 13:26:54 Pilot control + Computer
29/03/2022 13:26:54 Pilot control + Computer
29/03/2022 13:26:54 Pilot control + Computer
29/03/2022 13:26:54 Pilot control + Computer
29/03/2022 13:26:54 Pilot control + Computer
29/03/2022 13:26:54 Pilot control + Computer
29/03/2022 13:26:54 Pilot control + Computer
29/03/2022 13:26:54 Pilot control + Computer
29/03/2022 13:26:54 Pilot control + Computer
29/03/2022 13:26:55 Pilot control + Computer
29/03/2022 13:26:55 Pilot control + Computer
29/03/2022 13:26:55 Pilot control + Computer
29/03/2022 13:26:55 Pilot control + Computer
29/03/2022 13:26:55 Pilot control + Computer
29/03/2022 13:26:55 Pilot control + Computer
29/03/2022 13:26:55 Pilot control + Computer
29/03/2022 13:26:55 Pilot control + Computer
29/03/2022 13:26:55 Pilot control + Computer
29/03/2022 13:26:55 Pilot control + Computer
29/03/2022 13:26:56 Pilot control + Computer
29/03/2022 13:26:56 Pilot control + Computer
29/03/2022 13:26:56 Pilot control + Computer
29/03/2022 13:26:56 Pilot control + Computer
29/03/2022 13:26:56 Pilot control + Computer
29/03/2022 13:26:56 Pilot control + Computer
29/03/2022 13:26:56 Pilot control + Computer
29/03/2022 13:26:56 Pilot control + Computer
29/03/2022 13:26:57 Pilot control + Computer
29/03/2022 13:26:57 Pilot control + Computer
29/03/2022 13:26:57 Pilot control + Computer
29/03/2022 13:26:57 Pilot control + Computer
29/03/2022 13:26:57 Pilot control + Computer
29/03/2022 13:26:58 Pilot control + Computer
29/03/2022 13:26:58 Pilot control + Computer
29/03/2022 13:26:58 Pilot control + Computer
29/03/2022 13:26:58 Pilot control + Computer
29/03/2022 13:26:58 Pilot control + Computer
29/03/2022 13:26:58 Pilot control + Computer
29/03/2022 13:26:59 Pilot control + Computer
29/03/2022 13:26:59 Pilot control + Computer
29/03/2022 13:26:59 Pilot control + Computer
29/03/2022 13:26:59 Pilot control + Computer
29/03/2022 13:26:59 Pilot control + Computer
29/03/2022 13:27:00 Pilot control + Computer
29/03/2022 13:27:00 Pilot control + Computer
29/03/2022 13:27:00 Pilot control + Computer
29/03/2022 13:27:00 Pilot control + Computer
29/03/2022 13:27:01 Pilot control + Computer
29/03/2022 13:27:01 Pilot control + Computer
29/03/2022 13:27:01 Pilot control + Computer
29/03/2022 13:27:01 Pilot control + Computer
29/03/2022 13:27:01 Pilot control + Computer
29/03/2022 13:27:01 Pilot control + Computer
29/03/2022 13:27:02 Pilot control + Computer
29/03/2022 13:27:02 Pilot control + Computer
29/03/2022 13:27:02 Pilot control + Computer
29/03/2022 13:27:02 Pilot control + Computer
29/03/2022 13:27:02 Pilot control + Computer
29/03/2022 13:27:02 Pilot control + Computer
29/03/2022 13:27:03 Pilot control + Computer
29/03/2022 13:27:03 Pilot control + Computer
29/03/2022 13:27:03 Pilot control + Computer
29/03/2022 13:27:03 Pilot control + Computer
29/03/2022 13:27:03 Pilot control + Computer
29/03/2022 13:27:03 Pilot control + Computer
29/03/2022 13:27:03 Pilot control + Computer
29/03/2022 13:27:03 Pilot control + Computer
29/03/2022 13:27:03 Pilot control + Computer
29/03/2022 13:27:03 Pilot control + Computer
29/03/2022 13:27:04 Pilot control + Computer
29/03/2022 13:27:04 Pilot control + Computer
29/03/2022 13:27:04 Pilot control + Computer
29/03/2022 13:27:04 Pilot control + Computer
29/03/2022 13:27:04 Pilot control + Computer
29/03/2022 13:27:04 Pilot control + Computer
29/03/2022 13:27:04 Pilot control + Computer
29/03/2022 13:27:05 Pilot control + Computer
29/03/2022 13:27:05 Pilot control + Computer
29/03/2022 13:27:05 Pilot control + Computer
29/03/2022 13:27:05 Pilot control + Computer
29/03/2022 13:27:05 Pilot control + Computer
29/03/2022 13:27:05 Pilot control + Computer
29/03/2022 13:27:05 Pilot control + Computer
29/03/2022 13:27:05 Pilot control + Computer
29/03/2022 13:27:05 Pilot control + Computer
29/03/2022 13:27:06 Pilot control + Computer
29/03/2022 13:27:06 Pilot control + Computer
29/03/2022 13:27:06 Pilot control + Computer
29/03/2022 13:27:06 Pilot control + Computer
29/03/2022 13:27:06 Pilot control + Computer
29/03/2022 13:27:06 Pilot control + Computer
29/03/2022 13:27:07 Pilot control + Computer
29/03/2022 13:27:07 Pilot control + Computer
29/03/2022 13:27:07 Pilot control + Computer
29/03/2022 13:27:07 Pilot control + Computer
29/03/2022 13:27:07 Pilot control + Computer
29/03/2022 13:27:08 Pilot control + Computer
29/03/2022 13:27:08 Pilot control + Computer
29/03/2022 13:27:08 Pilot control + Computer
29/03/2022 13:27:08 Pilot control + Computer
29/03/2022 13:27:08 Pilot control + Computer
29/03/2022 13:27:08 Pilot control + Computer
29/03/2022 13:27:08 Pilot control + Computer
29/03/2022 13:27:09 Pilot control + Computer
29/03/2022 13:27:09 Pilot control + Computer
29/03/2022 13:27:09 Pilot control + Computer
29/03/2022 13:27:09 Pilot control + Computer
29/03/2022 13:27:09 Pilot control + Computer
29/03/2022 13:27:09 Pilot control + Computer
29/03/2022 13:27:09 Pilot control + Computer
29/03/2022 13:27:10 Pilot control + Computer
29/03/2022 13:27:10 Pilot control + Computer
29/03/2022 13:27:10 Pilot control + Computer
29/03/2022 13:27:10 Pilot control + Computer
29/03/2022 13:27:10 Pilot control + Computer
29/03/2022 13:27:10 Pilot control + Computer
29/03/2022 13:27:11 Pilot control + Computer
29/03/2022 13:27:11 Pilot control + Computer
29/03/2022 13:27:11 Pilot control + Computer
29/03/2022 13:27:11 Pilot control + Computer
29/03/2022 13:27:11 Pilot control + Computer
29/03/2022 13:27:11 Pilot control + Computer
29/03/2022 13:27:11 Pilot control + Computer
29/03/2022 13:27:12 Pilot control + Computer
29/03/2022 13:27:12 Pilot control + Computer
29/03/2022 13:27:12 Pilot control + Computer
29/03/2022 13:27:12 Pilot control + Computer
29/03/2022 13:27:13 Pilot control + Computer
29/03/2022 13:27:13 Pilot control + Computer
29/03/2022 13:27:13 Pilot control + Computer
29/03/2022 13:27:13 Pilot control + Computer
29/03/2022 13:27:13 Pilot control + Computer
29/03/2022 13:27:13 Pilot control + Computer
29/03/2022 13:27:14 Pilot control + Computer
29/03/2022 13:27:14 Pilot control + Computer
29/03/2022 13:27:14 Pilot control + Computer
29/03/2022 13:27:14 Pilot control + Computer
29/03/2022 13:27:14 Pilot control + Computer
29/03/2022 13:27:14 Pilot control + Computer
29/03/2022 13:27:15 Pilot control + Computer
29/03/2022 13:27:15 Pilot control + Computer
29/03/2022 13:27:15 Pilot control + Computer
29/03/2022 13:27:15 Pilot control + Computer
29/03/2022 13:27:15 Pilot control + Computer
29/03/2022 13:27:15 Pilot control + Computer
29/03/2022 13:27:16 Pilot control + Computer
29/03/2022 13:27:16 Pilot control + Computer
29/03/2022 13:27:16 Pilot control + Computer
29/03/2022 13:27:16 Pilot control + Computer
29/03/2022 13:27:16 Pilot control + Computer
29/03/2022 13:27:16 Pilot control + Computer
29/03/2022 13:27:17 Pilot control + Computer
29/03/2022 13:27:17 Pilot control + Computer
29/03/2022 13:27:17 Pilot control + Computer
29/03/2022 13:27:17 Pilot control + Computer
29/03/2022 13:27:17 Pilot control + Computer
29/03/2022 13:27:17 Pilot control + Computer
29/03/2022 13:27:17 Pilot control + Computer
29/03/2022 13:27:18 Pilot control + Computer
29/03/2022 13:27:18 Pilot control + Computer
29/03/2022 13:27:18 Pilot control + Computer
29/03/2022 13:27:18 Pilot control + Computer
29/03/2022 13:27:18 Pilot control + Computer
29/03/2022 13:27:18 Pilot control + Computer
29/03/2022 13:27:19 Pilot control + Computer
29/03/2022 13:27:19 Pilot control + Computer
29/03/2022 13:27:19 Pilot control + Computer
29/03/2022 13:27:19 Pilot control + Computer
29/03/2022 13:27:19 Pilot control + Computer
29/03/2022 13:27:19 Pilot control + Computer
29/03/2022 13:27:19 Pilot control + Computer
29/03/2022 13:27:20 Pilot control + Computer
29/03/2022 13:27:20 Pilot control + Computer
29/03/2022 13:27:20 Pilot control + Computer
29/03/2022 13:27:20 Pilot control + Computer
29/03/2022 13:27:20 Pilot control + Computer
29/03/2022 13:27:20 Pilot control + Computer
29/03/2022 13:27:20 Pilot control + Computer
29/03/2022 13:27:21 Pilot control + Computer
29/03/2022 13:27:21 Pilot control + Computer
29/03/2022 13:27:21 Pilot control + Computer
29/03/2022 13:27:21 Pilot control + Computer
29/03/2022 13:27:21 Pilot control + Computer
29/03/2022 13:27:21 Pilot control + Computer
29/03/2022 13:27:22 Pilot control + Computer
29/03/2022 13:27:22 Pilot control + Computer
29/03/2022 13:27:22 Pilot control + Computer
29/03/2022 13:27:22 Pilot control + Computer
29/03/2022 13:27:22 Pilot control + Computer
29/03/2022 13:27:22 Pilot control + Computer
29/03/2022 13:27:23 Pilot control + Computer
29/03/2022 13:27:23 Pilot control + Computer
29/03/2022 13:27:23 Pilot control + Computer
29/03/2022 13:27:23 Pilot control + Computer
29/03/2022 13:27:23 Pilot control + Computer
29/03/2022 13:27:23 Pilot control + Computer
29/03/2022 13:27:23 Pilot control + Computer
29/03/2022 13:27:24 Pilot control + Computer
29/03/2022 13:27:24 Pilot control + Computer
29/03/2022 13:27:24 Pilot control + Computer
29/03/2022 13:27:24 Pilot control + Computer
29/03/2022 13:27:24 Pilot control + Computer
29/03/2022 13:27:25 Pilot control + Computer
29/03/2022 13:27:25 Pilot control + Computer
29/03/2022 13:27:25 Pilot control + Computer
29/03/2022 13:27:25 Pilot control + Computer
29/03/2022 13:27:25 Pilot control + Computer
29/03/2022 13:27:25 Pilot control + Computer
29/03/2022 13:27:26 Pilot control + Computer
29/03/2022 13:27:26 Pilot control + Computer
29/03/2022 13:27:26 Pilot control + Computer
29/03/2022 13:27:26 Pilot control + Computer
29/03/2022 13:27:27 Pilot control + Computer
29/03/2022 13:27:27 Pilot control + Computer
29/03/2022 13:27:27 Pilot control + Computer
29/03/2022 13:27:27 Pilot control + Computer
29/03/2022 13:27:27 Pilot control + Computer
29/03/2022 13:27:27 Pilot control + Computer
29/03/2022 13:27:28 Pilot control + Computer
29/03/2022 13:27:28 Pilot control + Computer
29/03/2022 13:27:28 Pilot control + Computer
29/03/2022 13:27:28 Pilot control + Computer
29/03/2022 13:27:28 Pilot control + Computer
29/03/2022 13:27:29 Pilot control + Computer
29/03/2022 13:27:29 Pilot control + Computer
29/03/2022 13:27:29 Pilot control + Computer
29/03/2022 13:27:29 Pilot control + Computer
29/03/2022 13:27:29 Pilot control + Computer
29/03/2022 13:27:30 Pilot control + Computer
29/03/2022 13:27:30 Pilot control + Computer
29/03/2022 13:27:30 Pilot control + Computer
29/03/2022 13:27:30 Pilot control + Computer
29/03/2022 13:27:30 Pilot control + Computer
29/03/2022 13:27:30 Pilot control + Computer
29/03/2022 13:27:30 Pilot control + Computer
29/03/2022 13:27:31 Pilot control + Computer
29/03/2022 13:27:31 Pilot control + Computer
29/03/2022 13:27:31 Pilot control + Computer
29/03/2022 13:27:31 Pilot control + Computer
29/03/2022 13:27:31 Pilot control + Computer
29/03/2022 13:27:31 Pilot control + Computer
29/03/2022 13:27:32 Pilot control + Computer
29/03/2022 13:27:32 Pilot control + Computer
29/03/2022 13:27:32 Pilot control + Computer
29/03/2022 13:27:32 Pilot control + Computer
29/03/2022 13:27:32 Pilot control + Computer
29/03/2022 13:27:32 Pilot control + Computer
29/03/2022 13:27:33 Pilot control + Computer
29/03/2022 13:27:33 Pilot control + Computer
29/03/2022 13:27:33 Pilot control + Computer
29/03/2022 13:27:33 Pilot control + Computer
29/03/2022 13:27:33 Pilot control + Computer
29/03/2022 13:27:33 Pilot control + Computer
29/03/2022 13:27:33 Pilot control + Computer
29/03/2022 13:27:34 Pilot control + Computer
29/03/2022 13:27:34 Pilot control + Computer
29/03/2022 13:27:34 Pilot control + Computer
29/03/2022 13:27:34 Pilot control + Computer
29/03/2022 13:27:34 Pilot control + Computer
29/03/2022 13:27:34 Pilot control + Computer
29/03/2022 13:27:35 Pilot control + Computer
29/03/2022 13:27:35 Pilot control + Computer
29/03/2022 13:27:35 Pilot control + Computer
29/03/2022 13:27:35 Pilot control + Computer
29/03/2022 13:27:35 Pilot control + Computer
29/03/2022 13:27:35 Pilot control + Computer
29/03/2022 13:27:36 Pilot control + Computer
29/03/2022 13:27:36 Pilot control + Computer
29/03/2022 13:27:36 Pilot control + Computer
29/03/2022 13:27:36 Pilot control + Computer
29/03/2022 13:27:36 Pilot control + Computer
29/03/2022 13:27:36 Pilot control + Computer
29/03/2022 13:27:36 Pilot control + Computer
29/03/2022 13:27:36 Pilot control + Computer
29/03/2022 13:27:36 Pilot control + Computer
29/03/2022 13:27:37 Pilot control + Computer
29/03/2022 13:27:37 Pilot control + Computer
29/03/2022 13:27:37 Pilot control + Computer
29/03/2022 13:27:37 Pilot control + Computer
29/03/2022 13:27:37 Pilot control + Computer
29/03/2022 13:27:37 Pilot control + Computer
29/03/2022 13:27:37 Pilot control + Computer
29/03/2022 13:27:37 Pilot control + Computer
29/03/2022 13:27:38 Pilot control + Computer
29/03/2022 13:27:38 Pilot control + Computer
29/03/2022 13:27:38 Pilot control + Computer
29/03/2022 13:27:38 Pilot control + Computer
29/03/2022 13:27:38 Pilot control + Computer
29/03/2022 13:27:38 Pilot control + Computer
29/03/2022 13:27:38 Pilot control + Computer
29/03/2022 13:27:38 Pilot control + Computer
29/03/2022 13:27:38 Pilot control + Computer
29/03/2022 13:27:39 Pilot control + Computer
29/03/2022 13:27:39 Pilot control + Computer
29/03/2022 13:27:39 Pilot control + Computer
29/03/2022 13:27:39 Pilot control + Computer
29/03/2022 13:27:39 Pilot control + Computer
29/03/2022 13:27:39 Pilot control + Computer
29/03/2022 13:27:39 Pilot control + Computer
29/03/2022 13:27:39 Pilot control + Computer
29/03/2022 13:27:39 Pilot control + Computer
29/03/2022 13:27:40 Pilot control + Computer
29/03/2022 13:27:40 Pilot control + Computer
29/03/2022 13:27:40 Pilot control + Computer
29/03/2022 13:27:40 Pilot control + Computer
29/03/2022 13:27:40 Pilot control + Computer
29/03/2022 13:27:40 Pilot control + Computer
29/03/2022 13:27:40 Pilot control + Computer
29/03/2022 13:27:41 Pilot control + Computer
29/03/2022 13:27:41 Throttle armed
29/03/2022 13:27:41 Pilot control + Computer
29/03/2022 13:27:41 Pilot control + Computer
29/03/2022 13:27:41 Pilot control + Computer
29/03/2022 13:27:41 Pilot control + Computer
29/03/2022 13:27:41 Pilot control + Computer
29/03/2022 13:27:41 Pilot control + Computer
29/03/2022 13:27:41 Pilot control + Computer
29/03/2022 13:27:41 Pilot control + Computer
29/03/2022 13:27:42 Pilot control + Computer
29/03/2022 13:27:42 Pilot control + Computer
29/03/2022 13:27:42 Pilot control + Computer
29/03/2022 13:27:42 Pilot control + Computer
29/03/2022 13:27:42 Pilot control + Computer
29/03/2022 13:27:42 Pilot control + Computer
29/03/2022 13:27:42 Pilot control + Computer
29/03/2022 13:27:43 Pilot control + Computer
29/03/2022 13:27:43 Pilot control + Computer
29/03/2022 13:27:43 Pilot control + Computer
29/03/2022 13:27:43 Pilot control + Computer
29/03/2022 13:27:43 Pilot control + Computer
29/03/2022 13:27:43 Pilot control + Computer
29/03/2022 13:27:43 Pilot control + Computer
29/03/2022 13:27:43 Pilot control + Computer
29/03/2022 13:27:44 Pilot control + Computer
29/03/2022 13:27:44 Pilot control + Computer
29/03/2022 13:27:44 Pilot control + Computer
29/03/2022 13:27:44 Pilot control + Computer
29/03/2022 13:27:44 Pilot control + Computer
29/03/2022 13:27:44 Pilot control + Computer
29/03/2022 13:27:44 Pilot control + Computer
29/03/2022 13:27:45 Pilot control + Computer
29/03/2022 13:27:45 Pilot control + Computer
29/03/2022 13:27:45 Pilot control + Computer
29/03/2022 13:27:45 Pilot control + Computer
29/03/2022 13:27:45 Pilot control + Computer
29/03/2022 13:27:45 Pilot control + Computer
29/03/2022 13:27:45 Pilot control + Computer
29/03/2022 13:27:45 Pilot control + Computer
29/03/2022 13:27:46 Pilot control + Computer
29/03/2022 13:27:46 Pilot control + Computer
29/03/2022 13:27:46 Pilot control + Computer
29/03/2022 13:27:46 Pilot control + Computer
29/03/2022 13:27:46 Pilot control + Computer
29/03/2022 13:27:46 Pilot control + Computer
29/03/2022 13:27:47 Pilot control + Computer
29/03/2022 13:27:47 Pilot control + Computer
29/03/2022 13:27:47 Pilot control + Computer
29/03/2022 13:27:47 Pilot control + Computer
29/03/2022 13:27:47 Pilot control + Computer
29/03/2022 13:27:47 Pilot control + Computer
29/03/2022 13:27:47 Pilot control + Computer
29/03/2022 13:27:48 Pilot control + Computer
29/03/2022 13:27:48 Pilot control + Computer
29/03/2022 13:27:48 Pilot control + Computer
29/03/2022 13:27:48 Pilot control + Computer
29/03/2022 13:27:49 Pilot control + Computer
29/03/2022 13:27:49 Pilot control + Computer
29/03/2022 13:27:49 Pilot control + Computer
29/03/2022 13:27:49 Pilot control + Computer
29/03/2022 13:27:49 Pilot control + Computer
29/03/2022 13:27:50 Pilot control + Computer
29/03/2022 13:27:50 Pilot control + Computer
29/03/2022 13:27:50 Pilot control + Computer
29/03/2022 13:27:50 Pilot control + Computer
29/03/2022 13:27:50 Pilot control + Computer
29/03/2022 13:27:50 Pilot control + Computer
29/03/2022 13:27:51 Pilot control + Computer
29/03/2022 13:27:51 Pilot control + Computer
29/03/2022 13:27:51 Pilot control + Computer
29/03/2022 13:27:51 Pilot control + Computer
29/03/2022 13:27:52 Pilot control + Computer
29/03/2022 13:27:52 Pilot control + Computer
29/03/2022 13:27:52 Pilot control + Computer
29/03/2022 13:27:52 Pilot control + Computer
29/03/2022 13:27:53 Pilot control + Computer
29/03/2022 13:27:53 Pilot control + Computer
29/03/2022 13:27:53 Pilot control + Computer
29/03/2022 13:27:53 Pilot control + Computer
29/03/2022 13:27:53 Pilot control + Computer
29/03/2022 13:27:53 Pilot control + Computer
29/03/2022 13:27:53 Pilot control + Computer
29/03/2022 13:27:53 Pilot control + Computer
29/03/2022 13:27:53 Pilot control + Computer
29/03/2022 13:27:54 Pilot control + Computer
29/03/2022 13:27:54 Pilot control + Computer
29/03/2022 13:27:54 Pilot control + Computer
29/03/2022 13:27:54 Pilot control + Computer
29/03/2022 13:27:54 Pilot control + Computer
29/03/2022 13:27:54 Pilot control + Computer
29/03/2022 13:27:54 Pilot control + Computer
29/03/2022 13:27:54 Pilot control + Computer
29/03/2022 13:27:54 Pilot control + Computer
29/03/2022 13:27:54 Pilot control + Computer
29/03/2022 13:27:55 Pilot control + Computer
29/03/2022 13:27:55 Pilot control + Computer
29/03/2022 13:27:55 Pilot control + Computer
29/03/2022 13:27:55 Pilot control + Computer
29/03/2022 13:27:55 Pilot control + Computer
29/03/2022 13:27:55 Pilot control + Computer
29/03/2022 13:27:55 Pilot control + Computer
29/03/2022 13:27:55 Pilot control + Computer
29/03/2022 13:27:56 Pilot control + Computer
29/03/2022 13:27:56 Pilot control + Computer
29/03/2022 13:27:56 Pilot control + Computer
29/03/2022 13:27:56 Pilot control + Computer
29/03/2022 13:27:56 Pilot control + Computer
29/03/2022 13:27:56 Pilot control + Computer
29/03/2022 13:27:56 Pilot control + Computer
29/03/2022 13:27:56 Pilot control + Computer
29/03/2022 13:27:57 Pilot control + Computer
29/03/2022 13:27:57 Pilot control + Computer
29/03/2022 13:27:57 Pilot control + Computer
29/03/2022 13:27:57 Pilot control + Computer
29/03/2022 13:27:57 Pilot control + Computer
29/03/2022 13:27:57 Pilot control + Computer
29/03/2022 13:27:57 Pilot control + Computer
29/03/2022 13:27:57 Pilot control + Computer
29/03/2022 13:27:57 Pilot control + Computer
29/03/2022 13:27:58 Pilot control + Computer
29/03/2022 13:27:58 Pilot control + Computer
29/03/2022 13:27:58 Pilot control + Computer
29/03/2022 13:27:58 Pilot control + Computer
29/03/2022 13:27:58 Pilot control + Computer
29/03/2022 13:27:58 Pilot control + Computer
29/03/2022 13:27:58 Pilot control + Computer
29/03/2022 13:27:58 Pilot control + Computer
29/03/2022 13:27:58 Pilot control + Computer
29/03/2022 13:27:58 Pilot control + Computer
29/03/2022 13:27:59 Pilot control + Computer
29/03/2022 13:27:59 Pilot control + Computer
29/03/2022 13:27:59 Pilot control + Computer
29/03/2022 13:27:59 Pilot control + Computer
29/03/2022 13:27:59 Pilot control + Computer
29/03/2022 13:27:59 Pilot control + Computer
29/03/2022 13:27:59 Pilot control + Computer
29/03/2022 13:27:59 Pilot control + Computer
29/03/2022 13:27:59 Pilot control + Computer
29/03/2022 13:27:59 Pilot control + Computer
29/03/2022 13:28:00 Pilot control + Computer
29/03/2022 13:28:00 Pilot control + Computer
29/03/2022 13:28:00 Pilot control + Computer
29/03/2022 13:28:00 Pilot control + Computer
29/03/2022 13:28:00 Pilot control + Computer
29/03/2022 13:28:00 Pilot control + Computer
29/03/2022 13:28:00 Pilot control + Computer
29/03/2022 13:28:00 Pilot control + Computer
29/03/2022 13:28:00 Pilot control + Computer
29/03/2022 13:28:01 Pilot control + Computer
29/03/2022 13:28:01 Pilot control + Computer
29/03/2022 13:28:01 Pilot control + Computer
29/03/2022 13:28:01 Pilot control + Computer
29/03/2022 13:28:01 Pilot control + Computer
29/03/2022 13:28:01 Pilot control + Computer
29/03/2022 13:28:01 Pilot control + Computer
29/03/2022 13:28:01 Pilot control + Computer
29/03/2022 13:28:01 Pilot control + Computer
29/03/2022 13:28:01 Pilot control + Computer
29/03/2022 13:28:02 Pilot control + Computer
29/03/2022 13:28:02 Pilot control + Computer
29/03/2022 13:28:02 Pilot control + Computer
29/03/2022 13:28:02 Pilot control + Computer
29/03/2022 13:28:02 Pilot control + Computer
29/03/2022 13:28:02 Pilot control + Computer
29/03/2022 13:28:02 Pilot control + Computer
29/03/2022 13:28:02 Pilot control + Computer
29/03/2022 13:28:02 Pilot control + Computer
29/03/2022 13:28:02 Pilot control + Computer
29/03/2022 13:28:02 Pilot control + Computer
29/03/2022 13:28:03 Pilot control + Computer
29/03/2022 13:28:03 Pilot control + Computer
29/03/2022 13:28:03 Pilot control + Computer
29/03/2022 13:28:03 Pilot control + Computer
29/03/2022 13:28:03 Pilot control + Computer
29/03/2022 13:28:03 Pilot control + Computer
29/03/2022 13:28:03 Pilot control + Computer
29/03/2022 13:28:03 Pilot control + Computer
29/03/2022 13:28:03 Pilot control + Computer
29/03/2022 13:28:03 Pilot control + Computer
29/03/2022 13:28:04 Pilot control + Computer
29/03/2022 13:28:04 Pilot control + Computer
29/03/2022 13:28:04 Pilot control + Computer
29/03/2022 13:28:04 Pilot control + Computer
29/03/2022 13:28:04 Pilot control + Computer
29/03/2022 13:28:04 Pilot control + Computer
29/03/2022 13:28:04 Pilot control + Computer
29/03/2022 13:28:04 Pilot control + Computer
29/03/2022 13:28:04 Pilot control + Computer
29/03/2022 13:28:04 Pilot control + Computer
29/03/2022 13:28:04 Pilot control + Computer
29/03/2022 13:28:05 Pilot control + Computer
29/03/2022 13:28:05 Pilot control + Computer
29/03/2022 13:28:05 Pilot control + Computer
29/03/2022 13:28:05 Pilot control + Computer
29/03/2022 13:28:05 Pilot control + Computer
29/03/2022 13:28:05 Pilot control + Computer
29/03/2022 13:28:05 Pilot control + Computer
29/03/2022 13:28:05 Pilot control + Computer
29/03/2022 13:28:05 Pilot control + Computer
29/03/2022 13:28:05 Pilot control + Computer
29/03/2022 13:28:06 Pilot control + Computer
29/03/2022 13:28:06 Pilot control + Computer
29/03/2022 13:28:06 Pilot control + Computer
29/03/2022 13:28:06 Pilot control + Computer
29/03/2022 13:28:06 Pilot control + Computer
29/03/2022 13:28:06 Pilot control + Computer
29/03/2022 13:28:06 Pilot control + Computer
29/03/2022 13:28:06 Pilot control + Computer
29/03/2022 13:28:06 Pilot control + Computer
29/03/2022 13:28:06 Pilot control + Computer
29/03/2022 13:28:07 Pilot control + Computer
29/03/2022 13:28:07 Pilot control + Computer
29/03/2022 13:28:07 Pilot control + Computer
29/03/2022 13:28:07 Pilot control + Computer
29/03/2022 13:28:07 Pilot control + Computer
29/03/2022 13:28:07 Pilot control + Computer
29/03/2022 13:28:07 Pilot control + Computer
29/03/2022 13:28:07 Pilot control + Computer
29/03/2022 13:28:07 Pilot control + Computer
29/03/2022 13:28:07 Pilot control + Computer
29/03/2022 13:28:08 Pilot control + Computer
29/03/2022 13:28:08 Pilot control + Computer
29/03/2022 13:28:08 Pilot control + Computer
29/03/2022 13:28:08 Pilot control + Computer
29/03/2022 13:28:08 Pilot control + Computer
29/03/2022 13:28:08 Pilot control + Computer
29/03/2022 13:28:08 Pilot control + Computer
29/03/2022 13:28:08 Pilot control + Computer
29/03/2022 13:28:08 Pilot control + Computer
29/03/2022 13:28:09 Pilot control + Computer
29/03/2022 13:28:09 Pilot control + Computer
29/03/2022 13:28:09 Pilot control + Computer
29/03/2022 13:28:09 Pilot control + Computer
29/03/2022 13:28:09 Pilot control + Computer
29/03/2022 13:28:09 Pilot control + Computer
29/03/2022 13:28:09 Pilot control + Computer
29/03/2022 13:28:09 Pilot control + Computer
29/03/2022 13:28:09 Pilot control + Computer
29/03/2022 13:28:10 Pilot control + Computer
29/03/2022 13:28:10 Pilot control + Computer
29/03/2022 13:28:10 Pilot control + Computer
29/03/2022 13:28:10 Pilot control + Computer
29/03/2022 13:28:10 Pilot control + Computer
29/03/2022 13:28:10 Pilot control + Computer
29/03/2022 13:28:10 Pilot control + Computer
29/03/2022 13:28:10 Pilot control + Computer
29/03/2022 13:28:10 Pilot control + Computer
29/03/2022 13:28:11 Pilot control + Computer
29/03/2022 13:28:11 Pilot control + Computer
29/03/2022 13:28:11 Pilot control + Computer
29/03/2022 13:28:11 Pilot control + Computer
29/03/2022 13:28:11 Pilot control + Computer
29/03/2022 13:28:11 Pilot control + Computer
29/03/2022 13:28:11 Pilot control + Computer
29/03/2022 13:28:11 Pilot control + Computer
29/03/2022 13:28:11 Pilot control + Computer
29/03/2022 13:28:12 Pilot control + Computer
29/03/2022 13:28:12 Pilot control + Computer
29/03/2022 13:28:12 Pilot control + Computer
29/03/2022 13:28:12 Pilot control + Computer
29/03/2022 13:28:12 Pilot control + Computer
29/03/2022 13:28:12 Pilot control + Computer
29/03/2022 13:28:12 Pilot control + Computer
29/03/2022 13:28:12 Pilot control + Computer
29/03/2022 13:28:13 Check adjust elevator condition
29/03/2022 13:28:13 Tarjectory angle: 38.38739148180064
29/03/2022 13:28:13 adjust MAX elevator angle
29/03/2022 13:28:13 Pilot control + Computer
29/03/2022 13:28:13 Check adjust elevator condition
29/03/2022 13:28:13 Tarjectory angle: 30.895958722711615
29/03/2022 13:28:13 adjust elevator angle to: -20 deg
29/03/2022 13:28:13 Pilot control + Computer
29/03/2022 13:28:14 Pilot control + Computer
29/03/2022 13:28:14 Pilot control + Computer
29/03/2022 13:28:14 Pilot control + Computer
29/03/2022 13:28:14 Pilot control + Computer
29/03/2022 13:28:14 Pilot control + Computer
29/03/2022 13:28:15 Pilot control + Computer
29/03/2022 13:28:15 Pilot control + Computer
29/03/2022 13:28:15 Pilot control + Computer
29/03/2022 13:28:15 Pilot control + Computer
29/03/2022 13:28:15 Pilot control + Computer
29/03/2022 13:28:15 Pilot control + Computer
29/03/2022 13:28:16 Pilot control + Computer
29/03/2022 13:28:16 Pilot control + Computer
29/03/2022 13:28:16 Pilot control + Computer
29/03/2022 13:28:16 Pilot control + Computer
29/03/2022 13:28:16 Pilot control + Computer
29/03/2022 13:28:16 Pilot control + Computer
29/03/2022 13:28:16 Pilot control + Computer
29/03/2022 13:28:16 Pilot control + Computer
29/03/2022 13:28:16 Pilot control + Computer
29/03/2022 13:28:17 Pilot control + Computer
29/03/2022 13:28:17 Pilot control + Computer
29/03/2022 13:28:17 Pilot control + Computer
29/03/2022 13:28:17 Pilot control + Computer
29/03/2022 13:28:17 Pilot control + Computer
29/03/2022 13:28:18 Pilot control + Computer
29/03/2022 13:28:18 Pilot control + Computer
29/03/2022 13:28:18 Pilot control + Computer
29/03/2022 13:28:18 Pilot control + Computer
29/03/2022 13:28:18 Pilot control + Computer
29/03/2022 13:28:19 Pilot control + Computer
29/03/2022 13:28:19 Pilot control + Computer
29/03/2022 13:28:19 Pilot control + Computer
29/03/2022 13:28:19 Pilot control + Computer
29/03/2022 13:28:19 Pilot control + Computer
29/03/2022 13:28:19 Pilot control + Computer
29/03/2022 13:28:19 Pilot control + Computer
29/03/2022 13:28:19 Pilot control + Computer
29/03/2022 13:28:20 Pilot control + Computer
29/03/2022 13:28:20 Pilot control + Computer
29/03/2022 13:28:20 Pilot control + Computer
29/03/2022 13:28:20 Pilot control + Computer
29/03/2022 13:28:20 Pilot control + Computer
29/03/2022 13:28:20 Pilot control + Computer
29/03/2022 13:28:21 Pilot control + Computer
29/03/2022 13:28:21 Throttle disarmed
29/03/2022 13:28:21 Pilot control + Computer
29/03/2022 13:28:21 Pilot control + Computer
29/03/2022 13:28:21 Pilot control + Computer
29/03/2022 13:28:21 Pilot control + Computer
29/03/2022 13:28:21 Pilot control + Computer
29/03/2022 13:28:21 Pilot control + Computer
29/03/2022 13:28:21 Pilot control + Computer
29/03/2022 13:28:21 Pilot control + Computer
29/03/2022 13:28:22 Pilot control + Computer
29/03/2022 13:28:22 Pilot control + Computer
29/03/2022 13:28:22 Pilot control + Computer
29/03/2022 13:28:22 Pilot control + Computer
29/03/2022 13:28:22 Pilot control + Computer
29/03/2022 13:28:22 Pilot control + Computer
29/03/2022 13:28:22 Pilot control + Computer
29/03/2022 13:28:22 Pilot control + Computer
29/03/2022 13:28:23 Pilot control + Computer
29/03/2022 13:28:23 Pilot control + Computer
29/03/2022 13:28:23 Pilot control + Computer
29/03/2022 13:28:23 Pilot control + Computer
29/03/2022 13:28:23 Pilot control + Computer
29/03/2022 13:28:23 Pilot control + Computer
29/03/2022 13:28:24 Pilot control + Computer
29/03/2022 13:28:24 Pilot control + Computer
29/03/2022 13:28:24 Pilot control + Computer
29/03/2022 13:28:24 Pilot control + Computer
29/03/2022 13:28:24 Pilot control + Computer
29/03/2022 13:28:24 Pilot control + Computer
29/03/2022 13:28:24 Pilot control + Computer
29/03/2022 13:28:25 Pilot control + Computer
29/03/2022 13:28:25 Pilot control + Computer
29/03/2022 13:28:25 Pilot control + Computer
29/03/2022 13:28:25 Pilot control + Computer
29/03/2022 13:28:25 Pilot control + Computer
29/03/2022 13:28:26 Pilot control + Computer
29/03/2022 13:28:26 Pilot control + Computer
29/03/2022 13:28:26 Pilot control + Computer
29/03/2022 13:28:26 Pilot control + Computer
29/03/2022 13:28:26 Pilot control + Computer
29/03/2022 13:28:26 Pilot control + Computer
29/03/2022 13:28:26 Pilot control + Computer
29/03/2022 13:28:26 Pilot control + Computer
29/03/2022 13:28:27 Pilot control + Computer
29/03/2022 13:28:27 Pilot control + Computer
29/03/2022 13:28:27 Pilot control + Computer
29/03/2022 13:28:27 Pilot control + Computer
29/03/2022 13:28:27 Pilot control + Computer
29/03/2022 13:28:27 Pilot control + Computer
29/03/2022 13:28:27 Pilot control + Computer
29/03/2022 13:28:27 Pilot control + Computer
29/03/2022 13:28:28 Pilot control + Computer
29/03/2022 13:28:28 Pilot control + Computer
29/03/2022 13:28:28 Pilot control + Computer
29/03/2022 13:28:28 Pilot control + Computer
29/03/2022 13:28:28 Pilot control + Computer
29/03/2022 13:28:28 Pilot control + Computer
29/03/2022 13:28:29 Pilot control + Computer
29/03/2022 13:28:29 Pilot control + Computer
29/03/2022 13:28:29 Pilot control + Computer
29/03/2022 13:28:29 Pilot control + Computer
29/03/2022 13:28:29 Pilot control + Computer
29/03/2022 13:28:30 Pilot control + Computer
29/03/2022 13:28:30 Pilot control + Computer
29/03/2022 13:28:30 Pilot control + Computer
29/03/2022 13:28:30 Pilot control + Computer
29/03/2022 13:28:30 Pilot control + Computer
29/03/2022 13:28:30 Pilot control + Computer
29/03/2022 13:28:31 Pilot control + Computer
29/03/2022 13:28:31 Pilot control + Computer
29/03/2022 13:28:31 Pilot control + Computer
29/03/2022 13:28:31 Pilot control + Computer
29/03/2022 13:28:31 Pilot control + Computer
29/03/2022 13:28:31 Pilot control + Computer
29/03/2022 13:28:31 Pilot control + Computer
29/03/2022 13:28:31 Pilot control + Computer
29/03/2022 13:28:31 Pilot control + Computer
29/03/2022 13:28:31 Pilot control + Computer
29/03/2022 13:28:32 Pilot control + Computer
29/03/2022 13:28:32 Pilot control + Computer
29/03/2022 13:28:32 Pilot control + Computer
29/03/2022 13:28:32 Pilot control + Computer
29/03/2022 13:28:33 Pilot control + Computer
29/03/2022 13:28:33 Pilot control + Computer
29/03/2022 13:28:33 Pilot control + Computer
29/03/2022 13:28:33 Pilot control + Computer
29/03/2022 13:28:33 Pilot control + Computer
29/03/2022 13:28:33 Pilot control + Computer
29/03/2022 13:28:33 Pilot control + Computer
29/03/2022 13:28:33 Pilot control + Computer
29/03/2022 13:28:33 Pilot control + Computer
29/03/2022 13:28:33 Pilot control + Computer
29/03/2022 13:28:34 Pilot control + Computer
29/03/2022 13:28:34 Pilot control + Computer
29/03/2022 13:28:34 Pilot control + Computer
29/03/2022 13:28:34 Pilot control + Computer
29/03/2022 13:28:34 Pilot control + Computer
29/03/2022 13:28:34 Pilot control + Computer
29/03/2022 13:28:34 Pilot control + Computer
29/03/2022 13:28:34 Pilot control + Computer
29/03/2022 13:28:34 Pilot control + Computer
29/03/2022 13:28:34 Pilot control + Computer
29/03/2022 13:28:34 Pilot control + Computer
29/03/2022 13:28:35 Pilot control + Computer
29/03/2022 13:28:35 Pilot control + Computer
29/03/2022 13:28:35 Pilot control + Computer
29/03/2022 13:28:35 Pilot control + Computer
29/03/2022 13:28:35 Pilot control + Computer
29/03/2022 13:28:35 Pilot control + Computer
29/03/2022 13:28:35 Pilot control + Computer
29/03/2022 13:28:35 Pilot control + Computer
29/03/2022 13:28:36 Pilot control + Computer
29/03/2022 13:28:36 Pilot control + Computer
29/03/2022 13:28:36 Pilot control + Computer
29/03/2022 13:28:36 Pilot control + Computer
29/03/2022 13:28:37 Pilot control + Computer
29/03/2022 13:28:37 Pilot control + Computer
29/03/2022 13:28:37 Pilot control + Computer
29/03/2022 13:28:37 Pilot control + Computer
29/03/2022 13:28:37 Pilot control + Computer
29/03/2022 13:28:37 Pilot control + Computer
29/03/2022 13:28:38 Pilot control + Computer
29/03/2022 13:28:38 Pilot control + Computer
29/03/2022 13:28:38 Pilot control + Computer
29/03/2022 13:28:38 Pilot control + Computer
29/03/2022 13:28:38 Pilot control + Computer
29/03/2022 13:28:38 Pilot control + Computer
29/03/2022 13:28:38 Pilot control + Computer
29/03/2022 13:28:38 Pilot control + Computer
29/03/2022 13:28:38 Pilot control + Computer
29/03/2022 13:28:39 Pilot control + Computer
29/03/2022 13:28:39 Pilot control + Computer
29/03/2022 13:28:39 Pilot control + Computer
29/03/2022 13:28:39 Pilot control + Computer
29/03/2022 13:28:39 Pilot control + Computer
29/03/2022 13:28:39 Pilot control + Computer
29/03/2022 13:28:39 Pilot control + Computer
29/03/2022 13:28:39 Pilot control + Computer
29/03/2022 13:28:40 Pilot control + Computer
29/03/2022 13:28:40 Pilot control + Computer
29/03/2022 13:28:40 Pilot control + Computer
29/03/2022 13:28:40 Pilot control + Computer
29/03/2022 13:28:40 Pilot control + Computer
29/03/2022 13:28:40 Pilot control + Computer
29/03/2022 13:28:40 Pilot control + Computer
29/03/2022 13:28:41 Pilot control + Computer
29/03/2022 13:28:41 Pilot control + Computer
29/03/2022 13:28:41 Pilot control + Computer
29/03/2022 13:28:41 Pilot control + Computer
29/03/2022 13:28:41 Pilot control + Computer
29/03/2022 13:28:41 Pilot control + Computer
29/03/2022 13:28:42 Pilot control + Computer
29/03/2022 13:28:42 Pilot control + Computer
29/03/2022 13:28:42 Pilot control + Computer
29/03/2022 13:28:42 Pilot control + Computer
29/03/2022 13:28:42 Pilot control + Computer
29/03/2022 13:28:42 Pilot control + Computer
29/03/2022 13:28:43 Pilot control + Computer
29/03/2022 13:28:43 Pilot control + Computer
29/03/2022 13:28:43 Pilot control + Computer
29/03/2022 13:28:43 Pilot control + Computer
29/03/2022 13:28:43 Pilot control + Computer
29/03/2022 13:28:43 Pilot control + Computer
29/03/2022 13:28:44 Pilot control + Computer
29/03/2022 13:28:44 Pilot control + Computer
29/03/2022 13:28:44 Pilot control + Computer
29/03/2022 13:28:44 Pilot control + Computer
29/03/2022 13:28:44 Pilot control + Computer
29/03/2022 13:28:45 Pilot control + Computer
29/03/2022 13:28:45 Pilot control + Computer
29/03/2022 13:28:45 Pilot control + Computer
29/03/2022 13:28:45 Pilot control + Computer
29/03/2022 13:28:46 Pilot control + Computer
29/03/2022 13:28:46 Pilot control + Computer
29/03/2022 13:28:46 Pilot control + Computer
29/03/2022 13:28:47 Pilot control + Computer
29/03/2022 13:28:47 Pilot control + Computer
29/03/2022 13:28:47 Pilot control + Computer
29/03/2022 13:28:47 Pilot control + Computer
29/03/2022 13:28:48 Pilot control + Computer
29/03/2022 13:28:48 Pilot control + Computer
29/03/2022 13:28:49 Pilot control + Computer
29/03/2022 13:28:49 Pilot control + Computer
29/03/2022 13:28:49 Pilot control + Computer
29/03/2022 13:28:49 Pilot control + Computer
29/03/2022 13:28:49 Pilot control + Computer
29/03/2022 13:28:49 Pilot control + Computer
29/03/2022 13:28:49 Pilot control + Computer
29/03/2022 13:28:49 Pilot control + Computer
29/03/2022 13:28:50 Pilot control + Computer
29/03/2022 13:28:50 Pilot control + Computer
29/03/2022 13:28:50 Pilot control + Computer
29/03/2022 13:28:50 Pilot control + Computer
29/03/2022 13:28:50 Pilot control + Computer
29/03/2022 13:28:50 Pilot control + Computer
29/03/2022 13:28:50 Pilot control + Computer
29/03/2022 13:28:51 Pilot control + Computer
29/03/2022 13:28:51 Pilot control + Computer
29/03/2022 13:28:51 Pilot control + Computer
29/03/2022 13:28:51 Pilot control + Computer
29/03/2022 13:28:51 Pilot control + Computer
29/03/2022 13:28:51 Pilot control + Computer
29/03/2022 13:28:51 Pilot control + Computer
29/03/2022 13:28:52 Pilot control + Computer
29/03/2022 13:28:52 Pilot control + Computer
29/03/2022 13:28:52 Pilot control + Computer
29/03/2022 13:28:52 Pilot control + Computer
29/03/2022 13:28:52 Pilot control + Computer
29/03/2022 13:28:52 Pilot control + Computer
29/03/2022 13:28:53 Pilot control + Computer
29/03/2022 13:28:53 Pilot control + Computer
29/03/2022 13:28:53 Pilot control + Computer
29/03/2022 13:28:53 Pilot control + Computer
29/03/2022 13:28:53 Pilot control + Computer
29/03/2022 13:28:53 Pilot control + Computer
29/03/2022 13:28:53 Pilot control + Computer
29/03/2022 13:28:54 Pilot control + Computer
29/03/2022 13:28:54 Pilot control + Computer
29/03/2022 13:28:54 Pilot control + Computer
29/03/2022 13:28:54 Pilot control + Computer
29/03/2022 13:28:54 Pilot control + Computer
29/03/2022 13:28:54 Pilot control + Computer
29/03/2022 13:28:55 Pilot control + Computer
29/03/2022 13:28:55 Pilot control + Computer
29/03/2022 13:28:55 Pilot control + Computer
29/03/2022 13:28:55 Pilot control + Computer
29/03/2022 13:28:55 Pilot control + Computer
29/03/2022 13:28:55 Pilot control + Computer
29/03/2022 13:28:55 Pilot control + Computer
29/03/2022 13:28:56 Pilot control + Computer
29/03/2022 13:28:56 Pilot control + Computer
29/03/2022 13:28:56 Pilot control + Computer
29/03/2022 13:28:56 Pilot control + Computer
29/03/2022 13:28:56 Pilot control + Computer
29/03/2022 13:28:56 Pilot control + Computer
29/03/2022 13:28:57 Pilot control + Computer
29/03/2022 13:28:57 Pilot control + Computer
29/03/2022 13:28:57 Pilot control + Computer
29/03/2022 13:28:57 Pilot control + Computer
29/03/2022 13:28:58 Pilot control + Computer
29/03/2022 13:28:58 Pilot control + Computer
29/03/2022 13:28:58 Pilot control + Computer
29/03/2022 13:28:58 Pilot control + Computer
29/03/2022 13:28:59 Pilot control + Computer
29/03/2022 13:28:59 Pilot control + Computer
29/03/2022 13:28:59 Pilot control + Computer
29/03/2022 13:28:59 Pilot control + Computer
29/03/2022 13:29:00 Pilot control + Computer
29/03/2022 13:29:00 Pilot control + Computer
29/03/2022 13:29:00 Pilot control + Computer
29/03/2022 13:29:01 Pilot control + Computer
29/03/2022 13:29:01 Pilot control + Computer
29/03/2022 13:29:01 Pilot control + Computer
29/03/2022 13:29:01 Pilot control + Computer
29/03/2022 13:29:01 Pilot control + Computer
29/03/2022 13:29:01 Pilot control + Computer
29/03/2022 13:29:01 Pilot control + Computer
29/03/2022 13:29:01 Pilot control + Computer
29/03/2022 13:29:01 Pilot control + Computer
29/03/2022 13:29:02 Pilot control + Computer
29/03/2022 13:29:02 Pilot control + Computer
29/03/2022 13:29:02 Pilot control + Computer
29/03/2022 13:29:02 Pilot control + Computer
29/03/2022 13:29:02 Pilot control + Computer
29/03/2022 13:29:02 Pilot control + Computer
29/03/2022 13:29:03 Pilot control + Computer
29/03/2022 13:29:03 Pilot control + Computer
29/03/2022 13:29:03 Pilot control + Computer
29/03/2022 13:29:04 Pilot control + Computer
29/03/2022 13:29:04 Pilot control + Computer
29/03/2022 13:29:04 Pilot control + Computer
29/03/2022 13:29:04 Pilot control + Computer
29/03/2022 13:29:05 Pilot control + Computer
29/03/2022 13:29:05 Pilot control + Computer
29/03/2022 13:29:05 Pilot control + Computer
29/03/2022 13:29:05 Pilot control + Computer
29/03/2022 13:29:06 Pilot control + Computer
29/03/2022 13:29:06 Pilot control + Computer
29/03/2022 13:29:06 Pilot control + Computer
29/03/2022 13:29:06 Pilot control + Computer
29/03/2022 13:29:06 Pilot control + Computer
29/03/2022 13:29:06 Pilot control + Computer
29/03/2022 13:29:06 Pilot control + Computer
29/03/2022 13:29:06 Pilot control + Computer
29/03/2022 13:29:07 Pilot control + Computer
29/03/2022 13:29:07 Pilot control + Computer
29/03/2022 13:29:07 Pilot control + Computer
29/03/2022 13:29:07 Pilot control + Computer
29/03/2022 13:29:07 Pilot control + Computer
29/03/2022 13:29:07 Pilot control + Computer
29/03/2022 13:29:07 Pilot control + Computer
29/03/2022 13:29:07 Pilot control + Computer
29/03/2022 13:29:08 Pilot control + Computer
29/03/2022 13:29:08 Pilot control + Computer
29/03/2022 13:29:08 Pilot control + Computer
29/03/2022 13:29:08 Pilot control + Computer
29/03/2022 13:29:08 Pilot control + Computer
29/03/2022 13:29:08 Pilot control + Computer
29/03/2022 13:29:08 Pilot control + Computer
29/03/2022 13:29:08 Pilot control + Computer
29/03/2022 13:29:08 Pilot control + Computer
29/03/2022 13:29:09 Pilot control + Computer
29/03/2022 13:29:09 Pilot control + Computer
29/03/2022 13:29:09 Pilot control + Computer
29/03/2022 13:29:09 Pilot control + Computer
29/03/2022 13:29:09 Pilot control + Computer
29/03/2022 13:29:09 Pilot control + Computer
29/03/2022 13:29:09 Pilot control + Computer
29/03/2022 13:29:09 Pilot control + Computer
29/03/2022 13:29:09 Pilot control + Computer
29/03/2022 13:29:10 Pilot control + Computer
29/03/2022 13:29:10 Pilot control + Computer
29/03/2022 13:29:10 Pilot control + Computer
29/03/2022 13:29:10 Pilot control + Computer
29/03/2022 13:29:10 Pilot control + Computer
29/03/2022 13:29:10 Pilot control + Computer
29/03/2022 13:29:10 Pilot control + Computer
29/03/2022 13:29:10 Pilot control + Computer
29/03/2022 13:29:11 Pilot control + Computer
29/03/2022 13:29:11 Pilot control + Computer
29/03/2022 13:29:11 Pilot control + Computer
29/03/2022 13:29:11 Pilot control + Computer
29/03/2022 13:29:11 Pilot control + Computer
29/03/2022 13:29:11 Pilot control + Computer
29/03/2022 13:29:12 Pilot control + Computer
29/03/2022 13:29:12 Pilot control + Computer
29/03/2022 13:29:12 Pilot control + Computer
29/03/2022 13:29:12 Pilot control + Computer
29/03/2022 13:29:12 Pilot control + Computer
29/03/2022 13:29:12 Pilot control + Computer
29/03/2022 13:29:13 Pilot control + Computer
29/03/2022 13:29:13 Pilot control + Computer
29/03/2022 13:29:13 Pilot control + Computer
29/03/2022 13:29:13 Pilot control + Computer
29/03/2022 13:29:14 Pilot control + Computer
29/03/2022 13:29:14 Pilot control + Computer
29/03/2022 13:29:14 Pilot control + Computer
29/03/2022 13:29:14 Pilot control + Computer
29/03/2022 13:29:15 Pilot control + Computer
29/03/2022 13:29:15 Pilot control + Computer
29/03/2022 13:29:15 Pilot control + Computer
29/03/2022 13:29:15 Pilot control + Computer
29/03/2022 13:29:15 Pilot control + Computer
29/03/2022 13:29:15 Pilot control + Computer
29/03/2022 13:29:16 Pilot control + Computer
29/03/2022 13:29:16 Pilot control + Computer
29/03/2022 13:29:16 Pilot control + Computer
29/03/2022 13:29:16 Pilot control + Computer
29/03/2022 13:29:16 Pilot control + Computer
29/03/2022 13:29:16 Pilot control + Computer
29/03/2022 13:29:16 Pilot control + Computer
29/03/2022 13:29:16 Pilot control + Computer
29/03/2022 13:29:17 Pilot control + Computer
29/03/2022 13:29:17 Pilot control + Computer
29/03/2022 13:29:17 Pilot control + Computer
29/03/2022 13:29:17 Pilot control + Computer
29/03/2022 13:29:17 Pilot control + Computer
29/03/2022 13:29:17 Pilot control + Computer
29/03/2022 13:29:17 Pilot control + Computer
29/03/2022 13:29:18 Pilot control + Computer
29/03/2022 13:29:18 Pilot control + Computer
29/03/2022 13:29:18 Pilot control + Computer
29/03/2022 13:29:18 Pilot control + Computer
29/03/2022 13:29:18 Pilot control + Computer
29/03/2022 13:29:19 Pilot control + Computer
29/03/2022 13:29:19 Pilot control + Computer
29/03/2022 13:29:19 Pilot control + Computer
29/03/2022 13:29:19 Pilot control + Computer
29/03/2022 13:29:19 Pilot control + Computer
29/03/2022 13:29:20 Pilot control + Computer
29/03/2022 13:29:20 Pilot control + Computer
29/03/2022 13:29:20 Pilot control + Computer
29/03/2022 13:29:20 Pilot control + Computer
29/03/2022 13:29:20 Pilot control + Computer
29/03/2022 13:29:21 Pilot control + Computer
29/03/2022 13:29:21 Pilot control + Computer
29/03/2022 13:29:21 Pilot control + Computer
29/03/2022 13:29:21 Pilot control + Computer
29/03/2022 13:29:21 Pilot control + Computer
29/03/2022 13:29:21 Pilot control + Computer
29/03/2022 13:29:21 Pilot control + Computer
29/03/2022 13:29:21 Pilot control + Computer
29/03/2022 13:29:22 Pilot control + Computer
29/03/2022 13:29:22 Pilot control + Computer
29/03/2022 13:29:22 Pilot control + Computer
29/03/2022 13:29:22 Pilot control + Computer
29/03/2022 13:29:22 Pilot control + Computer
29/03/2022 13:29:22 Pilot control + Computer
29/03/2022 13:29:22 Pilot control + Computer
29/03/2022 13:29:23 Pilot control + Computer
29/03/2022 13:29:23 Pilot control + Computer
29/03/2022 13:29:24 Pilot control + Computer
29/03/2022 13:29:24 Pilot control + Computer
29/03/2022 13:29:24 Pilot control + Computer
29/03/2022 13:29:24 Pilot control + Computer
29/03/2022 13:29:24 Pilot control + Computer
29/03/2022 13:29:25 Pilot control + Computer
29/03/2022 13:29:25 Pilot control + Computer
29/03/2022 13:29:25 Pilot control + Computer
29/03/2022 13:29:25 Pilot control + Computer
29/03/2022 13:29:25 Pilot control + Computer
29/03/2022 13:29:26 Pilot control + Computer
29/03/2022 13:29:26 Pilot control + Computer
29/03/2022 13:29:26 Pilot control + Computer
29/03/2022 13:29:26 Pilot control + Computer
29/03/2022 13:29:26 Pilot control + Computer
29/03/2022 13:29:26 Pilot control + Computer
29/03/2022 13:29:26 Pilot control + Computer
29/03/2022 13:29:27 Pilot control + Computer
29/03/2022 13:29:27 Pilot control + Computer
29/03/2022 13:29:27 Pilot control + Computer
29/03/2022 13:29:27 Pilot control + Computer
29/03/2022 13:29:27 Pilot control + Computer
29/03/2022 13:29:27 Pilot control + Computer
29/03/2022 13:29:27 Pilot control + Computer
29/03/2022 13:29:28 Pilot control + Computer
29/03/2022 13:29:28 Pilot control + Computer
29/03/2022 13:29:28 Pilot control + Computer
29/03/2022 13:29:28 Pilot control + Computer
29/03/2022 13:29:28 Pilot control + Computer
29/03/2022 13:29:28 Pilot control + Computer
29/03/2022 13:29:28 Pilot control + Computer
29/03/2022 13:29:29 Pilot control + Computer
29/03/2022 13:29:29 Pilot control + Computer
29/03/2022 13:29:29 Pilot control + Computer
29/03/2022 13:29:29 Pilot control + Computer
29/03/2022 13:29:29 Pilot control + Computer
29/03/2022 13:29:29 Pilot control + Computer
29/03/2022 13:29:30 Pilot control + Computer
29/03/2022 13:29:30 Pilot control + Computer
29/03/2022 13:29:30 Pilot control + Computer
29/03/2022 13:29:30 Pilot control + Computer
29/03/2022 13:29:30 Pilot control + Computer
29/03/2022 13:29:31 Pilot control + Computer
29/03/2022 13:29:31 Pilot control + Computer
29/03/2022 13:29:31 Pilot control + Computer
29/03/2022 13:29:31 Pilot control + Computer
29/03/2022 13:29:31 Pilot control + Computer
29/03/2022 13:29:32 Pilot control + Computer
29/03/2022 13:29:32 Pilot control + Computer
29/03/2022 13:29:32 Pilot control + Computer
29/03/2022 13:29:32 Pilot control + Computer
29/03/2022 13:29:32 Pilot control + Computer
29/03/2022 13:29:32 Pilot control + Computer
29/03/2022 13:29:32 Pilot control + Computer
29/03/2022 13:29:32 Pilot control + Computer
29/03/2022 13:29:32 Pilot control + Computer
29/03/2022 13:29:33 Pilot control + Computer
29/03/2022 13:29:33 Pilot control + Computer
29/03/2022 13:29:33 Pilot control + Computer
29/03/2022 13:29:33 Pilot control + Computer
29/03/2022 13:29:33 Pilot control + Computer
29/03/2022 13:29:33 Pilot control + Computer
29/03/2022 13:29:33 Pilot control + Computer
29/03/2022 13:29:33 Pilot control + Computer
29/03/2022 13:29:34 Pilot control + Computer
29/03/2022 13:29:34 Pilot control + Computer
29/03/2022 13:29:34 Pilot control + Computer
29/03/2022 13:29:34 Pilot control + Computer
29/03/2022 13:29:34 Pilot control + Computer
29/03/2022 13:29:34 Pilot control + Computer
29/03/2022 13:29:34 Pilot control + Computer
29/03/2022 13:29:34 Pilot control + Computer
29/03/2022 13:29:34 Pilot control + Computer
29/03/2022 13:29:35 Pilot control + Computer
29/03/2022 13:29:35 Pilot control + Computer
29/03/2022 13:29:35 Pilot control + Computer
29/03/2022 13:29:35 Pilot control + Computer
29/03/2022 13:29:36 Pilot control + Computer
29/03/2022 13:29:36 Pilot control + Computer
29/03/2022 13:29:36 Pilot control + Computer
29/03/2022 13:29:36 Pilot control + Computer
29/03/2022 13:29:36 Pilot control + Computer
29/03/2022 13:29:36 Pilot control + Computer
29/03/2022 13:29:36 Pilot control + Computer
29/03/2022 13:29:37 Pilot control + Computer
29/03/2022 13:29:37 Pilot control + Computer
29/03/2022 13:29:37 Pilot control + Computer
29/03/2022 13:29:37 Pilot control + Computer
29/03/2022 13:29:37 Pilot control + Computer
29/03/2022 13:29:37 Pilot control + Computer
29/03/2022 13:29:37 Pilot control + Computer
29/03/2022 13:29:37 Pilot control + Computer
29/03/2022 13:29:37 Pilot control + Computer
29/03/2022 13:29:37 Pilot control + Computer
29/03/2022 13:29:38 Pilot control + Computer
29/03/2022 13:29:38 Pilot control + Computer
29/03/2022 13:29:38 Pilot control + Computer
29/03/2022 13:29:38 Pilot control + Computer
29/03/2022 13:29:38 Pilot control + Computer
29/03/2022 13:29:39 Pilot control + Computer
29/03/2022 13:29:39 Pilot control + Computer
29/03/2022 13:29:39 Pilot control + Computer
29/03/2022 13:29:39 Pilot control + Computer
29/03/2022 13:29:40 Pilot control + Computer
29/03/2022 13:29:40 Pilot control + Computer
29/03/2022 13:29:40 Pilot control + Computer
29/03/2022 13:29:40 Pilot control + Computer
29/03/2022 13:29:40 Pilot control + Computer
29/03/2022 13:29:40 Pilot control + Computer
29/03/2022 13:29:41 Pilot control + Computer
29/03/2022 13:29:41 Pilot control + Computer
29/03/2022 13:29:41 Pilot control + Computer
29/03/2022 13:29:41 Pilot control + Computer
29/03/2022 13:29:41 Pilot control + Computer
29/03/2022 13:29:41 Pilot control + Computer
29/03/2022 13:29:42 Pilot control + Computer
29/03/2022 13:29:42 Pilot control + Computer
29/03/2022 13:29:42 Pilot control + Computer
29/03/2022 13:29:42 Pilot control + Computer
29/03/2022 13:29:42 Pilot control + Computer
29/03/2022 13:29:42 Pilot control + Computer
29/03/2022 13:29:42 Pilot control + Computer
29/03/2022 13:29:42 Pilot control + Computer
29/03/2022 13:29:42 Pilot control + Computer
29/03/2022 13:29:42 Pilot control + Computer
29/03/2022 13:29:43 Pilot control + Computer
29/03/2022 13:29:43 Pilot control + Computer
29/03/2022 13:29:43 Pilot control + Computer
29/03/2022 13:29:43 Pilot control + Computer
29/03/2022 13:29:44 Pilot control + Computer
29/03/2022 13:29:44 Pilot control + Computer
29/03/2022 13:29:44 Pilot control + Computer
29/03/2022 13:29:44 Pilot control + Computer
29/03/2022 13:29:44 Pilot control + Computer
29/03/2022 13:29:45 Pilot control + Computer
29/03/2022 13:29:45 Pilot control + Computer
29/03/2022 13:29:45 Pilot control + Computer
29/03/2022 13:29:45 Pilot control + Computer
29/03/2022 13:29:45 Pilot control + Computer
29/03/2022 13:29:46 Pilot control + Computer
29/03/2022 13:29:46 Pilot control + Computer
29/03/2022 13:29:46 Pilot control + Computer
29/03/2022 13:29:46 Pilot control + Computer
29/03/2022 13:29:46 Pilot control + Computer
29/03/2022 13:29:46 Pilot control + Computer
29/03/2022 13:29:46 Pilot control + Computer
29/03/2022 13:29:46 Pilot control + Computer
29/03/2022 13:29:47 Pilot control + Computer
29/03/2022 13:29:47 Pilot control + Computer
29/03/2022 13:29:47 Pilot control + Computer
29/03/2022 13:29:47 Pilot control + Computer
29/03/2022 13:29:47 Pilot control + Computer
29/03/2022 13:29:47 Pilot control + Computer
29/03/2022 13:29:48 Pilot control + Computer
29/03/2022 13:29:48 Pilot control + Computer
29/03/2022 13:29:48 Pilot control + Computer
29/03/2022 13:29:48 Pilot control + Computer
29/03/2022 13:29:48 Pilot control + Computer
29/03/2022 13:29:48 Pilot control + Computer
29/03/2022 13:29:48 Pilot control + Computer
29/03/2022 13:29:48 Pilot control + Computer
29/03/2022 13:29:48 Pilot control + Computer
29/03/2022 13:29:49 Pilot control + Computer
29/03/2022 13:29:49 Pilot control + Computer
29/03/2022 13:29:49 Pilot control + Computer
29/03/2022 13:29:49 Pilot control + Computer
29/03/2022 13:29:49 Pilot control + Computer
29/03/2022 13:29:49 Pilot control + Computer
29/03/2022 13:29:49 Pilot control + Computer
29/03/2022 13:29:49 Pilot control + Computer
29/03/2022 13:29:49 Pilot control + Computer
29/03/2022 13:29:49 Pilot control + Computer
29/03/2022 13:29:50 Pilot control + Computer
29/03/2022 13:29:50 Pilot control + Computer
29/03/2022 13:29:50 Pilot control + Computer
29/03/2022 13:29:50 Pilot control + Computer
29/03/2022 13:29:50 Pilot control + Computer
29/03/2022 13:29:50 Pilot control + Computer
29/03/2022 13:29:50 Pilot control + Computer
29/03/2022 13:29:50 Pilot control + Computer
29/03/2022 13:29:51 Pilot control + Computer
29/03/2022 13:29:51 Pilot control + Computer
29/03/2022 13:29:51 Pilot control + Computer
29/03/2022 13:29:51 Pilot control + Computer
29/03/2022 13:29:51 Pilot control + Computer
29/03/2022 13:29:51 Pilot control + Computer
29/03/2022 13:29:51 Pilot control + Computer
29/03/2022 13:29:51 Pilot control + Computer
29/03/2022 13:29:51 Pilot control + Computer
29/03/2022 13:29:52 Pilot control + Computer
29/03/2022 13:29:52 Pilot control + Computer
29/03/2022 13:29:52 Pilot control + Computer
29/03/2022 13:29:52 Pilot control + Computer
29/03/2022 13:29:52 Pilot control + Computer
29/03/2022 13:29:52 Pilot control + Computer
29/03/2022 13:29:53 Pilot control + Computer
29/03/2022 13:29:53 Pilot control + Computer
29/03/2022 13:29:53 Pilot control + Computer
29/03/2022 13:29:53 Pilot control + Computer
29/03/2022 13:29:53 Pilot control + Computer
29/03/2022 13:29:53 Pilot control + Computer
29/03/2022 13:29:54 Pilot control + Computer
29/03/2022 13:29:54 Pilot control + Computer
29/03/2022 13:29:54 Pilot control + Computer
29/03/2022 13:29:54 Pilot control + Computer
29/03/2022 13:29:54 Pilot control + Computer
29/03/2022 13:29:54 Pilot control + Computer
29/03/2022 13:29:54 Pilot control + Computer
29/03/2022 13:29:55 Pilot control + Computer
29/03/2022 13:29:55 Pilot control + Computer
29/03/2022 13:29:55 Pilot control + Computer
29/03/2022 13:29:55 Pilot control + Computer
29/03/2022 13:29:55 Pilot control + Computer
29/03/2022 13:29:55 Pilot control + Computer
29/03/2022 13:29:55 Pilot control + Computer
29/03/2022 13:29:55 Pilot control + Computer
29/03/2022 13:29:55 Pilot control + Computer
29/03/2022 13:29:55 Pilot control + Computer
29/03/2022 13:29:55 Pilot control + Computer
29/03/2022 13:29:55 Pilot control + Computer
29/03/2022 13:29:56 Pilot control + Computer
29/03/2022 13:29:56 Pilot control + Computer
29/03/2022 13:29:56 Pilot control + Computer
29/03/2022 13:29:56 Pilot control + Computer
29/03/2022 13:29:56 Pilot control + Computer
29/03/2022 13:29:56 Pilot control + Computer
29/03/2022 13:29:56 Pilot control + Computer
29/03/2022 13:29:56 Pilot control + Computer
29/03/2022 13:29:56 Pilot control + Computer
29/03/2022 13:29:56 Pilot control + Computer
29/03/2022 13:29:56 Pilot control + Computer
29/03/2022 13:29:57 Pilot control + Computer
29/03/2022 13:29:57 Pilot control + Computer
29/03/2022 13:29:57 Pilot control + Computer
29/03/2022 13:29:57 Pilot control + Computer
29/03/2022 13:29:57 Pilot control + Computer
29/03/2022 13:29:57 Pilot control + Computer
29/03/2022 13:29:57 Pilot control + Computer
29/03/2022 13:29:57 Pilot control + Computer
29/03/2022 13:29:57 Pilot control + Computer
29/03/2022 13:29:57 Pilot control + Computer
29/03/2022 13:29:58 Pilot control + Computer
29/03/2022 13:29:58 Pilot control + Computer
29/03/2022 13:29:58 Pilot control + Computer
29/03/2022 13:29:58 Pilot control + Computer
29/03/2022 13:29:58 Pilot control + Computer
29/03/2022 13:29:58 Pilot control + Computer
29/03/2022 13:29:59 Pilot control + Computer
29/03/2022 13:29:59 Pilot control + Computer
29/03/2022 13:29:59 Pilot control + Computer
29/03/2022 13:29:59 Pilot control + Computer
29/03/2022 13:29:59 Pilot control + Computer
29/03/2022 13:29:59 Pilot control + Computer
29/03/2022 13:30:00 Pilot control + Computer
29/03/2022 13:30:00 Pilot control + Computer
29/03/2022 13:30:00 Pilot control + Computer
29/03/2022 13:30:00 Pilot control + Computer
29/03/2022 13:30:00 Pilot control + Computer
29/03/2022 13:30:00 Pilot control + Computer
29/03/2022 13:30:00 Pilot control + Computer
29/03/2022 13:30:00 Pilot control + Computer
29/03/2022 13:30:00 Pilot control + Computer
29/03/2022 13:30:01 Pilot control + Computer
29/03/2022 13:30:01 Pilot control + Computer
29/03/2022 13:30:01 Pilot control + Computer
29/03/2022 13:30:01 Pilot control + Computer
29/03/2022 13:30:01 Pilot control + Computer
29/03/2022 13:30:01 Pilot control + Computer
29/03/2022 13:30:01 Pilot control + Computer
29/03/2022 13:30:02 Pilot control + Computer
29/03/2022 13:30:02 Pilot control + Computer
29/03/2022 13:30:02 Pilot control + Computer
29/03/2022 13:30:02 Pilot control + Computer
29/03/2022 13:30:02 Pilot control + Computer
29/03/2022 13:30:02 Pilot control + Computer
29/03/2022 13:30:02 Pilot control + Computer
29/03/2022 13:30:02 Pilot control + Computer
29/03/2022 13:30:03 Pilot control + Computer
29/03/2022 13:30:03 Pilot control + Computer
29/03/2022 13:30:03 Pilot control + Computer
29/03/2022 13:30:03 Pilot control + Computer
29/03/2022 13:30:03 Pilot control + Computer
29/03/2022 13:30:03 Pilot control + Computer
29/03/2022 13:30:03 Pilot control + Computer
29/03/2022 13:30:03 Pilot control + Computer
29/03/2022 13:30:03 Pilot control + Computer
29/03/2022 13:30:04 Pilot control + Computer
29/03/2022 13:30:04 Pilot control + Computer
29/03/2022 13:30:04 Pilot control + Computer
29/03/2022 13:30:04 Pilot control + Computer
29/03/2022 13:30:04 Pilot control + Computer
29/03/2022 13:30:04 Pilot control + Computer
29/03/2022 13:30:04 Pilot control + Computer
29/03/2022 13:30:04 Pilot control + Computer
29/03/2022 13:30:04 Pilot control + Computer
29/03/2022 13:30:04 Pilot control + Computer
29/03/2022 13:30:05 Pilot control + Computer
29/03/2022 13:30:05 Pilot control + Computer
29/03/2022 13:30:05 Pilot control + Computer
29/03/2022 13:30:05 Pilot control + Computer
29/03/2022 13:30:05 Pilot control + Computer
29/03/2022 13:30:05 Pilot control + Computer
29/03/2022 13:30:06 Pilot control + Computer
29/03/2022 13:30:06 Pilot control + Computer
29/03/2022 13:30:06 Camera on
29/03/2022 13:30:06 Saved video
