18/03/2022 16:43:43 Connecting to Vehicle on: /dev/ttyACM0
18/03/2022 16:43:43 ArduPlane V4.1.4 (0f984409)
18/03/2022 16:43:43 ChibiOS: 45395b6a
18/03/2022 16:43:43 CubeBlack 00360049 3337510E 37353832
18/03/2022 16:43:43 RCOut: PWM:1-12
18/03/2022 16:43:43 IMU0: fast sampling enabled 8.0kHz/1.0kHz
18/03/2022 16:43:43 IMU2: fast sampling enabled 8.0kHz/1.0kHz
18/03/2022 16:43:54 -------------Check stall condition-------------
18/03/2022 16:43:54 Alt: -0.032
18/03/2022 16:43:54 distance: 927.108239530798
18/03/2022 16:43:54 Mode: RTL
18/03/2022 16:43:54 Pilot control
18/03/2022 16:43:54 Pilot control
18/03/2022 16:43:54 -------------Check stall condition-------------
18/03/2022 16:43:54 Alt: -0.032
18/03/2022 16:43:54 distance: 927.108239530798
18/03/2022 16:43:54 Mode: RTL
18/03/2022 16:43:54 Pilot control
18/03/2022 16:43:54 Pilot control
18/03/2022 16:43:54 -------------Check stall condition-------------
18/03/2022 16:43:54 Alt: -0.032
18/03/2022 16:43:54 distance: 927.108239530798
18/03/2022 16:43:54 Mode: RTL
18/03/2022 16:43:54 Pilot control
18/03/2022 16:43:54 Pilot control
18/03/2022 16:43:54 -------------Check stall condition-------------
18/03/2022 16:43:54 Alt: -0.032
18/03/2022 16:43:54 distance: 927.108239530798
18/03/2022 16:43:54 Mode: RTL
18/03/2022 16:43:54 Pilot control
18/03/2022 16:43:54 Pilot control
18/03/2022 16:43:54 -------------Check stall condition-------------
18/03/2022 16:43:54 Alt: -0.032
18/03/2022 16:43:54 distance: 927.108239530798
18/03/2022 16:43:54 Mode: RTL
18/03/2022 16:43:54 Pilot control
18/03/2022 16:43:54 Pilot control
18/03/2022 16:43:54 -------------Check stall condition-------------
18/03/2022 16:43:54 Alt: -0.032
18/03/2022 16:43:54 distance: 927.108239530798
18/03/2022 16:43:54 Mode: RTL
18/03/2022 16:43:54 Pilot control
18/03/2022 16:43:54 Pilot control
18/03/2022 16:43:54 -------------Check stall condition-------------
18/03/2022 16:43:54 Alt: -0.032
18/03/2022 16:43:54 distance: 927.108239530798
18/03/2022 16:43:54 Mode: RTL
18/03/2022 16:43:54 Pilot control
18/03/2022 16:43:54 Pilot control
18/03/2022 16:43:54 -------------Check stall condition-------------
18/03/2022 16:43:54 Alt: -0.032
18/03/2022 16:43:54 distance: 927.108239530798
18/03/2022 16:43:54 Mode: RTL
18/03/2022 16:43:54 Pilot control
18/03/2022 16:43:54 Pilot control
18/03/2022 16:43:54 -------------Check stall condition-------------
18/03/2022 16:43:54 Alt: -0.032
18/03/2022 16:43:54 distance: 927.108239530798
18/03/2022 16:43:54 Mode: RTL
18/03/2022 16:43:54 Pilot control
18/03/2022 16:43:54 Pilot control
18/03/2022 16:43:54 -------------Check stall condition-------------
18/03/2022 16:43:54 Alt: -0.032
18/03/2022 16:43:54 distance: 927.108239530798
18/03/2022 16:43:54 Mode: RTL
18/03/2022 16:43:54 Pilot control
18/03/2022 16:43:54 Pilot control
18/03/2022 16:43:55 -------------Check stall condition-------------
18/03/2022 16:43:55 Alt: -0.032
18/03/2022 16:43:55 distance: 927.108239530798
18/03/2022 16:43:55 Mode: RTL
18/03/2022 16:43:55 Pilot control
18/03/2022 16:43:55 Pilot control
18/03/2022 16:43:55 -------------Check stall condition-------------
18/03/2022 16:43:55 Alt: -0.032
18/03/2022 16:43:55 distance: 927.1808324797415
18/03/2022 16:43:55 Mode: RTL
18/03/2022 16:43:55 Pilot control
18/03/2022 16:43:55 Pilot control
18/03/2022 16:43:55 -------------Check stall condition-------------
18/03/2022 16:43:55 Alt: -0.061
18/03/2022 16:43:55 distance: 927.1808324797415
18/03/2022 16:43:55 Mode: RTL
18/03/2022 16:43:55 Pilot control
18/03/2022 16:43:55 Pilot control
18/03/2022 16:43:55 -------------Check stall condition-------------
18/03/2022 16:43:55 Alt: -0.061
18/03/2022 16:43:55 distance: 927.1808324797415
18/03/2022 16:43:55 Mode: RTL
18/03/2022 16:43:55 Pilot control
18/03/2022 16:43:55 Pilot control
18/03/2022 16:43:55 -------------Check stall condition-------------
18/03/2022 16:43:55 Alt: -0.061
18/03/2022 16:43:55 distance: 927.1808324797415
18/03/2022 16:43:55 Mode: RTL
18/03/2022 16:43:55 Pilot control
18/03/2022 16:43:55 Pilot control
18/03/2022 16:43:55 -------------Check stall condition-------------
18/03/2022 16:43:55 Alt: -0.081
18/03/2022 16:43:55 distance: 927.2451982342889
18/03/2022 16:43:55 Mode: RTL
18/03/2022 16:43:55 Pilot control
18/03/2022 16:43:55 Pilot control
18/03/2022 16:43:55 -------------Check stall condition-------------
18/03/2022 16:43:55 Alt: -0.081
18/03/2022 16:43:55 distance: 927.2451982342889
18/03/2022 16:43:55 Mode: RTL
18/03/2022 16:43:55 Pilot control
18/03/2022 16:43:55 Pilot control
18/03/2022 16:43:55 -------------Check stall condition-------------
18/03/2022 16:43:55 Alt: -0.081
18/03/2022 16:43:55 distance: 927.2451982342889
18/03/2022 16:43:55 Mode: RTL
18/03/2022 16:43:55 Pilot control
18/03/2022 16:43:55 Pilot control
18/03/2022 16:43:55 -------------Check stall condition-------------
18/03/2022 16:43:55 Alt: -0.081
18/03/2022 16:43:55 distance: 927.2451982342889
18/03/2022 16:43:55 Mode: RTL
18/03/2022 16:43:55 Pilot control
18/03/2022 16:43:55 Pilot control
18/03/2022 16:43:55 -------------Check stall condition-------------
18/03/2022 16:43:55 Alt: -0.081
18/03/2022 16:43:55 distance: 927.2451982342889
18/03/2022 16:43:55 Mode: RTL
18/03/2022 16:43:55 Pilot control
18/03/2022 16:43:55 Pilot control
18/03/2022 16:43:55 -------------Check stall condition-------------
18/03/2022 16:43:55 Alt: -0.081
18/03/2022 16:43:55 distance: 927.2451982342889
18/03/2022 16:43:55 Mode: RTL
18/03/2022 16:43:55 Pilot control
18/03/2022 16:43:55 Pilot control
18/03/2022 16:43:55 -------------Check stall condition-------------
18/03/2022 16:43:55 Alt: -0.081
18/03/2022 16:43:55 distance: 927.2451982342889
18/03/2022 16:43:55 Mode: RTL
18/03/2022 16:43:55 Pilot control
18/03/2022 16:43:55 Pilot control
18/03/2022 16:43:55 -------------Check stall condition-------------
18/03/2022 16:43:55 Alt: -0.081
18/03/2022 16:43:55 distance: 927.2451982342889
18/03/2022 16:43:55 Mode: RTL
18/03/2022 16:43:55 Pilot control
18/03/2022 16:43:55 Pilot control
18/03/2022 16:43:55 -------------Check stall condition-------------
18/03/2022 16:43:55 Alt: -0.081
18/03/2022 16:43:55 distance: 927.2451982342889
18/03/2022 16:43:55 Mode: RTL
18/03/2022 16:43:55 Pilot control
18/03/2022 16:43:55 Pilot control
18/03/2022 16:43:55 -------------Check stall condition-------------
18/03/2022 16:43:55 Alt: -0.081
18/03/2022 16:43:55 distance: 927.2451982342889
18/03/2022 16:43:55 Mode: RTL
18/03/2022 16:43:55 Pilot control
18/03/2022 16:43:55 Pilot control
18/03/2022 16:43:55 -------------Check stall condition-------------
18/03/2022 16:43:55 Alt: -0.081
18/03/2022 16:43:55 distance: 927.2451982342889
18/03/2022 16:43:55 Mode: RTL
18/03/2022 16:43:55 Pilot control
18/03/2022 16:43:55 Pilot control
18/03/2022 16:43:55 -------------Check stall condition-------------
18/03/2022 16:43:55 Alt: -0.081
18/03/2022 16:43:55 distance: 927.2863418174541
18/03/2022 16:43:55 Mode: RTL
18/03/2022 16:43:55 Pilot control
18/03/2022 16:43:55 Pilot control
18/03/2022 16:43:55 -------------Check stall condition-------------
18/03/2022 16:43:55 Alt: -0.097
18/03/2022 16:43:55 distance: 927.2863418174541
18/03/2022 16:43:55 Mode: RTL
18/03/2022 16:43:55 Pilot control
18/03/2022 16:43:55 Pilot control
18/03/2022 16:43:55 -------------Check stall condition-------------
18/03/2022 16:43:55 Alt: -0.097
18/03/2022 16:43:55 distance: 927.2863418174541
18/03/2022 16:43:55 Mode: RTL
18/03/2022 16:43:55 Pilot control
18/03/2022 16:43:55 Pilot control
18/03/2022 16:43:55 -------------Check stall condition-------------
18/03/2022 16:43:55 Alt: -0.097
18/03/2022 16:43:55 distance: 927.2863418174541
18/03/2022 16:43:55 Mode: RTL
18/03/2022 16:43:55 Pilot control
18/03/2022 16:43:55 Pilot control
18/03/2022 16:43:55 -------------Check stall condition-------------
18/03/2022 16:43:55 Alt: -0.097
18/03/2022 16:43:55 distance: 927.2863418174541
18/03/2022 16:43:55 Mode: RTL
18/03/2022 16:43:55 Pilot control
18/03/2022 16:43:55 Pilot control
18/03/2022 16:43:55 -------------Check stall condition-------------
18/03/2022 16:43:55 Alt: -0.097
18/03/2022 16:43:55 distance: 927.2863418174541
18/03/2022 16:43:55 Mode: RTL
18/03/2022 16:43:55 Pilot control
18/03/2022 16:43:55 Pilot control
18/03/2022 16:43:55 -------------Check stall condition-------------
18/03/2022 16:43:55 Alt: -0.111
18/03/2022 16:43:55 distance: 927.3349836891763
18/03/2022 16:43:55 Mode: RTL
18/03/2022 16:43:55 Pilot control
18/03/2022 16:43:55 Pilot control
18/03/2022 16:43:55 -------------Check stall condition-------------
18/03/2022 16:43:55 Alt: -0.111
18/03/2022 16:43:55 distance: 927.3349836891763
18/03/2022 16:43:55 Mode: RTL
18/03/2022 16:43:55 Pilot control
18/03/2022 16:43:55 Pilot control
18/03/2022 16:43:55 -------------Check stall condition-------------
18/03/2022 16:43:55 Alt: -0.111
18/03/2022 16:43:55 distance: 927.3349836891763
18/03/2022 16:43:55 Mode: RTL
18/03/2022 16:43:55 Pilot control
18/03/2022 16:43:55 Pilot control
18/03/2022 16:43:55 -------------Check stall condition-------------
18/03/2022 16:43:55 Alt: -0.111
18/03/2022 16:43:55 distance: 927.3349836891763
18/03/2022 16:43:55 Mode: RTL
18/03/2022 16:43:56 Pilot control
18/03/2022 16:43:56 Pilot control
18/03/2022 16:43:56 -------------Check stall condition-------------
18/03/2022 16:43:56 Alt: -0.111
18/03/2022 16:43:56 distance: 927.3349836891763
18/03/2022 16:43:56 Mode: RTL
18/03/2022 16:43:56 Pilot control
18/03/2022 16:43:56 Pilot control
18/03/2022 16:43:56 -------------Check stall condition-------------
18/03/2022 16:43:56 Alt: -0.116
18/03/2022 16:43:56 distance: 927.3843594081345
18/03/2022 16:43:56 Mode: RTL
18/03/2022 16:43:56 Pilot control
18/03/2022 16:43:56 Pilot control
18/03/2022 16:43:56 -------------Check stall condition-------------
18/03/2022 16:43:56 Alt: -0.116
18/03/2022 16:43:56 distance: 927.3843594081345
18/03/2022 16:43:56 Mode: RTL
18/03/2022 16:43:56 Pilot control
18/03/2022 16:43:56 Pilot control
18/03/2022 16:43:56 -------------Check stall condition-------------
18/03/2022 16:43:56 Alt: -0.116
18/03/2022 16:43:56 distance: 927.3843594081345
18/03/2022 16:43:56 Mode: RTL
18/03/2022 16:43:56 Pilot control
18/03/2022 16:43:56 Pilot control
18/03/2022 16:43:56 -------------Check stall condition-------------
18/03/2022 16:43:56 Alt: -0.116
18/03/2022 16:43:56 distance: 927.3843594081345
18/03/2022 16:43:56 Mode: RTL
18/03/2022 16:43:56 Pilot control
18/03/2022 16:43:56 Pilot control
18/03/2022 16:43:56 -------------Check stall condition-------------
18/03/2022 16:43:56 Alt: -0.116
18/03/2022 16:43:56 distance: 927.4015519111757
18/03/2022 16:43:56 Mode: RTL
18/03/2022 16:43:56 Pilot control
18/03/2022 16:43:56 Pilot control
18/03/2022 16:43:56 -------------Check stall condition-------------
18/03/2022 16:43:56 Alt: -0.114
18/03/2022 16:43:56 distance: 927.4015519111757
18/03/2022 16:43:56 Mode: RTL
18/03/2022 16:43:56 Pilot control
18/03/2022 16:43:56 Pilot control
18/03/2022 16:43:56 -------------Check stall condition-------------
18/03/2022 16:43:56 Alt: -0.114
18/03/2022 16:43:56 distance: 927.4015519111757
18/03/2022 16:43:56 Mode: RTL
18/03/2022 16:43:56 Pilot control
18/03/2022 16:43:56 Pilot control
18/03/2022 16:43:56 -------------Check stall condition-------------
18/03/2022 16:43:56 Alt: -0.114
18/03/2022 16:43:56 distance: 927.4015519111757
18/03/2022 16:43:56 Mode: RTL
18/03/2022 16:43:56 Pilot control
18/03/2022 16:43:56 Pilot control
18/03/2022 16:43:56 -------------Check stall condition-------------
18/03/2022 16:43:56 Alt: -0.114
18/03/2022 16:43:56 distance: 927.4015519111757
18/03/2022 16:43:56 Mode: RTL
18/03/2022 16:43:56 Pilot control
18/03/2022 16:43:56 Pilot control
18/03/2022 16:43:56 -------------Check stall condition-------------
18/03/2022 16:43:56 Alt: -0.114
18/03/2022 16:43:56 distance: 927.4015519111757
18/03/2022 16:43:56 Mode: RTL
18/03/2022 16:43:56 Pilot control
18/03/2022 16:43:56 Pilot control
18/03/2022 16:43:56 -------------Check stall condition-------------
18/03/2022 16:43:56 Alt: -0.119
18/03/2022 16:43:56 distance: 927.4187454327526
18/03/2022 16:43:56 Mode: RTL
18/03/2022 16:43:56 Pilot control
18/03/2022 16:43:56 Pilot control
18/03/2022 16:43:56 -------------Check stall condition-------------
18/03/2022 16:43:56 Alt: -0.119
18/03/2022 16:43:56 distance: 927.4187454327526
18/03/2022 16:43:56 Mode: RTL
18/03/2022 16:43:56 Pilot control
18/03/2022 16:43:56 Pilot control
18/03/2022 16:43:56 -------------Check stall condition-------------
18/03/2022 16:43:56 Alt: -0.119
18/03/2022 16:43:56 distance: 927.4187454327526
18/03/2022 16:43:56 Mode: RTL
18/03/2022 16:43:56 Pilot control
18/03/2022 16:43:56 Pilot control
18/03/2022 16:43:56 -------------Check stall condition-------------
18/03/2022 16:43:56 Alt: -0.119
18/03/2022 16:43:56 distance: 927.4187454327526
18/03/2022 16:43:56 Mode: RTL
18/03/2022 16:43:56 Pilot control
18/03/2022 16:43:56 Pilot control
18/03/2022 16:43:56 -------------Check stall condition-------------
18/03/2022 16:43:56 Alt: -0.119
18/03/2022 16:43:56 distance: 927.4187454327526
18/03/2022 16:43:56 Mode: RTL
18/03/2022 16:43:56 Pilot control
18/03/2022 16:43:56 Pilot control
18/03/2022 16:43:56 -------------Check stall condition-------------
18/03/2022 16:43:56 Alt: -0.123
18/03/2022 16:43:56 distance: 927.4359399706775
18/03/2022 16:43:56 Mode: RTL
18/03/2022 16:43:56 Pilot control
18/03/2022 16:43:56 Pilot control
18/03/2022 16:43:56 -------------Check stall condition-------------
18/03/2022 16:43:56 Alt: -0.123
18/03/2022 16:43:56 distance: 927.4359399706775
18/03/2022 16:43:56 Mode: RTL
18/03/2022 16:43:56 Pilot control
18/03/2022 16:43:56 Pilot control
18/03/2022 16:43:56 -------------Check stall condition-------------
18/03/2022 16:43:56 Alt: -0.123
18/03/2022 16:43:56 distance: 927.4359399706775
18/03/2022 16:43:56 Mode: RTL
18/03/2022 16:43:56 Pilot control
18/03/2022 16:43:56 Pilot control
18/03/2022 16:43:57 -------------Check stall condition-------------
18/03/2022 16:43:57 Alt: -0.123
18/03/2022 16:43:57 distance: 927.4359399706775
18/03/2022 16:43:57 Mode: RTL
18/03/2022 16:43:57 Pilot control
18/03/2022 16:43:57 Pilot control
18/03/2022 16:43:57 -------------Check stall condition-------------
18/03/2022 16:43:57 Alt: -0.123
18/03/2022 16:43:57 distance: 927.4359399706775
18/03/2022 16:43:57 Mode: RTL
18/03/2022 16:43:57 Pilot control
18/03/2022 16:43:57 Pilot control
18/03/2022 16:43:57 -------------Check stall condition-------------
18/03/2022 16:43:57 Alt: -0.121
18/03/2022 16:43:57 distance: 927.4531355270249
18/03/2022 16:43:57 Mode: RTL
18/03/2022 16:43:57 Pilot control
18/03/2022 16:43:57 Pilot control
18/03/2022 16:43:57 -------------Check stall condition-------------
18/03/2022 16:43:57 Alt: -0.121
18/03/2022 16:43:57 distance: 927.4531355270249
18/03/2022 16:43:57 Mode: RTL
18/03/2022 16:43:57 Pilot control
18/03/2022 16:43:57 Pilot control
18/03/2022 16:43:57 -------------Check stall condition-------------
18/03/2022 16:43:57 Alt: -0.121
18/03/2022 16:43:57 distance: 927.4531355270249
18/03/2022 16:43:57 Mode: RTL
18/03/2022 16:43:57 Pilot control
18/03/2022 16:43:57 Pilot control
18/03/2022 16:43:57 -------------Check stall condition-------------
18/03/2022 16:43:57 Alt: -0.121
18/03/2022 16:43:57 distance: 927.4792987628525
18/03/2022 16:43:57 Mode: RTL
18/03/2022 16:43:57 Pilot control
18/03/2022 16:43:57 Pilot control
18/03/2022 16:43:57 -------------Check stall condition-------------
18/03/2022 16:43:57 Alt: -0.138
18/03/2022 16:43:57 distance: 927.4792987628525
18/03/2022 16:43:57 Mode: RTL
18/03/2022 16:43:57 Pilot control
18/03/2022 16:43:57 Pilot control
18/03/2022 16:43:57 -------------Check stall condition-------------
18/03/2022 16:43:57 Alt: -0.138
18/03/2022 16:43:57 distance: 927.4792987628525
18/03/2022 16:43:57 Mode: RTL
18/03/2022 16:43:57 Pilot control
18/03/2022 16:43:57 Pilot control
18/03/2022 16:43:57 -------------Check stall condition-------------
18/03/2022 16:43:57 Alt: -0.138
18/03/2022 16:43:57 distance: 927.4792987628525
18/03/2022 16:43:57 Mode: RTL
18/03/2022 16:43:57 Pilot control
18/03/2022 16:43:57 Pilot control
18/03/2022 16:43:57 -------------Check stall condition-------------
18/03/2022 16:43:57 Alt: -0.152
18/03/2022 16:43:57 distance: 927.4964971228818
18/03/2022 16:43:57 Mode: RTL
18/03/2022 16:43:57 Pilot control
18/03/2022 16:43:57 Pilot control
18/03/2022 16:43:57 -------------Check stall condition-------------
18/03/2022 16:43:57 Alt: -0.152
18/03/2022 16:43:58 distance: 927.4964971228818
18/03/2022 16:43:58 Mode: RTL
18/03/2022 16:43:58 Pilot control
18/03/2022 16:43:58 Pilot control
18/03/2022 16:43:58 -------------Check stall condition-------------
18/03/2022 16:43:58 Alt: -0.152
18/03/2022 16:43:58 distance: 927.4964971228818
18/03/2022 16:43:58 Mode: RTL
18/03/2022 16:43:58 Pilot control
18/03/2022 16:43:58 Pilot control
18/03/2022 16:43:58 -------------Check stall condition-------------
18/03/2022 16:43:58 Alt: -0.152
18/03/2022 16:43:58 distance: 927.4964971228818
18/03/2022 16:43:58 Mode: RTL
18/03/2022 16:43:58 Pilot control
18/03/2022 16:43:58 Pilot control
18/03/2022 16:43:58 -------------Check stall condition-------------
18/03/2022 16:43:58 Alt: -0.152
18/03/2022 16:43:58 distance: 927.4964971228818
18/03/2022 16:43:58 Mode: RTL
18/03/2022 16:43:58 Pilot control
18/03/2022 16:43:58 Pilot control
18/03/2022 16:43:58 -------------Check stall condition-------------
18/03/2022 16:43:58 Alt: -0.152
18/03/2022 16:43:58 distance: 927.489739440776
18/03/2022 16:43:58 Mode: RTL
18/03/2022 16:43:58 Pilot control
18/03/2022 16:43:58 Pilot control
18/03/2022 16:43:58 -------------Check stall condition-------------
18/03/2022 16:43:58 Alt: -0.155
18/03/2022 16:43:58 distance: 927.489739440776
18/03/2022 16:43:58 Mode: RTL
18/03/2022 16:43:58 Pilot control
18/03/2022 16:43:58 Pilot control
18/03/2022 16:43:58 -------------Check stall condition-------------
18/03/2022 16:43:58 Alt: -0.155
18/03/2022 16:43:58 distance: 927.489739440776
18/03/2022 16:43:58 Mode: RTL
18/03/2022 16:43:58 Pilot control
18/03/2022 16:43:58 Pilot control
18/03/2022 16:43:58 -------------Check stall condition-------------
18/03/2022 16:43:58 Alt: -0.155
18/03/2022 16:43:58 distance: 927.489739440776
18/03/2022 16:43:58 Mode: RTL
18/03/2022 16:43:58 Pilot control
18/03/2022 16:43:58 Pilot control
18/03/2022 16:43:58 -------------Check stall condition-------------
18/03/2022 16:43:58 Alt: -0.155
18/03/2022 16:43:58 distance: 927.489739440776
18/03/2022 16:43:58 Mode: RTL
18/03/2022 16:43:58 Pilot control
18/03/2022 16:43:58 Pilot control
18/03/2022 16:43:58 -------------Check stall condition-------------
18/03/2022 16:43:58 Alt: -0.149
18/03/2022 16:43:58 distance: 927.4815081320575
18/03/2022 16:43:58 Mode: RTL
18/03/2022 16:43:58 Pilot control
18/03/2022 16:43:58 Pilot control
18/03/2022 16:43:58 -------------Check stall condition-------------
18/03/2022 16:43:58 Alt: -0.149
18/03/2022 16:43:58 distance: 927.4815081320575
18/03/2022 16:43:58 Mode: RTL
18/03/2022 16:43:58 Pilot control
18/03/2022 16:43:58 Pilot control
18/03/2022 16:43:58 -------------Check stall condition-------------
18/03/2022 16:43:58 Alt: -0.149
18/03/2022 16:43:58 distance: 927.4815081320575
18/03/2022 16:43:58 Mode: RTL
18/03/2022 16:43:58 Pilot control
18/03/2022 16:43:58 Pilot control
18/03/2022 16:43:58 -------------Check stall condition-------------
18/03/2022 16:43:58 Alt: -0.149
18/03/2022 16:43:58 distance: 927.4815081320575
18/03/2022 16:43:58 Mode: RTL
18/03/2022 16:43:58 Pilot control
18/03/2022 16:43:58 Pilot control
18/03/2022 16:43:58 -------------Check stall condition-------------
18/03/2022 16:43:58 Alt: -0.149
18/03/2022 16:43:58 distance: 927.4815081320575
18/03/2022 16:43:58 Mode: RTL
18/03/2022 16:43:58 Pilot control
18/03/2022 16:43:58 Pilot control
18/03/2022 16:43:58 -------------Check stall condition-------------
18/03/2022 16:43:58 Alt: -0.149
18/03/2022 16:43:58 distance: 927.4815081320575
18/03/2022 16:43:58 Mode: RTL
18/03/2022 16:43:58 Pilot control
18/03/2022 16:43:58 Pilot control
18/03/2022 16:43:58 -------------Check stall condition-------------
18/03/2022 16:43:58 Alt: -0.149
18/03/2022 16:43:58 distance: 927.4815081320575
18/03/2022 16:43:58 Mode: RTL
18/03/2022 16:43:58 Pilot control
18/03/2022 16:43:58 Pilot control
18/03/2022 16:43:58 -------------Check stall condition-------------
18/03/2022 16:43:58 Alt: -0.149
18/03/2022 16:43:58 distance: 927.4815081320575
18/03/2022 16:43:58 Mode: RTL
18/03/2022 16:43:58 Pilot control
18/03/2022 16:43:58 Pilot control
18/03/2022 16:43:58 -------------Check stall condition-------------
18/03/2022 16:43:58 Alt: -0.149
18/03/2022 16:43:58 distance: 927.4815081320575
18/03/2022 16:43:58 Mode: RTL
18/03/2022 16:43:58 Pilot control
18/03/2022 16:43:58 Pilot control
18/03/2022 16:43:58 -------------Check stall condition-------------
18/03/2022 16:43:58 Alt: -0.148
18/03/2022 16:43:58 distance: 927.4500567314786
18/03/2022 16:43:58 Mode: RTL
18/03/2022 16:43:58 Pilot control
18/03/2022 16:43:58 Pilot control
18/03/2022 16:43:58 -------------Check stall condition-------------
18/03/2022 16:43:58 Alt: -0.148
18/03/2022 16:43:58 distance: 927.4500567314786
18/03/2022 16:43:58 Mode: RTL
18/03/2022 16:43:58 Pilot control
18/03/2022 16:43:58 Pilot control
18/03/2022 16:43:58 -------------Check stall condition-------------
18/03/2022 16:43:58 Alt: -0.148
18/03/2022 16:43:58 distance: 927.4500567314786
18/03/2022 16:43:58 Mode: RTL
18/03/2022 16:43:58 Pilot control
18/03/2022 16:43:58 Pilot control
18/03/2022 16:43:58 -------------Check stall condition-------------
18/03/2022 16:43:58 Alt: -0.148
18/03/2022 16:43:58 distance: 927.4500567314786
18/03/2022 16:43:58 Mode: RTL
18/03/2022 16:43:58 Pilot control
18/03/2022 16:43:59 Pilot control
18/03/2022 16:43:59 -------------Check stall condition-------------
18/03/2022 16:43:59 Alt: -0.148
18/03/2022 16:43:59 distance: 927.4500567314786
18/03/2022 16:43:59 Mode: RTL
18/03/2022 16:43:59 Pilot control
18/03/2022 16:43:59 Pilot control
18/03/2022 16:43:59 -------------Check stall condition-------------
18/03/2022 16:43:59 Alt: -0.084
18/03/2022 16:43:59 distance: 927.4350680590246
18/03/2022 16:43:59 Mode: RTL
18/03/2022 16:43:59 Pilot control
18/03/2022 16:43:59 Pilot control
18/03/2022 16:43:59 -------------Check stall condition-------------
18/03/2022 16:43:59 Alt: -0.084
18/03/2022 16:43:59 distance: 927.4350680590246
18/03/2022 16:43:59 Mode: RTL
18/03/2022 16:43:59 Pilot control
18/03/2022 16:43:59 Pilot control
18/03/2022 16:43:59 -------------Check stall condition-------------
18/03/2022 16:43:59 Alt: -0.084
18/03/2022 16:43:59 distance: 927.4350680590246
18/03/2022 16:43:59 Mode: RTL
18/03/2022 16:43:59 Pilot control
18/03/2022 16:43:59 Pilot control
18/03/2022 16:43:59 -------------Check stall condition-------------
18/03/2022 16:43:59 Alt: -0.084
18/03/2022 16:43:59 distance: 927.4350680590246
18/03/2022 16:43:59 Mode: RTL
18/03/2022 16:43:59 Pilot control
18/03/2022 16:43:59 Pilot control
18/03/2022 16:43:59 -------------Check stall condition-------------
18/03/2022 16:43:59 Alt: -0.057
18/03/2022 16:43:59 distance: 927.4275738329161
18/03/2022 16:43:59 Mode: RTL
18/03/2022 16:43:59 Pilot control
18/03/2022 16:43:59 Pilot control
18/03/2022 16:43:59 -------------Check stall condition-------------
18/03/2022 16:43:59 Alt: -0.057
18/03/2022 16:43:59 distance: 927.4275738329161
18/03/2022 16:43:59 Mode: RTL
18/03/2022 16:43:59 Pilot control
18/03/2022 16:43:59 Pilot control
18/03/2022 16:43:59 -------------Check stall condition-------------
18/03/2022 16:43:59 Alt: -0.057
18/03/2022 16:43:59 distance: 927.4275738329161
18/03/2022 16:43:59 Mode: RTL
18/03/2022 16:43:59 Pilot control
18/03/2022 16:43:59 Pilot control
18/03/2022 16:43:59 -------------Check stall condition-------------
18/03/2022 16:43:59 Alt: -0.068
18/03/2022 16:43:59 distance: 927.4283112654888
18/03/2022 16:43:59 Mode: RTL
18/03/2022 16:43:59 Pilot control
18/03/2022 16:43:59 Pilot control
18/03/2022 16:43:59 -------------Check stall condition-------------
18/03/2022 16:43:59 Alt: -0.068
18/03/2022 16:43:59 distance: 927.4283112654888
18/03/2022 16:43:59 Mode: RTL
18/03/2022 16:43:59 Pilot control
18/03/2022 16:43:59 Pilot control
18/03/2022 16:43:59 -------------Check stall condition-------------
18/03/2022 16:43:59 Alt: -0.068
18/03/2022 16:43:59 distance: 927.4283112654888
18/03/2022 16:43:59 Mode: RTL
18/03/2022 16:43:59 Pilot control
18/03/2022 16:43:59 Pilot control
18/03/2022 16:43:59 -------------Check stall condition-------------
18/03/2022 16:43:59 Alt: -0.068
18/03/2022 16:43:59 distance: 927.4283112654888
18/03/2022 16:43:59 Mode: RTL
18/03/2022 16:43:59 Pilot control
18/03/2022 16:43:59 Pilot control
18/03/2022 16:43:59 -------------Check stall condition-------------
18/03/2022 16:43:59 Alt: -0.068
18/03/2022 16:43:59 distance: 927.4283112654888
18/03/2022 16:43:59 Mode: RTL
18/03/2022 16:43:59 Pilot control
18/03/2022 16:43:59 Pilot control
18/03/2022 16:43:59 -------------Check stall condition-------------
18/03/2022 16:43:59 Alt: -0.082
18/03/2022 16:43:59 distance: 927.4283112654888
18/03/2022 16:43:59 Mode: RTL
18/03/2022 16:43:59 Pilot control
18/03/2022 16:43:59 Pilot control
18/03/2022 16:43:59 -------------Check stall condition-------------
18/03/2022 16:43:59 Alt: -0.082
18/03/2022 16:43:59 distance: 927.4283112654888
18/03/2022 16:43:59 Mode: RTL
18/03/2022 16:43:59 Pilot control
18/03/2022 16:43:59 Pilot control
18/03/2022 16:43:59 -------------Check stall condition-------------
18/03/2022 16:43:59 Alt: -0.082
18/03/2022 16:43:59 distance: 927.4283112654888
18/03/2022 16:43:59 Mode: RTL
18/03/2022 16:43:59 Pilot control
18/03/2022 16:43:59 Pilot control
18/03/2022 16:43:59 -------------Check stall condition-------------
18/03/2022 16:43:59 Alt: -0.082
18/03/2022 16:43:59 distance: 927.4283112654888
18/03/2022 16:44:00 Mode: RTL
18/03/2022 16:44:00 Pilot control
18/03/2022 16:44:00 Pilot control
18/03/2022 16:44:00 -------------Check stall condition-------------
18/03/2022 16:44:00 Alt: -0.082
18/03/2022 16:44:00 distance: 927.4283112654888
18/03/2022 16:44:00 Mode: RTL
18/03/2022 16:44:00 Pilot control
18/03/2022 16:44:00 Pilot control
18/03/2022 16:44:00 -------------Check stall condition-------------
18/03/2022 16:44:00 Alt: -0.098
18/03/2022 16:44:00 distance: 927.4208172520168
18/03/2022 16:44:00 Mode: RTL
18/03/2022 16:44:00 Pilot control
18/03/2022 16:44:00 Pilot control
18/03/2022 16:44:00 -------------Check stall condition-------------
18/03/2022 16:44:00 Alt: -0.098
18/03/2022 16:44:00 distance: 927.4208172520168
18/03/2022 16:44:00 Mode: RTL
18/03/2022 16:44:00 Pilot control
18/03/2022 16:44:00 Pilot control
18/03/2022 16:44:00 -------------Check stall condition-------------
18/03/2022 16:44:00 Alt: -0.111
18/03/2022 16:44:00 distance: 927.4372807402315
18/03/2022 16:44:00 Mode: RTL
18/03/2022 16:44:00 Pilot control
18/03/2022 16:44:00 Pilot control
18/03/2022 16:44:00 -------------Check stall condition-------------
18/03/2022 16:44:00 Alt: -0.111
18/03/2022 16:44:00 distance: 927.4372807402315
18/03/2022 16:44:00 Mode: RTL
18/03/2022 16:44:00 Pilot control
18/03/2022 16:44:00 Pilot control
18/03/2022 16:44:00 -------------Check stall condition-------------
18/03/2022 16:44:00 Alt: -0.111
18/03/2022 16:44:00 distance: 927.4372807402315
18/03/2022 16:44:00 Mode: RTL
18/03/2022 16:44:00 Pilot control
18/03/2022 16:44:00 Pilot control
18/03/2022 16:44:00 -------------Check stall condition-------------
18/03/2022 16:44:00 Alt: -0.111
18/03/2022 16:44:00 distance: 927.4372807402315
18/03/2022 16:44:00 Mode: RTL
18/03/2022 16:44:00 Pilot control
18/03/2022 16:44:00 Pilot control
18/03/2022 16:44:00 -------------Check stall condition-------------
18/03/2022 16:44:00 Alt: -0.122
18/03/2022 16:44:00 distance: 927.4537444706519
18/03/2022 16:44:00 Mode: RTL
18/03/2022 16:44:00 Pilot control
18/03/2022 16:44:00 Pilot control
18/03/2022 16:44:00 -------------Check stall condition-------------
18/03/2022 16:44:00 Alt: -0.122
18/03/2022 16:44:00 distance: 927.4537444706519
18/03/2022 16:44:00 Mode: RTL
18/03/2022 16:44:00 Pilot control
18/03/2022 16:44:00 Pilot control
18/03/2022 16:44:00 -------------Check stall condition-------------
18/03/2022 16:44:00 Alt: -0.122
18/03/2022 16:44:00 distance: 927.4537444706519
18/03/2022 16:44:00 Mode: RTL
18/03/2022 16:44:00 Pilot control
18/03/2022 16:44:00 Pilot control
18/03/2022 16:44:00 -------------Check stall condition-------------
18/03/2022 16:44:00 Alt: -0.131
18/03/2022 16:44:00 distance: 927.477702057511
18/03/2022 16:44:01 Mode: RTL
18/03/2022 16:44:01 Pilot control
18/03/2022 16:44:01 Pilot control
18/03/2022 16:44:01 -------------Check stall condition-------------
18/03/2022 16:44:01 Alt: -0.131
18/03/2022 16:44:01 distance: 927.477702057511
18/03/2022 16:44:01 Mode: RTL
18/03/2022 16:44:01 Pilot control
18/03/2022 16:44:01 Pilot control
18/03/2022 16:44:01 -------------Check stall condition-------------
18/03/2022 16:44:01 Alt: -0.131
18/03/2022 16:44:01 distance: 927.477702057511
18/03/2022 16:44:01 Mode: RTL
18/03/2022 16:44:01 Pilot control
18/03/2022 16:44:01 Pilot control
18/03/2022 16:44:01 -------------Check stall condition-------------
18/03/2022 16:44:01 Alt: -0.131
18/03/2022 16:44:01 distance: 927.477702057511
18/03/2022 16:44:01 Mode: RTL
18/03/2022 16:44:01 Pilot control
18/03/2022 16:44:01 Pilot control
18/03/2022 16:44:01 -------------Check stall condition-------------
18/03/2022 16:44:01 Alt: -0.135
18/03/2022 16:44:01 distance: 927.5181238857085
18/03/2022 16:44:01 Mode: RTL
18/03/2022 16:44:01 Pilot control
18/03/2022 16:44:01 Pilot control
18/03/2022 16:44:01 -------------Check stall condition-------------
18/03/2022 16:44:01 Alt: -0.136
18/03/2022 16:44:01 distance: 927.5667785841741
18/03/2022 16:44:01 Mode: RTL
18/03/2022 16:44:01 Pilot control
18/03/2022 16:44:01 Pilot control
18/03/2022 16:44:01 -------------Check stall condition-------------
18/03/2022 16:44:01 Alt: -0.136
18/03/2022 16:44:01 distance: 927.5667785841741
18/03/2022 16:44:01 Mode: RTL
18/03/2022 16:44:01 Pilot control
18/03/2022 16:44:01 Pilot control
18/03/2022 16:44:01 -------------Check stall condition-------------
18/03/2022 16:44:01 Alt: -0.136
18/03/2022 16:44:01 distance: 927.5667785841741
18/03/2022 16:44:01 Mode: RTL
18/03/2022 16:44:01 Pilot control
18/03/2022 16:44:01 Pilot control
18/03/2022 16:44:01 -------------Check stall condition-------------
18/03/2022 16:44:01 Alt: -0.136
18/03/2022 16:44:01 distance: 927.5667785841741
18/03/2022 16:44:01 Mode: RTL
18/03/2022 16:44:01 Pilot control
18/03/2022 16:44:01 Pilot control
18/03/2022 16:44:01 -------------Check stall condition-------------
18/03/2022 16:44:01 Alt: -0.136
18/03/2022 16:44:01 distance: 927.5667785841741
18/03/2022 16:44:01 Mode: RTL
18/03/2022 16:44:01 Pilot control
18/03/2022 16:44:01 Pilot control
18/03/2022 16:44:01 -------------Check stall condition-------------
18/03/2022 16:44:01 Alt: -0.136
18/03/2022 16:44:01 distance: 927.5667785841741
18/03/2022 16:44:01 Mode: RTL
18/03/2022 16:44:01 Pilot control
18/03/2022 16:44:01 Pilot control
18/03/2022 16:44:01 -------------Check stall condition-------------
18/03/2022 16:44:01 Alt: -0.132
18/03/2022 16:44:01 distance: 927.6236668637006
18/03/2022 16:44:01 Mode: RTL
18/03/2022 16:44:01 Pilot control
18/03/2022 16:44:01 Pilot control
18/03/2022 16:44:01 -------------Check stall condition-------------
18/03/2022 16:44:01 Alt: -0.132
18/03/2022 16:44:01 distance: 927.6236668637006
18/03/2022 16:44:01 Mode: RTL
18/03/2022 16:44:01 Pilot control
18/03/2022 16:44:01 Pilot control
18/03/2022 16:44:01 -------------Check stall condition-------------
18/03/2022 16:44:01 Alt: -0.132
18/03/2022 16:44:01 distance: 927.6236668637006
18/03/2022 16:44:01 Mode: RTL
18/03/2022 16:44:01 Pilot control
18/03/2022 16:44:01 Pilot control
18/03/2022 16:44:01 -------------Check stall condition-------------
18/03/2022 16:44:01 Alt: -0.132
18/03/2022 16:44:01 distance: 927.6236668637006
18/03/2022 16:44:01 Mode: RTL
18/03/2022 16:44:01 Pilot control
18/03/2022 16:44:01 Pilot control
18/03/2022 16:44:01 -------------Check stall condition-------------
18/03/2022 16:44:01 Alt: -0.132
18/03/2022 16:44:01 distance: 927.6565981032555
18/03/2022 16:44:01 Mode: RTL
18/03/2022 16:44:01 Pilot control
18/03/2022 16:44:01 Pilot control
18/03/2022 16:44:01 -------------Check stall condition-------------
18/03/2022 16:44:01 Alt: -0.127
18/03/2022 16:44:01 distance: 927.6565981032555
18/03/2022 16:44:01 Mode: RTL
18/03/2022 16:44:01 Pilot control
18/03/2022 16:44:01 Pilot control
18/03/2022 16:44:01 -------------Check stall condition-------------
18/03/2022 16:44:01 Alt: -0.127
18/03/2022 16:44:01 distance: 927.6565981032555
18/03/2022 16:44:01 Mode: RTL
18/03/2022 16:44:01 Pilot control
18/03/2022 16:44:01 Pilot control
18/03/2022 16:44:01 -------------Check stall condition-------------
18/03/2022 16:44:01 Alt: -0.127
18/03/2022 16:44:01 distance: 927.6565981032555
18/03/2022 16:44:01 Mode: RTL
18/03/2022 16:44:01 Pilot control
18/03/2022 16:44:01 Pilot control
18/03/2022 16:44:01 -------------Check stall condition-------------
18/03/2022 16:44:01 Alt: -0.127
18/03/2022 16:44:02 distance: 927.6565981032555
18/03/2022 16:44:02 Mode: RTL
18/03/2022 16:44:02 Pilot control
18/03/2022 16:44:02 Pilot control
18/03/2022 16:44:02 -------------Check stall condition-------------
18/03/2022 16:44:02 Alt: -0.127
18/03/2022 16:44:02 distance: 927.6565981032555
18/03/2022 16:44:02 Mode: RTL
18/03/2022 16:44:02 Pilot control
18/03/2022 16:44:02 Pilot control
18/03/2022 16:44:02 -------------Check stall condition-------------
18/03/2022 16:44:02 Alt: -0.127
18/03/2022 16:44:02 distance: 927.7134890220378
18/03/2022 16:44:02 Mode: RTL
18/03/2022 16:44:02 Pilot control
18/03/2022 16:44:02 Pilot control
18/03/2022 16:44:02 -------------Check stall condition-------------
18/03/2022 16:44:02 Alt: -0.117
18/03/2022 16:44:02 distance: 927.7134890220378
18/03/2022 16:44:02 Mode: RTL
18/03/2022 16:44:02 Pilot control
18/03/2022 16:44:02 Pilot control
18/03/2022 16:44:02 -------------Check stall condition-------------
18/03/2022 16:44:02 Alt: -0.117
18/03/2022 16:44:02 distance: 927.7134890220378
18/03/2022 16:44:02 Mode: RTL
18/03/2022 16:44:02 Pilot control
18/03/2022 16:44:02 Pilot control
18/03/2022 16:44:02 -------------Check stall condition-------------
18/03/2022 16:44:02 Alt: -0.117
18/03/2022 16:44:02 distance: 927.7134890220378
18/03/2022 16:44:02 Mode: RTL
18/03/2022 16:44:02 Pilot control
18/03/2022 16:44:02 Pilot control
18/03/2022 16:44:02 -------------Check stall condition-------------
18/03/2022 16:44:02 Alt: -0.117
18/03/2022 16:44:02 distance: 927.7134890220378
18/03/2022 16:44:02 Mode: RTL
18/03/2022 16:44:02 Pilot control
18/03/2022 16:44:02 Pilot control
18/03/2022 16:44:02 -------------Check stall condition-------------
18/03/2022 16:44:02 Alt: -0.117
18/03/2022 16:44:02 distance: 927.7134890220378
18/03/2022 16:44:02 Mode: RTL
18/03/2022 16:44:02 Pilot control
18/03/2022 16:44:02 Pilot control
18/03/2022 16:44:02 -------------Check stall condition-------------
18/03/2022 16:44:02 Alt: -0.117
18/03/2022 16:44:02 distance: 927.7134890220378
18/03/2022 16:44:02 Mode: RTL
18/03/2022 16:44:02 Pilot control
18/03/2022 16:44:02 Pilot control
18/03/2022 16:44:02 -------------Check stall condition-------------
18/03/2022 16:44:02 Alt: -0.117
18/03/2022 16:44:02 distance: 927.7134890220378
18/03/2022 16:44:02 Mode: RTL
18/03/2022 16:44:02 Pilot control
18/03/2022 16:44:02 Pilot control
18/03/2022 16:44:02 -------------Check stall condition-------------
18/03/2022 16:44:02 Alt: -0.115
18/03/2022 16:44:02 distance: 927.7786149495602
18/03/2022 16:44:02 Mode: RTL
18/03/2022 16:44:02 Pilot control
18/03/2022 16:44:02 Pilot control
18/03/2022 16:44:02 -------------Check stall condition-------------
18/03/2022 16:44:02 Alt: -0.115
18/03/2022 16:44:02 distance: 927.7786149495602
18/03/2022 16:44:02 Mode: RTL
18/03/2022 16:44:02 Pilot control
18/03/2022 16:44:02 Pilot control
18/03/2022 16:44:02 -------------Check stall condition-------------
18/03/2022 16:44:02 Alt: -0.115
18/03/2022 16:44:02 distance: 927.7786149495602
18/03/2022 16:44:02 Mode: RTL
18/03/2022 16:44:02 Pilot control
18/03/2022 16:44:02 Pilot control
18/03/2022 16:44:02 -------------Check stall condition-------------
18/03/2022 16:44:02 Alt: -0.115
18/03/2022 16:44:02 distance: 927.7786149495602
18/03/2022 16:44:02 Mode: RTL
18/03/2022 16:44:02 Pilot control
18/03/2022 16:44:02 Pilot control
18/03/2022 16:44:02 -------------Check stall condition-------------
18/03/2022 16:44:02 Alt: -0.115
18/03/2022 16:44:02 distance: 927.8594684204957
18/03/2022 16:44:02 Mode: RTL
18/03/2022 16:44:02 Pilot control
18/03/2022 16:44:02 Pilot control
18/03/2022 16:44:02 -------------Check stall condition-------------
18/03/2022 16:44:02 Alt: -0.123
18/03/2022 16:44:02 distance: 927.8594684204957
18/03/2022 16:44:02 Mode: RTL
18/03/2022 16:44:02 Pilot control
18/03/2022 16:44:02 Pilot control
18/03/2022 16:44:02 -------------Check stall condition-------------
18/03/2022 16:44:02 Alt: -0.123
18/03/2022 16:44:02 distance: 927.8594684204957
18/03/2022 16:44:02 Mode: RTL
18/03/2022 16:44:02 Pilot control
18/03/2022 16:44:02 Pilot control
18/03/2022 16:44:02 -------------Check stall condition-------------
18/03/2022 16:44:02 Alt: -0.123
18/03/2022 16:44:02 distance: 927.8594684204957
18/03/2022 16:44:02 Mode: RTL
18/03/2022 16:44:02 Pilot control
18/03/2022 16:44:02 Pilot control
18/03/2022 16:44:02 -------------Check stall condition-------------
18/03/2022 16:44:02 Alt: -0.123
18/03/2022 16:44:02 distance: 927.8594684204957
18/03/2022 16:44:02 Mode: RTL
18/03/2022 16:44:02 Pilot control
18/03/2022 16:44:02 Pilot control
18/03/2022 16:44:02 -------------Check stall condition-------------
18/03/2022 16:44:02 Alt: -0.123
18/03/2022 16:44:02 distance: 927.8594684204957
18/03/2022 16:44:02 Mode: RTL
18/03/2022 16:44:02 Pilot control
18/03/2022 16:44:02 Pilot control
18/03/2022 16:44:02 -------------Check stall condition-------------
18/03/2022 16:44:02 Alt: -0.125
18/03/2022 16:44:02 distance: 927.9245985254585
18/03/2022 16:44:02 Mode: RTL
18/03/2022 16:44:02 Pilot control
18/03/2022 16:44:02 Pilot control
18/03/2022 16:44:02 -------------Check stall condition-------------
18/03/2022 16:44:02 Alt: -0.125
18/03/2022 16:44:02 distance: 927.9245985254585
18/03/2022 16:44:02 Mode: RTL
18/03/2022 16:44:02 Pilot control
18/03/2022 16:44:02 Pilot control
18/03/2022 16:44:02 -------------Check stall condition-------------
18/03/2022 16:44:02 Alt: -0.125
18/03/2022 16:44:02 distance: 927.9245985254585
18/03/2022 16:44:02 Mode: RTL
18/03/2022 16:44:02 Pilot control
18/03/2022 16:44:02 Pilot control
18/03/2022 16:44:02 -------------Check stall condition-------------
18/03/2022 16:44:02 Alt: -0.125
18/03/2022 16:44:02 distance: 927.9245985254585
18/03/2022 16:44:02 Mode: RTL
18/03/2022 16:44:03 Pilot control
18/03/2022 16:44:03 Pilot control
18/03/2022 16:44:03 -------------Check stall condition-------------
18/03/2022 16:44:03 Alt: -0.125
18/03/2022 16:44:03 distance: 927.9245985254585
18/03/2022 16:44:03 Mode: RTL
18/03/2022 16:44:03 Pilot control
18/03/2022 16:44:03 Pilot control
18/03/2022 16:44:03 -------------Check stall condition-------------
18/03/2022 16:44:03 Alt: -0.122
18/03/2022 16:44:03 distance: 927.9897307352213
18/03/2022 16:44:03 Mode: RTL
18/03/2022 16:44:03 Pilot control
18/03/2022 16:44:03 Pilot control
18/03/2022 16:44:03 -------------Check stall condition-------------
18/03/2022 16:44:03 Alt: -0.122
18/03/2022 16:44:03 distance: 927.9897307352213
18/03/2022 16:44:03 Mode: RTL
18/03/2022 16:44:03 Pilot control
18/03/2022 16:44:03 Pilot control
18/03/2022 16:44:03 -------------Check stall condition-------------
18/03/2022 16:44:03 Alt: -0.122
18/03/2022 16:44:03 distance: 927.9897307352213
18/03/2022 16:44:03 Mode: RTL
18/03/2022 16:44:03 Pilot control
18/03/2022 16:44:03 Pilot control
18/03/2022 16:44:03 -------------Check stall condition-------------
18/03/2022 16:44:03 Alt: -0.122
18/03/2022 16:44:03 distance: 927.9897307352213
18/03/2022 16:44:03 Mode: RTL
18/03/2022 16:44:03 Pilot control
18/03/2022 16:44:03 Pilot control
18/03/2022 16:44:03 -------------Check stall condition-------------
18/03/2022 16:44:03 Alt: -0.122
18/03/2022 16:44:03 distance: 927.9897307352213
18/03/2022 16:44:03 Mode: RTL
18/03/2022 16:44:03 Pilot control
18/03/2022 16:44:03 Pilot control
18/03/2022 16:44:03 -------------Check stall condition-------------
18/03/2022 16:44:03 Alt: -0.122
18/03/2022 16:44:03 distance: 927.9897307352213
18/03/2022 16:44:03 Mode: RTL
18/03/2022 16:44:03 Pilot control
18/03/2022 16:44:03 Pilot control
18/03/2022 16:44:03 -------------Check stall condition-------------
18/03/2022 16:44:03 Alt: -0.118
18/03/2022 16:44:03 distance: 928.0391397186743
18/03/2022 16:44:03 Mode: RTL
18/03/2022 16:44:03 Pilot control
18/03/2022 16:44:03 Pilot control
18/03/2022 16:44:03 -------------Check stall condition-------------
18/03/2022 16:44:03 Alt: -0.118
18/03/2022 16:44:03 distance: 928.0391397186743
18/03/2022 16:44:03 Mode: RTL
18/03/2022 16:44:03 Pilot control
18/03/2022 16:44:03 Pilot control
18/03/2022 16:44:03 -------------Check stall condition-------------
18/03/2022 16:44:03 Alt: -0.118
18/03/2022 16:44:03 distance: 928.0391397186743
18/03/2022 16:44:03 Mode: RTL
18/03/2022 16:44:03 Pilot control
18/03/2022 16:44:03 Pilot control
18/03/2022 16:44:03 -------------Check stall condition-------------
18/03/2022 16:44:03 Alt: -0.118
18/03/2022 16:44:03 distance: 928.0391397186743
18/03/2022 16:44:03 Mode: RTL
18/03/2022 16:44:03 Pilot control
18/03/2022 16:44:03 Pilot control
18/03/2022 16:44:03 -------------Check stall condition-------------
18/03/2022 16:44:03 Alt: -0.118
18/03/2022 16:44:03 distance: 928.0892964658902
18/03/2022 16:44:03 Mode: RTL
18/03/2022 16:44:03 Pilot control
18/03/2022 16:44:03 Pilot control
18/03/2022 16:44:03 -------------Check stall condition-------------
18/03/2022 16:44:03 Alt: -0.12
18/03/2022 16:44:03 distance: 928.0892964658902
18/03/2022 16:44:03 Mode: RTL
18/03/2022 16:44:03 Pilot control
18/03/2022 16:44:03 Pilot control
18/03/2022 16:44:03 -------------Check stall condition-------------
18/03/2022 16:44:03 Alt: -0.12
18/03/2022 16:44:03 distance: 928.0892964658902
18/03/2022 16:44:03 Mode: RTL
18/03/2022 16:44:03 Pilot control
18/03/2022 16:44:03 Pilot control
18/03/2022 16:44:03 -------------Check stall condition-------------
18/03/2022 16:44:03 Alt: -0.12
18/03/2022 16:44:03 distance: 928.0892964658902
18/03/2022 16:44:03 Mode: RTL
18/03/2022 16:44:03 Pilot control
18/03/2022 16:44:03 Pilot control
18/03/2022 16:44:03 -------------Check stall condition-------------
18/03/2022 16:44:03 Alt: -0.12
18/03/2022 16:44:03 distance: 928.0892964658902
18/03/2022 16:44:03 Mode: RTL
18/03/2022 16:44:03 Pilot control
18/03/2022 16:44:03 Pilot control
18/03/2022 16:44:03 -------------Check stall condition-------------
18/03/2022 16:44:03 Alt: -0.13
18/03/2022 16:44:03 distance: 928.1709076470227
18/03/2022 16:44:03 Mode: RTL
18/03/2022 16:44:03 Pilot control
18/03/2022 16:44:03 Pilot control
18/03/2022 16:44:03 -------------Check stall condition-------------
18/03/2022 16:44:03 Alt: -0.13
18/03/2022 16:44:03 distance: 928.1709076470227
18/03/2022 16:44:03 Mode: RTL
18/03/2022 16:44:03 Pilot control
18/03/2022 16:44:03 Pilot control
18/03/2022 16:44:03 -------------Check stall condition-------------
18/03/2022 16:44:03 Alt: -0.13
18/03/2022 16:44:03 distance: 928.1709076470227
18/03/2022 16:44:03 Mode: RTL
18/03/2022 16:44:03 Pilot control
18/03/2022 16:44:03 Pilot control
18/03/2022 16:44:03 -------------Check stall condition-------------
18/03/2022 16:44:04 Alt: -0.13
18/03/2022 16:44:04 distance: 928.1709076470227
18/03/2022 16:44:04 Mode: RTL
18/03/2022 16:44:04 Pilot control
18/03/2022 16:44:04 Pilot control
18/03/2022 16:44:04 -------------Check stall condition-------------
18/03/2022 16:44:04 Alt: -0.13
18/03/2022 16:44:04 distance: 928.2689956345523
18/03/2022 16:44:04 Mode: RTL
18/03/2022 16:44:04 Pilot control
18/03/2022 16:44:04 Pilot control
18/03/2022 16:44:04 -------------Check stall condition-------------
18/03/2022 16:44:04 Alt: -0.142
18/03/2022 16:44:04 distance: 928.2689956345523
18/03/2022 16:44:04 Mode: RTL
18/03/2022 16:44:04 Pilot control
18/03/2022 16:44:04 Pilot control
18/03/2022 16:44:04 -------------Check stall condition-------------
18/03/2022 16:44:04 Alt: -0.142
18/03/2022 16:44:04 distance: 928.2689956345523
18/03/2022 16:44:04 Mode: RTL
18/03/2022 16:44:04 Pilot control
18/03/2022 16:44:04 Pilot control
18/03/2022 16:44:04 -------------Check stall condition-------------
18/03/2022 16:44:04 Alt: -0.142
18/03/2022 16:44:04 distance: 928.2689956345523
18/03/2022 16:44:04 Mode: RTL
18/03/2022 16:44:04 Pilot control
18/03/2022 16:44:04 Pilot control
18/03/2022 16:44:04 -------------Check stall condition-------------
18/03/2022 16:44:04 Alt: -0.142
18/03/2022 16:44:04 distance: 928.2689956345523
18/03/2022 16:44:04 Mode: RTL
18/03/2022 16:44:04 Pilot control
18/03/2022 16:44:04 Pilot control
18/03/2022 16:44:04 -------------Check stall condition-------------
18/03/2022 16:44:04 Alt: -0.142
18/03/2022 16:44:04 distance: 928.2689956345523
18/03/2022 16:44:04 Mode: RTL
18/03/2022 16:44:04 Pilot control
18/03/2022 16:44:04 Pilot control
18/03/2022 16:44:04 -------------Check stall condition-------------
18/03/2022 16:44:04 Alt: -0.142
18/03/2022 16:44:04 distance: 928.4000387261436
18/03/2022 16:44:04 Mode: RTL
18/03/2022 16:44:04 Pilot control
18/03/2022 16:44:04 Pilot control
18/03/2022 16:44:04 -------------Check stall condition-------------
18/03/2022 16:44:04 Alt: -0.164
18/03/2022 16:44:04 distance: 928.4000387261436
18/03/2022 16:44:04 Mode: RTL
18/03/2022 16:44:04 Pilot control
18/03/2022 16:44:04 Pilot control
18/03/2022 16:44:04 -------------Check stall condition-------------
18/03/2022 16:44:04 Alt: -0.164
18/03/2022 16:44:04 distance: 928.4000387261436
18/03/2022 16:44:04 Mode: RTL
18/03/2022 16:44:04 Pilot control
18/03/2022 16:44:04 Pilot control
18/03/2022 16:44:04 -------------Check stall condition-------------
18/03/2022 16:44:04 Alt: -0.164
18/03/2022 16:44:04 distance: 928.4000387261436
18/03/2022 16:44:04 Mode: RTL
18/03/2022 16:44:04 Pilot control
18/03/2022 16:44:04 Pilot control
18/03/2022 16:44:04 -------------Check stall condition-------------
18/03/2022 16:44:04 Alt: -0.179
18/03/2022 16:44:04 distance: 928.4577021231592
18/03/2022 16:44:04 Mode: RTL
18/03/2022 16:44:04 Pilot control
18/03/2022 16:44:04 Pilot control
18/03/2022 16:44:04 -------------Check stall condition-------------
18/03/2022 16:44:04 Alt: -0.179
18/03/2022 16:44:04 distance: 928.4577021231592
18/03/2022 16:44:04 Mode: RTL
18/03/2022 16:44:04 Pilot control
18/03/2022 16:44:04 Pilot control
18/03/2022 16:44:04 -------------Check stall condition-------------
18/03/2022 16:44:04 Alt: -0.179
18/03/2022 16:44:04 distance: 928.4577021231592
18/03/2022 16:44:04 Mode: RTL
18/03/2022 16:44:04 Pilot control
18/03/2022 16:44:04 Pilot control
18/03/2022 16:44:04 -------------Check stall condition-------------
18/03/2022 16:44:04 Alt: -0.179
18/03/2022 16:44:04 distance: 928.4577021231592
18/03/2022 16:44:04 Mode: RTL
18/03/2022 16:44:04 Pilot control
18/03/2022 16:44:04 Pilot control
18/03/2022 16:44:04 -------------Check stall condition-------------
18/03/2022 16:44:04 Alt: -0.179
18/03/2022 16:44:04 distance: 928.4577021231592
18/03/2022 16:44:04 Mode: RTL
18/03/2022 16:44:04 Pilot control
18/03/2022 16:44:04 Pilot control
18/03/2022 16:44:04 -------------Check stall condition-------------
18/03/2022 16:44:04 Alt: -0.203
18/03/2022 16:44:04 distance: 928.5797719765454
18/03/2022 16:44:04 Mode: RTL
18/03/2022 16:44:04 Pilot control
18/03/2022 16:44:04 Pilot control
18/03/2022 16:44:04 -------------Check stall condition-------------
18/03/2022 16:44:04 Alt: -0.203
18/03/2022 16:44:04 distance: 928.5797719765454
18/03/2022 16:44:04 Mode: RTL
18/03/2022 16:44:04 Pilot control
18/03/2022 16:44:04 Pilot control
18/03/2022 16:44:04 -------------Check stall condition-------------
18/03/2022 16:44:04 Alt: -0.203
18/03/2022 16:44:04 distance: 928.5797719765454
18/03/2022 16:44:04 Mode: RTL
18/03/2022 16:44:04 Pilot control
18/03/2022 16:44:05 Pilot control
18/03/2022 16:44:05 -------------Check stall condition-------------
18/03/2022 16:44:05 Alt: -0.203
18/03/2022 16:44:05 distance: 928.5797719765454
18/03/2022 16:44:05 Mode: RTL
18/03/2022 16:44:05 Pilot control
18/03/2022 16:44:05 Pilot control
18/03/2022 16:44:05 -------------Check stall condition-------------
18/03/2022 16:44:05 Alt: -0.203
18/03/2022 16:44:05 distance: 928.5797719765454
18/03/2022 16:44:05 Mode: RTL
18/03/2022 16:44:05 Pilot control
18/03/2022 16:44:05 Pilot control
18/03/2022 16:44:05 -------------Check stall condition-------------
18/03/2022 16:44:05 Alt: -0.203
18/03/2022 16:44:05 distance: 928.7100880423334
18/03/2022 16:44:05 Mode: RTL
18/03/2022 16:44:05 Pilot control
18/03/2022 16:44:05 Pilot control
18/03/2022 16:44:05 -------------Check stall condition-------------
18/03/2022 16:44:05 Alt: -0.133
18/03/2022 16:44:05 distance: 928.7100880423334
18/03/2022 16:44:05 Mode: RTL
18/03/2022 16:44:05 Pilot control
18/03/2022 16:44:05 Pilot control
18/03/2022 16:44:05 -------------Check stall condition-------------
18/03/2022 16:44:05 Alt: -0.133
18/03/2022 16:44:05 distance: 928.7100880423334
18/03/2022 16:44:05 Mode: RTL
18/03/2022 16:44:05 Pilot control
18/03/2022 16:44:05 Pilot control
18/03/2022 16:44:05 -------------Check stall condition-------------
18/03/2022 16:44:05 Alt: -0.086
18/03/2022 16:44:05 distance: 928.8404125076107
18/03/2022 16:44:05 Mode: RTL
18/03/2022 16:44:05 Pilot control
18/03/2022 16:44:05 Pilot control
18/03/2022 16:44:05 -------------Check stall condition-------------
18/03/2022 16:44:05 Alt: -0.086
18/03/2022 16:44:05 distance: 928.8404125076107
18/03/2022 16:44:05 Mode: RTL
18/03/2022 16:44:05 Pilot control
18/03/2022 16:44:05 Pilot control
18/03/2022 16:44:05 -------------Check stall condition-------------
18/03/2022 16:44:05 Alt: -0.086
18/03/2022 16:44:05 distance: 928.8404125076107
18/03/2022 16:44:05 Mode: RTL
18/03/2022 16:44:05 Pilot control
18/03/2022 16:44:05 Pilot control
18/03/2022 16:44:05 -------------Check stall condition-------------
18/03/2022 16:44:05 Alt: -0.086
18/03/2022 16:44:05 distance: 928.8404125076107
18/03/2022 16:44:05 Mode: RTL
18/03/2022 16:44:05 Pilot control
18/03/2022 16:44:05 Pilot control
18/03/2022 16:44:05 -------------Check stall condition-------------
18/03/2022 16:44:05 Alt: -0.086
18/03/2022 16:44:05 distance: 928.9954675190245
18/03/2022 16:44:05 Mode: RTL
18/03/2022 16:44:06 Pilot control
18/03/2022 16:44:06 Pilot control
18/03/2022 16:44:06 -------------Check stall condition-------------
18/03/2022 16:44:06 Alt: -0.08
18/03/2022 16:44:06 distance: 928.9954675190245
18/03/2022 16:44:06 Mode: RTL
18/03/2022 16:44:06 Pilot control
18/03/2022 16:44:06 Pilot control
18/03/2022 16:44:06 -------------Check stall condition-------------
18/03/2022 16:44:06 Alt: -0.08
18/03/2022 16:44:06 distance: 928.9954675190245
18/03/2022 16:44:06 Mode: RTL
18/03/2022 16:44:06 Pilot control
18/03/2022 16:44:06 Pilot control
18/03/2022 16:44:06 -------------Check stall condition-------------
18/03/2022 16:44:06 Alt: -0.08
18/03/2022 16:44:06 distance: 928.9954675190245
18/03/2022 16:44:06 Mode: RTL
18/03/2022 16:44:06 Pilot control
18/03/2022 16:44:06 Pilot control
18/03/2022 16:44:06 -------------Check stall condition-------------
18/03/2022 16:44:06 Alt: -0.08
18/03/2022 16:44:06 distance: 929.1258109062278
18/03/2022 16:44:06 Mode: RTL
18/03/2022 16:44:06 Pilot control
18/03/2022 16:44:06 Pilot control
18/03/2022 16:44:06 -------------Check stall condition-------------
18/03/2022 16:44:06 Alt: -0.081
18/03/2022 16:44:06 distance: 929.1258109062278
18/03/2022 16:44:06 Mode: RTL
18/03/2022 16:44:06 Pilot control
18/03/2022 16:44:06 Pilot control
18/03/2022 16:44:06 -------------Check stall condition-------------
18/03/2022 16:44:06 Alt: -0.079
18/03/2022 16:44:06 distance: 929.2808896414035
18/03/2022 16:44:06 Mode: RTL
18/03/2022 16:44:06 Pilot control
18/03/2022 16:44:06 Pilot control
18/03/2022 16:44:06 -------------Check stall condition-------------
18/03/2022 16:44:06 Alt: -0.079
18/03/2022 16:44:06 distance: 929.2808896414035
18/03/2022 16:44:06 Mode: RTL
18/03/2022 16:44:06 Pilot control
18/03/2022 16:44:06 Pilot control
18/03/2022 16:44:06 -------------Check stall condition-------------
18/03/2022 16:44:06 Alt: -0.079
18/03/2022 16:44:06 distance: 929.2808896414035
18/03/2022 16:44:06 Mode: RTL
18/03/2022 16:44:06 Pilot control
18/03/2022 16:44:06 Pilot control
18/03/2022 16:44:06 -------------Check stall condition-------------
18/03/2022 16:44:06 Alt: -0.073
18/03/2022 16:44:06 distance: 929.4359815665539
18/03/2022 16:44:06 Mode: RTL
18/03/2022 16:44:06 Pilot control
18/03/2022 16:44:06 Pilot control
18/03/2022 16:44:06 -------------Check stall condition-------------
18/03/2022 16:44:06 Alt: -0.073
18/03/2022 16:44:06 distance: 929.590322829355
18/03/2022 16:44:06 Mode: RTL
18/03/2022 16:44:06 Pilot control
18/03/2022 16:44:06 Pilot control
18/03/2022 16:44:06 -------------Check stall condition-------------
18/03/2022 16:44:06 Alt: -0.064
18/03/2022 16:44:06 distance: 929.590322829355
18/03/2022 16:44:06 Mode: RTL
18/03/2022 16:44:06 Pilot control
18/03/2022 16:44:06 Pilot control
18/03/2022 16:44:06 -------------Check stall condition-------------
18/03/2022 16:44:06 Alt: -0.064
18/03/2022 16:44:06 distance: 929.590322829355
18/03/2022 16:44:06 Mode: RTL
18/03/2022 16:44:06 Pilot control
18/03/2022 16:44:06 Pilot control
18/03/2022 16:44:06 -------------Check stall condition-------------
18/03/2022 16:44:06 Alt: -0.064
18/03/2022 16:44:06 distance: 929.590322829355
18/03/2022 16:44:06 Mode: RTL
18/03/2022 16:44:06 Pilot control
18/03/2022 16:44:06 Pilot control
18/03/2022 16:44:06 -------------Check stall condition-------------
18/03/2022 16:44:06 Alt: -0.064
18/03/2022 16:44:06 distance: 929.7536842290672
18/03/2022 16:44:06 Mode: RTL
18/03/2022 16:44:06 Pilot control
18/03/2022 16:44:06 Pilot control
18/03/2022 16:44:06 -------------Check stall condition-------------
18/03/2022 16:44:06 Alt: -0.047
18/03/2022 16:44:06 distance: 929.7536842290672
18/03/2022 16:44:06 Mode: RTL
18/03/2022 16:44:06 Pilot control
18/03/2022 16:44:06 Pilot control
18/03/2022 16:44:06 -------------Check stall condition-------------
18/03/2022 16:44:06 Alt: -0.047
18/03/2022 16:44:06 distance: 929.7536842290672
18/03/2022 16:44:06 Mode: RTL
18/03/2022 16:44:06 Pilot control
18/03/2022 16:44:06 Pilot control
18/03/2022 16:44:06 -------------Check stall condition-------------
18/03/2022 16:44:06 Alt: -0.047
18/03/2022 16:44:06 distance: 929.7536842290672
18/03/2022 16:44:06 Mode: RTL
18/03/2022 16:44:06 Pilot control
18/03/2022 16:44:06 Pilot control
18/03/2022 16:44:06 -------------Check stall condition-------------
18/03/2022 16:44:06 Alt: -0.047
18/03/2022 16:44:06 distance: 929.7536842290672
18/03/2022 16:44:07 Mode: RTL
18/03/2022 16:44:07 Pilot control
18/03/2022 16:44:07 Pilot control
18/03/2022 16:44:07 -------------Check stall condition-------------
18/03/2022 16:44:07 Alt: -0.047
18/03/2022 16:44:07 distance: 929.7536842290672
18/03/2022 16:44:07 Mode: RTL
18/03/2022 16:44:07 Pilot control
18/03/2022 16:44:07 Pilot control
18/03/2022 16:44:07 -------------Check stall condition-------------
18/03/2022 16:44:07 Alt: -0.02
18/03/2022 16:44:07 distance: 929.917060639851
18/03/2022 16:44:07 Mode: RTL
18/03/2022 16:44:07 Pilot control
18/03/2022 16:44:07 Pilot control
18/03/2022 16:44:07 -------------Check stall condition-------------
18/03/2022 16:44:07 Alt: -0.02
18/03/2022 16:44:07 distance: 929.917060639851
18/03/2022 16:44:07 Mode: RTL
18/03/2022 16:44:07 Pilot control
18/03/2022 16:44:07 Pilot control
18/03/2022 16:44:07 -------------Check stall condition-------------
18/03/2022 16:44:07 Alt: -0.02
18/03/2022 16:44:07 distance: 929.917060639851
18/03/2022 16:44:07 Mode: RTL
18/03/2022 16:44:07 Pilot control
18/03/2022 16:44:07 Pilot control
18/03/2022 16:44:07 -------------Check stall condition-------------
18/03/2022 16:44:07 Alt: -0.02
18/03/2022 16:44:07 distance: 929.917060639851
18/03/2022 16:44:07 Mode: RTL
18/03/2022 16:44:07 Pilot control
18/03/2022 16:44:07 Pilot control
18/03/2022 16:44:07 -------------Check stall condition-------------
18/03/2022 16:44:07 Alt: -0.02
18/03/2022 16:44:07 distance: 929.917060639851
18/03/2022 16:44:07 Mode: RTL
18/03/2022 16:44:07 Pilot control
18/03/2022 16:44:07 Pilot control
18/03/2022 16:44:07 -------------Check stall condition-------------
18/03/2022 16:44:07 Alt: 0.003
18/03/2022 16:44:07 distance: 930.1036534355759
18/03/2022 16:44:07 Mode: RTL
18/03/2022 16:44:07 Pilot control
18/03/2022 16:44:07 Pilot control
18/03/2022 16:44:07 -------------Check stall condition-------------
18/03/2022 16:44:07 Alt: 0.003
18/03/2022 16:44:07 distance: 930.1036534355759
18/03/2022 16:44:07 Mode: RTL
18/03/2022 16:44:07 Pilot control
18/03/2022 16:44:07 Pilot control
18/03/2022 16:44:07 -------------Check stall condition-------------
18/03/2022 16:44:07 Alt: 0.003
18/03/2022 16:44:07 distance: 930.1036534355759
18/03/2022 16:44:07 Mode: RTL
18/03/2022 16:44:07 Pilot control
18/03/2022 16:44:07 Pilot control
18/03/2022 16:44:07 -------------Check stall condition-------------
18/03/2022 16:44:07 Alt: 0.003
18/03/2022 16:44:07 distance: 930.1036534355759
18/03/2022 16:44:07 Mode: RTL
18/03/2022 16:44:07 Pilot control
18/03/2022 16:44:07 Pilot control
18/03/2022 16:44:07 -------------Check stall condition-------------
18/03/2022 16:44:07 Alt: 0.003
18/03/2022 16:44:07 distance: 930.1036534355759
18/03/2022 16:44:07 Mode: RTL
18/03/2022 16:44:07 Pilot control
18/03/2022 16:44:07 Pilot control
18/03/2022 16:44:07 -------------Check stall condition-------------
18/03/2022 16:44:07 Alt: 0.003
18/03/2022 16:44:07 distance: 930.1036534355759
18/03/2022 16:44:07 Mode: RTL
18/03/2022 16:44:07 Pilot control
18/03/2022 16:44:07 Pilot control
18/03/2022 16:44:07 -------------Check stall condition-------------
18/03/2022 16:44:07 Alt: 0.003
18/03/2022 16:44:07 distance: 930.1036534355759
18/03/2022 16:44:07 Mode: RTL
18/03/2022 16:44:07 Pilot control
18/03/2022 16:44:07 Pilot control
18/03/2022 16:44:07 -------------Check stall condition-------------
18/03/2022 16:44:07 Alt: 0.003
18/03/2022 16:44:07 distance: 930.1036534355759
18/03/2022 16:44:07 Mode: RTL
18/03/2022 16:44:07 Pilot control
18/03/2022 16:44:07 Pilot control
18/03/2022 16:44:07 -------------Check stall condition-------------
18/03/2022 16:44:07 Alt: 0.003
18/03/2022 16:44:07 distance: 930.5106461406014
18/03/2022 16:44:07 Mode: RTL
18/03/2022 16:44:08 Pilot control
18/03/2022 16:44:08 Pilot control
18/03/2022 16:44:08 -------------Check stall condition-------------
18/03/2022 16:44:08 Alt: 0.031
18/03/2022 16:44:08 distance: 930.5106461406014
18/03/2022 16:44:08 Mode: RTL
18/03/2022 16:44:08 Pilot control
18/03/2022 16:44:08 Pilot control
18/03/2022 16:44:08 -------------Check stall condition-------------
18/03/2022 16:44:08 Alt: 0.031
18/03/2022 16:44:08 distance: 930.5106461406014
18/03/2022 16:44:08 Mode: RTL
18/03/2022 16:44:08 Pilot control
18/03/2022 16:44:08 Pilot control
18/03/2022 16:44:08 -------------Check stall condition-------------
18/03/2022 16:44:08 Alt: 0.031
18/03/2022 16:44:08 distance: 930.5106461406014
18/03/2022 16:44:08 Mode: RTL
18/03/2022 16:44:08 Pilot control
18/03/2022 16:44:08 Pilot control
18/03/2022 16:44:08 -------------Check stall condition-------------
18/03/2022 16:44:08 Alt: 0.031
18/03/2022 16:44:08 distance: 930.5106461406014
18/03/2022 16:44:08 Mode: RTL
18/03/2022 16:44:08 Pilot control
18/03/2022 16:44:08 Pilot control
18/03/2022 16:44:08 -------------Check stall condition-------------
18/03/2022 16:44:08 Alt: 0.032
18/03/2022 16:44:08 distance: 930.6650592426173
18/03/2022 16:44:08 Mode: RTL
18/03/2022 16:44:08 Pilot control
18/03/2022 16:44:08 Pilot control
18/03/2022 16:44:08 -------------Check stall condition-------------
18/03/2022 16:44:08 Alt: 0.032
18/03/2022 16:44:08 distance: 930.6650592426173
18/03/2022 16:44:08 Mode: RTL
18/03/2022 16:44:08 Pilot control
18/03/2022 16:44:08 Pilot control
18/03/2022 16:44:08 -------------Check stall condition-------------
18/03/2022 16:44:08 Alt: 0.032
18/03/2022 16:44:08 distance: 930.6650592426173
18/03/2022 16:44:08 Mode: RTL
18/03/2022 16:44:08 Pilot control
18/03/2022 16:44:08 Pilot control
18/03/2022 16:44:08 -------------Check stall condition-------------
18/03/2022 16:44:08 Alt: 0.032
18/03/2022 16:44:08 distance: 930.6650592426173
18/03/2022 16:44:08 Mode: RTL
18/03/2022 16:44:08 Pilot control
18/03/2022 16:44:08 Pilot control
18/03/2022 16:44:08 -------------Check stall condition-------------
18/03/2022 16:44:08 Alt: 0.032
18/03/2022 16:44:08 distance: 930.8607351893284
18/03/2022 16:44:08 Mode: RTL
18/03/2022 16:44:08 Pilot control
18/03/2022 16:44:08 Pilot control
18/03/2022 16:44:08 -------------Check stall condition-------------
18/03/2022 16:44:08 Alt: 0.033
18/03/2022 16:44:08 distance: 930.8607351893284
18/03/2022 16:44:08 Mode: RTL
18/03/2022 16:44:08 Pilot control
18/03/2022 16:44:08 Pilot control
18/03/2022 16:44:08 -------------Check stall condition-------------
18/03/2022 16:44:08 Alt: 0.033
18/03/2022 16:44:08 distance: 930.8607351893284
18/03/2022 16:44:08 Mode: RTL
18/03/2022 16:44:08 Pilot control
18/03/2022 16:44:08 Pilot control
18/03/2022 16:44:08 -------------Check stall condition-------------
18/03/2022 16:44:08 Alt: 0.033
18/03/2022 16:44:08 distance: 931.0391466383157
18/03/2022 16:44:08 Mode: RTL
18/03/2022 16:44:08 Pilot control
18/03/2022 16:44:08 Pilot control
18/03/2022 16:44:08 -------------Check stall condition-------------
18/03/2022 16:44:08 Alt: 0.033
18/03/2022 16:44:08 distance: 931.0391466383157
18/03/2022 16:44:08 Mode: RTL
18/03/2022 16:44:08 Pilot control
18/03/2022 16:44:09 Pilot control
18/03/2022 16:44:09 -------------Check stall condition-------------
18/03/2022 16:44:09 Alt: 0.033
18/03/2022 16:44:09 distance: 931.0391466383157
18/03/2022 16:44:09 Mode: RTL
18/03/2022 16:44:09 Pilot control
18/03/2022 16:44:09 Pilot control
18/03/2022 16:44:09 -------------Check stall condition-------------
18/03/2022 16:44:09 Alt: 0.033
18/03/2022 16:44:09 distance: 931.0391466383157
18/03/2022 16:44:09 Mode: RTL
18/03/2022 16:44:09 Pilot control
18/03/2022 16:44:09 Pilot control
18/03/2022 16:44:09 -------------Check stall condition-------------
18/03/2022 16:44:09 Alt: 0.033
18/03/2022 16:44:09 distance: 931.2258215945718
18/03/2022 16:44:09 Mode: RTL
18/03/2022 16:44:09 Pilot control
18/03/2022 16:44:09 Pilot control
18/03/2022 16:44:09 -------------Check stall condition-------------
18/03/2022 16:44:09 Alt: 0.028
18/03/2022 16:44:09 distance: 931.2258215945718
18/03/2022 16:44:09 Mode: RTL
18/03/2022 16:44:09 Pilot control
18/03/2022 16:44:09 Pilot control
18/03/2022 16:44:09 -------------Check stall condition-------------
18/03/2022 16:44:09 Alt: 0.028
18/03/2022 16:44:09 distance: 931.2258215945718
18/03/2022 16:44:09 Mode: RTL
18/03/2022 16:44:09 Pilot control
18/03/2022 16:44:09 Pilot control
18/03/2022 16:44:09 -------------Check stall condition-------------
18/03/2022 16:44:09 Alt: 0.028
18/03/2022 16:44:09 distance: 931.2258215945718
18/03/2022 16:44:09 Mode: RTL
18/03/2022 16:44:09 Pilot control
18/03/2022 16:44:09 Pilot control
18/03/2022 16:44:09 -------------Check stall condition-------------
18/03/2022 16:44:09 Alt: 0.028
18/03/2022 16:44:09 distance: 931.2258215945718
18/03/2022 16:44:09 Mode: RTL
18/03/2022 16:44:09 Pilot control
18/03/2022 16:44:09 Pilot control
18/03/2022 16:44:09 -------------Check stall condition-------------
18/03/2022 16:44:09 Alt: 0.02
18/03/2022 16:44:09 distance: 931.4042559773667
18/03/2022 16:44:09 Mode: RTL
18/03/2022 16:44:09 Pilot control
18/03/2022 16:44:09 Pilot control
18/03/2022 16:44:09 -------------Check stall condition-------------
18/03/2022 16:44:09 Alt: 0.02
18/03/2022 16:44:09 distance: 931.4042559773667
18/03/2022 16:44:09 Mode: RTL
18/03/2022 16:44:09 Pilot control
18/03/2022 16:44:09 Pilot control
18/03/2022 16:44:09 -------------Check stall condition-------------
18/03/2022 16:44:09 Alt: 0.02
18/03/2022 16:44:09 distance: 931.4042559773667
18/03/2022 16:44:09 Mode: RTL
18/03/2022 16:44:09 Pilot control
18/03/2022 16:44:09 Pilot control
18/03/2022 16:44:09 -------------Check stall condition-------------
18/03/2022 16:44:09 Alt: 0.02
18/03/2022 16:44:09 distance: 931.4042559773667
18/03/2022 16:44:09 Mode: RTL
18/03/2022 16:44:09 Pilot control
18/03/2022 16:44:10 Pilot control
18/03/2022 16:44:10 -------------Check stall condition-------------
18/03/2022 16:44:10 Alt: 0.02
18/03/2022 16:44:10 distance: 931.4042559773667
18/03/2022 16:44:10 Mode: RTL
18/03/2022 16:44:10 Pilot control
18/03/2022 16:44:10 Pilot control
18/03/2022 16:44:10 -------------Check stall condition-------------
18/03/2022 16:44:10 Alt: -0.003
18/03/2022 16:44:10 distance: 931.5992097352919
18/03/2022 16:44:10 Mode: RTL
18/03/2022 16:44:10 Pilot control
18/03/2022 16:44:10 Pilot control
18/03/2022 16:44:10 -------------Check stall condition-------------
18/03/2022 16:44:10 Alt: -0.003
18/03/2022 16:44:10 distance: 931.5992097352919
18/03/2022 16:44:10 Mode: RTL
18/03/2022 16:44:10 Pilot control
18/03/2022 16:44:10 Pilot control
18/03/2022 16:44:10 -------------Check stall condition-------------
18/03/2022 16:44:10 Alt: -0.003
18/03/2022 16:44:10 distance: 931.5992097352919
18/03/2022 16:44:10 Mode: RTL
18/03/2022 16:44:10 Pilot control
18/03/2022 16:44:10 Pilot control
18/03/2022 16:44:10 -------------Check stall condition-------------
18/03/2022 16:44:10 Alt: -0.003
18/03/2022 16:44:10 distance: 931.5992097352919
18/03/2022 16:44:10 Mode: RTL
18/03/2022 16:44:10 Pilot control
18/03/2022 16:44:10 Pilot control
18/03/2022 16:44:10 -------------Check stall condition-------------
18/03/2022 16:44:10 Alt: -0.028
18/03/2022 16:44:10 distance: 931.9643928541545
18/03/2022 16:44:10 Mode: RTL
18/03/2022 16:44:10 Pilot control
18/03/2022 16:44:10 Pilot control
18/03/2022 16:44:10 -------------Check stall condition-------------
18/03/2022 16:44:10 Alt: -0.049
18/03/2022 16:44:10 distance: 931.9643928541545
18/03/2022 16:44:10 Mode: RTL
18/03/2022 16:44:10 Pilot control
18/03/2022 16:44:10 Pilot control
18/03/2022 16:44:10 -------------Check stall condition-------------
18/03/2022 16:44:10 Alt: -0.049
18/03/2022 16:44:10 distance: 931.9643928541545
18/03/2022 16:44:10 Mode: RTL
18/03/2022 16:44:10 Pilot control
18/03/2022 16:44:10 Pilot control
18/03/2022 16:44:10 -------------Check stall condition-------------
18/03/2022 16:44:10 Alt: -0.07
18/03/2022 16:44:10 distance: 932.1354074880196
18/03/2022 16:44:10 Mode: RTL
18/03/2022 16:44:10 Pilot control
18/03/2022 16:44:10 Pilot control
18/03/2022 16:44:10 -------------Check stall condition-------------
18/03/2022 16:44:10 Alt: -0.087
18/03/2022 16:44:10 distance: 932.3378810229375
18/03/2022 16:44:10 Mode: RTL
18/03/2022 16:44:10 Pilot control
18/03/2022 16:44:10 Pilot control
18/03/2022 16:44:10 -------------Check stall condition-------------
18/03/2022 16:44:10 Alt: -0.087
18/03/2022 16:44:10 distance: 932.3378810229375
18/03/2022 16:44:10 Mode: RTL
18/03/2022 16:44:10 Pilot control
18/03/2022 16:44:10 Pilot control
18/03/2022 16:44:10 -------------Check stall condition-------------
18/03/2022 16:44:10 Alt: -0.087
18/03/2022 16:44:10 distance: 932.3378810229375
18/03/2022 16:44:10 Mode: RTL
18/03/2022 16:44:10 Pilot control
18/03/2022 16:44:10 Pilot control
18/03/2022 16:44:10 -------------Check stall condition-------------
18/03/2022 16:44:10 Alt: -0.087
18/03/2022 16:44:10 distance: 932.5081272352946
18/03/2022 16:44:10 Mode: RTL
18/03/2022 16:44:10 Pilot control
18/03/2022 16:44:10 Pilot control
18/03/2022 16:44:10 -------------Check stall condition-------------
18/03/2022 16:44:10 Alt: -0.101
18/03/2022 16:44:10 distance: 932.5081272352946
18/03/2022 16:44:10 Mode: RTL
18/03/2022 16:44:10 Pilot control
18/03/2022 16:44:10 Pilot control
18/03/2022 16:44:10 -------------Check stall condition-------------
18/03/2022 16:44:10 Alt: -0.101
18/03/2022 16:44:10 distance: 932.5081272352946
18/03/2022 16:44:10 Mode: RTL
18/03/2022 16:44:10 Pilot control
18/03/2022 16:44:10 Pilot control
18/03/2022 16:44:10 -------------Check stall condition-------------
18/03/2022 16:44:10 Alt: -0.101
18/03/2022 16:44:10 distance: 932.5081272352946
18/03/2022 16:44:10 Mode: RTL
18/03/2022 16:44:10 Pilot control
18/03/2022 16:44:10 Pilot control
18/03/2022 16:44:10 -------------Check stall condition-------------
18/03/2022 16:44:10 Alt: -0.101
18/03/2022 16:44:10 distance: 932.5081272352946
18/03/2022 16:44:10 Mode: RTL
18/03/2022 16:44:10 Pilot control
18/03/2022 16:44:10 Pilot control
18/03/2022 16:44:10 -------------Check stall condition-------------
18/03/2022 16:44:10 Alt: -0.101
18/03/2022 16:44:10 distance: 932.5081272352946
18/03/2022 16:44:10 Mode: RTL
18/03/2022 16:44:10 Pilot control
18/03/2022 16:44:10 Pilot control
18/03/2022 16:44:10 -------------Check stall condition-------------
18/03/2022 16:44:11 Alt: -0.101
18/03/2022 16:44:11 distance: 932.6866420794005
18/03/2022 16:44:11 Mode: RTL
18/03/2022 16:44:11 Pilot control
18/03/2022 16:44:11 Pilot control
18/03/2022 16:44:11 -------------Check stall condition-------------
18/03/2022 16:44:11 Alt: -0.113
18/03/2022 16:44:11 distance: 932.6866420794005
18/03/2022 16:44:11 Mode: RTL
18/03/2022 16:44:11 Pilot control
18/03/2022 16:44:11 Pilot control
18/03/2022 16:44:11 -------------Check stall condition-------------
18/03/2022 16:44:11 Alt: -0.113
18/03/2022 16:44:11 distance: 932.8411851742655
18/03/2022 16:44:11 Mode: RTL
18/03/2022 16:44:11 Pilot control
18/03/2022 16:44:11 Pilot control
18/03/2022 16:44:11 -------------Check stall condition-------------
18/03/2022 16:44:11 Alt: -0.058
18/03/2022 16:44:11 distance: 932.8411851742655
18/03/2022 16:44:11 Mode: RTL
18/03/2022 16:44:11 Pilot control
18/03/2022 16:44:11 Pilot control
18/03/2022 16:44:11 -------------Check stall condition-------------
18/03/2022 16:44:11 Alt: -0.058
18/03/2022 16:44:11 distance: 932.8411851742655
18/03/2022 16:44:11 Mode: RTL
18/03/2022 16:44:11 Pilot control
18/03/2022 16:44:11 Pilot control
18/03/2022 16:44:11 -------------Check stall condition-------------
18/03/2022 16:44:11 Alt: -0.058
18/03/2022 16:44:11 distance: 932.8411851742655
18/03/2022 16:44:11 Mode: RTL
18/03/2022 16:44:11 Pilot control
18/03/2022 16:44:11 Pilot control
18/03/2022 16:44:11 -------------Check stall condition-------------
18/03/2022 16:44:11 Alt: -0.058
18/03/2022 16:44:11 distance: 932.8411851742655
18/03/2022 16:44:11 Mode: RTL
18/03/2022 16:44:11 Pilot control
18/03/2022 16:44:11 Pilot control
18/03/2022 16:44:11 -------------Check stall condition-------------
18/03/2022 16:44:11 Alt: -0.058
18/03/2022 16:44:11 distance: 932.8411851742655
18/03/2022 16:44:11 Mode: RTL
18/03/2022 16:44:11 Pilot control
18/03/2022 16:44:11 Pilot control
18/03/2022 16:44:11 -------------Check stall condition-------------
18/03/2022 16:44:11 Alt: -0.058
18/03/2022 16:44:11 distance: 932.8411851742655
18/03/2022 16:44:11 Mode: RTL
18/03/2022 16:44:11 Pilot control
18/03/2022 16:44:11 Pilot control
18/03/2022 16:44:11 -------------Check stall condition-------------
18/03/2022 16:44:11 Alt: -0.051
18/03/2022 16:44:11 distance: 933.0354439682003
18/03/2022 16:44:11 Mode: RTL
18/03/2022 16:44:11 Pilot control
18/03/2022 16:44:11 Pilot control
18/03/2022 16:44:11 -------------Check stall condition-------------
18/03/2022 16:44:11 Alt: -0.051
18/03/2022 16:44:11 distance: 933.0354439682003
18/03/2022 16:44:11 Mode: RTL
18/03/2022 16:44:11 Pilot control
18/03/2022 16:44:11 Pilot control
18/03/2022 16:44:11 -------------Check stall condition-------------
18/03/2022 16:44:11 Alt: -0.051
18/03/2022 16:44:11 distance: 933.0354439682003
18/03/2022 16:44:11 Mode: RTL
18/03/2022 16:44:11 Pilot control
18/03/2022 16:44:11 Pilot control
18/03/2022 16:44:11 -------------Check stall condition-------------
18/03/2022 16:44:11 Alt: -0.051
18/03/2022 16:44:11 distance: 933.0354439682003
18/03/2022 16:44:11 Mode: RTL
18/03/2022 16:44:11 Pilot control
18/03/2022 16:44:11 Pilot control
18/03/2022 16:44:12 -------------Check stall condition-------------
18/03/2022 16:44:12 Alt: -0.051
18/03/2022 16:44:12 distance: 933.1652225248391
18/03/2022 16:44:12 Mode: RTL
18/03/2022 16:44:12 Pilot control
18/03/2022 16:44:12 Pilot control
18/03/2022 16:44:12 -------------Check stall condition-------------
18/03/2022 16:44:12 Alt: -0.044
18/03/2022 16:44:12 distance: 933.1652225248391
18/03/2022 16:44:12 Mode: RTL
18/03/2022 16:44:12 Pilot control
18/03/2022 16:44:12 Pilot control
18/03/2022 16:44:12 -------------Check stall condition-------------
18/03/2022 16:44:12 Alt: -0.044
18/03/2022 16:44:12 distance: 933.1652225248391
18/03/2022 16:44:12 Mode: RTL
18/03/2022 16:44:12 Pilot control
18/03/2022 16:44:12 Pilot control
18/03/2022 16:44:12 -------------Check stall condition-------------
18/03/2022 16:44:12 Alt: -0.044
18/03/2022 16:44:12 distance: 933.1652225248391
18/03/2022 16:44:12 Mode: RTL
18/03/2022 16:44:12 Pilot control
18/03/2022 16:44:12 Pilot control
18/03/2022 16:44:12 -------------Check stall condition-------------
18/03/2022 16:44:12 Alt: -0.044
18/03/2022 16:44:12 distance: 933.1652225248391
18/03/2022 16:44:12 Mode: RTL
18/03/2022 16:44:12 Pilot control
18/03/2022 16:44:12 Pilot control
18/03/2022 16:44:12 -------------Check stall condition-------------
18/03/2022 16:44:12 Alt: -0.027
18/03/2022 16:44:12 distance: 933.3115306486807
18/03/2022 16:44:12 Mode: RTL
18/03/2022 16:44:12 Pilot control
18/03/2022 16:44:12 Pilot control
18/03/2022 16:44:12 -------------Check stall condition-------------
18/03/2022 16:44:12 Alt: -0.027
18/03/2022 16:44:12 distance: 933.3115306486807
18/03/2022 16:44:12 Mode: RTL
18/03/2022 16:44:12 Pilot control
18/03/2022 16:44:12 Pilot control
18/03/2022 16:44:12 -------------Check stall condition-------------
18/03/2022 16:44:12 Alt: -0.027
18/03/2022 16:44:12 distance: 933.3115306486807
18/03/2022 16:44:12 Mode: RTL
18/03/2022 16:44:12 Pilot control
18/03/2022 16:44:12 Pilot control
18/03/2022 16:44:12 -------------Check stall condition-------------
18/03/2022 16:44:12 Alt: -0.027
18/03/2022 16:44:12 distance: 933.3115306486807
18/03/2022 16:44:12 Mode: RTL
18/03/2022 16:44:12 Pilot control
18/03/2022 16:44:12 Pilot control
18/03/2022 16:44:12 -------------Check stall condition-------------
18/03/2022 16:44:12 Alt: -0.027
18/03/2022 16:44:12 distance: 933.4421244431301
18/03/2022 16:44:12 Mode: RTL
18/03/2022 16:44:12 Pilot control
18/03/2022 16:44:12 Pilot control
18/03/2022 16:44:12 -------------Check stall condition-------------
18/03/2022 16:44:12 Alt: -0.017
18/03/2022 16:44:12 distance: 933.4421244431301
18/03/2022 16:44:12 Mode: RTL
18/03/2022 16:44:12 Pilot control
18/03/2022 16:44:12 Pilot control
18/03/2022 16:44:12 -------------Check stall condition-------------
18/03/2022 16:44:12 Alt: -0.006
18/03/2022 16:44:12 distance: 933.5959078766994
18/03/2022 16:44:12 Mode: RTL
18/03/2022 16:44:12 Pilot control
18/03/2022 16:44:12 Pilot control
18/03/2022 16:44:12 -------------Check stall condition-------------
18/03/2022 16:44:12 Alt: 0.006
18/03/2022 16:44:12 distance: 933.7174477267549
18/03/2022 16:44:12 Mode: RTL
18/03/2022 16:44:12 Pilot control
18/03/2022 16:44:12 Pilot control
18/03/2022 16:44:12 -------------Check stall condition-------------
18/03/2022 16:44:12 Alt: 0.006
18/03/2022 16:44:12 distance: 933.7174477267549
18/03/2022 16:44:12 Mode: RTL
18/03/2022 16:44:12 Pilot control
18/03/2022 16:44:12 Pilot control
18/03/2022 16:44:12 -------------Check stall condition-------------
18/03/2022 16:44:12 Alt: 0.029
18/03/2022 16:44:12 distance: 933.831534233129
18/03/2022 16:44:12 Mode: RTL
18/03/2022 16:44:12 Pilot control
18/03/2022 16:44:12 Pilot control
18/03/2022 16:44:12 -------------Check stall condition-------------
18/03/2022 16:44:12 Alt: 0.029
18/03/2022 16:44:12 distance: 933.831534233129
18/03/2022 16:44:12 Mode: RTL
18/03/2022 16:44:12 Pilot control
18/03/2022 16:44:12 Pilot control
18/03/2022 16:44:12 -------------Check stall condition-------------
18/03/2022 16:44:12 Alt: 0.029
18/03/2022 16:44:12 distance: 933.831534233129
18/03/2022 16:44:13 Mode: RTL
18/03/2022 16:44:13 Pilot control
18/03/2022 16:44:13 Pilot control
18/03/2022 16:44:13 -------------Check stall condition-------------
18/03/2022 16:44:13 Alt: 0.029
18/03/2022 16:44:13 distance: 933.831534233129
18/03/2022 16:44:13 Mode: RTL
18/03/2022 16:44:13 Pilot control
18/03/2022 16:44:13 Pilot control
18/03/2022 16:44:13 -------------Check stall condition-------------
18/03/2022 16:44:13 Alt: 0.029
18/03/2022 16:44:13 distance: 933.831534233129
18/03/2022 16:44:13 Mode: RTL
18/03/2022 16:44:13 Pilot control
18/03/2022 16:44:13 Pilot control
18/03/2022 16:44:13 -------------Check stall condition-------------
18/03/2022 16:44:13 Alt: 0.057
18/03/2022 16:44:13 distance: 933.9299042312712
18/03/2022 16:44:13 Mode: RTL
18/03/2022 16:44:13 Pilot control
18/03/2022 16:44:13 Pilot control
18/03/2022 16:44:13 -------------Check stall condition-------------
18/03/2022 16:44:13 Alt: 0.057
18/03/2022 16:44:13 distance: 933.9299042312712
18/03/2022 16:44:13 Mode: RTL
18/03/2022 16:44:13 Pilot control
18/03/2022 16:44:13 Pilot control
18/03/2022 16:44:13 -------------Check stall condition-------------
18/03/2022 16:44:13 Alt: 0.057
18/03/2022 16:44:13 distance: 933.9299042312712
18/03/2022 16:44:13 Mode: RTL
18/03/2022 16:44:13 Pilot control
18/03/2022 16:44:13 Pilot control
18/03/2022 16:44:13 -------------Check stall condition-------------
18/03/2022 16:44:13 Alt: 0.057
18/03/2022 16:44:13 distance: 933.9299042312712
18/03/2022 16:44:13 Mode: RTL
18/03/2022 16:44:13 Pilot control
18/03/2022 16:44:13 Pilot control
18/03/2022 16:44:13 -------------Check stall condition-------------
18/03/2022 16:44:13 Alt: 0.057
18/03/2022 16:44:13 distance: 933.9299042312712
18/03/2022 16:44:13 Mode: RTL
18/03/2022 16:44:13 Pilot control
18/03/2022 16:44:13 Pilot control
18/03/2022 16:44:13 -------------Check stall condition-------------
18/03/2022 16:44:13 Alt: 0.095
18/03/2022 16:44:13 distance: 934.052267882183
18/03/2022 16:44:13 Mode: RTL
18/03/2022 16:44:13 Pilot control
18/03/2022 16:44:13 Pilot control
18/03/2022 16:44:13 -------------Check stall condition-------------
18/03/2022 16:44:13 Alt: 0.095
18/03/2022 16:44:13 distance: 934.052267882183
18/03/2022 16:44:13 Mode: RTL
18/03/2022 16:44:13 Pilot control
18/03/2022 16:44:13 Pilot control
18/03/2022 16:44:13 -------------Check stall condition-------------
18/03/2022 16:44:13 Alt: 0.095
18/03/2022 16:44:13 distance: 934.052267882183
18/03/2022 16:44:13 Mode: RTL
18/03/2022 16:44:13 Pilot control
18/03/2022 16:44:13 Pilot control
18/03/2022 16:44:13 -------------Check stall condition-------------
18/03/2022 16:44:13 Alt: 0.095
18/03/2022 16:44:13 distance: 934.052267882183
18/03/2022 16:44:13 Mode: RTL
18/03/2022 16:44:13 Pilot control
18/03/2022 16:44:13 Pilot control
18/03/2022 16:44:13 -------------Check stall condition-------------
18/03/2022 16:44:13 Alt: 0.12
18/03/2022 16:44:13 distance: 934.1498396612624
18/03/2022 16:44:13 Mode: RTL
18/03/2022 16:44:13 Pilot control
18/03/2022 16:44:13 Pilot control
18/03/2022 16:44:13 -------------Check stall condition-------------
18/03/2022 16:44:13 Alt: 0.12
18/03/2022 16:44:13 distance: 934.1498396612624
18/03/2022 16:44:13 Mode: RTL
18/03/2022 16:44:13 Pilot control
18/03/2022 16:44:13 Pilot control
18/03/2022 16:44:13 -------------Check stall condition-------------
18/03/2022 16:44:13 Alt: 0.12
18/03/2022 16:44:13 distance: 934.1498396612624
18/03/2022 16:44:13 Mode: RTL
18/03/2022 16:44:13 Pilot control
18/03/2022 16:44:13 Pilot control
18/03/2022 16:44:13 -------------Check stall condition-------------
18/03/2022 16:44:13 Alt: 0.12
18/03/2022 16:44:13 distance: 934.1498396612624
18/03/2022 16:44:13 Mode: RTL
18/03/2022 16:44:13 Pilot control
18/03/2022 16:44:13 Pilot control
18/03/2022 16:44:13 -------------Check stall condition-------------
18/03/2022 16:44:13 Alt: 0.12
18/03/2022 16:44:13 distance: 934.1498396612624
18/03/2022 16:44:13 Mode: RTL
18/03/2022 16:44:13 Pilot control
18/03/2022 16:44:13 Pilot control
18/03/2022 16:44:13 -------------Check stall condition-------------
18/03/2022 16:44:13 Alt: 0.149
18/03/2022 16:44:13 distance: 934.2391484362307
18/03/2022 16:44:13 Mode: RTL
18/03/2022 16:44:13 Pilot control
18/03/2022 16:44:13 Pilot control
18/03/2022 16:44:13 -------------Check stall condition-------------
18/03/2022 16:44:13 Alt: 0.149
18/03/2022 16:44:14 distance: 934.2391484362307
18/03/2022 16:44:14 Mode: RTL
18/03/2022 16:44:14 Pilot control
18/03/2022 16:44:14 Pilot control
18/03/2022 16:44:14 -------------Check stall condition-------------
18/03/2022 16:44:14 Alt: 0.149
18/03/2022 16:44:14 distance: 934.2391484362307
18/03/2022 16:44:14 Mode: RTL
18/03/2022 16:44:14 Pilot control
18/03/2022 16:44:14 Pilot control
18/03/2022 16:44:14 -------------Check stall condition-------------
18/03/2022 16:44:14 Alt: 0.149
18/03/2022 16:44:14 distance: 934.2391484362307
18/03/2022 16:44:14 Mode: RTL
18/03/2022 16:44:14 Pilot control
18/03/2022 16:44:14 Pilot control
18/03/2022 16:44:14 -------------Check stall condition-------------
18/03/2022 16:44:14 Alt: 0.178
18/03/2022 16:44:14 distance: 934.3201929955421
18/03/2022 16:44:14 Mode: RTL
18/03/2022 16:44:14 Pilot control
18/03/2022 16:44:14 Pilot control
18/03/2022 16:44:14 -------------Check stall condition-------------
18/03/2022 16:44:14 Alt: 0.178
18/03/2022 16:44:14 distance: 934.3201929955421
18/03/2022 16:44:14 Mode: RTL
18/03/2022 16:44:14 Pilot control
18/03/2022 16:44:14 Pilot control
18/03/2022 16:44:14 -------------Check stall condition-------------
18/03/2022 16:44:14 Alt: 0.178
18/03/2022 16:44:14 distance: 934.3201929955421
18/03/2022 16:44:14 Mode: RTL
18/03/2022 16:44:14 Pilot control
18/03/2022 16:44:14 Pilot control
18/03/2022 16:44:14 -------------Check stall condition-------------
18/03/2022 16:44:14 Alt: 0.178
18/03/2022 16:44:14 distance: 934.3201929955421
18/03/2022 16:44:14 Mode: RTL
18/03/2022 16:44:14 Pilot control
18/03/2022 16:44:14 Pilot control
18/03/2022 16:44:14 -------------Check stall condition-------------
18/03/2022 16:44:14 Alt: 0.178
18/03/2022 16:44:14 distance: 934.3201929955421
18/03/2022 16:44:14 Mode: RTL
18/03/2022 16:44:14 Pilot control
18/03/2022 16:44:14 Pilot control
18/03/2022 16:44:14 -------------Check stall condition-------------
18/03/2022 16:44:14 Alt: 0.199
18/03/2022 16:44:14 distance: 934.385517572602
18/03/2022 16:44:14 Mode: RTL
18/03/2022 16:44:14 Pilot control
18/03/2022 16:44:14 Pilot control
18/03/2022 16:44:14 -------------Check stall condition-------------
18/03/2022 16:44:14 Alt: 0.199
18/03/2022 16:44:14 distance: 934.385517572602
18/03/2022 16:44:14 Mode: RTL
18/03/2022 16:44:14 Pilot control
18/03/2022 16:44:14 Pilot control
18/03/2022 16:44:14 -------------Check stall condition-------------
18/03/2022 16:44:14 Alt: 0.199
18/03/2022 16:44:14 distance: 934.385517572602
18/03/2022 16:44:14 Mode: RTL
18/03/2022 16:44:14 Pilot control
18/03/2022 16:44:14 Pilot control
18/03/2022 16:44:14 -------------Check stall condition-------------
18/03/2022 16:44:14 Alt: 0.199
18/03/2022 16:44:14 distance: 934.385517572602
18/03/2022 16:44:14 Mode: RTL
18/03/2022 16:44:14 Pilot control
18/03/2022 16:44:14 Pilot control
18/03/2022 16:44:14 -------------Check stall condition-------------
18/03/2022 16:44:14 Alt: 0.199
18/03/2022 16:44:14 distance: 934.385517572602
18/03/2022 16:44:14 Mode: RTL
18/03/2022 16:44:14 Pilot control
18/03/2022 16:44:14 Pilot control
18/03/2022 16:44:14 -------------Check stall condition-------------
18/03/2022 16:44:14 Alt: 0.199
18/03/2022 16:44:14 distance: 934.385517572602
18/03/2022 16:44:14 Mode: RTL
18/03/2022 16:44:14 Pilot control
18/03/2022 16:44:14 Pilot control
18/03/2022 16:44:14 -------------Check stall condition-------------
18/03/2022 16:44:14 Alt: 0.199
18/03/2022 16:44:14 distance: 934.385517572602
18/03/2022 16:44:14 Mode: RTL
18/03/2022 16:44:14 Pilot control
18/03/2022 16:44:14 Pilot control
18/03/2022 16:44:14 -------------Check stall condition-------------
18/03/2022 16:44:14 Alt: 0.199
18/03/2022 16:44:14 distance: 934.385517572602
18/03/2022 16:44:14 Mode: RTL
18/03/2022 16:44:14 Pilot control
18/03/2022 16:44:14 Pilot control
18/03/2022 16:44:14 -------------Check stall condition-------------
18/03/2022 16:44:14 Alt: 0.199
18/03/2022 16:44:14 distance: 934.385517572602
18/03/2022 16:44:14 Mode: RTL
18/03/2022 16:44:14 Pilot control
18/03/2022 16:44:14 Pilot control
18/03/2022 16:44:14 -------------Check stall condition-------------
18/03/2022 16:44:14 Alt: 0.211
18/03/2022 16:44:14 distance: 934.4425766209089
18/03/2022 16:44:14 Mode: RTL
18/03/2022 16:44:14 Pilot control
18/03/2022 16:44:14 Pilot control
18/03/2022 16:44:14 -------------Check stall condition-------------
18/03/2022 16:44:14 Alt: 0.211
18/03/2022 16:44:14 distance: 934.4425766209089
18/03/2022 16:44:14 Mode: RTL
18/03/2022 16:44:14 Pilot control
18/03/2022 16:44:14 Pilot control
18/03/2022 16:44:14 -------------Check stall condition-------------
18/03/2022 16:44:14 Alt: 0.211
18/03/2022 16:44:14 distance: 934.4425766209089
18/03/2022 16:44:14 Mode: RTL
18/03/2022 16:44:14 Pilot control
18/03/2022 16:44:14 Pilot control
18/03/2022 16:44:14 -------------Check stall condition-------------
18/03/2022 16:44:14 Alt: 0.211
18/03/2022 16:44:14 distance: 934.4425766209089
18/03/2022 16:44:14 Mode: RTL
18/03/2022 16:44:14 Pilot control
18/03/2022 16:44:14 Pilot control
18/03/2022 16:44:14 -------------Check stall condition-------------
18/03/2022 16:44:14 Alt: 0.211
18/03/2022 16:44:14 distance: 934.4425766209089
18/03/2022 16:44:14 Mode: RTL
18/03/2022 16:44:14 Pilot control
18/03/2022 16:44:14 Pilot control
18/03/2022 16:44:14 -------------Check stall condition-------------
18/03/2022 16:44:14 Alt: 0.21
18/03/2022 16:44:14 distance: 934.4996370906467
18/03/2022 16:44:14 Mode: RTL
18/03/2022 16:44:14 Pilot control
18/03/2022 16:44:14 Pilot control
18/03/2022 16:44:14 -------------Check stall condition-------------
18/03/2022 16:44:14 Alt: 0.21
18/03/2022 16:44:14 distance: 934.4996370906467
18/03/2022 16:44:14 Mode: RTL
18/03/2022 16:44:14 Pilot control
18/03/2022 16:44:14 Pilot control
18/03/2022 16:44:14 -------------Check stall condition-------------
18/03/2022 16:44:15 Alt: 0.21
18/03/2022 16:44:15 distance: 934.4996370906467
18/03/2022 16:44:15 Mode: RTL
18/03/2022 16:44:15 Pilot control
18/03/2022 16:44:15 Pilot control
18/03/2022 16:44:15 -------------Check stall condition-------------
18/03/2022 16:44:15 Alt: 0.21
18/03/2022 16:44:15 distance: 934.4996370906467
18/03/2022 16:44:15 Mode: RTL
18/03/2022 16:44:15 Pilot control
18/03/2022 16:44:15 Pilot control
18/03/2022 16:44:15 -------------Check stall condition-------------
18/03/2022 16:44:15 Alt: 0.21
18/03/2022 16:44:15 distance: 934.4996370906467
18/03/2022 16:44:15 Mode: RTL
18/03/2022 16:44:15 Pilot control
18/03/2022 16:44:15 Pilot control
18/03/2022 16:44:15 -------------Check stall condition-------------
18/03/2022 16:44:15 Alt: 0.208
18/03/2022 16:44:15 distance: 934.5401628112135
18/03/2022 16:44:15 Mode: RTL
18/03/2022 16:44:15 Pilot control
18/03/2022 16:44:15 Pilot control
18/03/2022 16:44:15 -------------Check stall condition-------------
18/03/2022 16:44:15 Alt: 0.208
18/03/2022 16:44:15 distance: 934.5401628112135
18/03/2022 16:44:15 Mode: RTL
18/03/2022 16:44:15 Pilot control
18/03/2022 16:44:15 Pilot control
18/03/2022 16:44:15 -------------Check stall condition-------------
18/03/2022 16:44:15 Alt: 0.208
18/03/2022 16:44:15 distance: 934.5401628112135
18/03/2022 16:44:15 Mode: RTL
18/03/2022 16:44:15 Pilot control
18/03/2022 16:44:15 Pilot control
18/03/2022 16:44:15 -------------Check stall condition-------------
18/03/2022 16:44:15 Alt: 0.208
18/03/2022 16:44:15 distance: 934.5401628112135
18/03/2022 16:44:15 Mode: RTL
18/03/2022 16:44:15 Pilot control
18/03/2022 16:44:15 Pilot control
18/03/2022 16:44:15 -------------Check stall condition-------------
18/03/2022 16:44:15 Alt: 0.208
18/03/2022 16:44:15 distance: 934.5889572557405
18/03/2022 16:44:15 Mode: RTL
18/03/2022 16:44:15 Pilot control
18/03/2022 16:44:15 Pilot control
18/03/2022 16:44:15 -------------Check stall condition-------------
18/03/2022 16:44:15 Alt: 0.204
18/03/2022 16:44:15 distance: 934.5889572557405
18/03/2022 16:44:15 Mode: RTL
18/03/2022 16:44:15 Pilot control
18/03/2022 16:44:15 Pilot control
18/03/2022 16:44:15 -------------Check stall condition-------------
18/03/2022 16:44:15 Alt: 0.204
18/03/2022 16:44:15 distance: 934.5889572557405
18/03/2022 16:44:15 Mode: RTL
18/03/2022 16:44:15 Pilot control
18/03/2022 16:44:15 Pilot control
18/03/2022 16:44:15 -------------Check stall condition-------------
18/03/2022 16:44:15 Alt: 0.204
18/03/2022 16:44:15 distance: 934.5889572557405
18/03/2022 16:44:15 Mode: RTL
18/03/2022 16:44:15 Pilot control
18/03/2022 16:44:15 Pilot control
18/03/2022 16:44:15 -------------Check stall condition-------------
18/03/2022 16:44:15 Alt: 0.204
18/03/2022 16:44:15 distance: 934.5889572557405
18/03/2022 16:44:15 Mode: RTL
18/03/2022 16:44:15 Pilot control
18/03/2022 16:44:15 Pilot control
18/03/2022 16:44:15 -------------Check stall condition-------------
18/03/2022 16:44:15 Alt: 0.204
18/03/2022 16:44:15 distance: 934.5889572557405
18/03/2022 16:44:15 Mode: RTL
18/03/2022 16:44:15 Pilot control
18/03/2022 16:44:15 Pilot control
18/03/2022 16:44:15 -------------Check stall condition-------------
18/03/2022 16:44:15 Alt: 0.204
18/03/2022 16:44:15 distance: 934.5889572557405
18/03/2022 16:44:15 Mode: RTL
18/03/2022 16:44:15 Pilot control
18/03/2022 16:44:15 Pilot control
18/03/2022 16:44:15 -------------Check stall condition-------------
18/03/2022 16:44:15 Alt: 0.204
18/03/2022 16:44:15 distance: 934.5889572557405
18/03/2022 16:44:15 Mode: RTL
18/03/2022 16:44:15 Pilot control
18/03/2022 16:44:15 Pilot control
18/03/2022 16:44:15 -------------Check stall condition-------------
18/03/2022 16:44:15 Alt: 0.204
18/03/2022 16:44:15 distance: 934.5889572557405
18/03/2022 16:44:15 Mode: RTL
18/03/2022 16:44:15 Pilot control
18/03/2022 16:44:15 Pilot control
18/03/2022 16:44:15 -------------Check stall condition-------------
18/03/2022 16:44:15 Alt: 0.204
18/03/2022 16:44:15 distance: 934.5889572557405
18/03/2022 16:44:15 Mode: RTL
18/03/2022 16:44:15 Pilot control
18/03/2022 16:44:15 Pilot control
18/03/2022 16:44:15 -------------Check stall condition-------------
18/03/2022 16:44:15 Alt: 0.204
18/03/2022 16:44:15 distance: 934.5889572557405
18/03/2022 16:44:15 Mode: RTL
18/03/2022 16:44:15 Pilot control
18/03/2022 16:44:15 Pilot control
18/03/2022 16:44:15 -------------Check stall condition-------------
18/03/2022 16:44:15 Alt: 0.204
18/03/2022 16:44:15 distance: 934.5889572557405
18/03/2022 16:44:15 Mode: RTL
18/03/2022 16:44:15 Pilot control
18/03/2022 16:44:15 Pilot control
18/03/2022 16:44:15 -------------Check stall condition-------------
18/03/2022 16:44:15 Alt: 0.196
18/03/2022 16:44:15 distance: 934.6212157403073
18/03/2022 16:44:15 Mode: RTL
18/03/2022 16:44:15 Pilot control
18/03/2022 16:44:15 Pilot control
18/03/2022 16:44:15 -------------Check stall condition-------------
18/03/2022 16:44:15 Alt: 0.196
18/03/2022 16:44:15 distance: 934.6212157403073
18/03/2022 16:44:15 Mode: RTL
18/03/2022 16:44:15 Pilot control
18/03/2022 16:44:15 Pilot control
18/03/2022 16:44:15 -------------Check stall condition-------------
18/03/2022 16:44:15 Alt: 0.196
18/03/2022 16:44:15 distance: 934.6212157403073
18/03/2022 16:44:16 Mode: RTL
18/03/2022 16:44:16 Pilot control
18/03/2022 16:44:16 Pilot control
18/03/2022 16:44:16 -------------Check stall condition-------------
18/03/2022 16:44:16 Alt: 0.182
18/03/2022 16:44:16 distance: 934.6617429511173
18/03/2022 16:44:16 Mode: RTL
18/03/2022 16:44:16 Pilot control
18/03/2022 16:44:16 Pilot control
18/03/2022 16:44:16 -------------Check stall condition-------------
18/03/2022 16:44:16 Alt: 0.182
18/03/2022 16:44:16 distance: 934.6617429511173
18/03/2022 16:44:16 Mode: RTL
18/03/2022 16:44:16 Pilot control
18/03/2022 16:44:16 Pilot control
18/03/2022 16:44:16 -------------Check stall condition-------------
18/03/2022 16:44:16 Alt: 0.182
18/03/2022 16:44:16 distance: 934.6617429511173
18/03/2022 16:44:16 Mode: RTL
18/03/2022 16:44:16 Pilot control
18/03/2022 16:44:16 Pilot control
18/03/2022 16:44:16 -------------Check stall condition-------------
18/03/2022 16:44:16 Alt: 0.175
18/03/2022 16:44:16 distance: 934.6857333480588
18/03/2022 16:44:16 Mode: RTL
18/03/2022 16:44:16 Pilot control
18/03/2022 16:44:16 Pilot control
18/03/2022 16:44:16 -------------Check stall condition-------------
18/03/2022 16:44:16 Alt: 0.159
18/03/2022 16:44:16 distance: 934.6940019729839
18/03/2022 16:44:16 Mode: RTL
18/03/2022 16:44:16 Pilot control
18/03/2022 16:44:16 Pilot control
18/03/2022 16:44:16 -------------Check stall condition-------------
18/03/2022 16:44:16 Alt: 0.159
18/03/2022 16:44:16 distance: 934.6940019729839
18/03/2022 16:44:16 Mode: RTL
18/03/2022 16:44:16 Pilot control
18/03/2022 16:44:16 Pilot control
18/03/2022 16:44:16 -------------Check stall condition-------------
18/03/2022 16:44:16 Alt: 0.159
18/03/2022 16:44:16 distance: 934.6940019729839
18/03/2022 16:44:16 Mode: RTL
18/03/2022 16:44:16 Pilot control
18/03/2022 16:44:16 Pilot control
18/03/2022 16:44:16 -------------Check stall condition-------------
18/03/2022 16:44:16 Alt: 0.134
18/03/2022 16:44:16 distance: 934.686548845545
18/03/2022 16:44:16 Mode: RTL
18/03/2022 16:44:16 Pilot control
18/03/2022 16:44:16 Pilot control
18/03/2022 16:44:16 -------------Check stall condition-------------
18/03/2022 16:44:16 Alt: 0.134
18/03/2022 16:44:16 distance: 934.686548845545
18/03/2022 16:44:16 Mode: RTL
18/03/2022 16:44:16 Pilot control
18/03/2022 16:44:16 Pilot control
18/03/2022 16:44:16 -------------Check stall condition-------------
18/03/2022 16:44:16 Alt: 0.134
18/03/2022 16:44:16 distance: 934.686548845545
18/03/2022 16:44:16 Mode: RTL
18/03/2022 16:44:16 Pilot control
18/03/2022 16:44:16 Pilot control
18/03/2022 16:44:16 -------------Check stall condition-------------
18/03/2022 16:44:16 Alt: 0.134
18/03/2022 16:44:16 distance: 934.686548845545
18/03/2022 16:44:16 Mode: RTL
18/03/2022 16:44:16 Pilot control
18/03/2022 16:44:16 Pilot control
18/03/2022 16:44:16 -------------Check stall condition-------------
18/03/2022 16:44:16 Alt: 0.134
18/03/2022 16:44:16 distance: 934.686548845545
18/03/2022 16:44:16 Mode: RTL
18/03/2022 16:44:16 Pilot control
18/03/2022 16:44:16 Pilot control
18/03/2022 16:44:16 -------------Check stall condition-------------
18/03/2022 16:44:16 Alt: 0.134
18/03/2022 16:44:16 distance: 934.6940019729839
18/03/2022 16:44:16 Mode: RTL
18/03/2022 16:44:16 Pilot control
18/03/2022 16:44:16 Pilot control
18/03/2022 16:44:16 -------------Check stall condition-------------
18/03/2022 16:44:16 Alt: 0.121
18/03/2022 16:44:16 distance: 934.6940019729839
18/03/2022 16:44:16 Mode: RTL
18/03/2022 16:44:16 Pilot control
18/03/2022 16:44:16 Pilot control
18/03/2022 16:44:16 -------------Check stall condition-------------
18/03/2022 16:44:16 Alt: 0.121
18/03/2022 16:44:16 distance: 934.6940019729839
18/03/2022 16:44:16 Mode: RTL
18/03/2022 16:44:17 Pilot control
18/03/2022 16:44:17 Pilot control
18/03/2022 16:44:17 -------------Check stall condition-------------
18/03/2022 16:44:17 Alt: 0.121
18/03/2022 16:44:17 distance: 934.6940019729839
18/03/2022 16:44:17 Mode: RTL
18/03/2022 16:44:17 Pilot control
18/03/2022 16:44:17 Pilot control
18/03/2022 16:44:17 -------------Check stall condition-------------
18/03/2022 16:44:17 Alt: 0.121
18/03/2022 16:44:17 distance: 934.6940019729839
18/03/2022 16:44:17 Mode: RTL
18/03/2022 16:44:17 Pilot control
18/03/2022 16:44:17 Pilot control
18/03/2022 16:44:17 -------------Check stall condition-------------
18/03/2022 16:44:17 Alt: 0.121
18/03/2022 16:44:17 distance: 934.6940019729839
18/03/2022 16:44:17 Mode: RTL
18/03/2022 16:44:17 Pilot control
18/03/2022 16:44:17 Pilot control
18/03/2022 16:44:17 -------------Check stall condition-------------
18/03/2022 16:44:17 Alt: 0.05
18/03/2022 16:44:17 distance: 934.6857333480588
18/03/2022 16:44:17 Mode: RTL
18/03/2022 16:44:17 Pilot control
18/03/2022 16:44:17 Pilot control
18/03/2022 16:44:17 -------------Check stall condition-------------
18/03/2022 16:44:17 Alt: 0.05
18/03/2022 16:44:17 distance: 934.6857333480588
18/03/2022 16:44:17 Mode: RTL
18/03/2022 16:44:17 Pilot control
18/03/2022 16:44:17 Pilot control
18/03/2022 16:44:17 -------------Check stall condition-------------
18/03/2022 16:44:17 Alt: 0.05
18/03/2022 16:44:17 distance: 934.6857333480588
18/03/2022 16:44:17 Mode: RTL
18/03/2022 16:44:17 Pilot control
18/03/2022 16:44:17 Pilot control
18/03/2022 16:44:17 -------------Check stall condition-------------
18/03/2022 16:44:17 Alt: 0.05
18/03/2022 16:44:17 distance: 934.6857333480588
18/03/2022 16:44:17 Mode: RTL
18/03/2022 16:44:17 Pilot control
18/03/2022 16:44:17 Pilot control
18/03/2022 16:44:17 -------------Check stall condition-------------
18/03/2022 16:44:17 Alt: 0.05
18/03/2022 16:44:17 distance: 934.6857333480588
