18/03/2022 16:42:22 Connecting to Vehicle on: /dev/ttyACM0
18/03/2022 16:42:22 ArduPlane V4.1.4 (0f984409)
18/03/2022 16:42:22 ChibiOS: 45395b6a
18/03/2022 16:42:22 CubeBlack 00360049 3337510E 37353832
18/03/2022 16:42:22 RCOut: PWM:1-12
18/03/2022 16:42:22 IMU0: fast sampling enabled 8.0kHz/1.0kHz
18/03/2022 16:42:22 IMU2: fast sampling enabled 8.0kHz/1.0kHz
18/03/2022 16:42:34 -------------Check stall condition-------------
18/03/2022 16:42:34 Alt: -0.023
18/03/2022 16:42:34 distance: 933.4436869836583
18/03/2022 16:42:34 Mode: RTL
18/03/2022 16:42:34 Pilot control
18/03/2022 16:42:34 Pilot control
18/03/2022 16:42:34 -------------Check stall condition-------------
18/03/2022 16:42:34 Alt: -0.048
18/03/2022 16:42:34 distance: 933.4436869836583
18/03/2022 16:42:34 Mode: RTL
18/03/2022 16:42:34 Pilot control
18/03/2022 16:42:34 Pilot control
18/03/2022 16:42:34 -------------Check stall condition-------------
18/03/2022 16:42:34 Alt: -0.048
18/03/2022 16:42:34 distance: 933.4436869836583
18/03/2022 16:42:34 Mode: RTL
18/03/2022 16:42:34 Pilot control
18/03/2022 16:42:34 Pilot control
18/03/2022 16:42:34 -------------Check stall condition-------------
18/03/2022 16:42:34 Alt: -0.048
18/03/2022 16:42:34 distance: 933.4436869836583
18/03/2022 16:42:34 Mode: RTL
18/03/2022 16:42:34 Pilot control
18/03/2022 16:42:34 Pilot control
18/03/2022 16:42:34 -------------Check stall condition-------------
18/03/2022 16:42:34 Alt: -0.095
18/03/2022 16:42:34 distance: 933.4271087900198
18/03/2022 16:42:34 Mode: RTL
18/03/2022 16:42:34 Pilot control
18/03/2022 16:42:34 Pilot control
18/03/2022 16:42:34 -------------Check stall condition-------------
18/03/2022 16:42:34 Alt: -0.095
18/03/2022 16:42:34 distance: 933.4271087900198
18/03/2022 16:42:34 Mode: RTL
18/03/2022 16:42:34 Pilot control
18/03/2022 16:42:34 Pilot control
18/03/2022 16:42:35 -------------Check stall condition-------------
18/03/2022 16:42:35 Alt: -0.095
18/03/2022 16:42:35 distance: 933.4271087900198
18/03/2022 16:42:35 Mode: RTL
18/03/2022 16:42:35 Pilot control
18/03/2022 16:42:35 Pilot control
18/03/2022 16:42:35 -------------Check stall condition-------------
18/03/2022 16:42:35 Alt: -0.116
18/03/2022 16:42:35 distance: 933.4179614903875
18/03/2022 16:42:35 Mode: RTL
18/03/2022 16:42:35 Pilot control
18/03/2022 16:42:35 Pilot control
18/03/2022 16:42:35 -------------Check stall condition-------------
18/03/2022 16:42:35 Alt: -0.116
18/03/2022 16:42:35 distance: 933.4179614903875
18/03/2022 16:42:35 Mode: RTL
18/03/2022 16:42:35 Pilot control
18/03/2022 16:42:35 Pilot control
18/03/2022 16:42:35 -------------Check stall condition-------------
18/03/2022 16:42:35 Alt: -0.116
18/03/2022 16:42:35 distance: 933.4179614903875
18/03/2022 16:42:35 Mode: RTL
18/03/2022 16:42:35 Pilot control
18/03/2022 16:42:35 Pilot control
18/03/2022 16:42:35 -------------Check stall condition-------------
18/03/2022 16:42:35 Alt: -0.116
18/03/2022 16:42:35 distance: 933.4179614903875
18/03/2022 16:42:35 Mode: RTL
18/03/2022 16:42:35 Pilot control
18/03/2022 16:42:35 Pilot control
18/03/2022 16:42:35 -------------Check stall condition-------------
18/03/2022 16:42:35 Alt: -0.116
18/03/2022 16:42:35 distance: 933.4013839019339
18/03/2022 16:42:35 Mode: RTL
18/03/2022 16:42:35 Pilot control
18/03/2022 16:42:35 Pilot control
18/03/2022 16:42:35 -------------Check stall condition-------------
18/03/2022 16:42:35 Alt: -0.178
18/03/2022 16:42:35 distance: 933.4005261263949
18/03/2022 16:42:35 Mode: RTL
18/03/2022 16:42:35 Pilot control
18/03/2022 16:42:35 Pilot control
18/03/2022 16:42:35 -------------Check stall condition-------------
18/03/2022 16:42:35 Alt: -0.178
18/03/2022 16:42:35 distance: 933.4005261263949
18/03/2022 16:42:35 Mode: RTL
18/03/2022 16:42:35 Pilot control
18/03/2022 16:42:35 Pilot control
18/03/2022 16:42:35 -------------Check stall condition-------------
18/03/2022 16:42:35 Alt: -0.178
18/03/2022 16:42:35 distance: 933.4005261263949
18/03/2022 16:42:35 Mode: RTL
18/03/2022 16:42:35 Pilot control
18/03/2022 16:42:35 Pilot control
18/03/2022 16:42:35 -------------Check stall condition-------------
18/03/2022 16:42:35 Alt: -0.212
18/03/2022 16:42:35 distance: 933.3913801592654
18/03/2022 16:42:35 Mode: RTL
18/03/2022 16:42:35 Pilot control
18/03/2022 16:42:35 Pilot control
18/03/2022 16:42:35 -------------Check stall condition-------------
18/03/2022 16:42:35 Alt: -0.212
18/03/2022 16:42:35 distance: 933.3913801592654
18/03/2022 16:42:35 Mode: RTL
18/03/2022 16:42:36 Pilot control
18/03/2022 16:42:36 Pilot control
18/03/2022 16:42:36 -------------Check stall condition-------------
18/03/2022 16:42:36 Alt: -0.212
18/03/2022 16:42:36 distance: 933.3913801592654
18/03/2022 16:42:36 Mode: RTL
18/03/2022 16:42:36 Pilot control
18/03/2022 16:42:36 Pilot control
18/03/2022 16:42:36 -------------Check stall condition-------------
18/03/2022 16:42:36 Alt: -0.238
18/03/2022 16:42:36 distance: 933.3905230383513
18/03/2022 16:42:36 Mode: RTL
18/03/2022 16:42:36 Pilot control
18/03/2022 16:42:36 Pilot control
18/03/2022 16:42:36 -------------Check stall condition-------------
18/03/2022 16:42:36 Alt: -0.238
18/03/2022 16:42:36 distance: 933.3905230383513
18/03/2022 16:42:36 Mode: RTL
18/03/2022 16:42:36 Pilot control
18/03/2022 16:42:36 Pilot control
18/03/2022 16:42:36 -------------Check stall condition-------------
18/03/2022 16:42:36 Alt: -0.238
18/03/2022 16:42:36 distance: 933.3905230383513
18/03/2022 16:42:36 Mode: RTL
18/03/2022 16:42:36 Pilot control
18/03/2022 16:42:36 Pilot control
18/03/2022 16:42:36 -------------Check stall condition-------------
18/03/2022 16:42:36 Alt: -0.268
18/03/2022 16:42:36 distance: 933.3979543859401
18/03/2022 16:42:36 Mode: RTL
18/03/2022 16:42:36 Pilot control
18/03/2022 16:42:36 Pilot control
18/03/2022 16:42:36 -------------Check stall condition-------------
18/03/2022 16:42:36 Alt: -0.268
18/03/2022 16:42:36 distance: 933.3979543859401
18/03/2022 16:42:36 Mode: RTL
18/03/2022 16:42:36 Pilot control
18/03/2022 16:42:36 Pilot control
18/03/2022 16:42:36 -------------Check stall condition-------------
18/03/2022 16:42:36 Alt: -0.268
18/03/2022 16:42:36 distance: 933.3979543859401
18/03/2022 16:42:36 Mode: RTL
18/03/2022 16:42:36 Pilot control
18/03/2022 16:42:36 Pilot control
18/03/2022 16:42:36 -------------Check stall condition-------------
18/03/2022 16:42:36 Alt: -0.268
18/03/2022 16:42:36 distance: 933.3979543859401
18/03/2022 16:42:36 Mode: RTL
18/03/2022 16:42:36 Pilot control
18/03/2022 16:42:36 Pilot control
18/03/2022 16:42:36 -------------Check stall condition-------------
18/03/2022 16:42:36 Alt: -0.268
18/03/2022 16:42:36 distance: 933.3979543859401
18/03/2022 16:42:37 Mode: RTL
18/03/2022 16:42:37 Pilot control
18/03/2022 16:42:37 Pilot control
18/03/2022 16:42:37 -------------Check stall condition-------------
18/03/2022 16:42:37 Alt: -0.314
18/03/2022 16:42:37 distance: 933.4045292299718
18/03/2022 16:42:37 Mode: RTL
18/03/2022 16:42:37 Pilot control
18/03/2022 16:42:37 Pilot control
18/03/2022 16:42:37 -------------Check stall condition-------------
18/03/2022 16:42:37 Alt: -0.314
18/03/2022 16:42:37 distance: 933.4045292299718
18/03/2022 16:42:37 Mode: RTL
18/03/2022 16:42:37 Pilot control
18/03/2022 16:42:37 Pilot control
18/03/2022 16:42:37 -------------Check stall condition-------------
18/03/2022 16:42:37 Alt: -0.314
18/03/2022 16:42:37 distance: 933.4045292299718
18/03/2022 16:42:37 Mode: RTL
18/03/2022 16:42:37 Pilot control
18/03/2022 16:42:37 Pilot control
18/03/2022 16:42:37 -------------Check stall condition-------------
18/03/2022 16:42:37 Alt: -0.314
18/03/2022 16:42:37 distance: 933.4045292299718
18/03/2022 16:42:37 Mode: RTL
18/03/2022 16:42:37 Pilot control
18/03/2022 16:42:37 Pilot control
18/03/2022 16:42:37 -------------Check stall condition-------------
18/03/2022 16:42:37 Alt: -0.314
18/03/2022 16:42:37 distance: 933.4045292299718
18/03/2022 16:42:37 Mode: RTL
18/03/2022 16:42:37 Pilot control
18/03/2022 16:42:37 Pilot control
18/03/2022 16:42:37 -------------Check stall condition-------------
18/03/2022 16:42:37 Alt: -0.314
18/03/2022 16:42:37 distance: 933.4045292299718
18/03/2022 16:42:37 Mode: RTL
18/03/2022 16:42:37 Pilot control
18/03/2022 16:42:37 Pilot control
18/03/2022 16:42:37 -------------Check stall condition-------------
18/03/2022 16:42:37 Alt: -0.322
18/03/2022 16:42:37 distance: 933.4276805143547
18/03/2022 16:42:37 Mode: RTL
18/03/2022 16:42:37 Pilot control
18/03/2022 16:42:37 Pilot control
18/03/2022 16:42:37 -------------Check stall condition-------------
18/03/2022 16:42:37 Alt: -0.323
18/03/2022 16:42:37 distance: 933.4351122299084
18/03/2022 16:42:37 Mode: RTL
18/03/2022 16:42:37 Pilot control
18/03/2022 16:42:37 Pilot control
18/03/2022 16:42:37 -------------Check stall condition-------------
18/03/2022 16:42:37 Alt: -0.323
18/03/2022 16:42:37 distance: 933.4351122299084
18/03/2022 16:42:37 Mode: RTL
18/03/2022 16:42:37 Pilot control
18/03/2022 16:42:37 Pilot control
18/03/2022 16:42:37 -------------Check stall condition-------------
18/03/2022 16:42:37 Alt: -0.323
18/03/2022 16:42:37 distance: 933.4351122299084
18/03/2022 16:42:37 Mode: RTL
18/03/2022 16:42:37 Pilot control
18/03/2022 16:42:37 Pilot control
18/03/2022 16:42:37 -------------Check stall condition-------------
18/03/2022 16:42:37 Alt: -0.323
18/03/2022 16:42:37 distance: 933.4351122299084
18/03/2022 16:42:37 Mode: RTL
18/03/2022 16:42:37 Pilot control
18/03/2022 16:42:37 Pilot control
18/03/2022 16:42:37 -------------Check stall condition-------------
18/03/2022 16:42:37 Alt: -0.323
18/03/2022 16:42:37 distance: 933.4351122299084
18/03/2022 16:42:37 Mode: RTL
18/03/2022 16:42:37 Pilot control
18/03/2022 16:42:37 Pilot control
18/03/2022 16:42:37 -------------Check stall condition-------------
18/03/2022 16:42:37 Alt: -0.323
18/03/2022 16:42:37 distance: 933.4351122299084
18/03/2022 16:42:37 Mode: RTL
18/03/2022 16:42:37 Pilot control
18/03/2022 16:42:37 Pilot control
18/03/2022 16:42:37 -------------Check stall condition-------------
18/03/2022 16:42:37 Alt: -0.318
18/03/2022 16:42:37 distance: 933.465695555241
18/03/2022 16:42:37 Mode: RTL
18/03/2022 16:42:37 Pilot control
18/03/2022 16:42:37 Pilot control
18/03/2022 16:42:37 -------------Check stall condition-------------
18/03/2022 16:42:37 Alt: -0.318
18/03/2022 16:42:37 distance: 933.465695555241
18/03/2022 16:42:37 Mode: RTL
18/03/2022 16:42:37 Pilot control
18/03/2022 16:42:37 Pilot control
18/03/2022 16:42:37 -------------Check stall condition-------------
18/03/2022 16:42:37 Alt: -0.318
18/03/2022 16:42:37 distance: 933.465695555241
18/03/2022 16:42:37 Mode: RTL
18/03/2022 16:42:37 Pilot control
18/03/2022 16:42:38 Pilot control
18/03/2022 16:42:38 -------------Check stall condition-------------
18/03/2022 16:42:38 Alt: -0.318
18/03/2022 16:42:38 distance: 933.465695555241
18/03/2022 16:42:38 Mode: RTL
18/03/2022 16:42:38 Pilot control
18/03/2022 16:42:38 Pilot control
18/03/2022 16:42:38 -------------Check stall condition-------------
18/03/2022 16:42:38 Alt: -0.318
18/03/2022 16:42:38 distance: 933.465695555241
18/03/2022 16:42:38 Mode: RTL
18/03/2022 16:42:38 Pilot control
18/03/2022 16:42:38 Pilot control
18/03/2022 16:42:38 -------------Check stall condition-------------
18/03/2022 16:42:38 Alt: -0.158
18/03/2022 16:42:38 distance: 933.465695555241
18/03/2022 16:42:38 Mode: RTL
18/03/2022 16:42:38 Pilot control
18/03/2022 16:42:38 Pilot control
18/03/2022 16:42:38 -------------Check stall condition-------------
18/03/2022 16:42:38 Alt: -0.158
18/03/2022 16:42:38 distance: 933.465695555241
18/03/2022 16:42:38 Mode: RTL
18/03/2022 16:42:38 Pilot control
18/03/2022 16:42:38 Pilot control
18/03/2022 16:42:38 -------------Check stall condition-------------
18/03/2022 16:42:38 Alt: -0.158
18/03/2022 16:42:38 distance: 933.465695555241
18/03/2022 16:42:38 Mode: RTL
18/03/2022 16:42:38 Pilot control
18/03/2022 16:42:38 Pilot control
18/03/2022 16:42:38 -------------Check stall condition-------------
18/03/2022 16:42:38 Alt: -0.158
18/03/2022 16:42:38 distance: 933.465695555241
18/03/2022 16:42:38 Mode: RTL
18/03/2022 16:42:38 Pilot control
18/03/2022 16:42:38 Pilot control
18/03/2022 16:42:38 -------------Check stall condition-------------
18/03/2022 16:42:38 Alt: -0.158
18/03/2022 16:42:38 distance: 933.465695555241
18/03/2022 16:42:38 Mode: RTL
18/03/2022 16:42:38 Pilot control
18/03/2022 16:42:38 Pilot control
18/03/2022 16:42:38 -------------Check stall condition-------------
18/03/2022 16:42:38 Alt: -0.158
18/03/2022 16:42:38 distance: 933.465695555241
18/03/2022 16:42:38 Mode: RTL
18/03/2022 16:42:38 Pilot control
18/03/2022 16:42:38 Pilot control
18/03/2022 16:42:38 -------------Check stall condition-------------
18/03/2022 16:42:38 Alt: -0.08
18/03/2022 16:42:38 distance: 933.465695555241
18/03/2022 16:42:38 Mode: RTL
18/03/2022 16:42:38 Pilot control
18/03/2022 16:42:38 Pilot control
18/03/2022 16:42:38 -------------Check stall condition-------------
18/03/2022 16:42:38 Alt: -0.08
18/03/2022 16:42:38 distance: 933.465695555241
18/03/2022 16:42:38 Mode: RTL
18/03/2022 16:42:38 Pilot control
18/03/2022 16:42:38 Pilot control
18/03/2022 16:42:38 -------------Check stall condition-------------
18/03/2022 16:42:38 Alt: -0.08
18/03/2022 16:42:38 distance: 933.465695555241
18/03/2022 16:42:38 Mode: RTL
18/03/2022 16:42:38 Pilot control
18/03/2022 16:42:38 Pilot control
18/03/2022 16:42:38 -------------Check stall condition-------------
18/03/2022 16:42:38 Alt: -0.067
18/03/2022 16:42:38 distance: 933.464839830095
18/03/2022 16:42:38 Mode: RTL
18/03/2022 16:42:38 Pilot control
18/03/2022 16:42:38 Pilot control
18/03/2022 16:42:38 -------------Check stall condition-------------
18/03/2022 16:42:38 Alt: -0.067
18/03/2022 16:42:38 distance: 933.464839830095
18/03/2022 16:42:38 Mode: RTL
18/03/2022 16:42:38 Pilot control
18/03/2022 16:42:38 Pilot control
18/03/2022 16:42:38 -------------Check stall condition-------------
18/03/2022 16:42:38 Alt: -0.067
18/03/2022 16:42:38 distance: 933.464839830095
18/03/2022 16:42:38 Mode: RTL
18/03/2022 16:42:38 Pilot control
18/03/2022 16:42:38 Pilot control
18/03/2022 16:42:38 -------------Check stall condition-------------
18/03/2022 16:42:38 Alt: -0.075
18/03/2022 16:42:38 distance: 933.4722719135698
18/03/2022 16:42:38 Mode: RTL
18/03/2022 16:42:38 Pilot control
18/03/2022 16:42:38 Pilot control
18/03/2022 16:42:38 -------------Check stall condition-------------
18/03/2022 16:42:39 Alt: -0.075
18/03/2022 16:42:39 distance: 933.4722719135698
18/03/2022 16:42:39 Mode: RTL
18/03/2022 16:42:39 Pilot control
18/03/2022 16:42:39 Pilot control
18/03/2022 16:42:39 -------------Check stall condition-------------
18/03/2022 16:42:39 Alt: -0.075
18/03/2022 16:42:39 distance: 933.4722719135698
18/03/2022 16:42:39 Mode: RTL
18/03/2022 16:42:39 Pilot control
18/03/2022 16:42:39 Pilot control
18/03/2022 16:42:39 -------------Check stall condition-------------
18/03/2022 16:42:39 Alt: -0.075
18/03/2022 16:42:39 distance: 933.4722719135698
18/03/2022 16:42:39 Mode: RTL
18/03/2022 16:42:39 Pilot control
18/03/2022 16:42:39 Pilot control
18/03/2022 16:42:39 -------------Check stall condition-------------
18/03/2022 16:42:39 Alt: -0.075
18/03/2022 16:42:39 distance: 933.4871363023103
18/03/2022 16:42:39 Mode: RTL
18/03/2022 16:42:39 Pilot control
18/03/2022 16:42:39 Pilot control
18/03/2022 16:42:39 -------------Check stall condition-------------
18/03/2022 16:42:39 Alt: -0.096
18/03/2022 16:42:39 distance: 933.4871363023103
18/03/2022 16:42:39 Mode: RTL
18/03/2022 16:42:39 Pilot control
18/03/2022 16:42:39 Pilot control
18/03/2022 16:42:39 -------------Check stall condition-------------
18/03/2022 16:42:39 Alt: -0.096
18/03/2022 16:42:39 distance: 933.4871363023103
18/03/2022 16:42:39 Mode: RTL
18/03/2022 16:42:39 Pilot control
18/03/2022 16:42:39 Pilot control
18/03/2022 16:42:39 -------------Check stall condition-------------
18/03/2022 16:42:39 Alt: -0.096
18/03/2022 16:42:39 distance: 933.4945686075728
18/03/2022 16:42:39 Mode: RTL
18/03/2022 16:42:39 Pilot control
18/03/2022 16:42:39 Pilot control
18/03/2022 16:42:39 -------------Check stall condition-------------
18/03/2022 16:42:39 Alt: -0.129
18/03/2022 16:42:39 distance: 933.4945686075728
18/03/2022 16:42:39 Mode: RTL
18/03/2022 16:42:39 Pilot control
18/03/2022 16:42:39 Pilot control
18/03/2022 16:42:39 -------------Check stall condition-------------
18/03/2022 16:42:39 Alt: -0.129
18/03/2022 16:42:39 distance: 933.4945686075728
18/03/2022 16:42:39 Mode: RTL
18/03/2022 16:42:39 Pilot control
18/03/2022 16:42:39 Pilot control
18/03/2022 16:42:39 -------------Check stall condition-------------
18/03/2022 16:42:39 Alt: -0.129
18/03/2022 16:42:39 distance: 933.4945686075728
18/03/2022 16:42:39 Mode: RTL
18/03/2022 16:42:39 Pilot control
18/03/2022 16:42:39 Pilot control
18/03/2022 16:42:39 -------------Check stall condition-------------
18/03/2022 16:42:39 Alt: -0.129
18/03/2022 16:42:39 distance: 933.5020009853527
18/03/2022 16:42:39 Mode: RTL
18/03/2022 16:42:39 Pilot control
18/03/2022 16:42:39 Pilot control
18/03/2022 16:42:39 -------------Check stall condition-------------
18/03/2022 16:42:39 Alt: -0.165
18/03/2022 16:42:39 distance: 933.5020009853527
18/03/2022 16:42:39 Mode: RTL
18/03/2022 16:42:39 Pilot control
18/03/2022 16:42:39 Pilot control
18/03/2022 16:42:39 -------------Check stall condition-------------
18/03/2022 16:42:39 Alt: -0.165
18/03/2022 16:42:39 distance: 933.5020009853527
18/03/2022 16:42:39 Mode: RTL
18/03/2022 16:42:39 Pilot control
18/03/2022 16:42:39 Pilot control
18/03/2022 16:42:39 -------------Check stall condition-------------
18/03/2022 16:42:39 Alt: -0.205
18/03/2022 16:42:39 distance: 933.5168659626825
18/03/2022 16:42:39 Mode: RTL
18/03/2022 16:42:39 Pilot control
18/03/2022 16:42:39 Pilot control
18/03/2022 16:42:40 -------------Check stall condition-------------
18/03/2022 16:42:40 Alt: -0.205
18/03/2022 16:42:40 distance: 933.5168659626825
18/03/2022 16:42:40 Mode: RTL
18/03/2022 16:42:40 Pilot control
18/03/2022 16:42:40 Pilot control
18/03/2022 16:42:40 -------------Check stall condition-------------
18/03/2022 16:42:40 Alt: -0.205
18/03/2022 16:42:40 distance: 933.5168659626825
18/03/2022 16:42:40 Mode: RTL
18/03/2022 16:42:40 Pilot control
18/03/2022 16:42:40 Pilot control
18/03/2022 16:42:40 -------------Check stall condition-------------
18/03/2022 16:42:40 Alt: -0.205
18/03/2022 16:42:40 distance: 933.5168659626825
18/03/2022 16:42:40 Mode: RTL
18/03/2022 16:42:40 Pilot control
18/03/2022 16:42:40 Pilot control
18/03/2022 16:42:40 -------------Check stall condition-------------
18/03/2022 16:42:40 Alt: -0.205
18/03/2022 16:42:40 distance: 933.5168659626825
18/03/2022 16:42:40 Mode: RTL
18/03/2022 16:42:40 Pilot control
18/03/2022 16:42:40 Pilot control
18/03/2022 16:42:40 -------------Check stall condition-------------
18/03/2022 16:42:40 Alt: -0.243
18/03/2022 16:42:40 distance: 933.5242985611729
18/03/2022 16:42:40 Mode: RTL
18/03/2022 16:42:40 Pilot control
18/03/2022 16:42:40 Pilot control
18/03/2022 16:42:40 -------------Check stall condition-------------
18/03/2022 16:42:40 Alt: -0.243
18/03/2022 16:42:40 distance: 933.5242985611729
18/03/2022 16:42:40 Mode: RTL
18/03/2022 16:42:40 Pilot control
18/03/2022 16:42:40 Pilot control
18/03/2022 16:42:40 -------------Check stall condition-------------
18/03/2022 16:42:40 Alt: -0.243
18/03/2022 16:42:40 distance: 933.5242985611729
18/03/2022 16:42:40 Mode: RTL
18/03/2022 16:42:40 Pilot control
18/03/2022 16:42:40 Pilot control
18/03/2022 16:42:40 -------------Check stall condition-------------
18/03/2022 16:42:40 Alt: -0.243
18/03/2022 16:42:40 distance: 933.5242985611729
18/03/2022 16:42:40 Mode: RTL
18/03/2022 16:42:40 Pilot control
18/03/2022 16:42:40 Pilot control
18/03/2022 16:42:40 -------------Check stall condition-------------
18/03/2022 16:42:40 Alt: -0.243
18/03/2022 16:42:40 distance: 933.5242985611729
18/03/2022 16:42:40 Mode: RTL
18/03/2022 16:42:40 Pilot control
18/03/2022 16:42:40 Pilot control
18/03/2022 16:42:40 -------------Check stall condition-------------
18/03/2022 16:42:40 Alt: -0.294
18/03/2022 16:42:40 distance: 933.5234442170462
18/03/2022 16:42:40 Mode: RTL
18/03/2022 16:42:40 Pilot control
18/03/2022 16:42:40 Pilot control
18/03/2022 16:42:40 -------------Check stall condition-------------
18/03/2022 16:42:40 Alt: -0.294
18/03/2022 16:42:41 distance: 933.5234442170462
18/03/2022 16:42:41 Mode: RTL
18/03/2022 16:42:41 Pilot control
18/03/2022 16:42:41 Pilot control
18/03/2022 16:42:41 -------------Check stall condition-------------
18/03/2022 16:42:41 Alt: -0.294
18/03/2022 16:42:41 distance: 933.5234442170462
18/03/2022 16:42:41 Mode: RTL
18/03/2022 16:42:41 Pilot control
18/03/2022 16:42:41 Pilot control
18/03/2022 16:42:41 -------------Check stall condition-------------
18/03/2022 16:42:41 Alt: -0.294
18/03/2022 16:42:41 distance: 933.5234442170462
18/03/2022 16:42:41 Mode: RTL
18/03/2022 16:42:41 Pilot control
18/03/2022 16:42:41 Pilot control
18/03/2022 16:42:41 -------------Check stall condition-------------
18/03/2022 16:42:41 Alt: -0.331
18/03/2022 16:42:41 distance: 933.5143033039701
18/03/2022 16:42:41 Mode: RTL
18/03/2022 16:42:41 Pilot control
18/03/2022 16:42:41 Pilot control
18/03/2022 16:42:41 -------------Check stall condition-------------
18/03/2022 16:42:41 Alt: -0.331
18/03/2022 16:42:41 distance: 933.5143033039701
18/03/2022 16:42:41 Mode: RTL
18/03/2022 16:42:41 Pilot control
18/03/2022 16:42:41 Pilot control
18/03/2022 16:42:41 -------------Check stall condition-------------
18/03/2022 16:42:41 Alt: -0.331
18/03/2022 16:42:41 distance: 933.5208827710978
18/03/2022 16:42:41 Mode: RTL
18/03/2022 16:42:41 Pilot control
18/03/2022 16:42:41 Pilot control
18/03/2022 16:42:41 -------------Check stall condition-------------
18/03/2022 16:42:41 Alt: -0.371
18/03/2022 16:42:41 distance: 933.5208827710978
18/03/2022 16:42:41 Mode: RTL
18/03/2022 16:42:41 Pilot control
18/03/2022 16:42:41 Pilot control
18/03/2022 16:42:41 -------------Check stall condition-------------
18/03/2022 16:42:41 Alt: -0.371
18/03/2022 16:42:41 distance: 933.528316001327
18/03/2022 16:42:41 Mode: RTL
18/03/2022 16:42:41 Pilot control
18/03/2022 16:42:41 Pilot control
18/03/2022 16:42:41 -------------Check stall condition-------------
18/03/2022 16:42:41 Alt: -0.405
18/03/2022 16:42:41 distance: 933.528316001327
18/03/2022 16:42:41 Mode: RTL
18/03/2022 16:42:41 Pilot control
18/03/2022 16:42:41 Pilot control
18/03/2022 16:42:41 -------------Check stall condition-------------
18/03/2022 16:42:41 Alt: -0.405
18/03/2022 16:42:41 distance: 933.528316001327
18/03/2022 16:42:41 Mode: RTL
18/03/2022 16:42:41 Pilot control
18/03/2022 16:42:41 Pilot control
18/03/2022 16:42:41 -------------Check stall condition-------------
18/03/2022 16:42:41 Alt: -0.405
18/03/2022 16:42:41 distance: 933.5183237075391
18/03/2022 16:42:41 Mode: RTL
18/03/2022 16:42:41 Pilot control
18/03/2022 16:42:41 Pilot control
18/03/2022 16:42:41 -------------Check stall condition-------------
18/03/2022 16:42:41 Alt: -0.436
18/03/2022 16:42:41 distance: 933.5183237075391
18/03/2022 16:42:41 Mode: RTL
18/03/2022 16:42:41 Pilot control
18/03/2022 16:42:41 Pilot control
18/03/2022 16:42:41 -------------Check stall condition-------------
18/03/2022 16:42:41 Alt: -0.436
18/03/2022 16:42:41 distance: 933.5183237075391
18/03/2022 16:42:41 Mode: RTL
18/03/2022 16:42:41 Pilot control
18/03/2022 16:42:41 Pilot control
18/03/2022 16:42:41 -------------Check stall condition-------------
18/03/2022 16:42:41 Alt: -0.436
18/03/2022 16:42:41 distance: 933.4934652643149
18/03/2022 16:42:41 Mode: RTL
18/03/2022 16:42:41 Pilot control
18/03/2022 16:42:41 Pilot control
18/03/2022 16:42:41 -------------Check stall condition-------------
18/03/2022 16:42:41 Alt: -0.455
18/03/2022 16:42:41 distance: 933.4934652643149
18/03/2022 16:42:41 Mode: RTL
18/03/2022 16:42:41 Pilot control
18/03/2022 16:42:41 Pilot control
18/03/2022 16:42:41 -------------Check stall condition-------------
18/03/2022 16:42:41 Alt: -0.455
18/03/2022 16:42:41 distance: 933.4934652643149
18/03/2022 16:42:41 Mode: RTL
18/03/2022 16:42:41 Pilot control
18/03/2022 16:42:41 Pilot control
18/03/2022 16:42:42 -------------Check stall condition-------------
18/03/2022 16:42:42 Alt: -0.455
18/03/2022 16:42:42 distance: 933.4934652643149
18/03/2022 16:42:42 Mode: RTL
18/03/2022 16:42:42 Pilot control
18/03/2022 16:42:42 Pilot control
18/03/2022 16:42:42 -------------Check stall condition-------------
18/03/2022 16:42:42 Alt: -0.466
18/03/2022 16:42:42 distance: 933.4768932649207
18/03/2022 16:42:42 Mode: RTL
18/03/2022 16:42:42 Pilot control
18/03/2022 16:42:42 Pilot control
18/03/2022 16:42:42 -------------Check stall condition-------------
18/03/2022 16:42:42 Alt: -0.466
18/03/2022 16:42:42 distance: 933.4768932649207
18/03/2022 16:42:42 Mode: RTL
18/03/2022 16:42:42 Pilot control
18/03/2022 16:42:42 Pilot control
18/03/2022 16:42:42 -------------Check stall condition-------------
18/03/2022 16:42:42 Alt: -0.466
18/03/2022 16:42:42 distance: 933.4594698874826
18/03/2022 16:42:42 Mode: RTL
18/03/2022 16:42:42 Pilot control
18/03/2022 16:42:42 Pilot control
18/03/2022 16:42:42 -------------Check stall condition-------------
18/03/2022 16:42:42 Alt: -0.481
18/03/2022 16:42:42 distance: 933.4594698874826
18/03/2022 16:42:42 Mode: RTL
18/03/2022 16:42:42 Pilot control
18/03/2022 16:42:42 Pilot control
18/03/2022 16:42:42 -------------Check stall condition-------------
18/03/2022 16:42:42 Alt: -0.481
18/03/2022 16:42:42 distance: 933.4594698874826
18/03/2022 16:42:42 Mode: RTL
18/03/2022 16:42:42 Pilot control
18/03/2022 16:42:42 Pilot control
18/03/2022 16:42:42 -------------Check stall condition-------------
18/03/2022 16:42:42 Alt: -0.495
18/03/2022 16:42:42 distance: 933.4503329942128
18/03/2022 16:42:42 Mode: RTL
18/03/2022 16:42:42 Pilot control
18/03/2022 16:42:42 Pilot control
18/03/2022 16:42:42 -------------Check stall condition-------------
18/03/2022 16:42:42 Alt: -0.495
18/03/2022 16:42:42 distance: 933.4503329942128
18/03/2022 16:42:42 Mode: RTL
18/03/2022 16:42:42 Pilot control
18/03/2022 16:42:42 Pilot control
18/03/2022 16:42:42 -------------Check stall condition-------------
18/03/2022 16:42:42 Alt: -0.495
18/03/2022 16:42:42 distance: 933.4503329942128
18/03/2022 16:42:42 Mode: RTL
18/03/2022 16:42:42 Pilot control
18/03/2022 16:42:42 Pilot control
18/03/2022 16:42:42 -------------Check stall condition-------------
18/03/2022 16:42:42 Alt: -0.495
18/03/2022 16:42:42 distance: 933.4503329942128
18/03/2022 16:42:42 Mode: RTL
18/03/2022 16:42:42 Pilot control
18/03/2022 16:42:42 Pilot control
18/03/2022 16:42:42 -------------Check stall condition-------------
18/03/2022 16:42:42 Alt: -0.495
18/03/2022 16:42:42 distance: 933.4503329942128
18/03/2022 16:42:42 Mode: RTL
18/03/2022 16:42:42 Pilot control
18/03/2022 16:42:42 Pilot control
18/03/2022 16:42:42 -------------Check stall condition-------------
18/03/2022 16:42:42 Alt: -0.495
18/03/2022 16:42:42 distance: 933.4503329942128
18/03/2022 16:42:42 Mode: RTL
18/03/2022 16:42:42 Pilot control
18/03/2022 16:42:42 Pilot control
18/03/2022 16:42:42 -------------Check stall condition-------------
18/03/2022 16:42:42 Alt: -0.497
18/03/2022 16:42:42 distance: 933.4329113768257
18/03/2022 16:42:42 Mode: RTL
18/03/2022 16:42:42 Pilot control
18/03/2022 16:42:42 Pilot control
18/03/2022 16:42:42 -------------Check stall condition-------------
18/03/2022 16:42:42 Alt: -0.497
18/03/2022 16:42:42 distance: 933.4329113768257
18/03/2022 16:42:42 Mode: RTL
18/03/2022 16:42:42 Pilot control
18/03/2022 16:42:42 Pilot control
18/03/2022 16:42:43 -------------Check stall condition-------------
18/03/2022 16:42:43 Alt: -0.493
18/03/2022 16:42:43 distance: 933.4080558365915
18/03/2022 16:42:43 Mode: RTL
18/03/2022 16:42:43 Pilot control
18/03/2022 16:42:43 Pilot control
18/03/2022 16:42:43 -------------Check stall condition-------------
18/03/2022 16:42:43 Alt: -0.493
18/03/2022 16:42:43 distance: 933.4080558365915
18/03/2022 16:42:43 Mode: RTL
18/03/2022 16:42:43 Pilot control
18/03/2022 16:42:43 Pilot control
18/03/2022 16:42:43 -------------Check stall condition-------------
18/03/2022 16:42:43 Alt: -0.493
18/03/2022 16:42:43 distance: 933.4080558365915
18/03/2022 16:42:43 Mode: RTL
18/03/2022 16:42:43 Pilot control
18/03/2022 16:42:43 Pilot control
18/03/2022 16:42:43 -------------Check stall condition-------------
18/03/2022 16:42:43 Alt: -0.493
18/03/2022 16:42:43 distance: 933.4080558365915
18/03/2022 16:42:43 Mode: RTL
18/03/2022 16:42:43 Pilot control
18/03/2022 16:42:43 Pilot control
18/03/2022 16:42:43 -------------Check stall condition-------------
18/03/2022 16:42:43 Alt: -0.493
18/03/2022 16:42:43 distance: 933.4080558365915
18/03/2022 16:42:43 Mode: RTL
18/03/2022 16:42:43 Pilot control
18/03/2022 16:42:43 Pilot control
18/03/2022 16:42:43 -------------Check stall condition-------------
18/03/2022 16:42:43 Alt: -0.244
18/03/2022 16:42:43 distance: 933.3980711504753
18/03/2022 16:42:43 Mode: RTL
18/03/2022 16:42:43 Pilot control
18/03/2022 16:42:43 Pilot control
18/03/2022 16:42:43 -------------Check stall condition-------------
18/03/2022 16:42:43 Alt: -0.244
18/03/2022 16:42:43 distance: 933.3980711504753
18/03/2022 16:42:43 Mode: RTL
18/03/2022 16:42:43 Pilot control
18/03/2022 16:42:43 Pilot control
18/03/2022 16:42:43 -------------Check stall condition-------------
18/03/2022 16:42:43 Alt: -0.244
18/03/2022 16:42:43 distance: 933.3980711504753
18/03/2022 16:42:43 Mode: RTL
18/03/2022 16:42:43 Pilot control
18/03/2022 16:42:43 Pilot control
18/03/2022 16:42:43 -------------Check stall condition-------------
18/03/2022 16:42:43 Alt: -0.244
18/03/2022 16:42:43 distance: 933.3980711504753
18/03/2022 16:42:43 Mode: RTL
18/03/2022 16:42:43 Pilot control
18/03/2022 16:42:43 Pilot control
18/03/2022 16:42:43 -------------Check stall condition-------------
18/03/2022 16:42:43 Alt: -0.244
18/03/2022 16:42:43 distance: 933.388088083482
18/03/2022 16:42:43 Mode: RTL
18/03/2022 16:42:43 Pilot control
18/03/2022 16:42:43 Pilot control
18/03/2022 16:42:43 -------------Check stall condition-------------
18/03/2022 16:42:43 Alt: -0.146
18/03/2022 16:42:43 distance: 933.388088083482
18/03/2022 16:42:43 Mode: RTL
18/03/2022 16:42:43 Pilot control
18/03/2022 16:42:43 Pilot control
18/03/2022 16:42:43 -------------Check stall condition-------------
18/03/2022 16:42:43 Alt: -0.146
18/03/2022 16:42:43 distance: 933.388088083482
18/03/2022 16:42:43 Mode: RTL
18/03/2022 16:42:43 Pilot control
18/03/2022 16:42:43 Pilot control
18/03/2022 16:42:43 -------------Check stall condition-------------
18/03/2022 16:42:43 Alt: -0.146
18/03/2022 16:42:43 distance: 933.388088083482
18/03/2022 16:42:43 Mode: RTL
18/03/2022 16:42:43 Pilot control
18/03/2022 16:42:43 Pilot control
18/03/2022 16:42:43 -------------Check stall condition-------------
18/03/2022 16:42:43 Alt: -0.146
18/03/2022 16:42:43 distance: 933.388088083482
18/03/2022 16:42:43 Mode: RTL
18/03/2022 16:42:43 Pilot control
18/03/2022 16:42:43 Pilot control
18/03/2022 16:42:43 -------------Check stall condition-------------
18/03/2022 16:42:43 Alt: -0.146
18/03/2022 16:42:43 distance: 933.388088083482
18/03/2022 16:42:43 Mode: RTL
18/03/2022 16:42:43 Pilot control
18/03/2022 16:42:43 Pilot control
18/03/2022 16:42:43 -------------Check stall condition-------------
18/03/2022 16:42:43 Alt: -0.146
18/03/2022 16:42:43 distance: 933.388088083482
18/03/2022 16:42:43 Mode: RTL
18/03/2022 16:42:44 Pilot control
18/03/2022 16:42:44 Pilot control
18/03/2022 16:42:44 -------------Check stall condition-------------
18/03/2022 16:42:44 Alt: -0.146
18/03/2022 16:42:44 distance: 933.388088083482
18/03/2022 16:42:44 Mode: RTL
18/03/2022 16:42:44 Pilot control
18/03/2022 16:42:44 Pilot control
18/03/2022 16:42:44 -------------Check stall condition-------------
18/03/2022 16:42:44 Alt: -0.146
18/03/2022 16:42:44 distance: 933.388088083482
18/03/2022 16:42:44 Mode: RTL
18/03/2022 16:42:44 Pilot control
18/03/2022 16:42:44 Pilot control
18/03/2022 16:42:44 -------------Check stall condition-------------
18/03/2022 16:42:44 Alt: -0.146
18/03/2022 16:42:44 distance: 933.388088083482
18/03/2022 16:42:44 Mode: RTL
18/03/2022 16:42:44 Pilot control
18/03/2022 16:42:44 Pilot control
18/03/2022 16:42:44 -------------Check stall condition-------------
18/03/2022 16:42:44 Alt: -0.146
18/03/2022 16:42:44 distance: 933.388088083482
18/03/2022 16:42:44 Mode: RTL
18/03/2022 16:42:44 Pilot control
18/03/2022 16:42:44 Pilot control
18/03/2022 16:42:44 -------------Check stall condition-------------
18/03/2022 16:42:44 Alt: -0.146
18/03/2022 16:42:44 distance: 933.388088083482
18/03/2022 16:42:44 Mode: RTL
18/03/2022 16:42:44 Pilot control
18/03/2022 16:42:44 Pilot control
18/03/2022 16:42:44 -------------Check stall condition-------------
18/03/2022 16:42:44 Alt: -0.146
18/03/2022 16:42:44 distance: 933.3623865490225
18/03/2022 16:42:44 Mode: RTL
18/03/2022 16:42:44 Pilot control
18/03/2022 16:42:44 Pilot control
18/03/2022 16:42:44 -------------Check stall condition-------------
18/03/2022 16:42:44 Alt: -0.102
18/03/2022 16:42:44 distance: 933.3623865490225
18/03/2022 16:42:44 Mode: RTL
18/03/2022 16:42:44 Pilot control
18/03/2022 16:42:44 Pilot control
18/03/2022 16:42:44 -------------Check stall condition-------------
18/03/2022 16:42:44 Alt: -0.102
18/03/2022 16:42:44 distance: 933.3623865490225
18/03/2022 16:42:44 Mode: RTL
18/03/2022 16:42:44 Pilot control
18/03/2022 16:42:44 Pilot control
18/03/2022 16:42:44 -------------Check stall condition-------------
18/03/2022 16:42:44 Alt: -0.102
18/03/2022 16:42:44 distance: 933.3623865490225
18/03/2022 16:42:44 Mode: RTL
18/03/2022 16:42:44 Pilot control
18/03/2022 16:42:44 Pilot control
18/03/2022 16:42:44 -------------Check stall condition-------------
18/03/2022 16:42:44 Alt: -0.102
18/03/2022 16:42:44 distance: 933.3623865490225
18/03/2022 16:42:44 Mode: RTL
18/03/2022 16:42:44 Pilot control
18/03/2022 16:42:44 Pilot control
18/03/2022 16:42:44 -------------Check stall condition-------------
18/03/2022 16:42:44 Alt: -0.102
18/03/2022 16:42:44 distance: 933.3441228555545
18/03/2022 16:42:44 Mode: RTL
18/03/2022 16:42:44 Pilot control
18/03/2022 16:42:44 Pilot control
18/03/2022 16:42:44 -------------Check stall condition-------------
18/03/2022 16:42:44 Alt: -0.102
18/03/2022 16:42:45 distance: 933.3441228555545
18/03/2022 16:42:45 Mode: RTL
18/03/2022 16:42:45 Pilot control
18/03/2022 16:42:45 Pilot control
18/03/2022 16:42:45 -------------Check stall condition-------------
18/03/2022 16:42:45 Alt: -0.102
18/03/2022 16:42:45 distance: 933.3441228555545
18/03/2022 16:42:45 Mode: RTL
18/03/2022 16:42:45 Pilot control
18/03/2022 16:42:45 Pilot control
18/03/2022 16:42:45 -------------Check stall condition-------------
18/03/2022 16:42:45 Alt: -0.102
18/03/2022 16:42:45 distance: 933.3441228555545
18/03/2022 16:42:45 Mode: RTL
18/03/2022 16:42:45 Pilot control
18/03/2022 16:42:45 Pilot control
18/03/2022 16:42:45 -------------Check stall condition-------------
18/03/2022 16:42:45 Alt: -0.102
18/03/2022 16:42:45 distance: 933.3441228555545
18/03/2022 16:42:45 Mode: RTL
18/03/2022 16:42:45 Pilot control
18/03/2022 16:42:45 Pilot control
18/03/2022 16:42:45 -------------Check stall condition-------------
18/03/2022 16:42:45 Alt: -0.102
18/03/2022 16:42:45 distance: 933.3441228555545
18/03/2022 16:42:45 Mode: RTL
18/03/2022 16:42:45 Pilot control
18/03/2022 16:42:45 Pilot control
18/03/2022 16:42:45 -------------Check stall condition-------------
18/03/2022 16:42:45 Alt: -0.102
18/03/2022 16:42:45 distance: 933.3084484079462
18/03/2022 16:42:45 Mode: RTL
18/03/2022 16:42:45 Pilot control
18/03/2022 16:42:45 Pilot control
18/03/2022 16:42:45 -------------Check stall condition-------------
18/03/2022 16:42:45 Alt: -0.15
18/03/2022 16:42:45 distance: 933.3084484079462
18/03/2022 16:42:45 Mode: RTL
18/03/2022 16:42:45 Pilot control
18/03/2022 16:42:45 Pilot control
18/03/2022 16:42:45 -------------Check stall condition-------------
18/03/2022 16:42:45 Alt: -0.15
18/03/2022 16:42:45 distance: 933.3084484079462
18/03/2022 16:42:45 Mode: RTL
18/03/2022 16:42:45 Pilot control
18/03/2022 16:42:45 Pilot control
18/03/2022 16:42:45 -------------Check stall condition-------------
18/03/2022 16:42:45 Alt: -0.15
18/03/2022 16:42:45 distance: 933.3084484079462
18/03/2022 16:42:45 Mode: RTL
18/03/2022 16:42:45 Pilot control
18/03/2022 16:42:45 Pilot control
18/03/2022 16:42:45 -------------Check stall condition-------------
18/03/2022 16:42:45 Alt: -0.15
18/03/2022 16:42:45 distance: 933.2910363575745
18/03/2022 16:42:45 Mode: RTL
18/03/2022 16:42:45 Pilot control
18/03/2022 16:42:45 Pilot control
18/03/2022 16:42:45 -------------Check stall condition-------------
18/03/2022 16:42:45 Alt: -0.179
18/03/2022 16:42:45 distance: 933.2910363575745
18/03/2022 16:42:45 Mode: RTL
18/03/2022 16:42:45 Pilot control
18/03/2022 16:42:45 Pilot control
18/03/2022 16:42:45 -------------Check stall condition-------------
18/03/2022 16:42:45 Alt: -0.179
18/03/2022 16:42:45 distance: 933.2910363575745
18/03/2022 16:42:45 Mode: RTL
18/03/2022 16:42:45 Pilot control
18/03/2022 16:42:45 Pilot control
18/03/2022 16:42:45 -------------Check stall condition-------------
18/03/2022 16:42:45 Alt: -0.179
18/03/2022 16:42:45 distance: 933.2910363575745
18/03/2022 16:42:45 Mode: RTL
18/03/2022 16:42:45 Pilot control
18/03/2022 16:42:45 Pilot control
18/03/2022 16:42:45 -------------Check stall condition-------------
18/03/2022 16:42:45 Alt: -0.179
18/03/2022 16:42:45 distance: 933.2910363575745
18/03/2022 16:42:45 Mode: RTL
18/03/2022 16:42:45 Pilot control
18/03/2022 16:42:45 Pilot control
18/03/2022 16:42:45 -------------Check stall condition-------------
18/03/2022 16:42:45 Alt: -0.179
18/03/2022 16:42:45 distance: 933.2653426401052
18/03/2022 16:42:45 Mode: RTL
18/03/2022 16:42:45 Pilot control
18/03/2022 16:42:45 Pilot control
18/03/2022 16:42:45 -------------Check stall condition-------------
18/03/2022 16:42:45 Alt: -0.203
18/03/2022 16:42:45 distance: 933.2653426401052
18/03/2022 16:42:45 Mode: RTL
18/03/2022 16:42:45 Pilot control
18/03/2022 16:42:45 Pilot control
18/03/2022 16:42:45 -------------Check stall condition-------------
18/03/2022 16:42:45 Alt: -0.203
18/03/2022 16:42:45 distance: 933.2653426401052
18/03/2022 16:42:45 Mode: RTL
18/03/2022 16:42:45 Pilot control
18/03/2022 16:42:45 Pilot control
18/03/2022 16:42:45 -------------Check stall condition-------------
18/03/2022 16:42:45 Alt: -0.203
18/03/2022 16:42:45 distance: 933.2396504737937
18/03/2022 16:42:45 Mode: RTL
18/03/2022 16:42:45 Pilot control
18/03/2022 16:42:45 Pilot control
18/03/2022 16:42:45 -------------Check stall condition-------------
18/03/2022 16:42:45 Alt: -0.228
18/03/2022 16:42:45 distance: 933.2396504737937
18/03/2022 16:42:45 Mode: RTL
18/03/2022 16:42:45 Pilot control
18/03/2022 16:42:45 Pilot control
18/03/2022 16:42:45 -------------Check stall condition-------------
18/03/2022 16:42:45 Alt: -0.228
18/03/2022 16:42:45 distance: 933.2396504737937
18/03/2022 16:42:45 Mode: RTL
18/03/2022 16:42:45 Pilot control
18/03/2022 16:42:45 Pilot control
18/03/2022 16:42:45 -------------Check stall condition-------------
18/03/2022 16:42:45 Alt: -0.228
18/03/2022 16:42:45 distance: 933.2396504737937
18/03/2022 16:42:45 Mode: RTL
18/03/2022 16:42:45 Pilot control
18/03/2022 16:42:45 Pilot control
18/03/2022 16:42:45 -------------Check stall condition-------------
18/03/2022 16:42:45 Alt: -0.228
18/03/2022 16:42:45 distance: 933.2396504737937
18/03/2022 16:42:45 Mode: RTL
18/03/2022 16:42:45 Pilot control
18/03/2022 16:42:45 Pilot control
18/03/2022 16:42:45 -------------Check stall condition-------------
18/03/2022 16:42:45 Alt: -0.228
18/03/2022 16:42:45 distance: 933.2396504737937
18/03/2022 16:42:45 Mode: RTL
18/03/2022 16:42:45 Pilot control
18/03/2022 16:42:45 Pilot control
18/03/2022 16:42:45 -------------Check stall condition-------------
18/03/2022 16:42:45 Alt: -0.228
18/03/2022 16:42:45 distance: 933.2396504737937
18/03/2022 16:42:45 Mode: RTL
18/03/2022 16:42:45 Pilot control
18/03/2022 16:42:45 Pilot control
18/03/2022 16:42:45 -------------Check stall condition-------------
18/03/2022 16:42:45 Alt: -0.254
18/03/2022 16:42:45 distance: 933.206521599344
18/03/2022 16:42:45 Mode: RTL
18/03/2022 16:42:45 Pilot control
18/03/2022 16:42:45 Pilot control
18/03/2022 16:42:45 -------------Check stall condition-------------
18/03/2022 16:42:45 Alt: -0.254
18/03/2022 16:42:45 distance: 933.206521599344
18/03/2022 16:42:45 Mode: RTL
18/03/2022 16:42:45 Pilot control
18/03/2022 16:42:45 Pilot control
18/03/2022 16:42:45 -------------Check stall condition-------------
18/03/2022 16:42:45 Alt: -0.254
18/03/2022 16:42:45 distance: 933.206521599344
18/03/2022 16:42:45 Mode: RTL
18/03/2022 16:42:45 Pilot control
18/03/2022 16:42:45 Pilot control
18/03/2022 16:42:45 -------------Check stall condition-------------
18/03/2022 16:42:45 Alt: -0.254
18/03/2022 16:42:45 distance: 933.206521599344
18/03/2022 16:42:45 Mode: RTL
18/03/2022 16:42:45 Pilot control
18/03/2022 16:42:45 Pilot control
18/03/2022 16:42:45 -------------Check stall condition-------------
18/03/2022 16:42:45 Alt: -0.254
18/03/2022 16:42:45 distance: 933.206521599344
18/03/2022 16:42:45 Mode: RTL
18/03/2022 16:42:45 Pilot control
18/03/2022 16:42:45 Pilot control
18/03/2022 16:42:45 -------------Check stall condition-------------
18/03/2022 16:42:45 Alt: -0.265
18/03/2022 16:42:45 distance: 933.173393673341
18/03/2022 16:42:45 Mode: RTL
18/03/2022 16:42:45 Pilot control
18/03/2022 16:42:45 Pilot control
18/03/2022 16:42:45 -------------Check stall condition-------------
18/03/2022 16:42:45 Alt: -0.265
18/03/2022 16:42:45 distance: 933.173393673341
18/03/2022 16:42:45 Mode: RTL
18/03/2022 16:42:45 Pilot control
18/03/2022 16:42:45 Pilot control
18/03/2022 16:42:45 -------------Check stall condition-------------
18/03/2022 16:42:45 Alt: -0.265
