23/02/2022 13:08:01 Connecting to Vehicle on: /dev/ttyACM0
23/02/2022 13:08:01 ArduPlane V4.1.4 (0f984409)
23/02/2022 13:08:01 ChibiOS: 45395b6a
23/02/2022 13:08:01 CubeBlack 00360049 3337510E 37353832
23/02/2022 13:08:01 RCOut: PWM:1-12
23/02/2022 13:08:01 IMU0: fast sampling enabled 8.0kHz/1.0kHz
23/02/2022 13:08:01 IMU2: fast sampling enabled 8.0kHz/1.0kHz
23/02/2022 13:08:13 -------------Check stall condition-------------
23/02/2022 13:08:13 Alt: -0.921
23/02/2022 13:08:13 distance: 46.98402992274554
23/02/2022 13:08:13 Mode: STABILIZE
23/02/2022 13:08:13 Pilot control
23/02/2022 13:08:14 ch7: 976
23/02/2022 13:08:14 -------------Check stall condition-------------
23/02/2022 13:08:14 Alt: -0.933
23/02/2022 13:08:14 distance: 46.98402992274554
23/02/2022 13:08:14 Mode: STABILIZE
23/02/2022 13:08:14 Pilot control
23/02/2022 13:08:14 ch7: 976
23/02/2022 13:08:14 -------------Check stall condition-------------
23/02/2022 13:08:14 Alt: -0.933
23/02/2022 13:08:14 distance: 46.989406155914736
23/02/2022 13:08:14 Mode: STABILIZE
23/02/2022 13:08:14 Pilot control
23/02/2022 13:08:14 ch7: 975
23/02/2022 13:08:14 -------------Check stall condition-------------
23/02/2022 13:08:14 Alt: -0.932
23/02/2022 13:08:14 distance: 46.99478441102999
23/02/2022 13:08:14 Mode: STABILIZE
23/02/2022 13:08:14 Pilot control
23/02/2022 13:08:14 ch7: 976
23/02/2022 13:08:14 -------------Check stall condition-------------
23/02/2022 13:08:14 Alt: -0.931
23/02/2022 13:08:14 distance: 46.980676224800625
23/02/2022 13:08:14 Mode: STABILIZE
23/02/2022 13:08:14 Pilot control
23/02/2022 13:08:15 ch7: 975
23/02/2022 13:08:15 -------------Check stall condition-------------
23/02/2022 13:08:15 Alt: -0.929
23/02/2022 13:08:15 distance: 46.96119022860188
23/02/2022 13:08:15 Mode: STABILIZE
23/02/2022 13:08:15 Pilot control
23/02/2022 13:08:15 ch7: 975
23/02/2022 13:08:15 -------------Check stall condition-------------
23/02/2022 13:08:15 Alt: -0.925
23/02/2022 13:08:15 distance: 46.93631972589581
23/02/2022 13:08:15 Mode: STABILIZE
23/02/2022 13:08:15 Pilot control
23/02/2022 13:08:15 ch7: 976
23/02/2022 13:08:15 -------------Check stall condition-------------
23/02/2022 13:08:15 Alt: -0.919
23/02/2022 13:08:15 distance: 46.9168364372953
23/02/2022 13:08:15 Mode: STABILIZE
23/02/2022 13:08:15 Pilot control
23/02/2022 13:08:15 ch7: 976
23/02/2022 13:08:15 -------------Check stall condition-------------
23/02/2022 13:08:15 Alt: -0.919
23/02/2022 13:08:15 distance: 46.89735562394572
23/02/2022 13:08:15 Mode: STABILIZE
23/02/2022 13:08:15 Pilot control
23/02/2022 13:08:15 ch7: 976
23/02/2022 13:08:15 -------------Check stall condition-------------
23/02/2022 13:08:15 Alt: -0.913
23/02/2022 13:08:15 distance: 46.88327098125266
23/02/2022 13:08:15 Mode: STABILIZE
23/02/2022 13:08:15 Pilot control
23/02/2022 13:08:16 ch7: 976
23/02/2022 13:08:16 -------------Check stall condition-------------
23/02/2022 13:08:16 Alt: -0.905
23/02/2022 13:08:16 distance: 46.88327098125266
23/02/2022 13:08:16 Mode: STABILIZE
23/02/2022 13:08:16 Pilot control
23/02/2022 13:08:16 ch7: 975
23/02/2022 13:08:16 -------------Check stall condition-------------
23/02/2022 13:08:16 Alt: -0.896
23/02/2022 13:08:16 distance: 46.87353386534963
23/02/2022 13:08:16 Mode: STABILIZE
23/02/2022 13:08:16 Pilot control
23/02/2022 13:08:16 ch7: 975
23/02/2022 13:08:16 -------------Check stall condition-------------
23/02/2022 13:08:16 Alt: -0.892
23/02/2022 13:08:16 distance: 46.869195327177444
23/02/2022 13:08:16 Mode: STABILIZE
23/02/2022 13:08:16 Pilot control
23/02/2022 13:08:16 ch7: 975
23/02/2022 13:08:16 -------------Check stall condition-------------
23/02/2022 13:08:16 Alt: -0.888
23/02/2022 13:08:16 distance: 46.85946057407364
23/02/2022 13:08:16 Mode: STABILIZE
23/02/2022 13:08:16 Pilot control
23/02/2022 13:08:17 ch7: 975
23/02/2022 13:08:17 -------------Check stall condition-------------
23/02/2022 13:08:17 Alt: -0.882
23/02/2022 13:08:17 distance: 46.85946057407364
23/02/2022 13:08:17 Mode: STABILIZE
23/02/2022 13:08:17 Pilot control
23/02/2022 13:08:17 ch7: 975
23/02/2022 13:08:17 -------------Check stall condition-------------
23/02/2022 13:08:17 Alt: -0.88
23/02/2022 13:08:17 distance: 46.864861674485965
23/02/2022 13:08:17 Mode: STABILIZE
23/02/2022 13:08:17 Pilot control
23/02/2022 13:08:17 ch7: 975
23/02/2022 13:08:17 -------------Check stall condition-------------
23/02/2022 13:08:17 Alt: -0.88
23/02/2022 13:08:17 distance: 46.864861674485965
23/02/2022 13:08:17 Mode: STABILIZE
23/02/2022 13:08:17 Pilot control
23/02/2022 13:08:17 ch7: 975
23/02/2022 13:08:17 -------------Check stall condition-------------
23/02/2022 13:08:17 Alt: -0.873
23/02/2022 13:08:17 distance: 46.86593917632496
23/02/2022 13:08:17 Mode: STABILIZE
23/02/2022 13:08:18 ch7: 975
23/02/2022 13:08:18 -------------Check stall condition-------------
23/02/2022 13:08:18 Alt: -0.867
23/02/2022 13:08:18 distance: 46.846479521559274
23/02/2022 13:08:18 Mode: STABILIZE
23/02/2022 13:08:18 ch7: 975
23/02/2022 13:08:18 -------------Check stall condition-------------
23/02/2022 13:08:18 Alt: -0.86
23/02/2022 13:08:18 distance: 46.83675063027432
23/02/2022 13:08:18 Mode: STABILIZE
23/02/2022 13:08:18 ch7: 975
23/02/2022 13:08:18 -------------Check stall condition-------------
23/02/2022 13:08:18 Alt: -0.855
23/02/2022 13:08:18 distance: 46.827022365416994
23/02/2022 13:08:18 Mode: STABILIZE
23/02/2022 13:08:18 ch7: 975
23/02/2022 13:08:18 -------------Check stall condition-------------
23/02/2022 13:08:18 Alt: -0.844
23/02/2022 13:08:18 distance: 46.81729472599434
23/02/2022 13:08:18 Mode: STABILIZE
23/02/2022 13:08:19 ch7: 975
23/02/2022 13:08:19 -------------Check stall condition-------------
23/02/2022 13:08:19 Alt: -0.844
23/02/2022 13:08:19 distance: 46.772974043229006
23/02/2022 13:08:19 Mode: STABILIZE
23/02/2022 13:08:19 ch7: 976
23/02/2022 13:08:19 -------------Check stall condition-------------
23/02/2022 13:08:19 Alt: -0.84
23/02/2022 13:08:19 distance: 46.772974043229006
23/02/2022 13:08:19 Mode: STABILIZE
23/02/2022 13:08:19 ch7: 976
23/02/2022 13:08:19 -------------Check stall condition-------------
23/02/2022 13:08:19 Alt: -0.84
23/02/2022 13:08:19 distance: 46.772974043229006
23/02/2022 13:08:19 Mode: STABILIZE
23/02/2022 13:08:19 ch7: 975
23/02/2022 13:08:19 -------------Check stall condition-------------
23/02/2022 13:08:19 Alt: -0.835
23/02/2022 13:08:19 distance: 46.72865640628021
23/02/2022 13:08:19 Mode: STABILIZE
23/02/2022 13:08:19 ch7: 975
23/02/2022 13:08:19 -------------Check stall condition-------------
23/02/2022 13:08:19 Alt: -0.838
23/02/2022 13:08:19 distance: 46.70920853619071
23/02/2022 13:08:19 Mode: STABILIZE
23/02/2022 13:08:19 ch7: 975
23/02/2022 13:08:19 -------------Check stall condition-------------
23/02/2022 13:08:20 Alt: -0.838
23/02/2022 13:08:20 distance: 46.70920853619071
23/02/2022 13:08:20 Mode: STABILIZE
23/02/2022 13:08:20 ch7: 975
23/02/2022 13:08:20 -------------Check stall condition-------------
23/02/2022 13:08:20 Alt: -0.844
23/02/2022 13:08:20 distance: 46.689763183272106
23/02/2022 13:08:20 Mode: STABILIZE
23/02/2022 13:08:20 ch7: 975
23/02/2022 13:08:20 -------------Check stall condition-------------
23/02/2022 13:08:20 Alt: -0.853
23/02/2022 13:08:20 distance: 46.660599875116056
23/02/2022 13:08:20 Mode: STABILIZE
23/02/2022 13:08:20 ch7: 975
23/02/2022 13:08:20 -------------Check stall condition-------------
23/02/2022 13:08:20 Alt: -0.861
23/02/2022 13:08:20 distance: 46.635733817201604
23/02/2022 13:08:20 Mode: STABILIZE
23/02/2022 13:08:21 ch7: 975
23/02/2022 13:08:21 -------------Check stall condition-------------
23/02/2022 13:08:21 Alt: -0.861
23/02/2022 13:08:21 distance: 46.62058799387252
23/02/2022 13:08:21 Mode: STABILIZE
23/02/2022 13:08:21 ch7: 976
23/02/2022 13:08:21 -------------Check stall condition-------------
23/02/2022 13:08:21 Alt: -0.861
23/02/2022 13:08:21 distance: 46.60114820739985
23/02/2022 13:08:21 Mode: STABILIZE
23/02/2022 13:08:21 ch7: 975
23/02/2022 13:08:21 -------------Check stall condition-------------
23/02/2022 13:08:21 Alt: -0.866
23/02/2022 13:08:21 distance: 46.556845344010654
23/02/2022 13:08:21 Mode: STABILIZE
23/02/2022 13:08:22 ch7: 975
23/02/2022 13:08:22 -------------Check stall condition-------------
23/02/2022 13:08:22 Alt: -0.861
23/02/2022 13:08:22 distance: 46.531979765249105
23/02/2022 13:08:22 Mode: STABILIZE
23/02/2022 13:08:22 ch7: 975
23/02/2022 13:08:22 -------------Check stall condition-------------
23/02/2022 13:08:22 Alt: -0.843
23/02/2022 13:08:22 distance: 46.46710084513691
23/02/2022 13:08:22 Mode: STABILIZE
23/02/2022 13:08:23 ch7: 975
23/02/2022 13:08:23 -------------Check stall condition-------------
23/02/2022 13:08:23 Alt: -0.826
23/02/2022 13:08:23 distance: 46.397935550467984
23/02/2022 13:08:23 Mode: STABILIZE
23/02/2022 13:08:23 ch7: 976
23/02/2022 13:08:23 -------------Check stall condition-------------
23/02/2022 13:08:23 Alt: -0.819
23/02/2022 13:08:23 distance: 46.36335430279468
23/02/2022 13:08:23 Mode: STABILIZE
23/02/2022 13:08:23 ch7: 976
23/02/2022 13:08:23 -------------Check stall condition-------------
23/02/2022 13:08:23 Alt: -0.798
23/02/2022 13:08:23 distance: 46.303909042841866
23/02/2022 13:08:23 Mode: STABILIZE
23/02/2022 13:08:24 ch7: 975
23/02/2022 13:08:24 -------------Check stall condition-------------
23/02/2022 13:08:24 Alt: -0.794
23/02/2022 13:08:24 distance: 46.26389402835712
23/02/2022 13:08:24 Mode: STABILIZE
23/02/2022 13:08:24 ch7: 975
23/02/2022 13:08:24 -------------Check stall condition-------------
23/02/2022 13:08:24 Alt: -0.794
23/02/2022 13:08:24 distance: 46.23902903133084
23/02/2022 13:08:24 Mode: STABILIZE
23/02/2022 13:08:24 ch7: 976
23/02/2022 13:08:24 -------------Check stall condition-------------
23/02/2022 13:08:24 Alt: -0.79
23/02/2022 13:08:24 distance: 46.223879223694944
23/02/2022 13:08:24 Mode: STABILIZE
23/02/2022 13:08:24 ch7: 976
23/02/2022 13:08:24 -------------Check stall condition-------------
23/02/2022 13:08:24 Alt: -0.793
23/02/2022 13:08:24 distance: 46.223879223694944
23/02/2022 13:08:24 Mode: STABILIZE
23/02/2022 13:08:24 ch7: 976
23/02/2022 13:08:24 -------------Check stall condition-------------
23/02/2022 13:08:24 Alt: -0.8
23/02/2022 13:08:24 distance: 46.20872981408416
23/02/2022 13:08:25 Mode: STABILIZE
23/02/2022 13:08:25 ch7: 975
23/02/2022 13:08:25 -------------Check stall condition-------------
23/02/2022 13:08:25 Alt: -0.804
23/02/2022 13:08:25 distance: 46.193580801411514
23/02/2022 13:08:25 Mode: STABILIZE
23/02/2022 13:08:25 ch7: 975
23/02/2022 13:08:25 -------------Check stall condition-------------
23/02/2022 13:08:25 Alt: -0.809
23/02/2022 13:08:25 distance: 46.17300178169097
23/02/2022 13:08:25 Mode: STABILIZE
23/02/2022 13:08:25 ch7: 975
23/02/2022 13:08:25 -------------Check stall condition-------------
23/02/2022 13:08:25 Alt: -0.809
23/02/2022 13:08:25 distance: 46.15785446660862
23/02/2022 13:08:25 Mode: STABILIZE
23/02/2022 13:08:25 ch7: 975
23/02/2022 13:08:25 -------------Check stall condition-------------
23/02/2022 13:08:25 Alt: -0.809
23/02/2022 13:08:25 distance: 46.147001605362014
23/02/2022 13:08:25 Mode: STABILIZE
23/02/2022 13:08:26 ch7: 975
23/02/2022 13:08:26 -------------Check stall condition-------------
23/02/2022 13:08:26 Alt: -0.824
23/02/2022 13:08:26 distance: 46.131856496664625
23/02/2022 13:08:26 Mode: STABILIZE
23/02/2022 13:08:26 ch7: 975
23/02/2022 13:08:26 -------------Check stall condition-------------
23/02/2022 13:08:26 Alt: -0.824
23/02/2022 13:08:26 distance: 46.131856496664625
23/02/2022 13:08:26 Mode: STABILIZE
23/02/2022 13:08:26 ch7: 976
23/02/2022 13:08:26 -------------Check stall condition-------------
23/02/2022 13:08:26 Alt: -0.832
23/02/2022 13:08:26 distance: 46.111290242642404
23/02/2022 13:08:26 Mode: STABILIZE
23/02/2022 13:08:26 ch7: 976
23/02/2022 13:08:26 -------------Check stall condition-------------
23/02/2022 13:08:26 Alt: -0.846
23/02/2022 13:08:26 distance: 46.08642357737369
23/02/2022 13:08:26 Mode: STABILIZE
23/02/2022 13:08:27 ch7: 975
23/02/2022 13:08:27 -------------Check stall condition-------------
23/02/2022 13:08:27 Alt: -0.861
23/02/2022 13:08:27 distance: 46.04641333151862
23/02/2022 13:08:27 Mode: STABILIZE
23/02/2022 13:08:27 ch7: 975
23/02/2022 13:08:27 -------------Check stall condition-------------
23/02/2022 13:08:27 Alt: -0.859
23/02/2022 13:08:27 distance: 46.040994272588065
23/02/2022 13:08:27 Mode: STABILIZE
23/02/2022 13:08:27 ch7: 976
23/02/2022 13:08:27 -------------Check stall condition-------------
23/02/2022 13:08:27 Alt: -0.865
23/02/2022 13:08:27 distance: 46.03447763807749
23/02/2022 13:08:27 Mode: STABILIZE
23/02/2022 13:08:28 ch7: 975
23/02/2022 13:08:28 -------------Check stall condition-------------
23/02/2022 13:08:28 Alt: -0.866
23/02/2022 13:08:28 distance: 46.02366030413328
23/02/2022 13:08:28 Mode: STABILIZE
23/02/2022 13:08:28 ch7: 976
23/02/2022 13:08:28 -------------Check stall condition-------------
23/02/2022 13:08:28 Alt: -0.869
23/02/2022 13:08:28 distance: 45.98798250430303
23/02/2022 13:08:28 Mode: STABILIZE
23/02/2022 13:08:28 ch7: 976
23/02/2022 13:08:29 -------------Check stall condition-------------
23/02/2022 13:08:29 Alt: -0.874
23/02/2022 13:08:29 distance: 45.97178361517157
23/02/2022 13:08:29 Mode: STABILIZE
23/02/2022 13:08:29 ch7: 976
23/02/2022 13:08:29 -------------Check stall condition-------------
23/02/2022 13:08:29 Alt: -0.88
23/02/2022 13:08:29 distance: 45.92534373472855
23/02/2022 13:08:29 Mode: STABILIZE
23/02/2022 13:08:29 ch7: 976
23/02/2022 13:08:29 -------------Check stall condition-------------
23/02/2022 13:08:29 Alt: -0.883
23/02/2022 13:08:29 distance: 45.898427059666034
23/02/2022 13:08:29 Mode: STABILIZE
23/02/2022 13:08:30 ch7: 976
23/02/2022 13:08:30 -------------Check stall condition-------------
23/02/2022 13:08:30 Alt: -0.885
23/02/2022 13:08:30 distance: 45.90279796041748
23/02/2022 13:08:30 Mode: STABILIZE
23/02/2022 13:08:30 ch7: 976
23/02/2022 13:08:30 -------------Check stall condition-------------
23/02/2022 13:08:30 Alt: -0.897
23/02/2022 13:08:30 distance: 45.89643450418438
23/02/2022 13:08:30 Mode: STABILIZE
23/02/2022 13:08:31 ch7: 976
23/02/2022 13:08:31 -------------Check stall condition-------------
23/02/2022 13:08:31 Alt: -0.909
23/02/2022 13:08:31 distance: 45.88034104071878
23/02/2022 13:08:31 Mode: STABILIZE
23/02/2022 13:08:31 ch7: 976
23/02/2022 13:08:31 -------------Check stall condition-------------
23/02/2022 13:08:31 Alt: -0.892
23/02/2022 13:08:31 distance: 45.87938084524483
23/02/2022 13:08:31 Mode: STABILIZE
23/02/2022 13:08:31 ch7: 975
23/02/2022 13:08:31 -------------Check stall condition-------------
23/02/2022 13:08:31 Alt: -0.852
23/02/2022 13:08:31 distance: 45.84286226528766
23/02/2022 13:08:31 Mode: STABILIZE
23/02/2022 13:08:32 ch7: 976
23/02/2022 13:08:32 -------------Check stall condition-------------
23/02/2022 13:08:32 Alt: -0.555
23/02/2022 13:08:32 distance: 45.817064215822015
23/02/2022 13:08:32 Mode: STABILIZE
23/02/2022 13:08:32 ch7: 976
23/02/2022 13:08:32 -------------Check stall condition-------------
23/02/2022 13:08:32 Alt: -0.287
23/02/2022 13:08:32 distance: 45.8010483827256
23/02/2022 13:08:32 Mode: STABILIZE
23/02/2022 13:08:33 ch7: 975
23/02/2022 13:08:33 -------------Check stall condition-------------
23/02/2022 13:08:33 Alt: 0.065
23/02/2022 13:08:33 distance: 45.773529353305456
23/02/2022 13:08:33 Mode: STABILIZE
23/02/2022 13:08:33 ch7: 975
23/02/2022 13:08:33 -------------Check stall condition-------------
23/02/2022 13:08:33 Alt: 0.109
23/02/2022 13:08:33 distance: 45.78215383432863
23/02/2022 13:08:33 Mode: STABILIZE
23/02/2022 13:08:33 ch7: 975
23/02/2022 13:08:33 -------------Check stall condition-------------
23/02/2022 13:08:33 Alt: 0.196
23/02/2022 13:08:33 distance: 45.74384964359921
23/02/2022 13:08:33 Mode: STABILIZE
23/02/2022 13:08:34 ch7: 976
23/02/2022 13:08:34 -------------Check stall condition-------------
23/02/2022 13:08:34 Alt: 0.257
23/02/2022 13:08:34 distance: 45.62200971893031
23/02/2022 13:08:34 Mode: STABILIZE
23/02/2022 13:08:34 ch7: 976
23/02/2022 13:08:34 -------------Check stall condition-------------
23/02/2022 13:08:34 Alt: 0.256
23/02/2022 13:08:34 distance: 45.52643786607379
23/02/2022 13:08:34 Mode: STABILIZE
23/02/2022 13:08:35 ch7: 975
23/02/2022 13:08:35 -------------Check stall condition-------------
23/02/2022 13:08:35 Alt: 0.291
23/02/2022 13:08:35 distance: 45.16881272066321
23/02/2022 13:08:35 Mode: STABILIZE
23/02/2022 13:08:35 ch7: 975
23/02/2022 13:08:35 -------------Check stall condition-------------
23/02/2022 13:08:35 Alt: 0.291
23/02/2022 13:08:35 distance: 44.90339421889791
23/02/2022 13:08:35 Mode: STABILIZE
23/02/2022 13:08:36 ch7: 975
23/02/2022 13:08:36 -------------Check stall condition-------------
23/02/2022 13:08:36 Alt: 0.389
23/02/2022 13:08:36 distance: 44.62307800486857
23/02/2022 13:08:36 Mode: STABILIZE
23/02/2022 13:08:36 ch7: 975
23/02/2022 13:08:36 -------------Check stall condition-------------
23/02/2022 13:08:36 Alt: 0.224
23/02/2022 13:08:36 distance: 44.18369680193956
23/02/2022 13:08:36 Mode: STABILIZE
23/02/2022 13:08:37 ch7: 975
23/02/2022 13:08:37 -------------Check stall condition-------------
23/02/2022 13:08:37 Alt: 0.416
23/02/2022 13:08:37 distance: 43.519737429353384
23/02/2022 13:08:37 Mode: STABILIZE
23/02/2022 13:08:38 ch7: 976
23/02/2022 13:08:38 -------------Check stall condition-------------
23/02/2022 13:08:38 Alt: 0.496
23/02/2022 13:08:38 distance: 43.26573107891289
23/02/2022 13:08:38 Mode: STABILIZE
23/02/2022 13:08:38 ch7: 975
23/02/2022 13:08:38 -------------Check stall condition-------------
23/02/2022 13:08:38 Alt: 0.552
23/02/2022 13:08:38 distance: 43.24051905622888
23/02/2022 13:08:38 Mode: STABILIZE
23/02/2022 13:08:39 ch7: 975
23/02/2022 13:08:39 -------------Check stall condition-------------
23/02/2022 13:08:39 Alt: 0.538
23/02/2022 13:08:39 distance: 43.32477713630976
23/02/2022 13:08:39 Mode: STABILIZE
23/02/2022 13:08:39 ch7: 975
23/02/2022 13:08:39 -------------Check stall condition-------------
23/02/2022 13:08:39 Alt: 0.556
23/02/2022 13:08:39 distance: 43.36436798662123
23/02/2022 13:08:39 Mode: STABILIZE
23/02/2022 13:08:40 ch7: 976
23/02/2022 13:08:40 -------------Check stall condition-------------
23/02/2022 13:08:40 Alt: 0.582
23/02/2022 13:08:40 distance: 43.43801146562928
23/02/2022 13:08:40 Mode: STABILIZE
23/02/2022 13:08:40 ch7: 975
23/02/2022 13:08:40 -------------Check stall condition-------------
23/02/2022 13:08:40 Alt: 0.588
23/02/2022 13:08:40 distance: 43.45761866931907
23/02/2022 13:08:40 Mode: STABILIZE
23/02/2022 13:08:41 ch7: 976
23/02/2022 13:08:41 -------------Check stall condition-------------
23/02/2022 13:08:41 Alt: 0.615
23/02/2022 13:08:41 distance: 43.49222663141343
23/02/2022 13:08:41 Mode: STABILIZE
23/02/2022 13:08:41 ch7: 975
23/02/2022 13:08:41 -------------Check stall condition-------------
23/02/2022 13:08:41 Alt: 0.631
23/02/2022 13:08:41 distance: 43.51188629989246
23/02/2022 13:08:41 Mode: STABILIZE
23/02/2022 13:08:41 ch7: 975
23/02/2022 13:08:41 -------------Check stall condition-------------
23/02/2022 13:08:41 Alt: 0.629
23/02/2022 13:08:41 distance: 43.546539350267594
23/02/2022 13:08:42 Mode: STABILIZE
23/02/2022 13:08:42 ch7: 975
23/02/2022 13:08:42 -------------Check stall condition-------------
23/02/2022 13:08:42 Alt: 0.64
23/02/2022 13:08:42 distance: 43.57631935926461
23/02/2022 13:08:42 Mode: STABILIZE
23/02/2022 13:08:42 ch7: 975
23/02/2022 13:08:42 -------------Check stall condition-------------
23/02/2022 13:08:42 Alt: 0.655
23/02/2022 13:08:42 distance: 43.65085579841449
23/02/2022 13:08:42 Mode: STABILIZE
23/02/2022 13:08:43 ch7: 975
23/02/2022 13:08:43 -------------Check stall condition-------------
23/02/2022 13:08:43 Alt: 0.673
23/02/2022 13:08:43 distance: 43.76514498040065
23/02/2022 13:08:43 Mode: STABILIZE
23/02/2022 13:08:43 ch7: 975
23/02/2022 13:08:43 -------------Check stall condition-------------
23/02/2022 13:08:43 Alt: 0.727
23/02/2022 13:08:43 distance: 43.82978391622066
23/02/2022 13:08:43 Mode: STABILIZE
23/02/2022 13:08:44 ch7: 976
23/02/2022 13:08:44 -------------Check stall condition-------------
23/02/2022 13:08:44 Alt: 0.748
23/02/2022 13:08:44 distance: 43.82969768261536
23/02/2022 13:08:44 Mode: STABILIZE
23/02/2022 13:08:44 ch7: 977
23/02/2022 13:08:44 -------------Check stall condition-------------
23/02/2022 13:08:44 Alt: 0.734
23/02/2022 13:08:44 distance: 43.88925699231481
23/02/2022 13:08:44 Mode: STABILIZE
23/02/2022 13:08:45 ch7: 972
23/02/2022 13:08:45 -------------Check stall condition-------------
23/02/2022 13:08:45 Alt: 0.647
23/02/2022 13:08:45 distance: 43.40900155670621
23/02/2022 13:08:45 Mode: STABILIZE
23/02/2022 13:08:45 ch7: 972
23/02/2022 13:08:45 -------------Check stall condition-------------
23/02/2022 13:08:45 Alt: 0.682
23/02/2022 13:08:45 distance: 42.89310792307677
23/02/2022 13:08:45 Mode: STABILIZE
23/02/2022 13:08:46 ch7: 975
23/02/2022 13:08:46 -------------Check stall condition-------------
23/02/2022 13:08:46 Alt: 0.66
23/02/2022 13:08:46 distance: 40.33474638363015
23/02/2022 13:08:46 Mode: STABILIZE
23/02/2022 13:08:46 ch7: 975
23/02/2022 13:08:46 -------------Check stall condition-------------
23/02/2022 13:08:46 Alt: 0.63
23/02/2022 13:08:46 distance: 39.23365563321012
23/02/2022 13:08:46 Mode: STABILIZE
23/02/2022 13:08:46 ch7: 975
23/02/2022 13:08:46 -------------Check stall condition-------------
23/02/2022 13:08:46 Alt: 1.191
23/02/2022 13:08:46 distance: 37.30796273958126
23/02/2022 13:08:47 Mode: STABILIZE
23/02/2022 13:08:47 ch7: 975
23/02/2022 13:08:47 -------------Check stall condition-------------
23/02/2022 13:08:47 Alt: 1.393
23/02/2022 13:08:47 distance: 35.39767561119242
23/02/2022 13:08:47 Mode: STABILIZE
23/02/2022 13:08:47 ch7: 975
23/02/2022 13:08:47 -------------Check stall condition-------------
23/02/2022 13:08:47 Alt: 2.721
23/02/2022 13:08:47 distance: 33.87854033283094
23/02/2022 13:08:47 Mode: STABILIZE
23/02/2022 13:08:48 ch7: 975
23/02/2022 13:08:48 -------------Check stall condition-------------
23/02/2022 13:08:48 Alt: 3.203
23/02/2022 13:08:48 distance: 33.248071079682475
23/02/2022 13:08:48 Mode: STABILIZE
23/02/2022 13:08:48 ch7: 975
23/02/2022 13:08:48 -------------Check stall condition-------------
23/02/2022 13:08:48 Alt: 3.417
23/02/2022 13:08:48 distance: 32.694402597152504
23/02/2022 13:08:48 Mode: STABILIZE
23/02/2022 13:08:48 ch7: 976
23/02/2022 13:08:48 -------------Check stall condition-------------
23/02/2022 13:08:48 Alt: 3.752
23/02/2022 13:08:48 distance: 31.531933675295488
23/02/2022 13:08:48 Mode: STABILIZE
23/02/2022 13:08:49 ch7: 976
23/02/2022 13:08:49 -------------Check stall condition-------------
23/02/2022 13:08:49 Alt: 4.756
23/02/2022 13:08:49 distance: 30.10651672959781
23/02/2022 13:08:49 Mode: STABILIZE
23/02/2022 13:08:49 ch7: 975
23/02/2022 13:08:49 -------------Check stall condition-------------
23/02/2022 13:08:49 Alt: 4.828
23/02/2022 13:08:49 distance: 29.731029417070477
23/02/2022 13:08:49 Mode: STABILIZE
23/02/2022 13:08:50 ch7: 975
23/02/2022 13:08:50 -------------Check stall condition-------------
23/02/2022 13:08:50 Alt: 4.758
23/02/2022 13:08:50 distance: 27.378808679445243
23/02/2022 13:08:50 Mode: STABILIZE
23/02/2022 13:08:50 ch7: 976
23/02/2022 13:08:50 -------------Check stall condition-------------
23/02/2022 13:08:50 Alt: 6.315
23/02/2022 13:08:50 distance: 26.1031125174857
23/02/2022 13:08:50 Mode: STABILIZE
23/02/2022 13:08:51 ch7: 976
23/02/2022 13:08:51 -------------Check stall condition-------------
23/02/2022 13:08:51 Alt: 7.658
23/02/2022 13:08:51 distance: 23.24869846758699
23/02/2022 13:08:51 Mode: STABILIZE
23/02/2022 13:08:51 ch7: 975
23/02/2022 13:08:51 -------------Check stall condition-------------
23/02/2022 13:08:51 Alt: 7.812
23/02/2022 13:08:51 distance: 20.38231166168305
23/02/2022 13:08:51 Mode: STABILIZE
23/02/2022 13:08:51 ch7: 975
23/02/2022 13:08:51 -------------Check stall condition-------------
23/02/2022 13:08:51 Alt: 7.812
23/02/2022 13:08:51 distance: 20.38231166168305
23/02/2022 13:08:51 Mode: STABILIZE
23/02/2022 13:08:52 ch7: 976
23/02/2022 13:08:52 -------------Check stall condition-------------
23/02/2022 13:08:52 Alt: 9.539
23/02/2022 13:08:52 distance: 17.454801757098775
23/02/2022 13:08:52 Mode: STABILIZE
23/02/2022 13:08:52 ch7: 976
23/02/2022 13:08:52 -------------Check stall condition-------------
23/02/2022 13:08:52 Alt: 10.137
23/02/2022 13:08:52 distance: 17.079128759806892
23/02/2022 13:08:52 Mode: STABILIZE
23/02/2022 13:08:53 ch7: 975
23/02/2022 13:08:53 -------------Check stall condition-------------
23/02/2022 13:08:53 Alt: 11.222
23/02/2022 13:08:53 distance: 17.23994425933389
23/02/2022 13:08:53 Mode: STABILIZE
23/02/2022 13:08:53 ch7: 976
23/02/2022 13:08:53 -------------Check stall condition-------------
23/02/2022 13:08:53 Alt: 12.38
23/02/2022 13:08:53 distance: 17.946995937622066
23/02/2022 13:08:53 Mode: STABILIZE
23/02/2022 13:08:54 ch7: 975
23/02/2022 13:08:54 -------------Check stall condition-------------
23/02/2022 13:08:54 Alt: 13.628
23/02/2022 13:08:54 distance: 17.805013774545564
23/02/2022 13:08:54 Mode: STABILIZE
23/02/2022 13:08:54 ch7: 975
23/02/2022 13:08:54 -------------Check stall condition-------------
23/02/2022 13:08:54 Alt: 14.443
23/02/2022 13:08:54 distance: 17.178301384135352
23/02/2022 13:08:54 Mode: STABILIZE
23/02/2022 13:08:54 ch7: 975
23/02/2022 13:08:54 -------------Check stall condition-------------
23/02/2022 13:08:54 Alt: 14.223
23/02/2022 13:08:54 distance: 16.876803522390833
23/02/2022 13:08:54 Mode: STABILIZE
23/02/2022 13:08:55 ch7: 976
23/02/2022 13:08:55 -------------Check stall condition-------------
23/02/2022 13:08:55 Alt: 13.703
23/02/2022 13:08:55 distance: 17.919860296190645
23/02/2022 13:08:55 Mode: STABILIZE
23/02/2022 13:08:55 ch7: 975
23/02/2022 13:08:55 -------------Check stall condition-------------
23/02/2022 13:08:55 Alt: 13.29
23/02/2022 13:08:55 distance: 20.25797448252921
23/02/2022 13:08:55 Mode: STABILIZE
23/02/2022 13:08:56 ch7: 975
23/02/2022 13:08:56 -------------Check stall condition-------------
23/02/2022 13:08:56 Alt: 13.333
23/02/2022 13:08:56 distance: 21.819272299854962
23/02/2022 13:08:56 Mode: STABILIZE
23/02/2022 13:08:56 ch7: 975
23/02/2022 13:08:56 -------------Check stall condition-------------
23/02/2022 13:08:56 Alt: 14.511
23/02/2022 13:08:56 distance: 24.642680319978837
23/02/2022 13:08:56 Mode: STABILIZE
23/02/2022 13:08:56 ch7: 975
23/02/2022 13:08:56 -------------Check stall condition-------------
23/02/2022 13:08:56 Alt: 15.114
23/02/2022 13:08:56 distance: 26.079913833278336
23/02/2022 13:08:56 Mode: STABILIZE
23/02/2022 13:08:57 ch7: 975
23/02/2022 13:08:57 -------------Check stall condition-------------
23/02/2022 13:08:57 Alt: 15.859
23/02/2022 13:08:57 distance: 28.380600334613042
23/02/2022 13:08:57 Mode: STABILIZE
23/02/2022 13:08:57 ch7: 975
23/02/2022 13:08:57 -------------Check stall condition-------------
23/02/2022 13:08:57 Alt: 16.61
23/02/2022 13:08:57 distance: 28.56336245618155
23/02/2022 13:08:57 Mode: STABILIZE
23/02/2022 13:08:58 ch7: 975
23/02/2022 13:08:58 -------------Check stall condition-------------
23/02/2022 13:08:58 Alt: 16.996
23/02/2022 13:08:58 distance: 27.69457343219168
23/02/2022 13:08:58 Mode: STABILIZE
23/02/2022 13:08:58 ch7: 975
23/02/2022 13:08:58 -------------Check stall condition-------------
23/02/2022 13:08:58 Alt: 17.647
23/02/2022 13:08:58 distance: 25.045910343145515
23/02/2022 13:08:58 Mode: STABILIZE
23/02/2022 13:08:59 ch7: 975
23/02/2022 13:08:59 -------------Check stall condition-------------
23/02/2022 13:08:59 Alt: 17.004
23/02/2022 13:08:59 distance: 22.41950686184379
23/02/2022 13:08:59 Mode: STABILIZE
23/02/2022 13:08:59 ch7: 975
23/02/2022 13:08:59 -------------Check stall condition-------------
23/02/2022 13:08:59 Alt: 16.783
23/02/2022 13:08:59 distance: 19.895413943329647
23/02/2022 13:08:59 Mode: STABILIZE
23/02/2022 13:08:59 ch7: 975
23/02/2022 13:08:59 -------------Check stall condition-------------
23/02/2022 13:08:59 Alt: 16.563
23/02/2022 13:08:59 distance: 19.013383635041198
23/02/2022 13:08:59 Mode: STABILIZE
23/02/2022 13:09:00 ch7: 975
23/02/2022 13:09:00 -------------Check stall condition-------------
23/02/2022 13:09:00 Alt: 16.306
23/02/2022 13:09:00 distance: 18.49933830491707
23/02/2022 13:09:00 Mode: STABILIZE
23/02/2022 13:09:00 ch7: 975
23/02/2022 13:09:00 -------------Check stall condition-------------
23/02/2022 13:09:00 Alt: 16.863
23/02/2022 13:09:00 distance: 20.193900390481577
23/02/2022 13:09:00 Mode: STABILIZE
23/02/2022 13:09:01 ch7: 976
23/02/2022 13:09:01 -------------Check stall condition-------------
23/02/2022 13:09:01 Alt: 17.038
23/02/2022 13:09:01 distance: 21.895597688117928
23/02/2022 13:09:01 Mode: STABILIZE
23/02/2022 13:09:01 ch7: 975
23/02/2022 13:09:01 -------------Check stall condition-------------
23/02/2022 13:09:01 Alt: 16.884
23/02/2022 13:09:01 distance: 26.565677409805957
23/02/2022 13:09:01 Mode: STABILIZE
23/02/2022 13:09:02 ch7: 975
23/02/2022 13:09:02 -------------Check stall condition-------------
23/02/2022 13:09:02 Alt: 17.05
23/02/2022 13:09:02 distance: 31.784588813426584
23/02/2022 13:09:02 Mode: STABILIZE
23/02/2022 13:09:02 ch7: 975
23/02/2022 13:09:02 -------------Check stall condition-------------
23/02/2022 13:09:02 Alt: 17.187
23/02/2022 13:09:02 distance: 34.83490433310842
23/02/2022 13:09:02 Mode: STABILIZE
23/02/2022 13:09:02 ch7: 975
23/02/2022 13:09:02 -------------Check stall condition-------------
23/02/2022 13:09:02 Alt: 17.118
23/02/2022 13:09:02 distance: 40.57830928704674
23/02/2022 13:09:02 Mode: STABILIZE
23/02/2022 13:09:03 ch7: 975
23/02/2022 13:09:03 -------------Check stall condition-------------
23/02/2022 13:09:03 Alt: 17.397
23/02/2022 13:09:03 distance: 46.68646399362055
23/02/2022 13:09:03 Mode: STABILIZE
23/02/2022 13:09:03 ch7: 975
23/02/2022 13:09:03 -------------Check stall condition-------------
23/02/2022 13:09:03 Alt: 17.295
23/02/2022 13:09:03 distance: 49.770033435716186
23/02/2022 13:09:03 Mode: STABILIZE
23/02/2022 13:09:04 ch7: 976
23/02/2022 13:09:04 -------------Check stall condition-------------
23/02/2022 13:09:04 Alt: 17.23
23/02/2022 13:09:04 distance: 55.06824334217657
23/02/2022 13:09:04 Mode: STABILIZE
23/02/2022 13:09:04 ch7: 976
23/02/2022 13:09:04 -------------Check stall condition-------------
23/02/2022 13:09:04 Alt: 17.407
23/02/2022 13:09:04 distance: 57.52238020793365
23/02/2022 13:09:04 Mode: STABILIZE
23/02/2022 13:09:04 ch7: 976
23/02/2022 13:09:04 -------------Check stall condition-------------
23/02/2022 13:09:04 Alt: 17.832
23/02/2022 13:09:04 distance: 61.120748760839575
23/02/2022 13:09:04 Mode: STABILIZE
23/02/2022 13:09:05 ch7: 975
23/02/2022 13:09:05 -------------Check stall condition-------------
23/02/2022 13:09:05 Alt: 18.409
23/02/2022 13:09:05 distance: 62.57216316547567
23/02/2022 13:09:05 Mode: STABILIZE
23/02/2022 13:09:05 ch7: 975
23/02/2022 13:09:05 -------------Check stall condition-------------
23/02/2022 13:09:05 Alt: 18.79
23/02/2022 13:09:05 distance: 61.192931612785564
23/02/2022 13:09:05 Mode: STABILIZE
23/02/2022 13:09:06 ch7: 975
23/02/2022 13:09:06 -------------Check stall condition-------------
23/02/2022 13:09:06 Alt: 19.512
23/02/2022 13:09:06 distance: 58.6039993219986
23/02/2022 13:09:06 Mode: STABILIZE
23/02/2022 13:09:06 ch7: 975
23/02/2022 13:09:06 -------------Check stall condition-------------
23/02/2022 13:09:06 Alt: 19.063
23/02/2022 13:09:06 distance: 55.18255941757057
23/02/2022 13:09:06 Mode: STABILIZE
23/02/2022 13:09:07 ch7: 980
23/02/2022 13:09:07 -------------Check stall condition-------------
23/02/2022 13:09:07 Alt: 18.695
23/02/2022 13:09:07 distance: 50.97792972740672
23/02/2022 13:09:07 Mode: STABILIZE
23/02/2022 13:09:07 ch7: 972
23/02/2022 13:09:07 -------------Check stall condition-------------
23/02/2022 13:09:07 Alt: 18.592
23/02/2022 13:09:07 distance: 46.390707762091175
23/02/2022 13:09:07 Mode: STABILIZE
23/02/2022 13:09:08 ch7: 973
23/02/2022 13:09:08 -------------Check stall condition-------------
23/02/2022 13:09:08 Alt: 18.861
23/02/2022 13:09:08 distance: 41.281956681580844
23/02/2022 13:09:08 Mode: STABILIZE
23/02/2022 13:09:08 ch7: 975
23/02/2022 13:09:08 -------------Check stall condition-------------
23/02/2022 13:09:08 Alt: 18.685
23/02/2022 13:09:08 distance: 39.089769116038106
23/02/2022 13:09:08 Mode: STABILIZE
23/02/2022 13:09:09 ch7: 975
23/02/2022 13:09:09 -------------Check stall condition-------------
23/02/2022 13:09:09 Alt: 18.62
23/02/2022 13:09:09 distance: 37.04404042184828
23/02/2022 13:09:09 Mode: STABILIZE
23/02/2022 13:09:09 ch7: 976
23/02/2022 13:09:09 -------------Check stall condition-------------
23/02/2022 13:09:09 Alt: 18.863
23/02/2022 13:09:09 distance: 34.89302402715051
23/02/2022 13:09:09 Mode: STABILIZE
23/02/2022 13:09:09 ch7: 975
23/02/2022 13:09:09 -------------Check stall condition-------------
23/02/2022 13:09:09 Alt: 19.449
23/02/2022 13:09:09 distance: 31.78502936883969
23/02/2022 13:09:09 Mode: STABILIZE
23/02/2022 13:09:10 ch7: 976
23/02/2022 13:09:10 -------------Check stall condition-------------
23/02/2022 13:09:10 Alt: 19.598
23/02/2022 13:09:10 distance: 29.513705119866234
23/02/2022 13:09:10 Mode: STABILIZE
23/02/2022 13:09:10 ch7: 976
23/02/2022 13:09:10 -------------Check stall condition-------------
23/02/2022 13:09:10 Alt: 19.93
23/02/2022 13:09:10 distance: 28.59628739163665
23/02/2022 13:09:10 Mode: STABILIZE
23/02/2022 13:09:10 ch7: 975
23/02/2022 13:09:10 -------------Check stall condition-------------
23/02/2022 13:09:10 Alt: 20.955
23/02/2022 13:09:10 distance: 27.26001816884417
23/02/2022 13:09:10 Mode: STABILIZE
23/02/2022 13:09:11 ch7: 975
23/02/2022 13:09:11 -------------Check stall condition-------------
23/02/2022 13:09:11 Alt: 21.349
23/02/2022 13:09:11 distance: 26.81844787982835
23/02/2022 13:09:11 Mode: STABILIZE
23/02/2022 13:09:11 ch7: 975
23/02/2022 13:09:11 -------------Check stall condition-------------
23/02/2022 13:09:11 Alt: 21.665
23/02/2022 13:09:11 distance: 26.536628575570724
23/02/2022 13:09:11 Mode: STABILIZE
23/02/2022 13:09:12 ch7: 976
23/02/2022 13:09:12 -------------Check stall condition-------------
23/02/2022 13:09:12 Alt: 22.325
23/02/2022 13:09:12 distance: 26.441251965469775
23/02/2022 13:09:12 Mode: STABILIZE
23/02/2022 13:09:12 ch7: 976
23/02/2022 13:09:12 -------------Check stall condition-------------
23/02/2022 13:09:12 Alt: 22.744
23/02/2022 13:09:12 distance: 26.363778641814026
23/02/2022 13:09:12 Mode: STABILIZE
23/02/2022 13:09:12 ch7: 975
23/02/2022 13:09:12 -------------Check stall condition-------------
23/02/2022 13:09:12 Alt: 23.007
23/02/2022 13:09:12 distance: 26.640991484139377
23/02/2022 13:09:12 Mode: STABILIZE
23/02/2022 13:09:13 ch7: 975
23/02/2022 13:09:13 -------------Check stall condition-------------
23/02/2022 13:09:13 Alt: 22.285
23/02/2022 13:09:13 distance: 28.217005467656627
23/02/2022 13:09:13 Mode: STABILIZE
23/02/2022 13:09:13 ch7: 975
23/02/2022 13:09:13 -------------Check stall condition-------------
23/02/2022 13:09:13 Alt: 22.073
23/02/2022 13:09:13 distance: 30.264193564383802
23/02/2022 13:09:13 Mode: STABILIZE
23/02/2022 13:09:14 ch7: 976
23/02/2022 13:09:14 -------------Check stall condition-------------
23/02/2022 13:09:14 Alt: 21.887
23/02/2022 13:09:14 distance: 31.64088922552967
23/02/2022 13:09:14 Mode: STABILIZE
23/02/2022 13:09:14 ch7: 976
23/02/2022 13:09:14 -------------Check stall condition-------------
23/02/2022 13:09:14 Alt: 21.702
23/02/2022 13:09:14 distance: 33.16257417304875
23/02/2022 13:09:14 Mode: STABILIZE
23/02/2022 13:09:15 ch7: 976
23/02/2022 13:09:15 -------------Check stall condition-------------
23/02/2022 13:09:15 Alt: 21.649
23/02/2022 13:09:15 distance: 36.230591451467
23/02/2022 13:09:15 Mode: STABILIZE
23/02/2022 13:09:15 ch7: 975
23/02/2022 13:09:15 -------------Check stall condition-------------
23/02/2022 13:09:15 Alt: 21.352
23/02/2022 13:09:15 distance: 39.614049409534424
23/02/2022 13:09:15 Mode: STABILIZE
23/02/2022 13:09:15 ch7: 975
23/02/2022 13:09:15 -------------Check stall condition-------------
23/02/2022 13:09:15 Alt: 21.334
23/02/2022 13:09:15 distance: 42.93109943195849
23/02/2022 13:09:15 Mode: STABILIZE
23/02/2022 13:09:16 ch7: 975
23/02/2022 13:09:16 -------------Check stall condition-------------
23/02/2022 13:09:16 Alt: 21.125
23/02/2022 13:09:16 distance: 44.70117931573504
23/02/2022 13:09:16 Mode: STABILIZE
23/02/2022 13:09:16 ch7: 975
23/02/2022 13:09:16 -------------Check stall condition-------------
23/02/2022 13:09:16 Alt: 20.877
23/02/2022 13:09:16 distance: 46.75336834886575
23/02/2022 13:09:16 Mode: STABILIZE
23/02/2022 13:09:16 ch7: 975
23/02/2022 13:09:16 -------------Check stall condition-------------
23/02/2022 13:09:16 Alt: 21.001
23/02/2022 13:09:16 distance: 50.71211107807991
23/02/2022 13:09:16 Mode: STABILIZE
23/02/2022 13:09:17 ch7: 975
23/02/2022 13:09:17 -------------Check stall condition-------------
23/02/2022 13:09:17 Alt: 21.253
23/02/2022 13:09:17 distance: 54.857183379829245
23/02/2022 13:09:17 Mode: STABILIZE
23/02/2022 13:09:17 ch7: 975
23/02/2022 13:09:17 -------------Check stall condition-------------
23/02/2022 13:09:17 Alt: 21.217
23/02/2022 13:09:17 distance: 59.24599593506631
23/02/2022 13:09:17 Mode: STABILIZE
23/02/2022 13:09:18 ch7: 976
23/02/2022 13:09:18 -------------Check stall condition-------------
23/02/2022 13:09:18 Alt: 21.518
23/02/2022 13:09:18 distance: 61.36215594789214
23/02/2022 13:09:18 Mode: STABILIZE
23/02/2022 13:09:18 ch7: 976
23/02/2022 13:09:18 -------------Check stall condition-------------
23/02/2022 13:09:18 Alt: 21.739
23/02/2022 13:09:18 distance: 63.14645318842209
23/02/2022 13:09:18 Mode: STABILIZE
23/02/2022 13:09:18 ch7: 976
23/02/2022 13:09:18 -------------Check stall condition-------------
23/02/2022 13:09:18 Alt: 22.131
23/02/2022 13:09:18 distance: 65.40777837892952
23/02/2022 13:09:19 Mode: STABILIZE
23/02/2022 13:09:19 ch7: 975
23/02/2022 13:09:19 -------------Check stall condition-------------
23/02/2022 13:09:19 Alt: 23.143
23/02/2022 13:09:19 distance: 64.66767446140562
23/02/2022 13:09:19 Mode: STABILIZE
23/02/2022 13:09:19 ch7: 975
23/02/2022 13:09:19 -------------Check stall condition-------------
23/02/2022 13:09:19 Alt: 23.249
23/02/2022 13:09:19 distance: 63.08542459511466
23/02/2022 13:09:19 Mode: STABILIZE
23/02/2022 13:09:20 ch7: 975
23/02/2022 13:09:20 -------------Check stall condition-------------
23/02/2022 13:09:20 Alt: 23.057
23/02/2022 13:09:20 distance: 61.90134779245305
23/02/2022 13:09:20 Mode: STABILIZE
23/02/2022 13:09:20 ch7: 976
23/02/2022 13:09:20 -------------Check stall condition-------------
23/02/2022 13:09:20 Alt: 22.907
23/02/2022 13:09:20 distance: 60.34955769103887
23/02/2022 13:09:20 Mode: STABILIZE
23/02/2022 13:09:21 ch7: 976
23/02/2022 13:09:21 -------------Check stall condition-------------
23/02/2022 13:09:21 Alt: 22.579
23/02/2022 13:09:21 distance: 55.025293033226724
23/02/2022 13:09:21 Mode: STABILIZE
23/02/2022 13:09:21 Mission: 1 WP
23/02/2022 13:09:21 ch7: 975
23/02/2022 13:09:21 -------------Check stall condition-------------
23/02/2022 13:09:21 Alt: 21.834
23/02/2022 13:09:21 distance: 53.21707957180309
23/02/2022 13:09:21 Mode: AUTO
23/02/2022 13:09:21 Changed mode to: AUTO
23/02/2022 13:09:21 Waiting for reach target...
23/02/2022 13:09:21 ch7: 975
23/02/2022 13:09:21 -------------Check stall condition-------------
23/02/2022 13:09:21 Alt: 21.305
23/02/2022 13:09:21 distance: 51.30895809693501
23/02/2022 13:09:21 Mode: AUTO
23/02/2022 13:09:21 Changed mode to: AUTO
23/02/2022 13:09:21 Waiting for reach target...
23/02/2022 13:09:22 ch7: 975
23/02/2022 13:09:22 -------------Check stall condition-------------
23/02/2022 13:09:22 Alt: 19.838
23/02/2022 13:09:22 distance: 47.000201599402025
23/02/2022 13:09:22 Mode: AUTO
23/02/2022 13:09:22 Changed mode to: AUTO
23/02/2022 13:09:22 Waiting for reach target...
23/02/2022 13:09:22 ch7: 976
23/02/2022 13:09:22 -------------Check stall condition-------------
23/02/2022 13:09:22 Alt: 19.384
23/02/2022 13:09:22 distance: 41.973972190160076
23/02/2022 13:09:22 Mode: AUTO
23/02/2022 13:09:22 Changed mode to: AUTO
23/02/2022 13:09:22 Waiting for reach target...
23/02/2022 13:09:22 ch7: 975
23/02/2022 13:09:22 -------------Check stall condition-------------
23/02/2022 13:09:22 Alt: 18.632
23/02/2022 13:09:22 distance: 39.58700478788588
23/02/2022 13:09:22 Mode: AUTO
23/02/2022 13:09:22 Changed mode to: AUTO
23/02/2022 13:09:22 Waiting for reach target...
23/02/2022 13:09:23 ch7: 975
23/02/2022 13:09:23 -------------Check stall condition-------------
23/02/2022 13:09:23 Alt: 17.973
23/02/2022 13:09:23 distance: 34.30046262658992
23/02/2022 13:09:23 Mode: AUTO
23/02/2022 13:09:23 Changed mode to: AUTO
23/02/2022 13:09:23 Waiting for reach target...
23/02/2022 13:09:23 ch7: 975
23/02/2022 13:09:23 -------------Check stall condition-------------
23/02/2022 13:09:23 Alt: 17.658
23/02/2022 13:09:23 distance: 31.64705900914543
23/02/2022 13:09:23 Mode: AUTO
23/02/2022 13:09:23 Changed mode to: AUTO
23/02/2022 13:09:23 Waiting for reach target...
23/02/2022 13:09:24 Passed waypoint #1 dist 14m
23/02/2022 13:09:24 Mission: 2 WP
23/02/2022 13:09:24 ch7: 975
23/02/2022 13:09:24 -------------Check stall condition-------------
23/02/2022 13:09:24 Alt: 17.162
23/02/2022 13:09:24 distance: 25.564127506617336
23/02/2022 13:09:24 Mode: AUTO
23/02/2022 13:09:24 Changed mode to: AUTO
23/02/2022 13:09:24 Waiting for reach target...
23/02/2022 13:09:24 ch7: 975
23/02/2022 13:09:24 -------------Check stall condition-------------
23/02/2022 13:09:24 Alt: 16.998
23/02/2022 13:09:24 distance: 22.726177873454414
23/02/2022 13:09:24 Mode: AUTO
23/02/2022 13:09:24 Changed mode to: AUTO
23/02/2022 13:09:24 Waiting for reach target...
23/02/2022 13:09:24 is_deepstalled: False
23/02/2022 13:09:24 -------------Deep stall!!!-------------
23/02/2022 13:09:24 -------------Post stall-------------
23/02/2022 13:09:24 Groundspeed: 13.213794708251953
23/02/2022 13:09:24 excel log
23/02/2022 13:09:24 ch7: 975
23/02/2022 13:09:24 -------------Check stall condition-------------
23/02/2022 13:09:24 Alt: 16.461
23/02/2022 13:09:24 distance: 17.171926835701147
23/02/2022 13:09:24 Mode: STABILIZE
23/02/2022 13:09:25 -------------Post stall-------------
23/02/2022 13:09:25 Groundspeed: 13.290654182434082
23/02/2022 13:09:25 excel log
23/02/2022 13:09:25 ch7: 975
23/02/2022 13:09:25 -------------Check stall condition-------------
23/02/2022 13:09:25 Alt: 17.11
23/02/2022 13:09:25 distance: 13.297653621465695
23/02/2022 13:09:25 Mode: STABILIZE
23/02/2022 13:09:25 -------------Post stall-------------
23/02/2022 13:09:25 Groundspeed: 9.226828575134277
23/02/2022 13:09:25 excel log
23/02/2022 13:09:25 ch7: 975
23/02/2022 13:09:25 -------------Check stall condition-------------
23/02/2022 13:09:25 Alt: 18.047
23/02/2022 13:09:25 distance: 11.563786931520871
23/02/2022 13:09:25 Mode: STABILIZE
23/02/2022 13:09:25 -------------Post stall-------------
23/02/2022 13:09:25 Groundspeed: 7.035928726196289
23/02/2022 13:09:25 excel log
23/02/2022 13:09:26 ch7: 975
23/02/2022 13:09:26 -------------Check stall condition-------------
23/02/2022 13:09:26 Alt: 19.093
23/02/2022 13:09:26 distance: 11.183715659092098
23/02/2022 13:09:26 Mode: STABILIZE
23/02/2022 13:09:26 -------------Post stall-------------
23/02/2022 13:09:26 Groundspeed: 6.47330379486084
23/02/2022 13:09:26 excel log
23/02/2022 13:09:26 ch7: 975
23/02/2022 13:09:26 -------------Check stall condition-------------
23/02/2022 13:09:26 Alt: 19.084
23/02/2022 13:09:26 distance: 11.08953438795778
23/02/2022 13:09:26 Mode: STABILIZE
23/02/2022 13:09:26 -------------Post stall-------------
23/02/2022 13:09:26 Groundspeed: 6.02392578125
23/02/2022 13:09:26 excel log
23/02/2022 13:09:27 ch7: 975
23/02/2022 13:09:27 -------------Check stall condition-------------
23/02/2022 13:09:27 Alt: 17.956
23/02/2022 13:09:27 distance: 11.869420481705552
23/02/2022 13:09:27 Mode: STABILIZE
23/02/2022 13:09:27 -------------Post stall-------------
23/02/2022 13:09:27 Groundspeed: 6.456874847412109
23/02/2022 13:09:27 excel log
23/02/2022 13:09:27 ch7: 975
23/02/2022 13:09:27 -------------Check stall condition-------------
23/02/2022 13:09:27 Alt: 16.047
23/02/2022 13:09:27 distance: 13.50835873401451
23/02/2022 13:09:27 Mode: STABILIZE
23/02/2022 13:09:27 -------------Post stall-------------
23/02/2022 13:09:27 Groundspeed: 7.46664571762085
23/02/2022 13:09:27 excel log
23/02/2022 13:09:27 ch7: 975
23/02/2022 13:09:27 -------------Check stall condition-------------
23/02/2022 13:09:28 Alt: 14.878
23/02/2022 13:09:28 distance: 14.854518461010715
23/02/2022 13:09:28 Mode: STABILIZE
23/02/2022 13:09:28 -------------Post stall-------------
23/02/2022 13:09:28 Groundspeed: 8.079487800598145
23/02/2022 13:09:28 excel log
23/02/2022 13:09:28 ch7: 975
23/02/2022 13:09:28 -------------Check stall condition-------------
23/02/2022 13:09:28 Alt: 12.731
23/02/2022 13:09:28 distance: 18.274461513442812
23/02/2022 13:09:28 Mode: STABILIZE
23/02/2022 13:09:28 -------------Post stall-------------
23/02/2022 13:09:28 Groundspeed: 8.987855911254883
23/02/2022 13:09:28 excel log
23/02/2022 13:09:28 ch7: 975
23/02/2022 13:09:28 -------------Check stall condition-------------
23/02/2022 13:09:28 Alt: 10.892
23/02/2022 13:09:28 distance: 22.508673522898963
23/02/2022 13:09:28 Mode: STABILIZE
23/02/2022 13:09:28 -------------Post stall-------------
23/02/2022 13:09:28 Groundspeed: 9.58305835723877
23/02/2022 13:09:28 excel log
23/02/2022 13:09:29 ch7: 975
23/02/2022 13:09:29 -------------Check stall condition-------------
23/02/2022 13:09:29 Alt: 10.091
23/02/2022 13:09:29 distance: 27.224947004431733
23/02/2022 13:09:29 Mode: STABILIZE
23/02/2022 13:09:29 -------------Adjust angle after stall-------------
23/02/2022 13:09:29 Groundspeed: 9.840806007385254
23/02/2022 13:09:29 excel log
23/02/2022 13:09:29 ch7: 976
23/02/2022 13:09:29 -------------Check stall condition-------------
23/02/2022 13:09:29 Alt: 8.582
23/02/2022 13:09:29 distance: 29.597914535628906
23/02/2022 13:09:29 Mode: STABILIZE
23/02/2022 13:09:29 -------------Adjust angle after stall-------------
23/02/2022 13:09:29 Groundspeed: 9.825056076049805
23/02/2022 13:09:29 excel log
23/02/2022 13:09:30 ch7: 975
23/02/2022 13:09:30 -------------Check stall condition-------------
23/02/2022 13:09:30 Alt: 7.22
23/02/2022 13:09:30 distance: 34.761998199243266
23/02/2022 13:09:30 Mode: STABILIZE
23/02/2022 13:09:30 -------------Adjust angle after stall-------------
23/02/2022 13:09:30 Groundspeed: 9.583220481872559
23/02/2022 13:09:30 excel log
23/02/2022 13:09:30 ch7: 975
23/02/2022 13:09:30 -------------Check stall condition-------------
23/02/2022 13:09:30 Alt: 5.815
23/02/2022 13:09:30 distance: 39.57525962009842
23/02/2022 13:09:30 Mode: STABILIZE
23/02/2022 13:09:30 -------------Adjust angle after stall-------------
23/02/2022 13:09:30 Groundspeed: 9.514283180236816
23/02/2022 13:09:30 excel log
23/02/2022 13:09:31 ch7: 975
23/02/2022 13:09:31 -------------Check stall condition-------------
23/02/2022 13:09:31 Alt: 3.348
23/02/2022 13:09:31 distance: 46.37386125444989
23/02/2022 13:09:31 Mode: STABILIZE
23/02/2022 13:09:31 -------------Adjust angle after stall-------------
23/02/2022 13:09:31 Groundspeed: 9.59802532196045
23/02/2022 13:09:31 excel log
23/02/2022 13:09:31 ch7: 975
23/02/2022 13:09:31 -------------Check stall condition-------------
23/02/2022 13:09:31 Alt: 2.478
23/02/2022 13:09:31 distance: 48.63708326023967
23/02/2022 13:09:31 Mode: STABILIZE
23/02/2022 13:09:31 -------------Adjust angle after stall-------------
23/02/2022 13:09:31 Groundspeed: 9.610136032104492
23/02/2022 13:09:31 excel log
23/02/2022 13:09:32 ch7: 975
23/02/2022 13:09:32 -------------Check stall condition-------------
23/02/2022 13:09:32 Alt: 1.365
23/02/2022 13:09:32 distance: 52.00676555437921
23/02/2022 13:09:32 Mode: STABILIZE
23/02/2022 13:09:32 -------------Adjust angle after stall-------------
23/02/2022 13:09:32 Groundspeed: 5.769577980041504
23/02/2022 13:09:32 excel log
23/02/2022 13:09:33 end log!!
23/02/2022 13:09:33 ch7: 975
23/02/2022 13:09:33 -------------Check stall condition-------------
23/02/2022 13:09:33 Alt: -1.402
23/02/2022 13:09:33 distance: 54.46250991337994
23/02/2022 13:09:34 Mode: STABILIZE
23/02/2022 13:09:34 -------------Adjust angle after stall-------------
23/02/2022 13:09:34 Groundspeed: 0.5140594840049744
23/02/2022 13:09:34 excel log
23/02/2022 13:09:34 end log!!
23/02/2022 13:09:34 ch7: 976
23/02/2022 13:09:34 -------------Check stall condition-------------
23/02/2022 13:09:34 Alt: -2.086
23/02/2022 13:09:34 distance: 54.48513794314522
23/02/2022 13:09:34 Mode: STABILIZE
23/02/2022 13:09:34 -------------Adjust angle after stall-------------
23/02/2022 13:09:34 Groundspeed: 0.451875239610672
23/02/2022 13:09:34 excel log
23/02/2022 13:09:34 end log!!
23/02/2022 13:09:35 ch7: 975
23/02/2022 13:09:35 -------------Check stall condition-------------
23/02/2022 13:09:35 Alt: -2.382
23/02/2022 13:09:35 distance: 54.44502914252541
23/02/2022 13:09:35 Mode: STABILIZE
23/02/2022 13:09:35 -------------Adjust angle after stall-------------
23/02/2022 13:09:35 Groundspeed: 0.3925520181655884
23/02/2022 13:09:35 excel log
23/02/2022 13:09:35 end log!!
23/02/2022 13:09:35 ch7: 975
23/02/2022 13:09:35 -------------Check stall condition-------------
23/02/2022 13:09:35 Alt: -2.508
23/02/2022 13:09:35 distance: 54.414407484986086
23/02/2022 13:09:35 Mode: STABILIZE
23/02/2022 13:09:35 -------------Adjust angle after stall-------------
23/02/2022 13:09:35 Groundspeed: 0.36479392647743225
23/02/2022 13:09:35 excel log
23/02/2022 13:09:35 end log!!
23/02/2022 13:09:35 ch7: 975
23/02/2022 13:09:35 -------------Check stall condition-------------
23/02/2022 13:09:35 Alt: -2.608
23/02/2022 13:09:35 distance: 54.393275324126115
23/02/2022 13:09:35 Mode: STABILIZE
23/02/2022 13:09:35 -------------Adjust angle after stall-------------
23/02/2022 13:09:35 Groundspeed: 0.3425712585449219
23/02/2022 13:09:35 excel log
23/02/2022 13:09:35 end log!!
23/02/2022 13:09:36 ch7: 975
23/02/2022 13:09:36 -------------Check stall condition-------------
23/02/2022 13:09:36 Alt: -2.699
23/02/2022 13:09:36 distance: 54.32836859763544
23/02/2022 13:09:36 Mode: STABILIZE
23/02/2022 13:09:36 -------------Adjust angle after stall-------------
23/02/2022 13:09:36 Groundspeed: 0.2867225408554077
23/02/2022 13:09:36 excel log
23/02/2022 13:09:36 end log!!
23/02/2022 13:09:36 ch7: 976
23/02/2022 13:09:36 -------------Check stall condition-------------
23/02/2022 13:09:36 Alt: -2.767
23/02/2022 13:09:36 distance: 54.32836859763544
23/02/2022 13:09:36 Mode: STABILIZE
23/02/2022 13:09:36 -------------Adjust angle after stall-------------
23/02/2022 13:09:36 Groundspeed: 0.2867225408554077
23/02/2022 13:09:36 excel log
23/02/2022 13:09:36 end log!!
23/02/2022 13:09:36 ch7: 976
23/02/2022 13:09:36 -------------Check stall condition-------------
23/02/2022 13:09:36 Alt: -2.862
23/02/2022 13:09:36 distance: 54.25764161144193
23/02/2022 13:09:36 Mode: STABILIZE
23/02/2022 13:09:36 -------------Adjust angle after stall-------------
23/02/2022 13:09:36 Groundspeed: 0.24794498085975647
23/02/2022 13:09:36 excel log
23/02/2022 13:09:36 end log!!
23/02/2022 13:09:36 ch7: 976
23/02/2022 13:09:37 -------------Check stall condition-------------
23/02/2022 13:09:37 Alt: -2.862
23/02/2022 13:09:37 distance: 54.25764161144193
23/02/2022 13:09:37 Mode: STABILIZE
23/02/2022 13:09:37 -------------Adjust angle after stall-------------
23/02/2022 13:09:37 Groundspeed: 0.2281353771686554
23/02/2022 13:09:37 excel log
23/02/2022 13:09:37 end log!!
23/02/2022 13:09:37 ch7: 976
23/02/2022 13:09:37 -------------Check stall condition-------------
23/02/2022 13:09:37 Alt: -2.899
23/02/2022 13:09:37 distance: 54.186916072574675
23/02/2022 13:09:37 Mode: STABILIZE
23/02/2022 13:09:37 -------------Adjust angle after stall-------------
23/02/2022 13:09:37 Groundspeed: 0.2108628898859024
23/02/2022 13:09:37 excel log
23/02/2022 13:09:37 end log!!
23/02/2022 13:09:37 ch7: 975
23/02/2022 13:09:37 -------------Check stall condition-------------
23/02/2022 13:09:37 Alt: -2.899
23/02/2022 13:09:37 distance: 54.186916072574675
23/02/2022 13:09:37 Mode: STABILIZE
23/02/2022 13:09:37 -------------Adjust angle after stall-------------
23/02/2022 13:09:37 Groundspeed: 0.2108628898859024
23/02/2022 13:09:37 excel log
23/02/2022 13:09:37 end log!!
23/02/2022 13:09:37 ch7: 975
23/02/2022 13:09:37 -------------Check stall condition-------------
23/02/2022 13:09:37 Alt: -2.905
23/02/2022 13:09:37 distance: 54.1278279739139
23/02/2022 13:09:37 Mode: STABILIZE
23/02/2022 13:09:37 -------------Adjust angle after stall-------------
23/02/2022 13:09:37 Groundspeed: 0.16356222331523895
23/02/2022 13:09:38 excel log
23/02/2022 13:09:38 end log!!
23/02/2022 13:09:38 ch7: 2065
23/02/2022 13:09:38 Saved video
23/02/2022 13:09:40 Throttle disarmed
                                                                                                                                                                                                                           