22/02/2022 12:54:15 Connecting to Vehicle on: /dev/ttyACM0
22/02/2022 12:54:15 ArduPlane V4.1.4 (0f984409)
22/02/2022 12:54:15 ChibiOS: 45395b6a
22/02/2022 12:54:15 CubeBlack 00360049 3337510E 37353832
22/02/2022 12:54:15 RCOut: PWM:1-12
22/02/2022 12:54:15 IMU0: fast sampling enabled 8.0kHz/1.0kHz
22/02/2022 12:54:15 IMU2: fast sampling enabled 8.0kHz/1.0kHz
22/02/2022 12:54:27 -------------Check stall condition-------------
22/02/2022 12:54:27 Alt: -0.041
22/02/2022 12:54:27 distance: 54.32023183851805
22/02/2022 12:54:27 Mode: STABILIZE
22/02/2022 12:54:27 Pilot control
22/02/2022 12:54:28 ch7: 971
22/02/2022 12:54:28 -------------Check stall condition-------------
22/02/2022 12:54:28 Alt: -0.054
22/02/2022 12:54:28 distance: 54.27532429307119
22/02/2022 12:54:28 Mode: STABILIZE
22/02/2022 12:54:28 Pilot control
22/02/2022 12:54:29 ch7: 971
22/02/2022 12:54:29 -------------Check stall condition-------------
22/02/2022 12:54:29 Alt: -0.058
22/02/2022 12:54:29 distance: 54.25515550389299
22/02/2022 12:54:29 Mode: STABILIZE
22/02/2022 12:54:29 Pilot control
22/02/2022 12:54:29 ch7: 971
22/02/2022 12:54:29 -------------Check stall condition-------------
22/02/2022 12:54:29 Alt: -0.047
22/02/2022 12:54:29 distance: 54.24508200387631
22/02/2022 12:54:29 Mode: STABILIZE
22/02/2022 12:54:29 Pilot control
22/02/2022 12:54:29 ch7: 971
22/02/2022 12:54:29 -------------Check stall condition-------------
22/02/2022 12:54:29 Alt: -0.046
22/02/2022 12:54:29 distance: 54.24997736403893
22/02/2022 12:54:29 Mode: STABILIZE
22/02/2022 12:54:29 Pilot control
22/02/2022 12:54:30 ch7: 971
22/02/2022 12:54:30 -------------Check stall condition-------------
22/02/2022 12:54:30 Alt: -0.04
22/02/2022 12:54:30 distance: 54.274739796399004
22/02/2022 12:54:30 Mode: STABILIZE
22/02/2022 12:54:30 Pilot control
22/02/2022 12:54:30 ch7: 971
22/02/2022 12:54:30 -------------Check stall condition-------------
22/02/2022 12:54:30 Alt: -0.04
22/02/2022 12:54:30 distance: 54.299631286993744
22/02/2022 12:54:30 Mode: STABILIZE
22/02/2022 12:54:30 Pilot control
22/02/2022 12:54:30 ch7: 971
22/02/2022 12:54:30 -------------Check stall condition-------------
22/02/2022 12:54:30 Alt: -0.043
22/02/2022 12:54:30 distance: 54.314591051619395
22/02/2022 12:54:30 Mode: STABILIZE
22/02/2022 12:54:30 Pilot control
22/02/2022 12:54:31 ch7: 971
22/02/2022 12:54:31 -------------Check stall condition-------------
22/02/2022 12:54:31 Alt: -0.063
22/02/2022 12:54:31 distance: 54.33948253259186
22/02/2022 12:54:31 Mode: STABILIZE
22/02/2022 12:54:31 Pilot control
22/02/2022 12:54:31 ch7: 971
22/02/2022 12:54:31 -------------Check stall condition-------------
22/02/2022 12:54:31 Alt: -0.071
22/02/2022 12:54:31 distance: 54.36437401394316
22/02/2022 12:54:31 Mode: STABILIZE
22/02/2022 12:54:31 Pilot control
22/02/2022 12:54:32 ch7: 971
22/02/2022 12:54:32 -------------Check stall condition-------------
22/02/2022 12:54:32 Alt: -0.074
22/02/2022 12:54:32 distance: 54.37418839406473
22/02/2022 12:54:32 Mode: STABILIZE
22/02/2022 12:54:32 Pilot control
22/02/2022 12:54:32 ch7: 971
22/02/2022 12:54:32 -------------Check stall condition-------------
22/02/2022 12:54:32 Alt: -0.085
22/02/2022 12:54:32 distance: 54.39897401526148
22/02/2022 12:54:32 Mode: STABILIZE
22/02/2022 12:54:32 Pilot control
22/02/2022 12:54:33 ch7: 970
22/02/2022 12:54:33 -------------Check stall condition-------------
22/02/2022 12:54:33 Alt: -0.114
22/02/2022 12:54:33 distance: 54.43872408222606
22/02/2022 12:54:33 Mode: STABILIZE
22/02/2022 12:54:33 Pilot control
22/02/2022 12:54:33 ch7: 971
22/02/2022 12:54:33 -------------Check stall condition-------------
22/02/2022 12:54:33 Alt: -0.143
22/02/2022 12:54:33 distance: 54.47848154172483
22/02/2022 12:54:33 Mode: STABILIZE
22/02/2022 12:54:33 Pilot control
22/02/2022 12:54:34 ch7: 971
22/02/2022 12:54:34 -------------Check stall condition-------------
22/02/2022 12:54:34 Alt: -0.135
22/02/2022 12:54:34 distance: 54.50337320421428
22/02/2022 12:54:34 Mode: STABILIZE
22/02/2022 12:54:34 Pilot control
22/02/2022 12:54:34 ch7: 971
22/02/2022 12:54:34 -------------Check stall condition-------------
22/02/2022 12:54:34 Alt: -0.128
22/02/2022 12:54:34 distance: 54.50337320421428
22/02/2022 12:54:34 Mode: STABILIZE
22/02/2022 12:54:34 Pilot control
22/02/2022 12:54:34 ch7: 971
22/02/2022 12:54:34 -------------Check stall condition-------------
22/02/2022 12:54:34 Alt: -0.128
22/02/2022 12:54:34 distance: 54.48349353610175
22/02/2022 12:54:34 Mode: STABILIZE
22/02/2022 12:54:34 Pilot control
22/02/2022 12:54:35 ch7: 971
22/02/2022 12:54:35 -------------Check stall condition-------------
22/02/2022 12:54:35 Alt: -0.115
22/02/2022 12:54:35 distance: 54.48349353610175
22/02/2022 12:54:35 Mode: STABILIZE
22/02/2022 12:54:35 Pilot control
22/02/2022 12:54:35 ch7: 971
22/02/2022 12:54:35 -------------Check stall condition-------------
22/02/2022 12:54:35 Alt: -0.107
22/02/2022 12:54:35 distance: 54.48349353610175
22/02/2022 12:54:35 Mode: STABILIZE
22/02/2022 12:54:35 Pilot control
22/02/2022 12:54:35 ch7: 971
22/02/2022 12:54:35 -------------Check stall condition-------------
22/02/2022 12:54:35 Alt: -0.082
22/02/2022 12:54:35 distance: 54.4785691167969
22/02/2022 12:54:35 Mode: STABILIZE
22/02/2022 12:54:36 Pilot control
22/02/2022 12:54:36 ch7: 971
22/02/2022 12:54:36 -------------Check stall condition-------------
22/02/2022 12:54:36 Alt: -0.032
22/02/2022 12:54:36 distance: 54.4785691167969
22/02/2022 12:54:36 Mode: STABILIZE
22/02/2022 12:54:36 Pilot control
22/02/2022 12:54:36 ch7: 971
22/02/2022 12:54:36 -------------Check stall condition-------------
22/02/2022 12:54:37 Alt: -0.006
22/02/2022 12:54:37 distance: 54.45367749446237
22/02/2022 12:54:37 Mode: STABILIZE
22/02/2022 12:54:37 Pilot control
22/02/2022 12:54:37 ch7: 971
22/02/2022 12:54:37 -------------Check stall condition-------------
22/02/2022 12:54:37 Alt: 0.01
22/02/2022 12:54:37 distance: 54.43872408222606
22/02/2022 12:54:37 Mode: STABILIZE
22/02/2022 12:54:37 Pilot control
22/02/2022 12:54:38 ch7: 971
22/02/2022 12:54:38 -------------Check stall condition-------------
22/02/2022 12:54:38 Alt: 0.022
22/02/2022 12:54:38 distance: 54.41884812313511
22/02/2022 12:54:38 Mode: STABILIZE
22/02/2022 12:54:38 Pilot control
22/02/2022 12:54:38 ch7: 971
22/02/2022 12:54:38 -------------Check stall condition-------------
22/02/2022 12:54:38 Alt: 0.01
22/02/2022 12:54:38 distance: 54.3641460682626
22/02/2022 12:54:38 Mode: STABILIZE
22/02/2022 12:54:38 Pilot control
22/02/2022 12:54:39 ch7: 971
22/02/2022 12:54:39 -------------Check stall condition-------------
22/02/2022 12:54:39 Alt: -0.003
22/02/2022 12:54:39 distance: 54.34427475826412
22/02/2022 12:54:39 Mode: STABILIZE
22/02/2022 12:54:39 Pilot control
22/02/2022 12:54:39 ch7: 970
22/02/2022 12:54:39 -------------Check stall condition-------------
22/02/2022 12:54:39 Alt: 0.009
22/02/2022 12:54:39 distance: 54.24973066505192
22/02/2022 12:54:39 Mode: STABILIZE
22/02/2022 12:54:39 Pilot control
22/02/2022 12:54:39 ch7: 971
22/02/2022 12:54:39 -------------Check stall condition-------------
22/02/2022 12:54:39 Alt: 0.008
22/02/2022 12:54:39 distance: 54.21981692881352
22/02/2022 12:54:39 Mode: STABILIZE
22/02/2022 12:54:39 Pilot control
22/02/2022 12:54:40 ch7: 971
22/02/2022 12:54:40 -------------Check stall condition-------------
22/02/2022 12:54:40 Alt: 0.006
22/02/2022 12:54:40 distance: 54.170033799879306
22/02/2022 12:54:40 Mode: STABILIZE
22/02/2022 12:54:40 Pilot control
22/02/2022 12:54:40 ch7: 971
22/02/2022 12:54:40 -------------Check stall condition-------------
22/02/2022 12:54:40 Alt: 0.003
22/02/2022 12:54:40 distance: 54.135103201957975
22/02/2022 12:54:40 Mode: STABILIZE
22/02/2022 12:54:40 Pilot control
22/02/2022 12:54:40 ch7: 971
22/02/2022 12:54:41 -------------Check stall condition-------------
22/02/2022 12:54:41 Alt: -0.036
22/02/2022 12:54:41 distance: 54.13018600502972
22/02/2022 12:54:41 Mode: STABILIZE
22/02/2022 12:54:41 Pilot control
22/02/2022 12:54:41 ch7: 971
22/02/2022 12:54:41 -------------Check stall condition-------------
22/02/2022 12:54:41 Alt: -0.071
22/02/2022 12:54:41 distance: 54.155077579495895
22/02/2022 12:54:41 Mode: STABILIZE
22/02/2022 12:54:41 Pilot control
22/02/2022 12:54:41 ch7: 971
22/02/2022 12:54:41 -------------Check stall condition-------------
22/02/2022 12:54:41 Alt: -0.147
22/02/2022 12:54:41 distance: 54.23968814313667
22/02/2022 12:54:41 Mode: STABILIZE
22/02/2022 12:54:41 Pilot control
22/02/2022 12:54:42 ch7: 971
22/02/2022 12:54:42 -------------Check stall condition-------------
22/02/2022 12:54:42 Alt: -0.217
22/02/2022 12:54:42 distance: 54.34417328505952
22/02/2022 12:54:42 Mode: STABILIZE
22/02/2022 12:54:42 Pilot control
22/02/2022 12:54:42 ch7: 971
22/02/2022 12:54:42 -------------Check stall condition-------------
22/02/2022 12:54:42 Alt: -0.286
22/02/2022 12:54:42 distance: 54.43371024214016
22/02/2022 12:54:42 Mode: STABILIZE
22/02/2022 12:54:42 Pilot control
22/02/2022 12:54:43 ch7: 971
22/02/2022 12:54:43 -------------Check stall condition-------------
22/02/2022 12:54:43 Alt: -0.316
22/02/2022 12:54:43 distance: 54.45852110973646
22/02/2022 12:54:43 Mode: STABILIZE
22/02/2022 12:54:43 Pilot control
22/02/2022 12:54:43 ch7: 971
22/02/2022 12:54:43 -------------Check stall condition-------------
22/02/2022 12:54:43 Alt: -0.368
22/02/2022 12:54:43 distance: 54.47834051247106
22/02/2022 12:54:43 Mode: STABILIZE
22/02/2022 12:54:43 Pilot control
22/02/2022 12:54:43 ch7: 971
22/02/2022 12:54:43 -------------Check stall condition-------------
22/02/2022 12:54:43 Alt: -0.394
22/02/2022 12:54:43 distance: 54.4832854226239
22/02/2022 12:54:43 Mode: STABILIZE
22/02/2022 12:54:43 Pilot control
22/02/2022 12:54:44 ch7: 971
22/02/2022 12:54:44 -------------Check stall condition-------------
22/02/2022 12:54:44 Alt: -0.253
22/02/2022 12:54:44 distance: 54.49318754240632
22/02/2022 12:54:44 Mode: STABILIZE
22/02/2022 12:54:44 Pilot control
22/02/2022 12:54:44 ch7: 971
22/02/2022 12:54:44 -------------Check stall condition-------------
22/02/2022 12:54:44 Alt: -0.147
22/02/2022 12:54:44 distance: 54.542916549488666
22/02/2022 12:54:44 Mode: STABILIZE
22/02/2022 12:54:44 Pilot control
22/02/2022 12:54:44 ch7: 970
22/02/2022 12:54:44 -------------Check stall condition-------------
22/02/2022 12:54:44 Alt: -0.13
22/02/2022 12:54:44 distance: 54.542916549488666
22/02/2022 12:54:44 Mode: STABILIZE
22/02/2022 12:54:44 Pilot control
22/02/2022 12:54:44 ch7: 970
22/02/2022 12:54:44 -------------Check stall condition-------------
22/02/2022 12:54:44 Alt: -0.147
22/02/2022 12:54:44 distance: 54.59268991847649
22/02/2022 12:54:44 Mode: STABILIZE
22/02/2022 12:54:44 Pilot control
22/02/2022 12:54:45 ch7: 970
22/02/2022 12:54:45 -------------Check stall condition-------------
22/02/2022 12:54:45 Alt: -0.212
22/02/2022 12:54:45 distance: 54.60762613049148
22/02/2022 12:54:45 Mode: STABILIZE
22/02/2022 12:54:45 Pilot control
22/02/2022 12:54:45 ch7: 971
22/02/2022 12:54:45 -------------Check stall condition-------------
22/02/2022 12:54:45 Alt: -0.239
22/02/2022 12:54:45 distance: 54.62753775275051
22/02/2022 12:54:45 Mode: STABILIZE
22/02/2022 12:54:45 Pilot control
22/02/2022 12:54:45 ch7: 971
22/02/2022 12:54:45 -------------Check stall condition-------------
22/02/2022 12:54:45 Alt: -0.239
22/02/2022 12:54:45 distance: 54.62753775275051
22/02/2022 12:54:45 Mode: STABILIZE
22/02/2022 12:54:45 Pilot control
22/02/2022 12:54:45 ch7: 971
22/02/2022 12:54:45 -------------Check stall condition-------------
22/02/2022 12:54:45 Alt: -0.266
22/02/2022 12:54:46 distance: 54.63749424408242
22/02/2022 12:54:46 Mode: STABILIZE
22/02/2022 12:54:46 Pilot control
22/02/2022 12:54:46 ch7: 971
22/02/2022 12:54:46 -------------Check stall condition-------------
22/02/2022 12:54:46 Alt: -0.297
22/02/2022 12:54:46 distance: 54.63749424408242
22/02/2022 12:54:46 Mode: STABILIZE
22/02/2022 12:54:46 Pilot control
22/02/2022 12:54:46 ch7: 971
22/02/2022 12:54:46 -------------Check stall condition-------------
22/02/2022 12:54:46 Alt: -0.297
22/02/2022 12:54:46 distance: 54.63749424408242
22/02/2022 12:54:46 Mode: STABILIZE
22/02/2022 12:54:46 Pilot control
22/02/2022 12:54:46 ch7: 971
22/02/2022 12:54:46 -------------Check stall condition-------------
22/02/2022 12:54:46 Alt: -0.278
22/02/2022 12:54:46 distance: 54.58274341575733
22/02/2022 12:54:46 Mode: STABILIZE
22/02/2022 12:54:46 Pilot control
22/02/2022 12:54:47 ch7: 971
22/02/2022 12:54:47 -------------Check stall condition-------------
22/02/2022 12:54:47 Alt: -0.118
22/02/2022 12:54:47 distance: 54.56781174768282
22/02/2022 12:54:47 Mode: STABILIZE
22/02/2022 12:54:47 Pilot control
22/02/2022 12:54:47 ch7: 970
22/02/2022 12:54:47 -------------Check stall condition-------------
22/02/2022 12:54:47 Alt: 0.455
22/02/2022 12:54:47 distance: 54.448398748233636
22/02/2022 12:54:47 Mode: STABILIZE
22/02/2022 12:54:47 Pilot control
22/02/2022 12:54:48 ch7: 971
22/02/2022 12:54:48 -------------Check stall condition-------------
22/02/2022 12:54:48 Alt: 0.677
22/02/2022 12:54:48 distance: 54.290127552414006
22/02/2022 12:54:48 Mode: STABILIZE
22/02/2022 12:54:48 Pilot control
22/02/2022 12:54:48 ch7: 971
22/02/2022 12:54:48 -------------Check stall condition-------------
22/02/2022 12:54:48 Alt: 0.736
22/02/2022 12:54:48 distance: 54.18137919304992
22/02/2022 12:54:48 Mode: STABILIZE
22/02/2022 12:54:48 Pilot control
22/02/2022 12:54:48 ch7: 971
22/02/2022 12:54:48 -------------Check stall condition-------------
22/02/2022 12:54:49 Alt: 0.457
22/02/2022 12:54:49 distance: 53.79027008011907
22/02/2022 12:54:49 Mode: STABILIZE
22/02/2022 12:54:49 Pilot control
22/02/2022 12:54:49 ch7: 971
22/02/2022 12:54:49 -------------Check stall condition-------------
22/02/2022 12:54:49 Alt: 0.308
22/02/2022 12:54:49 distance: 53.60167899864776
22/02/2022 12:54:49 Mode: STABILIZE
22/02/2022 12:54:49 Pilot control
22/02/2022 12:54:49 ch7: 970
22/02/2022 12:54:49 -------------Check stall condition-------------
22/02/2022 12:54:49 Alt: 0.21
22/02/2022 12:54:49 distance: 53.118887005438275
22/02/2022 12:54:49 Mode: STABILIZE
22/02/2022 12:54:49 Pilot control
22/02/2022 12:54:50 ch7: 971
22/02/2022 12:54:50 -------------Check stall condition-------------
22/02/2022 12:54:50 Alt: 0.214
22/02/2022 12:54:50 distance: 52.53963412886076
22/02/2022 12:54:50 Mode: STABILIZE
22/02/2022 12:54:50 Pilot control
22/02/2022 12:54:50 ch7: 971
22/02/2022 12:54:50 -------------Check stall condition-------------
22/02/2022 12:54:50 Alt: 0.266
22/02/2022 12:54:50 distance: 52.028314462520385
22/02/2022 12:54:50 Mode: STABILIZE
22/02/2022 12:54:50 Pilot control
22/02/2022 12:54:51 ch7: 971
22/02/2022 12:54:51 -------------Check stall condition-------------
22/02/2022 12:54:51 Alt: 0.205
22/02/2022 12:54:51 distance: 51.74144370822231
22/02/2022 12:54:51 Mode: STABILIZE
22/02/2022 12:54:51 Pilot control
22/02/2022 12:54:51 ch7: 971
22/02/2022 12:54:51 -------------Check stall condition-------------
22/02/2022 12:54:51 Alt: 0.191
22/02/2022 12:54:51 distance: 51.71287315276071
22/02/2022 12:54:51 Mode: STABILIZE
22/02/2022 12:54:51 Pilot control
22/02/2022 12:54:52 ch7: 971
22/02/2022 12:54:52 -------------Check stall condition-------------
22/02/2022 12:54:52 Alt: 0.222
22/02/2022 12:54:52 distance: 51.718997770666086
22/02/2022 12:54:52 Mode: STABILIZE
22/02/2022 12:54:52 Pilot control
22/02/2022 12:54:52 ch7: 971
22/02/2022 12:54:52 -------------Check stall condition-------------
22/02/2022 12:54:52 Alt: 0.28
22/02/2022 12:54:52 distance: 51.70112029070557
22/02/2022 12:54:52 Mode: STABILIZE
22/02/2022 12:54:52 Pilot control
22/02/2022 12:54:53 ch7: 971
22/02/2022 12:54:53 -------------Check stall condition-------------
22/02/2022 12:54:53 Alt: 0.276
22/02/2022 12:54:53 distance: 51.66733150941125
22/02/2022 12:54:53 Mode: STABILIZE
22/02/2022 12:54:53 Pilot control
22/02/2022 12:54:53 ch7: 971
22/02/2022 12:54:53 -------------Check stall condition-------------
22/02/2022 12:54:53 Alt: 0.288
22/02/2022 12:54:53 distance: 51.57493464591054
22/02/2022 12:54:53 Mode: STABILIZE
22/02/2022 12:54:53 Pilot control
22/02/2022 12:54:54 ch7: 971
22/02/2022 12:54:54 -------------Check stall condition-------------
22/02/2022 12:54:54 Alt: 0.316
22/02/2022 12:54:54 distance: 51.56073619907183
22/02/2022 12:54:54 Mode: STABILIZE
22/02/2022 12:54:54 Pilot control
22/02/2022 12:54:54 ch7: 971
22/02/2022 12:54:54 -------------Check stall condition-------------
22/02/2022 12:54:54 Alt: 0.342
22/02/2022 12:54:54 distance: 51.545628710363125
22/02/2022 12:54:54 Mode: STABILIZE
22/02/2022 12:54:54 Pilot control
22/02/2022 12:54:55 ch7: 971
22/02/2022 12:54:55 -------------Check stall condition-------------
22/02/2022 12:54:55 Alt: 0.061
22/02/2022 12:54:55 distance: 51.47634436486987
22/02/2022 12:54:55 Mode: STABILIZE
22/02/2022 12:54:55 Pilot control
22/02/2022 12:54:55 ch7: 971
22/02/2022 12:54:55 -------------Check stall condition-------------
22/02/2022 12:54:55 Alt: -0.038
22/02/2022 12:54:55 distance: 51.3626592718246
22/02/2022 12:54:55 Mode: STABILIZE
22/02/2022 12:54:55 Pilot control
22/02/2022 12:54:56 ch7: 971
22/02/2022 12:54:56 -------------Check stall condition-------------
22/02/2022 12:54:56 Alt: -0.082
22/02/2022 12:54:56 distance: 51.29779996594748
22/02/2022 12:54:56 Mode: STABILIZE
22/02/2022 12:54:56 Pilot control
22/02/2022 12:54:56 ch7: 971
22/02/2022 12:54:56 -------------Check stall condition-------------
22/02/2022 12:54:56 Alt: -0.147
22/02/2022 12:54:56 distance: 51.14948961801202
22/02/2022 12:54:56 Mode: STABILIZE
22/02/2022 12:54:56 Pilot control
22/02/2022 12:54:57 ch7: 971
22/02/2022 12:54:57 -------------Check stall condition-------------
22/02/2022 12:54:57 Alt: -0.207
22/02/2022 12:54:57 distance: 51.02071439092736
22/02/2022 12:54:57 Mode: STABILIZE
22/02/2022 12:54:57 Pilot control
22/02/2022 12:54:57 ch7: 971
22/02/2022 12:54:57 -------------Check stall condition-------------
22/02/2022 12:54:57 Alt: -0.244
22/02/2022 12:54:57 distance: 50.90170410984785
22/02/2022 12:54:57 Mode: STABILIZE
22/02/2022 12:54:57 Pilot control
22/02/2022 12:54:58 ch7: 971
22/02/2022 12:54:58 -------------Check stall condition-------------
22/02/2022 12:54:58 Alt: -0.264
22/02/2022 12:54:58 distance: 50.85195752752606
22/02/2022 12:54:58 Mode: STABILIZE
22/02/2022 12:54:58 Pilot control
22/02/2022 12:54:58 ch7: 971
22/02/2022 12:54:58 -------------Check stall condition-------------
22/02/2022 12:54:58 Alt: -0.288
22/02/2022 12:54:58 distance: 50.6539419384528
22/02/2022 12:54:58 Mode: STABILIZE
22/02/2022 12:54:58 Pilot control
22/02/2022 12:54:59 ch7: 971
22/02/2022 12:54:59 -------------Check stall condition-------------
22/02/2022 12:54:59 Alt: -0.303
22/02/2022 12:54:59 distance: 50.46569808056308
22/02/2022 12:54:59 Mode: STABILIZE
22/02/2022 12:54:59 Pilot control
22/02/2022 12:54:59 ch7: 971
22/02/2022 12:54:59 -------------Check stall condition-------------
22/02/2022 12:54:59 Alt: -0.318
22/02/2022 12:54:59 distance: 50.261350910117784
22/02/2022 12:54:59 Mode: STABILIZE
22/02/2022 12:54:59 Pilot control
22/02/2022 12:55:00 ch7: 971
22/02/2022 12:55:00 -------------Check stall condition-------------
22/02/2022 12:55:00 Alt: -0.331
22/02/2022 12:55:00 distance: 50.05700380577546
22/02/2022 12:55:00 Mode: STABILIZE
22/02/2022 12:55:00 Pilot control
22/02/2022 12:55:00 ch7: 971
22/02/2022 12:55:00 -------------Check stall condition-------------
22/02/2022 12:55:00 Alt: -0.349
22/02/2022 12:55:00 distance: 49.87216097407219
22/02/2022 12:55:00 Mode: STABILIZE
22/02/2022 12:55:00 Pilot control
22/02/2022 12:55:01 ch7: 971
22/02/2022 12:55:01 -------------Check stall condition-------------
22/02/2022 12:55:01 Alt: -0.223
22/02/2022 12:55:01 distance: 49.66748257978901
22/02/2022 12:55:01 Mode: STABILIZE
22/02/2022 12:55:01 Pilot control
22/02/2022 12:55:01 ch7: 971
22/02/2022 12:55:01 -------------Check stall condition-------------
22/02/2022 12:55:01 Alt: 0.046
22/02/2022 12:55:01 distance: 49.51531527964864
22/02/2022 12:55:01 Mode: STABILIZE
22/02/2022 12:55:01 Pilot control
22/02/2022 12:55:02 ch7: 971
22/02/2022 12:55:02 -------------Check stall condition-------------
22/02/2022 12:55:02 Alt: 0.207
22/02/2022 12:55:02 distance: 49.42315642243068
22/02/2022 12:55:02 Mode: STABILIZE
22/02/2022 12:55:02 Pilot control
22/02/2022 12:55:02 ch7: 971
22/02/2022 12:55:02 -------------Check stall condition-------------
22/02/2022 12:55:02 Alt: 0.34
22/02/2022 12:55:02 distance: 49.36002659183256
22/02/2022 12:55:02 Mode: STABILIZE
22/02/2022 12:55:02 Pilot control
22/02/2022 12:55:03 ch7: 971
22/02/2022 12:55:03 -------------Check stall condition-------------
22/02/2022 12:55:03 Alt: 0.402
22/02/2022 12:55:03 distance: 49.207857934146936
22/02/2022 12:55:03 Mode: STABILIZE
22/02/2022 12:55:03 Pilot control
22/02/2022 12:55:03 ch7: 971
22/02/2022 12:55:03 -------------Check stall condition-------------
22/02/2022 12:55:03 Alt: 0.573
22/02/2022 12:55:03 distance: 49.04478066193429
22/02/2022 12:55:03 Mode: STABILIZE
22/02/2022 12:55:03 Pilot control
22/02/2022 12:55:03 ch7: 971
22/02/2022 12:55:03 -------------Check stall condition-------------
22/02/2022 12:55:03 Alt: 0.585
22/02/2022 12:55:03 distance: 48.90109917056384
22/02/2022 12:55:03 Mode: STABILIZE
22/02/2022 12:55:03 Pilot control
22/02/2022 12:55:04 ch7: 970
22/02/2022 12:55:04 -------------Check stall condition-------------
22/02/2022 12:55:04 Alt: 0.572
22/02/2022 12:55:04 distance: 48.876239658595836
22/02/2022 12:55:04 Mode: STABILIZE
22/02/2022 12:55:04 Pilot control
22/02/2022 12:55:04 ch7: 971
22/02/2022 12:55:04 -------------Check stall condition-------------
22/02/2022 12:55:04 Alt: 0.552
22/02/2022 12:55:04 distance: 48.85265484519617
22/02/2022 12:55:04 Mode: STABILIZE
22/02/2022 12:55:04 Pilot control
22/02/2022 12:55:05 ch7: 970
22/02/2022 12:55:05 -------------Check stall condition-------------
22/02/2022 12:55:05 Alt: 0.53
22/02/2022 12:55:05 distance: 48.78485865687674
22/02/2022 12:55:05 Mode: STABILIZE
22/02/2022 12:55:05 Pilot control
22/02/2022 12:55:05 ch7: 971
22/02/2022 12:55:05 -------------Check stall condition-------------
22/02/2022 12:55:05 Alt: 0.473
22/02/2022 12:55:05 distance: 48.6977366582707
22/02/2022 12:55:05 Mode: STABILIZE
22/02/2022 12:55:05 Pilot control
22/02/2022 12:55:06 ch7: 971
22/02/2022 12:55:06 -------------Check stall condition-------------
22/02/2022 12:55:06 Alt: 0.387
22/02/2022 12:55:06 distance: 48.545771542274586
22/02/2022 12:55:06 Mode: STABILIZE
22/02/2022 12:55:06 Pilot control
22/02/2022 12:55:06 ch7: 971
22/02/2022 12:55:06 -------------Check stall condition-------------
22/02/2022 12:55:06 Alt: 0.342
22/02/2022 12:55:06 distance: 48.44633464738837
22/02/2022 12:55:06 Mode: STABILIZE
22/02/2022 12:55:06 Pilot control
22/02/2022 12:55:07 ch7: 971
22/02/2022 12:55:07 -------------Check stall condition-------------
22/02/2022 12:55:07 Alt: -0.022
22/02/2022 12:55:07 distance: 48.35818764263328
22/02/2022 12:55:07 Mode: STABILIZE
22/02/2022 12:55:07 Pilot control
22/02/2022 12:55:07 ch7: 971
22/02/2022 12:55:07 -------------Check stall condition-------------
22/02/2022 12:55:07 Alt: -0.199
22/02/2022 12:55:07 distance: 48.20135506981916
22/02/2022 12:55:07 Mode: STABILIZE
22/02/2022 12:55:07 Pilot control
22/02/2022 12:55:08 ch7: 971
22/02/2022 12:55:08 -------------Check stall condition-------------
22/02/2022 12:55:08 Alt: -0.417
22/02/2022 12:55:08 distance: 48.0569311380019
22/02/2022 12:55:08 Mode: STABILIZE
22/02/2022 12:55:08 Pilot control
22/02/2022 12:55:08 ch7: 971
22/02/2022 12:55:08 -------------Check stall condition-------------
22/02/2022 12:55:08 Alt: -0.597
22/02/2022 12:55:08 distance: 48.01934860499648
22/02/2022 12:55:08 Mode: STABILIZE
22/02/2022 12:55:08 Pilot control
22/02/2022 12:55:09 ch7: 971
22/02/2022 12:55:09 -------------Check stall condition-------------
22/02/2022 12:55:09 Alt: -0.723
22/02/2022 12:55:09 distance: 47.88459759614056
22/02/2022 12:55:09 Mode: STABILIZE
22/02/2022 12:55:09 Pilot control
22/02/2022 12:55:09 ch7: 971
22/02/2022 12:55:09 -------------Check stall condition-------------
22/02/2022 12:55:09 Alt: -0.848
22/02/2022 12:55:09 distance: 47.91284907504457
22/02/2022 12:55:09 Mode: STABILIZE
22/02/2022 12:55:09 Pilot control
22/02/2022 12:55:10 ch7: 971
22/02/2022 12:55:10 -------------Check stall condition-------------
22/02/2022 12:55:10 Alt: -0.871
22/02/2022 12:55:10 distance: 47.98014181742688
22/02/2022 12:55:10 Mode: STABILIZE
22/02/2022 12:55:10 Pilot control
22/02/2022 12:55:10 ch7: 971
22/02/2022 12:55:10 -------------Check stall condition-------------
22/02/2022 12:55:10 Alt: -0.876
22/02/2022 12:55:10 distance: 47.934181870598174
22/02/2022 12:55:10 Mode: STABILIZE
22/02/2022 12:55:10 Pilot control
22/02/2022 12:55:11 ch7: 971
22/02/2022 12:55:11 -------------Check stall condition-------------
22/02/2022 12:55:11 Alt: -0.869
22/02/2022 12:55:11 distance: 47.87657056655508
22/02/2022 12:55:11 Mode: STABILIZE
22/02/2022 12:55:11 Pilot control
22/02/2022 12:55:11 ch7: 971
22/02/2022 12:55:11 -------------Check stall condition-------------
22/02/2022 12:55:11 Alt: -0.857
22/02/2022 12:55:11 distance: 47.79192857147104
22/02/2022 12:55:11 Mode: STABILIZE
22/02/2022 12:55:11 Pilot control
22/02/2022 12:55:12 ch7: 971
22/02/2022 12:55:12 -------------Check stall condition-------------
22/02/2022 12:55:12 Alt: -0.82
22/02/2022 12:55:12 distance: 47.71489976345337
22/02/2022 12:55:12 Mode: STABILIZE
22/02/2022 12:55:12 Pilot control
22/02/2022 12:55:12 ch7: 971
22/02/2022 12:55:12 -------------Check stall condition-------------
22/02/2022 12:55:12 Alt: -0.767
22/02/2022 12:55:12 distance: 47.75553355177112
22/02/2022 12:55:12 Mode: STABILIZE
22/02/2022 12:55:12 Pilot control
22/02/2022 12:55:13 ch7: 971
22/02/2022 12:55:13 -------------Check stall condition-------------
22/02/2022 12:55:13 Alt: -0.362
22/02/2022 12:55:13 distance: 47.99754117620258
22/02/2022 12:55:13 Mode: STABILIZE
22/02/2022 12:55:13 Pilot control
22/02/2022 12:55:13 ch7: 971
22/02/2022 12:55:13 -------------Check stall condition-------------
22/02/2022 12:55:13 Alt: -0.056
22/02/2022 12:55:13 distance: 48.11804284196644
22/02/2022 12:55:13 Mode: STABILIZE
22/02/2022 12:55:13 Pilot control
22/02/2022 12:55:14 ch7: 971
22/02/2022 12:55:14 -------------Check stall condition-------------
22/02/2022 12:55:14 Alt: -0.086
22/02/2022 12:55:14 distance: 48.23857744663714
22/02/2022 12:55:14 Mode: STABILIZE
22/02/2022 12:55:14 Pilot control
22/02/2022 12:55:14 ch7: 971
22/02/2022 12:55:14 -------------Check stall condition-------------
22/02/2022 12:55:14 Alt: -0.184
22/02/2022 12:55:14 distance: 48.349856072275706
22/02/2022 12:55:14 Mode: STABILIZE
22/02/2022 12:55:14 Pilot control
22/02/2022 12:55:15 ch7: 971
22/02/2022 12:55:15 -------------Check stall condition-------------
22/02/2022 12:55:15 Alt: -0.342
22/02/2022 12:55:15 distance: 48.696320522019974
22/02/2022 12:55:15 Mode: STABILIZE
22/02/2022 12:55:15 Pilot control
22/02/2022 12:55:15 ch7: 971
22/02/2022 12:55:15 -------------Check stall condition-------------
22/02/2022 12:55:15 Alt: -0.449
22/02/2022 12:55:15 distance: 48.89140400686501
22/02/2022 12:55:15 Mode: STABILIZE
22/02/2022 12:55:15 Pilot control
22/02/2022 12:55:16 ch7: 971
22/02/2022 12:55:16 -------------Check stall condition-------------
22/02/2022 12:55:16 Alt: -0.576
22/02/2022 12:55:16 distance: 48.92935636535833
22/02/2022 12:55:16 Mode: STABILIZE
22/02/2022 12:55:16 Pilot control
22/02/2022 12:55:16 ch7: 971
22/02/2022 12:55:16 -------------Check stall condition-------------
22/02/2022 12:55:16 Alt: -0.64
22/02/2022 12:55:16 distance: 48.94113930827488
22/02/2022 12:55:16 Mode: STABILIZE
22/02/2022 12:55:16 Pilot control
22/02/2022 12:55:16 ch7: 971
22/02/2022 12:55:16 -------------Check stall condition-------------
22/02/2022 12:55:16 Alt: -0.705
22/02/2022 12:55:17 distance: 48.78477864268526
22/02/2022 12:55:17 Mode: STABILIZE
22/02/2022 12:55:17 Pilot control
22/02/2022 12:55:17 ch7: 971
22/02/2022 12:55:17 -------------Check stall condition-------------
22/02/2022 12:55:17 Alt: -0.725
22/02/2022 12:55:17 distance: 48.723583780037494
22/02/2022 12:55:17 Mode: STABILIZE
22/02/2022 12:55:17 Pilot control
22/02/2022 12:55:18 ch7: 971
22/02/2022 12:55:18 -------------Check stall condition-------------
22/02/2022 12:55:18 Alt: -0.775
22/02/2022 12:55:18 distance: 48.648090029138636
22/02/2022 12:55:18 Mode: STABILIZE
22/02/2022 12:55:18 Pilot control
22/02/2022 12:55:18 ch7: 971
22/02/2022 12:55:18 -------------Check stall condition-------------
22/02/2022 12:55:18 Alt: -0.796
22/02/2022 12:55:18 distance: 48.63492008316629
22/02/2022 12:55:18 Mode: STABILIZE
22/02/2022 12:55:18 Pilot control
22/02/2022 12:55:19 ch7: 971
22/02/2022 12:55:19 -------------Check stall condition-------------
22/02/2022 12:55:19 Alt: -0.17
22/02/2022 12:55:19 distance: 48.600630155575
22/02/2022 12:55:19 Mode: STABILIZE
22/02/2022 12:55:19 Pilot control
22/02/2022 12:55:19 ch7: 970
22/02/2022 12:55:19 -------------Check stall condition-------------
22/02/2022 12:55:19 Alt: 0.162
22/02/2022 12:55:19 distance: 48.43707420688188
22/02/2022 12:55:19 Mode: STABILIZE
22/02/2022 12:55:19 Pilot control
22/02/2022 12:55:20 ch7: 971
22/02/2022 12:55:20 -------------Check stall condition-------------
22/02/2022 12:55:20 Alt: 0.22
22/02/2022 12:55:20 distance: 48.41738605106376
22/02/2022 12:55:20 Mode: STABILIZE
22/02/2022 12:55:20 Pilot control
22/02/2022 12:55:20 ch7: 971
22/02/2022 12:55:20 -------------Check stall condition-------------
22/02/2022 12:55:20 Alt: 0.21
22/02/2022 12:55:20 distance: 48.53348919502541
22/02/2022 12:55:20 Mode: STABILIZE
22/02/2022 12:55:20 Pilot control
22/02/2022 12:55:21 ch7: 971
22/02/2022 12:55:21 -------------Check stall condition-------------
22/02/2022 12:55:21 Alt: 0.146
22/02/2022 12:55:21 distance: 48.55262236945105
22/02/2022 12:55:21 Mode: STABILIZE
22/02/2022 12:55:21 Pilot control
22/02/2022 12:55:21 ch7: 971
22/02/2022 12:55:21 -------------Check stall condition-------------
22/02/2022 12:55:21 Alt: 0.131
22/02/2022 12:55:21 distance: 48.58513147231345
22/02/2022 12:55:21 Mode: STABILIZE
22/02/2022 12:55:21 Pilot control
22/02/2022 12:55:22 ch7: 971
22/02/2022 12:55:22 -------------Check stall condition-------------
22/02/2022 12:55:22 Alt: 0.095
22/02/2022 12:55:22 distance: 48.61373674345683
22/02/2022 12:55:22 Mode: STABILIZE
22/02/2022 12:55:22 Pilot control
22/02/2022 12:55:22 ch7: 971
22/02/2022 12:55:22 -------------Check stall condition-------------
22/02/2022 12:55:22 Alt: 0.069
22/02/2022 12:55:22 distance: 48.64040555208448
22/02/2022 12:55:22 Mode: STABILIZE
22/02/2022 12:55:22 Pilot control
22/02/2022 12:55:23 ch7: 971
22/02/2022 12:55:23 -------------Check stall condition-------------
22/02/2022 12:55:23 Alt: 0.072
22/02/2022 12:55:23 distance: 48.66333693200151
22/02/2022 12:55:23 Mode: STABILIZE
22/02/2022 12:55:23 Pilot control
22/02/2022 12:55:23 ch7: 971
22/02/2022 12:55:23 -------------Check stall condition-------------
22/02/2022 12:55:23 Alt: 0.052
22/02/2022 12:55:23 distance: 48.65762101753116
22/02/2022 12:55:23 Mode: STABILIZE
22/02/2022 12:55:23 Pilot control
22/02/2022 12:55:24 ch7: 970
22/02/2022 12:55:24 -------------Check stall condition-------------
22/02/2022 12:55:24 Alt: 0.044
22/02/2022 12:55:24 distance: 48.6901287336525
22/02/2022 12:55:24 Mode: STABILIZE
22/02/2022 12:55:24 Pilot control
22/02/2022 12:55:24 ch7: 971
22/02/2022 12:55:24 -------------Check stall condition-------------
22/02/2022 12:55:24 Alt: 0.046
22/02/2022 12:55:24 distance: 48.72651869799258
22/02/2022 12:55:24 Mode: STABILIZE
22/02/2022 12:55:24 Pilot control
22/02/2022 12:55:25 ch7: 971
22/02/2022 12:55:25 -------------Check stall condition-------------
22/02/2022 12:55:25 Alt: 0.01
22/02/2022 12:55:25 distance: 48.73038417908588
22/02/2022 12:55:25 Mode: STABILIZE
22/02/2022 12:55:25 Pilot control
22/02/2022 12:55:25 ch7: 971
22/02/2022 12:55:25 -------------Check stall condition-------------
22/02/2022 12:55:25 Alt: -0.074
22/02/2022 12:55:25 distance: 48.6809846722412
22/02/2022 12:55:25 Mode: STABILIZE
22/02/2022 12:55:25 Pilot control
22/02/2022 12:55:26 ch7: 971
22/02/2022 12:55:26 -------------Check stall condition-------------
22/02/2022 12:55:26 Alt: -0.188
22/02/2022 12:55:26 distance: 48.67741566808063
22/02/2022 12:55:26 Mode: STABILIZE
22/02/2022 12:55:26 Pilot control
22/02/2022 12:55:26 ch7: 971
22/02/2022 12:55:26 -------------Check stall condition-------------
22/02/2022 12:55:26 Alt: -0.288
22/02/2022 12:55:26 distance: 48.710060272430155
22/02/2022 12:55:26 Mode: STABILIZE
22/02/2022 12:55:26 Pilot control
22/02/2022 12:55:27 ch7: 970
22/02/2022 12:55:27 -------------Check stall condition-------------
22/02/2022 12:55:27 Alt: -0.35
22/02/2022 12:55:27 distance: 48.70264892136672
22/02/2022 12:55:27 Mode: STABILIZE
22/02/2022 12:55:27 Pilot control
22/02/2022 12:55:27 ch7: 971
22/02/2022 12:55:27 -------------Check stall condition-------------
22/02/2022 12:55:27 Alt: -0.463
22/02/2022 12:55:27 distance: 48.66928260426061
22/02/2022 12:55:27 Mode: STABILIZE
22/02/2022 12:55:27 Pilot control
22/02/2022 12:55:28 ch7: 971
22/02/2022 12:55:28 -------------Check stall condition-------------
22/02/2022 12:55:28 Alt: -0.632
22/02/2022 12:55:28 distance: 48.69477837388987
22/02/2022 12:55:28 Mode: STABILIZE
22/02/2022 12:55:28 Pilot control
22/02/2022 12:55:28 ch7: 971
22/02/2022 12:55:28 -------------Check stall condition-------------
22/02/2022 12:55:28 Alt: -0.694
22/02/2022 12:55:28 distance: 48.740890633036365
22/02/2022 12:55:28 Mode: STABILIZE
22/02/2022 12:55:28 Pilot control
22/02/2022 12:55:29 ch7: 971
22/02/2022 12:55:29 -------------Check stall condition-------------
22/02/2022 12:55:29 Alt: -0.919
22/02/2022 12:55:29 distance: 48.805345654949676
22/02/2022 12:55:29 Mode: STABILIZE
22/02/2022 12:55:29 Pilot control
22/02/2022 12:55:29 ch7: 971
22/02/2022 12:55:29 -------------Check stall condition-------------
22/02/2022 12:55:29 Alt: -1.167
22/02/2022 12:55:29 distance: 48.90651931187975
22/02/2022 12:55:29 Mode: STABILIZE
22/02/2022 12:55:29 Pilot control
22/02/2022 12:55:30 ch7: 971
22/02/2022 12:55:30 -------------Check stall condition-------------
22/02/2022 12:55:30 Alt: -1.289
22/02/2022 12:55:30 distance: 48.94851075079888
22/02/2022 12:55:30 Mode: STABILIZE
22/02/2022 12:55:30 Pilot control
22/02/2022 12:55:30 ch7: 970
22/02/2022 12:55:30 -------------Check stall condition-------------
22/02/2022 12:55:30 Alt: -1.392
22/02/2022 12:55:30 distance: 49.04462779801302
22/02/2022 12:55:30 Mode: STABILIZE
22/02/2022 12:55:30 Pilot control
22/02/2022 12:55:31 ch7: 971
22/02/2022 12:55:31 -------------Check stall condition-------------
22/02/2022 12:55:31 Alt: -0.846
22/02/2022 12:55:31 distance: 49.22417131714639
22/02/2022 12:55:31 Mode: STABILIZE
22/02/2022 12:55:31 Pilot control
22/02/2022 12:55:31 ch7: 971
22/02/2022 12:55:31 -------------Check stall condition-------------
22/02/2022 12:55:31 Alt: -0.935
22/02/2022 12:55:31 distance: 49.20114367972921
22/02/2022 12:55:31 Mode: STABILIZE
22/02/2022 12:55:31 Pilot control
22/02/2022 12:55:32 ch7: 971
22/02/2022 12:55:32 -------------Check stall condition-------------
22/02/2022 12:55:32 Alt: -1.162
22/02/2022 12:55:32 distance: 49.065191962767805
22/02/2022 12:55:32 Mode: STABILIZE
22/02/2022 12:55:32 Pilot control
22/02/2022 12:55:32 ch7: 971
22/02/2022 12:55:32 -------------Check stall condition-------------
22/02/2022 12:55:32 Alt: -1.303
22/02/2022 12:55:32 distance: 49.014596535377635
22/02/2022 12:55:32 Mode: STABILIZE
22/02/2022 12:55:32 Pilot control
22/02/2022 12:55:33 ch7: 971
22/02/2022 12:55:33 -------------Check stall condition-------------
22/02/2022 12:55:33 Alt: -1.406
22/02/2022 12:55:33 distance: 49.0260695778253
22/02/2022 12:55:33 Mode: STABILIZE
22/02/2022 12:55:33 Pilot control
22/02/2022 12:55:33 ch7: 971
22/02/2022 12:55:33 -------------Check stall condition-------------
22/02/2022 12:55:33 Alt: -1.499
22/02/2022 12:55:33 distance: 49.00382128757941
22/02/2022 12:55:33 Mode: STABILIZE
22/02/2022 12:55:33 Pilot control
22/02/2022 12:55:34 ch7: 971
22/02/2022 12:55:34 -------------Check stall condition-------------
22/02/2022 12:55:34 Alt: -1.566
22/02/2022 12:55:34 distance: 49.06958004131971
22/02/2022 12:55:34 Mode: STABILIZE
22/02/2022 12:55:34 Pilot control
22/02/2022 12:55:34 ch7: 971
22/02/2022 12:55:34 -------------Check stall condition-------------
22/02/2022 12:55:34 Alt: -1.621
22/02/2022 12:55:34 distance: 49.11582483848472
22/02/2022 12:55:34 Mode: STABILIZE
22/02/2022 12:55:34 Pilot control
22/02/2022 12:55:35 ch7: 970
22/02/2022 12:55:35 -------------Check stall condition-------------
22/02/2022 12:55:35 Alt: -1.666
22/02/2022 12:55:35 distance: 49.19044834224498
22/02/2022 12:55:35 Mode: STABILIZE
22/02/2022 12:55:35 Pilot control
22/02/2022 12:55:35 ch7: 971
22/02/2022 12:55:35 -------------Check stall condition-------------
22/02/2022 12:55:35 Alt: -1.677
22/02/2022 12:55:35 distance: 49.20997829888698
22/02/2022 12:55:35 Mode: STABILIZE
22/02/2022 12:55:35 Pilot control
22/02/2022 12:55:36 ch7: 971
22/02/2022 12:55:36 -------------Check stall condition-------------
22/02/2022 12:55:36 Alt: -1.684
22/02/2022 12:55:36 distance: 49.26949383994624
22/02/2022 12:55:36 Mode: STABILIZE
22/02/2022 12:55:36 Pilot control
22/02/2022 12:55:36 ch7: 971
22/02/2022 12:55:36 -------------Check stall condition-------------
22/02/2022 12:55:36 Alt: -1.686
22/02/2022 12:55:36 distance: 49.358314373595576
22/02/2022 12:55:36 Mode: STABILIZE
22/02/2022 12:55:36 Pilot control
22/02/2022 12:55:36 ch7: 971
22/02/2022 12:55:36 -------------Check stall condition-------------
22/02/2022 12:55:36 Alt: -1.696
22/02/2022 12:55:36 distance: 49.407165827354234
22/02/2022 12:55:36 Mode: STABILIZE
22/02/2022 12:55:36 Pilot control
22/02/2022 12:55:37 ch7: 971
22/02/2022 12:55:37 -------------Check stall condition-------------
22/02/2022 12:55:37 Alt: -0.825
22/02/2022 12:55:37 distance: 49.470258048566855
22/02/2022 12:55:37 Mode: STABILIZE
22/02/2022 12:55:37 Pilot control
22/02/2022 12:55:37 ch7: 971
22/02/2022 12:55:37 -------------Check stall condition-------------
22/02/2022 12:55:37 Alt: -0.376
22/02/2022 12:55:37 distance: 49.504052001317945
22/02/2022 12:55:37 Mode: STABILIZE
22/02/2022 12:55:37 Pilot control
22/02/2022 12:55:38 ch7: 971
22/02/2022 12:55:38 -------------Check stall condition-------------
22/02/2022 12:55:38 Alt: -0.142
22/02/2022 12:55:38 distance: 49.59127300604269
22/02/2022 12:55:38 Mode: STABILIZE
22/02/2022 12:55:38 Pilot control
22/02/2022 12:55:38 ch7: 971
22/02/2022 12:55:38 -------------Check stall condition-------------
22/02/2022 12:55:38 Alt: -0.141
22/02/2022 12:55:38 distance: 49.62063934243722
22/02/2022 12:55:38 Mode: STABILIZE
22/02/2022 12:55:38 Pilot control
22/02/2022 12:55:38 ch7: 971
22/02/2022 12:55:38 -------------Check stall condition-------------
22/02/2022 12:55:38 Alt: -0.157
22/02/2022 12:55:38 distance: 49.629629003346416
22/02/2022 12:55:38 Mode: STABILIZE
22/02/2022 12:55:38 Pilot control
22/02/2022 12:55:39 ch7: 971
22/02/2022 12:55:39 -------------Check stall condition-------------
22/02/2022 12:55:39 Alt: -0.179
22/02/2022 12:55:39 distance: 49.63942213392844
22/02/2022 12:55:39 Mode: STABILIZE
22/02/2022 12:55:39 Pilot control
22/02/2022 12:55:39 ch7: 971
22/02/2022 12:55:39 -------------Check stall condition-------------
22/02/2022 12:55:39 Alt: -0.207
22/02/2022 12:55:39 distance: 49.66351662194063
22/02/2022 12:55:39 Mode: STABILIZE
22/02/2022 12:55:39 Pilot control
22/02/2022 12:55:40 ch7: 971
22/02/2022 12:55:40 -------------Check stall condition-------------
22/02/2022 12:55:40 Alt: -0.222
22/02/2022 12:55:40 distance: 49.687624364461904
22/02/2022 12:55:40 Mode: STABILIZE
22/02/2022 12:55:40 Pilot control
22/02/2022 12:55:40 ch7: 971
22/02/2022 12:55:40 -------------Check stall condition-------------
22/02/2022 12:55:40 Alt: -0.233
22/02/2022 12:55:40 distance: 49.74568413963402
22/02/2022 12:55:40 Mode: STABILIZE
22/02/2022 12:55:40 Pilot control
22/02/2022 12:55:40 ch7: 971
22/02/2022 12:55:40 -------------Check stall condition-------------
22/02/2022 12:55:40 Alt: -0.245
22/02/2022 12:55:40 distance: 49.77510128395396
22/02/2022 12:55:40 Mode: STABILIZE
22/02/2022 12:55:40 Pilot control
22/02/2022 12:55:41 ch7: 970
22/02/2022 12:55:41 -------------Check stall condition-------------
22/02/2022 12:55:41 Alt: -0.254
22/02/2022 12:55:41 distance: 49.809789302641036
22/02/2022 12:55:41 Mode: STABILIZE
22/02/2022 12:55:41 Pilot control
22/02/2022 12:55:41 ch7: 970
22/02/2022 12:55:41 -------------Check stall condition-------------
22/02/2022 12:55:41 Alt: -0.284
22/02/2022 12:55:41 distance: 49.87319462315817
22/02/2022 12:55:41 Mode: STABILIZE
22/02/2022 12:55:41 Pilot control
22/02/2022 12:55:42 ch7: 971
22/02/2022 12:55:42 -------------Check stall condition-------------
22/02/2022 12:55:42 Alt: -0.301
22/02/2022 12:55:42 distance: 49.95695955882297
22/02/2022 12:55:42 Mode: STABILIZE
22/02/2022 12:55:42 Pilot control
22/02/2022 12:55:42 ch7: 971
22/02/2022 12:55:42 -------------Check stall condition-------------
22/02/2022 12:55:42 Alt: -0.313
22/02/2022 12:55:42 distance: 49.981841875409934
22/02/2022 12:55:42 Mode: STABILIZE
22/02/2022 12:55:42 Pilot control
22/02/2022 12:55:43 ch7: 971
22/02/2022 12:55:43 -------------Check stall condition-------------
22/02/2022 12:55:43 Alt: -0.163
22/02/2022 12:55:43 distance: 50.026356598058555
22/02/2022 12:55:43 Mode: STABILIZE
22/02/2022 12:55:43 Pilot control
22/02/2022 12:55:43 ch7: 970
22/02/2022 12:55:43 -------------Check stall condition-------------
22/02/2022 12:55:43 Alt: -0.084
22/02/2022 12:55:43 distance: 50.07087381876897
22/02/2022 12:55:43 Mode: STABILIZE
22/02/2022 12:55:43 Pilot control
22/02/2022 12:55:43 ch7: 971
22/02/2022 12:55:43 -------------Check stall condition-------------
22/02/2022 12:55:43 Alt: -0.084
22/02/2022 12:55:43 distance: 50.08069201381849
22/02/2022 12:55:43 Mode: STABILIZE
22/02/2022 12:55:43 Pilot control
22/02/2022 12:55:44 ch7: 971
22/02/2022 12:55:44 -------------Check stall condition-------------
22/02/2022 12:55:44 Alt: -0.101
22/02/2022 12:55:44 distance: 50.08069201381849
22/02/2022 12:55:44 Mode: STABILIZE
22/02/2022 12:55:44 Pilot control
22/02/2022 12:55:44 ch7: 971
22/02/2022 12:55:44 -------------Check stall condition-------------
22/02/2022 12:55:44 Alt: -0.124
22/02/2022 12:55:44 distance: 50.065627997467345
22/02/2022 12:55:44 Mode: STABILIZE
22/02/2022 12:55:44 Pilot control
22/02/2022 12:55:44 ch7: 971
22/02/2022 12:55:44 -------------Check stall condition-------------
22/02/2022 12:55:44 Alt: -0.166
22/02/2022 12:55:44 distance: 50.060384101780336
22/02/2022 12:55:44 Mode: STABILIZE
22/02/2022 12:55:44 Pilot control
22/02/2022 12:55:45 ch7: 971
22/02/2022 12:55:45 -------------Check stall condition-------------
22/02/2022 12:55:45 Alt: -0.174
22/02/2022 12:55:45 distance: 50.0296039709791
22/02/2022 12:55:45 Mode: STABILIZE
22/02/2022 12:55:45 Pilot control
22/02/2022 12:55:45 ch7: 971
22/02/2022 12:55:45 -------------Check stall condition-------------
22/02/2022 12:55:45 Alt: -0.175
22/02/2022 12:55:45 distance: 49.98966099730475
22/02/2022 12:55:45 Mode: STABILIZE
22/02/2022 12:55:45 Pilot control
22/02/2022 12:55:46 ch7: 971
22/02/2022 12:55:46 -------------Check stall condition-------------
22/02/2022 12:55:46 Alt: -0.165
22/02/2022 12:55:46 distance: 49.88030410736652
22/02/2022 12:55:46 Mode: STABILIZE
22/02/2022 12:55:46 Pilot control
22/02/2022 12:55:46 ch7: 971
22/02/2022 12:55:46 -------------Check stall condition-------------
22/02/2022 12:55:46 Alt: -0.162
22/02/2022 12:55:46 distance: 49.855420826217035
22/02/2022 12:55:46 Mode: STABILIZE
22/02/2022 12:55:46 Pilot control
22/02/2022 12:55:47 ch7: 971
22/02/2022 12:55:47 -------------Check stall condition-------------
22/02/2022 12:55:47 Alt: -0.178
22/02/2022 12:55:47 distance: 49.7958316367472
22/02/2022 12:55:47 Mode: STABILIZE
22/02/2022 12:55:47 Pilot control
22/02/2022 12:55:47 ch7: 971
22/02/2022 12:55:47 -------------Check stall condition-------------
22/02/2022 12:55:47 Alt: -0.204
22/02/2022 12:55:47 distance: 49.7755344732885
22/02/2022 12:55:47 Mode: STABILIZE
22/02/2022 12:55:47 Pilot control
22/02/2022 12:55:48 ch7: 971
22/02/2022 12:55:48 -------------Check stall condition-------------
22/02/2022 12:55:48 Alt: -0.233
22/02/2022 12:55:48 distance: 49.7847201862629
22/02/2022 12:55:48 Mode: STABILIZE
22/02/2022 12:55:48 Pilot control
22/02/2022 12:55:48 ch7: 971
22/02/2022 12:55:48 -------------Check stall condition-------------
22/02/2022 12:55:48 Alt: -0.265
22/02/2022 12:55:48 distance: 49.7847201862629
22/02/2022 12:55:48 Mode: STABILIZE
22/02/2022 12:55:48 Pilot control
