21/03/2022 14:57:49 Connecting to Vehicle on: /dev/ttyACM0
21/03/2022 14:57:50 ArduPlane V4.1.4 (0f984409)
21/03/2022 14:57:50 ChibiOS: 45395b6a
21/03/2022 14:57:50 CubeBlack 00360049 3337510E 37353832
21/03/2022 14:57:50 RCOut: PWM:1-12
21/03/2022 14:57:50 IMU0: fast sampling enabled 8.0kHz/1.0kHz
21/03/2022 14:57:50 IMU2: fast sampling enabled 8.0kHz/1.0kHz
21/03/2022 14:58:01 -------------Check stall condition-------------
21/03/2022 14:58:01 Alt: 0.202
21/03/2022 14:58:01 distance: 905.3740732822123
21/03/2022 14:58:01 Mode: STABILIZE
21/03/2022 14:58:01 Pilot control
21/03/2022 14:58:01 Pilot control
21/03/2022 14:58:01 -------------Check stall condition-------------
21/03/2022 14:58:01 Alt: 0.202
21/03/2022 14:58:01 distance: 905.3740732822123
21/03/2022 14:58:01 Mode: STABILIZE
21/03/2022 14:58:01 Pilot control
21/03/2022 14:58:01 Pilot control
21/03/2022 14:58:01 -------------Check stall condition-------------
21/03/2022 14:58:01 Alt: 0.202
21/03/2022 14:58:01 distance: 905.3740732822123
21/03/2022 14:58:01 Mode: STABILIZE
21/03/2022 14:58:01 Pilot control
21/03/2022 14:58:01 Pilot control
21/03/2022 14:58:01 -------------Check stall condition-------------
21/03/2022 14:58:01 Alt: 0.202
21/03/2022 14:58:01 distance: 905.3740732822123
21/03/2022 14:58:01 Mode: STABILIZE
21/03/2022 14:58:01 Pilot control
21/03/2022 14:58:01 Pilot control
21/03/2022 14:58:01 -------------Check stall condition-------------
21/03/2022 14:58:01 Alt: -0.155
21/03/2022 14:58:01 distance: 905.391415886578
21/03/2022 14:58:01 Mode: STABILIZE
21/03/2022 14:58:01 Pilot control
21/03/2022 14:58:01 Pilot control
21/03/2022 14:58:01 -------------Check stall condition-------------
21/03/2022 14:58:01 Alt: -0.155
21/03/2022 14:58:01 distance: 905.391415886578
21/03/2022 14:58:01 Mode: STABILIZE
21/03/2022 14:58:01 Pilot control
21/03/2022 14:58:01 Pilot control
21/03/2022 14:58:01 -------------Check stall condition-------------
21/03/2022 14:58:01 Alt: -0.155
21/03/2022 14:58:01 distance: 905.391415886578
21/03/2022 14:58:01 Mode: STABILIZE
21/03/2022 14:58:01 Pilot control
21/03/2022 14:58:01 Pilot control
21/03/2022 14:58:01 -------------Check stall condition-------------
21/03/2022 14:58:01 Alt: -0.155
21/03/2022 14:58:01 distance: 905.391415886578
21/03/2022 14:58:01 Mode: STABILIZE
21/03/2022 14:58:01 Pilot control
21/03/2022 14:58:01 Pilot control
21/03/2022 14:58:01 -------------Check stall condition-------------
21/03/2022 14:58:01 Alt: -0.105
21/03/2022 14:58:01 distance: 905.7310210695676
21/03/2022 14:58:01 Mode: STABILIZE
21/03/2022 14:58:01 Pilot control
21/03/2022 14:58:01 Pilot control
21/03/2022 14:58:01 -------------Check stall condition-------------
21/03/2022 14:58:01 Alt: -0.105
21/03/2022 14:58:01 distance: 905.7310210695676
21/03/2022 14:58:01 Mode: STABILIZE
21/03/2022 14:58:01 Pilot control
21/03/2022 14:58:01 Pilot control
21/03/2022 14:58:01 -------------Check stall condition-------------
21/03/2022 14:58:01 Alt: -0.105
21/03/2022 14:58:01 ch7: 2065
21/03/2022 14:58:02 distance: 905.7310210695676
21/03/2022 14:58:02 Mode: STABILIZE
21/03/2022 14:58:02 Pilot control
21/03/2022 14:58:02 Saved video
21/03/2022 14:58:02 Pilot control
21/03/2022 14:58:02 -------------Check stall condition-------------
21/03/2022 14:58:02 Alt: -0.105
21/03/2022 14:58:02 distance: 905.7310210695676
21/03/2022 14:58:02 Mode: STABILIZE
21/03/2022 14:58:02 Pilot control
21/03/2022 14:58:02 Pilot control
21/03/2022 14:58:02 -------------Check stall condition-------------
21/03/2022 14:58:02 Alt: -0.105
21/03/2022 14:58:02 distance: 906.021107317804
21/03/2022 14:58:02 Mode: STABILIZE
21/03/2022 14:58:02 Pilot control
21/03/2022 14:58:02 Pilot control
21/03/2022 14:58:02 -------------Check stall condition-------------
21/03/2022 14:58:02 Alt: -0.127
21/03/2022 14:58:02 distance: 906.021107317804
21/03/2022 14:58:02 Mode: STABILIZE
21/03/2022 14:58:02 Pilot control
21/03/2022 14:58:02 Pilot control
21/03/2022 14:58:02 -------------Check stall condition-------------
21/03/2022 14:58:02 Alt: -0.127
21/03/2022 14:58:02 distance: 906.021107317804
21/03/2022 14:58:02 Mode: STABILIZE
21/03/2022 14:58:02 Pilot control
21/03/2022 14:58:02 Pilot control
21/03/2022 14:58:02 -------------Check stall condition-------------
21/03/2022 14:58:02 Alt: -0.127
21/03/2022 14:58:02 distance: 906.021107317804
21/03/2022 14:58:02 Mode: STABILIZE
21/03/2022 14:58:02 Pilot control
21/03/2022 14:58:02 Pilot control
21/03/2022 14:58:02 -------------Check stall condition-------------
21/03/2022 14:58:02 Alt: -0.127
21/03/2022 14:58:02 distance: 906.021107317804
21/03/2022 14:58:02 Mode: STABILIZE
21/03/2022 14:58:02 Pilot control
21/03/2022 14:58:02 Pilot control
21/03/2022 14:58:02 -------------Check stall condition-------------
21/03/2022 14:58:02 Alt: -0.127
21/03/2022 14:58:02 distance: 906.021107317804
21/03/2022 14:58:02 Mode: STABILIZE
21/03/2022 14:58:02 Pilot control
21/03/2022 14:58:02 Pilot control
21/03/2022 14:58:02 -------------Check stall condition-------------
21/03/2022 14:58:02 Alt: -0.127
21/03/2022 14:58:02 distance: 906.021107317804
21/03/2022 14:58:02 Mode: STABILIZE
21/03/2022 14:58:02 Pilot control
21/03/2022 14:58:02 Pilot control
21/03/2022 14:58:02 -------------Check stall condition-------------
21/03/2022 14:58:02 Alt: -0.127
21/03/2022 14:58:02 distance: 906.021107317804
21/03/2022 14:58:02 Mode: STABILIZE
21/03/2022 14:58:02 Pilot control
21/03/2022 14:58:02 Pilot control
21/03/2022 14:58:02 -------------Check stall condition-------------
21/03/2022 14:58:02 Alt: -0.127
21/03/2022 14:58:02 distance: 906.021107317804
21/03/2022 14:58:02 Mode: STABILIZE
21/03/2022 14:58:02 Pilot control
21/03/2022 14:58:02 Pilot control
21/03/2022 14:58:02 -------------Check stall condition-------------
21/03/2022 14:58:02 Alt: -0.127
21/03/2022 14:58:02 distance: 906.021107317804
21/03/2022 14:58:02 Mode: STABILIZE
21/03/2022 14:58:02 Pilot control
21/03/2022 14:58:02 Pilot control
21/03/2022 14:58:02 -------------Check stall condition-------------
21/03/2022 14:58:02 Alt: -0.127
21/03/2022 14:58:02 distance: 906.021107317804
21/03/2022 14:58:02 Mode: STABILIZE
21/03/2022 14:58:02 Pilot control
21/03/2022 14:58:02 Pilot control
21/03/2022 14:58:02 -------------Check stall condition-------------
21/03/2022 14:58:02 Alt: -0.127
21/03/2022 14:58:02 distance: 906.021107317804
21/03/2022 14:58:02 Mode: STABILIZE
21/03/2022 14:58:02 Pilot control
21/03/2022 14:58:02 Pilot control
21/03/2022 14:58:02 -------------Check stall condition-------------
21/03/2022 14:58:02 Alt: -0.072
21/03/2022 14:58:02 distance: 905.8620176399496
21/03/2022 14:58:02 Mode: STABILIZE
21/03/2022 14:58:02 Pilot control
21/03/2022 14:58:02 Pilot control
21/03/2022 14:58:02 -------------Check stall condition-------------
21/03/2022 14:58:02 Alt: -0.072
21/03/2022 14:58:02 distance: 905.8620176399496
21/03/2022 14:58:02 Mode: STABILIZE
21/03/2022 14:58:02 Pilot control
21/03/2022 14:58:02 Pilot control
21/03/2022 14:58:02 -------------Check stall condition-------------
21/03/2022 14:58:02 Alt: -0.072
21/03/2022 14:58:02 distance: 905.8620176399496
21/03/2022 14:58:02 Mode: STABILIZE
21/03/2022 14:58:02 Pilot control
21/03/2022 14:58:02 Pilot control
21/03/2022 14:58:02 -------------Check stall condition-------------
21/03/2022 14:58:02 Alt: -0.149
21/03/2022 14:58:03 distance: 906.0388290463294
21/03/2022 14:58:03 Mode: STABILIZE
21/03/2022 14:58:03 Pilot control
21/03/2022 14:58:03 Pilot control
21/03/2022 14:58:03 -------------Check stall condition-------------
21/03/2022 14:58:03 Alt: -0.149
21/03/2022 14:58:03 distance: 906.0388290463294
21/03/2022 14:58:03 Mode: STABILIZE
21/03/2022 14:58:03 Pilot control
21/03/2022 14:58:03 Pilot control
21/03/2022 14:58:03 -------------Check stall condition-------------
21/03/2022 14:58:03 Alt: -0.149
21/03/2022 14:58:03 distance: 906.0388290463294
21/03/2022 14:58:03 Mode: STABILIZE
21/03/2022 14:58:03 Pilot control
21/03/2022 14:58:03 Pilot control
21/03/2022 14:58:03 -------------Check stall condition-------------
21/03/2022 14:58:03 Alt: 0.002
21/03/2022 14:58:03 distance: 906.2675051525995
21/03/2022 14:58:03 Mode: STABILIZE
21/03/2022 14:58:03 Pilot control
21/03/2022 14:58:03 Pilot control
21/03/2022 14:58:03 -------------Check stall condition-------------
21/03/2022 14:58:03 Alt: 0.002
21/03/2022 14:58:03 distance: 906.2675051525995
21/03/2022 14:58:03 Mode: STABILIZE
21/03/2022 14:58:03 Pilot control
21/03/2022 14:58:03 Pilot control
21/03/2022 14:58:03 -------------Check stall condition-------------
21/03/2022 14:58:03 Alt: 0.002
21/03/2022 14:58:03 distance: 906.2675051525995
21/03/2022 14:58:03 Mode: STABILIZE
21/03/2022 14:58:03 Pilot control
21/03/2022 14:58:03 Pilot control
21/03/2022 14:58:03 -------------Check stall condition-------------
21/03/2022 14:58:03 Alt: 0.002
21/03/2022 14:58:03 distance: 906.2675051525995
21/03/2022 14:58:03 Mode: STABILIZE
21/03/2022 14:58:03 Pilot control
21/03/2022 14:58:03 Pilot control
21/03/2022 14:58:03 -------------Check stall condition-------------
21/03/2022 14:58:03 Alt: 0.002
21/03/2022 14:58:03 distance: 906.1807986630943
21/03/2022 14:58:03 Mode: STABILIZE
21/03/2022 14:58:03 Pilot control
21/03/2022 14:58:03 Pilot control
21/03/2022 14:58:03 -------------Check stall condition-------------
21/03/2022 14:58:03 Alt: 0.213
21/03/2022 14:58:03 distance: 906.1807986630943
21/03/2022 14:58:03 Mode: STABILIZE
21/03/2022 14:58:03 Pilot control
21/03/2022 14:58:03 Pilot control
21/03/2022 14:58:03 -------------Check stall condition-------------
21/03/2022 14:58:03 Alt: 0.213
21/03/2022 14:58:03 distance: 906.1807986630943
21/03/2022 14:58:03 Mode: STABILIZE
21/03/2022 14:58:03 Pilot control
21/03/2022 14:58:03 Pilot control
21/03/2022 14:58:03 -------------Check stall condition-------------
21/03/2022 14:58:03 Alt: 0.213
21/03/2022 14:58:03 distance: 906.1807986630943
21/03/2022 14:58:03 Mode: STABILIZE
21/03/2022 14:58:03 Pilot control
21/03/2022 14:58:03 Pilot control
21/03/2022 14:58:04 -------------Check stall condition-------------
21/03/2022 14:58:04 Alt: 0.213
21/03/2022 14:58:04 distance: 906.1807986630943
21/03/2022 14:58:04 Mode: STABILIZE
21/03/2022 14:58:04 Pilot control
21/03/2022 14:58:04 Pilot control
21/03/2022 14:58:04 -------------Check stall condition-------------
21/03/2022 14:58:04 Alt: 0.013
21/03/2022 14:58:04 distance: 906.2721489345356
21/03/2022 14:58:04 Mode: STABILIZE
21/03/2022 14:58:04 Pilot control
21/03/2022 14:58:04 Pilot control
21/03/2022 14:58:04 -------------Check stall condition-------------
21/03/2022 14:58:04 Alt: 0.013
21/03/2022 14:58:04 distance: 906.2721489345356
21/03/2022 14:58:04 Mode: STABILIZE
21/03/2022 14:58:04 Pilot control
21/03/2022 14:58:04 Pilot control
21/03/2022 14:58:04 -------------Check stall condition-------------
21/03/2022 14:58:04 Alt: 0.149
21/03/2022 14:58:04 distance: 906.4749453012115
21/03/2022 14:58:04 Mode: STABILIZE
21/03/2022 14:58:04 Pilot control
21/03/2022 14:58:04 Pilot control
21/03/2022 14:58:04 -------------Check stall condition-------------
21/03/2022 14:58:04 Alt: 0.149
21/03/2022 14:58:04 distance: 906.4749453012115
21/03/2022 14:58:04 Mode: STABILIZE
21/03/2022 14:58:04 Pilot control
21/03/2022 14:58:04 Pilot control
21/03/2022 14:58:04 -------------Check stall condition-------------
21/03/2022 14:58:04 Alt: 0.149
21/03/2022 14:58:04 distance: 906.4749453012115
21/03/2022 14:58:04 Mode: STABILIZE
21/03/2022 14:58:04 Pilot control
21/03/2022 14:58:04 Pilot control
21/03/2022 14:58:04 -------------Check stall condition-------------
21/03/2022 14:58:04 Alt: 0.149
21/03/2022 14:58:04 distance: 906.4749453012115
21/03/2022 14:58:04 Mode: STABILIZE
21/03/2022 14:58:04 Pilot control
21/03/2022 14:58:04 Pilot control
21/03/2022 14:58:04 -------------Check stall condition-------------
21/03/2022 14:58:04 Alt: 0.149
21/03/2022 14:58:04 distance: 906.4749453012115
21/03/2022 14:58:04 Mode: STABILIZE
21/03/2022 14:58:04 Pilot control
21/03/2022 14:58:04 Pilot control
21/03/2022 14:58:04 -------------Check stall condition-------------
21/03/2022 14:58:04 Alt: 0.149
21/03/2022 14:58:04 distance: 906.4749453012115
21/03/2022 14:58:04 Mode: STABILIZE
21/03/2022 14:58:04 Pilot control
21/03/2022 14:58:04 Pilot control
21/03/2022 14:58:04 -------------Check stall condition-------------
21/03/2022 14:58:04 Alt: 0.149
21/03/2022 14:58:04 distance: 906.4749453012115
21/03/2022 14:58:04 Mode: STABILIZE
21/03/2022 14:58:04 Pilot control
21/03/2022 14:58:04 Pilot control
21/03/2022 14:58:04 -------------Check stall condition-------------
21/03/2022 14:58:04 Alt: 0.149
21/03/2022 14:58:04 distance: 906.5645752570506
21/03/2022 14:58:04 Mode: STABILIZE
21/03/2022 14:58:04 Pilot control
21/03/2022 14:58:04 Pilot control
21/03/2022 14:58:04 -------------Check stall condition-------------
21/03/2022 14:58:04 Alt: 0.177
21/03/2022 14:58:04 distance: 906.5645752570506
21/03/2022 14:58:04 Mode: STABILIZE
21/03/2022 14:58:04 Pilot control
21/03/2022 14:58:04 Pilot control
21/03/2022 14:58:04 -------------Check stall condition-------------
21/03/2022 14:58:04 Alt: 0.177
21/03/2022 14:58:04 distance: 906.5645752570506
21/03/2022 14:58:04 Mode: STABILIZE
21/03/2022 14:58:04 Pilot control
21/03/2022 14:58:04 Pilot control
21/03/2022 14:58:04 -------------Check stall condition-------------
21/03/2022 14:58:04 Alt: 0.177
21/03/2022 14:58:04 distance: 906.5645752570506
21/03/2022 14:58:04 Mode: STABILIZE
21/03/2022 14:58:04 Pilot control
21/03/2022 14:58:04 Pilot control
21/03/2022 14:58:04 -------------Check stall condition-------------
21/03/2022 14:58:04 Alt: 0.177
21/03/2022 14:58:04 distance: 906.5645752570506
21/03/2022 14:58:04 Mode: STABILIZE
21/03/2022 14:58:04 Pilot control
21/03/2022 14:58:04 Pilot control
21/03/2022 14:58:04 -------------Check stall condition-------------
21/03/2022 14:58:04 Alt: 0.177
21/03/2022 14:58:04 distance: 906.5645752570506
21/03/2022 14:58:04 Mode: STABILIZE
21/03/2022 14:58:04 Pilot control
21/03/2022 14:58:04 Pilot control
21/03/2022 14:58:04 -------------Check stall condition-------------
21/03/2022 14:58:04 Alt: 0.202
21/03/2022 14:58:04 distance: 906.8584817414073
21/03/2022 14:58:04 Mode: STABILIZE
21/03/2022 14:58:04 Pilot control
21/03/2022 14:58:04 Pilot control
21/03/2022 14:58:04 -------------Check stall condition-------------
21/03/2022 14:58:04 Alt: 0.202
21/03/2022 14:58:04 distance: 906.8584817414073
21/03/2022 14:58:04 Mode: STABILIZE
21/03/2022 14:58:04 Pilot control
21/03/2022 14:58:04 Pilot control
21/03/2022 14:58:04 -------------Check stall condition-------------
21/03/2022 14:58:04 Alt: 0.202
21/03/2022 14:58:04 distance: 906.8584817414073
21/03/2022 14:58:04 Mode: STABILIZE
21/03/2022 14:58:04 Pilot control
21/03/2022 14:58:04 Pilot control
21/03/2022 14:58:04 -------------Check stall condition-------------
21/03/2022 14:58:04 Alt: 0.202
21/03/2022 14:58:04 distance: 906.8584817414073
21/03/2022 14:58:04 Mode: STABILIZE
21/03/2022 14:58:04 Pilot control
21/03/2022 14:58:04 Pilot control
21/03/2022 14:58:05 -------------Check stall condition-------------
21/03/2022 14:58:05 Alt: 0.188
21/03/2022 14:58:05 distance: 907.0042356954805
21/03/2022 14:58:05 Mode: STABILIZE
21/03/2022 14:58:05 Pilot control
21/03/2022 14:58:05 Pilot control
21/03/2022 14:58:05 -------------Check stall condition-------------
21/03/2022 14:58:05 Alt: 0.188
21/03/2022 14:58:05 distance: 907.0745925274593
21/03/2022 14:58:05 Mode: STABILIZE
21/03/2022 14:58:05 Pilot control
21/03/2022 14:58:05 Pilot control
21/03/2022 14:58:05 -------------Check stall condition-------------
21/03/2022 14:58:05 Alt: 0.324
21/03/2022 14:58:05 distance: 907.0745925274593
21/03/2022 14:58:05 Mode: STABILIZE
21/03/2022 14:58:05 Pilot control
21/03/2022 14:58:05 Pilot control
21/03/2022 14:58:05 -------------Check stall condition-------------
21/03/2022 14:58:05 Alt: 0.324
21/03/2022 14:58:05 distance: 907.0745925274593
21/03/2022 14:58:05 Mode: STABILIZE
21/03/2022 14:58:05 Pilot control
21/03/2022 14:58:05 Pilot control
21/03/2022 14:58:05 -------------Check stall condition-------------
21/03/2022 14:58:05 Alt: 0.324
21/03/2022 14:58:05 distance: 907.0745925274593
21/03/2022 14:58:05 Mode: STABILIZE
21/03/2022 14:58:05 Pilot control
21/03/2022 14:58:05 Pilot control
21/03/2022 14:58:05 -------------Check stall condition-------------
21/03/2022 14:58:05 Alt: 0.185
21/03/2022 14:58:05 distance: 906.8075748007377
21/03/2022 14:58:05 Mode: STABILIZE
21/03/2022 14:58:05 Pilot control
21/03/2022 14:58:05 Pilot control
21/03/2022 14:58:05 -------------Check stall condition-------------
21/03/2022 14:58:05 Alt: 0.185
21/03/2022 14:58:05 distance: 906.8075748007377
21/03/2022 14:58:05 Mode: STABILIZE
21/03/2022 14:58:05 Pilot control
21/03/2022 14:58:05 Pilot control
21/03/2022 14:58:05 -------------Check stall condition-------------
21/03/2022 14:58:05 Alt: 0.185
21/03/2022 14:58:05 distance: 906.8075748007377
21/03/2022 14:58:05 Mode: STABILIZE
21/03/2022 14:58:05 Pilot control
21/03/2022 14:58:05 Pilot control
21/03/2022 14:58:05 -------------Check stall condition-------------
21/03/2022 14:58:05 Alt: 0.185
21/03/2022 14:58:05 distance: 906.5256647121192
21/03/2022 14:58:05 Mode: STABILIZE
21/03/2022 14:58:05 Pilot control
21/03/2022 14:58:05 Pilot control
21/03/2022 14:58:05 -------------Check stall condition-------------
21/03/2022 14:58:05 Alt: 0.254
21/03/2022 14:58:05 distance: 906.5256647121192
21/03/2022 14:58:05 Mode: STABILIZE
21/03/2022 14:58:05 Pilot control
21/03/2022 14:58:05 Pilot control
21/03/2022 14:58:05 -------------Check stall condition-------------
21/03/2022 14:58:05 Alt: 0.254
21/03/2022 14:58:05 distance: 906.5256647121192
21/03/2022 14:58:05 Mode: STABILIZE
21/03/2022 14:58:05 Pilot control
21/03/2022 14:58:05 Pilot control
21/03/2022 14:58:05 -------------Check stall condition-------------
21/03/2022 14:58:05 Alt: 0.254
21/03/2022 14:58:05 distance: 906.5256647121192
21/03/2022 14:58:05 Mode: STABILIZE
21/03/2022 14:58:05 Pilot control
21/03/2022 14:58:05 Pilot control
21/03/2022 14:58:05 -------------Check stall condition-------------
21/03/2022 14:58:05 Alt: 0.254
21/03/2022 14:58:05 distance: 906.5256647121192
21/03/2022 14:58:05 Mode: STABILIZE
21/03/2022 14:58:05 Pilot control
21/03/2022 14:58:05 Pilot control
21/03/2022 14:58:05 -------------Check stall condition-------------
21/03/2022 14:58:05 Alt: 0.254
21/03/2022 14:58:05 distance: 906.5256647121192
21/03/2022 14:58:05 Mode: STABILIZE
21/03/2022 14:58:05 Pilot control
21/03/2022 14:58:05 Pilot control
21/03/2022 14:58:05 -------------Check stall condition-------------
21/03/2022 14:58:05 Alt: 0.254
21/03/2022 14:58:05 distance: 906.5256647121192
21/03/2022 14:58:05 Mode: STABILIZE
21/03/2022 14:58:05 Pilot control
21/03/2022 14:58:05 Pilot control
21/03/2022 14:58:05 -------------Check stall condition-------------
21/03/2022 14:58:06 Alt: 0.121
21/03/2022 14:58:06 distance: 906.4614857026229
21/03/2022 14:58:06 Mode: STABILIZE
21/03/2022 14:58:06 Pilot control
21/03/2022 14:58:06 Pilot control
21/03/2022 14:58:06 -------------Check stall condition-------------
21/03/2022 14:58:06 Alt: 0.121
21/03/2022 14:58:06 distance: 906.4614857026229
21/03/2022 14:58:06 Mode: STABILIZE
21/03/2022 14:58:06 Pilot control
21/03/2022 14:58:06 Pilot control
21/03/2022 14:58:06 -------------Check stall condition-------------
21/03/2022 14:58:06 Alt: 0.121
21/03/2022 14:58:06 distance: 906.332737845101
21/03/2022 14:58:06 Mode: STABILIZE
21/03/2022 14:58:06 Pilot control
21/03/2022 14:58:06 Pilot control
21/03/2022 14:58:06 -------------Check stall condition-------------
21/03/2022 14:58:06 Alt: 0.169
21/03/2022 14:58:06 distance: 906.332737845101
21/03/2022 14:58:06 Mode: STABILIZE
21/03/2022 14:58:06 Pilot control
21/03/2022 14:58:06 Pilot control
21/03/2022 14:58:06 -------------Check stall condition-------------
21/03/2022 14:58:06 Alt: 0.169
21/03/2022 14:58:06 distance: 906.332737845101
21/03/2022 14:58:06 Mode: STABILIZE
21/03/2022 14:58:06 Pilot control
21/03/2022 14:58:06 Pilot control
21/03/2022 14:58:06 -------------Check stall condition-------------
21/03/2022 14:58:06 Alt: 0.169
21/03/2022 14:58:06 distance: 906.332737845101
21/03/2022 14:58:06 Mode: STABILIZE
21/03/2022 14:58:06 Pilot control
21/03/2022 14:58:06 Pilot control
21/03/2022 14:58:06 -------------Check stall condition-------------
21/03/2022 14:58:06 Alt: 0.13
21/03/2022 14:58:06 distance: 906.1506525610382
21/03/2022 14:58:06 Mode: STABILIZE
21/03/2022 14:58:06 Pilot control
21/03/2022 14:58:06 Pilot control
21/03/2022 14:58:06 -------------Check stall condition-------------
21/03/2022 14:58:06 Alt: 0.13
21/03/2022 14:58:06 distance: 906.1506525610382
21/03/2022 14:58:06 Mode: STABILIZE
21/03/2022 14:58:06 Pilot control
21/03/2022 14:58:06 Pilot control
21/03/2022 14:58:06 -------------Check stall condition-------------
21/03/2022 14:58:06 Alt: 0.13
21/03/2022 14:58:06 distance: 906.2757218475298
21/03/2022 14:58:06 Mode: STABILIZE
21/03/2022 14:58:06 Pilot control
21/03/2022 14:58:06 Pilot control
21/03/2022 14:58:06 -------------Check stall condition-------------
21/03/2022 14:58:06 Alt: 0.088
21/03/2022 14:58:06 distance: 906.2757218475298
21/03/2022 14:58:06 Mode: STABILIZE
21/03/2022 14:58:06 Pilot control
21/03/2022 14:58:06 Pilot control
21/03/2022 14:58:06 -------------Check stall condition-------------
21/03/2022 14:58:06 Alt: 0.088
21/03/2022 14:58:06 distance: 906.2757218475298
21/03/2022 14:58:06 Mode: STABILIZE
21/03/2022 14:58:06 Pilot control
21/03/2022 14:58:06 Pilot control
21/03/2022 14:58:06 -------------Check stall condition-------------
21/03/2022 14:58:06 Alt: 0.088
21/03/2022 14:58:06 distance: 906.2757218475298
21/03/2022 14:58:06 Mode: STABILIZE
21/03/2022 14:58:06 Pilot control
21/03/2022 14:58:06 Pilot control
21/03/2022 14:58:06 -------------Check stall condition-------------
21/03/2022 14:58:06 Alt: 0.088
21/03/2022 14:58:06 distance: 906.2757218475298
21/03/2022 14:58:06 Mode: STABILIZE
21/03/2022 14:58:06 Pilot control
21/03/2022 14:58:06 Pilot control
21/03/2022 14:58:06 -------------Check stall condition-------------
21/03/2022 14:58:06 Alt: 0.088
21/03/2022 14:58:06 distance: 906.1254276790046
21/03/2022 14:58:06 Mode: STABILIZE
21/03/2022 14:58:06 Pilot control
21/03/2022 14:58:06 Pilot control
21/03/2022 14:58:06 -------------Check stall condition-------------
21/03/2022 14:58:06 Alt: -0.049
21/03/2022 14:58:06 distance: 906.1254276790046
21/03/2022 14:58:06 Mode: STABILIZE
21/03/2022 14:58:06 Pilot control
21/03/2022 14:58:06 Pilot control
21/03/2022 14:58:06 -------------Check stall condition-------------
21/03/2022 14:58:06 Alt: -0.049
21/03/2022 14:58:06 distance: 906.1254276790046
21/03/2022 14:58:06 Mode: STABILIZE
21/03/2022 14:58:06 Pilot control
21/03/2022 14:58:07 Pilot control
21/03/2022 14:58:07 -------------Check stall condition-------------
21/03/2022 14:58:07 Alt: -0.049
21/03/2022 14:58:07 distance: 906.1254276790046
21/03/2022 14:58:07 Mode: STABILIZE
21/03/2022 14:58:07 Pilot control
21/03/2022 14:58:07 Pilot control
21/03/2022 14:58:07 -------------Check stall condition-------------
21/03/2022 14:58:07 Alt: -0.049
21/03/2022 14:58:07 distance: 906.1254276790046
21/03/2022 14:58:07 Mode: STABILIZE
21/03/2022 14:58:07 Pilot control
21/03/2022 14:58:07 Pilot control
21/03/2022 14:58:07 -------------Check stall condition-------------
21/03/2022 14:58:07 Alt: -0.049
21/03/2022 14:58:07 distance: 906.1254276790046
21/03/2022 14:58:07 Mode: STABILIZE
21/03/2022 14:58:07 Pilot control
21/03/2022 14:58:07 Pilot control
21/03/2022 14:58:07 -------------Check stall condition-------------
21/03/2022 14:58:07 Alt: 0.155
21/03/2022 14:58:07 distance: 906.1112585718803
21/03/2022 14:58:07 Mode: STABILIZE
21/03/2022 14:58:07 Pilot control
21/03/2022 14:58:07 Pilot control
21/03/2022 14:58:07 -------------Check stall condition-------------
21/03/2022 14:58:07 Alt: 0.155
21/03/2022 14:58:07 distance: 906.1112585718803
21/03/2022 14:58:07 Mode: STABILIZE
21/03/2022 14:58:07 Pilot control
21/03/2022 14:58:07 Pilot control
21/03/2022 14:58:07 -------------Check stall condition-------------
21/03/2022 14:58:07 Alt: 0.155
21/03/2022 14:58:07 distance: 906.1112585718803
21/03/2022 14:58:07 Mode: STABILIZE
21/03/2022 14:58:07 Pilot control
21/03/2022 14:58:07 Pilot control
21/03/2022 14:58:07 -------------Check stall condition-------------
21/03/2022 14:58:07 Alt: 0.155
21/03/2022 14:58:07 distance: 906.1112585718803
21/03/2022 14:58:07 Mode: STABILIZE
21/03/2022 14:58:07 Pilot control
21/03/2022 14:58:07 Pilot control
21/03/2022 14:58:07 -------------Check stall condition-------------
21/03/2022 14:58:07 Alt: 0.155
21/03/2022 14:58:07 distance: 906.1112585718803
21/03/2022 14:58:07 Mode: STABILIZE
21/03/2022 14:58:07 Pilot control
21/03/2022 14:58:07 Pilot control
21/03/2022 14:58:07 -------------Check stall condition-------------
21/03/2022 14:58:07 Alt: 0.188
21/03/2022 14:58:07 distance: 905.9680803929325
21/03/2022 14:58:07 Mode: STABILIZE
21/03/2022 14:58:07 Pilot control
21/03/2022 14:58:07 Pilot control
21/03/2022 14:58:07 -------------Check stall condition-------------
21/03/2022 14:58:07 Alt: 0.188
21/03/2022 14:58:07 distance: 905.9680803929325
21/03/2022 14:58:07 Mode: STABILIZE
21/03/2022 14:58:07 Pilot control
21/03/2022 14:58:07 Pilot control
21/03/2022 14:58:07 -------------Check stall condition-------------
21/03/2022 14:58:07 Alt: 0.188
21/03/2022 14:58:07 distance: 905.9680803929325
21/03/2022 14:58:07 Mode: STABILIZE
21/03/2022 14:58:07 Pilot control
21/03/2022 14:58:07 Pilot control
21/03/2022 14:58:07 -------------Check stall condition-------------
21/03/2022 14:58:07 Alt: 0.188
21/03/2022 14:58:07 distance: 905.9680803929325
21/03/2022 14:58:07 Mode: STABILIZE
21/03/2022 14:58:07 Pilot control
21/03/2022 14:58:07 Pilot control
21/03/2022 14:58:07 -------------Check stall condition-------------
21/03/2022 14:58:07 Alt: 0.188
21/03/2022 14:58:07 distance: 905.9680803929325
21/03/2022 14:58:07 Mode: STABILIZE
21/03/2022 14:58:07 Pilot control
21/03/2022 14:58:07 Pilot control
21/03/2022 14:58:07 -------------Check stall condition-------------
21/03/2022 14:58:07 Alt: 0.349
21/03/2022 14:58:07 distance: 905.631187678818
21/03/2022 14:58:07 Mode: STABILIZE
21/03/2022 14:58:07 Pilot control
21/03/2022 14:58:07 Pilot control
21/03/2022 14:58:07 -------------Check stall condition-------------
21/03/2022 14:58:07 Alt: 0.349
21/03/2022 14:58:07 distance: 905.631187678818
21/03/2022 14:58:07 Mode: STABILIZE
21/03/2022 14:58:07 Pilot control
21/03/2022 14:58:07 Pilot control
21/03/2022 14:58:07 -------------Check stall condition-------------
21/03/2022 14:58:07 Alt: 0.349
21/03/2022 14:58:07 distance: 905.631187678818
21/03/2022 14:58:07 Mode: STABILIZE
21/03/2022 14:58:07 Pilot control
21/03/2022 14:58:07 Pilot control
21/03/2022 14:58:07 -------------Check stall condition-------------
21/03/2022 14:58:07 Alt: 0.349
21/03/2022 14:58:07 distance: 905.631187678818
21/03/2022 14:58:07 Mode: STABILIZE
21/03/2022 14:58:07 Pilot control
21/03/2022 14:58:07 Pilot control
21/03/2022 14:58:07 -------------Check stall condition-------------
21/03/2022 14:58:07 Alt: 0.349
21/03/2022 14:58:07 distance: 905.631187678818
21/03/2022 14:58:07 Mode: STABILIZE
21/03/2022 14:58:07 Pilot control
21/03/2022 14:58:07 Pilot control
21/03/2022 14:58:07 -------------Check stall condition-------------
21/03/2022 14:58:07 Alt: 0.41
21/03/2022 14:58:07 distance: 905.5250499546096
21/03/2022 14:58:07 Mode: STABILIZE
21/03/2022 14:58:07 Pilot control
21/03/2022 14:58:07 Pilot control
21/03/2022 14:58:07 -------------Check stall condition-------------
21/03/2022 14:58:07 Alt: 0.41
21/03/2022 14:58:07 distance: 905.5250499546096
21/03/2022 14:58:07 Mode: STABILIZE
21/03/2022 14:58:07 Pilot control
21/03/2022 14:58:07 Pilot control
21/03/2022 14:58:07 -------------Check stall condition-------------
21/03/2022 14:58:08 Alt: 0.41
21/03/2022 14:58:08 distance: 905.5250499546096
21/03/2022 14:58:08 Mode: STABILIZE
21/03/2022 14:58:08 Pilot control
21/03/2022 14:58:08 Pilot control
21/03/2022 14:58:08 -------------Check stall condition-------------
21/03/2022 14:58:08 Alt: 0.41
21/03/2022 14:58:08 distance: 905.5250499546096
21/03/2022 14:58:08 Mode: STABILIZE
21/03/2022 14:58:08 Pilot control
21/03/2022 14:58:08 Pilot control
21/03/2022 14:58:08 -------------Check stall condition-------------
21/03/2022 14:58:08 Alt: 0.41
21/03/2022 14:58:08 distance: 905.5250499546096
21/03/2022 14:58:08 Mode: STABILIZE
21/03/2022 14:58:08 Pilot control
21/03/2022 14:58:08 Pilot control
21/03/2022 14:58:08 -------------Check stall condition-------------
21/03/2022 14:58:08 Alt: 0.094
21/03/2022 14:58:08 distance: 905.1611486552855
21/03/2022 14:58:08 Mode: STABILIZE
21/03/2022 14:58:08 Pilot control
21/03/2022 14:58:08 Pilot control
21/03/2022 14:58:08 -------------Check stall condition-------------
21/03/2022 14:58:08 Alt: 0.094
21/03/2022 14:58:08 distance: 905.1611486552855
21/03/2022 14:58:08 Mode: STABILIZE
21/03/2022 14:58:08 Pilot control
21/03/2022 14:58:08 Pilot control
21/03/2022 14:58:08 -------------Check stall condition-------------
21/03/2022 14:58:08 Alt: 0.094
21/03/2022 14:58:08 distance: 905.1611486552855
21/03/2022 14:58:08 Mode: STABILIZE
21/03/2022 14:58:08 Pilot control
21/03/2022 14:58:08 Pilot control
21/03/2022 14:58:08 -------------Check stall condition-------------
21/03/2022 14:58:08 Alt: 0.094
21/03/2022 14:58:08 distance: 905.1611486552855
21/03/2022 14:58:08 Mode: STABILIZE
21/03/2022 14:58:08 Pilot control
21/03/2022 14:58:08 Pilot control
21/03/2022 14:58:08 -------------Check stall condition-------------
21/03/2022 14:58:08 Alt: 0.094
21/03/2022 14:58:08 distance: 905.1611486552855
21/03/2022 14:58:08 Mode: STABILIZE
21/03/2022 14:58:08 Pilot control
21/03/2022 14:58:08 Pilot control
21/03/2022 14:58:08 -------------Check stall condition-------------
21/03/2022 14:58:08 Alt: 0.088
21/03/2022 14:58:08 distance: 904.8029791332659
21/03/2022 14:58:08 Mode: STABILIZE
21/03/2022 14:58:08 Pilot control
21/03/2022 14:58:08 Pilot control
21/03/2022 14:58:08 -------------Check stall condition-------------
21/03/2022 14:58:08 Alt: 0.088
21/03/2022 14:58:08 distance: 904.8029791332659
21/03/2022 14:58:08 Mode: STABILIZE
21/03/2022 14:58:08 Pilot control
21/03/2022 14:58:08 Pilot control
21/03/2022 14:58:08 -------------Check stall condition-------------
21/03/2022 14:58:08 Alt: 0.23
21/03/2022 14:58:08 distance: 904.7953402496731
21/03/2022 14:58:08 Mode: STABILIZE
21/03/2022 14:58:08 Pilot control
21/03/2022 14:58:08 Pilot control
21/03/2022 14:58:08 -------------Check stall condition-------------
21/03/2022 14:58:08 Alt: 0.23
21/03/2022 14:58:08 distance: 904.7953402496731
21/03/2022 14:58:08 Mode: STABILIZE
21/03/2022 14:58:08 Pilot control
21/03/2022 14:58:08 Pilot control
21/03/2022 14:58:08 -------------Check stall condition-------------
21/03/2022 14:58:08 Alt: 0.23
21/03/2022 14:58:08 distance: 904.8605067216166
21/03/2022 14:58:08 Mode: STABILIZE
21/03/2022 14:58:09 Pilot control
21/03/2022 14:58:09 Pilot control
21/03/2022 14:58:09 -------------Check stall condition-------------
21/03/2022 14:58:09 Alt: 0.202
21/03/2022 14:58:09 distance: 904.8605067216166
21/03/2022 14:58:09 Mode: STABILIZE
21/03/2022 14:58:09 Pilot control
21/03/2022 14:58:09 Pilot control
21/03/2022 14:58:09 -------------Check stall condition-------------
21/03/2022 14:58:09 Alt: 0.202
21/03/2022 14:58:09 distance: 904.8605067216166
21/03/2022 14:58:09 Mode: STABILIZE
21/03/2022 14:58:09 Pilot control
21/03/2022 14:58:09 Pilot control
21/03/2022 14:58:09 -------------Check stall condition-------------
21/03/2022 14:58:09 Alt: 0.202
21/03/2022 14:58:09 distance: 904.8605067216166
21/03/2022 14:58:09 Mode: STABILIZE
21/03/2022 14:58:09 Pilot control
21/03/2022 14:58:09 Pilot control
21/03/2022 14:58:09 -------------Check stall condition-------------
21/03/2022 14:58:09 Alt: 0.202
21/03/2022 14:58:09 distance: 904.8605067216166
21/03/2022 14:58:09 Mode: STABILIZE
21/03/2022 14:58:09 Pilot control
21/03/2022 14:58:09 Pilot control
21/03/2022 14:58:09 -------------Check stall condition-------------
21/03/2022 14:58:09 Alt: 0.202
21/03/2022 14:58:09 distance: 904.8605067216166
21/03/2022 14:58:09 Mode: STABILIZE
21/03/2022 14:58:09 Pilot control
21/03/2022 14:58:09 Pilot control
21/03/2022 14:58:09 -------------Check stall condition-------------
21/03/2022 14:58:09 Alt: 0.202
21/03/2022 14:58:09 distance: 904.8605067216166
21/03/2022 14:58:09 Mode: STABILIZE
21/03/2022 14:58:09 Pilot control
21/03/2022 14:58:09 Pilot control
21/03/2022 14:58:09 -------------Check stall condition-------------
21/03/2022 14:58:09 Alt: 0.202
