25/03/2022 14:13:37 Connecting to Vehicle on: /dev/ttyACM0
25/03/2022 14:13:37 ArduPlane V4.1.4 (0f984409)
25/03/2022 14:13:37 ChibiOS: 45395b6a
25/03/2022 14:13:37 CubeBlack 00360049 3337510E 37353832
25/03/2022 14:13:37 RCOut: PWM:1-12
25/03/2022 14:13:37 IMU0: fast sampling enabled 8.0kHz/1.0kHz
25/03/2022 14:13:37 IMU2: fast sampling enabled 8.0kHz/1.0kHz
25/03/2022 14:13:47 -------------Check stall condition-------------
25/03/2022 14:13:47 is_deepstalled(image_processing): False
25/03/2022 14:13:47 Alt: -0.162
25/03/2022 14:13:47 Mode: STABILIZE
25/03/2022 14:13:47 channel8: 965
25/03/2022 14:13:47 Pilot control
25/03/2022 14:13:47 -------------Check stall condition-------------
25/03/2022 14:13:47 Alt: -0.162
25/03/2022 14:13:47 Mode: STABILIZE
25/03/2022 14:13:47 channel8: 965
25/03/2022 14:13:47 Pilot control
25/03/2022 14:13:47 -------------Check stall condition-------------
25/03/2022 14:13:47 Alt: -0.162
25/03/2022 14:13:47 Mode: STABILIZE
25/03/2022 14:13:47 channel8: 965
25/03/2022 14:13:47 Pilot control
25/03/2022 14:13:47 -------------Check stall condition-------------
25/03/2022 14:13:47 Alt: -0.162
25/03/2022 14:13:47 Mode: STABILIZE
25/03/2022 14:13:47 channel8: 965
25/03/2022 14:13:47 Pilot control
25/03/2022 14:13:47 -------------Check stall condition-------------
25/03/2022 14:13:47 Alt: -0.162
25/03/2022 14:13:47 Mode: STABILIZE
25/03/2022 14:13:47 channel8: 965
25/03/2022 14:13:47 Pilot control
25/03/2022 14:13:47 -------------Check stall condition-------------
25/03/2022 14:13:47 Alt: -0.162
25/03/2022 14:13:47 Mode: STABILIZE
25/03/2022 14:13:48 channel8: 965
25/03/2022 14:13:48 Pilot control
25/03/2022 14:13:48 -------------Check stall condition-------------
25/03/2022 14:13:48 Alt: -0.053
25/03/2022 14:13:48 Mode: STABILIZE
25/03/2022 14:13:48 channel8: 965
25/03/2022 14:13:48 Pilot control
25/03/2022 14:13:48 -------------Check stall condition-------------
25/03/2022 14:13:48 Alt: -0.031
25/03/2022 14:13:48 Mode: STABILIZE
25/03/2022 14:13:48 channel8: 965
25/03/2022 14:13:48 Pilot control
25/03/2022 14:13:48 -------------Check stall condition-------------
25/03/2022 14:13:48 Alt: -0.031
25/03/2022 14:13:48 Mode: STABILIZE
25/03/2022 14:13:48 channel8: 965
25/03/2022 14:13:48 Pilot control
25/03/2022 14:13:48 -------------Check stall condition-------------
25/03/2022 14:13:48 Alt: -0.031
25/03/2022 14:13:48 Mode: STABILIZE
25/03/2022 14:13:48 channel8: 965
25/03/2022 14:13:48 Pilot control
25/03/2022 14:13:48 -------------Check stall condition-------------
25/03/2022 14:13:48 Alt: -0.031
25/03/2022 14:13:48 Mode: STABILIZE
25/03/2022 14:13:48 channel8: 965
25/03/2022 14:13:48 Pilot control
25/03/2022 14:13:48 -------------Check stall condition-------------
25/03/2022 14:13:48 Alt: -0.031
25/03/2022 14:13:48 Mode: STABILIZE
25/03/2022 14:13:48 channel8: 965
25/03/2022 14:13:48 Pilot control
25/03/2022 14:13:48 -------------Check stall condition-------------
25/03/2022 14:13:48 Alt: -0.033
25/03/2022 14:13:48 Mode: STABILIZE
25/03/2022 14:13:48 channel8: 965
25/03/2022 14:13:48 Pilot control
25/03/2022 14:13:48 -------------Check stall condition-------------
25/03/2022 14:13:48 Alt: -0.033
25/03/2022 14:13:48 Mode: STABILIZE
25/03/2022 14:13:48 channel8: 965
25/03/2022 14:13:48 Pilot control
25/03/2022 14:13:48 -------------Check stall condition-------------
25/03/2022 14:13:48 Alt: -0.033
25/03/2022 14:13:48 Mode: STABILIZE
25/03/2022 14:13:48 channel8: 965
25/03/2022 14:13:48 Pilot control
25/03/2022 14:13:48 -------------Check stall condition-------------
25/03/2022 14:13:48 Alt: -0.033
25/03/2022 14:13:48 Mode: STABILIZE
25/03/2022 14:13:48 channel8: 965
25/03/2022 14:13:48 Pilot control
25/03/2022 14:13:48 -------------Check stall condition-------------
25/03/2022 14:13:48 Alt: -0.033
25/03/2022 14:13:48 Mode: STABILIZE
25/03/2022 14:13:48 channel8: 965
25/03/2022 14:13:48 Pilot control
25/03/2022 14:13:48 -------------Check stall condition-------------
25/03/2022 14:13:48 Alt: -0.04
25/03/2022 14:13:48 Mode: STABILIZE
25/03/2022 14:13:48 channel8: 965
25/03/2022 14:13:48 Pilot control
25/03/2022 14:13:48 -------------Check stall condition-------------
25/03/2022 14:13:48 Alt: -0.04
25/03/2022 14:13:48 Mode: STABILIZE
25/03/2022 14:13:48 channel8: 965
25/03/2022 14:13:48 Pilot control
25/03/2022 14:13:48 -------------Check stall condition-------------
25/03/2022 14:13:48 Alt: -0.04
25/03/2022 14:13:48 Mode: STABILIZE
25/03/2022 14:13:48 channel8: 965
25/03/2022 14:13:48 Pilot control
25/03/2022 14:13:48 -------------Check stall condition-------------
25/03/2022 14:13:48 Alt: -0.04
25/03/2022 14:13:48 Mode: STABILIZE
25/03/2022 14:13:48 channel8: 965
25/03/2022 14:13:48 Pilot control
25/03/2022 14:13:48 -------------Check stall condition-------------
25/03/2022 14:13:48 Alt: -0.04
25/03/2022 14:13:48 Mode: STABILIZE
25/03/2022 14:13:48 channel8: 965
25/03/2022 14:13:48 Pilot control
25/03/2022 14:13:48 -------------Check stall condition-------------
25/03/2022 14:13:48 Alt: -0.04
25/03/2022 14:13:48 Mode: STABILIZE
25/03/2022 14:13:48 channel8: 965
25/03/2022 14:13:48 Pilot control
25/03/2022 14:13:48 -------------Check stall condition-------------
25/03/2022 14:13:48 Alt: -0.046
25/03/2022 14:13:48 Mode: STABILIZE
25/03/2022 14:13:48 channel8: 965
25/03/2022 14:13:48 Pilot control
25/03/2022 14:13:48 -------------Check stall condition-------------
25/03/2022 14:13:48 Alt: -0.046
25/03/2022 14:13:48 Mode: STABILIZE
25/03/2022 14:13:48 channel8: 965
25/03/2022 14:13:48 Pilot control
25/03/2022 14:13:48 -------------Check stall condition-------------
25/03/2022 14:13:49 Alt: -0.046
25/03/2022 14:13:49 Mode: STABILIZE
25/03/2022 14:13:49 channel8: 965
25/03/2022 14:13:49 Pilot control
25/03/2022 14:13:49 -------------Check stall condition-------------
25/03/2022 14:13:49 Alt: -0.046
25/03/2022 14:13:49 Mode: STABILIZE
25/03/2022 14:13:49 channel8: 965
25/03/2022 14:13:49 Pilot control
25/03/2022 14:13:49 -------------Check stall condition-------------
25/03/2022 14:13:49 Alt: -0.046
25/03/2022 14:13:49 Mode: STABILIZE
25/03/2022 14:13:49 channel8: 965
25/03/2022 14:13:49 Pilot control
25/03/2022 14:13:49 -------------Check stall condition-------------
25/03/2022 14:13:49 Alt: -0.046
25/03/2022 14:13:49 Mode: STABILIZE
25/03/2022 14:13:49 channel8: 965
25/03/2022 14:13:49 Pilot control
25/03/2022 14:13:49 -------------Check stall condition-------------
25/03/2022 14:13:49 Alt: -0.046
25/03/2022 14:13:49 Mode: STABILIZE
25/03/2022 14:13:49 channel8: 965
25/03/2022 14:13:49 Pilot control
25/03/2022 14:13:49 -------------Check stall condition-------------
25/03/2022 14:13:49 Alt: -0.046
25/03/2022 14:13:49 Mode: STABILIZE
25/03/2022 14:13:49 channel8: 965
25/03/2022 14:13:49 Pilot control
25/03/2022 14:13:49 -------------Check stall condition-------------
25/03/2022 14:13:49 Alt: -0.053
25/03/2022 14:13:49 Mode: STABILIZE
25/03/2022 14:13:49 channel8: 965
25/03/2022 14:13:49 Pilot control
25/03/2022 14:13:49 -------------Check stall condition-------------
25/03/2022 14:13:49 Alt: -0.053
25/03/2022 14:13:49 Mode: STABILIZE
25/03/2022 14:13:49 channel8: 965
25/03/2022 14:13:49 Pilot control
25/03/2022 14:13:49 -------------Check stall condition-------------
25/03/2022 14:13:49 Alt: -0.053
25/03/2022 14:13:49 Mode: STABILIZE
25/03/2022 14:13:49 channel8: 965
25/03/2022 14:13:49 Pilot control
25/03/2022 14:13:49 -------------Check stall condition-------------
25/03/2022 14:13:49 Alt: -0.053
25/03/2022 14:13:49 Mode: STABILIZE
25/03/2022 14:13:49 channel8: 965
25/03/2022 14:13:49 Pilot control
25/03/2022 14:13:49 -------------Check stall condition-------------
25/03/2022 14:13:49 Alt: -0.053
25/03/2022 14:13:49 Mode: STABILIZE
25/03/2022 14:13:49 channel8: 965
25/03/2022 14:13:49 Pilot control
25/03/2022 14:13:49 -------------Check stall condition-------------
25/03/2022 14:13:49 Alt: -0.053
25/03/2022 14:13:49 Mode: STABILIZE
25/03/2022 14:13:49 channel8: 965
25/03/2022 14:13:49 Pilot control
25/03/2022 14:13:49 -------------Check stall condition-------------
25/03/2022 14:13:49 Alt: -0.058
25/03/2022 14:13:49 Mode: STABILIZE
25/03/2022 14:13:49 channel8: 965
25/03/2022 14:13:49 Pilot control
25/03/2022 14:13:49 -------------Check stall condition-------------
25/03/2022 14:13:49 Alt: -0.058
25/03/2022 14:13:49 Mode: STABILIZE
25/03/2022 14:13:49 channel8: 965
25/03/2022 14:13:49 Pilot control
25/03/2022 14:13:49 -------------Check stall condition-------------
25/03/2022 14:13:49 Alt: -0.058
25/03/2022 14:13:49 Mode: STABILIZE
25/03/2022 14:13:49 channel8: 965
25/03/2022 14:13:49 Pilot control
25/03/2022 14:13:49 -------------Check stall condition-------------
25/03/2022 14:13:49 Alt: -0.052
25/03/2022 14:13:49 Mode: STABILIZE
25/03/2022 14:13:49 channel8: 965
25/03/2022 14:13:49 Pilot control
25/03/2022 14:13:49 -------------Check stall condition-------------
25/03/2022 14:13:49 Alt: -0.063
25/03/2022 14:13:50 Mode: STABILIZE
25/03/2022 14:13:50 channel8: 965
25/03/2022 14:13:50 Pilot control
25/03/2022 14:13:50 -------------Check stall condition-------------
25/03/2022 14:13:50 Alt: -0.063
25/03/2022 14:13:50 Mode: STABILIZE
25/03/2022 14:13:50 channel8: 965
25/03/2022 14:13:50 Pilot control
25/03/2022 14:13:50 -------------Check stall condition-------------
25/03/2022 14:13:50 Alt: -0.063
25/03/2022 14:13:50 Mode: STABILIZE
25/03/2022 14:13:50 channel8: 965
25/03/2022 14:13:50 Pilot control
25/03/2022 14:13:50 -------------Check stall condition-------------
25/03/2022 14:13:50 Alt: -0.063
25/03/2022 14:13:50 Mode: STABILIZE
25/03/2022 14:13:50 channel8: 965
25/03/2022 14:13:50 Pilot control
25/03/2022 14:13:50 -------------Check stall condition-------------
25/03/2022 14:13:50 Alt: -0.063
25/03/2022 14:13:50 Mode: STABILIZE
25/03/2022 14:13:50 channel8: 965
25/03/2022 14:13:50 Pilot control
25/03/2022 14:13:50 -------------Check stall condition-------------
25/03/2022 14:13:50 Alt: -0.063
25/03/2022 14:13:50 Mode: STABILIZE
25/03/2022 14:13:50 channel8: 965
25/03/2022 14:13:50 Pilot control
25/03/2022 14:13:50 -------------Check stall condition-------------
25/03/2022 14:13:50 Alt: -0.063
25/03/2022 14:13:50 Mode: STABILIZE
25/03/2022 14:13:50 channel8: 965
25/03/2022 14:13:50 Pilot control
25/03/2022 14:13:50 -------------Check stall condition-------------
25/03/2022 14:13:50 Alt: -0.077
25/03/2022 14:13:50 Mode: STABILIZE
25/03/2022 14:13:50 channel8: 965
25/03/2022 14:13:50 Pilot control
25/03/2022 14:13:50 -------------Check stall condition-------------
25/03/2022 14:13:50 Alt: -0.077
25/03/2022 14:13:50 Mode: STABILIZE
25/03/2022 14:13:50 channel8: 965
25/03/2022 14:13:50 Pilot control
25/03/2022 14:13:50 -------------Check stall condition-------------
25/03/2022 14:13:50 Alt: -0.077
25/03/2022 14:13:50 Mode: STABILIZE
25/03/2022 14:13:50 channel8: 965
25/03/2022 14:13:50 Pilot control
25/03/2022 14:13:50 -------------Check stall condition-------------
25/03/2022 14:13:50 Alt: -0.097
25/03/2022 14:13:50 Mode: STABILIZE
25/03/2022 14:13:50 channel8: 965
25/03/2022 14:13:50 Pilot control
25/03/2022 14:13:50 -------------Check stall condition-------------
25/03/2022 14:13:50 Alt: -0.097
25/03/2022 14:13:50 Mode: STABILIZE
25/03/2022 14:13:50 channel8: 965
25/03/2022 14:13:50 Pilot control
25/03/2022 14:13:50 -------------Check stall condition-------------
25/03/2022 14:13:50 Alt: -0.097
25/03/2022 14:13:50 Mode: STABILIZE
25/03/2022 14:13:50 channel8: 965
25/03/2022 14:13:50 Pilot control
25/03/2022 14:13:50 -------------Check stall condition-------------
25/03/2022 14:13:50 Alt: -0.097
25/03/2022 14:13:50 Mode: STABILIZE
25/03/2022 14:13:50 channel8: 965
25/03/2022 14:13:50 Pilot control
25/03/2022 14:13:50 -------------Check stall condition-------------
25/03/2022 14:13:50 Alt: -0.112
25/03/2022 14:13:50 Mode: STABILIZE
25/03/2022 14:13:50 channel8: 965
25/03/2022 14:13:50 Pilot control
25/03/2022 14:13:51 -------------Check stall condition-------------
25/03/2022 14:13:51 Alt: -0.112
25/03/2022 14:13:51 Mode: STABILIZE
25/03/2022 14:13:51 channel8: 965
25/03/2022 14:13:51 Pilot control
25/03/2022 14:13:51 -------------Check stall condition-------------
25/03/2022 14:13:51 Alt: -0.112
25/03/2022 14:13:51 Mode: STABILIZE
25/03/2022 14:13:51 channel8: 965
25/03/2022 14:13:51 Pilot control
25/03/2022 14:13:51 -------------Check stall condition-------------
25/03/2022 14:13:51 Alt: -0.131
25/03/2022 14:13:51 Mode: STABILIZE
25/03/2022 14:13:51 channel8: 965
25/03/2022 14:13:51 Pilot control
25/03/2022 14:13:51 -------------Check stall condition-------------
25/03/2022 14:13:51 Alt: -0.131
25/03/2022 14:13:51 Mode: STABILIZE
25/03/2022 14:13:51 channel8: 965
25/03/2022 14:13:51 Pilot control
25/03/2022 14:13:51 -------------Check stall condition-------------
25/03/2022 14:13:51 Alt: -0.131
25/03/2022 14:13:51 Mode: STABILIZE
25/03/2022 14:13:51 channel8: 965
25/03/2022 14:13:51 Pilot control
25/03/2022 14:13:51 -------------Check stall condition-------------
25/03/2022 14:13:51 Alt: -0.131
25/03/2022 14:13:51 Mode: STABILIZE
25/03/2022 14:13:51 channel8: 965
25/03/2022 14:13:51 Pilot control
25/03/2022 14:13:51 -------------Check stall condition-------------
25/03/2022 14:13:51 Alt: -0.152
25/03/2022 14:13:51 Mode: STABILIZE
25/03/2022 14:13:51 channel8: 965
25/03/2022 14:13:51 Pilot control
25/03/2022 14:13:51 -------------Check stall condition-------------
25/03/2022 14:13:51 Alt: -0.152
25/03/2022 14:13:51 Mode: STABILIZE
25/03/2022 14:13:51 channel8: 965
25/03/2022 14:13:51 Pilot control
25/03/2022 14:13:51 -------------Check stall condition-------------
25/03/2022 14:13:51 Alt: -0.171
25/03/2022 14:13:51 Mode: STABILIZE
25/03/2022 14:13:51 channel8: 965
25/03/2022 14:13:51 Pilot control
25/03/2022 14:13:51 -------------Check stall condition-------------
25/03/2022 14:13:51 Alt: -0.171
25/03/2022 14:13:51 Mode: STABILIZE
25/03/2022 14:13:51 channel8: 965
25/03/2022 14:13:51 Pilot control
25/03/2022 14:13:51 -------------Check stall condition-------------
25/03/2022 14:13:51 Alt: -0.171
25/03/2022 14:13:51 Mode: STABILIZE
25/03/2022 14:13:51 channel8: 965
25/03/2022 14:13:51 Pilot control
25/03/2022 14:13:51 -------------Check stall condition-------------
25/03/2022 14:13:51 Alt: -0.171
25/03/2022 14:13:51 Mode: STABILIZE
25/03/2022 14:13:51 channel8: 965
25/03/2022 14:13:51 Pilot control
25/03/2022 14:13:51 -------------Check stall condition-------------
25/03/2022 14:13:51 Alt: -0.171
25/03/2022 14:13:51 Mode: STABILIZE
25/03/2022 14:13:51 channel8: 965
25/03/2022 14:13:51 Pilot control
25/03/2022 14:13:51 -------------Check stall condition-------------
25/03/2022 14:13:51 Alt: -0.171
25/03/2022 14:13:51 Mode: STABILIZE
25/03/2022 14:13:51 channel8: 965
25/03/2022 14:13:51 Pilot control
25/03/2022 14:13:51 -------------Check stall condition-------------
25/03/2022 14:13:51 Alt: -0.176
25/03/2022 14:13:51 Mode: STABILIZE
25/03/2022 14:13:51 channel8: 965
25/03/2022 14:13:51 Pilot control
25/03/2022 14:13:51 -------------Check stall condition-------------
25/03/2022 14:13:51 Alt: -0.176
25/03/2022 14:13:51 Mode: STABILIZE
25/03/2022 14:13:51 channel8: 965
25/03/2022 14:13:51 Pilot control
25/03/2022 14:13:51 -------------Check stall condition-------------
25/03/2022 14:13:51 Alt: -0.176
25/03/2022 14:13:51 Mode: STABILIZE
25/03/2022 14:13:51 channel8: 965
25/03/2022 14:13:51 Pilot control
25/03/2022 14:13:51 -------------Check stall condition-------------
25/03/2022 14:13:51 Alt: -0.176
25/03/2022 14:13:51 Mode: STABILIZE
25/03/2022 14:13:51 channel8: 965
25/03/2022 14:13:51 Pilot control
25/03/2022 14:13:51 -------------Check stall condition-------------
25/03/2022 14:13:51 Alt: -0.176
25/03/2022 14:13:51 Mode: STABILIZE
25/03/2022 14:13:51 channel8: 965
25/03/2022 14:13:51 Pilot control
25/03/2022 14:13:51 -------------Check stall condition-------------
25/03/2022 14:13:51 Alt: -0.174
25/03/2022 14:13:52 Mode: STABILIZE
25/03/2022 14:13:52 channel8: 965
25/03/2022 14:13:52 Pilot control
25/03/2022 14:13:52 -------------Check stall condition-------------
25/03/2022 14:13:52 Alt: -0.174
25/03/2022 14:13:52 Mode: STABILIZE
25/03/2022 14:13:52 channel8: 965
25/03/2022 14:13:52 Pilot control
25/03/2022 14:13:52 -------------Check stall condition-------------
25/03/2022 14:13:52 Alt: -0.174
25/03/2022 14:13:52 Mode: STABILIZE
25/03/2022 14:13:52 channel8: 965
25/03/2022 14:13:52 Pilot control
25/03/2022 14:13:52 -------------Check stall condition-------------
25/03/2022 14:13:52 Alt: -0.173
25/03/2022 14:13:52 Mode: STABILIZE
25/03/2022 14:13:52 channel8: 965
25/03/2022 14:13:52 Pilot control
25/03/2022 14:13:52 -------------Check stall condition-------------
25/03/2022 14:13:52 Alt: -0.173
25/03/2022 14:13:52 Mode: STABILIZE
25/03/2022 14:13:52 channel8: 965
25/03/2022 14:13:52 Pilot control
25/03/2022 14:13:52 -------------Check stall condition-------------
25/03/2022 14:13:52 Alt: -0.173
25/03/2022 14:13:52 Mode: STABILIZE
25/03/2022 14:13:52 channel8: 965
25/03/2022 14:13:52 Pilot control
25/03/2022 14:13:52 -------------Check stall condition-------------
25/03/2022 14:13:52 Alt: -0.162
25/03/2022 14:13:52 Mode: STABILIZE
25/03/2022 14:13:52 channel8: 965
25/03/2022 14:13:52 Pilot control
25/03/2022 14:13:52 -------------Check stall condition-------------
25/03/2022 14:13:52 Alt: -0.162
25/03/2022 14:13:52 Mode: STABILIZE
25/03/2022 14:13:52 channel8: 965
25/03/2022 14:13:52 Pilot control
25/03/2022 14:13:52 -------------Check stall condition-------------
25/03/2022 14:13:52 Alt: -0.149
25/03/2022 14:13:52 Mode: STABILIZE
25/03/2022 14:13:52 channel8: 965
25/03/2022 14:13:52 Pilot control
25/03/2022 14:13:52 -------------Check stall condition-------------
25/03/2022 14:13:52 Alt: -0.149
25/03/2022 14:13:52 Mode: STABILIZE
25/03/2022 14:13:52 channel8: 965
25/03/2022 14:13:52 Pilot control
25/03/2022 14:13:52 -------------Check stall condition-------------
25/03/2022 14:13:52 Alt: -0.149
25/03/2022 14:13:52 Mode: STABILIZE
25/03/2022 14:13:52 channel8: 965
25/03/2022 14:13:52 Pilot control
25/03/2022 14:13:52 -------------Check stall condition-------------
25/03/2022 14:13:52 Alt: -0.149
25/03/2022 14:13:52 Mode: STABILIZE
25/03/2022 14:13:52 channel8: 965
25/03/2022 14:13:52 Pilot control
25/03/2022 14:13:53 -------------Check stall condition-------------
25/03/2022 14:13:53 Alt: -0.143
25/03/2022 14:13:53 Mode: STABILIZE
25/03/2022 14:13:53 channel8: 965
25/03/2022 14:13:53 Pilot control
25/03/2022 14:13:53 -------------Check stall condition-------------
25/03/2022 14:13:53 Alt: -0.143
25/03/2022 14:13:53 Mode: STABILIZE
25/03/2022 14:13:53 channel8: 965
25/03/2022 14:13:53 Pilot control
25/03/2022 14:13:53 -------------Check stall condition-------------
25/03/2022 14:13:53 Alt: -0.143
25/03/2022 14:13:53 Mode: STABILIZE
25/03/2022 14:13:53 channel8: 965
25/03/2022 14:13:53 Pilot control
25/03/2022 14:13:53 -------------Check stall condition-------------
25/03/2022 14:13:53 Alt: -0.143
25/03/2022 14:13:53 Mode: STABILIZE
25/03/2022 14:13:53 channel8: 965
25/03/2022 14:13:53 Pilot control
25/03/2022 14:13:53 -------------Check stall condition-------------
25/03/2022 14:13:53 Alt: -0.137
25/03/2022 14:13:53 Mode: STABILIZE
25/03/2022 14:13:53 channel8: 965
25/03/2022 14:13:53 Pilot control
25/03/2022 14:13:53 -------------Check stall condition-------------
25/03/2022 14:13:53 Alt: -0.137
25/03/2022 14:13:53 Mode: STABILIZE
25/03/2022 14:13:53 channel8: 965
25/03/2022 14:13:53 Pilot control
25/03/2022 14:13:53 -------------Check stall condition-------------
25/03/2022 14:13:53 Alt: -0.137
25/03/2022 14:13:53 Mode: STABILIZE
25/03/2022 14:13:53 channel8: 965
25/03/2022 14:13:53 Pilot control
25/03/2022 14:13:53 -------------Check stall condition-------------
25/03/2022 14:13:53 Alt: -0.137
25/03/2022 14:13:53 Mode: STABILIZE
25/03/2022 14:13:53 channel8: 965
25/03/2022 14:13:53 Pilot control
25/03/2022 14:13:53 -------------Check stall condition-------------
25/03/2022 14:13:53 Alt: -0.137
25/03/2022 14:13:53 Mode: STABILIZE
25/03/2022 14:13:53 channel8: 965
25/03/2022 14:13:53 Pilot control
25/03/2022 14:13:53 -------------Check stall condition-------------
25/03/2022 14:13:53 Alt: -0.137
25/03/2022 14:13:53 Mode: STABILIZE
25/03/2022 14:13:53 channel8: 965
25/03/2022 14:13:53 Pilot control
25/03/2022 14:13:53 -------------Check stall condition-------------
25/03/2022 14:13:53 Alt: -0.132
25/03/2022 14:13:53 Mode: STABILIZE
25/03/2022 14:13:53 channel8: 965
25/03/2022 14:13:53 Pilot control
25/03/2022 14:13:53 -------------Check stall condition-------------
25/03/2022 14:13:53 Alt: -0.132
25/03/2022 14:13:53 Mode: STABILIZE
25/03/2022 14:13:53 channel8: 965
25/03/2022 14:13:53 Pilot control
25/03/2022 14:13:53 -------------Check stall condition-------------
25/03/2022 14:13:53 Alt: -0.132
25/03/2022 14:13:53 Mode: STABILIZE
25/03/2022 14:13:53 channel8: 965
25/03/2022 14:13:53 Pilot control
25/03/2022 14:13:53 -------------Check stall condition-------------
25/03/2022 14:13:53 Alt: -0.109
25/03/2022 14:13:53 Mode: STABILIZE
25/03/2022 14:13:53 channel8: 965
25/03/2022 14:13:53 Pilot control
25/03/2022 14:13:53 -------------Check stall condition-------------
25/03/2022 14:13:53 Alt: -0.109
25/03/2022 14:13:53 Mode: STABILIZE
25/03/2022 14:13:53 channel8: 965
25/03/2022 14:13:53 Pilot control
25/03/2022 14:13:53 -------------Check stall condition-------------
25/03/2022 14:13:53 Alt: -0.109
25/03/2022 14:13:53 Mode: STABILIZE
25/03/2022 14:13:53 channel8: 965
25/03/2022 14:13:53 Pilot control
25/03/2022 14:13:53 -------------Check stall condition-------------
25/03/2022 14:13:53 Alt: -0.109
25/03/2022 14:13:53 Mode: STABILIZE
25/03/2022 14:13:53 channel8: 965
25/03/2022 14:13:53 Pilot control
25/03/2022 14:13:53 -------------Check stall condition-------------
25/03/2022 14:13:53 Alt: -0.109
25/03/2022 14:13:53 Mode: STABILIZE
25/03/2022 14:13:53 channel8: 965
25/03/2022 14:13:53 Pilot control
25/03/2022 14:13:53 -------------Check stall condition-------------
25/03/2022 14:13:53 Alt: -0.109
25/03/2022 14:13:53 Mode: STABILIZE
25/03/2022 14:13:53 channel8: 965
25/03/2022 14:13:53 Pilot control
25/03/2022 14:13:53 -------------Check stall condition-------------
25/03/2022 14:13:53 Alt: -0.109
25/03/2022 14:13:53 Mode: STABILIZE
25/03/2022 14:13:53 channel8: 965
25/03/2022 14:13:53 Pilot control
25/03/2022 14:13:53 -------------Check stall condition-------------
25/03/2022 14:13:53 Alt: -0.042
25/03/2022 14:13:53 Mode: STABILIZE
25/03/2022 14:13:53 channel8: 965
25/03/2022 14:13:53 Pilot control
25/03/2022 14:13:53 -------------Check stall condition-------------
25/03/2022 14:13:53 Alt: -0.042
25/03/2022 14:13:53 Mode: STABILIZE
25/03/2022 14:13:54 channel8: 965
25/03/2022 14:13:54 Pilot control
25/03/2022 14:13:54 -------------Check stall condition-------------
25/03/2022 14:13:54 Alt: -0.042
25/03/2022 14:13:54 Mode: STABILIZE
25/03/2022 14:13:54 channel8: 965
25/03/2022 14:13:54 Pilot control
25/03/2022 14:13:54 -------------Check stall condition-------------
25/03/2022 14:13:54 Alt: -0.042
25/03/2022 14:13:54 Mode: STABILIZE
25/03/2022 14:13:54 channel8: 965
25/03/2022 14:13:54 Pilot control
25/03/2022 14:13:54 -------------Check stall condition-------------
25/03/2022 14:13:54 Alt: -0.042
25/03/2022 14:13:54 Mode: STABILIZE
25/03/2022 14:13:54 channel8: 965
25/03/2022 14:13:54 Pilot control
25/03/2022 14:13:54 -------------Check stall condition-------------
25/03/2022 14:13:54 Alt: -0.042
25/03/2022 14:13:54 Mode: STABILIZE
25/03/2022 14:13:54 channel8: 965
25/03/2022 14:13:54 Pilot control
25/03/2022 14:13:54 -------------Check stall condition-------------
25/03/2022 14:13:54 Alt: -0.042
25/03/2022 14:13:54 Mode: STABILIZE
25/03/2022 14:13:54 channel8: 965
25/03/2022 14:13:54 Pilot control
25/03/2022 14:13:54 -------------Check stall condition-------------
25/03/2022 14:13:54 Alt: -0.027
25/03/2022 14:13:54 Mode: STABILIZE
25/03/2022 14:13:54 channel8: 965
25/03/2022 14:13:54 Pilot control
25/03/2022 14:13:54 -------------Check stall condition-------------
25/03/2022 14:13:54 Alt: -0.027
25/03/2022 14:13:54 Mode: STABILIZE
25/03/2022 14:13:54 channel8: 965
25/03/2022 14:13:54 Pilot control
25/03/2022 14:13:54 -------------Check stall condition-------------
25/03/2022 14:13:54 Alt: -0.027
25/03/2022 14:13:54 Mode: STABILIZE
25/03/2022 14:13:54 channel8: 965
25/03/2022 14:13:54 Pilot control
25/03/2022 14:13:54 -------------Check stall condition-------------
25/03/2022 14:13:54 Alt: -0.027
25/03/2022 14:13:54 Mode: STABILIZE
25/03/2022 14:13:54 channel8: 965
25/03/2022 14:13:54 Pilot control
25/03/2022 14:13:54 -------------Check stall condition-------------
25/03/2022 14:13:54 Alt: -0.026
25/03/2022 14:13:54 Mode: STABILIZE
25/03/2022 14:13:54 channel8: 965
25/03/2022 14:13:54 Pilot control
25/03/2022 14:13:54 -------------Check stall condition-------------
25/03/2022 14:13:54 Alt: -0.026
25/03/2022 14:13:54 Mode: STABILIZE
25/03/2022 14:13:54 channel8: 965
25/03/2022 14:13:54 Pilot control
25/03/2022 14:13:54 -------------Check stall condition-------------
25/03/2022 14:13:54 Alt: -0.026
25/03/2022 14:13:54 Mode: STABILIZE
25/03/2022 14:13:54 channel8: 965
25/03/2022 14:13:54 Pilot control
25/03/2022 14:13:54 -------------Check stall condition-------------
25/03/2022 14:13:54 Alt: -0.026
25/03/2022 14:13:54 Mode: STABILIZE
25/03/2022 14:13:54 channel8: 965
25/03/2022 14:13:54 Pilot control
25/03/2022 14:13:54 -------------Check stall condition-------------
25/03/2022 14:13:54 Alt: -0.026
25/03/2022 14:13:54 Mode: STABILIZE
25/03/2022 14:13:54 channel8: 965
25/03/2022 14:13:54 Pilot control
25/03/2022 14:13:54 -------------Check stall condition-------------
25/03/2022 14:13:54 Alt: -0.026
25/03/2022 14:13:54 Mode: STABILIZE
25/03/2022 14:13:54 channel8: 965
25/03/2022 14:13:54 Pilot control
25/03/2022 14:13:54 -------------Check stall condition-------------
25/03/2022 14:13:54 Alt: -0.03
25/03/2022 14:13:54 Mode: STABILIZE
25/03/2022 14:13:54 channel8: 965
25/03/2022 14:13:54 Pilot control
25/03/2022 14:13:54 -------------Check stall condition-------------
25/03/2022 14:13:54 Alt: -0.03
25/03/2022 14:13:54 Mode: STABILIZE
25/03/2022 14:13:54 channel8: 965
25/03/2022 14:13:54 Pilot control
25/03/2022 14:13:54 -------------Check stall condition-------------
25/03/2022 14:13:54 Alt: -0.03
25/03/2022 14:13:54 Mode: STABILIZE
25/03/2022 14:13:54 channel8: 965
25/03/2022 14:13:54 Pilot control
25/03/2022 14:13:54 -------------Check stall condition-------------
25/03/2022 14:13:54 Alt: -0.03
25/03/2022 14:13:54 Mode: STABILIZE
25/03/2022 14:13:54 channel8: 965
25/03/2022 14:13:54 Pilot control
25/03/2022 14:13:54 -------------Check stall condition-------------
25/03/2022 14:13:54 Alt: -0.03
25/03/2022 14:13:54 Mode: STABILIZE
25/03/2022 14:13:54 channel8: 965
25/03/2022 14:13:54 Pilot control
25/03/2022 14:13:55 -------------Check stall condition-------------
25/03/2022 14:13:55 Alt: -0.036
25/03/2022 14:13:55 Mode: STABILIZE
25/03/2022 14:13:55 channel8: 965
25/03/2022 14:13:55 Pilot control
25/03/2022 14:13:55 -------------Check stall condition-------------
25/03/2022 14:13:55 Alt: -0.036
25/03/2022 14:13:55 Mode: STABILIZE
25/03/2022 14:13:55 channel8: 965
25/03/2022 14:13:55 Pilot control
25/03/2022 14:13:55 -------------Check stall condition-------------
25/03/2022 14:13:55 Alt: -0.036
25/03/2022 14:13:55 Mode: STABILIZE
25/03/2022 14:13:55 channel8: 965
25/03/2022 14:13:55 Pilot control
25/03/2022 14:13:55 -------------Check stall condition-------------
25/03/2022 14:13:55 Alt: -0.036
25/03/2022 14:13:55 Mode: STABILIZE
25/03/2022 14:13:55 channel8: 965
25/03/2022 14:13:55 Pilot control
25/03/2022 14:13:55 -------------Check stall condition-------------
25/03/2022 14:13:55 Alt: -0.033
25/03/2022 14:13:55 Mode: STABILIZE
25/03/2022 14:13:55 channel8: 965
25/03/2022 14:13:55 Pilot control
25/03/2022 14:13:55 -------------Check stall condition-------------
25/03/2022 14:13:55 Alt: -0.033
25/03/2022 14:13:55 Mode: STABILIZE
25/03/2022 14:13:55 channel8: 965
25/03/2022 14:13:55 Pilot control
25/03/2022 14:13:55 -------------Check stall condition-------------
25/03/2022 14:13:55 Alt: -0.033
25/03/2022 14:13:55 Mode: STABILIZE
25/03/2022 14:13:55 channel8: 965
25/03/2022 14:13:55 Pilot control
25/03/2022 14:13:55 -------------Check stall condition-------------
25/03/2022 14:13:55 Alt: -0.033
25/03/2022 14:13:55 Mode: STABILIZE
25/03/2022 14:13:55 channel8: 965
25/03/2022 14:13:55 Pilot control
25/03/2022 14:13:55 -------------Check stall condition-------------
25/03/2022 14:13:55 Alt: -0.031
25/03/2022 14:13:55 Mode: STABILIZE
25/03/2022 14:13:55 channel8: 965
25/03/2022 14:13:55 Pilot control
25/03/2022 14:13:55 -------------Check stall condition-------------
25/03/2022 14:13:55 Alt: -0.031
25/03/2022 14:13:55 Mode: STABILIZE
25/03/2022 14:13:55 channel8: 965
25/03/2022 14:13:55 Pilot control
25/03/2022 14:13:55 -------------Check stall condition-------------
25/03/2022 14:13:55 Alt: -0.032
25/03/2022 14:13:55 Mode: STABILIZE
25/03/2022 14:13:55 channel8: 965
25/03/2022 14:13:55 Pilot control
25/03/2022 14:13:55 -------------Check stall condition-------------
25/03/2022 14:13:55 Alt: -0.032
25/03/2022 14:13:55 Mode: STABILIZE
25/03/2022 14:13:55 channel8: 965
25/03/2022 14:13:55 Pilot control
25/03/2022 14:13:55 -------------Check stall condition-------------
25/03/2022 14:13:55 Alt: -0.032
25/03/2022 14:13:55 Mode: STABILIZE
25/03/2022 14:13:55 channel8: 965
25/03/2022 14:13:55 Pilot control
25/03/2022 14:13:55 -------------Check stall condition-------------
25/03/2022 14:13:55 Alt: -0.032
25/03/2022 14:13:55 Mode: STABILIZE
25/03/2022 14:13:55 channel8: 965
25/03/2022 14:13:55 Pilot control
25/03/2022 14:13:55 -------------Check stall condition-------------
25/03/2022 14:13:55 Alt: -0.032
25/03/2022 14:13:55 Mode: STABILIZE
25/03/2022 14:13:55 channel8: 965
25/03/2022 14:13:55 Pilot control
25/03/2022 14:13:56 -------------Check stall condition-------------
25/03/2022 14:13:56 Alt: -0.028
25/03/2022 14:13:56 Mode: STABILIZE
25/03/2022 14:13:56 channel8: 965
25/03/2022 14:13:56 Pilot control
25/03/2022 14:13:56 -------------Check stall condition-------------
25/03/2022 14:13:56 Alt: -0.028
25/03/2022 14:13:56 Mode: STABILIZE
25/03/2022 14:13:56 channel8: 965
25/03/2022 14:13:56 Pilot control
25/03/2022 14:13:56 -------------Check stall condition-------------
25/03/2022 14:13:56 Alt: -0.028
25/03/2022 14:13:56 Mode: STABILIZE
25/03/2022 14:13:56 channel8: 965
25/03/2022 14:13:56 Pilot control
25/03/2022 14:13:56 -------------Check stall condition-------------
25/03/2022 14:13:56 Alt: -0.028
25/03/2022 14:13:56 Mode: STABILIZE
25/03/2022 14:13:56 channel8: 965
25/03/2022 14:13:56 Pilot control
25/03/2022 14:13:56 -------------Check stall condition-------------
25/03/2022 14:13:56 Alt: -0.028
25/03/2022 14:13:56 Mode: STABILIZE
25/03/2022 14:13:56 channel8: 965
25/03/2022 14:13:56 Pilot control
25/03/2022 14:13:56 -------------Check stall condition-------------
25/03/2022 14:13:56 Alt: -0.028
25/03/2022 14:13:56 Mode: STABILIZE
25/03/2022 14:13:56 channel8: 965
25/03/2022 14:13:56 Pilot control
25/03/2022 14:13:56 -------------Check stall condition-------------
25/03/2022 14:13:56 Alt: -0.028
25/03/2022 14:13:56 Mode: STABILIZE
25/03/2022 14:13:56 channel8: 965
25/03/2022 14:13:56 Pilot control
25/03/2022 14:13:56 -------------Check stall condition-------------
25/03/2022 14:13:56 Alt: -0.028
25/03/2022 14:13:56 Mode: STABILIZE
25/03/2022 14:13:56 channel8: 965
25/03/2022 14:13:56 Pilot control
25/03/2022 14:13:56 -------------Check stall condition-------------
25/03/2022 14:13:56 Alt: -0.019
25/03/2022 14:13:56 Mode: STABILIZE
25/03/2022 14:13:56 channel8: 965
25/03/2022 14:13:56 Pilot control
25/03/2022 14:13:56 -------------Check stall condition-------------
25/03/2022 14:13:56 Alt: -0.019
25/03/2022 14:13:56 Mode: STABILIZE
25/03/2022 14:13:56 channel8: 965
25/03/2022 14:13:56 Pilot control
25/03/2022 14:13:56 -------------Check stall condition-------------
25/03/2022 14:13:56 Alt: -0.019
25/03/2022 14:13:56 Mode: STABILIZE
25/03/2022 14:13:56 channel8: 965
25/03/2022 14:13:56 Pilot control
25/03/2022 14:13:56 -------------Check stall condition-------------
25/03/2022 14:13:56 Alt: -0.012
25/03/2022 14:13:56 Mode: STABILIZE
25/03/2022 14:13:56 channel8: 965
25/03/2022 14:13:56 Pilot control
25/03/2022 14:13:56 -------------Check stall condition-------------
25/03/2022 14:13:56 Alt: -0.012
25/03/2022 14:13:56 Mode: STABILIZE
25/03/2022 14:13:56 channel8: 965
25/03/2022 14:13:56 Pilot control
25/03/2022 14:13:56 -------------Check stall condition-------------
25/03/2022 14:13:56 Alt: -0.012
25/03/2022 14:13:56 Mode: STABILIZE
25/03/2022 14:13:56 channel8: 965
25/03/2022 14:13:56 Pilot control
25/03/2022 14:13:56 -------------Check stall condition-------------
25/03/2022 14:13:56 Alt: -0.012
25/03/2022 14:13:56 Mode: STABILIZE
25/03/2022 14:13:57 channel8: 965
25/03/2022 14:13:57 Pilot control
25/03/2022 14:13:57 -------------Check stall condition-------------
25/03/2022 14:13:57 Alt: -0.002
25/03/2022 14:13:57 Mode: STABILIZE
25/03/2022 14:13:57 channel8: 965
25/03/2022 14:13:57 Pilot control
25/03/2022 14:13:57 -------------Check stall condition-------------
25/03/2022 14:13:57 Alt: -0.002
25/03/2022 14:13:57 Mode: STABILIZE
25/03/2022 14:13:57 channel8: 965
25/03/2022 14:13:57 Pilot control
25/03/2022 14:13:57 -------------Check stall condition-------------
25/03/2022 14:13:57 Alt: -0.002
25/03/2022 14:13:57 Mode: STABILIZE
25/03/2022 14:13:57 channel8: 965
25/03/2022 14:13:57 Pilot control
25/03/2022 14:13:57 -------------Check stall condition-------------
25/03/2022 14:13:57 Alt: -0.002
25/03/2022 14:13:57 Mode: STABILIZE
25/03/2022 14:13:57 channel8: 965
25/03/2022 14:13:57 Pilot control
25/03/2022 14:13:57 -------------Check stall condition-------------
25/03/2022 14:13:57 Alt: -0.002
25/03/2022 14:13:57 Mode: STABILIZE
25/03/2022 14:13:57 channel8: 965
25/03/2022 14:13:57 Pilot control
25/03/2022 14:13:57 -------------Check stall condition-------------
25/03/2022 14:13:57 Alt: 0.015
25/03/2022 14:13:57 Mode: STABILIZE
25/03/2022 14:13:57 channel8: 965
25/03/2022 14:13:57 Pilot control
25/03/2022 14:13:57 -------------Check stall condition-------------
25/03/2022 14:13:57 Alt: 0.015
25/03/2022 14:13:57 Mode: STABILIZE
25/03/2022 14:13:57 channel8: 965
25/03/2022 14:13:57 Pilot control
25/03/2022 14:13:57 -------------Check stall condition-------------
25/03/2022 14:13:57 Alt: 0.015
25/03/2022 14:13:57 Mode: STABILIZE
25/03/2022 14:13:57 channel8: 965
25/03/2022 14:13:57 Pilot control
25/03/2022 14:13:57 -------------Check stall condition-------------
25/03/2022 14:13:57 Alt: 0.015
25/03/2022 14:13:57 Mode: STABILIZE
25/03/2022 14:13:57 channel8: 965
25/03/2022 14:13:57 Pilot control
25/03/2022 14:13:57 -------------Check stall condition-------------
25/03/2022 14:13:57 Alt: 0.015
25/03/2022 14:13:57 Mode: STABILIZE
25/03/2022 14:13:57 channel8: 965
25/03/2022 14:13:57 Pilot control
25/03/2022 14:13:57 -------------Check stall condition-------------
25/03/2022 14:13:57 Alt: 0.015
25/03/2022 14:13:57 Mode: STABILIZE
25/03/2022 14:13:57 channel8: 965
25/03/2022 14:13:57 Pilot control
25/03/2022 14:13:57 -------------Check stall condition-------------
25/03/2022 14:13:57 Alt: 0.015
25/03/2022 14:13:57 Mode: STABILIZE
25/03/2022 14:13:57 channel8: 965
25/03/2022 14:13:57 Pilot control
25/03/2022 14:13:57 -------------Check stall condition-------------
25/03/2022 14:13:57 Alt: 0.031
25/03/2022 14:13:57 Mode: STABILIZE
25/03/2022 14:13:57 channel8: 965
25/03/2022 14:13:57 Pilot control
25/03/2022 14:13:57 -------------Check stall condition-------------
25/03/2022 14:13:57 Alt: 0.031
25/03/2022 14:13:57 Mode: STABILIZE
25/03/2022 14:13:57 channel8: 965
25/03/2022 14:13:57 Pilot control
25/03/2022 14:13:57 -------------Check stall condition-------------
25/03/2022 14:13:57 Alt: 0.031
25/03/2022 14:13:57 Mode: STABILIZE
25/03/2022 14:13:57 channel8: 965
25/03/2022 14:13:57 Pilot control
25/03/2022 14:13:57 -------------Check stall condition-------------
25/03/2022 14:13:57 Alt: 0.031
25/03/2022 14:13:57 Mode: STABILIZE
25/03/2022 14:13:57 channel8: 965
25/03/2022 14:13:57 Pilot control
25/03/2022 14:13:57 -------------Check stall condition-------------
25/03/2022 14:13:57 Alt: 0.031
25/03/2022 14:13:57 Mode: STABILIZE
25/03/2022 14:13:57 channel8: 965
25/03/2022 14:13:57 Pilot control
25/03/2022 14:13:57 -------------Check stall condition-------------
25/03/2022 14:13:57 Alt: 0.031
25/03/2022 14:13:57 Mode: STABILIZE
25/03/2022 14:13:57 channel8: 965
25/03/2022 14:13:57 Pilot control
25/03/2022 14:13:57 -------------Check stall condition-------------
25/03/2022 14:13:57 Alt: 0.035
25/03/2022 14:13:57 Mode: STABILIZE
25/03/2022 14:13:57 channel8: 965
25/03/2022 14:13:57 Pilot control
25/03/2022 14:13:57 -------------Check stall condition-------------
25/03/2022 14:13:57 Alt: 0.035
25/03/2022 14:13:57 Mode: STABILIZE
25/03/2022 14:13:57 channel8: 965
25/03/2022 14:13:57 Pilot control
25/03/2022 14:13:57 -------------Check stall condition-------------
25/03/2022 14:13:57 Alt: 0.035
25/03/2022 14:13:57 Mode: STABILIZE
25/03/2022 14:13:57 channel8: 965
25/03/2022 14:13:57 Pilot control
25/03/2022 14:13:57 -------------Check stall condition-------------
25/03/2022 14:13:57 Alt: 0.035
25/03/2022 14:13:57 Mode: STABILIZE
25/03/2022 14:13:57 channel8: 965
25/03/2022 14:13:57 Pilot control
25/03/2022 14:13:57 -------------Check stall condition-------------
25/03/2022 14:13:57 Alt: 0.035
25/03/2022 14:13:57 Mode: STABILIZE
25/03/2022 14:13:57 channel8: 965
25/03/2022 14:13:57 Pilot control
25/03/2022 14:13:57 -------------Check stall condition-------------
25/03/2022 14:13:57 Alt: 0.035
25/03/2022 14:13:57 Mode: STABILIZE
25/03/2022 14:13:57 channel8: 965
25/03/2022 14:13:57 Pilot control
25/03/2022 14:13:57 -------------Check stall condition-------------
25/03/2022 14:13:57 Alt: 0.035
25/03/2022 14:13:57 Mode: STABILIZE
25/03/2022 14:13:57 channel8: 965
25/03/2022 14:13:57 Pilot control
25/03/2022 14:13:57 -------------Check stall condition-------------
25/03/2022 14:13:57 Alt: 0.038
25/03/2022 14:13:57 Mode: STABILIZE
25/03/2022 14:13:57 channel8: 965
25/03/2022 14:13:57 Pilot control
25/03/2022 14:13:57 -------------Check stall condition-------------
25/03/2022 14:13:57 Alt: 0.038
25/03/2022 14:13:57 Mode: STABILIZE
25/03/2022 14:13:57 channel8: 965
25/03/2022 14:13:58 Pilot control
25/03/2022 14:13:58 -------------Check stall condition-------------
25/03/2022 14:13:58 Alt: 0.038
25/03/2022 14:13:58 Mode: STABILIZE
25/03/2022 14:13:58 channel8: 965
25/03/2022 14:13:58 Pilot control
25/03/2022 14:13:58 -------------Check stall condition-------------
25/03/2022 14:13:58 Alt: 0.038
25/03/2022 14:13:58 Mode: STABILIZE
25/03/2022 14:13:58 channel8: 965
25/03/2022 14:13:58 Pilot control
25/03/2022 14:13:58 -------------Check stall condition-------------
25/03/2022 14:13:58 Alt: 0.038
25/03/2022 14:13:58 Mode: STABILIZE
25/03/2022 14:13:58 channel8: 965
25/03/2022 14:13:58 Pilot control
25/03/2022 14:13:58 -------------Check stall condition-------------
25/03/2022 14:13:58 Alt: 0.056
25/03/2022 14:13:58 Mode: STABILIZE
25/03/2022 14:13:58 channel8: 965
25/03/2022 14:13:58 Pilot control
25/03/2022 14:13:58 -------------Check stall condition-------------
25/03/2022 14:13:58 Alt: 0.056
25/03/2022 14:13:58 Mode: STABILIZE
25/03/2022 14:13:58 channel8: 965
25/03/2022 14:13:58 Pilot control
25/03/2022 14:13:58 -------------Check stall condition-------------
25/03/2022 14:13:58 Alt: 0.056
25/03/2022 14:13:58 Mode: STABILIZE
25/03/2022 14:13:58 channel8: 965
25/03/2022 14:13:58 Pilot control
25/03/2022 14:13:58 -------------Check stall condition-------------
25/03/2022 14:13:58 Alt: 0.067
25/03/2022 14:13:58 Mode: STABILIZE
25/03/2022 14:13:58 channel8: 965
25/03/2022 14:13:58 Pilot control
25/03/2022 14:13:58 -------------Check stall condition-------------
25/03/2022 14:13:58 Alt: 0.067
25/03/2022 14:13:58 Mode: STABILIZE
25/03/2022 14:13:58 channel8: 965
25/03/2022 14:13:58 Pilot control
25/03/2022 14:13:58 -------------Check stall condition-------------
25/03/2022 14:13:58 Alt: 0.067
25/03/2022 14:13:58 Mode: STABILIZE
25/03/2022 14:13:58 channel8: 965
25/03/2022 14:13:58 Pilot control
25/03/2022 14:13:58 -------------Check stall condition-------------
25/03/2022 14:13:58 Alt: 0.067
25/03/2022 14:13:58 Mode: STABILIZE
25/03/2022 14:13:58 channel8: 965
25/03/2022 14:13:58 Pilot control
25/03/2022 14:13:58 -------------Check stall condition-------------
25/03/2022 14:13:58 Alt: 0.078
25/03/2022 14:13:58 Mode: STABILIZE
25/03/2022 14:13:58 channel8: 965
25/03/2022 14:13:58 Pilot control
25/03/2022 14:13:58 -------------Check stall condition-------------
25/03/2022 14:13:58 Alt: 0.078
25/03/2022 14:13:58 Mode: STABILIZE
25/03/2022 14:13:58 channel8: 965
25/03/2022 14:13:58 Pilot control
25/03/2022 14:13:58 -------------Check stall condition-------------
25/03/2022 14:13:59 Alt: 0.078
25/03/2022 14:13:59 Mode: STABILIZE
25/03/2022 14:13:59 channel8: 965
25/03/2022 14:13:59 Pilot control
25/03/2022 14:13:59 -------------Check stall condition-------------
25/03/2022 14:13:59 Alt: 0.086
25/03/2022 14:13:59 Mode: STABILIZE
25/03/2022 14:13:59 channel8: 965
25/03/2022 14:13:59 Pilot control
25/03/2022 14:13:59 -------------Check stall condition-------------
25/03/2022 14:13:59 Alt: 0.086
25/03/2022 14:13:59 Mode: STABILIZE
25/03/2022 14:13:59 channel8: 965
25/03/2022 14:13:59 Pilot control
25/03/2022 14:13:59 -------------Check stall condition-------------
25/03/2022 14:13:59 Alt: 0.083
25/03/2022 14:13:59 Mode: STABILIZE
25/03/2022 14:13:59 channel8: 965
25/03/2022 14:13:59 Pilot control
25/03/2022 14:13:59 -------------Check stall condition-------------
25/03/2022 14:13:59 Alt: 0.083
25/03/2022 14:13:59 Mode: STABILIZE
25/03/2022 14:13:59 channel8: 965
25/03/2022 14:13:59 Pilot control
25/03/2022 14:13:59 -------------Check stall condition-------------
25/03/2022 14:13:59 Alt: 0.072
25/03/2022 14:13:59 Mode: STABILIZE
25/03/2022 14:13:59 channel8: 965
25/03/2022 14:13:59 Pilot control
25/03/2022 14:13:59 -------------Check stall condition-------------
25/03/2022 14:13:59 Alt: 0.072
25/03/2022 14:13:59 Mode: STABILIZE
25/03/2022 14:13:59 channel8: 965
25/03/2022 14:13:59 Pilot control
25/03/2022 14:13:59 -------------Check stall condition-------------
25/03/2022 14:13:59 Alt: 0.072
25/03/2022 14:13:59 Mode: STABILIZE
25/03/2022 14:13:59 channel8: 965
25/03/2022 14:13:59 Pilot control
25/03/2022 14:13:59 -------------Check stall condition-------------
25/03/2022 14:13:59 Alt: 0.072
25/03/2022 14:13:59 Mode: STABILIZE
25/03/2022 14:13:59 channel8: 965
25/03/2022 14:13:59 Pilot control
25/03/2022 14:13:59 -------------Check stall condition-------------
25/03/2022 14:13:59 Alt: 0.072
25/03/2022 14:13:59 Mode: STABILIZE
25/03/2022 14:13:59 channel8: 965
25/03/2022 14:13:59 Pilot control
25/03/2022 14:13:59 -------------Check stall condition-------------
25/03/2022 14:13:59 Alt: 0.072
25/03/2022 14:14:00 Mode: STABILIZE
25/03/2022 14:14:00 channel8: 965
25/03/2022 14:14:00 Pilot control
25/03/2022 14:14:00 -------------Check stall condition-------------
25/03/2022 14:14:00 Alt: 0.049
25/03/2022 14:14:00 Mode: STABILIZE
25/03/2022 14:14:00 channel8: 965
25/03/2022 14:14:00 Pilot control
25/03/2022 14:14:00 -------------Check stall condition-------------
25/03/2022 14:14:00 Alt: 0.049
25/03/2022 14:14:00 Mode: STABILIZE
25/03/2022 14:14:00 channel8: 965
25/03/2022 14:14:00 Pilot control
25/03/2022 14:14:00 -------------Check stall condition-------------
25/03/2022 14:14:00 Alt: 0.049
25/03/2022 14:14:00 Mode: STABILIZE
25/03/2022 14:14:00 channel8: 965
25/03/2022 14:14:00 Pilot control
25/03/2022 14:14:00 -------------Check stall condition-------------
25/03/2022 14:14:00 Alt: 0.021
25/03/2022 14:14:00 Mode: STABILIZE
25/03/2022 14:14:00 channel8: 965
25/03/2022 14:14:00 Pilot control
25/03/2022 14:14:00 -------------Check stall condition-------------
25/03/2022 14:14:00 Alt: 0.021
25/03/2022 14:14:00 Mode: STABILIZE
25/03/2022 14:14:00 channel8: 965
25/03/2022 14:14:00 Pilot control
25/03/2022 14:14:00 -------------Check stall condition-------------
25/03/2022 14:14:00 Alt: 0.021
25/03/2022 14:14:00 Mode: STABILIZE
25/03/2022 14:14:00 channel8: 965
25/03/2022 14:14:00 Pilot control
25/03/2022 14:14:00 -------------Check stall condition-------------
25/03/2022 14:14:00 Alt: 0.021
25/03/2022 14:14:00 Mode: STABILIZE
25/03/2022 14:14:00 channel8: 965
25/03/2022 14:14:00 Pilot control
25/03/2022 14:14:00 -------------Check stall condition-------------
25/03/2022 14:14:00 Alt: 0.021
25/03/2022 14:14:00 Mode: STABILIZE
25/03/2022 14:14:00 channel8: 965
25/03/2022 14:14:00 Pilot control
25/03/2022 14:14:00 -------------Check stall condition-------------
25/03/2022 14:14:00 Alt: -0.013
25/03/2022 14:14:00 Mode: STABILIZE
25/03/2022 14:14:00 channel8: 965
25/03/2022 14:14:00 Pilot control
25/03/2022 14:14:00 -------------Check stall condition-------------
25/03/2022 14:14:00 Alt: -0.041
25/03/2022 14:14:00 Mode: STABILIZE
25/03/2022 14:14:00 channel8: 965
25/03/2022 14:14:00 Pilot control
25/03/2022 14:14:00 -------------Check stall condition-------------
25/03/2022 14:14:00 Alt: -0.041
25/03/2022 14:14:00 Mode: STABILIZE
25/03/2022 14:14:00 channel8: 965
25/03/2022 14:14:00 Pilot control
25/03/2022 14:14:00 -------------Check stall condition-------------
25/03/2022 14:14:00 Alt: -0.041
25/03/2022 14:14:00 Mode: STABILIZE
25/03/2022 14:14:00 channel8: 965
25/03/2022 14:14:00 Pilot control
25/03/2022 14:14:00 -------------Check stall condition-------------
25/03/2022 14:14:00 Alt: -0.041
25/03/2022 14:14:00 Mode: STABILIZE
25/03/2022 14:14:00 channel8: 965
25/03/2022 14:14:00 Pilot control
25/03/2022 14:14:00 -------------Check stall condition-------------
25/03/2022 14:14:01 Alt: -0.072
25/03/2022 14:14:01 Mode: STABILIZE
25/03/2022 14:14:01 channel8: 965
25/03/2022 14:14:01 Pilot control
25/03/2022 14:14:01 -------------Check stall condition-------------
25/03/2022 14:14:01 Alt: -0.072
25/03/2022 14:14:01 Mode: STABILIZE
25/03/2022 14:14:01 channel8: 965
25/03/2022 14:14:01 Pilot control
25/03/2022 14:14:01 -------------Check stall condition-------------
25/03/2022 14:14:01 Alt: -0.072
25/03/2022 14:14:01 Mode: STABILIZE
25/03/2022 14:14:01 channel8: 965
25/03/2022 14:14:01 Pilot control
25/03/2022 14:14:01 -------------Check stall condition-------------
25/03/2022 14:14:01 Alt: -0.072
25/03/2022 14:14:01 Mode: STABILIZE
25/03/2022 14:14:01 channel8: 965
25/03/2022 14:14:01 Pilot control
25/03/2022 14:14:01 -------------Check stall condition-------------
25/03/2022 14:14:01 Alt: -0.072
25/03/2022 14:14:01 Mode: STABILIZE
25/03/2022 14:14:01 channel8: 965
25/03/2022 14:14:01 Pilot control
25/03/2022 14:14:01 -------------Check stall condition-------------
25/03/2022 14:14:01 Alt: -0.072
25/03/2022 14:14:01 Mode: STABILIZE
25/03/2022 14:14:01 channel8: 965
25/03/2022 14:14:01 Pilot control
25/03/2022 14:14:01 -------------Check stall condition-------------
25/03/2022 14:14:01 Alt: -0.072
25/03/2022 14:14:01 Mode: STABILIZE
25/03/2022 14:14:01 channel8: 965
25/03/2022 14:14:01 Pilot control
25/03/2022 14:14:01 -------------Check stall condition-------------
25/03/2022 14:14:01 Alt: -0.118
25/03/2022 14:14:01 Mode: STABILIZE
25/03/2022 14:14:01 channel8: 965
25/03/2022 14:14:01 Pilot control
25/03/2022 14:14:01 -------------Check stall condition-------------
25/03/2022 14:14:01 Alt: -0.118
25/03/2022 14:14:01 Mode: STABILIZE
25/03/2022 14:14:01 channel8: 965
25/03/2022 14:14:01 Pilot control
25/03/2022 14:14:01 -------------Check stall condition-------------
25/03/2022 14:14:01 Alt: -0.133
25/03/2022 14:14:01 Mode: STABILIZE
25/03/2022 14:14:01 channel8: 965
25/03/2022 14:14:01 Pilot control
25/03/2022 14:14:01 -------------Check stall condition-------------
25/03/2022 14:14:01 Alt: -0.133
25/03/2022 14:14:01 Mode: STABILIZE
25/03/2022 14:14:01 channel8: 965
25/03/2022 14:14:01 Pilot control
25/03/2022 14:14:01 -------------Check stall condition-------------
25/03/2022 14:14:01 Alt: -0.133
25/03/2022 14:14:01 Mode: STABILIZE
25/03/2022 14:14:02 channel8: 965
25/03/2022 14:14:02 Pilot control
25/03/2022 14:14:02 -------------Check stall condition-------------
25/03/2022 14:14:02 Alt: -0.162
25/03/2022 14:14:02 Mode: STABILIZE
25/03/2022 14:14:02 channel8: 965
25/03/2022 14:14:02 Pilot control
25/03/2022 14:14:02 -------------Check stall condition-------------
25/03/2022 14:14:02 Alt: -0.162
25/03/2022 14:14:02 Mode: STABILIZE
25/03/2022 14:14:02 channel8: 965
25/03/2022 14:14:02 Pilot control
25/03/2022 14:14:02 -------------Check stall condition-------------
25/03/2022 14:14:02 Alt: -0.162
25/03/2022 14:14:02 Mode: STABILIZE
25/03/2022 14:14:02 channel8: 965
25/03/2022 14:14:02 Pilot control
25/03/2022 14:14:02 -------------Check stall condition-------------
25/03/2022 14:14:02 Alt: -0.162
25/03/2022 14:14:02 Mode: STABILIZE
25/03/2022 14:14:02 channel8: 965
25/03/2022 14:14:02 Pilot control
25/03/2022 14:14:02 -------------Check stall condition-------------
25/03/2022 14:14:02 Alt: -0.167
25/03/2022 14:14:02 Mode: STABILIZE
25/03/2022 14:14:02 channel8: 965
25/03/2022 14:14:02 Pilot control
25/03/2022 14:14:02 -------------Check stall condition-------------
25/03/2022 14:14:02 Alt: -0.167
25/03/2022 14:14:02 Mode: STABILIZE
25/03/2022 14:14:02 channel8: 965
25/03/2022 14:14:02 Pilot control
25/03/2022 14:14:02 -------------Check stall condition-------------
25/03/2022 14:14:02 Alt: -0.167
25/03/2022 14:14:02 Mode: STABILIZE
25/03/2022 14:14:02 channel8: 965
25/03/2022 14:14:02 Pilot control
25/03/2022 14:14:02 -------------Check stall condition-------------
25/03/2022 14:14:02 Alt: -0.167
25/03/2022 14:14:02 Mode: STABILIZE
25/03/2022 14:14:02 channel8: 965
25/03/2022 14:14:02 Pilot control
25/03/2022 14:14:02 -------------Check stall condition-------------
25/03/2022 14:14:02 Alt: -0.167
25/03/2022 14:14:02 Mode: STABILIZE
25/03/2022 14:14:02 channel8: 965
25/03/2022 14:14:02 Pilot control
25/03/2022 14:14:02 -------------Check stall condition-------------
25/03/2022 14:14:02 Alt: -0.17
25/03/2022 14:14:02 Mode: STABILIZE
25/03/2022 14:14:02 channel8: 965
25/03/2022 14:14:02 Pilot control
25/03/2022 14:14:02 -------------Check stall condition-------------
25/03/2022 14:14:02 Alt: -0.17
25/03/2022 14:14:02 Mode: STABILIZE
25/03/2022 14:14:02 channel8: 965
25/03/2022 14:14:02 Pilot control
25/03/2022 14:14:02 -------------Check stall condition-------------
25/03/2022 14:14:02 Alt: -0.179
25/03/2022 14:14:02 Mode: STABILIZE
25/03/2022 14:14:02 channel8: 965
25/03/2022 14:14:02 Pilot control
25/03/2022 14:14:02 -------------Check stall condition-------------
25/03/2022 14:14:02 Alt: -0.179
25/03/2022 14:14:02 Mode: STABILIZE
25/03/2022 14:14:02 channel8: 965
25/03/2022 14:14:02 Pilot control
25/03/2022 14:14:02 -------------Check stall condition-------------
25/03/2022 14:14:02 Alt: -0.179
25/03/2022 14:14:02 Mode: STABILIZE
25/03/2022 14:14:02 channel8: 965
25/03/2022 14:14:02 Pilot control
25/03/2022 14:14:02 -------------Check stall condition-------------
25/03/2022 14:14:02 Alt: -0.179
25/03/2022 14:14:03 Mode: STABILIZE
25/03/2022 14:14:03 channel8: 965
25/03/2022 14:14:03 Pilot control
25/03/2022 14:14:03 -------------Check stall condition-------------
25/03/2022 14:14:03 Alt: -0.217
25/03/2022 14:14:03 Mode: STABILIZE
25/03/2022 14:14:03 channel8: 965
25/03/2022 14:14:03 Pilot control
25/03/2022 14:14:03 -------------Check stall condition-------------
25/03/2022 14:14:03 Alt: -0.217
25/03/2022 14:14:03 Mode: STABILIZE
25/03/2022 14:14:03 channel8: 965
25/03/2022 14:14:03 Pilot control
25/03/2022 14:14:03 -------------Check stall condition-------------
25/03/2022 14:14:03 Alt: -0.217
25/03/2022 14:14:03 Mode: STABILIZE
25/03/2022 14:14:03 channel8: 965
25/03/2022 14:14:03 Pilot control
25/03/2022 14:14:03 -------------Check stall condition-------------
25/03/2022 14:14:03 Alt: -0.248
25/03/2022 14:14:03 Mode: STABILIZE
25/03/2022 14:14:03 channel8: 965
25/03/2022 14:14:03 Pilot control
25/03/2022 14:14:03 -------------Check stall condition-------------
25/03/2022 14:14:03 Alt: -0.248
25/03/2022 14:14:03 Mode: STABILIZE
25/03/2022 14:14:03 channel8: 965
25/03/2022 14:14:03 Pilot control
25/03/2022 14:14:03 -------------Check stall condition-------------
25/03/2022 14:14:03 Alt: -0.248
25/03/2022 14:14:03 Mode: STABILIZE
25/03/2022 14:14:03 channel8: 965
25/03/2022 14:14:03 Pilot control
25/03/2022 14:14:03 -------------Check stall condition-------------
25/03/2022 14:14:03 Alt: -0.286
25/03/2022 14:14:03 Mode: STABILIZE
25/03/2022 14:14:03 channel8: 965
25/03/2022 14:14:03 Pilot control
25/03/2022 14:14:03 -------------Check stall condition-------------
25/03/2022 14:14:03 Alt: -0.286
25/03/2022 14:14:03 Mode: STABILIZE
25/03/2022 14:14:03 channel8: 965
25/03/2022 14:14:03 Pilot control
25/03/2022 14:14:03 -------------Check stall condition-------------
25/03/2022 14:14:03 Alt: -0.286
25/03/2022 14:14:03 Mode: STABILIZE
25/03/2022 14:14:03 channel8: 965
25/03/2022 14:14:03 Pilot control
25/03/2022 14:14:03 -------------Check stall condition-------------
25/03/2022 14:14:03 Alt: -0.286
25/03/2022 14:14:03 Mode: STABILIZE
25/03/2022 14:14:03 channel8: 965
25/03/2022 14:14:03 Pilot control
25/03/2022 14:14:03 -------------Check stall condition-------------
25/03/2022 14:14:03 Alt: -0.31
25/03/2022 14:14:03 Mode: STABILIZE
25/03/2022 14:14:03 channel8: 965
25/03/2022 14:14:03 Pilot control
25/03/2022 14:14:03 -------------Check stall condition-------------
25/03/2022 14:14:03 Alt: -0.31
25/03/2022 14:14:03 Mode: STABILIZE
25/03/2022 14:14:03 channel8: 965
25/03/2022 14:14:03 Pilot control
25/03/2022 14:14:03 -------------Check stall condition-------------
25/03/2022 14:14:03 Alt: -0.31
25/03/2022 14:14:03 Mode: STABILIZE
25/03/2022 14:14:03 channel8: 965
25/03/2022 14:14:04 Pilot control
25/03/2022 14:14:04 -------------Check stall condition-------------
25/03/2022 14:14:04 Alt: -0.312
25/03/2022 14:14:04 Mode: STABILIZE
25/03/2022 14:14:04 channel8: 965
25/03/2022 14:14:04 Pilot control
25/03/2022 14:14:04 -------------Check stall condition-------------
25/03/2022 14:14:04 Alt: -0.312
25/03/2022 14:14:04 Mode: STABILIZE
25/03/2022 14:14:04 channel8: 965
25/03/2022 14:14:04 Pilot control
25/03/2022 14:14:04 -------------Check stall condition-------------
25/03/2022 14:14:04 Alt: -0.312
25/03/2022 14:14:04 Mode: STABILIZE
25/03/2022 14:14:04 channel8: 965
25/03/2022 14:14:04 Pilot control
25/03/2022 14:14:04 -------------Check stall condition-------------
25/03/2022 14:14:04 Alt: -0.312
25/03/2022 14:14:04 Mode: STABILIZE
25/03/2022 14:14:04 channel8: 965
25/03/2022 14:14:04 Pilot control
25/03/2022 14:14:04 -------------Check stall condition-------------
25/03/2022 14:14:04 Alt: -0.312
25/03/2022 14:14:04 Mode: STABILIZE
25/03/2022 14:14:04 channel8: 965
25/03/2022 14:14:04 Pilot control
25/03/2022 14:14:04 -------------Check stall condition-------------
25/03/2022 14:14:04 Alt: -0.31
25/03/2022 14:14:04 Mode: STABILIZE
25/03/2022 14:14:04 channel8: 965
25/03/2022 14:14:04 Pilot control
25/03/2022 14:14:04 -------------Check stall condition-------------
25/03/2022 14:14:04 Alt: -0.31
25/03/2022 14:14:04 Mode: STABILIZE
25/03/2022 14:14:04 channel8: 965
25/03/2022 14:14:04 Pilot control
25/03/2022 14:14:04 -------------Check stall condition-------------
25/03/2022 14:14:04 Alt: -0.311
25/03/2022 14:14:04 Mode: STABILIZE
25/03/2022 14:14:04 channel8: 965
25/03/2022 14:14:04 Pilot control
25/03/2022 14:14:04 -------------Check stall condition-------------
25/03/2022 14:14:04 Alt: -0.311
25/03/2022 14:14:04 Mode: STABILIZE
25/03/2022 14:14:04 channel8: 965
25/03/2022 14:14:04 Pilot control
25/03/2022 14:14:04 -------------Check stall condition-------------
25/03/2022 14:14:04 Alt: -0.311
25/03/2022 14:14:04 Mode: STABILIZE
25/03/2022 14:14:04 channel8: 965
25/03/2022 14:14:04 Pilot control
25/03/2022 14:14:04 -------------Check stall condition-------------
25/03/2022 14:14:04 Alt: -0.311
25/03/2022 14:14:04 Mode: STABILIZE
25/03/2022 14:14:04 channel8: 965
25/03/2022 14:14:04 Pilot control
25/03/2022 14:14:04 -------------Check stall condition-------------
25/03/2022 14:14:04 Alt: -0.311
25/03/2022 14:14:04 Mode: STABILIZE
25/03/2022 14:14:04 channel8: 965
25/03/2022 14:14:04 Pilot control
25/03/2022 14:14:04 -------------Check stall condition-------------
25/03/2022 14:14:04 Alt: -0.311
25/03/2022 14:14:04 Mode: STABILIZE
25/03/2022 14:14:04 channel8: 965
25/03/2022 14:14:04 Pilot control
25/03/2022 14:14:04 -------------Check stall condition-------------
25/03/2022 14:14:04 Alt: -0.311
25/03/2022 14:14:04 Mode: STABILIZE
25/03/2022 14:14:04 channel8: 965
25/03/2022 14:14:04 Pilot control
25/03/2022 14:14:04 -------------Check stall condition-------------
25/03/2022 14:14:04 Alt: -0.311
25/03/2022 14:14:04 Mode: STABILIZE
25/03/2022 14:14:04 channel8: 965
25/03/2022 14:14:05 Pilot control
25/03/2022 14:14:05 -------------Check stall condition-------------
25/03/2022 14:14:05 Alt: -0.311
25/03/2022 14:14:05 Mode: STABILIZE
25/03/2022 14:14:05 channel8: 965
25/03/2022 14:14:05 Pilot control
25/03/2022 14:14:05 -------------Check stall condition-------------
25/03/2022 14:14:05 Alt: -0.311
25/03/2022 14:14:05 Mode: STABILIZE
25/03/2022 14:14:05 channel8: 965
25/03/2022 14:14:05 Pilot control
25/03/2022 14:14:05 -------------Check stall condition-------------
25/03/2022 14:14:05 Alt: -0.309
25/03/2022 14:14:05 Mode: STABILIZE
25/03/2022 14:14:05 channel8: 965
25/03/2022 14:14:05 Pilot control
25/03/2022 14:14:05 -------------Check stall condition-------------
25/03/2022 14:14:05 Alt: -0.309
25/03/2022 14:14:05 Mode: STABILIZE
25/03/2022 14:14:05 channel8: 965
25/03/2022 14:14:05 Pilot control
25/03/2022 14:14:05 -------------Check stall condition-------------
25/03/2022 14:14:05 Alt: -0.309
25/03/2022 14:14:05 Mode: STABILIZE
25/03/2022 14:14:05 channel8: 965
25/03/2022 14:14:05 Pilot control
25/03/2022 14:14:05 -------------Check stall condition-------------
25/03/2022 14:14:05 Alt: -0.309
25/03/2022 14:14:05 Mode: STABILIZE
25/03/2022 14:14:05 channel8: 965
25/03/2022 14:14:05 Pilot control
25/03/2022 14:14:05 -------------Check stall condition-------------
25/03/2022 14:14:05 Alt: -0.309
25/03/2022 14:14:05 Mode: STABILIZE
25/03/2022 14:14:05 channel8: 965
25/03/2022 14:14:05 Pilot control
25/03/2022 14:14:05 -------------Check stall condition-------------
25/03/2022 14:14:05 Alt: -0.309
25/03/2022 14:14:05 Mode: STABILIZE
25/03/2022 14:14:05 channel8: 965
25/03/2022 14:14:05 Pilot control
25/03/2022 14:14:05 -------------Check stall condition-------------
25/03/2022 14:14:05 Alt: -0.304
25/03/2022 14:14:05 Mode: STABILIZE
25/03/2022 14:14:05 channel8: 965
25/03/2022 14:14:05 Pilot control
25/03/2022 14:14:05 -------------Check stall condition-------------
25/03/2022 14:14:05 Alt: -0.304
25/03/2022 14:14:05 Mode: STABILIZE
25/03/2022 14:14:05 channel8: 965
25/03/2022 14:14:05 Pilot control
25/03/2022 14:14:05 -------------Check stall condition-------------
25/03/2022 14:14:05 Alt: -0.304
25/03/2022 14:14:05 Mode: STABILIZE
25/03/2022 14:14:05 channel8: 965
25/03/2022 14:14:05 Pilot control
25/03/2022 14:14:05 -------------Check stall condition-------------
25/03/2022 14:14:05 Alt: -0.304
25/03/2022 14:14:05 Mode: STABILIZE
25/03/2022 14:14:05 channel8: 965
25/03/2022 14:14:05 Pilot control
25/03/2022 14:14:05 -------------Check stall condition-------------
25/03/2022 14:14:05 Alt: -0.304
25/03/2022 14:14:05 Mode: STABILIZE
25/03/2022 14:14:05 channel8: 965
25/03/2022 14:14:05 Pilot control
25/03/2022 14:14:05 -------------Check stall condition-------------
25/03/2022 14:14:05 Alt: -0.304
25/03/2022 14:14:05 Mode: STABILIZE
25/03/2022 14:14:05 channel8: 965
25/03/2022 14:14:05 Pilot control
25/03/2022 14:14:05 -------------Check stall condition-------------
25/03/2022 14:14:05 Alt: -0.304
25/03/2022 14:14:05 Mode: STABILIZE
25/03/2022 14:14:05 channel8: 965
25/03/2022 14:14:05 Pilot control
25/03/2022 14:14:05 -------------Check stall condition-------------
25/03/2022 14:14:05 Alt: -0.304
25/03/2022 14:14:05 Mode: STABILIZE
25/03/2022 14:14:05 channel8: 965
25/03/2022 14:14:05 Pilot control
25/03/2022 14:14:05 -------------Check stall condition-------------
25/03/2022 14:14:05 Alt: -0.304
25/03/2022 14:14:05 Mode: STABILIZE
25/03/2022 14:14:05 channel8: 965
25/03/2022 14:14:05 Pilot control
25/03/2022 14:14:05 -------------Check stall condition-------------
25/03/2022 14:14:05 Alt: -0.304
25/03/2022 14:14:05 Mode: STABILIZE
25/03/2022 14:14:05 channel8: 965
25/03/2022 14:14:05 Pilot control
25/03/2022 14:14:05 -------------Check stall condition-------------
25/03/2022 14:14:05 Alt: -0.304
25/03/2022 14:14:05 Mode: STABILIZE
25/03/2022 14:14:05 channel8: 965
25/03/2022 14:14:05 Pilot control
25/03/2022 14:14:05 -------------Check stall condition-------------
25/03/2022 14:14:05 Alt: -0.304
25/03/2022 14:14:05 Mode: STABILIZE
25/03/2022 14:14:05 channel8: 965
25/03/2022 14:14:05 Pilot control
25/03/2022 14:14:05 -------------Check stall condition-------------
25/03/2022 14:14:05 Alt: -0.304
25/03/2022 14:14:05 Mode: STABILIZE
25/03/2022 14:14:05 channel8: 965
25/03/2022 14:14:05 Pilot control
25/03/2022 14:14:05 -------------Check stall condition-------------
25/03/2022 14:14:05 Alt: -0.304
25/03/2022 14:14:05 Mode: STABILIZE
25/03/2022 14:14:05 channel8: 965
25/03/2022 14:14:05 Pilot control
25/03/2022 14:14:05 -------------Check stall condition-------------
25/03/2022 14:14:05 Alt: -0.304
25/03/2022 14:14:05 Mode: STABILIZE
25/03/2022 14:14:05 channel8: 965
25/03/2022 14:14:05 Pilot control
25/03/2022 14:14:05 -------------Check stall condition-------------
25/03/2022 14:14:05 Alt: -0.304
25/03/2022 14:14:05 Mode: STABILIZE
25/03/2022 14:14:05 channel8: 965
25/03/2022 14:14:05 Pilot control
25/03/2022 14:14:05 -------------Check stall condition-------------
25/03/2022 14:14:05 Alt: -0.241
25/03/2022 14:14:05 Mode: STABILIZE
25/03/2022 14:14:05 channel8: 965
25/03/2022 14:14:05 Pilot control
25/03/2022 14:14:05 -------------Check stall condition-------------
25/03/2022 14:14:05 Alt: -0.241
25/03/2022 14:14:05 Mode: STABILIZE
25/03/2022 14:14:05 channel8: 965
25/03/2022 14:14:05 Pilot control
25/03/2022 14:14:05 -------------Check stall condition-------------
25/03/2022 14:14:05 Alt: -0.241
25/03/2022 14:14:05 Mode: STABILIZE
25/03/2022 14:14:05 channel8: 965
25/03/2022 14:14:05 Pilot control
25/03/2022 14:14:05 -------------Check stall condition-------------
25/03/2022 14:14:05 Alt: -0.241
25/03/2022 14:14:06 Mode: STABILIZE
25/03/2022 14:14:06 channel8: 965
25/03/2022 14:14:06 Pilot control
25/03/2022 14:14:06 -------------Check stall condition-------------
25/03/2022 14:14:06 Alt: -0.094
25/03/2022 14:14:06 Mode: STABILIZE
25/03/2022 14:14:06 channel8: 965
25/03/2022 14:14:06 Pilot control
25/03/2022 14:14:06 -------------Check stall condition-------------
25/03/2022 14:14:06 Alt: -0.094
25/03/2022 14:14:06 Mode: STABILIZE
25/03/2022 14:14:06 channel8: 965
25/03/2022 14:14:06 Pilot control
25/03/2022 14:14:06 -------------Check stall condition-------------
25/03/2022 14:14:06 Alt: -0.094
25/03/2022 14:14:06 Mode: STABILIZE
25/03/2022 14:14:06 channel8: 965
25/03/2022 14:14:06 Pilot control
25/03/2022 14:14:06 -------------Check stall condition-------------
25/03/2022 14:14:06 Alt: -0.094
25/03/2022 14:14:06 Mode: STABILIZE
25/03/2022 14:14:06 channel8: 965
25/03/2022 14:14:06 Pilot control
25/03/2022 14:14:06 -------------Check stall condition-------------
25/03/2022 14:14:06 Alt: -0.053
25/03/2022 14:14:06 Mode: STABILIZE
25/03/2022 14:14:06 channel8: 965
25/03/2022 14:14:06 Pilot control
25/03/2022 14:14:06 -------------Check stall condition-------------
25/03/2022 14:14:06 Alt: -0.053
25/03/2022 14:14:06 Mode: STABILIZE
25/03/2022 14:14:06 channel8: 965
25/03/2022 14:14:06 Pilot control
25/03/2022 14:14:06 -------------Check stall condition-------------
25/03/2022 14:14:06 Alt: -0.053
25/03/2022 14:14:06 Mode: STABILIZE
25/03/2022 14:14:06 channel8: 965
25/03/2022 14:14:06 Pilot control
25/03/2022 14:14:06 -------------Check stall condition-------------
25/03/2022 14:14:06 Alt: -0.053
25/03/2022 14:14:06 Mode: STABILIZE
25/03/2022 14:14:06 channel8: 965
25/03/2022 14:14:06 Pilot control
25/03/2022 14:14:06 -------------Check stall condition-------------
25/03/2022 14:14:06 Alt: -0.053
25/03/2022 14:14:06 Mode: STABILIZE
25/03/2022 14:14:06 channel8: 965
25/03/2022 14:14:06 Pilot control
25/03/2022 14:14:06 -------------Check stall condition-------------
25/03/2022 14:14:06 Alt: -0.026
25/03/2022 14:14:06 Mode: STABILIZE
25/03/2022 14:14:06 channel8: 965
25/03/2022 14:14:06 Pilot control
25/03/2022 14:14:06 -------------Check stall condition-------------
25/03/2022 14:14:06 Alt: -0.026
25/03/2022 14:14:06 Mode: STABILIZE
25/03/2022 14:14:06 channel8: 965
25/03/2022 14:14:06 Pilot control
25/03/2022 14:14:06 -------------Check stall condition-------------
25/03/2022 14:14:06 Alt: -0.026
25/03/2022 14:14:06 Mode: STABILIZE
25/03/2022 14:14:06 channel8: 965
25/03/2022 14:14:06 Pilot control
25/03/2022 14:14:06 -------------Check stall condition-------------
25/03/2022 14:14:06 Alt: -0.026
25/03/2022 14:14:06 Mode: STABILIZE
25/03/2022 14:14:06 channel8: 965
25/03/2022 14:14:06 Pilot control
25/03/2022 14:14:06 -------------Check stall condition-------------
25/03/2022 14:14:06 Alt: -0.026
25/03/2022 14:14:06 Mode: STABILIZE
25/03/2022 14:14:06 channel8: 965
25/03/2022 14:14:06 Pilot control
25/03/2022 14:14:06 -------------Check stall condition-------------
25/03/2022 14:14:06 Alt: -0.026
25/03/2022 14:14:06 Mode: STABILIZE
25/03/2022 14:14:06 channel8: 965
25/03/2022 14:14:06 Pilot control
25/03/2022 14:14:06 -------------Check stall condition-------------
25/03/2022 14:14:06 Alt: -0.026
25/03/2022 14:14:06 Mode: STABILIZE
25/03/2022 14:14:06 channel8: 965
25/03/2022 14:14:06 Pilot control
25/03/2022 14:14:06 -------------Check stall condition-------------
25/03/2022 14:14:06 Alt: -0.026
25/03/2022 14:14:06 Mode: STABILIZE
25/03/2022 14:14:06 channel8: 965
25/03/2022 14:14:06 Pilot control
25/03/2022 14:14:06 -------------Check stall condition-------------
25/03/2022 14:14:06 Alt: -0.026
25/03/2022 14:14:06 Mode: STABILIZE
25/03/2022 14:14:06 channel8: 965
25/03/2022 14:14:06 Pilot control
25/03/2022 14:14:06 -------------Check stall condition-------------
25/03/2022 14:14:06 Alt: -0.026
25/03/2022 14:14:06 Mode: STABILIZE
25/03/2022 14:14:06 channel8: 965
25/03/2022 14:14:06 Pilot control
25/03/2022 14:14:06 -------------Check stall condition-------------
25/03/2022 14:14:06 Alt: -0.026
25/03/2022 14:14:06 Mode: STABILIZE
25/03/2022 14:14:06 channel8: 965
25/03/2022 14:14:06 Pilot control
25/03/2022 14:14:06 -------------Check stall condition-------------
25/03/2022 14:14:06 Alt: -0.026
25/03/2022 14:14:06 Mode: STABILIZE
25/03/2022 14:14:06 channel8: 965
25/03/2022 14:14:06 Pilot control
25/03/2022 14:14:06 -------------Check stall condition-------------
25/03/2022 14:14:06 Alt: -0.008
25/03/2022 14:14:06 Mode: STABILIZE
25/03/2022 14:14:06 channel8: 965
25/03/2022 14:14:06 Pilot control
25/03/2022 14:14:06 -------------Check stall condition-------------
25/03/2022 14:14:06 Alt: -0.008
25/03/2022 14:14:06 Mode: STABILIZE
25/03/2022 14:14:06 channel8: 965
25/03/2022 14:14:06 Pilot control
25/03/2022 14:14:06 -------------Check stall condition-------------
25/03/2022 14:14:06 Alt: -0.008
25/03/2022 14:14:06 Mode: STABILIZE
25/03/2022 14:14:06 channel8: 965
25/03/2022 14:14:06 Pilot control
25/03/2022 14:14:06 -------------Check stall condition-------------
25/03/2022 14:14:06 Alt: -0.008
25/03/2022 14:14:07 Mode: STABILIZE
25/03/2022 14:14:07 channel8: 965
25/03/2022 14:14:07 Pilot control
25/03/2022 14:14:07 -------------Check stall condition-------------
25/03/2022 14:14:07 Alt: -0.004
25/03/2022 14:14:07 Mode: STABILIZE
25/03/2022 14:14:07 channel8: 965
25/03/2022 14:14:07 Pilot control
25/03/2022 14:14:07 -------------Check stall condition-------------
25/03/2022 14:14:07 Alt: -0.004
25/03/2022 14:14:07 Mode: STABILIZE
25/03/2022 14:14:07 channel8: 965
25/03/2022 14:14:07 Pilot control
25/03/2022 14:14:07 -------------Check stall condition-------------
25/03/2022 14:14:07 Alt: -0.005
25/03/2022 14:14:07 Mode: STABILIZE
25/03/2022 14:14:07 channel8: 965
25/03/2022 14:14:07 Pilot control
25/03/2022 14:14:07 -------------Check stall condition-------------
25/03/2022 14:14:07 Alt: -0.005
25/03/2022 14:14:07 Mode: STABILIZE
25/03/2022 14:14:07 channel8: 965
25/03/2022 14:14:07 Pilot control
25/03/2022 14:14:07 -------------Check stall condition-------------
25/03/2022 14:14:07 Alt: -0.005
25/03/2022 14:14:07 Mode: STABILIZE
25/03/2022 14:14:07 channel8: 965
25/03/2022 14:14:07 Pilot control
25/03/2022 14:14:07 -------------Check stall condition-------------
25/03/2022 14:14:07 Alt: -0.005
25/03/2022 14:14:07 Mode: STABILIZE
25/03/2022 14:14:07 channel8: 965
25/03/2022 14:14:07 Pilot control
25/03/2022 14:14:07 -------------Check stall condition-------------
25/03/2022 14:14:07 Alt: -0.012
25/03/2022 14:14:07 Mode: STABILIZE
25/03/2022 14:14:07 channel8: 965
25/03/2022 14:14:07 Pilot control
25/03/2022 14:14:07 -------------Check stall condition-------------
25/03/2022 14:14:07 Alt: -0.012
25/03/2022 14:14:07 Mode: STABILIZE
25/03/2022 14:14:07 channel8: 965
25/03/2022 14:14:07 Pilot control
25/03/2022 14:14:07 -------------Check stall condition-------------
25/03/2022 14:14:07 Alt: -0.012
25/03/2022 14:14:07 Mode: STABILIZE
25/03/2022 14:14:07 channel8: 965
25/03/2022 14:14:07 Pilot control
25/03/2022 14:14:07 -------------Check stall condition-------------
25/03/2022 14:14:07 Alt: -0.012
25/03/2022 14:14:07 Mode: STABILIZE
25/03/2022 14:14:07 channel8: 965
25/03/2022 14:14:07 Pilot control
25/03/2022 14:14:07 -------------Check stall condition-------------
25/03/2022 14:14:07 Alt: -0.016
25/03/2022 14:14:07 Mode: STABILIZE
25/03/2022 14:14:07 channel8: 965
25/03/2022 14:14:07 Pilot control
25/03/2022 14:14:07 -------------Check stall condition-------------
25/03/2022 14:14:07 Alt: -0.016
25/03/2022 14:14:07 Mode: STABILIZE
25/03/2022 14:14:07 channel8: 965
25/03/2022 14:14:07 Pilot control
25/03/2022 14:14:07 -------------Check stall condition-------------
25/03/2022 14:14:07 Alt: -0.016
25/03/2022 14:14:07 Mode: STABILIZE
25/03/2022 14:14:07 channel8: 965
25/03/2022 14:14:07 Pilot control
25/03/2022 14:14:07 -------------Check stall condition-------------
25/03/2022 14:14:07 Alt: -0.016
25/03/2022 14:14:07 Mode: STABILIZE
25/03/2022 14:14:07 channel8: 965
25/03/2022 14:14:07 Pilot control
25/03/2022 14:14:07 -------------Check stall condition-------------
25/03/2022 14:14:07 Alt: -0.016
25/03/2022 14:14:07 Mode: STABILIZE
25/03/2022 14:14:07 channel8: 965
25/03/2022 14:14:07 Pilot control
25/03/2022 14:14:07 -------------Check stall condition-------------
25/03/2022 14:14:07 Alt: -0.016
25/03/2022 14:14:07 Mode: STABILIZE
25/03/2022 14:14:07 channel8: 965
25/03/2022 14:14:07 Pilot control
25/03/2022 14:14:07 -------------Check stall condition-------------
25/03/2022 14:14:07 Alt: -0.016
25/03/2022 14:14:07 Mode: STABILIZE
25/03/2022 14:14:07 channel8: 965
25/03/2022 14:14:07 Pilot control
25/03/2022 14:14:07 -------------Check stall condition-------------
25/03/2022 14:14:07 Alt: -0.016
25/03/2022 14:14:07 Mode: STABILIZE
25/03/2022 14:14:07 channel8: 965
25/03/2022 14:14:07 Pilot control
25/03/2022 14:14:07 -------------Check stall condition-------------
25/03/2022 14:14:07 Alt: -0.022
25/03/2022 14:14:08 Mode: STABILIZE
25/03/2022 14:14:08 channel8: 965
25/03/2022 14:14:08 Pilot control
25/03/2022 14:14:08 -------------Check stall condition-------------
25/03/2022 14:14:08 Alt: -0.022
25/03/2022 14:14:08 Mode: STABILIZE
25/03/2022 14:14:08 channel8: 965
25/03/2022 14:14:08 Pilot control
25/03/2022 14:14:08 -------------Check stall condition-------------
25/03/2022 14:14:08 Alt: -0.022
25/03/2022 14:14:08 Mode: STABILIZE
25/03/2022 14:14:08 channel8: 965
25/03/2022 14:14:08 Pilot control
25/03/2022 14:14:08 -------------Check stall condition-------------
25/03/2022 14:14:08 Alt: -0.022
25/03/2022 14:14:08 Mode: STABILIZE
25/03/2022 14:14:08 channel8: 965
25/03/2022 14:14:08 Pilot control
25/03/2022 14:14:08 -------------Check stall condition-------------
25/03/2022 14:14:08 Alt: -0.022
25/03/2022 14:14:08 Mode: STABILIZE
25/03/2022 14:14:08 channel8: 965
25/03/2022 14:14:08 Pilot control
25/03/2022 14:14:08 -------------Check stall condition-------------
25/03/2022 14:14:08 Alt: -0.022
25/03/2022 14:14:08 Mode: STABILIZE
25/03/2022 14:14:08 channel8: 965
25/03/2022 14:14:08 Pilot control
25/03/2022 14:14:08 -------------Check stall condition-------------
25/03/2022 14:14:08 Alt: -0.022
25/03/2022 14:14:08 Mode: STABILIZE
25/03/2022 14:14:08 channel8: 965
25/03/2022 14:14:08 Pilot control
25/03/2022 14:14:08 -------------Check stall condition-------------
25/03/2022 14:14:08 Alt: -0.024
25/03/2022 14:14:08 Mode: STABILIZE
25/03/2022 14:14:08 channel8: 965
25/03/2022 14:14:08 Pilot control
25/03/2022 14:14:08 -------------Check stall condition-------------
25/03/2022 14:14:08 Alt: -0.024
25/03/2022 14:14:08 Mode: STABILIZE
25/03/2022 14:14:08 channel8: 965
25/03/2022 14:14:08 Pilot control
25/03/2022 14:14:08 -------------Check stall condition-------------
25/03/2022 14:14:08 Alt: -0.024
25/03/2022 14:14:08 Mode: STABILIZE
25/03/2022 14:14:08 channel8: 965
25/03/2022 14:14:08 Pilot control
25/03/2022 14:14:08 -------------Check stall condition-------------
25/03/2022 14:14:08 Alt: -0.024
25/03/2022 14:14:08 Mode: STABILIZE
25/03/2022 14:14:08 channel8: 965
25/03/2022 14:14:08 Pilot control
25/03/2022 14:14:08 -------------Check stall condition-------------
25/03/2022 14:14:08 Alt: -0.024
25/03/2022 14:14:08 Mode: STABILIZE
25/03/2022 14:14:08 channel8: 965
25/03/2022 14:14:08 Pilot control
25/03/2022 14:14:08 -------------Check stall condition-------------
25/03/2022 14:14:08 Alt: -0.014
25/03/2022 14:14:08 Mode: STABILIZE
25/03/2022 14:14:08 channel8: 965
25/03/2022 14:14:08 Pilot control
25/03/2022 14:14:08 -------------Check stall condition-------------
25/03/2022 14:14:08 Alt: -0.014
25/03/2022 14:14:08 Mode: STABILIZE
25/03/2022 14:14:08 channel8: 965
25/03/2022 14:14:08 Pilot control
25/03/2022 14:14:08 -------------Check stall condition-------------
25/03/2022 14:14:08 Alt: -0.014
25/03/2022 14:14:08 Mode: STABILIZE
25/03/2022 14:14:08 channel8: 965
25/03/2022 14:14:08 Pilot control
25/03/2022 14:14:08 -------------Check stall condition-------------
25/03/2022 14:14:08 Alt: -0.014
25/03/2022 14:14:08 Mode: STABILIZE
25/03/2022 14:14:08 channel8: 965
25/03/2022 14:14:08 Pilot control
25/03/2022 14:14:08 -------------Check stall condition-------------
25/03/2022 14:14:08 Alt: -0.014
25/03/2022 14:14:08 Mode: STABILIZE
25/03/2022 14:14:08 channel8: 965
25/03/2022 14:14:08 Pilot control
25/03/2022 14:14:08 -------------Check stall condition-------------
25/03/2022 14:14:08 Alt: -0.014
25/03/2022 14:14:08 Mode: STABILIZE
25/03/2022 14:14:08 channel8: 965
25/03/2022 14:14:08 Pilot control
25/03/2022 14:14:08 -------------Check stall condition-------------
25/03/2022 14:14:08 Alt: 0.001
25/03/2022 14:14:08 Mode: STABILIZE
25/03/2022 14:14:08 channel8: 965
25/03/2022 14:14:08 Pilot control
25/03/2022 14:14:08 -------------Check stall condition-------------
25/03/2022 14:14:08 Alt: 0.001
25/03/2022 14:14:08 Mode: STABILIZE
25/03/2022 14:14:08 channel8: 965
25/03/2022 14:14:08 Pilot control
25/03/2022 14:14:08 -------------Check stall condition-------------
25/03/2022 14:14:08 Alt: 0.001
25/03/2022 14:14:08 Mode: STABILIZE
25/03/2022 14:14:08 channel8: 965
25/03/2022 14:14:08 Pilot control
25/03/2022 14:14:08 -------------Check stall condition-------------
25/03/2022 14:14:08 Alt: 0.001
25/03/2022 14:14:08 Mode: STABILIZE
25/03/2022 14:14:08 channel8: 965
25/03/2022 14:14:08 Pilot control
25/03/2022 14:14:08 -------------Check stall condition-------------
25/03/2022 14:14:08 Alt: 0.001
25/03/2022 14:14:08 Mode: STABILIZE
25/03/2022 14:14:08 channel8: 965
25/03/2022 14:14:08 Pilot control
25/03/2022 14:14:08 -------------Check stall condition-------------
25/03/2022 14:14:08 Alt: 0.001
25/03/2022 14:14:08 Mode: STABILIZE
25/03/2022 14:14:08 channel8: 965
25/03/2022 14:14:08 Pilot control
25/03/2022 14:14:09 -------------Check stall condition-------------
25/03/2022 14:14:09 Alt: 0.016
25/03/2022 14:14:09 Mode: STABILIZE
25/03/2022 14:14:09 channel8: 965
25/03/2022 14:14:09 Pilot control
25/03/2022 14:14:09 -------------Check stall condition-------------
25/03/2022 14:14:09 Alt: 0.016
25/03/2022 14:14:09 Mode: STABILIZE
25/03/2022 14:14:09 channel8: 965
25/03/2022 14:14:09 Pilot control
25/03/2022 14:14:09 -------------Check stall condition-------------
25/03/2022 14:14:09 Alt: 0.016
25/03/2022 14:14:09 Mode: STABILIZE
25/03/2022 14:14:09 channel8: 965
25/03/2022 14:14:09 Pilot control
25/03/2022 14:14:09 -------------Check stall condition-------------
25/03/2022 14:14:09 Alt: 0.021
25/03/2022 14:14:09 Mode: STABILIZE
25/03/2022 14:14:09 channel8: 965
25/03/2022 14:14:09 Pilot control
25/03/2022 14:14:09 -------------Check stall condition-------------
25/03/2022 14:14:09 Alt: 0.021
25/03/2022 14:14:09 Mode: STABILIZE
25/03/2022 14:14:09 channel8: 965
25/03/2022 14:14:09 Pilot control
25/03/2022 14:14:09 -------------Check stall condition-------------
25/03/2022 14:14:09 Alt: 0.02
25/03/2022 14:14:09 Mode: STABILIZE
25/03/2022 14:14:09 channel8: 965
25/03/2022 14:14:09 Pilot control
25/03/2022 14:14:09 -------------Check stall condition-------------
25/03/2022 14:14:09 Alt: 0.02
25/03/2022 14:14:09 Mode: STABILIZE
25/03/2022 14:14:09 channel8: 965
25/03/2022 14:14:09 Pilot control
25/03/2022 14:14:09 -------------Check stall condition-------------
25/03/2022 14:14:09 Alt: 0.02
25/03/2022 14:14:09 Mode: STABILIZE
25/03/2022 14:14:09 channel8: 965
25/03/2022 14:14:09 Pilot control
25/03/2022 14:14:09 -------------Check stall condition-------------
25/03/2022 14:14:09 Alt: 0.02
25/03/2022 14:14:09 Mode: STABILIZE
25/03/2022 14:14:09 channel8: 965
25/03/2022 14:14:09 Pilot control
25/03/2022 14:14:09 -------------Check stall condition-------------
25/03/2022 14:14:09 Alt: 0.02
25/03/2022 14:14:09 Mode: STABILIZE
25/03/2022 14:14:09 channel8: 965
25/03/2022 14:14:09 Pilot control
25/03/2022 14:14:09 -------------Check stall condition-------------
25/03/2022 14:14:09 Alt: 0.02
25/03/2022 14:14:09 Mode: STABILIZE
25/03/2022 14:14:09 channel8: 965
25/03/2022 14:14:09 Pilot control
25/03/2022 14:14:09 -------------Check stall condition-------------
25/03/2022 14:14:09 Alt: 0.02
25/03/2022 14:14:09 Mode: STABILIZE
25/03/2022 14:14:09 channel8: 965
25/03/2022 14:14:09 Pilot control
25/03/2022 14:14:09 -------------Check stall condition-------------
25/03/2022 14:14:09 Alt: 0.029
25/03/2022 14:14:09 Mode: STABILIZE
25/03/2022 14:14:09 channel8: 965
25/03/2022 14:14:09 Pilot control
25/03/2022 14:14:10 -------------Check stall condition-------------
25/03/2022 14:14:10 Alt: 0.029
25/03/2022 14:14:10 Mode: STABILIZE
25/03/2022 14:14:10 channel8: 965
25/03/2022 14:14:10 Pilot control
25/03/2022 14:14:10 -------------Check stall condition-------------
25/03/2022 14:14:10 Alt: 0.029
25/03/2022 14:14:10 Mode: STABILIZE
25/03/2022 14:14:10 channel8: 965
25/03/2022 14:14:10 Pilot control
25/03/2022 14:14:10 -------------Check stall condition-------------
25/03/2022 14:14:10 Alt: 0.029
25/03/2022 14:14:10 Mode: STABILIZE
25/03/2022 14:14:10 channel8: 965
25/03/2022 14:14:10 Pilot control
25/03/2022 14:14:10 -------------Check stall condition-------------
25/03/2022 14:14:10 Alt: 0.029
25/03/2022 14:14:10 Mode: STABILIZE
25/03/2022 14:14:10 channel8: 965
25/03/2022 14:14:10 Pilot control
25/03/2022 14:14:10 -------------Check stall condition-------------
25/03/2022 14:14:10 Alt: 0.029
25/03/2022 14:14:10 Mode: STABILIZE
25/03/2022 14:14:10 channel8: 965
25/03/2022 14:14:10 Pilot control
25/03/2022 14:14:10 -------------Check stall condition-------------
25/03/2022 14:14:10 Alt: 0.029
25/03/2022 14:14:10 Mode: STABILIZE
25/03/2022 14:14:10 channel8: 965
25/03/2022 14:14:10 Pilot control
25/03/2022 14:14:10 -------------Check stall condition-------------
25/03/2022 14:14:10 Alt: 0.033
25/03/2022 14:14:10 Mode: STABILIZE
25/03/2022 14:14:10 channel8: 965
25/03/2022 14:14:10 Pilot control
25/03/2022 14:14:10 -------------Check stall condition-------------
25/03/2022 14:14:10 Alt: 0.033
25/03/2022 14:14:10 Mode: STABILIZE
25/03/2022 14:14:10 channel8: 965
25/03/2022 14:14:10 Pilot control
25/03/2022 14:14:10 -------------Check stall condition-------------
25/03/2022 14:14:10 Alt: 0.033
25/03/2022 14:14:10 Mode: STABILIZE
25/03/2022 14:14:10 channel8: 965
25/03/2022 14:14:10 Pilot control
25/03/2022 14:14:10 -------------Check stall condition-------------
25/03/2022 14:14:10 Alt: 0.033
25/03/2022 14:14:10 Mode: STABILIZE
25/03/2022 14:14:10 channel8: 965
25/03/2022 14:14:10 Pilot control
25/03/2022 14:14:10 -------------Check stall condition-------------
25/03/2022 14:14:10 Alt: 0.033
25/03/2022 14:14:10 Mode: STABILIZE
25/03/2022 14:14:10 channel8: 965
25/03/2022 14:14:10 Pilot control
25/03/2022 14:14:10 -------------Check stall condition-------------
25/03/2022 14:14:10 Alt: 0.038
25/03/2022 14:14:10 Mode: STABILIZE
25/03/2022 14:14:10 channel8: 965
25/03/2022 14:14:10 Pilot control
25/03/2022 14:14:10 -------------Check stall condition-------------
25/03/2022 14:14:10 Alt: 0.038
25/03/2022 14:14:10 Mode: STABILIZE
25/03/2022 14:14:10 channel8: 965
25/03/2022 14:14:10 Pilot control
25/03/2022 14:14:10 -------------Check stall condition-------------
25/03/2022 14:14:10 Alt: 0.038
25/03/2022 14:14:10 Mode: STABILIZE
25/03/2022 14:14:10 channel8: 965
25/03/2022 14:14:10 Pilot control
25/03/2022 14:14:10 -------------Check stall condition-------------
25/03/2022 14:14:10 Alt: 0.038
25/03/2022 14:14:10 Mode: STABILIZE
25/03/2022 14:14:10 channel8: 965
25/03/2022 14:14:10 Pilot control
25/03/2022 14:14:10 -------------Check stall condition-------------
25/03/2022 14:14:10 Alt: 0.038
25/03/2022 14:14:10 Mode: STABILIZE
25/03/2022 14:14:10 channel8: 965
25/03/2022 14:14:10 Pilot control
25/03/2022 14:14:10 -------------Check stall condition-------------
25/03/2022 14:14:10 Alt: 0.038
25/03/2022 14:14:10 Mode: STABILIZE
25/03/2022 14:14:10 channel8: 965
25/03/2022 14:14:10 Pilot control
25/03/2022 14:14:10 -------------Check stall condition-------------
25/03/2022 14:14:10 Alt: 0.047
25/03/2022 14:14:10 Mode: STABILIZE
25/03/2022 14:14:10 channel8: 965
25/03/2022 14:14:10 Pilot control
25/03/2022 14:14:10 -------------Check stall condition-------------
25/03/2022 14:14:10 Alt: 0.047
25/03/2022 14:14:10 Mode: STABILIZE
25/03/2022 14:14:10 channel8: 965
25/03/2022 14:14:10 Pilot control
25/03/2022 14:14:10 -------------Check stall condition-------------
25/03/2022 14:14:10 Alt: 0.047
25/03/2022 14:14:10 Mode: STABILIZE
25/03/2022 14:14:10 channel8: 965
25/03/2022 14:14:10 Pilot control
25/03/2022 14:14:10 -------------Check stall condition-------------
25/03/2022 14:14:10 Alt: 0.047
25/03/2022 14:14:10 Mode: STABILIZE
25/03/2022 14:14:10 channel8: 965
25/03/2022 14:14:10 Pilot control
25/03/2022 14:14:10 -------------Check stall condition-------------
25/03/2022 14:14:10 Alt: 0.047
25/03/2022 14:14:10 Mode: STABILIZE
25/03/2022 14:14:10 channel8: 965
25/03/2022 14:14:10 Pilot control
25/03/2022 14:14:10 -------------Check stall condition-------------
25/03/2022 14:14:10 Alt: 0.054
25/03/2022 14:14:10 Mode: STABILIZE
25/03/2022 14:14:11 channel8: 965
25/03/2022 14:14:11 Pilot control
25/03/2022 14:14:11 -------------Check stall condition-------------
25/03/2022 14:14:11 Alt: 0.054
25/03/2022 14:14:11 Mode: STABILIZE
25/03/2022 14:14:11 channel8: 965
25/03/2022 14:14:11 Pilot control
25/03/2022 14:14:11 -------------Check stall condition-------------
25/03/2022 14:14:11 Alt: 0.054
25/03/2022 14:14:11 Mode: STABILIZE
25/03/2022 14:14:11 channel8: 965
25/03/2022 14:14:11 Pilot control
25/03/2022 14:14:11 -------------Check stall condition-------------
25/03/2022 14:14:11 Alt: 0.054
25/03/2022 14:14:11 Mode: STABILIZE
25/03/2022 14:14:11 channel8: 965
25/03/2022 14:14:11 Pilot control
25/03/2022 14:14:11 -------------Check stall condition-------------
25/03/2022 14:14:11 Alt: 0.054
25/03/2022 14:14:11 Mode: STABILIZE
25/03/2022 14:14:11 channel8: 965
25/03/2022 14:14:11 Pilot control
25/03/2022 14:14:11 -------------Check stall condition-------------
25/03/2022 14:14:11 Alt: 0.06
25/03/2022 14:14:11 Mode: STABILIZE
25/03/2022 14:14:11 channel8: 965
25/03/2022 14:14:11 Pilot control
25/03/2022 14:14:11 -------------Check stall condition-------------
25/03/2022 14:14:11 Alt: 0.06
25/03/2022 14:14:11 Mode: STABILIZE
25/03/2022 14:14:11 channel8: 965
25/03/2022 14:14:11 Pilot control
25/03/2022 14:14:11 -------------Check stall condition-------------
25/03/2022 14:14:11 Alt: 0.06
25/03/2022 14:14:11 Mode: STABILIZE
25/03/2022 14:14:11 channel8: 965
25/03/2022 14:14:11 Pilot control
25/03/2022 14:14:11 -------------Check stall condition-------------
25/03/2022 14:14:11 Alt: 0.06
25/03/2022 14:14:11 Mode: STABILIZE
25/03/2022 14:14:11 channel8: 965
25/03/2022 14:14:11 Pilot control
25/03/2022 14:14:11 -------------Check stall condition-------------
25/03/2022 14:14:11 Alt: 0.06
25/03/2022 14:14:11 Mode: STABILIZE
25/03/2022 14:14:11 channel8: 965
25/03/2022 14:14:11 Pilot control
25/03/2022 14:14:11 -------------Check stall condition-------------
25/03/2022 14:14:11 Alt: 0.064
25/03/2022 14:14:11 Mode: STABILIZE
25/03/2022 14:14:11 channel8: 965
25/03/2022 14:14:11 Pilot control
25/03/2022 14:14:11 -------------Check stall condition-------------
25/03/2022 14:14:11 Alt: 0.064
25/03/2022 14:14:11 Mode: STABILIZE
25/03/2022 14:14:11 channel8: 965
25/03/2022 14:14:11 Pilot control
25/03/2022 14:14:11 -------------Check stall condition-------------
25/03/2022 14:14:11 Alt: 0.064
25/03/2022 14:14:11 Mode: STABILIZE
25/03/2022 14:14:11 channel8: 965
25/03/2022 14:14:11 Pilot control
25/03/2022 14:14:11 -------------Check stall condition-------------
25/03/2022 14:14:11 Alt: 0.052
25/03/2022 14:14:11 Mode: STABILIZE
25/03/2022 14:14:11 channel8: 965
25/03/2022 14:14:11 Pilot control
25/03/2022 14:14:11 -------------Check stall condition-------------
25/03/2022 14:14:11 Alt: 0.052
25/03/2022 14:14:11 Mode: STABILIZE
25/03/2022 14:14:11 channel8: 965
25/03/2022 14:14:11 Pilot control
25/03/2022 14:14:11 -------------Check stall condition-------------
25/03/2022 14:14:11 Alt: 0.052
25/03/2022 14:14:11 Mode: STABILIZE
25/03/2022 14:14:11 channel8: 965
25/03/2022 14:14:11 Pilot control
25/03/2022 14:14:11 -------------Check stall condition-------------
25/03/2022 14:14:11 Alt: 0.052
25/03/2022 14:14:11 Mode: STABILIZE
25/03/2022 14:14:12 channel8: 965
25/03/2022 14:14:12 Pilot control
25/03/2022 14:14:12 -------------Check stall condition-------------
25/03/2022 14:14:12 Alt: 0.034
25/03/2022 14:14:12 Mode: STABILIZE
25/03/2022 14:14:12 channel8: 965
25/03/2022 14:14:12 Pilot control
25/03/2022 14:14:12 -------------Check stall condition-------------
25/03/2022 14:14:12 Alt: 0.034
25/03/2022 14:14:12 Mode: STABILIZE
25/03/2022 14:14:12 channel8: 965
25/03/2022 14:14:12 Pilot control
25/03/2022 14:14:12 -------------Check stall condition-------------
25/03/2022 14:14:12 Alt: 0.034
25/03/2022 14:14:12 Mode: STABILIZE
25/03/2022 14:14:12 channel8: 965
25/03/2022 14:14:12 Pilot control
25/03/2022 14:14:12 -------------Check stall condition-------------
25/03/2022 14:14:12 Alt: 0.031
25/03/2022 14:14:12 Mode: STABILIZE
25/03/2022 14:14:12 channel8: 965
25/03/2022 14:14:12 Pilot control
25/03/2022 14:14:12 -------------Check stall condition-------------
25/03/2022 14:14:12 Alt: 0.031
25/03/2022 14:14:12 Mode: STABILIZE
25/03/2022 14:14:12 channel8: 965
25/03/2022 14:14:12 Pilot control
25/03/2022 14:14:12 -------------Check stall condition-------------
25/03/2022 14:14:12 Alt: 0.031
25/03/2022 14:14:12 Mode: STABILIZE
25/03/2022 14:14:12 channel8: 965
25/03/2022 14:14:12 Pilot control
25/03/2022 14:14:12 -------------Check stall condition-------------
25/03/2022 14:14:12 Alt: 0.031
25/03/2022 14:14:12 Mode: STABILIZE
25/03/2022 14:14:12 channel8: 965
25/03/2022 14:14:12 Pilot control
25/03/2022 14:14:12 -------------Check stall condition-------------
25/03/2022 14:14:12 Alt: 0.031
25/03/2022 14:14:12 Mode: STABILIZE
25/03/2022 14:14:12 channel8: 965
25/03/2022 14:14:12 Pilot control
25/03/2022 14:14:12 -------------Check stall condition-------------
25/03/2022 14:14:12 Alt: 0.022
25/03/2022 14:14:12 Mode: STABILIZE
25/03/2022 14:14:12 channel8: 965
25/03/2022 14:14:12 Pilot control
25/03/2022 14:14:12 -------------Check stall condition-------------
25/03/2022 14:14:12 Alt: 0.022
25/03/2022 14:14:12 Mode: STABILIZE
25/03/2022 14:14:12 channel8: 965
25/03/2022 14:14:12 Pilot control
25/03/2022 14:14:12 -------------Check stall condition-------------
25/03/2022 14:14:12 Alt: 0.022
25/03/2022 14:14:12 Mode: STABILIZE
25/03/2022 14:14:12 channel8: 965
25/03/2022 14:14:12 Pilot control
25/03/2022 14:14:12 -------------Check stall condition-------------
25/03/2022 14:14:12 Alt: 0.022
25/03/2022 14:14:12 Mode: STABILIZE
25/03/2022 14:14:12 channel8: 965
25/03/2022 14:14:12 Pilot control
25/03/2022 14:14:12 -------------Check stall condition-------------
25/03/2022 14:14:12 Alt: 0.009
25/03/2022 14:14:12 Mode: STABILIZE
25/03/2022 14:14:12 channel8: 965
25/03/2022 14:14:12 Pilot control
25/03/2022 14:14:12 -------------Check stall condition-------------
25/03/2022 14:14:12 Alt: 0.009
25/03/2022 14:14:12 Mode: STABILIZE
25/03/2022 14:14:12 channel8: 965
25/03/2022 14:14:12 Pilot control
25/03/2022 14:14:12 -------------Check stall condition-------------
25/03/2022 14:14:12 Alt: 0.009
25/03/2022 14:14:12 Mode: STABILIZE
25/03/2022 14:14:13 channel8: 965
25/03/2022 14:14:13 Pilot control
25/03/2022 14:14:13 -------------Check stall condition-------------
25/03/2022 14:14:13 Alt: -0.001
25/03/2022 14:14:13 Mode: STABILIZE
25/03/2022 14:14:13 channel8: 965
25/03/2022 14:14:13 Pilot control
25/03/2022 14:14:13 -------------Check stall condition-------------
25/03/2022 14:14:13 Alt: -0.001
25/03/2022 14:14:13 Mode: STABILIZE
25/03/2022 14:14:13 channel8: 965
25/03/2022 14:14:13 Pilot control
25/03/2022 14:14:13 -------------Check stall condition-------------
25/03/2022 14:14:13 Alt: -0.001
25/03/2022 14:14:13 Mode: STABILIZE
25/03/2022 14:14:13 channel8: 965
25/03/2022 14:14:13 Pilot control
25/03/2022 14:14:13 -------------Check stall condition-------------
25/03/2022 14:14:13 Alt: -0.015
25/03/2022 14:14:13 Mode: STABILIZE
25/03/2022 14:14:13 channel8: 965
25/03/2022 14:14:13 Pilot control
25/03/2022 14:14:13 -------------Check stall condition-------------
25/03/2022 14:14:13 Alt: -0.015
25/03/2022 14:14:13 Mode: STABILIZE
25/03/2022 14:14:13 channel8: 965
25/03/2022 14:14:13 Pilot control
25/03/2022 14:14:13 -------------Check stall condition-------------
25/03/2022 14:14:13 Alt: -0.015
25/03/2022 14:14:13 Mode: STABILIZE
25/03/2022 14:14:13 channel8: 965
25/03/2022 14:14:13 Pilot control
25/03/2022 14:14:13 -------------Check stall condition-------------
25/03/2022 14:14:13 Alt: -0.015
25/03/2022 14:14:13 Mode: STABILIZE
25/03/2022 14:14:13 channel8: 965
25/03/2022 14:14:13 Pilot control
25/03/2022 14:14:13 -------------Check stall condition-------------
25/03/2022 14:14:13 Alt: -0.015
25/03/2022 14:14:13 Mode: STABILIZE
25/03/2022 14:14:13 channel8: 965
25/03/2022 14:14:13 Pilot control
25/03/2022 14:14:13 -------------Check stall condition-------------
25/03/2022 14:14:13 Alt: -0.029
25/03/2022 14:14:13 Mode: STABILIZE
25/03/2022 14:14:13 channel8: 965
25/03/2022 14:14:13 Pilot control
25/03/2022 14:14:13 -------------Check stall condition-------------
25/03/2022 14:14:13 Alt: -0.029
25/03/2022 14:14:13 Mode: STABILIZE
25/03/2022 14:14:13 channel8: 965
25/03/2022 14:14:13 Pilot control
25/03/2022 14:14:13 -------------Check stall condition-------------
25/03/2022 14:14:13 Alt: -0.029
25/03/2022 14:14:13 Mode: STABILIZE
25/03/2022 14:14:13 channel8: 965
25/03/2022 14:14:13 Pilot control
25/03/2022 14:14:13 -------------Check stall condition-------------
25/03/2022 14:14:13 Alt: -0.029
25/03/2022 14:14:13 Mode: STABILIZE
25/03/2022 14:14:13 channel8: 965
25/03/2022 14:14:13 Pilot control
25/03/2022 14:14:13 -------------Check stall condition-------------
25/03/2022 14:14:13 Alt: -0.036
25/03/2022 14:14:13 Mode: STABILIZE
25/03/2022 14:14:13 channel8: 965
25/03/2022 14:14:13 Pilot control
25/03/2022 14:14:13 -------------Check stall condition-------------
25/03/2022 14:14:14 Alt: -0.036
25/03/2022 14:14:14 Mode: STABILIZE
25/03/2022 14:14:14 channel8: 965
25/03/2022 14:14:14 Pilot control
25/03/2022 14:14:14 -------------Check stall condition-------------
25/03/2022 14:14:14 Alt: -0.04
25/03/2022 14:14:14 Mode: STABILIZE
25/03/2022 14:14:14 channel8: 965
25/03/2022 14:14:14 Pilot control
25/03/2022 14:14:14 -------------Check stall condition-------------
25/03/2022 14:14:14 Alt: -0.04
25/03/2022 14:14:14 Mode: STABILIZE
25/03/2022 14:14:14 channel8: 965
25/03/2022 14:14:14 Pilot control
25/03/2022 14:14:14 -------------Check stall condition-------------
25/03/2022 14:14:14 Alt: -0.04
25/03/2022 14:14:14 Mode: STABILIZE
25/03/2022 14:14:14 channel8: 965
25/03/2022 14:14:14 Pilot control
25/03/2022 14:14:14 -------------Check stall condition-------------
25/03/2022 14:14:14 Alt: -0.04
25/03/2022 14:14:14 Mode: STABILIZE
25/03/2022 14:14:14 channel8: 965
25/03/2022 14:14:14 Pilot control
25/03/2022 14:14:14 -------------Check stall condition-------------
25/03/2022 14:14:14 Alt: -0.04
25/03/2022 14:14:14 Mode: STABILIZE
25/03/2022 14:14:14 channel8: 965
25/03/2022 14:14:14 Pilot control
25/03/2022 14:14:14 -------------Check stall condition-------------
25/03/2022 14:14:14 Alt: -0.04
25/03/2022 14:14:14 Mode: STABILIZE
25/03/2022 14:14:14 channel8: 965
25/03/2022 14:14:14 Pilot control
25/03/2022 14:14:14 -------------Check stall condition-------------
25/03/2022 14:14:14 Alt: -0.046
25/03/2022 14:14:14 Mode: STABILIZE
25/03/2022 14:14:14 channel8: 965
25/03/2022 14:14:14 Pilot control
25/03/2022 14:14:14 -------------Check stall condition-------------
25/03/2022 14:14:14 Alt: -0.046
25/03/2022 14:14:14 Mode: STABILIZE
25/03/2022 14:14:14 channel8: 965
25/03/2022 14:14:14 Pilot control
25/03/2022 14:14:14 -------------Check stall condition-------------
25/03/2022 14:14:14 Alt: -0.046
25/03/2022 14:14:14 Mode: STABILIZE
25/03/2022 14:14:14 channel8: 965
25/03/2022 14:14:14 Pilot control
25/03/2022 14:14:14 -------------Check stall condition-------------
25/03/2022 14:14:14 Alt: -0.046
25/03/2022 14:14:14 Mode: STABILIZE
25/03/2022 14:14:14 channel8: 965
25/03/2022 14:14:14 Pilot control
25/03/2022 14:14:14 -------------Check stall condition-------------
25/03/2022 14:14:14 Alt: -0.046
25/03/2022 14:14:14 Mode: STABILIZE
25/03/2022 14:14:14 channel8: 965
25/03/2022 14:14:14 Pilot control
25/03/2022 14:14:14 -------------Check stall condition-------------
25/03/2022 14:14:14 Alt: -0.047
25/03/2022 14:14:14 Mode: STABILIZE
25/03/2022 14:14:14 channel8: 965
25/03/2022 14:14:14 Pilot control
25/03/2022 14:14:14 -------------Check stall condition-------------
25/03/2022 14:14:14 Alt: -0.047
25/03/2022 14:14:14 Mode: STABILIZE
25/03/2022 14:14:14 channel8: 965
25/03/2022 14:14:14 Pilot control
