22/02/2022 12:48:31 Connecting to Vehicle on: /dev/ttyACM0
22/02/2022 12:48:31 ArduPlane V4.1.4 (0f984409)
22/02/2022 12:48:31 ChibiOS: 45395b6a
22/02/2022 12:48:31 CubeBlack 00360049 3337510E 37353832
22/02/2022 12:48:31 RCOut: PWM:1-12
22/02/2022 12:48:31 IMU0: fast sampling enabled 8.0kHz/1.0kHz
22/02/2022 12:48:31 IMU2: fast sampling enabled 8.0kHz/1.0kHz
22/02/2022 12:48:42 -------------Check stall condition-------------
22/02/2022 12:48:42 Alt: -0.062
22/02/2022 12:48:42 distance: 51.324458789739744
22/02/2022 12:48:42 Mode: STABILIZE
22/02/2022 12:48:42 Pilot control
22/02/2022 12:48:43 ch7: 971
22/02/2022 12:48:43 -------------Check stall condition-------------
22/02/2022 12:48:43 Alt: -0.12
22/02/2022 12:48:43 distance: 51.28524280609628
22/02/2022 12:48:43 Mode: STABILIZE
22/02/2022 12:48:43 Pilot control
22/02/2022 12:48:43 ch7: 971
22/02/2022 12:48:43 -------------Check stall condition-------------
22/02/2022 12:48:43 Alt: -0.137
22/02/2022 12:48:43 distance: 51.27091579568555
22/02/2022 12:48:43 Mode: STABILIZE
22/02/2022 12:48:43 Pilot control
22/02/2022 12:48:43 ch7: 971
22/02/2022 12:48:43 -------------Check stall condition-------------
22/02/2022 12:48:43 Alt: -0.185
22/02/2022 12:48:43 distance: 51.27091579568555
22/02/2022 12:48:43 Mode: STABILIZE
22/02/2022 12:48:43 Pilot control
22/02/2022 12:48:44 ch7: 971
22/02/2022 12:48:44 -------------Check stall condition-------------
22/02/2022 12:48:44 Alt: -0.205
22/02/2022 12:48:44 distance: 51.28599547719605
22/02/2022 12:48:44 Mode: STABILIZE
22/02/2022 12:48:44 Pilot control
22/02/2022 12:48:44 ch7: 971
22/02/2022 12:48:44 -------------Check stall condition-------------
22/02/2022 12:48:44 Alt: -0.243
22/02/2022 12:48:44 distance: 51.331236908674455
22/02/2022 12:48:44 Mode: STABILIZE
22/02/2022 12:48:44 Pilot control
22/02/2022 12:48:44 ch7: 971
22/02/2022 12:48:44 -------------Check stall condition-------------
22/02/2022 12:48:44 Alt: -0.258
22/02/2022 12:48:45 distance: 51.35611694484075
22/02/2022 12:48:45 Mode: STABILIZE
22/02/2022 12:48:45 Pilot control
22/02/2022 12:48:45 ch7: 971
22/02/2022 12:48:45 -------------Check stall condition-------------
22/02/2022 12:48:45 Alt: -0.28
22/02/2022 12:48:45 distance: 51.40136175079786
22/02/2022 12:48:45 Mode: STABILIZE
22/02/2022 12:48:45 Pilot control
22/02/2022 12:48:45 ch7: 971
22/02/2022 12:48:45 -------------Check stall condition-------------
22/02/2022 12:48:45 Alt: -0.285
22/02/2022 12:48:45 distance: 51.40136175079786
22/02/2022 12:48:45 Mode: STABILIZE
22/02/2022 12:48:45 Pilot control
22/02/2022 12:48:46 ch7: 971
22/02/2022 12:48:46 -------------Check stall condition-------------
22/02/2022 12:48:46 Alt: -0.28
22/02/2022 12:48:46 distance: 51.38176755349781
22/02/2022 12:48:46 Mode: STABILIZE
22/02/2022 12:48:46 Pilot control
22/02/2022 12:48:46 ch7: 970
22/02/2022 12:48:46 -------------Check stall condition-------------
22/02/2022 12:48:46 Alt: -0.287
22/02/2022 12:48:46 distance: 51.387055057487444
22/02/2022 12:48:46 Mode: STABILIZE
22/02/2022 12:48:46 Pilot control
22/02/2022 12:48:47 ch7: 971
22/02/2022 12:48:47 -------------Check stall condition-------------
22/02/2022 12:48:47 Alt: -0.294
22/02/2022 12:48:47 distance: 51.37197127127577
22/02/2022 12:48:47 Mode: STABILIZE
22/02/2022 12:48:47 Pilot control
22/02/2022 12:48:47 ch7: 971
22/02/2022 12:48:47 -------------Check stall condition-------------
22/02/2022 12:48:47 Alt: -0.05
22/02/2022 12:48:47 distance: 51.362963265231855
22/02/2022 12:48:47 Mode: STABILIZE
22/02/2022 12:48:47 Pilot control
22/02/2022 12:48:47 ch7: 970
22/02/2022 12:48:47 -------------Check stall condition-------------
22/02/2022 12:48:47 Alt: -0.026
22/02/2022 12:48:47 distance: 51.35317063514649
22/02/2022 12:48:47 Mode: STABILIZE
22/02/2022 12:48:47 Pilot control
22/02/2022 12:48:47 ch7: 970
22/02/2022 12:48:47 -------------Check stall condition-------------
22/02/2022 12:48:47 Alt: -0.026
22/02/2022 12:48:47 distance: 51.34867483321801
22/02/2022 12:48:47 Mode: STABILIZE
22/02/2022 12:48:47 Pilot control
22/02/2022 12:48:48 ch7: 971
22/02/2022 12:48:48 -------------Check stall condition-------------
22/02/2022 12:48:48 Alt: -0.032
22/02/2022 12:48:48 distance: 51.34867483321801
22/02/2022 12:48:48 Mode: STABILIZE
22/02/2022 12:48:48 Pilot control
22/02/2022 12:48:48 ch7: 971
22/02/2022 12:48:48 -------------Check stall condition-------------
22/02/2022 12:48:48 Alt: -0.044
22/02/2022 12:48:48 distance: 51.34867483321801
22/02/2022 12:48:48 Mode: STABILIZE
22/02/2022 12:48:48 Pilot control
22/02/2022 12:48:48 ch7: 971
22/02/2022 12:48:48 -------------Check stall condition-------------
22/02/2022 12:48:48 Alt: -0.055
22/02/2022 12:48:48 distance: 51.363763049589394
22/02/2022 12:48:48 Mode: STABILIZE
22/02/2022 12:48:48 Pilot control
22/02/2022 12:48:48 ch7: 971
22/02/2022 12:48:48 -------------Check stall condition-------------
22/02/2022 12:48:48 Alt: -0.076
22/02/2022 12:48:48 distance: 51.37885165755621
22/02/2022 12:48:49 Mode: STABILIZE
22/02/2022 12:48:49 Pilot control
22/02/2022 12:48:49 ch7: 971
22/02/2022 12:48:49 -------------Check stall condition-------------
22/02/2022 12:48:49 Alt: -0.142
22/02/2022 12:48:49 distance: 51.418819273793076
22/02/2022 12:48:49 Mode: STABILIZE
22/02/2022 12:48:49 Pilot control
22/02/2022 12:48:49 ch7: 971
22/02/2022 12:48:49 -------------Check stall condition-------------
22/02/2022 12:48:49 Alt: -0.179
22/02/2022 12:48:49 distance: 51.46777357270123
22/02/2022 12:48:49 Mode: STABILIZE
22/02/2022 12:48:49 Pilot control
22/02/2022 12:48:50 ch7: 971
22/02/2022 12:48:50 -------------Check stall condition-------------
22/02/2022 12:48:50 Alt: -0.244
22/02/2022 12:48:50 distance: 51.497152691628244
22/02/2022 12:48:50 Mode: STABILIZE
22/02/2022 12:48:50 Pilot control
22/02/2022 12:48:50 ch7: 971
22/02/2022 12:48:50 -------------Check stall condition-------------
22/02/2022 12:48:50 Alt: -0.275
22/02/2022 12:48:50 distance: 51.5069468182229
22/02/2022 12:48:50 Mode: STABILIZE
22/02/2022 12:48:50 Pilot control
22/02/2022 12:48:50 ch7: 970
22/02/2022 12:48:50 -------------Check stall condition-------------
22/02/2022 12:48:50 Alt: -0.332
22/02/2022 12:48:50 distance: 51.48657327866091
22/02/2022 12:48:50 Mode: STABILIZE
22/02/2022 12:48:50 Pilot control
22/02/2022 12:48:51 ch7: 971
22/02/2022 12:48:51 -------------Check stall condition-------------
22/02/2022 12:48:51 Alt: -0.357
22/02/2022 12:48:51 distance: 51.466982629416755
22/02/2022 12:48:51 Mode: STABILIZE
22/02/2022 12:48:51 Pilot control
22/02/2022 12:48:51 ch7: 971
22/02/2022 12:48:51 -------------Check stall condition-------------
22/02/2022 12:48:51 Alt: -0.393
22/02/2022 12:48:51 distance: 51.45718811949298
22/02/2022 12:48:51 Mode: STABILIZE
22/02/2022 12:48:51 Pilot control
22/02/2022 12:48:52 ch7: 971
22/02/2022 12:48:52 -------------Check stall condition-------------
22/02/2022 12:48:52 Alt: -0.409
22/02/2022 12:48:52 distance: 51.45718811949298
22/02/2022 12:48:52 Mode: STABILIZE
22/02/2022 12:48:52 Pilot control
22/02/2022 12:48:52 ch7: 971
22/02/2022 12:48:52 -------------Check stall condition-------------
22/02/2022 12:48:52 Alt: -0.43
22/02/2022 12:48:52 distance: 51.436814144383185
22/02/2022 12:48:52 Mode: STABILIZE
22/02/2022 12:48:52 Pilot control
22/02/2022 12:48:52 ch7: 971
22/02/2022 12:48:52 -------------Check stall condition-------------
22/02/2022 12:48:52 Alt: -0.445
22/02/2022 12:48:52 distance: 51.43230878949445
22/02/2022 12:48:52 Mode: STABILIZE
22/02/2022 12:48:52 Pilot control
22/02/2022 12:48:52 ch7: 971
22/02/2022 12:48:52 -------------Check stall condition-------------
22/02/2022 12:48:52 Alt: -0.426
22/02/2022 12:48:52 distance: 51.437600734770136
22/02/2022 12:48:52 Mode: STABILIZE
22/02/2022 12:48:52 Pilot control
22/02/2022 12:48:53 ch7: 970
22/02/2022 12:48:53 -------------Check stall condition-------------
22/02/2022 12:48:53 Alt: -0.191
22/02/2022 12:48:53 distance: 51.447394154971164
22/02/2022 12:48:53 Mode: STABILIZE
22/02/2022 12:48:53 Pilot control
22/02/2022 12:48:53 ch7: 971
22/02/2022 12:48:53 -------------Check stall condition-------------
22/02/2022 12:48:53 Alt: -0.112
22/02/2022 12:48:53 distance: 51.437600734770136
22/02/2022 12:48:53 Mode: STABILIZE
22/02/2022 12:48:53 Pilot control
