09/03/2022 12:26:25 Connecting to Vehicle on: /dev/ttyACM0
09/03/2022 12:26:25 Calibrating barometer
09/03/2022 12:26:25 Initialising ArduPilot
09/03/2022 12:26:25 Barometer 1 calibration complete
09/03/2022 12:26:25 Barometer 2 calibration complete
09/03/2022 12:26:25 Airspeed 1 calibration started
09/03/2022 12:26:25 ArduPilot Ready
09/03/2022 12:26:25 AHRS: DCM active
09/03/2022 12:26:25 RCOut: PWM:1-12
09/03/2022 12:26:25 ArduPlane V4.1.4 (0f984409)
09/03/2022 12:26:25 ChibiOS: 45395b6a
09/03/2022 12:26:25 CubeBlack 00360049 3337510E 37353832
09/03/2022 12:26:25 RCOut: PWM:1-12
09/03/2022 12:26:25 IMU0: fast sampling enabled 8.0kHz/1.0kHz
09/03/2022 12:26:25 IMU2: fast sampling enabled 8.0kHz/1.0kHz
09/03/2022 12:26:36 -------------Check stall condition-------------
09/03/2022 12:26:36 Alt: 0.02
09/03/2022 12:26:36 distance: 38.75726320457148
09/03/2022 12:26:36 Mode: STABILIZE
09/03/2022 12:26:36 Pilot control
09/03/2022 12:26:36 Pilot control
09/03/2022 12:26:36 -------------Check stall condition-------------
09/03/2022 12:26:36 Alt: 0.02
09/03/2022 12:26:36 distance: 38.75726320457148
09/03/2022 12:26:36 Mode: STABILIZE
09/03/2022 12:26:36 Pilot control
09/03/2022 12:26:36 Pilot control
09/03/2022 12:26:36 -------------Check stall condition-------------
09/03/2022 12:26:36 Alt: 0.02
09/03/2022 12:26:36 distance: 38.75726320457148
09/03/2022 12:26:36 Mode: STABILIZE
09/03/2022 12:26:36 Pilot control
09/03/2022 12:26:36 Pilot control
09/03/2022 12:26:36 -------------Check stall condition-------------
09/03/2022 12:26:36 Alt: 0.02
09/03/2022 12:26:36 distance: 38.75726320457148
09/03/2022 12:26:36 Mode: STABILIZE
09/03/2022 12:26:36 Pilot control
09/03/2022 12:26:36 Pilot control
09/03/2022 12:26:36 -------------Check stall condition-------------
09/03/2022 12:26:36 Alt: 0.045
09/03/2022 12:26:36 distance: 38.850004718724946
09/03/2022 12:26:36 Mode: STABILIZE
09/03/2022 12:26:36 Pilot control
09/03/2022 12:26:36 Pilot control
09/03/2022 12:26:36 -------------Check stall condition-------------
09/03/2022 12:26:36 Alt: 0.045
09/03/2022 12:26:36 distance: 38.850004718724946
09/03/2022 12:26:36 Mode: STABILIZE
09/03/2022 12:26:36 Pilot control
09/03/2022 12:26:36 Pilot control
09/03/2022 12:26:36 -------------Check stall condition-------------
09/03/2022 12:26:36 Alt: 0.045
09/03/2022 12:26:36 distance: 38.850004718724946
09/03/2022 12:26:36 Mode: STABILIZE
09/03/2022 12:26:36 Pilot control
09/03/2022 12:26:36 Pilot control
09/03/2022 12:26:37 -------------Check stall condition-------------
09/03/2022 12:26:37 Alt: 0.054
09/03/2022 12:26:37 distance: 38.902621656930066
09/03/2022 12:26:37 Mode: STABILIZE
09/03/2022 12:26:37 Pilot control
09/03/2022 12:26:37 Pilot control
09/03/2022 12:26:37 -------------Check stall condition-------------
09/03/2022 12:26:37 Alt: 0.054
09/03/2022 12:26:37 distance: 38.902621656930066
09/03/2022 12:26:37 Mode: STABILIZE
09/03/2022 12:26:37 Pilot control
09/03/2022 12:26:37 Pilot control
09/03/2022 12:26:37 -------------Check stall condition-------------
09/03/2022 12:26:37 Alt: 0.054
09/03/2022 12:26:37 distance: 38.902621656930066
09/03/2022 12:26:37 Mode: STABILIZE
09/03/2022 12:26:37 Pilot control
09/03/2022 12:26:37 Pilot control
09/03/2022 12:26:37 -------------Check stall condition-------------
09/03/2022 12:26:37 Alt: 0.067
09/03/2022 12:26:37 distance: 39.0017857008727
09/03/2022 12:26:37 Mode: STABILIZE
09/03/2022 12:26:37 Pilot control
09/03/2022 12:26:37 Pilot control
09/03/2022 12:26:37 -------------Check stall condition-------------
09/03/2022 12:26:37 Alt: 0.067
09/03/2022 12:26:37 distance: 39.0017857008727
09/03/2022 12:26:37 Mode: STABILIZE
09/03/2022 12:26:37 Pilot control
09/03/2022 12:26:37 Pilot control
09/03/2022 12:26:37 -------------Check stall condition-------------
09/03/2022 12:26:37 Alt: 0.067
09/03/2022 12:26:37 distance: 39.0017857008727
09/03/2022 12:26:37 Mode: STABILIZE
09/03/2022 12:26:37 Pilot control
09/03/2022 12:26:37 Pilot control
09/03/2022 12:26:37 -------------Check stall condition-------------
09/03/2022 12:26:37 Alt: 0.067
09/03/2022 12:26:37 distance: 39.082385146593694
09/03/2022 12:26:37 Mode: STABILIZE
09/03/2022 12:26:37 Pilot control
09/03/2022 12:26:37 Pilot control
09/03/2022 12:26:37 -------------Check stall condition-------------
09/03/2022 12:26:37 Alt: 0.068
09/03/2022 12:26:37 distance: 39.082385146593694
09/03/2022 12:26:37 Mode: STABILIZE
09/03/2022 12:26:37 Pilot control
09/03/2022 12:26:37 Pilot control
09/03/2022 12:26:37 -------------Check stall condition-------------
09/03/2022 12:26:37 Alt: 0.068
09/03/2022 12:26:37 distance: 39.082385146593694
09/03/2022 12:26:37 Mode: STABILIZE
09/03/2022 12:26:37 Pilot control
09/03/2022 12:26:37 Pilot control
09/03/2022 12:26:37 -------------Check stall condition-------------
09/03/2022 12:26:37 Alt: 0.068
09/03/2022 12:26:37 distance: 39.082385146593694
09/03/2022 12:26:37 Mode: STABILIZE
09/03/2022 12:26:37 Pilot control
09/03/2022 12:26:37 Pilot control
09/03/2022 12:26:37 -------------Check stall condition-------------
09/03/2022 12:26:37 Alt: 0.068
09/03/2022 12:26:37 distance: 39.082385146593694
09/03/2022 12:26:37 Mode: STABILIZE
09/03/2022 12:26:37 Pilot control
09/03/2022 12:26:37 Pilot control
09/03/2022 12:26:37 -------------Check stall condition-------------
09/03/2022 12:26:37 Alt: 0.061
09/03/2022 12:26:37 distance: 39.13506329466373
09/03/2022 12:26:37 Mode: STABILIZE
09/03/2022 12:26:37 Pilot control
09/03/2022 12:26:37 Pilot control
09/03/2022 12:26:37 -------------Check stall condition-------------
09/03/2022 12:26:37 Alt: 0.061
09/03/2022 12:26:37 distance: 39.13506329466373
09/03/2022 12:26:37 Mode: STABILIZE
09/03/2022 12:26:37 Pilot control
09/03/2022 12:26:37 Pilot control
09/03/2022 12:26:37 -------------Check stall condition-------------
09/03/2022 12:26:37 Alt: 0.061
09/03/2022 12:26:37 distance: 39.13506329466373
09/03/2022 12:26:37 Mode: STABILIZE
09/03/2022 12:26:37 Pilot control
09/03/2022 12:26:37 Pilot control
09/03/2022 12:26:37 -------------Check stall condition-------------
09/03/2022 12:26:37 Alt: 0.061
09/03/2022 12:26:37 distance: 39.13506329466373
09/03/2022 12:26:37 Mode: STABILIZE
09/03/2022 12:26:37 Pilot control
09/03/2022 12:26:37 Pilot control
09/03/2022 12:26:37 -------------Check stall condition-------------
09/03/2022 12:26:37 Alt: 0.049
09/03/2022 12:26:37 distance: 39.18775284774123
09/03/2022 12:26:37 Mode: STABILIZE
09/03/2022 12:26:37 Pilot control
09/03/2022 12:26:37 Pilot control
09/03/2022 12:26:37 -------------Check stall condition-------------
09/03/2022 12:26:37 Alt: 0.049
09/03/2022 12:26:37 distance: 39.18775284774123
09/03/2022 12:26:38 Mode: STABILIZE
09/03/2022 12:26:38 Pilot control
09/03/2022 12:26:38 Pilot control
09/03/2022 12:26:38 -------------Check stall condition-------------
09/03/2022 12:26:38 Alt: 0.049
09/03/2022 12:26:38 distance: 39.18775284774123
09/03/2022 12:26:38 Mode: STABILIZE
09/03/2022 12:26:38 Pilot control
09/03/2022 12:26:38 Pilot control
09/03/2022 12:26:38 -------------Check stall condition-------------
09/03/2022 12:26:38 Alt: 0.049
09/03/2022 12:26:38 distance: 39.18775284774123
09/03/2022 12:26:38 Mode: STABILIZE
09/03/2022 12:26:38 Pilot control
09/03/2022 12:26:38 Pilot control
09/03/2022 12:26:38 -------------Check stall condition-------------
09/03/2022 12:26:38 Alt: 0.049
09/03/2022 12:26:38 distance: 39.234375769428446
09/03/2022 12:26:38 Mode: STABILIZE
09/03/2022 12:26:38 Pilot control
09/03/2022 12:26:38 Pilot control
09/03/2022 12:26:38 -------------Check stall condition-------------
09/03/2022 12:26:38 Alt: 0.048
09/03/2022 12:26:38 distance: 39.234375769428446
09/03/2022 12:26:38 Mode: STABILIZE
09/03/2022 12:26:38 Pilot control
09/03/2022 12:26:38 Pilot control
09/03/2022 12:26:38 -------------Check stall condition-------------
09/03/2022 12:26:38 Alt: 0.048
09/03/2022 12:26:38 distance: 39.234375769428446
09/03/2022 12:26:38 Mode: STABILIZE
09/03/2022 12:26:38 Pilot control
09/03/2022 12:26:38 Pilot control
09/03/2022 12:26:38 -------------Check stall condition-------------
09/03/2022 12:26:38 Alt: 0.047
09/03/2022 12:26:38 distance: 39.287092995876705
09/03/2022 12:26:38 Mode: STABILIZE
09/03/2022 12:26:38 Pilot control
09/03/2022 12:26:38 Pilot control
09/03/2022 12:26:38 -------------Check stall condition-------------
09/03/2022 12:26:38 Alt: 0.047
09/03/2022 12:26:38 distance: 39.287092995876705
09/03/2022 12:26:38 Mode: STABILIZE
09/03/2022 12:26:38 Pilot control
09/03/2022 12:26:38 Pilot control
09/03/2022 12:26:38 -------------Check stall condition-------------
09/03/2022 12:26:38 Alt: 0.047
09/03/2022 12:26:38 distance: 39.287092995876705
09/03/2022 12:26:38 Mode: STABILIZE
09/03/2022 12:26:38 Pilot control
09/03/2022 12:26:38 Pilot control
09/03/2022 12:26:38 -------------Check stall condition-------------
09/03/2022 12:26:38 Alt: 0.04
09/03/2022 12:26:38 distance: 39.33375569226445
09/03/2022 12:26:38 Mode: STABILIZE
09/03/2022 12:26:38 Pilot control
09/03/2022 12:26:38 Pilot control
09/03/2022 12:26:38 -------------Check stall condition-------------
09/03/2022 12:26:38 Alt: 0.04
09/03/2022 12:26:38 distance: 39.33375569226445
09/03/2022 12:26:38 Mode: STABILIZE
09/03/2022 12:26:38 Pilot control
09/03/2022 12:26:38 Pilot control
09/03/2022 12:26:38 -------------Check stall condition-------------
09/03/2022 12:26:38 Alt: 0.04
09/03/2022 12:26:38 distance: 39.33375569226445
09/03/2022 12:26:38 Mode: STABILIZE
09/03/2022 12:26:38 Pilot control
09/03/2022 12:26:38 Pilot control
09/03/2022 12:26:38 -------------Check stall condition-------------
09/03/2022 12:26:38 Alt: 0.04
09/03/2022 12:26:38 distance: 39.33375569226445
09/03/2022 12:26:38 Mode: STABILIZE
09/03/2022 12:26:38 Pilot control
09/03/2022 12:26:38 Pilot control
09/03/2022 12:26:38 -------------Check stall condition-------------
09/03/2022 12:26:38 Alt: 0.04
09/03/2022 12:26:38 distance: 39.33375569226445
09/03/2022 12:26:38 Mode: STABILIZE
09/03/2022 12:26:38 Pilot control
09/03/2022 12:26:38 Pilot control
09/03/2022 12:26:38 -------------Check stall condition-------------
09/03/2022 12:26:38 Alt: 0.04
09/03/2022 12:26:38 distance: 39.33375569226445
09/03/2022 12:26:38 Mode: STABILIZE
09/03/2022 12:26:38 Pilot control
09/03/2022 12:26:38 Pilot control
09/03/2022 12:26:38 -------------Check stall condition-------------
09/03/2022 12:26:38 Alt: 0.04
09/03/2022 12:26:38 distance: 39.33375569226445
09/03/2022 12:26:38 Mode: STABILIZE
09/03/2022 12:26:38 Pilot control
09/03/2022 12:26:38 Pilot control
09/03/2022 12:26:38 -------------Check stall condition-------------
09/03/2022 12:26:38 Alt: 0.04
09/03/2022 12:26:38 distance: 39.33375569226445
09/03/2022 12:26:38 Mode: STABILIZE
09/03/2022 12:26:38 Pilot control
09/03/2022 12:26:38 Pilot control
09/03/2022 12:26:38 -------------Check stall condition-------------
09/03/2022 12:26:38 Alt: 0.04
09/03/2022 12:26:38 distance: 39.33375569226445
09/03/2022 12:26:38 Mode: STABILIZE
09/03/2022 12:26:38 Pilot control
09/03/2022 12:26:38 Pilot control
09/03/2022 12:26:38 -------------Check stall condition-------------
09/03/2022 12:26:38 Alt: 0.04
09/03/2022 12:26:38 distance: 39.33375569226445
09/03/2022 12:26:38 Mode: STABILIZE
09/03/2022 12:26:38 Pilot control
09/03/2022 12:26:38 Pilot control
09/03/2022 12:26:38 -------------Check stall condition-------------
09/03/2022 12:26:38 Alt: 0.04
09/03/2022 12:26:38 distance: 39.33375569226445
09/03/2022 12:26:38 Mode: STABILIZE
09/03/2022 12:26:38 Pilot control
09/03/2022 12:26:38 Pilot control
09/03/2022 12:26:38 -------------Check stall condition-------------
09/03/2022 12:26:38 Alt: 0.04
09/03/2022 12:26:38 distance: 39.33375569226445
09/03/2022 12:26:38 Mode: STABILIZE
09/03/2022 12:26:38 Pilot control
