21/03/2022 14:53:25 Connecting to Vehicle on: /dev/ttyACM0
21/03/2022 14:53:26 ArduPlane V4.1.4 (0f984409)
21/03/2022 14:53:26 ChibiOS: 45395b6a
21/03/2022 14:53:26 CubeBlack 00360049 3337510E 37353832
21/03/2022 14:53:26 RCOut: PWM:1-12
21/03/2022 14:53:26 IMU0: fast sampling enabled 8.0kHz/1.0kHz
21/03/2022 14:53:26 IMU2: fast sampling enabled 8.0kHz/1.0kHz
21/03/2022 14:53:31 EKF3 IMU0 initialised
21/03/2022 14:53:31 EKF3 IMU1 initialised
21/03/2022 14:53:33 EKF3 IMU0 tilt alignment complete
21/03/2022 14:53:33 EKF3 IMU1 tilt alignment complete
21/03/2022 14:53:33 EKF3 IMU0 MAG0 initial yaw alignment complete
21/03/2022 14:53:33 EKF3 IMU1 MAG0 initial yaw alignment complete
21/03/2022 14:53:36 -------------Check stall condition-------------
21/03/2022 14:53:36 Alt: -0.11
21/03/2022 14:53:36 distance: 1283.9360837767454
21/03/2022 14:53:36 Mode: STABILIZE
21/03/2022 14:53:36 Pilot control
21/03/2022 14:53:36 Pilot control
21/03/2022 14:53:36 -------------Check stall condition-------------
21/03/2022 14:53:36 Alt: -0.11
21/03/2022 14:53:36 distance: 1283.9360837767454
21/03/2022 14:53:36 Mode: STABILIZE
21/03/2022 14:53:36 Pilot control
21/03/2022 14:53:36 Pilot control
21/03/2022 14:53:36 -------------Check stall condition-------------
21/03/2022 14:53:36 Alt: -0.11
21/03/2022 14:53:36 distance: 1283.9360837767454
21/03/2022 14:53:36 Mode: STABILIZE
21/03/2022 14:53:36 Pilot control
21/03/2022 14:53:36 Pilot control
21/03/2022 14:53:36 -------------Check stall condition-------------
21/03/2022 14:53:36 Alt: -0.11
21/03/2022 14:53:36 distance: 1283.4020945151717
21/03/2022 14:53:36 Mode: STABILIZE
21/03/2022 14:53:36 Pilot control
21/03/2022 14:53:36 Pilot control
21/03/2022 14:53:36 -------------Check stall condition-------------
21/03/2022 14:53:36 Alt: -0.082
21/03/2022 14:53:36 distance: 1283.4020945151717
21/03/2022 14:53:36 Mode: STABILIZE
21/03/2022 14:53:36 Pilot control
21/03/2022 14:53:36 Pilot control
21/03/2022 14:53:36 -------------Check stall condition-------------
21/03/2022 14:53:36 Alt: -0.082
21/03/2022 14:53:36 distance: 1283.4020945151717
21/03/2022 14:53:36 Mode: STABILIZE
21/03/2022 14:53:36 Pilot control
21/03/2022 14:53:36 Pilot control
21/03/2022 14:53:36 -------------Check stall condition-------------
21/03/2022 14:53:37 Alt: -0.082
21/03/2022 14:53:37 distance: 1283.4020945151717
21/03/2022 14:53:37 Mode: STABILIZE
21/03/2022 14:53:37 Pilot control
21/03/2022 14:53:37 Pilot control
21/03/2022 14:53:37 -------------Check stall condition-------------
21/03/2022 14:53:37 Alt: -0.082
21/03/2022 14:53:37 distance: 1283.4020945151717
21/03/2022 14:53:37 Mode: STABILIZE
21/03/2022 14:53:37 Pilot control
21/03/2022 14:53:37 Pilot control
21/03/2022 14:53:37 -------------Check stall condition-------------
21/03/2022 14:53:37 Alt: -0.082
21/03/2022 14:53:37 distance: 1283.4020945151717
21/03/2022 14:53:37 Mode: STABILIZE
21/03/2022 14:53:37 Pilot control
21/03/2022 14:53:37 Pilot control
21/03/2022 14:53:37 -------------Check stall condition-------------
21/03/2022 14:53:37 Alt: -0.033
21/03/2022 14:53:37 distance: 1283.1381633610292
21/03/2022 14:53:37 Mode: STABILIZE
21/03/2022 14:53:37 Pilot control
21/03/2022 14:53:37 Pilot control
21/03/2022 14:53:37 -------------Check stall condition-------------
21/03/2022 14:53:37 Alt: -0.033
21/03/2022 14:53:37 distance: 1283.1381633610292
21/03/2022 14:53:37 Mode: STABILIZE
21/03/2022 14:53:37 Pilot control
21/03/2022 14:53:37 Pilot control
21/03/2022 14:53:37 -------------Check stall condition-------------
21/03/2022 14:53:37 Alt: -0.033
21/03/2022 14:53:37 distance: 1283.1381633610292
21/03/2022 14:53:37 Mode: STABILIZE
21/03/2022 14:53:37 Pilot control
21/03/2022 14:53:37 Pilot control
21/03/2022 14:53:37 -------------Check stall condition-------------
21/03/2022 14:53:37 Alt: -0.033
21/03/2022 14:53:37 distance: 1283.1381633610292
21/03/2022 14:53:37 Mode: STABILIZE
21/03/2022 14:53:37 Pilot control
21/03/2022 14:53:37 Pilot control
21/03/2022 14:53:37 -------------Check stall condition-------------
21/03/2022 14:53:37 Alt: -0.033
21/03/2022 14:53:37 distance: 1283.1381633610292
21/03/2022 14:53:37 Mode: STABILIZE
21/03/2022 14:53:37 Pilot control
21/03/2022 14:53:37 Pilot control
21/03/2022 14:53:37 -------------Check stall condition-------------
21/03/2022 14:53:37 Alt: 0.052
21/03/2022 14:53:37 distance: 1282.8868148512938
21/03/2022 14:53:37 Mode: STABILIZE
21/03/2022 14:53:37 Pilot control
21/03/2022 14:53:37 Pilot control
21/03/2022 14:53:37 -------------Check stall condition-------------
21/03/2022 14:53:37 Alt: 0.052
21/03/2022 14:53:37 distance: 1282.8868148512938
21/03/2022 14:53:37 ch7: 2065
21/03/2022 14:53:37 Mode: STABILIZE
21/03/2022 14:53:37 Pilot control
21/03/2022 14:53:37 Pilot control
21/03/2022 14:53:37 -------------Check stall condition-------------
21/03/2022 14:53:37 Alt: 0.052
21/03/2022 14:53:37 distance: 1282.8868148512938
21/03/2022 14:53:37 Mode: STABILIZE
21/03/2022 14:53:37 Pilot control
21/03/2022 14:53:37 Pilot control
21/03/2022 14:53:37 -------------Check stall condition-------------
21/03/2022 14:53:37 Alt: 0.052
21/03/2022 14:53:37 Saved video
21/03/2022 14:53:37 distance: 1282.8868148512938
21/03/2022 14:53:37 Mode: STABILIZE
21/03/2022 14:53:37 Pilot control
21/03/2022 14:53:37 Pilot control
21/03/2022 14:53:37 -------------Check stall condition-------------
21/03/2022 14:53:37 Alt: -0.022
21/03/2022 14:53:37 distance: 1283.060325018507
21/03/2022 14:53:37 Mode: STABILIZE
21/03/2022 14:53:37 Pilot control
21/03/2022 14:53:37 Pilot control
21/03/2022 14:53:37 -------------Check stall condition-------------
21/03/2022 14:53:37 Alt: -0.022
21/03/2022 14:53:37 distance: 1283.060325018507
21/03/2022 14:53:37 Mode: STABILIZE
21/03/2022 14:53:37 Pilot control
21/03/2022 14:53:37 Pilot control
21/03/2022 14:53:37 -------------Check stall condition-------------
21/03/2022 14:53:37 Alt: -0.022
21/03/2022 14:53:37 distance: 1283.060325018507
21/03/2022 14:53:37 Mode: STABILIZE
21/03/2022 14:53:37 Pilot control
21/03/2022 14:53:37 Pilot control
21/03/2022 14:53:37 -------------Check stall condition-------------
21/03/2022 14:53:37 Alt: -0.022
21/03/2022 14:53:37 distance: 1283.060325018507
21/03/2022 14:53:37 Mode: STABILIZE
21/03/2022 14:53:37 Pilot control
21/03/2022 14:53:37 Pilot control
21/03/2022 14:53:37 -------------Check stall condition-------------
21/03/2022 14:53:37 Alt: -0.022
21/03/2022 14:53:37 distance: 1283.060325018507
21/03/2022 14:53:37 Mode: STABILIZE
21/03/2022 14:53:37 Pilot control
21/03/2022 14:53:37 Pilot control
21/03/2022 14:53:37 -------------Check stall condition-------------
21/03/2022 14:53:37 Alt: -0.022
21/03/2022 14:53:37 distance: 1283.060325018507
21/03/2022 14:53:37 Mode: STABILIZE
21/03/2022 14:53:37 Pilot control
21/03/2022 14:53:37 Pilot control
21/03/2022 14:53:37 -------------Check stall condition-------------
21/03/2022 14:53:37 Alt: -0.022
21/03/2022 14:53:37 distance: 1283.5216777869814
21/03/2022 14:53:37 Mode: STABILIZE
21/03/2022 14:53:37 Pilot control
21/03/2022 14:53:37 Pilot control
21/03/2022 14:53:37 -------------Check stall condition-------------
21/03/2022 14:53:37 Alt: -0.22
21/03/2022 14:53:37 distance: 1283.5216777869814
21/03/2022 14:53:37 Mode: STABILIZE
21/03/2022 14:53:37 Pilot control
21/03/2022 14:53:37 Pilot control
21/03/2022 14:53:37 -------------Check stall condition-------------
21/03/2022 14:53:38 Alt: -0.22
21/03/2022 14:53:38 distance: 1283.5216777869814
21/03/2022 14:53:38 Mode: STABILIZE
21/03/2022 14:53:38 Pilot control
21/03/2022 14:53:38 Pilot control
21/03/2022 14:53:38 -------------Check stall condition-------------
21/03/2022 14:53:38 Alt: -0.22
21/03/2022 14:53:38 distance: 1284.3949609840138
21/03/2022 14:53:38 Mode: STABILIZE
21/03/2022 14:53:38 Pilot control
21/03/2022 14:53:38 Pilot control
21/03/2022 14:53:38 -------------Check stall condition-------------
21/03/2022 14:53:38 Alt: -0.265
21/03/2022 14:53:38 distance: 1284.3949609840138
21/03/2022 14:53:38 Mode: STABILIZE
21/03/2022 14:53:38 Pilot control
21/03/2022 14:53:38 Pilot control
21/03/2022 14:53:38 -------------Check stall condition-------------
21/03/2022 14:53:38 Alt: -0.265
21/03/2022 14:53:38 distance: 1284.3949609840138
21/03/2022 14:53:38 Mode: STABILIZE
21/03/2022 14:53:38 Pilot control
21/03/2022 14:53:38 Pilot control
21/03/2022 14:53:38 -------------Check stall condition-------------
21/03/2022 14:53:38 Alt: -0.265
21/03/2022 14:53:38 distance: 1285.78524625111
21/03/2022 14:53:38 Mode: STABILIZE
21/03/2022 14:53:38 Pilot control
21/03/2022 14:53:38 Pilot control
21/03/2022 14:53:38 -------------Check stall condition-------------
21/03/2022 14:53:38 Alt: -0.226
21/03/2022 14:53:38 distance: 1285.78524625111
21/03/2022 14:53:38 Mode: STABILIZE
21/03/2022 14:53:38 Pilot control
21/03/2022 14:53:38 Pilot control
21/03/2022 14:53:38 -------------Check stall condition-------------
21/03/2022 14:53:38 Alt: -0.226
21/03/2022 14:53:38 distance: 1285.78524625111
21/03/2022 14:53:38 Mode: STABILIZE
21/03/2022 14:53:38 Pilot control
21/03/2022 14:53:38 Pilot control
21/03/2022 14:53:38 -------------Check stall condition-------------
21/03/2022 14:53:38 Alt: -0.082
21/03/2022 14:53:38 distance: 1286.94046741197
21/03/2022 14:53:38 Mode: STABILIZE
21/03/2022 14:53:38 Pilot control
21/03/2022 14:53:38 Pilot control
21/03/2022 14:53:38 -------------Check stall condition-------------
21/03/2022 14:53:38 Alt: -0.082
21/03/2022 14:53:38 distance: 1286.94046741197
21/03/2022 14:53:38 Mode: STABILIZE
21/03/2022 14:53:38 Pilot control
21/03/2022 14:53:38 Pilot control
21/03/2022 14:53:38 -------------Check stall condition-------------
21/03/2022 14:53:38 Alt: -0.082
21/03/2022 14:53:38 distance: 1286.94046741197
21/03/2022 14:53:38 Mode: STABILIZE
21/03/2022 14:53:38 Pilot control
21/03/2022 14:53:38 Pilot control
21/03/2022 14:53:38 -------------Check stall condition-------------
21/03/2022 14:53:38 Alt: -0.082
21/03/2022 14:53:38 distance: 1286.94046741197
21/03/2022 14:53:39 Mode: STABILIZE
21/03/2022 14:53:39 Pilot control
21/03/2022 14:53:39 Pilot control
21/03/2022 14:53:39 -------------Check stall condition-------------
21/03/2022 14:53:39 Alt: -0.082
21/03/2022 14:53:39 distance: 1286.94046741197
21/03/2022 14:53:39 Mode: STABILIZE
21/03/2022 14:53:39 Pilot control
21/03/2022 14:53:39 Pilot control
21/03/2022 14:53:39 -------------Check stall condition-------------
21/03/2022 14:53:39 Alt: -0.082
21/03/2022 14:53:39 distance: 1288.064519569236
21/03/2022 14:53:39 Mode: STABILIZE
21/03/2022 14:53:39 Pilot control
21/03/2022 14:53:39 Pilot control
21/03/2022 14:53:39 -------------Check stall condition-------------
21/03/2022 14:53:39 Alt: -0.204
21/03/2022 14:53:39 distance: 1288.064519569236
21/03/2022 14:53:39 Mode: STABILIZE
21/03/2022 14:53:39 Pilot control
21/03/2022 14:53:39 Pilot control
21/03/2022 14:53:39 -------------Check stall condition-------------
21/03/2022 14:53:39 Alt: -0.204
21/03/2022 14:53:39 distance: 1288.064519569236
21/03/2022 14:53:39 Mode: STABILIZE
21/03/2022 14:53:39 Pilot control
21/03/2022 14:53:39 Pilot control
21/03/2022 14:53:39 -------------Check stall condition-------------
21/03/2022 14:53:39 Alt: -0.204
21/03/2022 14:53:39 distance: 1288.064519569236
21/03/2022 14:53:39 Mode: STABILIZE
21/03/2022 14:53:39 Pilot control
21/03/2022 14:53:39 Pilot control
21/03/2022 14:53:39 -------------Check stall condition-------------
21/03/2022 14:53:39 Alt: -0.204
21/03/2022 14:53:39 distance: 1288.064519569236
21/03/2022 14:53:39 Mode: STABILIZE
21/03/2022 14:53:39 Pilot control
21/03/2022 14:53:39 Pilot control
21/03/2022 14:53:39 -------------Check stall condition-------------
21/03/2022 14:53:39 Alt: -0.204
21/03/2022 14:53:39 distance: 1291.2139921575651
21/03/2022 14:53:39 Mode: STABILIZE
21/03/2022 14:53:39 Pilot control
21/03/2022 14:53:39 Pilot control
21/03/2022 14:53:39 -------------Check stall condition-------------
21/03/2022 14:53:39 Alt: -0.132
21/03/2022 14:53:39 distance: 1291.8146339638774
21/03/2022 14:53:39 Mode: STABILIZE
21/03/2022 14:53:39 Pilot control
21/03/2022 14:53:39 Pilot control
21/03/2022 14:53:39 -------------Check stall condition-------------
21/03/2022 14:53:39 Alt: -0.132
21/03/2022 14:53:39 distance: 1291.8146339638774
21/03/2022 14:53:39 Mode: STABILIZE
21/03/2022 14:53:39 Pilot control
21/03/2022 14:53:39 Pilot control
21/03/2022 14:53:39 -------------Check stall condition-------------
21/03/2022 14:53:39 Alt: -0.132
21/03/2022 14:53:39 distance: 1291.8146339638774
21/03/2022 14:53:39 Mode: STABILIZE
21/03/2022 14:53:39 Pilot control
21/03/2022 14:53:39 Pilot control
21/03/2022 14:53:39 -------------Check stall condition-------------
21/03/2022 14:53:39 Alt: -0.132
21/03/2022 14:53:39 distance: 1291.8146339638774
21/03/2022 14:53:39 Mode: STABILIZE
21/03/2022 14:53:39 Pilot control
21/03/2022 14:53:39 Pilot control
21/03/2022 14:53:39 -------------Check stall condition-------------
21/03/2022 14:53:39 Alt: -0.132
21/03/2022 14:53:39 distance: 1291.8146339638774
21/03/2022 14:53:39 Mode: STABILIZE
21/03/2022 14:53:39 Pilot control
21/03/2022 14:53:39 Pilot control
21/03/2022 14:53:39 -------------Check stall condition-------------
21/03/2022 14:53:39 Alt: -0.132
21/03/2022 14:53:39 distance: 1291.8146339638774
21/03/2022 14:53:39 Mode: STABILIZE
21/03/2022 14:53:39 Pilot control
21/03/2022 14:53:39 Pilot control
21/03/2022 14:53:39 -------------Check stall condition-------------
21/03/2022 14:53:39 Alt: -0.121
21/03/2022 14:53:39 distance: 1292.5273223236072
21/03/2022 14:53:39 Mode: STABILIZE
21/03/2022 14:53:39 Pilot control
21/03/2022 14:53:39 Pilot control
21/03/2022 14:53:39 -------------Check stall condition-------------
21/03/2022 14:53:39 Alt: -0.121
21/03/2022 14:53:39 distance: 1292.5273223236072
21/03/2022 14:53:40 Mode: STABILIZE
21/03/2022 14:53:40 Pilot control
21/03/2022 14:53:40 Pilot control
21/03/2022 14:53:40 -------------Check stall condition-------------
21/03/2022 14:53:40 Alt: -0.121
21/03/2022 14:53:40 distance: 1292.5273223236072
21/03/2022 14:53:40 Mode: STABILIZE
21/03/2022 14:53:40 Pilot control
21/03/2022 14:53:40 Pilot control
21/03/2022 14:53:40 -------------Check stall condition-------------
21/03/2022 14:53:40 Alt: -0.121
21/03/2022 14:53:40 distance: 1292.5273223236072
21/03/2022 14:53:40 Mode: STABILIZE
21/03/2022 14:53:40 Pilot control
21/03/2022 14:53:40 Pilot control
21/03/2022 14:53:40 -------------Check stall condition-------------
21/03/2022 14:53:40 Alt: -0.287
21/03/2022 14:53:40 distance: 1293.2344754605042
21/03/2022 14:53:40 Mode: STABILIZE
21/03/2022 14:53:40 Pilot control
21/03/2022 14:53:40 Pilot control
21/03/2022 14:53:40 -------------Check stall condition-------------
21/03/2022 14:53:40 Alt: -0.254
21/03/2022 14:53:40 distance: 1294.471992587676
21/03/2022 14:53:40 Mode: STABILIZE
21/03/2022 14:53:40 Pilot control
21/03/2022 14:53:40 Pilot control
21/03/2022 14:53:40 -------------Check stall condition-------------
21/03/2022 14:53:40 Alt: -0.254
21/03/2022 14:53:40 distance: 1294.471992587676
21/03/2022 14:53:40 Mode: STABILIZE
21/03/2022 14:53:40 Pilot control
21/03/2022 14:53:40 Pilot control
21/03/2022 14:53:40 -------------Check stall condition-------------
21/03/2022 14:53:40 Alt: -0.254
21/03/2022 14:53:40 distance: 1294.471992587676
21/03/2022 14:53:40 Mode: STABILIZE
21/03/2022 14:53:40 Pilot control
21/03/2022 14:53:40 Pilot control
21/03/2022 14:53:40 -------------Check stall condition-------------
21/03/2022 14:53:40 Alt: -0.254
21/03/2022 14:53:40 distance: 1296.5424460507402
21/03/2022 14:53:40 Mode: STABILIZE
21/03/2022 14:53:40 Pilot control
21/03/2022 14:53:40 Pilot control
21/03/2022 14:53:40 -------------Check stall condition-------------
21/03/2022 14:53:40 Alt: -0.27
21/03/2022 14:53:40 distance: 1296.5424460507402
21/03/2022 14:53:40 Mode: STABILIZE
21/03/2022 14:53:40 Pilot control
21/03/2022 14:53:40 Pilot control
21/03/2022 14:53:40 -------------Check stall condition-------------
21/03/2022 14:53:40 Alt: -0.27
21/03/2022 14:53:40 distance: 1296.5424460507402
21/03/2022 14:53:40 Mode: STABILIZE
21/03/2022 14:53:40 Pilot control
21/03/2022 14:53:40 Pilot control
21/03/2022 14:53:40 -------------Check stall condition-------------
21/03/2022 14:53:40 Alt: -0.27
21/03/2022 14:53:40 distance: 1296.687584050981
21/03/2022 14:53:40 Mode: STABILIZE
21/03/2022 14:53:40 Pilot control
21/03/2022 14:53:40 Pilot control
21/03/2022 14:53:40 -------------Check stall condition-------------
21/03/2022 14:53:40 Alt: -0.226
21/03/2022 14:53:40 distance: 1296.687584050981
21/03/2022 14:53:40 Mode: STABILIZE
21/03/2022 14:53:40 Pilot control
21/03/2022 14:53:40 Pilot control
21/03/2022 14:53:40 -------------Check stall condition-------------
21/03/2022 14:53:40 Alt: -0.226
21/03/2022 14:53:40 distance: 1296.687584050981
21/03/2022 14:53:40 Mode: STABILIZE
21/03/2022 14:53:40 Pilot control
21/03/2022 14:53:40 Pilot control
21/03/2022 14:53:40 -------------Check stall condition-------------
21/03/2022 14:53:40 Alt: -0.226
21/03/2022 14:53:40 distance: 1296.687584050981
21/03/2022 14:53:40 Mode: STABILIZE
21/03/2022 14:53:40 Pilot control
21/03/2022 14:53:40 Pilot control
21/03/2022 14:53:40 -------------Check stall condition-------------
21/03/2022 14:53:40 Alt: -0.204
21/03/2022 14:53:40 distance: 1297.1877510360803
21/03/2022 14:53:40 Mode: STABILIZE
21/03/2022 14:53:40 Pilot control
21/03/2022 14:53:40 Pilot control
21/03/2022 14:53:40 -------------Check stall condition-------------
21/03/2022 14:53:40 Alt: -0.204
21/03/2022 14:53:40 distance: 1297.1877510360803
21/03/2022 14:53:41 Mode: STABILIZE
21/03/2022 14:53:41 Pilot control
21/03/2022 14:53:41 Pilot control
21/03/2022 14:53:41 -------------Check stall condition-------------
21/03/2022 14:53:41 Alt: -0.204
21/03/2022 14:53:41 distance: 1297.1877510360803
21/03/2022 14:53:41 Mode: STABILIZE
21/03/2022 14:53:41 Pilot control
21/03/2022 14:53:41 Pilot control
21/03/2022 14:53:41 -------------Check stall condition-------------
21/03/2022 14:53:41 Alt: -0.204
21/03/2022 14:53:41 distance: 1297.1877510360803
21/03/2022 14:53:41 Mode: STABILIZE
21/03/2022 14:53:41 Pilot control
21/03/2022 14:53:41 Pilot control
21/03/2022 14:53:41 -------------Check stall condition-------------
21/03/2022 14:53:41 Alt: -0.204
21/03/2022 14:53:41 distance: 1297.1877510360803
21/03/2022 14:53:41 Mode: STABILIZE
21/03/2022 14:53:41 Pilot control
21/03/2022 14:53:41 Pilot control
21/03/2022 14:53:41 -------------Check stall condition-------------
21/03/2022 14:53:41 Alt: -0.204
21/03/2022 14:53:41 distance: 1297.1877510360803
21/03/2022 14:53:41 Mode: STABILIZE
21/03/2022 14:53:41 Pilot control
21/03/2022 14:53:41 Pilot control
21/03/2022 14:53:41 -------------Check stall condition-------------
21/03/2022 14:53:41 Alt: -0.281
21/03/2022 14:53:41 distance: 1298.211857162911
21/03/2022 14:53:41 Mode: STABILIZE
21/03/2022 14:53:41 Pilot control
21/03/2022 14:53:41 Pilot control
21/03/2022 14:53:41 -------------Check stall condition-------------
21/03/2022 14:53:41 Alt: -0.281
21/03/2022 14:53:41 distance: 1298.211857162911
21/03/2022 14:53:41 Mode: STABILIZE
21/03/2022 14:53:41 Pilot control
21/03/2022 14:53:41 Pilot control
21/03/2022 14:53:41 -------------Check stall condition-------------
21/03/2022 14:53:41 Alt: -0.281
21/03/2022 14:53:41 distance: 1298.211857162911
21/03/2022 14:53:41 Mode: STABILIZE
21/03/2022 14:53:41 Pilot control
21/03/2022 14:53:41 Pilot control
21/03/2022 14:53:41 -------------Check stall condition-------------
21/03/2022 14:53:41 Alt: -0.281
21/03/2022 14:53:41 distance: 1298.211857162911
21/03/2022 14:53:41 Mode: STABILIZE
21/03/2022 14:53:41 Pilot control
21/03/2022 14:53:41 Pilot control
21/03/2022 14:53:41 -------------Check stall condition-------------
21/03/2022 14:53:41 Alt: -0.281
21/03/2022 14:53:41 distance: 1298.211857162911
21/03/2022 14:53:41 Mode: STABILIZE
21/03/2022 14:53:41 Pilot control
21/03/2022 14:53:41 Pilot control
21/03/2022 14:53:41 -------------Check stall condition-------------
21/03/2022 14:53:41 Alt: -0.204
21/03/2022 14:53:41 distance: 1298.897957399521
21/03/2022 14:53:41 Mode: STABILIZE
21/03/2022 14:53:41 Pilot control
21/03/2022 14:53:41 Pilot control
21/03/2022 14:53:41 -------------Check stall condition-------------
21/03/2022 14:53:41 Alt: -0.204
21/03/2022 14:53:41 distance: 1298.897957399521
21/03/2022 14:53:41 Mode: STABILIZE
21/03/2022 14:53:41 Pilot control
21/03/2022 14:53:41 Pilot control
21/03/2022 14:53:41 -------------Check stall condition-------------
21/03/2022 14:53:41 Alt: -0.204
21/03/2022 14:53:41 distance: 1298.897957399521
21/03/2022 14:53:41 Mode: STABILIZE
21/03/2022 14:53:41 Pilot control
21/03/2022 14:53:41 Pilot control
21/03/2022 14:53:41 -------------Check stall condition-------------
21/03/2022 14:53:41 Alt: -0.204
21/03/2022 14:53:41 distance: 1298.897957399521
21/03/2022 14:53:41 Mode: STABILIZE
21/03/2022 14:53:41 Pilot control
21/03/2022 14:53:41 Pilot control
21/03/2022 14:53:41 -------------Check stall condition-------------
21/03/2022 14:53:41 Alt: -0.204
21/03/2022 14:53:41 distance: 1298.897957399521
21/03/2022 14:53:41 Mode: STABILIZE
21/03/2022 14:53:41 Pilot control
21/03/2022 14:53:41 Pilot control
21/03/2022 14:53:41 -------------Check stall condition-------------
21/03/2022 14:53:41 Alt: -0.204
21/03/2022 14:53:41 distance: 1298.897957399521
21/03/2022 14:53:41 Mode: STABILIZE
21/03/2022 14:53:41 Pilot control
21/03/2022 14:53:41 Pilot control
21/03/2022 14:53:41 -------------Check stall condition-------------
21/03/2022 14:53:41 Alt: -0.204
21/03/2022 14:53:41 distance: 1298.897957399521
21/03/2022 14:53:41 Mode: STABILIZE
21/03/2022 14:53:41 Pilot control
21/03/2022 14:53:41 Pilot control
21/03/2022 14:53:41 -------------Check stall condition-------------
21/03/2022 14:53:41 Alt: -0.204
21/03/2022 14:53:41 distance: 1298.897957399521
21/03/2022 14:53:41 Mode: STABILIZE
21/03/2022 14:53:41 Pilot control
21/03/2022 14:53:41 Pilot control
21/03/2022 14:53:41 -------------Check stall condition-------------
21/03/2022 14:53:41 Alt: -0.204
21/03/2022 14:53:41 distance: 1298.897957399521
21/03/2022 14:53:41 Mode: STABILIZE
21/03/2022 14:53:41 Pilot control
21/03/2022 14:53:41 Pilot control
21/03/2022 14:53:41 -------------Check stall condition-------------
21/03/2022 14:53:41 Alt: -0.204
21/03/2022 14:53:41 distance: 1298.897957399521
21/03/2022 14:53:41 Mode: STABILIZE
21/03/2022 14:53:41 Pilot control
21/03/2022 14:53:41 Pilot control
21/03/2022 14:53:41 -------------Check stall condition-------------
21/03/2022 14:53:41 Alt: -0.204
21/03/2022 14:53:41 distance: 1298.897957399521
21/03/2022 14:53:41 Mode: STABILIZE
21/03/2022 14:53:41 Pilot control
21/03/2022 14:53:41 Pilot control
21/03/2022 14:53:41 -------------Check stall condition-------------
21/03/2022 14:53:41 Alt: -0.204
21/03/2022 14:53:41 distance: 1298.897957399521
21/03/2022 14:53:41 Mode: STABILIZE
21/03/2022 14:53:41 Pilot control
21/03/2022 14:53:41 Pilot control
21/03/2022 14:53:41 -------------Check stall condition-------------
21/03/2022 14:53:41 Alt: -0.204
21/03/2022 14:53:41 distance: 1298.897957399521
21/03/2022 14:53:41 Mode: STABILIZE
21/03/2022 14:53:41 Pilot control
21/03/2022 14:53:41 Pilot control
21/03/2022 14:53:41 -------------Check stall condition-------------
21/03/2022 14:53:41 Alt: -0.204
21/03/2022 14:53:41 distance: 1298.897957399521
21/03/2022 14:53:41 Mode: STABILIZE
21/03/2022 14:53:41 Pilot control
21/03/2022 14:53:41 Pilot control
21/03/2022 14:53:41 -------------Check stall condition-------------
21/03/2022 14:53:41 Alt: -0.204
21/03/2022 14:53:41 distance: 1298.897957399521
21/03/2022 14:53:41 Mode: STABILIZE
21/03/2022 14:53:41 Pilot control
21/03/2022 14:53:41 Pilot control
21/03/2022 14:53:41 -------------Check stall condition-------------
21/03/2022 14:53:41 Alt: -0.204
21/03/2022 14:53:41 distance: 1298.897957399521
21/03/2022 14:53:41 Mode: STABILIZE
21/03/2022 14:53:41 Pilot control
21/03/2022 14:53:41 Pilot control
21/03/2022 14:53:41 -------------Check stall condition-------------
21/03/2022 14:53:41 Alt: -0.204
21/03/2022 14:53:41 distance: 1298.897957399521
21/03/2022 14:53:41 Mode: STABILIZE
21/03/2022 14:53:41 Pilot control
21/03/2022 14:53:41 Pilot control
21/03/2022 14:53:41 -------------Check stall condition-------------
21/03/2022 14:53:41 Alt: -0.204
21/03/2022 14:53:41 distance: 1298.897957399521
21/03/2022 14:53:41 Mode: STABILIZE
21/03/2022 14:53:41 Pilot control
21/03/2022 14:53:41 Pilot control
21/03/2022 14:53:41 -------------Check stall condition-------------
21/03/2022 14:53:41 Alt: -0.204
21/03/2022 14:53:41 distance: 1298.897957399521
21/03/2022 14:53:41 Mode: STABILIZE
21/03/2022 14:53:41 Pilot control
21/03/2022 14:53:41 Pilot control
21/03/2022 14:53:41 -------------Check stall condition-------------
21/03/2022 14:53:41 Alt: -0.204
21/03/2022 14:53:41 distance: 1298.897957399521
21/03/2022 14:53:41 Mode: STABILIZE
21/03/2022 14:53:41 Pilot control
21/03/2022 14:53:41 Pilot control
21/03/2022 14:53:41 -------------Check stall condition-------------
21/03/2022 14:53:41 Alt: -0.204
21/03/2022 14:53:41 distance: 1298.897957399521
21/03/2022 14:53:41 Mode: STABILIZE
21/03/2022 14:53:41 Pilot control
21/03/2022 14:53:41 Pilot control
21/03/2022 14:53:41 -------------Check stall condition-------------
21/03/2022 14:53:41 Alt: -0.204
21/03/2022 14:53:41 distance: 1298.897957399521
21/03/2022 14:53:41 Mode: STABILIZE
21/03/2022 14:53:41 Pilot control
21/03/2022 14:53:41 Pilot control
21/03/2022 14:53:41 -------------Check stall condition-------------
21/03/2022 14:53:41 Alt: -0.408
21/03/2022 14:53:41 distance: 1299.5989468431349
21/03/2022 14:53:41 Mode: STABILIZE
21/03/2022 14:53:41 Pilot control
21/03/2022 14:53:41 Pilot control
21/03/2022 14:53:41 -------------Check stall condition-------------
21/03/2022 14:53:41 Alt: -0.408
21/03/2022 14:53:41 distance: 1299.5989468431349
21/03/2022 14:53:41 Mode: STABILIZE
21/03/2022 14:53:41 Pilot control
21/03/2022 14:53:41 Pilot control
21/03/2022 14:53:41 -------------Check stall condition-------------
21/03/2022 14:53:41 Alt: -0.408
21/03/2022 14:53:41 distance: 1299.5989468431349
21/03/2022 14:53:41 Mode: STABILIZE
21/03/2022 14:53:41 Pilot control
21/03/2022 14:53:41 Pilot control
21/03/2022 14:53:41 -------------Check stall condition-------------
21/03/2022 14:53:41 Alt: -0.408
21/03/2022 14:53:41 distance: 1299.5989468431349
21/03/2022 14:53:41 Mode: STABILIZE
21/03/2022 14:53:41 Pilot control
21/03/2022 14:53:41 Pilot control
21/03/2022 14:53:41 -------------Check stall condition-------------
21/03/2022 14:53:41 Alt: -0.408
21/03/2022 14:53:41 distance: 1299.5989468431349
21/03/2022 14:53:41 Mode: STABILIZE
21/03/2022 14:53:41 Pilot control
21/03/2022 14:53:41 Pilot control
21/03/2022 14:53:41 -------------Check stall condition-------------
21/03/2022 14:53:41 Alt: -0.408
21/03/2022 14:53:41 distance: 1299.5989468431349
21/03/2022 14:53:41 Mode: STABILIZE
21/03/2022 14:53:41 Pilot control
21/03/2022 14:53:41 Pilot control
21/03/2022 14:53:41 -------------Check stall condition-------------
21/03/2022 14:53:41 Alt: -0.408
21/03/2022 14:53:41 distance: 1299.5989468431349
21/03/2022 14:53:41 Mode: STABILIZE
21/03/2022 14:53:41 Pilot control
21/03/2022 14:53:41 Pilot control
21/03/2022 14:53:41 -------------Check stall condition-------------
21/03/2022 14:53:41 Alt: -0.408
21/03/2022 14:53:41 distance: 1299.5989468431349
21/03/2022 14:53:41 Mode: STABILIZE
21/03/2022 14:53:41 Pilot control
21/03/2022 14:53:41 Pilot control
21/03/2022 14:53:41 -------------Check stall condition-------------
21/03/2022 14:53:41 Alt: -0.408
21/03/2022 14:53:41 distance: 1299.5989468431349
21/03/2022 14:53:41 Mode: STABILIZE
21/03/2022 14:53:41 Pilot control
21/03/2022 14:53:41 Pilot control
21/03/2022 14:53:41 -------------Check stall condition-------------
21/03/2022 14:53:41 Alt: -0.215
21/03/2022 14:53:41 distance: 1302.129003035087
21/03/2022 14:53:41 Mode: STABILIZE
21/03/2022 14:53:41 Pilot control
21/03/2022 14:53:42 Pilot control
21/03/2022 14:53:42 -------------Check stall condition-------------
21/03/2022 14:53:42 Alt: -0.215
21/03/2022 14:53:42 distance: 1302.129003035087
21/03/2022 14:53:42 Mode: STABILIZE
21/03/2022 14:53:42 Pilot control
21/03/2022 14:53:42 Pilot control
21/03/2022 14:53:42 -------------Check stall condition-------------
21/03/2022 14:53:42 Alt: -0.215
21/03/2022 14:53:42 distance: 1303.225161107534
21/03/2022 14:53:42 Mode: STABILIZE
21/03/2022 14:53:42 Pilot control
21/03/2022 14:53:42 Pilot control
21/03/2022 14:53:42 -------------Check stall condition-------------
21/03/2022 14:53:42 Alt: -0.16
21/03/2022 14:53:42 distance: 1303.225161107534
21/03/2022 14:53:42 Mode: STABILIZE
21/03/2022 14:53:42 Pilot control
21/03/2022 14:53:42 Pilot control
21/03/2022 14:53:42 -------------Check stall condition-------------
21/03/2022 14:53:42 Alt: -0.16
21/03/2022 14:53:42 distance: 1303.225161107534
21/03/2022 14:53:42 Mode: STABILIZE
21/03/2022 14:53:42 Pilot control
21/03/2022 14:53:42 Pilot control
21/03/2022 14:53:42 -------------Check stall condition-------------
21/03/2022 14:53:42 Alt: -0.16
21/03/2022 14:53:42 distance: 1303.225161107534
21/03/2022 14:53:42 Mode: STABILIZE
21/03/2022 14:53:42 Pilot control
21/03/2022 14:53:42 Pilot control
21/03/2022 14:53:42 -------------Check stall condition-------------
21/03/2022 14:53:42 Alt: -0.16
21/03/2022 14:53:42 distance: 1304.2798436365783
21/03/2022 14:53:42 Mode: STABILIZE
21/03/2022 14:53:42 Pilot control
21/03/2022 14:53:42 Pilot control
21/03/2022 14:53:42 -------------Check stall condition-------------
21/03/2022 14:53:42 Alt: -0.386
21/03/2022 14:53:42 distance: 1304.2798436365783
21/03/2022 14:53:42 Mode: STABILIZE
21/03/2022 14:53:42 Pilot control
21/03/2022 14:53:42 Pilot control
21/03/2022 14:53:42 -------------Check stall condition-------------
21/03/2022 14:53:42 Alt: -0.486
21/03/2022 14:53:42 distance: 1304.3097724629902
21/03/2022 14:53:42 Mode: STABILIZE
21/03/2022 14:53:42 Pilot control
21/03/2022 14:53:42 Pilot control
21/03/2022 14:53:42 -------------Check stall condition-------------
21/03/2022 14:53:42 Alt: -0.486
21/03/2022 14:53:42 distance: 1304.3097724629902
21/03/2022 14:53:42 Mode: STABILIZE
21/03/2022 14:53:42 Pilot control
21/03/2022 14:53:42 Pilot control
21/03/2022 14:53:42 -------------Check stall condition-------------
21/03/2022 14:53:42 Alt: -0.486
21/03/2022 14:53:42 distance: 1304.3097724629902
21/03/2022 14:53:42 Mode: STABILIZE
21/03/2022 14:53:42 Pilot control
21/03/2022 14:53:42 Pilot control
21/03/2022 14:53:42 -------------Check stall condition-------------
21/03/2022 14:53:42 Alt: -0.486
21/03/2022 14:53:42 distance: 1304.509601268105
21/03/2022 14:53:42 Mode: STABILIZE
21/03/2022 14:53:42 Pilot control
21/03/2022 14:53:42 Pilot control
21/03/2022 14:53:42 -------------Check stall condition-------------
21/03/2022 14:53:42 Alt: -0.557
21/03/2022 14:53:42 distance: 1304.509601268105
21/03/2022 14:53:42 Mode: STABILIZE
21/03/2022 14:53:42 Pilot control
21/03/2022 14:53:43 Pilot control
21/03/2022 14:53:43 -------------Check stall condition-------------
21/03/2022 14:53:43 Alt: -0.557
21/03/2022 14:53:43 distance: 1304.509601268105
21/03/2022 14:53:43 Mode: STABILIZE
21/03/2022 14:53:43 Pilot control
21/03/2022 14:53:43 Pilot control
21/03/2022 14:53:43 -------------Check stall condition-------------
21/03/2022 14:53:43 Alt: -0.557
21/03/2022 14:53:43 distance: 1304.509601268105
21/03/2022 14:53:43 Mode: STABILIZE
21/03/2022 14:53:43 Pilot control
21/03/2022 14:53:43 Pilot control
21/03/2022 14:53:43 -------------Check stall condition-------------
21/03/2022 14:53:43 Alt: -0.557
21/03/2022 14:53:43 distance: 1304.981010405005
21/03/2022 14:53:43 Mode: STABILIZE
21/03/2022 14:53:43 Pilot control
21/03/2022 14:53:43 Pilot control
21/03/2022 14:53:43 -------------Check stall condition-------------
21/03/2022 14:53:43 Alt: -0.16
21/03/2022 14:53:43 distance: 1304.981010405005
21/03/2022 14:53:43 Mode: STABILIZE
21/03/2022 14:53:43 Pilot control
21/03/2022 14:53:43 Pilot control
21/03/2022 14:53:43 -------------Check stall condition-------------
21/03/2022 14:53:43 Alt: -0.16
21/03/2022 14:53:43 distance: 1304.981010405005
21/03/2022 14:53:43 Mode: STABILIZE
21/03/2022 14:53:43 Pilot control
21/03/2022 14:53:43 Pilot control
21/03/2022 14:53:43 -------------Check stall condition-------------
21/03/2022 14:53:43 Alt: -0.022
21/03/2022 14:53:43 distance: 1305.5366628488157
21/03/2022 14:53:43 Mode: STABILIZE
21/03/2022 14:53:43 Pilot control
21/03/2022 14:53:43 Pilot control
21/03/2022 14:53:43 -------------Check stall condition-------------
21/03/2022 14:53:43 Alt: -0.022
21/03/2022 14:53:43 distance: 1305.5366628488157
21/03/2022 14:53:43 Mode: STABILIZE
21/03/2022 14:53:43 Pilot control
21/03/2022 14:53:43 Pilot control
21/03/2022 14:53:43 -------------Check stall condition-------------
21/03/2022 14:53:43 Alt: -0.022
21/03/2022 14:53:43 distance: 1305.5366628488157
21/03/2022 14:53:43 Mode: STABILIZE
21/03/2022 14:53:43 Pilot control
21/03/2022 14:53:43 Pilot control
21/03/2022 14:53:43 -------------Check stall condition-------------
21/03/2022 14:53:43 Alt: -0.088
21/03/2022 14:53:43 distance: 1305.934507336776
21/03/2022 14:53:43 Mode: STABILIZE
21/03/2022 14:53:43 Pilot control
21/03/2022 14:53:43 Pilot control
21/03/2022 14:53:43 -------------Check stall condition-------------
21/03/2022 14:53:43 Alt: -0.088
21/03/2022 14:53:43 distance: 1305.934507336776
21/03/2022 14:53:43 Mode: STABILIZE
21/03/2022 14:53:43 Pilot control
21/03/2022 14:53:43 Pilot control
21/03/2022 14:53:43 -------------Check stall condition-------------
21/03/2022 14:53:43 Alt: -0.088
21/03/2022 14:53:43 distance: 1305.934507336776
21/03/2022 14:53:43 Mode: STABILIZE
21/03/2022 14:53:43 Pilot control
21/03/2022 14:53:43 Pilot control
21/03/2022 14:53:43 -------------Check stall condition-------------
21/03/2022 14:53:43 Alt: -0.104
21/03/2022 14:53:43 distance: 1304.7803510687434
21/03/2022 14:53:43 Mode: STABILIZE
21/03/2022 14:53:43 Pilot control
21/03/2022 14:53:43 Pilot control
21/03/2022 14:53:43 -------------Check stall condition-------------
21/03/2022 14:53:43 Alt: -0.104
21/03/2022 14:53:43 distance: 1304.7803510687434
21/03/2022 14:53:43 Mode: STABILIZE
21/03/2022 14:53:43 Pilot control
21/03/2022 14:53:43 Pilot control
21/03/2022 14:53:43 -------------Check stall condition-------------
21/03/2022 14:53:43 Alt: -0.104
21/03/2022 14:53:43 distance: 1304.7803510687434
21/03/2022 14:53:43 Mode: STABILIZE
21/03/2022 14:53:44 Pilot control
21/03/2022 14:53:44 Pilot control
21/03/2022 14:53:44 -------------Check stall condition-------------
21/03/2022 14:53:44 Alt: -0.104
21/03/2022 14:53:44 distance: 1304.7803510687434
21/03/2022 14:53:44 Mode: STABILIZE
21/03/2022 14:53:44 Pilot control
21/03/2022 14:53:44 Pilot control
21/03/2022 14:53:44 -------------Check stall condition-------------
21/03/2022 14:53:44 Alt: -0.104
21/03/2022 14:53:44 distance: 1304.7803510687434
21/03/2022 14:53:44 Mode: STABILIZE
21/03/2022 14:53:44 Pilot control
21/03/2022 14:53:44 Pilot control
21/03/2022 14:53:44 -------------Check stall condition-------------
21/03/2022 14:53:44 Alt: -0.049
21/03/2022 14:53:44 distance: 1303.8789243533224
21/03/2022 14:53:44 Mode: STABILIZE
21/03/2022 14:53:44 Pilot control
21/03/2022 14:53:44 Pilot control
21/03/2022 14:53:44 -------------Check stall condition-------------
21/03/2022 14:53:44 Alt: -0.049
21/03/2022 14:53:44 distance: 1303.8789243533224
21/03/2022 14:53:44 Mode: STABILIZE
21/03/2022 14:53:44 Pilot control
21/03/2022 14:53:44 Pilot control
21/03/2022 14:53:44 -------------Check stall condition-------------
21/03/2022 14:53:44 Alt: -0.049
21/03/2022 14:53:44 distance: 1303.8789243533224
21/03/2022 14:53:44 Mode: STABILIZE
21/03/2022 14:53:44 Pilot control
21/03/2022 14:53:44 Pilot control
21/03/2022 14:53:44 -------------Check stall condition-------------
21/03/2022 14:53:44 Alt: -0.049
21/03/2022 14:53:44 distance: 1303.8789243533224
21/03/2022 14:53:44 Mode: STABILIZE
21/03/2022 14:53:44 Pilot control
21/03/2022 14:53:44 Pilot control
21/03/2022 14:53:44 -------------Check stall condition-------------
21/03/2022 14:53:44 Alt: -0.049
21/03/2022 14:53:44 distance: 1303.8789243533224
21/03/2022 14:53:44 Mode: STABILIZE
21/03/2022 14:53:44 Pilot control
21/03/2022 14:53:44 Pilot control
21/03/2022 14:53:44 -------------Check stall condition-------------
21/03/2022 14:53:44 Alt: -0.049
21/03/2022 14:53:44 distance: 1303.8789243533224
21/03/2022 14:53:44 Mode: STABILIZE
21/03/2022 14:53:44 Pilot control
21/03/2022 14:53:44 Pilot control
21/03/2022 14:53:44 -------------Check stall condition-------------
21/03/2022 14:53:44 Alt: -0.198
21/03/2022 14:53:44 distance: 1302.232741951203
21/03/2022 14:53:44 Mode: STABILIZE
21/03/2022 14:53:44 Pilot control
21/03/2022 14:53:44 Pilot control
21/03/2022 14:53:44 -------------Check stall condition-------------
21/03/2022 14:53:44 Alt: -0.198
21/03/2022 14:53:44 distance: 1302.232741951203
21/03/2022 14:53:44 Mode: STABILIZE
21/03/2022 14:53:44 Pilot control
21/03/2022 14:53:44 Pilot control
21/03/2022 14:53:44 -------------Check stall condition-------------
21/03/2022 14:53:44 Alt: -0.198
21/03/2022 14:53:44 distance: 1302.232741951203
21/03/2022 14:53:44 Mode: STABILIZE
21/03/2022 14:53:44 Pilot control
21/03/2022 14:53:44 Pilot control
21/03/2022 14:53:44 -------------Check stall condition-------------
21/03/2022 14:53:44 Alt: -0.198
21/03/2022 14:53:44 distance: 1302.232741951203
21/03/2022 14:53:44 Mode: STABILIZE
21/03/2022 14:53:44 Pilot control
21/03/2022 14:53:44 Pilot control
21/03/2022 14:53:44 -------------Check stall condition-------------
21/03/2022 14:53:44 Alt: -0.132
21/03/2022 14:53:44 distance: 1301.4605469424782
21/03/2022 14:53:44 Mode: STABILIZE
21/03/2022 14:53:44 Pilot control
21/03/2022 14:53:44 Pilot control
21/03/2022 14:53:44 -------------Check stall condition-------------
21/03/2022 14:53:44 Alt: -0.132
21/03/2022 14:53:44 distance: 1301.4605469424782
21/03/2022 14:53:44 Mode: STABILIZE
21/03/2022 14:53:44 Pilot control
21/03/2022 14:53:44 Pilot control
21/03/2022 14:53:44 -------------Check stall condition-------------
21/03/2022 14:53:44 Alt: -0.132
21/03/2022 14:53:44 distance: 1301.4605469424782
21/03/2022 14:53:44 Mode: STABILIZE
21/03/2022 14:53:44 Pilot control
21/03/2022 14:53:44 Pilot control
21/03/2022 14:53:44 -------------Check stall condition-------------
21/03/2022 14:53:44 Alt: -0.132
21/03/2022 14:53:44 distance: 1301.4605469424782
21/03/2022 14:53:44 Mode: STABILIZE
21/03/2022 14:53:44 Pilot control
21/03/2022 14:53:44 Pilot control
21/03/2022 14:53:44 -------------Check stall condition-------------
21/03/2022 14:53:44 Alt: -0.132
21/03/2022 14:53:44 distance: 1301.4605469424782
21/03/2022 14:53:44 Mode: STABILIZE
21/03/2022 14:53:44 Pilot control
21/03/2022 14:53:44 Pilot control
21/03/2022 14:53:44 -------------Check stall condition-------------
21/03/2022 14:53:44 Alt: -0.138
21/03/2022 14:53:44 distance: 1300.657610079131
21/03/2022 14:53:44 Mode: STABILIZE
21/03/2022 14:53:45 Pilot control
21/03/2022 14:53:45 Pilot control
21/03/2022 14:53:45 -------------Check stall condition-------------
21/03/2022 14:53:45 Alt: -0.138
21/03/2022 14:53:45 distance: 1300.657610079131
21/03/2022 14:53:45 Mode: STABILIZE
21/03/2022 14:53:45 Pilot control
21/03/2022 14:53:45 Pilot control
21/03/2022 14:53:45 -------------Check stall condition-------------
21/03/2022 14:53:45 Alt: -0.104
21/03/2022 14:53:45 distance: 1299.8073567124268
21/03/2022 14:53:45 Mode: STABILIZE
21/03/2022 14:53:45 Pilot control
21/03/2022 14:53:45 Pilot control
21/03/2022 14:53:45 -------------Check stall condition-------------
21/03/2022 14:53:45 Alt: -0.104
21/03/2022 14:53:45 distance: 1299.8073567124268
21/03/2022 14:53:45 Mode: STABILIZE
21/03/2022 14:53:45 Pilot control
21/03/2022 14:53:45 Pilot control
21/03/2022 14:53:45 -------------Check stall condition-------------
21/03/2022 14:53:45 Alt: -0.104
21/03/2022 14:53:45 distance: 1299.8073567124268
21/03/2022 14:53:45 Mode: STABILIZE
21/03/2022 14:53:45 Pilot control
21/03/2022 14:53:45 Pilot control
21/03/2022 14:53:45 -------------Check stall condition-------------
21/03/2022 14:53:45 Alt: -0.104
21/03/2022 14:53:45 distance: 1298.8527397476794
21/03/2022 14:53:45 Mode: STABILIZE
21/03/2022 14:53:45 Pilot control
21/03/2022 14:53:45 Pilot control
21/03/2022 14:53:45 -------------Check stall condition-------------
21/03/2022 14:53:45 Alt: -0.182
21/03/2022 14:53:45 distance: 1298.8527397476794
21/03/2022 14:53:45 Mode: STABILIZE
21/03/2022 14:53:45 Pilot control
21/03/2022 14:53:45 Pilot control
21/03/2022 14:53:45 -------------Check stall condition-------------
21/03/2022 14:53:45 Alt: -0.182
21/03/2022 14:53:45 distance: 1298.8527397476794
21/03/2022 14:53:45 Mode: STABILIZE
21/03/2022 14:53:45 Pilot control
21/03/2022 14:53:45 Pilot control
21/03/2022 14:53:45 -------------Check stall condition-------------
21/03/2022 14:53:45 Alt: -0.182
21/03/2022 14:53:45 distance: 1295.9979565773378
21/03/2022 14:53:45 Mode: STABILIZE
21/03/2022 14:53:45 Pilot control
21/03/2022 14:53:45 Pilot control
21/03/2022 14:53:45 -------------Check stall condition-------------
21/03/2022 14:53:45 Alt: -0.298
21/03/2022 14:53:45 distance: 1295.9979565773378
21/03/2022 14:53:45 Mode: STABILIZE
21/03/2022 14:53:45 Pilot control
21/03/2022 14:53:45 Pilot control
21/03/2022 14:53:45 -------------Check stall condition-------------
21/03/2022 14:53:45 Alt: -0.298
21/03/2022 14:53:45 distance: 1295.9979565773378
21/03/2022 14:53:45 Mode: STABILIZE
21/03/2022 14:53:45 Pilot control
21/03/2022 14:53:45 Pilot control
21/03/2022 14:53:45 -------------Check stall condition-------------
21/03/2022 14:53:45 Alt: -0.298
21/03/2022 14:53:45 distance: 1295.9979565773378
21/03/2022 14:53:45 Mode: STABILIZE
21/03/2022 14:53:45 Pilot control
21/03/2022 14:53:45 Pilot control
21/03/2022 14:53:45 -------------Check stall condition-------------
21/03/2022 14:53:45 Alt: -0.298
21/03/2022 14:53:45 distance: 1295.9979565773378
21/03/2022 14:53:45 Mode: STABILIZE
21/03/2022 14:53:45 Pilot control
21/03/2022 14:53:46 Pilot control
21/03/2022 14:53:46 -------------Check stall condition-------------
21/03/2022 14:53:46 Alt: -0.298
21/03/2022 14:53:46 distance: 1294.6031736249822
21/03/2022 14:53:46 Mode: STABILIZE
21/03/2022 14:53:46 Pilot control
21/03/2022 14:53:46 Pilot control
21/03/2022 14:53:46 -------------Check stall condition-------------
21/03/2022 14:53:46 Alt: -0.265
21/03/2022 14:53:46 distance: 1294.6031736249822
21/03/2022 14:53:46 Mode: STABILIZE
21/03/2022 14:53:46 Pilot control
21/03/2022 14:53:46 Pilot control
21/03/2022 14:53:46 -------------Check stall condition-------------
21/03/2022 14:53:46 Alt: -0.265
21/03/2022 14:53:46 distance: 1294.6031736249822
21/03/2022 14:53:46 Mode: STABILIZE
21/03/2022 14:53:46 Pilot control
21/03/2022 14:53:46 Pilot control
21/03/2022 14:53:46 -------------Check stall condition-------------
21/03/2022 14:53:46 Alt: -0.265
21/03/2022 14:53:46 distance: 1294.6031736249822
21/03/2022 14:53:46 Mode: STABILIZE
21/03/2022 14:53:46 Pilot control
21/03/2022 14:53:46 Pilot control
21/03/2022 14:53:46 -------------Check stall condition-------------
21/03/2022 14:53:46 Alt: -0.265
21/03/2022 14:53:46 distance: 1294.6031736249822
21/03/2022 14:53:46 Mode: STABILIZE
21/03/2022 14:53:46 Pilot control
21/03/2022 14:53:46 Pilot control
21/03/2022 14:53:46 -------------Check stall condition-------------
21/03/2022 14:53:46 Alt: -0.265
21/03/2022 14:53:46 distance: 1294.6031736249822
21/03/2022 14:53:46 Mode: STABILIZE
21/03/2022 14:53:46 Pilot control
21/03/2022 14:53:46 Pilot control
21/03/2022 14:53:46 -------------Check stall condition-------------
21/03/2022 14:53:46 Alt: -0.292
21/03/2022 14:53:46 distance: 1293.7104005251226
21/03/2022 14:53:46 Mode: STABILIZE
21/03/2022 14:53:46 Pilot control
21/03/2022 14:53:46 Pilot control
21/03/2022 14:53:46 -------------Check stall condition-------------
21/03/2022 14:53:46 Alt: -0.292
21/03/2022 14:53:46 distance: 1293.7104005251226
21/03/2022 14:53:46 Mode: STABILIZE
21/03/2022 14:53:46 Pilot control
21/03/2022 14:53:46 Pilot control
21/03/2022 14:53:46 -------------Check stall condition-------------
21/03/2022 14:53:46 Alt: -0.292
21/03/2022 14:53:46 distance: 1293.7104005251226
21/03/2022 14:53:46 Mode: STABILIZE
21/03/2022 14:53:46 Pilot control
21/03/2022 14:53:46 Pilot control
21/03/2022 14:53:46 -------------Check stall condition-------------
21/03/2022 14:53:46 Alt: -0.292
21/03/2022 14:53:46 distance: 1293.115069941802
21/03/2022 14:53:46 Mode: STABILIZE
21/03/2022 14:53:46 Pilot control
21/03/2022 14:53:46 Pilot control
21/03/2022 14:53:46 -------------Check stall condition-------------
21/03/2022 14:53:47 Alt: -0.232
21/03/2022 14:53:47 distance: 1293.115069941802
21/03/2022 14:53:47 Mode: STABILIZE
21/03/2022 14:53:47 Pilot control
21/03/2022 14:53:47 Pilot control
21/03/2022 14:53:47 -------------Check stall condition-------------
21/03/2022 14:53:47 Alt: -0.232
21/03/2022 14:53:47 distance: 1293.115069941802
21/03/2022 14:53:47 Mode: STABILIZE
21/03/2022 14:53:47 Pilot control
21/03/2022 14:53:47 Pilot control
21/03/2022 14:53:47 -------------Check stall condition-------------
21/03/2022 14:53:47 Alt: -0.232
21/03/2022 14:53:47 distance: 1293.115069941802
21/03/2022 14:53:47 Mode: STABILIZE
21/03/2022 14:53:47 Pilot control
21/03/2022 14:53:47 Pilot control
21/03/2022 14:53:47 -------------Check stall condition-------------
21/03/2022 14:53:47 Alt: -0.331
21/03/2022 14:53:47 distance: 1292.5247693761546
21/03/2022 14:53:47 Mode: STABILIZE
21/03/2022 14:53:47 Pilot control
21/03/2022 14:53:47 Pilot control
21/03/2022 14:53:47 -------------Check stall condition-------------
21/03/2022 14:53:47 Alt: -0.331
21/03/2022 14:53:47 distance: 1292.5247693761546
21/03/2022 14:53:47 Mode: STABILIZE
21/03/2022 14:53:47 Pilot control
21/03/2022 14:53:47 Pilot control
21/03/2022 14:53:47 -------------Check stall condition-------------
21/03/2022 14:53:47 Alt: -0.331
21/03/2022 14:53:47 distance: 1292.5247693761546
21/03/2022 14:53:47 Mode: STABILIZE
21/03/2022 14:53:47 Pilot control
21/03/2022 14:53:47 Pilot control
21/03/2022 14:53:47 -------------Check stall condition-------------
21/03/2022 14:53:47 Alt: -0.375
21/03/2022 14:53:47 distance: 1290.8051943275625
21/03/2022 14:53:47 Mode: STABILIZE
21/03/2022 14:53:47 Pilot control
21/03/2022 14:53:47 Pilot control
21/03/2022 14:53:47 -------------Check stall condition-------------
21/03/2022 14:53:47 Alt: -0.375
21/03/2022 14:53:47 distance: 1290.8051943275625
21/03/2022 14:53:47 Mode: STABILIZE
21/03/2022 14:53:47 Pilot control
21/03/2022 14:53:47 Pilot control
21/03/2022 14:53:47 -------------Check stall condition-------------
21/03/2022 14:53:47 Alt: -0.375
21/03/2022 14:53:47 distance: 1290.8051943275625
21/03/2022 14:53:47 Mode: STABILIZE
21/03/2022 14:53:47 Pilot control
21/03/2022 14:53:47 Pilot control
21/03/2022 14:53:47 -------------Check stall condition-------------
21/03/2022 14:53:47 Alt: -0.375
21/03/2022 14:53:47 distance: 1290.8051943275625
21/03/2022 14:53:47 Mode: STABILIZE
21/03/2022 14:53:47 Pilot control
21/03/2022 14:53:47 Pilot control
21/03/2022 14:53:47 -------------Check stall condition-------------
21/03/2022 14:53:47 Alt: -0.375
21/03/2022 14:53:47 distance: 1290.8051943275625
21/03/2022 14:53:47 Mode: STABILIZE
21/03/2022 14:53:47 Pilot control
21/03/2022 14:53:47 Pilot control
21/03/2022 14:53:47 -------------Check stall condition-------------
21/03/2022 14:53:47 Alt: -0.292
21/03/2022 14:53:47 distance: 1289.7012268263002
21/03/2022 14:53:47 Mode: STABILIZE
21/03/2022 14:53:47 Pilot control
21/03/2022 14:53:47 Pilot control
21/03/2022 14:53:47 -------------Check stall condition-------------
21/03/2022 14:53:47 Alt: -0.292
21/03/2022 14:53:47 distance: 1289.7012268263002
21/03/2022 14:53:47 Mode: STABILIZE
21/03/2022 14:53:47 Pilot control
21/03/2022 14:53:47 Pilot control
21/03/2022 14:53:47 -------------Check stall condition-------------
21/03/2022 14:53:47 Alt: -0.292
21/03/2022 14:53:47 distance: 1287.1725637168358
21/03/2022 14:53:47 Mode: STABILIZE
21/03/2022 14:53:47 Pilot control
21/03/2022 14:53:47 Pilot control
21/03/2022 14:53:47 -------------Check stall condition-------------
21/03/2022 14:53:48 Alt: -0.386
21/03/2022 14:53:48 distance: 1287.1725637168358
21/03/2022 14:53:48 Mode: STABILIZE
21/03/2022 14:53:48 Pilot control
21/03/2022 14:53:48 Pilot control
21/03/2022 14:53:48 -------------Check stall condition-------------
21/03/2022 14:53:48 Alt: -0.386
21/03/2022 14:53:48 distance: 1287.1725637168358
21/03/2022 14:53:48 Mode: STABILIZE
21/03/2022 14:53:48 Pilot control
21/03/2022 14:53:48 Pilot control
21/03/2022 14:53:48 -------------Check stall condition-------------
21/03/2022 14:53:48 Alt: -0.386
21/03/2022 14:53:48 distance: 1287.1725637168358
21/03/2022 14:53:48 Mode: STABILIZE
21/03/2022 14:53:48 Pilot control
21/03/2022 14:53:48 Pilot control
21/03/2022 14:53:48 -------------Check stall condition-------------
21/03/2022 14:53:48 Alt: -0.408
21/03/2022 14:53:48 distance: 1285.9489923508418
21/03/2022 14:53:48 Mode: STABILIZE
21/03/2022 14:53:48 Pilot control
21/03/2022 14:53:48 Pilot control
21/03/2022 14:53:48 -------------Check stall condition-------------
21/03/2022 14:53:48 Alt: -0.408
21/03/2022 14:53:48 distance: 1285.9489923508418
21/03/2022 14:53:48 Mode: STABILIZE
21/03/2022 14:53:48 Pilot control
21/03/2022 14:53:48 Pilot control
21/03/2022 14:53:48 -------------Check stall condition-------------
21/03/2022 14:53:48 Alt: -0.408
21/03/2022 14:53:48 distance: 1285.9489923508418
21/03/2022 14:53:48 Mode: STABILIZE
21/03/2022 14:53:48 Pilot control
21/03/2022 14:53:48 Pilot control
21/03/2022 14:53:48 -------------Check stall condition-------------
21/03/2022 14:53:48 Alt: -0.408
21/03/2022 14:53:48 distance: 1285.9489923508418
21/03/2022 14:53:48 Mode: STABILIZE
21/03/2022 14:53:48 Pilot control
21/03/2022 14:53:48 Pilot control
21/03/2022 14:53:48 -------------Check stall condition-------------
21/03/2022 14:53:48 Alt: -0.48
21/03/2022 14:53:48 distance: 1284.2627320664096
21/03/2022 14:53:48 Mode: STABILIZE
21/03/2022 14:53:48 Pilot control
21/03/2022 14:53:48 Pilot control
21/03/2022 14:53:48 -------------Check stall condition-------------
21/03/2022 14:53:48 Alt: -0.48
21/03/2022 14:53:48 distance: 1284.2627320664096
21/03/2022 14:53:48 Mode: STABILIZE
21/03/2022 14:53:48 Pilot control
21/03/2022 14:53:48 Pilot control
21/03/2022 14:53:48 -------------Check stall condition-------------
21/03/2022 14:53:48 Alt: -0.48
21/03/2022 14:53:48 distance: 1284.2627320664096
21/03/2022 14:53:48 Mode: STABILIZE
21/03/2022 14:53:48 Pilot control
21/03/2022 14:53:48 Pilot control
21/03/2022 14:53:48 -------------Check stall condition-------------
21/03/2022 14:53:48 Alt: -0.48
21/03/2022 14:53:48 distance: 1284.2627320664096
21/03/2022 14:53:48 Mode: STABILIZE
21/03/2022 14:53:48 Pilot control
21/03/2022 14:53:48 Pilot control
21/03/2022 14:53:48 -------------Check stall condition-------------
21/03/2022 14:53:48 Alt: -0.442
21/03/2022 14:53:49 distance: 1282.3205335508953
21/03/2022 14:53:49 Mode: STABILIZE
21/03/2022 14:53:49 Pilot control
21/03/2022 14:53:49 Pilot control
21/03/2022 14:53:49 -------------Check stall condition-------------
21/03/2022 14:53:49 Alt: -0.442
21/03/2022 14:53:49 distance: 1282.3205335508953
21/03/2022 14:53:49 Mode: STABILIZE
21/03/2022 14:53:49 Pilot control
21/03/2022 14:53:49 Pilot control
21/03/2022 14:53:49 -------------Check stall condition-------------
21/03/2022 14:53:49 Alt: -0.442
21/03/2022 14:53:49 distance: 1282.3205335508953
21/03/2022 14:53:49 Mode: STABILIZE
21/03/2022 14:53:49 Pilot control
21/03/2022 14:53:49 Pilot control
21/03/2022 14:53:49 -------------Check stall condition-------------
21/03/2022 14:53:49 Alt: -0.287
21/03/2022 14:53:49 distance: 1280.0636083969978
21/03/2022 14:53:49 Mode: STABILIZE
21/03/2022 14:53:49 Pilot control
21/03/2022 14:53:49 Pilot control
21/03/2022 14:53:49 -------------Check stall condition-------------
21/03/2022 14:53:49 Alt: -0.287
21/03/2022 14:53:49 distance: 1280.0636083969978
21/03/2022 14:53:49 Mode: STABILIZE
21/03/2022 14:53:49 Pilot control
21/03/2022 14:53:49 Pilot control
21/03/2022 14:53:49 -------------Check stall condition-------------
21/03/2022 14:53:49 Alt: -0.287
21/03/2022 14:53:49 distance: 1280.0636083969978
21/03/2022 14:53:49 Mode: STABILIZE
21/03/2022 14:53:49 Pilot control
21/03/2022 14:53:49 Pilot control
21/03/2022 14:53:49 -------------Check stall condition-------------
21/03/2022 14:53:49 Alt: -0.287
21/03/2022 14:53:49 distance: 1280.0636083969978
21/03/2022 14:53:49 Mode: STABILIZE
21/03/2022 14:53:49 Pilot control
21/03/2022 14:53:49 Pilot control
21/03/2022 14:53:49 -------------Check stall condition-------------
21/03/2022 14:53:49 Alt: -0.287
21/03/2022 14:53:49 distance: 1278.1653222740072
21/03/2022 14:53:49 Mode: STABILIZE
21/03/2022 14:53:49 Pilot control
21/03/2022 14:53:49 Pilot control
21/03/2022 14:53:49 -------------Check stall condition-------------
21/03/2022 14:53:49 Alt: -0.265
21/03/2022 14:53:49 distance: 1278.1653222740072
21/03/2022 14:53:49 Mode: STABILIZE
21/03/2022 14:53:49 Pilot control
21/03/2022 14:53:49 Pilot control
21/03/2022 14:53:49 -------------Check stall condition-------------
21/03/2022 14:53:49 Alt: -0.265
21/03/2022 14:53:49 distance: 1278.1653222740072
21/03/2022 14:53:49 Mode: STABILIZE
21/03/2022 14:53:49 Pilot control
21/03/2022 14:53:49 Pilot control
21/03/2022 14:53:49 -------------Check stall condition-------------
21/03/2022 14:53:49 Alt: -0.209
21/03/2022 14:53:49 distance: 1274.449797220743
21/03/2022 14:53:49 Mode: STABILIZE
21/03/2022 14:53:49 Pilot control
21/03/2022 14:53:49 Pilot control
21/03/2022 14:53:49 -------------Check stall condition-------------
21/03/2022 14:53:49 Alt: -0.209
21/03/2022 14:53:49 distance: 1273.6067770673042
21/03/2022 14:53:49 Mode: STABILIZE
21/03/2022 14:53:49 Pilot control
21/03/2022 14:53:49 Pilot control
21/03/2022 14:53:49 -------------Check stall condition-------------
21/03/2022 14:53:49 Alt: -0.005
21/03/2022 14:53:49 distance: 1273.6067770673042
21/03/2022 14:53:49 Mode: STABILIZE
21/03/2022 14:53:49 Pilot control
21/03/2022 14:53:49 Pilot control
21/03/2022 14:53:49 -------------Check stall condition-------------
21/03/2022 14:53:49 Alt: 0.11
21/03/2022 14:53:49 distance: 1272.1168997097327
21/03/2022 14:53:49 Mode: STABILIZE
21/03/2022 14:53:49 Pilot control
21/03/2022 14:53:49 Pilot control
21/03/2022 14:53:49 -------------Check stall condition-------------
21/03/2022 14:53:49 Alt: 0.11
21/03/2022 14:53:49 distance: 1272.1168997097327
21/03/2022 14:53:49 Mode: STABILIZE
21/03/2022 14:53:49 Pilot control
21/03/2022 14:53:49 Pilot control
21/03/2022 14:53:49 -------------Check stall condition-------------
21/03/2022 14:53:50 Alt: 0.11
21/03/2022 14:53:50 distance: 1272.1168997097327
21/03/2022 14:53:50 Mode: STABILIZE
21/03/2022 14:53:50 Pilot control
21/03/2022 14:53:50 Pilot control
21/03/2022 14:53:50 -------------Check stall condition-------------
21/03/2022 14:53:50 Alt: 0.11
21/03/2022 14:53:50 distance: 1265.67972344659
21/03/2022 14:53:50 Mode: STABILIZE
21/03/2022 14:53:50 Pilot control
21/03/2022 14:53:50 Pilot control
21/03/2022 14:53:50 -------------Check stall condition-------------
21/03/2022 14:53:50 Alt: 0.049
21/03/2022 14:53:50 distance: 1265.67972344659
21/03/2022 14:53:50 Mode: STABILIZE
21/03/2022 14:53:50 Pilot control
21/03/2022 14:53:50 Pilot control
21/03/2022 14:53:50 -------------Check stall condition-------------
21/03/2022 14:53:50 Alt: 0.171
21/03/2022 14:53:50 distance: 1263.8977050637848
21/03/2022 14:53:50 Mode: STABILIZE
21/03/2022 14:53:50 Pilot control
21/03/2022 14:53:50 Pilot control
21/03/2022 14:53:50 -------------Check stall condition-------------
21/03/2022 14:53:50 Alt: 0.171
21/03/2022 14:53:50 distance: 1263.8977050637848
21/03/2022 14:53:50 Mode: STABILIZE
21/03/2022 14:53:50 Pilot control
21/03/2022 14:53:50 Pilot control
21/03/2022 14:53:50 -------------Check stall condition-------------
21/03/2022 14:53:50 Alt: 0.171
21/03/2022 14:53:50 distance: 1263.8977050637848
21/03/2022 14:53:50 Mode: STABILIZE
21/03/2022 14:53:50 Pilot control
21/03/2022 14:53:50 Pilot control
21/03/2022 14:53:50 -------------Check stall condition-------------
21/03/2022 14:53:50 Alt: 0.016
21/03/2022 14:53:50 distance: 1257.6948178205325
21/03/2022 14:53:50 Mode: STABILIZE
21/03/2022 14:53:50 Pilot control
21/03/2022 14:53:50 Pilot control
21/03/2022 14:53:50 -------------Check stall condition-------------
21/03/2022 14:53:50 Alt: 0.016
21/03/2022 14:53:50 distance: 1257.6948178205325
21/03/2022 14:53:50 Mode: STABILIZE
21/03/2022 14:53:50 Pilot control
21/03/2022 14:53:50 Pilot control
21/03/2022 14:53:50 -------------Check stall condition-------------
21/03/2022 14:53:50 Alt: 0.016
21/03/2022 14:53:50 distance: 1257.6948178205325
21/03/2022 14:53:50 Mode: STABILIZE
21/03/2022 14:53:50 Pilot control
21/03/2022 14:53:50 Pilot control
21/03/2022 14:53:50 -------------Check stall condition-------------
21/03/2022 14:53:50 Alt: 0.016
21/03/2022 14:53:50 distance: 1257.6948178205325
21/03/2022 14:53:50 Mode: STABILIZE
21/03/2022 14:53:50 Pilot control
21/03/2022 14:53:50 Pilot control
21/03/2022 14:53:50 -------------Check stall condition-------------
21/03/2022 14:53:50 Alt: 0.016
21/03/2022 14:53:50 distance: 1257.6948178205325
21/03/2022 14:53:50 Mode: STABILIZE
21/03/2022 14:53:50 Pilot control
21/03/2022 14:53:50 Pilot control
21/03/2022 14:53:50 -------------Check stall condition-------------
21/03/2022 14:53:50 Alt: 0.016
21/03/2022 14:53:50 distance: 1257.6948178205325
21/03/2022 14:53:50 Mode: STABILIZE
21/03/2022 14:53:50 Pilot control
21/03/2022 14:53:50 Pilot control
21/03/2022 14:53:50 -------------Check stall condition-------------
21/03/2022 14:53:50 Alt: 0.016
21/03/2022 14:53:50 distance: 1257.6948178205325
21/03/2022 14:53:50 Mode: STABILIZE
21/03/2022 14:53:50 Pilot control
21/03/2022 14:53:50 Pilot control
21/03/2022 14:53:51 -------------Check stall condition-------------
21/03/2022 14:53:51 Alt: 0.019
21/03/2022 14:53:51 distance: 1249.8357958362453
21/03/2022 14:53:51 Mode: STABILIZE
21/03/2022 14:53:51 Pilot control
21/03/2022 14:53:51 Pilot control
21/03/2022 14:53:51 -------------Check stall condition-------------
21/03/2022 14:53:51 Alt: 0.019
21/03/2022 14:53:51 distance: 1249.8357958362453
21/03/2022 14:53:51 Mode: STABILIZE
21/03/2022 14:53:51 Pilot control
21/03/2022 14:53:51 Pilot control
21/03/2022 14:53:51 -------------Check stall condition-------------
21/03/2022 14:53:51 Alt: 0.019
21/03/2022 14:53:51 distance: 1246.3820282923102
21/03/2022 14:53:51 Mode: STABILIZE
21/03/2022 14:53:51 Pilot control
21/03/2022 14:53:51 Pilot control
21/03/2022 14:53:51 -------------Check stall condition-------------
21/03/2022 14:53:51 Alt: 0.044
21/03/2022 14:53:51 distance: 1246.3820282923102
21/03/2022 14:53:51 Mode: STABILIZE
21/03/2022 14:53:51 Pilot control
21/03/2022 14:53:51 Pilot control
21/03/2022 14:53:51 -------------Check stall condition-------------
21/03/2022 14:53:51 Alt: 0.044
21/03/2022 14:53:51 distance: 1246.3820282923102
21/03/2022 14:53:51 Mode: STABILIZE
21/03/2022 14:53:51 Pilot control
21/03/2022 14:53:51 Pilot control
21/03/2022 14:53:51 -------------Check stall condition-------------
21/03/2022 14:53:51 Alt: 0.044
21/03/2022 14:53:51 distance: 1246.3820282923102
21/03/2022 14:53:51 Mode: STABILIZE
21/03/2022 14:53:51 Pilot control
21/03/2022 14:53:51 Pilot control
21/03/2022 14:53:51 -------------Check stall condition-------------
21/03/2022 14:53:51 Alt: 0.154
21/03/2022 14:53:51 distance: 1242.3673178791505
21/03/2022 14:53:51 Mode: STABILIZE
21/03/2022 14:53:51 Pilot control
21/03/2022 14:53:51 Pilot control
21/03/2022 14:53:51 -------------Check stall condition-------------
21/03/2022 14:53:51 Alt: 0.154
21/03/2022 14:53:51 distance: 1242.3673178791505
21/03/2022 14:53:51 Mode: STABILIZE
21/03/2022 14:53:51 Pilot control
21/03/2022 14:53:51 Pilot control
21/03/2022 14:53:51 -------------Check stall condition-------------
21/03/2022 14:53:51 Alt: 0.154
21/03/2022 14:53:51 distance: 1242.3673178791505
21/03/2022 14:53:51 Mode: STABILIZE
21/03/2022 14:53:51 Pilot control
21/03/2022 14:53:51 Pilot control
21/03/2022 14:53:51 -------------Check stall condition-------------
21/03/2022 14:53:51 Alt: 0.154
21/03/2022 14:53:51 distance: 1239.205783859509
21/03/2022 14:53:51 Mode: STABILIZE
21/03/2022 14:53:51 Pilot control
21/03/2022 14:53:51 Pilot control
21/03/2022 14:53:51 -------------Check stall condition-------------
21/03/2022 14:53:51 Alt: -0.033
21/03/2022 14:53:51 distance: 1239.205783859509
21/03/2022 14:53:51 Mode: STABILIZE
21/03/2022 14:53:51 Pilot control
21/03/2022 14:53:51 Pilot control
21/03/2022 14:53:51 -------------Check stall condition-------------
21/03/2022 14:53:51 Alt: -0.033
21/03/2022 14:53:51 distance: 1239.205783859509
21/03/2022 14:53:51 Mode: STABILIZE
21/03/2022 14:53:51 Pilot control
21/03/2022 14:53:52 Pilot control
21/03/2022 14:53:52 -------------Check stall condition-------------
21/03/2022 14:53:52 Alt: -0.033
21/03/2022 14:53:52 distance: 1239.205783859509
21/03/2022 14:53:52 Mode: STABILIZE
21/03/2022 14:53:52 Pilot control
21/03/2022 14:53:52 Pilot control
21/03/2022 14:53:52 -------------Check stall condition-------------
21/03/2022 14:53:52 Alt: -0.033
21/03/2022 14:53:52 distance: 1233.4188033349137
21/03/2022 14:53:52 Mode: STABILIZE
21/03/2022 14:53:52 Pilot control
21/03/2022 14:53:52 Pilot control
21/03/2022 14:53:52 -------------Check stall condition-------------
21/03/2022 14:53:52 Alt: -0.016
21/03/2022 14:53:52 distance: 1233.4188033349137
21/03/2022 14:53:52 Mode: STABILIZE
21/03/2022 14:53:52 Pilot control
21/03/2022 14:53:52 Pilot control
21/03/2022 14:53:52 -------------Check stall condition-------------
21/03/2022 14:53:52 Alt: -0.016
21/03/2022 14:53:52 distance: 1233.4188033349137
21/03/2022 14:53:52 Mode: STABILIZE
21/03/2022 14:53:52 Pilot control
21/03/2022 14:53:52 Pilot control
21/03/2022 14:53:52 -------------Check stall condition-------------
21/03/2022 14:53:52 Alt: -0.016
21/03/2022 14:53:52 distance: 1233.4188033349137
21/03/2022 14:53:52 Mode: STABILIZE
21/03/2022 14:53:52 Pilot control
21/03/2022 14:53:52 Pilot control
21/03/2022 14:53:52 -------------Check stall condition-------------
21/03/2022 14:53:52 Alt: -0.066
21/03/2022 14:53:52 distance: 1225.1515526577455
21/03/2022 14:53:52 Mode: STABILIZE
21/03/2022 14:53:52 Pilot control
21/03/2022 14:53:52 Pilot control
21/03/2022 14:53:52 -------------Check stall condition-------------
21/03/2022 14:53:52 Alt: 0.104
21/03/2022 14:53:52 distance: 1225.1515526577455
21/03/2022 14:53:52 Mode: STABILIZE
21/03/2022 14:53:52 Pilot control
21/03/2022 14:53:52 Pilot control
21/03/2022 14:53:52 -------------Check stall condition-------------
21/03/2022 14:53:52 Alt: 0.104
21/03/2022 14:53:52 distance: 1225.1515526577455
21/03/2022 14:53:52 Mode: STABILIZE
21/03/2022 14:53:52 Pilot control
21/03/2022 14:53:52 Pilot control
21/03/2022 14:53:52 -------------Check stall condition-------------
21/03/2022 14:53:52 Alt: 0.104
21/03/2022 14:53:52 distance: 1222.5492583814848
21/03/2022 14:53:52 Mode: STABILIZE
21/03/2022 14:53:52 Pilot control
21/03/2022 14:53:52 Pilot control
21/03/2022 14:53:52 -------------Check stall condition-------------
21/03/2022 14:53:52 Alt: -0.044
21/03/2022 14:53:52 distance: 1222.5492583814848
21/03/2022 14:53:52 Mode: STABILIZE
21/03/2022 14:53:52 Pilot control
21/03/2022 14:53:52 Pilot control
21/03/2022 14:53:52 -------------Check stall condition-------------
21/03/2022 14:53:52 Alt: -0.044
21/03/2022 14:53:52 distance: 1222.5492583814848
21/03/2022 14:53:52 Mode: STABILIZE
21/03/2022 14:53:52 Pilot control
21/03/2022 14:53:53 Pilot control
21/03/2022 14:53:53 -------------Check stall condition-------------
21/03/2022 14:53:53 Alt: -0.044
21/03/2022 14:53:53 distance: 1219.7376291915036
21/03/2022 14:53:53 Mode: STABILIZE
21/03/2022 14:53:53 Pilot control
21/03/2022 14:53:53 Pilot control
21/03/2022 14:53:53 -------------Check stall condition-------------
21/03/2022 14:53:53 Alt: 0.049
21/03/2022 14:53:53 distance: 1219.7376291915036
21/03/2022 14:53:53 Mode: STABILIZE
21/03/2022 14:53:53 Pilot control
21/03/2022 14:53:53 Pilot control
21/03/2022 14:53:53 -------------Check stall condition-------------
21/03/2022 14:53:53 Alt: 0.049
21/03/2022 14:53:53 distance: 1214.7605121707957
21/03/2022 14:53:53 Mode: STABILIZE
21/03/2022 14:53:53 Pilot control
21/03/2022 14:53:53 Pilot control
21/03/2022 14:53:53 -------------Check stall condition-------------
21/03/2022 14:53:53 Alt: -0.044
21/03/2022 14:53:53 distance: 1214.7605121707957
21/03/2022 14:53:53 Mode: STABILIZE
21/03/2022 14:53:53 Pilot control
21/03/2022 14:53:53 Pilot control
21/03/2022 14:53:53 -------------Check stall condition-------------
21/03/2022 14:53:53 Alt: -0.044
21/03/2022 14:53:53 distance: 1214.7605121707957
21/03/2022 14:53:53 Mode: STABILIZE
21/03/2022 14:53:53 Pilot control
21/03/2022 14:53:53 Pilot control
21/03/2022 14:53:53 -------------Check stall condition-------------
21/03/2022 14:53:53 Alt: -0.088
21/03/2022 14:53:53 distance: 1210.4322703855273
21/03/2022 14:53:53 Mode: STABILIZE
21/03/2022 14:53:53 Pilot control
21/03/2022 14:53:53 Pilot control
21/03/2022 14:53:53 -------------Check stall condition-------------
21/03/2022 14:53:53 Alt: -0.088
21/03/2022 14:53:53 distance: 1210.4322703855273
21/03/2022 14:53:53 Mode: STABILIZE
21/03/2022 14:53:53 Pilot control
21/03/2022 14:53:53 Pilot control
21/03/2022 14:53:53 -------------Check stall condition-------------
21/03/2022 14:53:53 Alt: -0.088
21/03/2022 14:53:53 distance: 1207.382817681558
21/03/2022 14:53:53 Mode: STABILIZE
21/03/2022 14:53:53 Pilot control
21/03/2022 14:53:53 Pilot control
21/03/2022 14:53:53 -------------Check stall condition-------------
21/03/2022 14:53:53 Alt: -0.038
21/03/2022 14:53:53 distance: 1207.382817681558
21/03/2022 14:53:53 Mode: STABILIZE
21/03/2022 14:53:53 Pilot control
21/03/2022 14:53:53 Pilot control
21/03/2022 14:53:53 -------------Check stall condition-------------
21/03/2022 14:53:53 Alt: -0.038
21/03/2022 14:53:53 distance: 1207.382817681558
21/03/2022 14:53:53 Mode: STABILIZE
21/03/2022 14:53:53 Pilot control
21/03/2022 14:53:53 Pilot control
21/03/2022 14:53:53 -------------Check stall condition-------------
21/03/2022 14:53:53 Alt: -0.038
21/03/2022 14:53:53 distance: 1207.382817681558
21/03/2022 14:53:53 Mode: STABILIZE
21/03/2022 14:53:54 Pilot control
21/03/2022 14:53:54 Pilot control
21/03/2022 14:53:54 -------------Check stall condition-------------
21/03/2022 14:53:54 Alt: -0.038
21/03/2022 14:53:54 distance: 1207.382817681558
21/03/2022 14:53:54 Mode: STABILIZE
21/03/2022 14:53:54 Pilot control
21/03/2022 14:53:54 Pilot control
21/03/2022 14:53:54 -------------Check stall condition-------------
21/03/2022 14:53:54 Alt: -0.038
21/03/2022 14:53:54 distance: 1204.3833755612384
21/03/2022 14:53:54 Mode: STABILIZE
21/03/2022 14:53:54 Pilot control
21/03/2022 14:53:54 Pilot control
21/03/2022 14:53:54 -------------Check stall condition-------------
21/03/2022 14:53:54 Alt: -0.077
21/03/2022 14:53:54 distance: 1204.3833755612384
21/03/2022 14:53:54 Mode: STABILIZE
21/03/2022 14:53:54 Pilot control
21/03/2022 14:53:54 Pilot control
21/03/2022 14:53:54 -------------Check stall condition-------------
21/03/2022 14:53:54 Alt: -0.077
21/03/2022 14:53:54 distance: 1204.3833755612384
21/03/2022 14:53:54 Mode: STABILIZE
21/03/2022 14:53:54 Pilot control
21/03/2022 14:53:54 Pilot control
21/03/2022 14:53:54 -------------Check stall condition-------------
21/03/2022 14:53:54 Alt: -0.077
21/03/2022 14:53:54 distance: 1204.3833755612384
21/03/2022 14:53:54 Mode: STABILIZE
21/03/2022 14:53:54 Pilot control
21/03/2022 14:53:54 Pilot control
21/03/2022 14:53:54 -------------Check stall condition-------------
21/03/2022 14:53:54 Alt: -0.044
21/03/2022 14:53:54 distance: 1201.467802982274
21/03/2022 14:53:54 Mode: STABILIZE
21/03/2022 14:53:54 Pilot control
21/03/2022 14:53:54 Pilot control
21/03/2022 14:53:54 -------------Check stall condition-------------
21/03/2022 14:53:54 Alt: -0.044
21/03/2022 14:53:54 distance: 1201.467802982274
21/03/2022 14:53:54 Mode: STABILIZE
21/03/2022 14:53:54 Pilot control
21/03/2022 14:53:54 Pilot control
21/03/2022 14:53:54 -------------Check stall condition-------------
21/03/2022 14:53:54 Alt: -0.044
21/03/2022 14:53:54 distance: 1201.467802982274
21/03/2022 14:53:54 Mode: STABILIZE
21/03/2022 14:53:54 Pilot control
21/03/2022 14:53:54 Pilot control
21/03/2022 14:53:54 -------------Check stall condition-------------
21/03/2022 14:53:54 Alt: -0.044
21/03/2022 14:53:54 distance: 1201.467802982274
21/03/2022 14:53:54 Mode: STABILIZE
21/03/2022 14:53:54 Pilot control
21/03/2022 14:53:54 Pilot control
21/03/2022 14:53:54 -------------Check stall condition-------------
21/03/2022 14:53:54 Alt: 0.035
21/03/2022 14:53:54 distance: 1195.558332058987
21/03/2022 14:53:54 Mode: STABILIZE
21/03/2022 14:53:54 Pilot control
21/03/2022 14:53:54 Pilot control
21/03/2022 14:53:54 -------------Check stall condition-------------
21/03/2022 14:53:54 Alt: -0.027
21/03/2022 14:53:54 distance: 1192.8656902250448
21/03/2022 14:53:54 Mode: STABILIZE
21/03/2022 14:53:54 Pilot control
21/03/2022 14:53:54 Pilot control
21/03/2022 14:53:55 -------------Check stall condition-------------
21/03/2022 14:53:55 Alt: -0.027
21/03/2022 14:53:55 distance: 1192.8656902250448
21/03/2022 14:53:55 Mode: STABILIZE
21/03/2022 14:53:55 Pilot control
21/03/2022 14:53:55 Pilot control
21/03/2022 14:53:55 -------------Check stall condition-------------
21/03/2022 14:53:55 Alt: -0.027
21/03/2022 14:53:55 distance: 1192.8656902250448
21/03/2022 14:53:55 Mode: STABILIZE
21/03/2022 14:53:55 Pilot control
21/03/2022 14:53:55 Pilot control
21/03/2022 14:53:55 -------------Check stall condition-------------
21/03/2022 14:53:55 Alt: -0.027
21/03/2022 14:53:55 distance: 1192.8656902250448
21/03/2022 14:53:55 Mode: STABILIZE
21/03/2022 14:53:55 Pilot control
21/03/2022 14:53:55 Pilot control
21/03/2022 14:53:55 -------------Check stall condition-------------
21/03/2022 14:53:55 Alt: 0.055
21/03/2022 14:53:55 distance: 1190.5521110906618
21/03/2022 14:53:55 Mode: STABILIZE
21/03/2022 14:53:55 Pilot control
21/03/2022 14:53:55 Pilot control
21/03/2022 14:53:55 -------------Check stall condition-------------
21/03/2022 14:53:55 Alt: 0.055
21/03/2022 14:53:55 distance: 1190.5521110906618
21/03/2022 14:53:55 Mode: STABILIZE
21/03/2022 14:53:55 Pilot control
21/03/2022 14:53:55 Pilot control
21/03/2022 14:53:55 -------------Check stall condition-------------
21/03/2022 14:53:55 Alt: 0.055
21/03/2022 14:53:55 distance: 1190.5521110906618
21/03/2022 14:53:55 Mode: STABILIZE
21/03/2022 14:53:55 Pilot control
21/03/2022 14:53:55 Pilot control
21/03/2022 14:53:55 -------------Check stall condition-------------
21/03/2022 14:53:55 Alt: 0.055
21/03/2022 14:53:55 distance: 1187.8150535685866
21/03/2022 14:53:55 Mode: STABILIZE
21/03/2022 14:53:55 Pilot control
21/03/2022 14:53:55 Pilot control
21/03/2022 14:53:55 -------------Check stall condition-------------
21/03/2022 14:53:55 Alt: -0.154
21/03/2022 14:53:55 distance: 1187.8150535685866
21/03/2022 14:53:55 Mode: STABILIZE
21/03/2022 14:53:55 Pilot control
21/03/2022 14:53:55 Pilot control
21/03/2022 14:53:55 -------------Check stall condition-------------
21/03/2022 14:53:55 Alt: -0.154
21/03/2022 14:53:55 distance: 1187.8150535685866
21/03/2022 14:53:55 Mode: STABILIZE
21/03/2022 14:53:55 Pilot control
21/03/2022 14:53:55 Pilot control
21/03/2022 14:53:55 -------------Check stall condition-------------
21/03/2022 14:53:55 Alt: -0.154
21/03/2022 14:53:55 distance: 1187.8150535685866
21/03/2022 14:53:55 Mode: STABILIZE
21/03/2022 14:53:55 Pilot control
21/03/2022 14:53:55 Pilot control
21/03/2022 14:53:56 -------------Check stall condition-------------
21/03/2022 14:53:56 Alt: -0.154
21/03/2022 14:53:56 distance: 1185.7449142523924
21/03/2022 14:53:56 Mode: STABILIZE
21/03/2022 14:53:56 Pilot control
21/03/2022 14:53:56 Pilot control
21/03/2022 14:53:56 -------------Check stall condition-------------
21/03/2022 14:53:56 Alt: -0.049
21/03/2022 14:53:56 distance: 1185.7449142523924
21/03/2022 14:53:56 Mode: STABILIZE
21/03/2022 14:53:56 Pilot control
21/03/2022 14:53:56 Pilot control
21/03/2022 14:53:56 -------------Check stall condition-------------
21/03/2022 14:53:56 Alt: -0.049
21/03/2022 14:53:56 distance: 1185.7449142523924
21/03/2022 14:53:56 Mode: STABILIZE
21/03/2022 14:53:56 Pilot control
21/03/2022 14:53:56 Pilot control
21/03/2022 14:53:56 -------------Check stall condition-------------
21/03/2022 14:53:56 Alt: -0.049
21/03/2022 14:53:56 distance: 1185.7449142523924
21/03/2022 14:53:56 Mode: STABILIZE
21/03/2022 14:53:56 Pilot control
21/03/2022 14:53:56 Pilot control
21/03/2022 14:53:56 -------------Check stall condition-------------
21/03/2022 14:53:56 Alt: -0.121
21/03/2022 14:53:56 distance: 1181.9041768110067
21/03/2022 14:53:56 Mode: STABILIZE
21/03/2022 14:53:56 Pilot control
21/03/2022 14:53:56 Pilot control
21/03/2022 14:53:56 -------------Check stall condition-------------
21/03/2022 14:53:56 Alt: -0.121
21/03/2022 14:53:56 distance: 1181.9041768110067
21/03/2022 14:53:56 Mode: STABILIZE
21/03/2022 14:53:56 Pilot control
21/03/2022 14:53:56 Pilot control
21/03/2022 14:53:56 -------------Check stall condition-------------
21/03/2022 14:53:56 Alt: -0.121
21/03/2022 14:53:56 distance: 1181.9041768110067
21/03/2022 14:53:56 Mode: STABILIZE
21/03/2022 14:53:56 Pilot control
21/03/2022 14:53:56 Pilot control
21/03/2022 14:53:56 -------------Check stall condition-------------
21/03/2022 14:53:56 Alt: -0.121
21/03/2022 14:53:56 distance: 1181.9041768110067
21/03/2022 14:53:56 Mode: STABILIZE
21/03/2022 14:53:56 Pilot control
21/03/2022 14:53:56 Pilot control
21/03/2022 14:53:56 -------------Check stall condition-------------
21/03/2022 14:53:56 Alt: -0.066
21/03/2022 14:53:56 distance: 1179.5115805157861
21/03/2022 14:53:56 Mode: STABILIZE
21/03/2022 14:53:56 Pilot control
21/03/2022 14:53:56 Pilot control
21/03/2022 14:53:56 -------------Check stall condition-------------
21/03/2022 14:53:56 Alt: -0.066
21/03/2022 14:53:56 distance: 1179.5115805157861
21/03/2022 14:53:56 Mode: STABILIZE
21/03/2022 14:53:56 Pilot control
21/03/2022 14:53:56 Pilot control
21/03/2022 14:53:56 -------------Check stall condition-------------
21/03/2022 14:53:56 Alt: -0.066
21/03/2022 14:53:56 distance: 1179.5115805157861
21/03/2022 14:53:56 Mode: STABILIZE
21/03/2022 14:53:56 Pilot control
21/03/2022 14:53:56 Pilot control
21/03/2022 14:53:56 -------------Check stall condition-------------
21/03/2022 14:53:56 Alt: -0.232
21/03/2022 14:53:56 distance: 1177.4242762945053
21/03/2022 14:53:56 Mode: STABILIZE
21/03/2022 14:53:56 Pilot control
21/03/2022 14:53:56 Pilot control
21/03/2022 14:53:56 -------------Check stall condition-------------
21/03/2022 14:53:56 Alt: -0.232
21/03/2022 14:53:56 distance: 1177.4242762945053
21/03/2022 14:53:56 Mode: STABILIZE
21/03/2022 14:53:56 Pilot control
21/03/2022 14:53:56 Pilot control
21/03/2022 14:53:56 -------------Check stall condition-------------
21/03/2022 14:53:56 Alt: -0.066
21/03/2022 14:53:56 distance: 1173.1112079210657
21/03/2022 14:53:56 Mode: STABILIZE
21/03/2022 14:53:56 Pilot control
21/03/2022 14:53:56 Pilot control
21/03/2022 14:53:56 -------------Check stall condition-------------
21/03/2022 14:53:56 Alt: -0.066
21/03/2022 14:53:56 distance: 1173.1112079210657
21/03/2022 14:53:56 Mode: STABILIZE
21/03/2022 14:53:56 Pilot control
21/03/2022 14:53:56 Pilot control
21/03/2022 14:53:56 -------------Check stall condition-------------
21/03/2022 14:53:56 Alt: -0.066
21/03/2022 14:53:56 distance: 1173.1112079210657
21/03/2022 14:53:56 Mode: STABILIZE
21/03/2022 14:53:56 Pilot control
21/03/2022 14:53:56 Pilot control
