25/03/2022 14:11:55 Connecting to Vehicle on: /dev/ttyACM0
25/03/2022 14:11:55 ArduPlane V4.1.4 (0f984409)
25/03/2022 14:11:55 ChibiOS: 45395b6a
25/03/2022 14:11:55 CubeBlack 00360049 3337510E 37353832
25/03/2022 14:11:55 RCOut: PWM:1-12
25/03/2022 14:11:55 IMU0: fast sampling enabled 8.0kHz/1.0kHz
25/03/2022 14:11:55 IMU2: fast sampling enabled 8.0kHz/1.0kHz
25/03/2022 14:12:06 is_deepstalled(image_processing): False
25/03/2022 14:12:06 -------------Check stall condition-------------
25/03/2022 14:12:06 Alt: 0.079
25/03/2022 14:12:06 Mode: STABILIZE
25/03/2022 14:12:06 channel8: 965
25/03/2022 14:12:06 Pilot control
25/03/2022 14:12:06 -------------Check stall condition-------------
25/03/2022 14:12:06 Alt: 0.079
25/03/2022 14:12:06 Mode: STABILIZE
25/03/2022 14:12:06 channel8: 965
25/03/2022 14:12:06 Pilot control
25/03/2022 14:12:06 -------------Check stall condition-------------
25/03/2022 14:12:06 Alt: 0.079
25/03/2022 14:12:06 Mode: STABILIZE
25/03/2022 14:12:07 channel8: 965
25/03/2022 14:12:07 Pilot control
25/03/2022 14:12:07 -------------Check stall condition-------------
25/03/2022 14:12:07 Alt: 0.079
25/03/2022 14:12:07 Mode: STABILIZE
25/03/2022 14:12:07 channel8: 965
25/03/2022 14:12:07 Pilot control
25/03/2022 14:12:07 -------------Check stall condition-------------
25/03/2022 14:12:07 Alt: 0.079
25/03/2022 14:12:07 Mode: STABILIZE
25/03/2022 14:12:07 channel8: 965
25/03/2022 14:12:07 Pilot control
25/03/2022 14:12:07 -------------Check stall condition-------------
25/03/2022 14:12:07 Alt: 0.079
25/03/2022 14:12:07 Mode: STABILIZE
25/03/2022 14:12:07 channel8: 965
25/03/2022 14:12:07 Pilot control
25/03/2022 14:12:07 -------------Check stall condition-------------
25/03/2022 14:12:07 Alt: 0.082
25/03/2022 14:12:07 Mode: STABILIZE
25/03/2022 14:12:07 channel8: 965
25/03/2022 14:12:07 Pilot control
25/03/2022 14:12:07 -------------Check stall condition-------------
25/03/2022 14:12:07 Alt: 0.082
25/03/2022 14:12:07 Mode: STABILIZE
25/03/2022 14:12:07 channel8: 965
25/03/2022 14:12:07 Pilot control
25/03/2022 14:12:07 -------------Check stall condition-------------
25/03/2022 14:12:07 Alt: 0.082
25/03/2022 14:12:07 Mode: STABILIZE
25/03/2022 14:12:07 channel8: 965
25/03/2022 14:12:07 Pilot control
25/03/2022 14:12:07 -------------Check stall condition-------------
25/03/2022 14:12:07 Alt: 0.091
25/03/2022 14:12:07 Mode: STABILIZE
25/03/2022 14:12:07 channel8: 965
25/03/2022 14:12:07 Pilot control
25/03/2022 14:12:07 -------------Check stall condition-------------
25/03/2022 14:12:07 Alt: 0.091
25/03/2022 14:12:07 Mode: STABILIZE
25/03/2022 14:12:07 channel8: 965
25/03/2022 14:12:07 Pilot control
25/03/2022 14:12:07 -------------Check stall condition-------------
25/03/2022 14:12:07 Alt: 0.091
25/03/2022 14:12:07 Mode: STABILIZE
25/03/2022 14:12:07 channel8: 965
25/03/2022 14:12:07 Pilot control
25/03/2022 14:12:07 -------------Check stall condition-------------
25/03/2022 14:12:07 Alt: 0.091
25/03/2022 14:12:07 Mode: STABILIZE
25/03/2022 14:12:07 channel8: 965
25/03/2022 14:12:07 Pilot control
25/03/2022 14:12:07 -------------Check stall condition-------------
25/03/2022 14:12:07 Alt: 0.091
25/03/2022 14:12:07 Mode: STABILIZE
25/03/2022 14:12:07 channel8: 965
25/03/2022 14:12:07 Pilot control
25/03/2022 14:12:07 -------------Check stall condition-------------
25/03/2022 14:12:07 Alt: 0.091
25/03/2022 14:12:07 Mode: STABILIZE
25/03/2022 14:12:07 channel8: 965
25/03/2022 14:12:07 Pilot control
25/03/2022 14:12:07 -------------Check stall condition-------------
25/03/2022 14:12:07 Alt: 0.103
25/03/2022 14:12:07 Mode: STABILIZE
25/03/2022 14:12:07 channel8: 965
25/03/2022 14:12:07 Pilot control
25/03/2022 14:12:07 -------------Check stall condition-------------
25/03/2022 14:12:07 Alt: 0.103
25/03/2022 14:12:07 Mode: STABILIZE
25/03/2022 14:12:07 channel8: 965
25/03/2022 14:12:07 Pilot control
25/03/2022 14:12:07 -------------Check stall condition-------------
25/03/2022 14:12:07 Alt: 0.103
25/03/2022 14:12:07 Mode: STABILIZE
25/03/2022 14:12:08 channel8: 965
25/03/2022 14:12:08 Pilot control
25/03/2022 14:12:08 -------------Check stall condition-------------
25/03/2022 14:12:08 Alt: 0.103
25/03/2022 14:12:08 Mode: STABILIZE
25/03/2022 14:12:08 channel8: 965
25/03/2022 14:12:08 Pilot control
25/03/2022 14:12:08 -------------Check stall condition-------------
25/03/2022 14:12:08 Alt: 0.103
25/03/2022 14:12:08 Mode: STABILIZE
25/03/2022 14:12:08 channel8: 965
25/03/2022 14:12:08 Pilot control
25/03/2022 14:12:08 -------------Check stall condition-------------
25/03/2022 14:12:08 Alt: 0.11
25/03/2022 14:12:08 Mode: STABILIZE
25/03/2022 14:12:08 channel8: 965
25/03/2022 14:12:08 Pilot control
25/03/2022 14:12:08 -------------Check stall condition-------------
25/03/2022 14:12:08 Alt: 0.11
25/03/2022 14:12:08 Mode: STABILIZE
25/03/2022 14:12:08 channel8: 965
25/03/2022 14:12:08 Pilot control
25/03/2022 14:12:08 -------------Check stall condition-------------
25/03/2022 14:12:08 Alt: 0.11
25/03/2022 14:12:08 Mode: STABILIZE
25/03/2022 14:12:08 channel8: 965
25/03/2022 14:12:08 Pilot control
25/03/2022 14:12:08 -------------Check stall condition-------------
25/03/2022 14:12:08 Alt: 0.109
25/03/2022 14:12:08 Mode: STABILIZE
25/03/2022 14:12:08 channel8: 965
25/03/2022 14:12:08 Pilot control
25/03/2022 14:12:08 -------------Check stall condition-------------
25/03/2022 14:12:08 Alt: 0.109
25/03/2022 14:12:08 Mode: STABILIZE
25/03/2022 14:12:08 channel8: 965
25/03/2022 14:12:08 Pilot control
25/03/2022 14:12:08 -------------Check stall condition-------------
25/03/2022 14:12:08 Alt: 0.109
25/03/2022 14:12:08 Mode: STABILIZE
25/03/2022 14:12:08 channel8: 965
25/03/2022 14:12:08 Pilot control
25/03/2022 14:12:08 -------------Check stall condition-------------
25/03/2022 14:12:08 Alt: 0.109
25/03/2022 14:12:08 Mode: STABILIZE
25/03/2022 14:12:08 channel8: 965
25/03/2022 14:12:08 Pilot control
25/03/2022 14:12:08 -------------Check stall condition-------------
25/03/2022 14:12:08 Alt: 0.119
25/03/2022 14:12:08 Mode: STABILIZE
25/03/2022 14:12:08 channel8: 965
25/03/2022 14:12:08 Pilot control
25/03/2022 14:12:08 -------------Check stall condition-------------
25/03/2022 14:12:08 Alt: 0.122
25/03/2022 14:12:08 Mode: STABILIZE
25/03/2022 14:12:08 channel8: 965
25/03/2022 14:12:08 Pilot control
25/03/2022 14:12:08 -------------Check stall condition-------------
25/03/2022 14:12:08 Alt: 0.122
25/03/2022 14:12:08 Mode: STABILIZE
25/03/2022 14:12:08 channel8: 965
25/03/2022 14:12:08 Pilot control
25/03/2022 14:12:08 -------------Check stall condition-------------
25/03/2022 14:12:08 Alt: 0.042
25/03/2022 14:12:08 Mode: STABILIZE
25/03/2022 14:12:08 channel8: 965
25/03/2022 14:12:08 Pilot control
25/03/2022 14:12:08 -------------Check stall condition-------------
25/03/2022 14:12:08 Alt: 0.042
25/03/2022 14:12:09 Mode: STABILIZE
25/03/2022 14:12:09 channel8: 965
25/03/2022 14:12:09 Pilot control
25/03/2022 14:12:09 -------------Check stall condition-------------
25/03/2022 14:12:09 Alt: 0.042
25/03/2022 14:12:09 Mode: STABILIZE
25/03/2022 14:12:09 channel8: 965
25/03/2022 14:12:09 Pilot control
25/03/2022 14:12:09 -------------Check stall condition-------------
25/03/2022 14:12:09 Alt: 0.042
25/03/2022 14:12:09 Mode: STABILIZE
25/03/2022 14:12:09 channel8: 965
25/03/2022 14:12:09 Pilot control
25/03/2022 14:12:09 -------------Check stall condition-------------
25/03/2022 14:12:09 Alt: 0.042
25/03/2022 14:12:09 Mode: STABILIZE
25/03/2022 14:12:09 channel8: 965
25/03/2022 14:12:09 Pilot control
25/03/2022 14:12:09 -------------Check stall condition-------------
25/03/2022 14:12:09 Alt: 0.008
25/03/2022 14:12:09 Mode: STABILIZE
25/03/2022 14:12:09 channel8: 965
25/03/2022 14:12:09 Pilot control
25/03/2022 14:12:09 -------------Check stall condition-------------
25/03/2022 14:12:09 Alt: 0.001
25/03/2022 14:12:09 Mode: STABILIZE
25/03/2022 14:12:09 channel8: 965
25/03/2022 14:12:09 Pilot control
25/03/2022 14:12:09 -------------Check stall condition-------------
25/03/2022 14:12:09 Alt: 0.001
25/03/2022 14:12:09 Mode: STABILIZE
25/03/2022 14:12:09 channel8: 965
25/03/2022 14:12:09 Pilot control
25/03/2022 14:12:09 -------------Check stall condition-------------
25/03/2022 14:12:09 Alt: 0.001
25/03/2022 14:12:09 Mode: STABILIZE
25/03/2022 14:12:09 channel8: 965
25/03/2022 14:12:09 Pilot control
25/03/2022 14:12:09 -------------Check stall condition-------------
25/03/2022 14:12:09 Alt: 0.001
25/03/2022 14:12:09 Mode: STABILIZE
25/03/2022 14:12:09 channel8: 965
25/03/2022 14:12:09 Pilot control
25/03/2022 14:12:09 -------------Check stall condition-------------
25/03/2022 14:12:09 Alt: 0.001
25/03/2022 14:12:09 Mode: STABILIZE
25/03/2022 14:12:09 channel8: 965
25/03/2022 14:12:09 Pilot control
25/03/2022 14:12:09 -------------Check stall condition-------------
25/03/2022 14:12:09 Alt: 0.001
25/03/2022 14:12:09 Mode: STABILIZE
25/03/2022 14:12:09 channel8: 965
25/03/2022 14:12:09 Pilot control
25/03/2022 14:12:09 -------------Check stall condition-------------
25/03/2022 14:12:09 Alt: 0.001
25/03/2022 14:12:09 Mode: STABILIZE
25/03/2022 14:12:09 channel8: 965
25/03/2022 14:12:09 Pilot control
25/03/2022 14:12:09 -------------Check stall condition-------------
25/03/2022 14:12:09 Alt: 0.0
25/03/2022 14:12:09 Mode: STABILIZE
25/03/2022 14:12:09 channel8: 965
25/03/2022 14:12:09 Pilot control
25/03/2022 14:12:09 -------------Check stall condition-------------
25/03/2022 14:12:09 Alt: 0.001
25/03/2022 14:12:09 Mode: STABILIZE
25/03/2022 14:12:09 channel8: 965
25/03/2022 14:12:09 Pilot control
25/03/2022 14:12:09 -------------Check stall condition-------------
25/03/2022 14:12:10 Alt: 0.001
25/03/2022 14:12:10 Mode: STABILIZE
25/03/2022 14:12:10 channel8: 965
25/03/2022 14:12:10 Pilot control
25/03/2022 14:12:10 -------------Check stall condition-------------
25/03/2022 14:12:10 Alt: 0.001
25/03/2022 14:12:10 Mode: STABILIZE
25/03/2022 14:12:10 channel8: 965
25/03/2022 14:12:10 Pilot control
25/03/2022 14:12:10 -------------Check stall condition-------------
25/03/2022 14:12:10 Alt: 0.001
25/03/2022 14:12:10 Mode: STABILIZE
25/03/2022 14:12:10 channel8: 965
25/03/2022 14:12:10 Pilot control
25/03/2022 14:12:10 -------------Check stall condition-------------
25/03/2022 14:12:10 Alt: 0.001
25/03/2022 14:12:10 Mode: STABILIZE
25/03/2022 14:12:10 channel8: 965
25/03/2022 14:12:10 Pilot control
25/03/2022 14:12:10 -------------Check stall condition-------------
25/03/2022 14:12:10 Alt: 0.005
25/03/2022 14:12:10 Mode: STABILIZE
25/03/2022 14:12:10 channel8: 965
25/03/2022 14:12:10 Pilot control
25/03/2022 14:12:10 -------------Check stall condition-------------
25/03/2022 14:12:10 Alt: 0.005
25/03/2022 14:12:10 Mode: STABILIZE
25/03/2022 14:12:10 channel8: 965
25/03/2022 14:12:10 Pilot control
25/03/2022 14:12:10 -------------Check stall condition-------------
25/03/2022 14:12:10 Alt: 0.005
25/03/2022 14:12:10 Mode: STABILIZE
25/03/2022 14:12:10 channel8: 965
25/03/2022 14:12:10 Pilot control
25/03/2022 14:12:10 -------------Check stall condition-------------
25/03/2022 14:12:10 Alt: 0.005
25/03/2022 14:12:10 Mode: STABILIZE
25/03/2022 14:12:10 channel8: 965
25/03/2022 14:12:10 Pilot control
25/03/2022 14:12:10 -------------Check stall condition-------------
25/03/2022 14:12:10 Alt: 0.008
25/03/2022 14:12:10 Mode: STABILIZE
25/03/2022 14:12:10 channel8: 965
25/03/2022 14:12:10 Pilot control
25/03/2022 14:12:10 -------------Check stall condition-------------
25/03/2022 14:12:10 Alt: 0.008
25/03/2022 14:12:10 Mode: STABILIZE
25/03/2022 14:12:10 channel8: 965
25/03/2022 14:12:10 Pilot control
25/03/2022 14:12:10 -------------Check stall condition-------------
25/03/2022 14:12:10 Alt: 0.008
25/03/2022 14:12:10 Mode: STABILIZE
25/03/2022 14:12:10 channel8: 965
25/03/2022 14:12:10 Pilot control
25/03/2022 14:12:10 -------------Check stall condition-------------
25/03/2022 14:12:10 Alt: 0.008
25/03/2022 14:12:10 Mode: STABILIZE
25/03/2022 14:12:10 channel8: 965
25/03/2022 14:12:10 Pilot control
25/03/2022 14:12:10 -------------Check stall condition-------------
25/03/2022 14:12:10 Alt: 0.008
25/03/2022 14:12:10 Mode: STABILIZE
25/03/2022 14:12:10 channel8: 965
25/03/2022 14:12:10 Pilot control
25/03/2022 14:12:10 -------------Check stall condition-------------
25/03/2022 14:12:10 Alt: 0.008
25/03/2022 14:12:10 Mode: STABILIZE
25/03/2022 14:12:10 channel8: 965
25/03/2022 14:12:10 Pilot control
25/03/2022 14:12:10 -------------Check stall condition-------------
25/03/2022 14:12:10 Alt: 0.008
25/03/2022 14:12:10 Mode: STABILIZE
25/03/2022 14:12:10 channel8: 965
25/03/2022 14:12:10 Pilot control
25/03/2022 14:12:10 -------------Check stall condition-------------
25/03/2022 14:12:10 Alt: 0.008
25/03/2022 14:12:10 Mode: STABILIZE
25/03/2022 14:12:10 channel8: 965
25/03/2022 14:12:10 Pilot control
25/03/2022 14:12:10 -------------Check stall condition-------------
25/03/2022 14:12:10 Alt: 0.008
25/03/2022 14:12:10 Mode: STABILIZE
25/03/2022 14:12:10 channel8: 965
25/03/2022 14:12:10 Pilot control
25/03/2022 14:12:10 -------------Check stall condition-------------
25/03/2022 14:12:10 Alt: 0.008
25/03/2022 14:12:10 Mode: STABILIZE
25/03/2022 14:12:10 channel8: 965
25/03/2022 14:12:10 Pilot control
25/03/2022 14:12:10 -------------Check stall condition-------------
25/03/2022 14:12:10 Alt: 0.008
25/03/2022 14:12:10 Mode: STABILIZE
25/03/2022 14:12:10 channel8: 965
25/03/2022 14:12:10 Pilot control
25/03/2022 14:12:10 -------------Check stall condition-------------
25/03/2022 14:12:10 Alt: 0.008
25/03/2022 14:12:10 Mode: STABILIZE
25/03/2022 14:12:10 channel8: 965
25/03/2022 14:12:10 Pilot control
25/03/2022 14:12:10 -------------Check stall condition-------------
25/03/2022 14:12:10 Alt: 0.012
25/03/2022 14:12:10 Mode: STABILIZE
25/03/2022 14:12:10 channel8: 965
25/03/2022 14:12:10 Pilot control
25/03/2022 14:12:10 -------------Check stall condition-------------
25/03/2022 14:12:10 Alt: 0.012
25/03/2022 14:12:10 Mode: STABILIZE
25/03/2022 14:12:10 channel8: 965
25/03/2022 14:12:10 Pilot control
25/03/2022 14:12:10 -------------Check stall condition-------------
25/03/2022 14:12:10 Alt: 0.012
25/03/2022 14:12:10 Mode: STABILIZE
25/03/2022 14:12:10 channel8: 965
25/03/2022 14:12:10 Pilot control
25/03/2022 14:12:10 -------------Check stall condition-------------
25/03/2022 14:12:10 Alt: 0.012
25/03/2022 14:12:10 Mode: STABILIZE
25/03/2022 14:12:11 channel8: 965
25/03/2022 14:12:11 Pilot control
25/03/2022 14:12:11 -------------Check stall condition-------------
25/03/2022 14:12:11 Alt: 0.012
25/03/2022 14:12:11 Mode: STABILIZE
25/03/2022 14:12:11 channel8: 965
25/03/2022 14:12:11 Pilot control
25/03/2022 14:12:11 -------------Check stall condition-------------
25/03/2022 14:12:11 Alt: 0.012
25/03/2022 14:12:11 Mode: STABILIZE
25/03/2022 14:12:11 channel8: 965
25/03/2022 14:12:11 Pilot control
25/03/2022 14:12:11 -------------Check stall condition-------------
25/03/2022 14:12:11 Alt: 0.012
25/03/2022 14:12:11 Mode: STABILIZE
25/03/2022 14:12:11 channel8: 965
25/03/2022 14:12:11 Pilot control
25/03/2022 14:12:11 -------------Check stall condition-------------
25/03/2022 14:12:11 Alt: 0.013
25/03/2022 14:12:11 Mode: STABILIZE
25/03/2022 14:12:11 channel8: 965
25/03/2022 14:12:11 Pilot control
25/03/2022 14:12:11 -------------Check stall condition-------------
25/03/2022 14:12:11 Alt: 0.013
25/03/2022 14:12:11 Mode: STABILIZE
25/03/2022 14:12:11 channel8: 965
25/03/2022 14:12:11 Pilot control
25/03/2022 14:12:11 -------------Check stall condition-------------
25/03/2022 14:12:11 Alt: 0.013
25/03/2022 14:12:11 Mode: STABILIZE
25/03/2022 14:12:11 channel8: 965
25/03/2022 14:12:11 Pilot control
25/03/2022 14:12:11 -------------Check stall condition-------------
25/03/2022 14:12:11 Alt: 0.013
25/03/2022 14:12:11 Mode: STABILIZE
25/03/2022 14:12:11 channel8: 965
25/03/2022 14:12:11 Pilot control
25/03/2022 14:12:11 -------------Check stall condition-------------
25/03/2022 14:12:11 Alt: 0.013
25/03/2022 14:12:11 Mode: STABILIZE
25/03/2022 14:12:11 channel8: 965
25/03/2022 14:12:11 Pilot control
25/03/2022 14:12:11 -------------Check stall condition-------------
25/03/2022 14:12:11 Alt: 0.013
25/03/2022 14:12:11 Mode: STABILIZE
25/03/2022 14:12:11 channel8: 965
25/03/2022 14:12:11 Pilot control
25/03/2022 14:12:11 -------------Check stall condition-------------
25/03/2022 14:12:11 Alt: 0.013
25/03/2022 14:12:11 Mode: STABILIZE
25/03/2022 14:12:11 channel8: 965
25/03/2022 14:12:11 Pilot control
25/03/2022 14:12:11 -------------Check stall condition-------------
25/03/2022 14:12:11 Alt: 0.013
25/03/2022 14:12:11 Mode: STABILIZE
25/03/2022 14:12:11 channel8: 965
25/03/2022 14:12:11 Pilot control
25/03/2022 14:12:11 -------------Check stall condition-------------
25/03/2022 14:12:11 Alt: 0.013
25/03/2022 14:12:11 Mode: STABILIZE
25/03/2022 14:12:11 channel8: 965
25/03/2022 14:12:11 Pilot control
25/03/2022 14:12:11 -------------Check stall condition-------------
25/03/2022 14:12:11 Alt: 0.013
25/03/2022 14:12:11 Mode: STABILIZE
25/03/2022 14:12:11 channel8: 965
25/03/2022 14:12:11 Pilot control
25/03/2022 14:12:11 -------------Check stall condition-------------
25/03/2022 14:12:11 Alt: 0.013
25/03/2022 14:12:11 Mode: STABILIZE
25/03/2022 14:12:11 channel8: 965
25/03/2022 14:12:11 Pilot control
25/03/2022 14:12:11 -------------Check stall condition-------------
25/03/2022 14:12:11 Alt: 0.013
25/03/2022 14:12:11 Mode: STABILIZE
25/03/2022 14:12:11 channel8: 965
25/03/2022 14:12:11 Pilot control
25/03/2022 14:12:11 -------------Check stall condition-------------
25/03/2022 14:12:11 Alt: 0.013
25/03/2022 14:12:11 Mode: STABILIZE
25/03/2022 14:12:11 channel8: 965
25/03/2022 14:12:11 Pilot control
25/03/2022 14:12:11 -------------Check stall condition-------------
25/03/2022 14:12:11 Alt: 0.013
25/03/2022 14:12:11 Mode: STABILIZE
25/03/2022 14:12:11 channel8: 965
25/03/2022 14:12:11 Pilot control
25/03/2022 14:12:11 -------------Check stall condition-------------
25/03/2022 14:12:11 Alt: 0.013
25/03/2022 14:12:11 Mode: STABILIZE
25/03/2022 14:12:11 channel8: 965
25/03/2022 14:12:11 Pilot control
25/03/2022 14:12:11 -------------Check stall condition-------------
25/03/2022 14:12:11 Alt: 0.013
25/03/2022 14:12:11 Mode: STABILIZE
25/03/2022 14:12:11 channel8: 965
25/03/2022 14:12:11 Pilot control
25/03/2022 14:12:11 -------------Check stall condition-------------
25/03/2022 14:12:11 Alt: 0.013
25/03/2022 14:12:11 Mode: STABILIZE
25/03/2022 14:12:11 channel8: 965
25/03/2022 14:12:11 Pilot control
25/03/2022 14:12:11 -------------Check stall condition-------------
25/03/2022 14:12:11 Alt: 0.013
25/03/2022 14:12:11 Mode: STABILIZE
25/03/2022 14:12:11 channel8: 965
25/03/2022 14:12:11 Pilot control
25/03/2022 14:12:11 -------------Check stall condition-------------
25/03/2022 14:12:11 Alt: 0.013
25/03/2022 14:12:11 Mode: STABILIZE
25/03/2022 14:12:11 channel8: 965
25/03/2022 14:12:11 Pilot control
25/03/2022 14:12:11 -------------Check stall condition-------------
25/03/2022 14:12:11 Alt: 0.013
25/03/2022 14:12:11 Mode: STABILIZE
25/03/2022 14:12:11 channel8: 965
25/03/2022 14:12:11 Pilot control
25/03/2022 14:12:11 -------------Check stall condition-------------
25/03/2022 14:12:11 Alt: 0.013
25/03/2022 14:12:11 Mode: STABILIZE
25/03/2022 14:12:11 channel8: 965
25/03/2022 14:12:11 Pilot control
25/03/2022 14:12:11 -------------Check stall condition-------------
25/03/2022 14:12:11 Alt: 0.013
25/03/2022 14:12:11 Mode: STABILIZE
25/03/2022 14:12:11 channel8: 965
25/03/2022 14:12:11 Pilot control
25/03/2022 14:12:11 -------------Check stall condition-------------
25/03/2022 14:12:11 Alt: 0.013
25/03/2022 14:12:11 Mode: STABILIZE
25/03/2022 14:12:11 channel8: 965
25/03/2022 14:12:11 Pilot control
25/03/2022 14:12:11 -------------Check stall condition-------------
25/03/2022 14:12:11 Alt: 0.013
25/03/2022 14:12:11 Mode: STABILIZE
25/03/2022 14:12:11 channel8: 965
25/03/2022 14:12:11 Pilot control
25/03/2022 14:12:11 -------------Check stall condition-------------
25/03/2022 14:12:11 Alt: 0.013
25/03/2022 14:12:11 Mode: STABILIZE
25/03/2022 14:12:11 channel8: 965
25/03/2022 14:12:11 Pilot control
25/03/2022 14:12:11 -------------Check stall condition-------------
25/03/2022 14:12:11 Alt: 0.013
25/03/2022 14:12:11 Mode: STABILIZE
25/03/2022 14:12:11 channel8: 965
25/03/2022 14:12:11 Pilot control
25/03/2022 14:12:11 -------------Check stall condition-------------
25/03/2022 14:12:11 Alt: 0.013
25/03/2022 14:12:11 Mode: STABILIZE
25/03/2022 14:12:11 channel8: 965
25/03/2022 14:12:11 Pilot control
25/03/2022 14:12:11 -------------Check stall condition-------------
25/03/2022 14:12:11 Alt: 0.013
25/03/2022 14:12:11 Mode: STABILIZE
25/03/2022 14:12:11 channel8: 965
25/03/2022 14:12:11 Pilot control
25/03/2022 14:12:11 -------------Check stall condition-------------
25/03/2022 14:12:11 Alt: 0.013
25/03/2022 14:12:11 Mode: STABILIZE
25/03/2022 14:12:11 channel8: 965
25/03/2022 14:12:11 Pilot control
25/03/2022 14:12:11 -------------Check stall condition-------------
25/03/2022 14:12:11 Alt: 0.013
25/03/2022 14:12:11 Mode: STABILIZE
25/03/2022 14:12:11 channel8: 965
25/03/2022 14:12:11 Pilot control
25/03/2022 14:12:11 -------------Check stall condition-------------
25/03/2022 14:12:11 Alt: 0.013
25/03/2022 14:12:11 Mode: STABILIZE
25/03/2022 14:12:11 channel8: 965
25/03/2022 14:12:11 Pilot control
25/03/2022 14:12:11 -------------Check stall condition-------------
25/03/2022 14:12:11 Alt: 0.013
25/03/2022 14:12:11 Mode: STABILIZE
25/03/2022 14:12:11 channel8: 965
25/03/2022 14:12:11 Pilot control
25/03/2022 14:12:11 -------------Check stall condition-------------
25/03/2022 14:12:11 Alt: 0.013
25/03/2022 14:12:11 Mode: STABILIZE
25/03/2022 14:12:11 channel8: 965
25/03/2022 14:12:11 Pilot control
25/03/2022 14:12:11 -------------Check stall condition-------------
25/03/2022 14:12:11 Alt: 0.013
25/03/2022 14:12:11 Mode: STABILIZE
25/03/2022 14:12:11 channel8: 965
25/03/2022 14:12:11 Pilot control
25/03/2022 14:12:11 -------------Check stall condition-------------
25/03/2022 14:12:11 Alt: 0.013
25/03/2022 14:12:11 Mode: STABILIZE
25/03/2022 14:12:11 channel8: 965
25/03/2022 14:12:11 Pilot control
25/03/2022 14:12:11 -------------Check stall condition-------------
25/03/2022 14:12:11 Alt: 0.013
25/03/2022 14:12:11 Mode: STABILIZE
25/03/2022 14:12:11 channel8: 965
25/03/2022 14:12:11 Pilot control
25/03/2022 14:12:11 -------------Check stall condition-------------
25/03/2022 14:12:11 Alt: 0.013
25/03/2022 14:12:11 Mode: STABILIZE
25/03/2022 14:12:11 channel8: 965
25/03/2022 14:12:11 Pilot control
25/03/2022 14:12:11 -------------Check stall condition-------------
25/03/2022 14:12:11 Alt: 0.013
25/03/2022 14:12:11 Mode: STABILIZE
25/03/2022 14:12:11 channel8: 965
25/03/2022 14:12:11 Pilot control
25/03/2022 14:12:11 -------------Check stall condition-------------
25/03/2022 14:12:11 Alt: 0.013
25/03/2022 14:12:11 Mode: STABILIZE
25/03/2022 14:12:11 channel8: 965
25/03/2022 14:12:11 Pilot control
25/03/2022 14:12:11 -------------Check stall condition-------------
25/03/2022 14:12:11 Alt: 0.013
25/03/2022 14:12:11 Mode: STABILIZE
25/03/2022 14:12:11 channel8: 965
25/03/2022 14:12:11 Pilot control
25/03/2022 14:12:11 -------------Check stall condition-------------
25/03/2022 14:12:11 Alt: 0.013
25/03/2022 14:12:11 Mode: STABILIZE
25/03/2022 14:12:11 channel8: 965
25/03/2022 14:12:11 Pilot control
25/03/2022 14:12:11 -------------Check stall condition-------------
25/03/2022 14:12:11 Alt: 0.013
25/03/2022 14:12:11 Mode: STABILIZE
25/03/2022 14:12:11 channel8: 965
25/03/2022 14:12:11 Pilot control
25/03/2022 14:12:11 -------------Check stall condition-------------
25/03/2022 14:12:11 Alt: 0.013
25/03/2022 14:12:11 Mode: STABILIZE
25/03/2022 14:12:11 channel8: 965
25/03/2022 14:12:11 Pilot control
25/03/2022 14:12:11 -------------Check stall condition-------------
25/03/2022 14:12:11 Alt: 0.013
25/03/2022 14:12:11 Mode: STABILIZE
25/03/2022 14:12:11 channel8: 965
25/03/2022 14:12:11 Pilot control
25/03/2022 14:12:11 -------------Check stall condition-------------
25/03/2022 14:12:11 Alt: 0.013
25/03/2022 14:12:11 Mode: STABILIZE
25/03/2022 14:12:11 channel8: 965
25/03/2022 14:12:11 Pilot control
25/03/2022 14:12:11 -------------Check stall condition-------------
25/03/2022 14:12:11 Alt: 0.013
25/03/2022 14:12:11 Mode: STABILIZE
25/03/2022 14:12:11 channel8: 965
25/03/2022 14:12:11 Pilot control
25/03/2022 14:12:11 -------------Check stall condition-------------
25/03/2022 14:12:11 Alt: 0.013
25/03/2022 14:12:11 Mode: STABILIZE
25/03/2022 14:12:11 channel8: 965
25/03/2022 14:12:11 Pilot control
25/03/2022 14:12:11 -------------Check stall condition-------------
25/03/2022 14:12:11 Alt: 0.013
25/03/2022 14:12:11 Mode: STABILIZE
25/03/2022 14:12:11 channel8: 965
25/03/2022 14:12:11 Pilot control
25/03/2022 14:12:11 -------------Check stall condition-------------
25/03/2022 14:12:11 Alt: 0.013
