09/03/2022 12:48:00 Connecting to Vehicle on: /dev/ttyACM0
09/03/2022 12:48:00 Calibrating barometer
09/03/2022 12:48:00 Barometer 1 calibration complete
09/03/2022 12:48:00 Barometer 2 calibration complete
09/03/2022 12:48:00 Airspeed 1 calibration started
09/03/2022 12:48:00 ArduPilot Ready
09/03/2022 12:48:00 AHRS: DCM active
09/03/2022 12:48:00 RCOut: PWM:1-12
09/03/2022 12:48:00 Throttle failsafe off
09/03/2022 12:48:00 ArduPlane V4.1.4 (0f984409)
09/03/2022 12:48:00 ChibiOS: 45395b6a
09/03/2022 12:48:00 CubeBlack 00360049 3337510E 37353832
09/03/2022 12:48:00 RCOut: PWM:1-12
09/03/2022 12:48:00 IMU0: fast sampling enabled 8.0kHz/1.0kHz
09/03/2022 12:48:00 IMU2: fast sampling enabled 8.0kHz/1.0kHz
09/03/2022 12:48:11 -------------Check stall condition-------------
09/03/2022 12:48:11 Alt: 0.213
09/03/2022 12:48:11 distance: 43.82737356881033
09/03/2022 12:48:11 Mode: STABILIZE
09/03/2022 12:48:11 Pilot control
09/03/2022 12:48:11 Pilot control
09/03/2022 12:48:11 -------------Check stall condition-------------
09/03/2022 12:48:11 Alt: 0.135
09/03/2022 12:48:11 distance: 43.82737356881033
09/03/2022 12:48:11 Mode: STABILIZE
09/03/2022 12:48:11 Pilot control
09/03/2022 12:48:11 Pilot control
09/03/2022 12:48:11 -------------Check stall condition-------------
09/03/2022 12:48:11 Alt: 0.135
09/03/2022 12:48:11 distance: 43.82737356881033
09/03/2022 12:48:11 Mode: STABILIZE
09/03/2022 12:48:11 Pilot control
09/03/2022 12:48:11 Pilot control
09/03/2022 12:48:11 -------------Check stall condition-------------
09/03/2022 12:48:12 Alt: 0.135
09/03/2022 12:48:12 distance: 43.82737356881033
09/03/2022 12:48:12 Mode: STABILIZE
09/03/2022 12:48:12 Pilot control
09/03/2022 12:48:12 Pilot control
09/03/2022 12:48:12 -------------Check stall condition-------------
09/03/2022 12:48:12 Alt: 0.135
09/03/2022 12:48:12 distance: 43.82737356881033
09/03/2022 12:48:12 Mode: STABILIZE
09/03/2022 12:48:12 Pilot control
09/03/2022 12:48:12 Pilot control
09/03/2022 12:48:12 -------------Check stall condition-------------
09/03/2022 12:48:12 Alt: 0.135
09/03/2022 12:48:12 distance: 43.88304772575078
09/03/2022 12:48:12 Mode: STABILIZE
09/03/2022 12:48:12 Pilot control
09/03/2022 12:48:12 Pilot control
09/03/2022 12:48:12 -------------Check stall condition-------------
09/03/2022 12:48:12 Alt: 0.058
09/03/2022 12:48:12 distance: 43.88304772575078
09/03/2022 12:48:12 Mode: STABILIZE
09/03/2022 12:48:12 Pilot control
09/03/2022 12:48:12 Pilot control
09/03/2022 12:48:12 -------------Check stall condition-------------
09/03/2022 12:48:12 Alt: 0.058
09/03/2022 12:48:12 distance: 43.88304772575078
09/03/2022 12:48:12 Mode: STABILIZE
09/03/2022 12:48:12 Pilot control
09/03/2022 12:48:12 Pilot control
09/03/2022 12:48:12 -------------Check stall condition-------------
09/03/2022 12:48:12 Alt: 0.05
09/03/2022 12:48:12 distance: 43.897596750802364
09/03/2022 12:48:12 Mode: STABILIZE
09/03/2022 12:48:12 Pilot control
09/03/2022 12:48:12 Pilot control
09/03/2022 12:48:12 -------------Check stall condition-------------
09/03/2022 12:48:12 Alt: 0.05
09/03/2022 12:48:12 distance: 43.897596750802364
09/03/2022 12:48:12 Mode: STABILIZE
09/03/2022 12:48:12 Pilot control
09/03/2022 12:48:12 Pilot control
09/03/2022 12:48:12 -------------Check stall condition-------------
09/03/2022 12:48:12 Alt: 0.05
09/03/2022 12:48:12 distance: 43.897596750802364
09/03/2022 12:48:12 Mode: STABILIZE
09/03/2022 12:48:12 Pilot control
09/03/2022 12:48:12 Pilot control
09/03/2022 12:48:12 -------------Check stall condition-------------
09/03/2022 12:48:12 Alt: 0.055
09/03/2022 12:48:12 distance: 43.922427371721035
09/03/2022 12:48:12 Mode: STABILIZE
09/03/2022 12:48:12 Pilot control
09/03/2022 12:48:12 Pilot control
09/03/2022 12:48:12 -------------Check stall condition-------------
09/03/2022 12:48:12 Alt: 0.055
09/03/2022 12:48:12 distance: 43.922427371721035
09/03/2022 12:48:12 Mode: STABILIZE
09/03/2022 12:48:12 Pilot control
09/03/2022 12:48:12 Pilot control
09/03/2022 12:48:12 -------------Check stall condition-------------
09/03/2022 12:48:12 Alt: 0.055
09/03/2022 12:48:12 distance: 43.922427371721035
09/03/2022 12:48:12 Mode: STABILIZE
09/03/2022 12:48:12 Pilot control
09/03/2022 12:48:12 Pilot control
09/03/2022 12:48:12 -------------Check stall condition-------------
09/03/2022 12:48:13 Alt: 0.055
09/03/2022 12:48:13 distance: 43.963554607918915
09/03/2022 12:48:13 Mode: STABILIZE
09/03/2022 12:48:13 Pilot control
09/03/2022 12:48:13 Pilot control
09/03/2022 12:48:13 -------------Check stall condition-------------
09/03/2022 12:48:13 Alt: 0.072
09/03/2022 12:48:13 distance: 43.963554607918915
09/03/2022 12:48:13 Mode: STABILIZE
09/03/2022 12:48:13 Pilot control
09/03/2022 12:48:13 Pilot control
09/03/2022 12:48:13 -------------Check stall condition-------------
09/03/2022 12:48:13 Alt: 0.072
09/03/2022 12:48:13 distance: 43.963554607918915
09/03/2022 12:48:13 Mode: STABILIZE
09/03/2022 12:48:13 Pilot control
09/03/2022 12:48:13 Pilot control
09/03/2022 12:48:13 -------------Check stall condition-------------
09/03/2022 12:48:13 Alt: 0.072
09/03/2022 12:48:13 distance: 43.963554607918915
09/03/2022 12:48:13 Mode: STABILIZE
09/03/2022 12:48:13 Pilot control
09/03/2022 12:48:13 Pilot control
09/03/2022 12:48:13 -------------Check stall condition-------------
09/03/2022 12:48:13 Alt: 0.072
09/03/2022 12:48:13 distance: 43.963554607918915
09/03/2022 12:48:13 Mode: STABILIZE
09/03/2022 12:48:13 Pilot control
09/03/2022 12:48:13 Pilot control
09/03/2022 12:48:13 -------------Check stall condition-------------
09/03/2022 12:48:13 Alt: 0.086
09/03/2022 12:48:13 distance: 44.013214700650174
09/03/2022 12:48:13 Mode: STABILIZE
09/03/2022 12:48:13 Pilot control
09/03/2022 12:48:13 Pilot control
09/03/2022 12:48:13 -------------Check stall condition-------------
09/03/2022 12:48:13 Alt: 0.095
09/03/2022 12:48:13 distance: 44.05434719585921
09/03/2022 12:48:13 Mode: STABILIZE
09/03/2022 12:48:13 Pilot control
09/03/2022 12:48:13 Pilot control
09/03/2022 12:48:13 -------------Check stall condition-------------
09/03/2022 12:48:13 Alt: 0.095
09/03/2022 12:48:13 distance: 44.05434719585921
09/03/2022 12:48:13 Mode: STABILIZE
09/03/2022 12:48:13 Pilot control
09/03/2022 12:48:13 Pilot control
09/03/2022 12:48:13 -------------Check stall condition-------------
09/03/2022 12:48:13 Alt: 0.095
09/03/2022 12:48:13 distance: 44.08520089600697
09/03/2022 12:48:13 Mode: STABILIZE
09/03/2022 12:48:13 Pilot control
09/03/2022 12:48:13 Pilot control
09/03/2022 12:48:13 -------------Check stall condition-------------
09/03/2022 12:48:13 Alt: 0.105
09/03/2022 12:48:13 distance: 44.08520089600697
09/03/2022 12:48:13 Mode: STABILIZE
09/03/2022 12:48:13 Pilot control
09/03/2022 12:48:13 Pilot control
09/03/2022 12:48:13 -------------Check stall condition-------------
09/03/2022 12:48:13 Alt: 0.105
09/03/2022 12:48:13 distance: 44.08520089600697
09/03/2022 12:48:13 Mode: STABILIZE
09/03/2022 12:48:13 Pilot control
09/03/2022 12:48:13 Pilot control
09/03/2022 12:48:13 -------------Check stall condition-------------
09/03/2022 12:48:13 Alt: 0.105
09/03/2022 12:48:13 distance: 44.08520089600697
09/03/2022 12:48:13 Mode: STABILIZE
09/03/2022 12:48:13 Pilot control
09/03/2022 12:48:13 Pilot control
09/03/2022 12:48:13 -------------Check stall condition-------------
09/03/2022 12:48:13 Alt: 0.105
09/03/2022 12:48:13 distance: 44.08520089600697
09/03/2022 12:48:13 Mode: STABILIZE
09/03/2022 12:48:13 Pilot control
09/03/2022 12:48:13 Pilot control
09/03/2022 12:48:13 -------------Check stall condition-------------
09/03/2022 12:48:13 Alt: 0.119
09/03/2022 12:48:13 distance: 44.11605829847926
09/03/2022 12:48:14 Mode: STABILIZE
09/03/2022 12:48:14 Pilot control
09/03/2022 12:48:14 Pilot control
09/03/2022 12:48:14 -------------Check stall condition-------------
09/03/2022 12:48:14 Alt: 0.119
09/03/2022 12:48:14 distance: 44.11605829847926
09/03/2022 12:48:14 Mode: STABILIZE
09/03/2022 12:48:14 Pilot control
09/03/2022 12:48:14 Pilot control
09/03/2022 12:48:14 -------------Check stall condition-------------
09/03/2022 12:48:14 Alt: 0.119
09/03/2022 12:48:14 distance: 44.11605829847926
09/03/2022 12:48:14 Mode: STABILIZE
09/03/2022 12:48:14 Pilot control
09/03/2022 12:48:14 Pilot control
09/03/2022 12:48:14 -------------Check stall condition-------------
09/03/2022 12:48:14 Alt: 0.119
09/03/2022 12:48:14 distance: 44.11605829847926
09/03/2022 12:48:14 Mode: STABILIZE
09/03/2022 12:48:14 Pilot control
09/03/2022 12:48:14 Pilot control
09/03/2022 12:48:14 -------------Check stall condition-------------
09/03/2022 12:48:14 Alt: 0.119
09/03/2022 12:48:14 distance: 44.11605829847926
09/03/2022 12:48:14 Mode: STABILIZE
09/03/2022 12:48:14 Pilot control
09/03/2022 12:48:14 Pilot control
09/03/2022 12:48:14 -------------Check stall condition-------------
09/03/2022 12:48:14 Alt: 0.119
09/03/2022 12:48:14 distance: 44.157207248506495
09/03/2022 12:48:14 Mode: STABILIZE
09/03/2022 12:48:14 Pilot control
09/03/2022 12:48:14 Pilot control
09/03/2022 12:48:14 -------------Check stall condition-------------
09/03/2022 12:48:14 Alt: 0.137
09/03/2022 12:48:14 distance: 44.157207248506495
09/03/2022 12:48:14 Mode: STABILIZE
09/03/2022 12:48:14 Pilot control
09/03/2022 12:48:14 Pilot control
09/03/2022 12:48:14 -------------Check stall condition-------------
09/03/2022 12:48:14 Alt: 0.137
09/03/2022 12:48:14 distance: 44.157207248506495
09/03/2022 12:48:14 Mode: STABILIZE
09/03/2022 12:48:14 Pilot control
09/03/2022 12:48:14 Pilot control
09/03/2022 12:48:14 -------------Check stall condition-------------
09/03/2022 12:48:14 Alt: 0.137
09/03/2022 12:48:14 distance: 44.17778418082652
09/03/2022 12:48:14 Mode: STABILIZE
09/03/2022 12:48:14 Pilot control
09/03/2022 12:48:14 Pilot control
09/03/2022 12:48:14 -------------Check stall condition-------------
09/03/2022 12:48:14 Alt: 0.149
09/03/2022 12:48:14 distance: 44.17778418082652
09/03/2022 12:48:14 Mode: STABILIZE
09/03/2022 12:48:14 Pilot control
09/03/2022 12:48:14 Pilot control
09/03/2022 12:48:14 -------------Check stall condition-------------
09/03/2022 12:48:14 Alt: 0.149
09/03/2022 12:48:14 distance: 44.17778418082652
09/03/2022 12:48:14 Mode: STABILIZE
09/03/2022 12:48:14 Pilot control
09/03/2022 12:48:14 Pilot control
09/03/2022 12:48:14 -------------Check stall condition-------------
09/03/2022 12:48:14 Alt: 0.149
09/03/2022 12:48:14 distance: 44.17778418082652
09/03/2022 12:48:14 Mode: STABILIZE
09/03/2022 12:48:14 Pilot control
09/03/2022 12:48:14 Pilot control
09/03/2022 12:48:14 -------------Check stall condition-------------
09/03/2022 12:48:14 Alt: 0.158
09/03/2022 12:48:14 distance: 44.17778418082652
09/03/2022 12:48:14 Mode: STABILIZE
09/03/2022 12:48:14 Pilot control
09/03/2022 12:48:14 Pilot control
09/03/2022 12:48:14 -------------Check stall condition-------------
09/03/2022 12:48:14 Alt: 0.158
09/03/2022 12:48:14 distance: 44.17778418082652
09/03/2022 12:48:14 Mode: STABILIZE
09/03/2022 12:48:14 Pilot control
09/03/2022 12:48:14 Pilot control
09/03/2022 12:48:14 -------------Check stall condition-------------
09/03/2022 12:48:14 Alt: 0.158
09/03/2022 12:48:14 distance: 44.17778418082652
09/03/2022 12:48:14 Mode: STABILIZE
09/03/2022 12:48:14 Pilot control
09/03/2022 12:48:14 Pilot control
09/03/2022 12:48:14 -------------Check stall condition-------------
09/03/2022 12:48:14 Alt: 0.158
09/03/2022 12:48:14 distance: 44.17778418082652
09/03/2022 12:48:14 Mode: STABILIZE
09/03/2022 12:48:14 Pilot control
09/03/2022 12:48:14 Pilot control
09/03/2022 12:48:14 -------------Check stall condition-------------
09/03/2022 12:48:14 Alt: 0.158
09/03/2022 12:48:14 distance: 44.17778418082652
09/03/2022 12:48:14 Mode: STABILIZE
09/03/2022 12:48:14 Pilot control
09/03/2022 12:48:14 Pilot control
09/03/2022 12:48:14 -------------Check stall condition-------------
09/03/2022 12:48:14 Alt: 0.158
09/03/2022 12:48:14 distance: 44.17778418082652
09/03/2022 12:48:14 Mode: STABILIZE
09/03/2022 12:48:14 Pilot control
09/03/2022 12:48:14 Pilot control
09/03/2022 12:48:14 -------------Check stall condition-------------
09/03/2022 12:48:14 Alt: 0.165
09/03/2022 12:48:15 distance: 44.198362748300156
09/03/2022 12:48:15 Mode: STABILIZE
09/03/2022 12:48:15 Pilot control
09/03/2022 12:48:15 Pilot control
09/03/2022 12:48:15 -------------Check stall condition-------------
09/03/2022 12:48:15 Alt: 0.165
09/03/2022 12:48:15 distance: 44.198362748300156
09/03/2022 12:48:15 Mode: STABILIZE
09/03/2022 12:48:15 Pilot control
09/03/2022 12:48:15 Pilot control
09/03/2022 12:48:15 -------------Check stall condition-------------
09/03/2022 12:48:15 Alt: 0.165
09/03/2022 12:48:15 distance: 44.198362748300156
09/03/2022 12:48:15 Mode: STABILIZE
09/03/2022 12:48:15 Pilot control
09/03/2022 12:48:15 Pilot control
09/03/2022 12:48:15 -------------Check stall condition-------------
09/03/2022 12:48:15 Alt: 0.175
09/03/2022 12:48:15 distance: 44.20197941186177
09/03/2022 12:48:15 Mode: STABILIZE
09/03/2022 12:48:15 Pilot control
09/03/2022 12:48:15 Pilot control
09/03/2022 12:48:15 -------------Check stall condition-------------
09/03/2022 12:48:15 Alt: 0.175
09/03/2022 12:48:15 distance: 44.20197941186177
09/03/2022 12:48:15 Mode: STABILIZE
09/03/2022 12:48:15 Pilot control
09/03/2022 12:48:15 Pilot control
09/03/2022 12:48:15 -------------Check stall condition-------------
09/03/2022 12:48:15 Alt: 0.175
09/03/2022 12:48:15 distance: 44.20380865949755
09/03/2022 12:48:15 Mode: STABILIZE
09/03/2022 12:48:15 Pilot control
09/03/2022 12:48:15 Pilot control
09/03/2022 12:48:15 -------------Check stall condition-------------
09/03/2022 12:48:15 Alt: 0.193
09/03/2022 12:48:15 distance: 44.20380865949755
09/03/2022 12:48:15 Mode: STABILIZE
09/03/2022 12:48:15 Pilot control
09/03/2022 12:48:15 Pilot control
09/03/2022 12:48:15 -------------Check stall condition-------------
09/03/2022 12:48:15 Alt: 0.193
09/03/2022 12:48:15 distance: 44.18505423704325
09/03/2022 12:48:15 Mode: STABILIZE
09/03/2022 12:48:15 Pilot control
09/03/2022 12:48:15 Pilot control
09/03/2022 12:48:15 -------------Check stall condition-------------
09/03/2022 12:48:15 Alt: 0.198
09/03/2022 12:48:15 distance: 44.18505423704325
09/03/2022 12:48:15 Mode: STABILIZE
09/03/2022 12:48:15 Pilot control
09/03/2022 12:48:15 Pilot control
09/03/2022 12:48:15 -------------Check stall condition-------------
09/03/2022 12:48:15 Alt: 0.198
09/03/2022 12:48:15 distance: 44.18505423704325
09/03/2022 12:48:15 Mode: STABILIZE
09/03/2022 12:48:15 Pilot control
09/03/2022 12:48:15 Pilot control
09/03/2022 12:48:15 -------------Check stall condition-------------
09/03/2022 12:48:15 Alt: 0.198
09/03/2022 12:48:15 distance: 44.18505423704325
09/03/2022 12:48:15 Mode: STABILIZE
09/03/2022 12:48:15 Pilot control
09/03/2022 12:48:15 Pilot control
09/03/2022 12:48:15 -------------Check stall condition-------------
09/03/2022 12:48:15 Alt: 0.21
09/03/2022 12:48:15 distance: 44.16023098105869
09/03/2022 12:48:15 Mode: STABILIZE
09/03/2022 12:48:15 Pilot control
09/03/2022 12:48:15 Pilot control
09/03/2022 12:48:16 -------------Check stall condition-------------
09/03/2022 12:48:16 Alt: 0.21
09/03/2022 12:48:16 distance: 44.16023098105869
09/03/2022 12:48:16 Mode: STABILIZE
09/03/2022 12:48:16 Pilot control
09/03/2022 12:48:16 Pilot control
09/03/2022 12:48:16 -------------Check stall condition-------------
09/03/2022 12:48:16 Alt: 0.21
09/03/2022 12:48:16 distance: 44.16023098105869
09/03/2022 12:48:16 Mode: STABILIZE
09/03/2022 12:48:16 Pilot control
09/03/2022 12:48:16 Pilot control
09/03/2022 12:48:16 -------------Check stall condition-------------
09/03/2022 12:48:16 Alt: 0.21
09/03/2022 12:48:16 distance: 44.16023098105869
09/03/2022 12:48:16 Mode: STABILIZE
09/03/2022 12:48:16 Pilot control
09/03/2022 12:48:16 Pilot control
09/03/2022 12:48:16 -------------Check stall condition-------------
09/03/2022 12:48:16 Alt: 0.22
09/03/2022 12:48:16 distance: 44.13118336873254
09/03/2022 12:48:16 Mode: STABILIZE
09/03/2022 12:48:16 Pilot control
09/03/2022 12:48:16 Pilot control
09/03/2022 12:48:16 -------------Check stall condition-------------
09/03/2022 12:48:16 Alt: 0.22
09/03/2022 12:48:16 distance: 44.13118336873254
09/03/2022 12:48:16 Mode: STABILIZE
09/03/2022 12:48:16 Pilot control
09/03/2022 12:48:16 Pilot control
09/03/2022 12:48:16 -------------Check stall condition-------------
09/03/2022 12:48:16 Alt: 0.22
09/03/2022 12:48:16 distance: 44.11852449848014
09/03/2022 12:48:16 Mode: STABILIZE
09/03/2022 12:48:16 Pilot control
09/03/2022 12:48:16 Pilot control
09/03/2022 12:48:16 -------------Check stall condition-------------
09/03/2022 12:48:16 Alt: 0.225
09/03/2022 12:48:16 distance: 44.11852449848014
09/03/2022 12:48:16 Mode: STABILIZE
09/03/2022 12:48:16 Pilot control
09/03/2022 12:48:16 Pilot control
09/03/2022 12:48:16 -------------Check stall condition-------------
09/03/2022 12:48:16 Alt: 0.225
09/03/2022 12:48:16 distance: 44.11852449848014
09/03/2022 12:48:16 Mode: STABILIZE
09/03/2022 12:48:16 Pilot control
09/03/2022 12:48:16 Pilot control
09/03/2022 12:48:16 -------------Check stall condition-------------
09/03/2022 12:48:16 Alt: 0.225
09/03/2022 12:48:16 distance: 44.11852449848014
09/03/2022 12:48:16 Mode: STABILIZE
09/03/2022 12:48:16 Pilot control
09/03/2022 12:48:16 Pilot control
09/03/2022 12:48:16 -------------Check stall condition-------------
09/03/2022 12:48:16 Alt: 0.225
09/03/2022 12:48:16 distance: 44.11852449848014
09/03/2022 12:48:16 Mode: STABILIZE
09/03/2022 12:48:16 Pilot control
09/03/2022 12:48:16 Pilot control
09/03/2022 12:48:16 -------------Check stall condition-------------
09/03/2022 12:48:16 Alt: 0.225
09/03/2022 12:48:16 distance: 44.07076160613168
09/03/2022 12:48:16 Mode: STABILIZE
09/03/2022 12:48:16 Pilot control
09/03/2022 12:48:16 Pilot control
09/03/2022 12:48:16 -------------Check stall condition-------------
09/03/2022 12:48:16 Alt: 0.231
09/03/2022 12:48:16 distance: 44.07076160613168
09/03/2022 12:48:16 Mode: STABILIZE
09/03/2022 12:48:16 Pilot control
09/03/2022 12:48:16 Pilot control
09/03/2022 12:48:16 -------------Check stall condition-------------
09/03/2022 12:48:16 Alt: 0.231
09/03/2022 12:48:16 distance: 44.07076160613168
09/03/2022 12:48:16 Mode: STABILIZE
09/03/2022 12:48:16 Pilot control
09/03/2022 12:48:16 Pilot control
09/03/2022 12:48:16 -------------Check stall condition-------------
09/03/2022 12:48:16 Alt: 0.231
09/03/2022 12:48:16 distance: 44.07076160613168
09/03/2022 12:48:16 Mode: STABILIZE
09/03/2022 12:48:16 Pilot control
09/03/2022 12:48:16 Pilot control
09/03/2022 12:48:16 -------------Check stall condition-------------
09/03/2022 12:48:16 Alt: 0.231
09/03/2022 12:48:16 distance: 44.010815807377405
09/03/2022 12:48:16 Mode: STABILIZE
09/03/2022 12:48:16 Pilot control
09/03/2022 12:48:16 Pilot control
09/03/2022 12:48:16 -------------Check stall condition-------------
09/03/2022 12:48:16 Alt: 0.231
09/03/2022 12:48:17 distance: 44.010815807377405
09/03/2022 12:48:17 Mode: STABILIZE
09/03/2022 12:48:17 Pilot control
09/03/2022 12:48:17 Pilot control
09/03/2022 12:48:17 -------------Check stall condition-------------
09/03/2022 12:48:17 Alt: 0.231
09/03/2022 12:48:17 distance: 44.010815807377405
09/03/2022 12:48:17 Mode: STABILIZE
09/03/2022 12:48:17 Pilot control
09/03/2022 12:48:17 Pilot control
09/03/2022 12:48:17 -------------Check stall condition-------------
09/03/2022 12:48:17 Alt: 0.231
09/03/2022 12:48:17 distance: 44.010815807377405
09/03/2022 12:48:17 Mode: STABILIZE
09/03/2022 12:48:17 Pilot control
09/03/2022 12:48:17 Pilot control
09/03/2022 12:48:17 -------------Check stall condition-------------
09/03/2022 12:48:17 Alt: 0.231
09/03/2022 12:48:17 distance: 44.010815807377405
09/03/2022 12:48:17 Mode: STABILIZE
09/03/2022 12:48:17 Pilot control
09/03/2022 12:48:17 Pilot control
09/03/2022 12:48:17 -------------Check stall condition-------------
09/03/2022 12:48:17 Alt: 0.246
09/03/2022 12:48:17 distance: 43.98178785243717
09/03/2022 12:48:17 Mode: STABILIZE
09/03/2022 12:48:17 Pilot control
09/03/2022 12:48:17 Pilot control
09/03/2022 12:48:17 -------------Check stall condition-------------
09/03/2022 12:48:17 Alt: 0.246
09/03/2022 12:48:17 distance: 43.98178785243717
09/03/2022 12:48:17 Mode: STABILIZE
09/03/2022 12:48:17 Pilot control
09/03/2022 12:48:17 Pilot control
09/03/2022 12:48:17 -------------Check stall condition-------------
09/03/2022 12:48:17 Alt: 0.246
09/03/2022 12:48:17 distance: 43.98178785243717
09/03/2022 12:48:17 Mode: STABILIZE
09/03/2022 12:48:17 Pilot control
09/03/2022 12:48:17 Pilot control
09/03/2022 12:48:17 -------------Check stall condition-------------
09/03/2022 12:48:17 Alt: 0.246
09/03/2022 12:48:17 distance: 43.98178785243717
09/03/2022 12:48:17 Mode: STABILIZE
09/03/2022 12:48:17 Pilot control
09/03/2022 12:48:17 Pilot control
09/03/2022 12:48:17 -------------Check stall condition-------------
09/03/2022 12:48:17 Alt: 0.255
09/03/2022 12:48:17 distance: 43.9733795185206
09/03/2022 12:48:17 Mode: STABILIZE
09/03/2022 12:48:17 Pilot control
09/03/2022 12:48:17 Pilot control
09/03/2022 12:48:17 -------------Check stall condition-------------
09/03/2022 12:48:17 Alt: 0.255
09/03/2022 12:48:17 distance: 43.9733795185206
09/03/2022 12:48:17 Mode: STABILIZE
09/03/2022 12:48:17 Pilot control
09/03/2022 12:48:17 Pilot control
09/03/2022 12:48:17 -------------Check stall condition-------------
09/03/2022 12:48:17 Alt: 0.212
09/03/2022 12:48:17 distance: 43.958869670261635
09/03/2022 12:48:17 Mode: STABILIZE
09/03/2022 12:48:17 Pilot control
09/03/2022 12:48:17 Pilot control
09/03/2022 12:48:17 -------------Check stall condition-------------
09/03/2022 12:48:17 Alt: 0.212
09/03/2022 12:48:17 distance: 43.958869670261635
09/03/2022 12:48:17 Mode: STABILIZE
09/03/2022 12:48:17 Pilot control
09/03/2022 12:48:17 Pilot control
09/03/2022 12:48:17 -------------Check stall condition-------------
09/03/2022 12:48:17 Alt: 0.212
09/03/2022 12:48:17 distance: 43.958869670261635
09/03/2022 12:48:17 Mode: STABILIZE
09/03/2022 12:48:17 Pilot control
09/03/2022 12:48:17 Pilot control
09/03/2022 12:48:17 -------------Check stall condition-------------
09/03/2022 12:48:17 Alt: 0.094
09/03/2022 12:48:17 distance: 43.94016299622391
09/03/2022 12:48:18 Mode: STABILIZE
09/03/2022 12:48:18 Pilot control
09/03/2022 12:48:18 Pilot control
09/03/2022 12:48:18 -------------Check stall condition-------------
09/03/2022 12:48:18 Alt: 0.094
09/03/2022 12:48:18 distance: 43.94016299622391
09/03/2022 12:48:18 Mode: STABILIZE
09/03/2022 12:48:18 Pilot control
09/03/2022 12:48:18 Pilot control
09/03/2022 12:48:18 -------------Check stall condition-------------
09/03/2022 12:48:18 Alt: 0.094
09/03/2022 12:48:18 distance: 43.94016299622391
09/03/2022 12:48:18 Mode: STABILIZE
09/03/2022 12:48:18 Pilot control
09/03/2022 12:48:18 Pilot control
09/03/2022 12:48:18 -------------Check stall condition-------------
09/03/2022 12:48:18 Alt: 0.063
09/03/2022 12:48:18 distance: 43.93596773956764
09/03/2022 12:48:18 Mode: STABILIZE
09/03/2022 12:48:18 Pilot control
09/03/2022 12:48:18 Pilot control
09/03/2022 12:48:18 -------------Check stall condition-------------
09/03/2022 12:48:18 Alt: 0.063
09/03/2022 12:48:18 distance: 43.93596773956764
09/03/2022 12:48:18 Mode: STABILIZE
09/03/2022 12:48:18 Pilot control
09/03/2022 12:48:18 Pilot control
09/03/2022 12:48:18 -------------Check stall condition-------------
09/03/2022 12:48:18 Alt: 0.063
09/03/2022 12:48:18 distance: 43.93596773956764
09/03/2022 12:48:18 Mode: STABILIZE
09/03/2022 12:48:18 Pilot control
09/03/2022 12:48:18 Pilot control
09/03/2022 12:48:18 -------------Check stall condition-------------
09/03/2022 12:48:18 Alt: 0.063
09/03/2022 12:48:18 distance: 43.93596773956764
09/03/2022 12:48:18 Mode: STABILIZE
09/03/2022 12:48:18 Pilot control
09/03/2022 12:48:18 Pilot control
09/03/2022 12:48:18 -------------Check stall condition-------------
09/03/2022 12:48:18 Alt: 0.052
09/03/2022 12:48:18 distance: 43.92758448723139
09/03/2022 12:48:18 Mode: STABILIZE
09/03/2022 12:48:18 Pilot control
09/03/2022 12:48:18 Pilot control
09/03/2022 12:48:18 -------------Check stall condition-------------
09/03/2022 12:48:18 Alt: 0.052
09/03/2022 12:48:18 distance: 43.92758448723139
09/03/2022 12:48:18 Mode: STABILIZE
09/03/2022 12:48:18 Pilot control
09/03/2022 12:48:18 Pilot control
09/03/2022 12:48:18 -------------Check stall condition-------------
09/03/2022 12:48:18 Alt: 0.052
09/03/2022 12:48:18 distance: 43.92758448723139
09/03/2022 12:48:18 Mode: STABILIZE
09/03/2022 12:48:18 Pilot control
09/03/2022 12:48:18 Pilot control
09/03/2022 12:48:18 -------------Check stall condition-------------
09/03/2022 12:48:18 Alt: 0.052
09/03/2022 12:48:18 distance: 43.92758448723139
09/03/2022 12:48:18 Mode: STABILIZE
09/03/2022 12:48:18 Pilot control
09/03/2022 12:48:18 Pilot control
09/03/2022 12:48:18 -------------Check stall condition-------------
09/03/2022 12:48:18 Alt: 0.052
09/03/2022 12:48:18 distance: 43.92758448723139
09/03/2022 12:48:18 Mode: STABILIZE
09/03/2022 12:48:18 Pilot control
09/03/2022 12:48:18 Pilot control
09/03/2022 12:48:18 -------------Check stall condition-------------
09/03/2022 12:48:18 Alt: 0.045
09/03/2022 12:48:18 distance: 43.92339649301172
09/03/2022 12:48:18 Mode: STABILIZE
09/03/2022 12:48:18 Pilot control
09/03/2022 12:48:18 Pilot control
09/03/2022 12:48:18 -------------Check stall condition-------------
09/03/2022 12:48:18 Alt: 0.045
09/03/2022 12:48:18 distance: 43.92339649301172
09/03/2022 12:48:18 Mode: STABILIZE
09/03/2022 12:48:18 Pilot control
09/03/2022 12:48:18 Pilot control
09/03/2022 12:48:18 -------------Check stall condition-------------
09/03/2022 12:48:18 Alt: 0.045
09/03/2022 12:48:18 distance: 43.92339649301172
09/03/2022 12:48:18 Mode: STABILIZE
09/03/2022 12:48:18 Pilot control
09/03/2022 12:48:18 Pilot control
09/03/2022 12:48:18 -------------Check stall condition-------------
09/03/2022 12:48:18 Alt: 0.045
09/03/2022 12:48:18 distance: 43.92339649301172
09/03/2022 12:48:18 Mode: STABILIZE
09/03/2022 12:48:18 Pilot control
09/03/2022 12:48:18 Pilot control
09/03/2022 12:48:18 -------------Check stall condition-------------
09/03/2022 12:48:18 Alt: 0.054
09/03/2022 12:48:18 distance: 43.925344544757806
09/03/2022 12:48:18 Mode: STABILIZE
09/03/2022 12:48:18 Pilot control
09/03/2022 12:48:18 Pilot control
09/03/2022 12:48:18 -------------Check stall condition-------------
09/03/2022 12:48:19 Alt: 0.054
09/03/2022 12:48:19 distance: 43.925344544757806
09/03/2022 12:48:19 Mode: STABILIZE
09/03/2022 12:48:19 Pilot control
09/03/2022 12:48:19 Pilot control
09/03/2022 12:48:19 -------------Check stall condition-------------
09/03/2022 12:48:19 Alt: 0.054
09/03/2022 12:48:19 distance: 43.925344544757806
09/03/2022 12:48:19 Mode: STABILIZE
09/03/2022 12:48:19 Pilot control
09/03/2022 12:48:19 Pilot control
09/03/2022 12:48:19 -------------Check stall condition-------------
09/03/2022 12:48:19 Alt: 0.054
09/03/2022 12:48:19 distance: 43.925344544757806
09/03/2022 12:48:19 Mode: STABILIZE
09/03/2022 12:48:19 Pilot control
09/03/2022 12:48:19 Pilot control
09/03/2022 12:48:19 -------------Check stall condition-------------
09/03/2022 12:48:19 Alt: 0.054
09/03/2022 12:48:19 distance: 43.925344544757806
09/03/2022 12:48:19 Mode: STABILIZE
09/03/2022 12:48:19 Pilot control
09/03/2022 12:48:19 Pilot control
09/03/2022 12:48:19 -------------Check stall condition-------------
09/03/2022 12:48:19 Alt: 0.064
09/03/2022 12:48:19 distance: 43.9211648012323
09/03/2022 12:48:19 Mode: STABILIZE
09/03/2022 12:48:19 Pilot control
09/03/2022 12:48:19 Pilot control
09/03/2022 12:48:19 -------------Check stall condition-------------
09/03/2022 12:48:19 Alt: 0.064
09/03/2022 12:48:19 distance: 43.9211648012323
09/03/2022 12:48:19 Mode: STABILIZE
09/03/2022 12:48:19 Pilot control
09/03/2022 12:48:19 Pilot control
09/03/2022 12:48:19 -------------Check stall condition-------------
09/03/2022 12:48:19 Alt: 0.064
09/03/2022 12:48:19 distance: 43.9211648012323
09/03/2022 12:48:19 Mode: STABILIZE
09/03/2022 12:48:19 Pilot control
09/03/2022 12:48:19 Pilot control
09/03/2022 12:48:19 -------------Check stall condition-------------
09/03/2022 12:48:19 Alt: 0.064
09/03/2022 12:48:19 distance: 43.9211648012323
09/03/2022 12:48:19 Mode: STABILIZE
09/03/2022 12:48:19 Pilot control
09/03/2022 12:48:19 Pilot control
09/03/2022 12:48:19 -------------Check stall condition-------------
09/03/2022 12:48:19 Alt: 0.071
09/03/2022 12:48:19 distance: 43.91084704623556
09/03/2022 12:48:19 Mode: STABILIZE
09/03/2022 12:48:19 Pilot control
09/03/2022 12:48:19 Pilot control
09/03/2022 12:48:19 -------------Check stall condition-------------
09/03/2022 12:48:19 Alt: 0.071
09/03/2022 12:48:19 distance: 43.91084704623556
09/03/2022 12:48:19 Mode: STABILIZE
09/03/2022 12:48:19 Pilot control
09/03/2022 12:48:19 Pilot control
09/03/2022 12:48:19 -------------Check stall condition-------------
09/03/2022 12:48:19 Alt: 0.071
09/03/2022 12:48:19 distance: 43.91084704623556
09/03/2022 12:48:19 Mode: STABILIZE
09/03/2022 12:48:19 Pilot control
09/03/2022 12:48:19 Pilot control
09/03/2022 12:48:19 -------------Check stall condition-------------
09/03/2022 12:48:19 Alt: 0.071
09/03/2022 12:48:19 distance: 43.91084704623556
09/03/2022 12:48:19 Mode: STABILIZE
09/03/2022 12:48:19 Pilot control
09/03/2022 12:48:19 Pilot control
09/03/2022 12:48:19 -------------Check stall condition-------------
09/03/2022 12:48:19 Alt: 0.071
09/03/2022 12:48:19 distance: 43.91084704623556
09/03/2022 12:48:19 Mode: STABILIZE
09/03/2022 12:48:19 Pilot control
09/03/2022 12:48:19 Pilot control
09/03/2022 12:48:19 -------------Check stall condition-------------
09/03/2022 12:48:19 Alt: 0.071
09/03/2022 12:48:19 distance: 43.90666874488795
09/03/2022 12:48:19 Mode: STABILIZE
09/03/2022 12:48:19 Pilot control
09/03/2022 12:48:19 Pilot control
09/03/2022 12:48:19 -------------Check stall condition-------------
09/03/2022 12:48:19 Alt: 0.078
09/03/2022 12:48:19 distance: 43.90666874488795
09/03/2022 12:48:19 Mode: STABILIZE
09/03/2022 12:48:19 Pilot control
09/03/2022 12:48:19 Pilot control
09/03/2022 12:48:19 -------------Check stall condition-------------
09/03/2022 12:48:19 Alt: 0.078
09/03/2022 12:48:19 distance: 43.90666874488795
09/03/2022 12:48:19 Mode: STABILIZE
09/03/2022 12:48:19 Pilot control
09/03/2022 12:48:19 Pilot control
09/03/2022 12:48:19 -------------Check stall condition-------------
09/03/2022 12:48:19 Alt: 0.078
09/03/2022 12:48:19 distance: 43.90666874488795
09/03/2022 12:48:19 Mode: STABILIZE
09/03/2022 12:48:19 Pilot control
09/03/2022 12:48:19 Pilot control
09/03/2022 12:48:19 -------------Check stall condition-------------
09/03/2022 12:48:19 Alt: 0.086
09/03/2022 12:48:20 distance: 43.90666874488795
09/03/2022 12:48:20 Mode: STABILIZE
09/03/2022 12:48:20 Pilot control
09/03/2022 12:48:20 Pilot control
09/03/2022 12:48:20 -------------Check stall condition-------------
09/03/2022 12:48:20 Alt: 0.086
09/03/2022 12:48:20 distance: 43.90666874488795
09/03/2022 12:48:20 Mode: STABILIZE
09/03/2022 12:48:20 Pilot control
09/03/2022 12:48:20 Pilot control
09/03/2022 12:48:20 -------------Check stall condition-------------
09/03/2022 12:48:20 Alt: 0.086
09/03/2022 12:48:20 distance: 43.90666874488795
09/03/2022 12:48:20 Mode: STABILIZE
09/03/2022 12:48:20 Pilot control
09/03/2022 12:48:20 Pilot control
09/03/2022 12:48:20 -------------Check stall condition-------------
09/03/2022 12:48:20 Alt: 0.086
09/03/2022 12:48:20 distance: 43.90666874488795
09/03/2022 12:48:20 Mode: STABILIZE
09/03/2022 12:48:20 Pilot control
09/03/2022 12:48:20 Pilot control
09/03/2022 12:48:20 -------------Check stall condition-------------
09/03/2022 12:48:20 Alt: 0.086
09/03/2022 12:48:20 distance: 43.90666874488795
09/03/2022 12:48:20 Mode: STABILIZE
09/03/2022 12:48:20 Pilot control
09/03/2022 12:48:20 Pilot control
09/03/2022 12:48:20 -------------Check stall condition-------------
09/03/2022 12:48:20 Alt: 0.101
09/03/2022 12:48:20 distance: 43.92730661673869
09/03/2022 12:48:20 Mode: STABILIZE
09/03/2022 12:48:20 Pilot control
09/03/2022 12:48:20 Pilot control
09/03/2022 12:48:20 -------------Check stall condition-------------
09/03/2022 12:48:20 Alt: 0.101
09/03/2022 12:48:20 distance: 43.92730661673869
09/03/2022 12:48:20 Mode: STABILIZE
09/03/2022 12:48:20 Pilot control
09/03/2022 12:48:20 Pilot control
09/03/2022 12:48:20 -------------Check stall condition-------------
09/03/2022 12:48:20 Alt: 0.101
09/03/2022 12:48:20 distance: 43.92730661673869
09/03/2022 12:48:20 Mode: STABILIZE
09/03/2022 12:48:20 Pilot control
09/03/2022 12:48:20 Pilot control
09/03/2022 12:48:20 -------------Check stall condition-------------
09/03/2022 12:48:20 Alt: 0.101
09/03/2022 12:48:20 distance: 43.92730661673869
09/03/2022 12:48:20 Mode: STABILIZE
09/03/2022 12:48:20 Pilot control
09/03/2022 12:48:20 Pilot control
09/03/2022 12:48:20 -------------Check stall condition-------------
09/03/2022 12:48:20 Alt: 0.116
09/03/2022 12:48:20 distance: 43.93345321351227
09/03/2022 12:48:20 Mode: STABILIZE
09/03/2022 12:48:20 Pilot control
09/03/2022 12:48:20 Pilot control
09/03/2022 12:48:20 -------------Check stall condition-------------
09/03/2022 12:48:20 Alt: 0.116
09/03/2022 12:48:20 distance: 43.93345321351227
09/03/2022 12:48:20 Mode: STABILIZE
09/03/2022 12:48:20 Pilot control
09/03/2022 12:48:20 Pilot control
09/03/2022 12:48:20 -------------Check stall condition-------------
09/03/2022 12:48:20 Alt: 0.116
09/03/2022 12:48:20 distance: 43.93345321351227
09/03/2022 12:48:20 Mode: STABILIZE
09/03/2022 12:48:20 Pilot control
09/03/2022 12:48:20 Pilot control
09/03/2022 12:48:20 -------------Check stall condition-------------
09/03/2022 12:48:20 Alt: 0.116
09/03/2022 12:48:20 distance: 43.914792149388816
09/03/2022 12:48:20 Mode: STABILIZE
09/03/2022 12:48:20 Pilot control
09/03/2022 12:48:20 Pilot control
09/03/2022 12:48:20 -------------Check stall condition-------------
09/03/2022 12:48:20 Alt: 0.119
09/03/2022 12:48:20 distance: 43.914792149388816
09/03/2022 12:48:20 Mode: STABILIZE
09/03/2022 12:48:20 Pilot control
09/03/2022 12:48:20 Pilot control
09/03/2022 12:48:20 -------------Check stall condition-------------
09/03/2022 12:48:20 Alt: 0.119
09/03/2022 12:48:20 distance: 43.914792149388816
09/03/2022 12:48:20 Mode: STABILIZE
09/03/2022 12:48:20 Pilot control
09/03/2022 12:48:20 Pilot control
09/03/2022 12:48:21 -------------Check stall condition-------------
09/03/2022 12:48:21 Alt: 0.119
09/03/2022 12:48:21 distance: 43.914792149388816
09/03/2022 12:48:21 Mode: STABILIZE
09/03/2022 12:48:21 Pilot control
09/03/2022 12:48:21 Pilot control
09/03/2022 12:48:21 -------------Check stall condition-------------
09/03/2022 12:48:21 Alt: 0.125
09/03/2022 12:48:21 distance: 43.90646130135059
09/03/2022 12:48:21 Mode: STABILIZE
09/03/2022 12:48:21 Pilot control
09/03/2022 12:48:21 Pilot control
09/03/2022 12:48:21 -------------Check stall condition-------------
09/03/2022 12:48:21 Alt: 0.125
09/03/2022 12:48:21 distance: 43.891974504049394
09/03/2022 12:48:21 Mode: STABILIZE
09/03/2022 12:48:21 Pilot control
09/03/2022 12:48:21 Pilot control
09/03/2022 12:48:21 -------------Check stall condition-------------
09/03/2022 12:48:21 Alt: 0.132
09/03/2022 12:48:21 distance: 43.891974504049394
09/03/2022 12:48:21 Mode: STABILIZE
09/03/2022 12:48:21 Pilot control
09/03/2022 12:48:21 Pilot control
09/03/2022 12:48:21 -------------Check stall condition-------------
09/03/2022 12:48:21 Alt: 0.132
09/03/2022 12:48:21 distance: 43.891974504049394
09/03/2022 12:48:21 Mode: STABILIZE
09/03/2022 12:48:21 Pilot control
09/03/2022 12:48:21 Pilot control
09/03/2022 12:48:21 -------------Check stall condition-------------
09/03/2022 12:48:21 Alt: 0.132
09/03/2022 12:48:21 distance: 43.873329691416366
09/03/2022 12:48:21 Mode: STABILIZE
09/03/2022 12:48:21 Pilot control
09/03/2022 12:48:21 Pilot control
09/03/2022 12:48:21 -------------Check stall condition-------------
09/03/2022 12:48:21 Alt: 0.136
09/03/2022 12:48:21 distance: 43.873329691416366
09/03/2022 12:48:21 Mode: STABILIZE
09/03/2022 12:48:21 Pilot control
09/03/2022 12:48:21 Pilot control
09/03/2022 12:48:21 -------------Check stall condition-------------
09/03/2022 12:48:21 Alt: 0.136
09/03/2022 12:48:21 distance: 43.873329691416366
09/03/2022 12:48:21 Mode: STABILIZE
09/03/2022 12:48:21 Pilot control
09/03/2022 12:48:21 Pilot control
09/03/2022 12:48:21 -------------Check stall condition-------------
09/03/2022 12:48:21 Alt: 0.155
09/03/2022 12:48:21 distance: 43.861001832149995
09/03/2022 12:48:21 Mode: STABILIZE
09/03/2022 12:48:21 Pilot control
09/03/2022 12:48:21 Pilot control
09/03/2022 12:48:21 -------------Check stall condition-------------
09/03/2022 12:48:21 Alt: 0.155
09/03/2022 12:48:21 distance: 43.861001832149995
09/03/2022 12:48:21 Mode: STABILIZE
09/03/2022 12:48:21 Pilot control
09/03/2022 12:48:21 Pilot control
09/03/2022 12:48:21 -------------Check stall condition-------------
09/03/2022 12:48:21 Alt: 0.155
09/03/2022 12:48:21 distance: 43.861001832149995
09/03/2022 12:48:21 Mode: STABILIZE
09/03/2022 12:48:21 Pilot control
09/03/2022 12:48:21 Pilot control
09/03/2022 12:48:21 -------------Check stall condition-------------
09/03/2022 12:48:21 Alt: 0.155
09/03/2022 12:48:21 distance: 43.861001832149995
09/03/2022 12:48:21 Mode: STABILIZE
09/03/2022 12:48:21 Pilot control
09/03/2022 12:48:21 Pilot control
09/03/2022 12:48:21 -------------Check stall condition-------------
09/03/2022 12:48:21 Alt: 0.155
09/03/2022 12:48:21 distance: 43.861001832149995
09/03/2022 12:48:21 Mode: STABILIZE
09/03/2022 12:48:21 Pilot control
09/03/2022 12:48:21 Pilot control
09/03/2022 12:48:21 -------------Check stall condition-------------
09/03/2022 12:48:21 Alt: 0.155
09/03/2022 12:48:21 distance: 43.85067839764744
09/03/2022 12:48:21 Mode: STABILIZE
09/03/2022 12:48:21 Pilot control
09/03/2022 12:48:21 Pilot control
09/03/2022 12:48:21 -------------Check stall condition-------------
09/03/2022 12:48:21 Alt: 0.168
09/03/2022 12:48:22 distance: 43.85067839764744
09/03/2022 12:48:22 Mode: STABILIZE
09/03/2022 12:48:22 Pilot control
09/03/2022 12:48:22 Pilot control
09/03/2022 12:48:22 -------------Check stall condition-------------
09/03/2022 12:48:22 Alt: 0.168
09/03/2022 12:48:22 distance: 43.85067839764744
09/03/2022 12:48:22 Mode: STABILIZE
09/03/2022 12:48:22 Pilot control
09/03/2022 12:48:22 Pilot control
09/03/2022 12:48:22 -------------Check stall condition-------------
09/03/2022 12:48:22 Alt: 0.168
09/03/2022 12:48:22 distance: 43.85067839764744
09/03/2022 12:48:22 Mode: STABILIZE
09/03/2022 12:48:22 Pilot control
09/03/2022 12:48:22 Pilot control
09/03/2022 12:48:22 -------------Check stall condition-------------
09/03/2022 12:48:22 Alt: 0.168
09/03/2022 12:48:22 distance: 43.85067839764744
09/03/2022 12:48:22 Mode: STABILIZE
09/03/2022 12:48:22 Pilot control
09/03/2022 12:48:22 Pilot control
09/03/2022 12:48:22 -------------Check stall condition-------------
09/03/2022 12:48:22 Alt: 0.168
09/03/2022 12:48:22 distance: 43.85067839764744
09/03/2022 12:48:22 Mode: STABILIZE
09/03/2022 12:48:22 Pilot control
09/03/2022 12:48:22 Pilot control
09/03/2022 12:48:22 -------------Check stall condition-------------
09/03/2022 12:48:22 Alt: 0.168
09/03/2022 12:48:22 distance: 43.81971047231035
09/03/2022 12:48:22 Mode: STABILIZE
09/03/2022 12:48:22 Pilot control
09/03/2022 12:48:22 Pilot control
09/03/2022 12:48:22 -------------Check stall condition-------------
09/03/2022 12:48:22 Alt: 0.169
09/03/2022 12:48:22 distance: 43.81971047231035
09/03/2022 12:48:22 Mode: STABILIZE
09/03/2022 12:48:22 Pilot control
09/03/2022 12:48:22 Pilot control
09/03/2022 12:48:22 -------------Check stall condition-------------
09/03/2022 12:48:22 Alt: 0.169
09/03/2022 12:48:22 distance: 43.81971047231035
09/03/2022 12:48:22 Mode: STABILIZE
09/03/2022 12:48:22 Pilot control
09/03/2022 12:48:22 Pilot control
09/03/2022 12:48:22 -------------Check stall condition-------------
09/03/2022 12:48:22 Alt: 0.169
09/03/2022 12:48:22 distance: 43.81971047231035
09/03/2022 12:48:22 Mode: STABILIZE
09/03/2022 12:48:22 Pilot control
09/03/2022 12:48:22 Pilot control
09/03/2022 12:48:22 -------------Check stall condition-------------
09/03/2022 12:48:22 Alt: 0.164
09/03/2022 12:48:22 distance: 43.794898011592345
09/03/2022 12:48:22 Mode: STABILIZE
09/03/2022 12:48:22 Pilot control
09/03/2022 12:48:22 Pilot control
09/03/2022 12:48:22 -------------Check stall condition-------------
09/03/2022 12:48:22 Alt: 0.164
09/03/2022 12:48:22 distance: 43.794898011592345
09/03/2022 12:48:22 Mode: STABILIZE
09/03/2022 12:48:22 Pilot control
09/03/2022 12:48:22 Pilot control
09/03/2022 12:48:22 -------------Check stall condition-------------
09/03/2022 12:48:22 Alt: 0.164
09/03/2022 12:48:22 distance: 43.794898011592345
09/03/2022 12:48:22 Mode: STABILIZE
09/03/2022 12:48:22 Pilot control
09/03/2022 12:48:22 Pilot control
09/03/2022 12:48:22 -------------Check stall condition-------------
09/03/2022 12:48:22 Alt: 0.162
09/03/2022 12:48:22 distance: 43.77008564235973
09/03/2022 12:48:22 Mode: STABILIZE
09/03/2022 12:48:22 Pilot control
09/03/2022 12:48:22 Pilot control
09/03/2022 12:48:22 -------------Check stall condition-------------
09/03/2022 12:48:22 Alt: 0.162
09/03/2022 12:48:22 distance: 43.77008564235973
09/03/2022 12:48:22 Mode: STABILIZE
09/03/2022 12:48:22 Pilot control
09/03/2022 12:48:22 Pilot control
09/03/2022 12:48:22 -------------Check stall condition-------------
09/03/2022 12:48:22 Alt: 0.162
09/03/2022 12:48:23 distance: 43.75559617473171
09/03/2022 12:48:23 Mode: STABILIZE
09/03/2022 12:48:23 Pilot control
09/03/2022 12:48:23 Pilot control
09/03/2022 12:48:23 -------------Check stall condition-------------
09/03/2022 12:48:23 Alt: 0.168
09/03/2022 12:48:23 distance: 43.75559617473171
09/03/2022 12:48:23 Mode: STABILIZE
09/03/2022 12:48:23 Pilot control
09/03/2022 12:48:23 Pilot control
09/03/2022 12:48:23 -------------Check stall condition-------------
09/03/2022 12:48:23 Alt: 0.168
09/03/2022 12:48:23 distance: 43.75559617473171
09/03/2022 12:48:23 Mode: STABILIZE
09/03/2022 12:48:23 Pilot control
09/03/2022 12:48:23 Pilot control
09/03/2022 12:48:23 -------------Check stall condition-------------
09/03/2022 12:48:23 Alt: 0.168
09/03/2022 12:48:23 distance: 43.75559617473171
09/03/2022 12:48:23 Mode: STABILIZE
09/03/2022 12:48:23 Pilot control
09/03/2022 12:48:23 Pilot control
09/03/2022 12:48:23 -------------Check stall condition-------------
09/03/2022 12:48:23 Alt: 0.168
09/03/2022 12:48:23 distance: 43.74310907132716
09/03/2022 12:48:23 Mode: STABILIZE
09/03/2022 12:48:23 Pilot control
09/03/2022 12:48:23 Pilot control
09/03/2022 12:48:23 -------------Check stall condition-------------
09/03/2022 12:48:23 Alt: 0.178
09/03/2022 12:48:23 distance: 43.74310907132716
09/03/2022 12:48:23 Mode: STABILIZE
09/03/2022 12:48:23 Pilot control
09/03/2022 12:48:23 Pilot control
09/03/2022 12:48:23 -------------Check stall condition-------------
09/03/2022 12:48:23 Alt: 0.178
09/03/2022 12:48:23 distance: 43.74310907132716
09/03/2022 12:48:23 Mode: STABILIZE
09/03/2022 12:48:23 Pilot control
09/03/2022 12:48:23 Pilot control
09/03/2022 12:48:23 -------------Check stall condition-------------
09/03/2022 12:48:23 Alt: 0.186
09/03/2022 12:48:23 distance: 43.722457945026925
09/03/2022 12:48:23 Mode: STABILIZE
09/03/2022 12:48:23 Pilot control
09/03/2022 12:48:23 Pilot control
09/03/2022 12:48:23 -------------Check stall condition-------------
09/03/2022 12:48:23 Alt: 0.186
09/03/2022 12:48:23 distance: 43.722457945026925
09/03/2022 12:48:23 Mode: STABILIZE
09/03/2022 12:48:23 Pilot control
09/03/2022 12:48:23 Pilot control
09/03/2022 12:48:23 -------------Check stall condition-------------
09/03/2022 12:48:23 Alt: 0.186
09/03/2022 12:48:23 distance: 43.722457945026925
09/03/2022 12:48:23 Mode: STABILIZE
09/03/2022 12:48:23 Pilot control
09/03/2022 12:48:23 Pilot control
09/03/2022 12:48:23 -------------Check stall condition-------------
09/03/2022 12:48:23 Alt: 0.169
09/03/2022 12:48:23 distance: 43.707972536301
09/03/2022 12:48:23 Mode: STABILIZE
09/03/2022 12:48:23 Pilot control
09/03/2022 12:48:23 Pilot control
09/03/2022 12:48:23 -------------Check stall condition-------------
09/03/2022 12:48:23 Alt: 0.169
09/03/2022 12:48:23 distance: 43.707972536301
09/03/2022 12:48:23 Mode: STABILIZE
09/03/2022 12:48:23 Pilot control
09/03/2022 12:48:23 Pilot control
09/03/2022 12:48:23 -------------Check stall condition-------------
09/03/2022 12:48:23 Alt: 0.169
09/03/2022 12:48:23 distance: 43.707972536301
09/03/2022 12:48:23 Mode: STABILIZE
09/03/2022 12:48:23 Pilot control
09/03/2022 12:48:23 Pilot control
09/03/2022 12:48:23 -------------Check stall condition-------------
09/03/2022 12:48:23 Alt: 0.169
09/03/2022 12:48:23 distance: 43.707972536301
09/03/2022 12:48:23 Mode: STABILIZE
09/03/2022 12:48:23 Pilot control
09/03/2022 12:48:23 Pilot control
09/03/2022 12:48:23 -------------Check stall condition-------------
09/03/2022 12:48:23 Alt: 0.169
09/03/2022 12:48:23 distance: 43.68933145324157
09/03/2022 12:48:23 Mode: STABILIZE
09/03/2022 12:48:23 Pilot control
09/03/2022 12:48:23 Pilot control
09/03/2022 12:48:23 -------------Check stall condition-------------
09/03/2022 12:48:23 Alt: 0.071
09/03/2022 12:48:23 distance: 43.68933145324157
09/03/2022 12:48:24 Mode: STABILIZE
09/03/2022 12:48:24 Pilot control
09/03/2022 12:48:24 Pilot control
09/03/2022 12:48:24 -------------Check stall condition-------------
09/03/2022 12:48:24 Alt: 0.071
09/03/2022 12:48:24 distance: 43.68933145324157
09/03/2022 12:48:24 Mode: STABILIZE
09/03/2022 12:48:24 Pilot control
09/03/2022 12:48:24 Pilot control
09/03/2022 12:48:24 -------------Check stall condition-------------
09/03/2022 12:48:24 Alt: 0.071
09/03/2022 12:48:24 distance: 43.68933145324157
09/03/2022 12:48:24 Mode: STABILIZE
09/03/2022 12:48:24 Pilot control
09/03/2022 12:48:24 Pilot control
09/03/2022 12:48:24 -------------Check stall condition-------------
09/03/2022 12:48:24 Alt: 0.071
09/03/2022 12:48:24 distance: 43.68933145324157
09/03/2022 12:48:24 Mode: STABILIZE
09/03/2022 12:48:24 Pilot control
09/03/2022 12:48:24 Pilot control
09/03/2022 12:48:24 -------------Check stall condition-------------
09/03/2022 12:48:24 Alt: 0.071
09/03/2022 12:48:24 distance: 43.68933145324157
09/03/2022 12:48:24 Mode: STABILIZE
09/03/2022 12:48:24 Pilot control
09/03/2022 12:48:24 Pilot control
09/03/2022 12:48:24 -------------Check stall condition-------------
09/03/2022 12:48:24 Alt: 0.071
09/03/2022 12:48:24 distance: 43.68933145324157
09/03/2022 12:48:24 Mode: STABILIZE
09/03/2022 12:48:24 Pilot control
09/03/2022 12:48:24 Pilot control
09/03/2022 12:48:24 -------------Check stall condition-------------
09/03/2022 12:48:24 Alt: 0.04
09/03/2022 12:48:24 distance: 43.6748492443154
09/03/2022 12:48:24 Mode: STABILIZE
09/03/2022 12:48:24 Pilot control
09/03/2022 12:48:24 Pilot control
09/03/2022 12:48:24 -------------Check stall condition-------------
09/03/2022 12:48:24 Alt: 0.04
09/03/2022 12:48:24 distance: 43.6748492443154
09/03/2022 12:48:24 Mode: STABILIZE
09/03/2022 12:48:24 Pilot control
09/03/2022 12:48:24 Pilot control
09/03/2022 12:48:24 -------------Check stall condition-------------
09/03/2022 12:48:24 Alt: 0.04
09/03/2022 12:48:24 distance: 43.6748492443154
09/03/2022 12:48:24 Mode: STABILIZE
09/03/2022 12:48:24 Pilot control
09/03/2022 12:48:24 Pilot control
09/03/2022 12:48:24 -------------Check stall condition-------------
09/03/2022 12:48:24 Alt: 0.04
09/03/2022 12:48:24 distance: 43.666546404001636
09/03/2022 12:48:24 Mode: STABILIZE
09/03/2022 12:48:24 Pilot control
09/03/2022 12:48:24 Pilot control
09/03/2022 12:48:24 -------------Check stall condition-------------
09/03/2022 12:48:24 Alt: 0.03
09/03/2022 12:48:24 distance: 43.666546404001636
09/03/2022 12:48:24 Mode: STABILIZE
09/03/2022 12:48:24 Pilot control
09/03/2022 12:48:24 Pilot control
09/03/2022 12:48:24 -------------Check stall condition-------------
09/03/2022 12:48:24 Alt: 0.03
09/03/2022 12:48:24 distance: 43.666546404001636
09/03/2022 12:48:24 Mode: STABILIZE
09/03/2022 12:48:24 Pilot control
09/03/2022 12:48:24 Pilot control
09/03/2022 12:48:24 -------------Check stall condition-------------
09/03/2022 12:48:24 Alt: 0.03
09/03/2022 12:48:24 distance: 43.65411047277722
09/03/2022 12:48:24 Mode: STABILIZE
09/03/2022 12:48:24 Pilot control
09/03/2022 12:48:24 Pilot control
09/03/2022 12:48:24 -------------Check stall condition-------------
09/03/2022 12:48:24 Alt: 0.026
09/03/2022 12:48:24 distance: 43.65411047277722
09/03/2022 12:48:24 Mode: STABILIZE
09/03/2022 12:48:24 Pilot control
09/03/2022 12:48:24 Pilot control
09/03/2022 12:48:24 -------------Check stall condition-------------
09/03/2022 12:48:24 Alt: 0.026
09/03/2022 12:48:24 distance: 43.65411047277722
09/03/2022 12:48:25 Mode: STABILIZE
09/03/2022 12:48:25 Pilot control
09/03/2022 12:48:25 Pilot control
09/03/2022 12:48:25 -------------Check stall condition-------------
09/03/2022 12:48:25 Alt: 0.033
09/03/2022 12:48:25 distance: 43.66236884869268
09/03/2022 12:48:25 Mode: STABILIZE
09/03/2022 12:48:25 Pilot control
09/03/2022 12:48:25 Pilot control
09/03/2022 12:48:25 -------------Check stall condition-------------
09/03/2022 12:48:25 Alt: 0.033
09/03/2022 12:48:25 distance: 43.66236884869268
09/03/2022 12:48:25 Mode: STABILIZE
09/03/2022 12:48:25 Pilot control
09/03/2022 12:48:25 Pilot control
09/03/2022 12:48:25 -------------Check stall condition-------------
09/03/2022 12:48:25 Alt: 0.033
09/03/2022 12:48:25 distance: 43.66236884869268
09/03/2022 12:48:25 Mode: STABILIZE
09/03/2022 12:48:25 Pilot control
09/03/2022 12:48:25 Pilot control
09/03/2022 12:48:25 -------------Check stall condition-------------
09/03/2022 12:48:25 Alt: 0.038
09/03/2022 12:48:25 distance: 43.66236884869268
09/03/2022 12:48:25 Mode: STABILIZE
09/03/2022 12:48:25 Pilot control
09/03/2022 12:48:25 Pilot control
09/03/2022 12:48:25 -------------Check stall condition-------------
09/03/2022 12:48:25 Alt: 0.038
09/03/2022 12:48:25 distance: 43.66236884869268
09/03/2022 12:48:25 Mode: STABILIZE
09/03/2022 12:48:25 Pilot control
09/03/2022 12:48:25 Pilot control
09/03/2022 12:48:25 -------------Check stall condition-------------
09/03/2022 12:48:25 Alt: 0.038
09/03/2022 12:48:25 distance: 43.66236884869268
09/03/2022 12:48:25 Mode: STABILIZE
09/03/2022 12:48:25 Pilot control
09/03/2022 12:48:25 Pilot control
09/03/2022 12:48:25 -------------Check stall condition-------------
09/03/2022 12:48:25 Alt: 0.038
09/03/2022 12:48:25 distance: 43.66236884869268
09/03/2022 12:48:25 Mode: STABILIZE
09/03/2022 12:48:25 Pilot control
09/03/2022 12:48:25 Pilot control
09/03/2022 12:48:25 -------------Check stall condition-------------
09/03/2022 12:48:25 Alt: 0.038
09/03/2022 12:48:25 distance: 43.66236884869268
09/03/2022 12:48:25 Mode: STABILIZE
09/03/2022 12:48:25 Pilot control
09/03/2022 12:48:25 Pilot control
09/03/2022 12:48:25 -------------Check stall condition-------------
09/03/2022 12:48:25 Alt: 0.04
09/03/2022 12:48:25 distance: 43.65203250458143
09/03/2022 12:48:25 Mode: STABILIZE
09/03/2022 12:48:25 Pilot control
09/03/2022 12:48:25 Pilot control
09/03/2022 12:48:25 -------------Check stall condition-------------
09/03/2022 12:48:25 Alt: 0.049
09/03/2022 12:48:25 distance: 43.63756347493622
09/03/2022 12:48:25 Mode: STABILIZE
09/03/2022 12:48:25 Pilot control
09/03/2022 12:48:25 Pilot control
09/03/2022 12:48:25 -------------Check stall condition-------------
09/03/2022 12:48:25 Alt: 0.049
09/03/2022 12:48:25 distance: 43.63756347493622
09/03/2022 12:48:25 Mode: STABILIZE
09/03/2022 12:48:25 Pilot control
09/03/2022 12:48:25 Pilot control
09/03/2022 12:48:25 -------------Check stall condition-------------
09/03/2022 12:48:26 Alt: 0.065
09/03/2022 12:48:26 distance: 43.61689078744551
09/03/2022 12:48:26 Mode: STABILIZE
09/03/2022 12:48:26 Pilot control
09/03/2022 12:48:26 Pilot control
09/03/2022 12:48:26 -------------Check stall condition-------------
09/03/2022 12:48:26 Alt: 0.065
09/03/2022 12:48:26 distance: 43.61689078744551
09/03/2022 12:48:26 Mode: STABILIZE
09/03/2022 12:48:26 Pilot control
09/03/2022 12:48:26 Pilot control
09/03/2022 12:48:26 -------------Check stall condition-------------
09/03/2022 12:48:26 Alt: 0.065
09/03/2022 12:48:26 distance: 43.61689078744551
09/03/2022 12:48:26 Mode: STABILIZE
09/03/2022 12:48:26 Pilot control
09/03/2022 12:48:26 Pilot control
09/03/2022 12:48:26 -------------Check stall condition-------------
09/03/2022 12:48:26 Alt: 0.065
09/03/2022 12:48:26 distance: 43.61689078744551
09/03/2022 12:48:26 Mode: STABILIZE
09/03/2022 12:48:26 Pilot control
09/03/2022 12:48:26 Pilot control
09/03/2022 12:48:26 -------------Check stall condition-------------
09/03/2022 12:48:26 Alt: 0.065
09/03/2022 12:48:26 distance: 43.61689078744551
09/03/2022 12:48:26 Mode: STABILIZE
09/03/2022 12:48:26 Pilot control
09/03/2022 12:48:26 Pilot control
09/03/2022 12:48:26 -------------Check stall condition-------------
09/03/2022 12:48:26 Alt: 0.065
09/03/2022 12:48:26 distance: 43.61689078744551
09/03/2022 12:48:26 Mode: STABILIZE
09/03/2022 12:48:26 Pilot control
09/03/2022 12:48:26 Pilot control
09/03/2022 12:48:26 -------------Check stall condition-------------
09/03/2022 12:48:26 Alt: 0.065
09/03/2022 12:48:26 distance: 43.61689078744551
09/03/2022 12:48:26 Mode: STABILIZE
09/03/2022 12:48:26 Pilot control
09/03/2022 12:48:26 Pilot control
09/03/2022 12:48:26 -------------Check stall condition-------------
09/03/2022 12:48:26 Alt: 0.064
09/03/2022 12:48:26 distance: 43.58174916804767
09/03/2022 12:48:26 Mode: STABILIZE
09/03/2022 12:48:26 Pilot control
09/03/2022 12:48:26 Pilot control
09/03/2022 12:48:26 -------------Check stall condition-------------
09/03/2022 12:48:26 Alt: 0.064
09/03/2022 12:48:26 distance: 43.58174916804767
09/03/2022 12:48:26 Mode: STABILIZE
09/03/2022 12:48:26 Pilot control
09/03/2022 12:48:26 Pilot control
09/03/2022 12:48:26 -------------Check stall condition-------------
09/03/2022 12:48:26 Alt: 0.05
09/03/2022 12:48:26 distance: 43.56521593055705
09/03/2022 12:48:26 Mode: STABILIZE
09/03/2022 12:48:26 Pilot control
09/03/2022 12:48:26 Pilot control
09/03/2022 12:48:26 -------------Check stall condition-------------
09/03/2022 12:48:26 Alt: 0.05
09/03/2022 12:48:26 distance: 43.56521593055705
09/03/2022 12:48:26 Mode: STABILIZE
09/03/2022 12:48:26 Pilot control
09/03/2022 12:48:26 Pilot control
09/03/2022 12:48:26 -------------Check stall condition-------------
09/03/2022 12:48:26 Alt: 0.05
09/03/2022 12:48:26 distance: 43.56521593055705
09/03/2022 12:48:26 Mode: STABILIZE
09/03/2022 12:48:26 Pilot control
09/03/2022 12:48:26 Pilot control
09/03/2022 12:48:26 -------------Check stall condition-------------
09/03/2022 12:48:26 Alt: 0.05
09/03/2022 12:48:26 distance: 43.56521593055705
09/03/2022 12:48:26 Mode: STABILIZE
09/03/2022 12:48:26 Pilot control
09/03/2022 12:48:26 Pilot control
09/03/2022 12:48:26 -------------Check stall condition-------------
09/03/2022 12:48:26 Alt: 0.05
09/03/2022 12:48:26 distance: 43.56521593055705
09/03/2022 12:48:26 Mode: STABILIZE
09/03/2022 12:48:26 Pilot control
09/03/2022 12:48:26 Pilot control
09/03/2022 12:48:26 -------------Check stall condition-------------
09/03/2022 12:48:26 Alt: 0.05
09/03/2022 12:48:26 distance: 43.54660764677158
09/03/2022 12:48:26 Mode: STABILIZE
09/03/2022 12:48:27 Pilot control
09/03/2022 12:48:27 Pilot control
09/03/2022 12:48:27 -------------Check stall condition-------------
09/03/2022 12:48:27 Alt: 0.04
09/03/2022 12:48:27 distance: 43.54660764677158
09/03/2022 12:48:27 Mode: STABILIZE
09/03/2022 12:48:27 Pilot control
09/03/2022 12:48:27 Pilot control
09/03/2022 12:48:27 -------------Check stall condition-------------
09/03/2022 12:48:27 Alt: 0.04
09/03/2022 12:48:27 distance: 43.54660764677158
09/03/2022 12:48:27 Mode: STABILIZE
09/03/2022 12:48:27 Pilot control
09/03/2022 12:48:27 Pilot control
09/03/2022 12:48:27 -------------Check stall condition-------------
09/03/2022 12:48:27 Alt: 0.04
09/03/2022 12:48:27 distance: 43.54660764677158
09/03/2022 12:48:27 Mode: STABILIZE
09/03/2022 12:48:27 Pilot control
09/03/2022 12:48:27 Pilot control
09/03/2022 12:48:27 -------------Check stall condition-------------
09/03/2022 12:48:27 Alt: 0.04
09/03/2022 12:48:27 distance: 43.54660764677158
09/03/2022 12:48:27 Mode: STABILIZE
09/03/2022 12:48:27 Pilot control
09/03/2022 12:48:27 Pilot control
09/03/2022 12:48:27 -------------Check stall condition-------------
09/03/2022 12:48:27 Alt: 0.042
09/03/2022 12:48:27 distance: 43.54660764677158
09/03/2022 12:48:27 Mode: STABILIZE
09/03/2022 12:48:27 Pilot control
09/03/2022 12:48:27 Pilot control
09/03/2022 12:48:27 -------------Check stall condition-------------
09/03/2022 12:48:27 Alt: 0.042
09/03/2022 12:48:27 distance: 43.54660764677158
09/03/2022 12:48:27 Mode: STABILIZE
09/03/2022 12:48:27 Pilot control
09/03/2022 12:48:27 Pilot control
09/03/2022 12:48:27 -------------Check stall condition-------------
09/03/2022 12:48:27 Alt: 0.042
09/03/2022 12:48:27 distance: 43.54660764677158
09/03/2022 12:48:27 Mode: STABILIZE
09/03/2022 12:48:27 Pilot control
09/03/2022 12:48:27 Pilot control
09/03/2022 12:48:27 -------------Check stall condition-------------
09/03/2022 12:48:27 Alt: 0.042
09/03/2022 12:48:27 distance: 43.54660764677158
09/03/2022 12:48:27 Mode: STABILIZE
09/03/2022 12:48:27 Pilot control
09/03/2022 12:48:27 Pilot control
09/03/2022 12:48:27 -------------Check stall condition-------------
09/03/2022 12:48:27 Alt: 0.042
09/03/2022 12:48:27 distance: 43.54660764677158
09/03/2022 12:48:27 Mode: STABILIZE
09/03/2022 12:48:27 Pilot control
09/03/2022 12:48:27 Pilot control
09/03/2022 12:48:27 -------------Check stall condition-------------
09/03/2022 12:48:27 Alt: 0.042
09/03/2022 12:48:27 distance: 43.54660764677158
09/03/2022 12:48:27 Mode: STABILIZE
09/03/2022 12:48:27 Pilot control
09/03/2022 12:48:27 Pilot control
09/03/2022 12:48:27 -------------Check stall condition-------------
09/03/2022 12:48:27 Alt: 0.042
09/03/2022 12:48:27 distance: 43.54660764677158
09/03/2022 12:48:27 Mode: STABILIZE
09/03/2022 12:48:27 Pilot control
09/03/2022 12:48:27 Pilot control
09/03/2022 12:48:27 -------------Check stall condition-------------
09/03/2022 12:48:27 Alt: 0.044
09/03/2022 12:48:27 distance: 43.54660764677158
09/03/2022 12:48:27 Mode: STABILIZE
09/03/2022 12:48:27 Pilot control
09/03/2022 12:48:27 Pilot control
09/03/2022 12:48:27 -------------Check stall condition-------------
09/03/2022 12:48:27 Alt: 0.044
09/03/2022 12:48:27 distance: 43.54660764677158
09/03/2022 12:48:27 Mode: STABILIZE
09/03/2022 12:48:27 Pilot control
09/03/2022 12:48:27 Pilot control
09/03/2022 12:48:27 -------------Check stall condition-------------
09/03/2022 12:48:27 Alt: 0.048
09/03/2022 12:48:27 distance: 43.54660764677158
09/03/2022 12:48:27 Mode: STABILIZE
09/03/2022 12:48:27 Pilot control
09/03/2022 12:48:27 Pilot control
09/03/2022 12:48:27 -------------Check stall condition-------------
09/03/2022 12:48:27 Alt: 0.048
09/03/2022 12:48:27 distance: 43.54660764677158
09/03/2022 12:48:27 Mode: STABILIZE
09/03/2022 12:48:27 Pilot control
09/03/2022 12:48:27 Pilot control
09/03/2022 12:48:28 -------------Check stall condition-------------
09/03/2022 12:48:28 Alt: 0.052
09/03/2022 12:48:28 distance: 43.52180178285362
09/03/2022 12:48:28 Mode: STABILIZE
09/03/2022 12:48:28 Pilot control
09/03/2022 12:48:28 Pilot control
09/03/2022 12:48:28 -------------Check stall condition-------------
09/03/2022 12:48:28 Alt: 0.052
09/03/2022 12:48:28 distance: 43.52180178285362
09/03/2022 12:48:28 Mode: STABILIZE
09/03/2022 12:48:28 Pilot control
09/03/2022 12:48:28 Pilot control
09/03/2022 12:48:28 -------------Check stall condition-------------
09/03/2022 12:48:28 Alt: 0.052
09/03/2022 12:48:28 distance: 43.52180178285362
09/03/2022 12:48:28 Mode: STABILIZE
09/03/2022 12:48:28 Pilot control
09/03/2022 12:48:28 Pilot control
09/03/2022 12:48:28 -------------Check stall condition-------------
09/03/2022 12:48:28 Alt: 0.057
09/03/2022 12:48:28 distance: 43.5114662223126
09/03/2022 12:48:28 Mode: STABILIZE
09/03/2022 12:48:28 Pilot control
09/03/2022 12:48:28 Pilot control
09/03/2022 12:48:28 -------------Check stall condition-------------
09/03/2022 12:48:28 Alt: 0.057
09/03/2022 12:48:28 distance: 43.5114662223126
09/03/2022 12:48:28 Mode: STABILIZE
09/03/2022 12:48:28 Pilot control
09/03/2022 12:48:28 Pilot control
09/03/2022 12:48:28 -------------Check stall condition-------------
09/03/2022 12:48:28 Alt: 0.057
09/03/2022 12:48:28 distance: 43.5114662223126
09/03/2022 12:48:28 Mode: STABILIZE
09/03/2022 12:48:28 Pilot control
09/03/2022 12:48:28 Pilot control
09/03/2022 12:48:28 -------------Check stall condition-------------
09/03/2022 12:48:28 Alt: 0.057
09/03/2022 12:48:28 distance: 43.48873330770387
09/03/2022 12:48:28 Mode: STABILIZE
09/03/2022 12:48:28 Pilot control
09/03/2022 12:48:28 Pilot control
09/03/2022 12:48:28 -------------Check stall condition-------------
09/03/2022 12:48:28 Alt: 0.057
09/03/2022 12:48:28 distance: 43.48873330770387
09/03/2022 12:48:28 Mode: STABILIZE
09/03/2022 12:48:28 Pilot control
09/03/2022 12:48:28 Pilot control
09/03/2022 12:48:28 -------------Check stall condition-------------
09/03/2022 12:48:28 Alt: 0.057
09/03/2022 12:48:28 distance: 43.48873330770387
09/03/2022 12:48:28 Mode: STABILIZE
09/03/2022 12:48:28 Pilot control
09/03/2022 12:48:28 Pilot control
09/03/2022 12:48:28 -------------Check stall condition-------------
09/03/2022 12:48:28 Alt: 0.057
09/03/2022 12:48:28 distance: 43.48873330770387
09/03/2022 12:48:28 Mode: STABILIZE
09/03/2022 12:48:28 Pilot control
09/03/2022 12:48:28 Pilot control
09/03/2022 12:48:28 -------------Check stall condition-------------
09/03/2022 12:48:28 Alt: 0.057
09/03/2022 12:48:28 distance: 43.47426693760902
09/03/2022 12:48:28 Mode: STABILIZE
09/03/2022 12:48:28 Pilot control
09/03/2022 12:48:28 Pilot control
09/03/2022 12:48:28 -------------Check stall condition-------------
09/03/2022 12:48:28 Alt: 0.057
09/03/2022 12:48:28 distance: 43.47426693760902
09/03/2022 12:48:28 Mode: STABILIZE
09/03/2022 12:48:28 Pilot control
09/03/2022 12:48:28 Pilot control
09/03/2022 12:48:28 -------------Check stall condition-------------
09/03/2022 12:48:28 Alt: 0.057
09/03/2022 12:48:28 distance: 43.47426693760902
09/03/2022 12:48:28 Mode: STABILIZE
09/03/2022 12:48:28 Pilot control
09/03/2022 12:48:28 Pilot control
09/03/2022 12:48:28 -------------Check stall condition-------------
09/03/2022 12:48:28 Alt: 0.062
09/03/2022 12:48:28 distance: 43.45980145348411
09/03/2022 12:48:28 Mode: STABILIZE
09/03/2022 12:48:28 Pilot control
09/03/2022 12:48:28 Pilot control
09/03/2022 12:48:28 -------------Check stall condition-------------
09/03/2022 12:48:29 Alt: 0.062
09/03/2022 12:48:29 distance: 43.45980145348411
09/03/2022 12:48:29 Mode: STABILIZE
09/03/2022 12:48:29 Pilot control
09/03/2022 12:48:29 Pilot control
09/03/2022 12:48:29 -------------Check stall condition-------------
09/03/2022 12:48:29 Alt: 0.062
09/03/2022 12:48:29 distance: 43.45980145348411
09/03/2022 12:48:29 Mode: STABILIZE
09/03/2022 12:48:29 Pilot control
09/03/2022 12:48:29 Pilot control
09/03/2022 12:48:29 -------------Check stall condition-------------
09/03/2022 12:48:29 Alt: 0.062
09/03/2022 12:48:29 distance: 43.45980145348411
09/03/2022 12:48:29 Mode: STABILIZE
09/03/2022 12:48:29 Pilot control
09/03/2022 12:48:29 Pilot control
09/03/2022 12:48:29 -------------Check stall condition-------------
09/03/2022 12:48:29 Alt: 0.062
09/03/2022 12:48:29 distance: 43.45155448653788
09/03/2022 12:48:29 Mode: STABILIZE
09/03/2022 12:48:29 Pilot control
09/03/2022 12:48:29 Pilot control
09/03/2022 12:48:29 -------------Check stall condition-------------
09/03/2022 12:48:29 Alt: 0.063
09/03/2022 12:48:29 distance: 43.45155448653788
09/03/2022 12:48:29 Mode: STABILIZE
09/03/2022 12:48:29 Pilot control
09/03/2022 12:48:29 Pilot control
09/03/2022 12:48:29 -------------Check stall condition-------------
09/03/2022 12:48:29 Alt: 0.063
09/03/2022 12:48:29 distance: 43.45155448653788
09/03/2022 12:48:29 Mode: STABILIZE
09/03/2022 12:48:29 Pilot control
09/03/2022 12:48:29 Pilot control
09/03/2022 12:48:29 -------------Check stall condition-------------
09/03/2022 12:48:29 Alt: 0.063
09/03/2022 12:48:29 distance: 43.45155448653788
09/03/2022 12:48:29 Mode: STABILIZE
09/03/2022 12:48:29 Pilot control
09/03/2022 12:48:29 Pilot control
09/03/2022 12:48:29 -------------Check stall condition-------------
09/03/2022 12:48:29 Alt: 0.063
09/03/2022 12:48:29 distance: 43.45155448653788
09/03/2022 12:48:29 Mode: STABILIZE
09/03/2022 12:48:29 Pilot control
09/03/2022 12:48:29 Pilot control
09/03/2022 12:48:29 -------------Check stall condition-------------
09/03/2022 12:48:29 Alt: 0.063
09/03/2022 12:48:29 distance: 43.45155448653788
09/03/2022 12:48:29 Mode: STABILIZE
09/03/2022 12:48:29 Pilot control
09/03/2022 12:48:29 Pilot control
09/03/2022 12:48:29 -------------Check stall condition-------------
09/03/2022 12:48:29 Alt: 0.062
09/03/2022 12:48:29 distance: 43.45777692898559
09/03/2022 12:48:29 Mode: STABILIZE
09/03/2022 12:48:29 Pilot control
09/03/2022 12:48:29 Pilot control
09/03/2022 12:48:29 -------------Check stall condition-------------
09/03/2022 12:48:29 Alt: 0.062
09/03/2022 12:48:29 distance: 43.45777692898559
09/03/2022 12:48:29 Mode: STABILIZE
09/03/2022 12:48:29 Pilot control
09/03/2022 12:48:29 Pilot control
09/03/2022 12:48:29 -------------Check stall condition-------------
09/03/2022 12:48:29 Alt: 0.062
09/03/2022 12:48:29 distance: 43.45366057853306
09/03/2022 12:48:29 Mode: STABILIZE
09/03/2022 12:48:29 Pilot control
09/03/2022 12:48:29 Pilot control
09/03/2022 12:48:29 -------------Check stall condition-------------
09/03/2022 12:48:29 Alt: 0.046
09/03/2022 12:48:29 distance: 43.45366057853306
09/03/2022 12:48:29 Mode: STABILIZE
09/03/2022 12:48:29 Pilot control
09/03/2022 12:48:29 Pilot control
09/03/2022 12:48:29 -------------Check stall condition-------------
09/03/2022 12:48:29 Alt: 0.046
09/03/2022 12:48:29 distance: 43.45366057853306
09/03/2022 12:48:29 Mode: STABILIZE
09/03/2022 12:48:29 Pilot control
09/03/2022 12:48:29 Pilot control
09/03/2022 12:48:29 -------------Check stall condition-------------
09/03/2022 12:48:29 Alt: 0.046
09/03/2022 12:48:29 distance: 43.45366057853306
09/03/2022 12:48:29 Mode: STABILIZE
09/03/2022 12:48:29 Pilot control
09/03/2022 12:48:29 Pilot control
09/03/2022 12:48:29 -------------Check stall condition-------------
09/03/2022 12:48:29 Alt: 0.046
09/03/2022 12:48:29 distance: 43.45366057853306
09/03/2022 12:48:29 Mode: STABILIZE
09/03/2022 12:48:29 Pilot control
09/03/2022 12:48:29 Pilot control
09/03/2022 12:48:29 -------------Check stall condition-------------
09/03/2022 12:48:29 Alt: 0.046
09/03/2022 12:48:29 distance: 43.45366057853306
09/03/2022 12:48:29 Mode: STABILIZE
09/03/2022 12:48:30 Pilot control
09/03/2022 12:48:30 Pilot control
09/03/2022 12:48:30 -------------Check stall condition-------------
09/03/2022 12:48:30 Alt: 0.014
09/03/2022 12:48:30 distance: 43.45777692898559
09/03/2022 12:48:30 Mode: STABILIZE
09/03/2022 12:48:30 Pilot control
09/03/2022 12:48:30 Pilot control
09/03/2022 12:48:30 -------------Check stall condition-------------
09/03/2022 12:48:30 Alt: 0.014
09/03/2022 12:48:30 distance: 43.45777692898559
09/03/2022 12:48:30 Mode: STABILIZE
09/03/2022 12:48:30 Pilot control
09/03/2022 12:48:30 Pilot control
09/03/2022 12:48:30 -------------Check stall condition-------------
09/03/2022 12:48:30 Alt: 0.014
09/03/2022 12:48:30 distance: 43.45777692898559
09/03/2022 12:48:30 Mode: STABILIZE
09/03/2022 12:48:30 Pilot control
09/03/2022 12:48:30 Pilot control
09/03/2022 12:48:30 -------------Check stall condition-------------
09/03/2022 12:48:30 Alt: 0.001
09/03/2022 12:48:30 distance: 43.45777692898559
09/03/2022 12:48:30 Mode: STABILIZE
09/03/2022 12:48:30 Pilot control
09/03/2022 12:48:30 Pilot control
09/03/2022 12:48:30 -------------Check stall condition-------------
09/03/2022 12:48:30 Alt: 0.001
09/03/2022 12:48:30 distance: 43.45777692898559
09/03/2022 12:48:30 Mode: STABILIZE
09/03/2022 12:48:30 Pilot control
09/03/2022 12:48:30 Pilot control
09/03/2022 12:48:30 -------------Check stall condition-------------
09/03/2022 12:48:30 Alt: 0.001
09/03/2022 12:48:30 distance: 43.45777692898559
09/03/2022 12:48:30 Mode: STABILIZE
09/03/2022 12:48:30 Pilot control
09/03/2022 12:48:30 Pilot control
09/03/2022 12:48:30 -------------Check stall condition-------------
09/03/2022 12:48:30 Alt: 0.001
09/03/2022 12:48:30 distance: 43.42885869286211
09/03/2022 12:48:30 Mode: STABILIZE
09/03/2022 12:48:30 Pilot control
09/03/2022 12:48:30 Pilot control
09/03/2022 12:48:30 -------------Check stall condition-------------
09/03/2022 12:48:30 Alt: 0.002
09/03/2022 12:48:30 distance: 43.42885869286211
09/03/2022 12:48:30 Mode: STABILIZE
09/03/2022 12:48:30 Pilot control
09/03/2022 12:48:30 Pilot control
09/03/2022 12:48:30 -------------Check stall condition-------------
09/03/2022 12:48:30 Alt: 0.002
09/03/2022 12:48:30 distance: 43.42885869286211
09/03/2022 12:48:30 Mode: STABILIZE
09/03/2022 12:48:30 Pilot control
09/03/2022 12:48:30 Pilot control
09/03/2022 12:48:30 -------------Check stall condition-------------
09/03/2022 12:48:30 Alt: 0.002
09/03/2022 12:48:30 distance: 43.42885869286211
09/03/2022 12:48:30 Mode: STABILIZE
09/03/2022 12:48:30 Pilot control
09/03/2022 12:48:30 Pilot control
09/03/2022 12:48:30 -------------Check stall condition-------------
09/03/2022 12:48:30 Alt: 0.002
09/03/2022 12:48:30 distance: 43.42885869286211
09/03/2022 12:48:30 Mode: STABILIZE
09/03/2022 12:48:30 Pilot control
09/03/2022 12:48:30 Pilot control
09/03/2022 12:48:30 -------------Check stall condition-------------
09/03/2022 12:48:30 Alt: 0.013
09/03/2022 12:48:30 distance: 43.4061795797689
09/03/2022 12:48:30 Mode: STABILIZE
09/03/2022 12:48:30 Pilot control
09/03/2022 12:48:30 Pilot control
09/03/2022 12:48:30 -------------Check stall condition-------------
09/03/2022 12:48:30 Alt: 0.013
09/03/2022 12:48:30 distance: 43.4061795797689
09/03/2022 12:48:30 Mode: STABILIZE
09/03/2022 12:48:30 Pilot control
09/03/2022 12:48:30 Pilot control
09/03/2022 12:48:30 -------------Check stall condition-------------
09/03/2022 12:48:30 Alt: 0.013
09/03/2022 12:48:30 distance: 43.4061795797689
09/03/2022 12:48:30 Mode: STABILIZE
09/03/2022 12:48:30 Pilot control
09/03/2022 12:48:30 Pilot control
09/03/2022 12:48:30 -------------Check stall condition-------------
09/03/2022 12:48:30 Alt: 0.013
09/03/2022 12:48:30 distance: 43.4061795797689
09/03/2022 12:48:31 Mode: STABILIZE
09/03/2022 12:48:31 Pilot control
09/03/2022 12:48:31 Pilot control
09/03/2022 12:48:31 -------------Check stall condition-------------
09/03/2022 12:48:31 Alt: 0.03
09/03/2022 12:48:31 distance: 43.39796811005576
09/03/2022 12:48:31 Mode: STABILIZE
09/03/2022 12:48:31 Pilot control
09/03/2022 12:48:31 Pilot control
09/03/2022 12:48:31 -------------Check stall condition-------------
09/03/2022 12:48:31 Alt: 0.03
09/03/2022 12:48:31 distance: 43.39796811005576
09/03/2022 12:48:31 Mode: STABILIZE
09/03/2022 12:48:31 Pilot control
09/03/2022 12:48:31 Pilot control
09/03/2022 12:48:31 -------------Check stall condition-------------
09/03/2022 12:48:31 Alt: 0.03
09/03/2022 12:48:31 distance: 43.39796811005576
09/03/2022 12:48:31 Mode: STABILIZE
09/03/2022 12:48:31 Pilot control
09/03/2022 12:48:31 Pilot control
09/03/2022 12:48:31 -------------Check stall condition-------------
09/03/2022 12:48:31 Alt: 0.036
09/03/2022 12:48:31 distance: 43.37316866442988
09/03/2022 12:48:31 Mode: STABILIZE
09/03/2022 12:48:31 Pilot control
09/03/2022 12:48:31 Pilot control
09/03/2022 12:48:31 -------------Check stall condition-------------
09/03/2022 12:48:31 Alt: 0.036
09/03/2022 12:48:31 distance: 43.37316866442988
09/03/2022 12:48:31 Mode: STABILIZE
09/03/2022 12:48:31 Pilot control
09/03/2022 12:48:31 Pilot control
09/03/2022 12:48:31 -------------Check stall condition-------------
09/03/2022 12:48:31 Alt: 0.036
09/03/2022 12:48:31 distance: 43.37316866442988
09/03/2022 12:48:31 Mode: STABILIZE
09/03/2022 12:48:31 Pilot control
09/03/2022 12:48:31 Pilot control
09/03/2022 12:48:31 -------------Check stall condition-------------
09/03/2022 12:48:31 Alt: 0.036
09/03/2022 12:48:31 distance: 43.37316866442988
09/03/2022 12:48:31 Mode: STABILIZE
09/03/2022 12:48:31 Pilot control
09/03/2022 12:48:31 Pilot control
09/03/2022 12:48:31 -------------Check stall condition-------------
09/03/2022 12:48:31 Alt: 0.041
09/03/2022 12:48:31 distance: 43.346232385722104
09/03/2022 12:48:31 Mode: STABILIZE
09/03/2022 12:48:31 Pilot control
09/03/2022 12:48:31 Pilot control
09/03/2022 12:48:31 -------------Check stall condition-------------
09/03/2022 12:48:31 Alt: 0.041
09/03/2022 12:48:31 distance: 43.346232385722104
09/03/2022 12:48:31 Mode: STABILIZE
09/03/2022 12:48:31 Pilot control
09/03/2022 12:48:31 Pilot control
09/03/2022 12:48:31 -------------Check stall condition-------------
09/03/2022 12:48:31 Alt: 0.041
09/03/2022 12:48:31 distance: 43.346232385722104
09/03/2022 12:48:31 Mode: STABILIZE
09/03/2022 12:48:31 Pilot control
09/03/2022 12:48:31 Pilot control
09/03/2022 12:48:31 -------------Check stall condition-------------
09/03/2022 12:48:31 Alt: 0.052
09/03/2022 12:48:31 distance: 43.346232385722104
09/03/2022 12:48:31 Mode: STABILIZE
09/03/2022 12:48:31 Pilot control
09/03/2022 12:48:31 Pilot control
09/03/2022 12:48:31 -------------Check stall condition-------------
09/03/2022 12:48:31 Alt: 0.052
09/03/2022 12:48:31 distance: 43.346232385722104
09/03/2022 12:48:31 Mode: STABILIZE
09/03/2022 12:48:31 Pilot control
09/03/2022 12:48:31 Pilot control
09/03/2022 12:48:31 -------------Check stall condition-------------
09/03/2022 12:48:31 Alt: 0.052
09/03/2022 12:48:31 distance: 43.346232385722104
09/03/2022 12:48:31 Mode: STABILIZE
09/03/2022 12:48:31 Pilot control
09/03/2022 12:48:31 Pilot control
09/03/2022 12:48:31 -------------Check stall condition-------------
09/03/2022 12:48:31 Alt: 0.052
09/03/2022 12:48:31 distance: 43.346232385722104
09/03/2022 12:48:31 Mode: STABILIZE
09/03/2022 12:48:31 Pilot control
09/03/2022 12:48:31 Pilot control
09/03/2022 12:48:31 -------------Check stall condition-------------
09/03/2022 12:48:31 Alt: 0.052
09/03/2022 12:48:31 distance: 43.346232385722104
09/03/2022 12:48:31 Mode: STABILIZE
09/03/2022 12:48:31 Pilot control
09/03/2022 12:48:31 Pilot control
09/03/2022 12:48:31 -------------Check stall condition-------------
09/03/2022 12:48:31 Alt: 0.052
09/03/2022 12:48:31 distance: 43.346232385722104
09/03/2022 12:48:31 Mode: STABILIZE
09/03/2022 12:48:31 Pilot control
09/03/2022 12:48:31 Pilot control
09/03/2022 12:48:32 -------------Check stall condition-------------
09/03/2022 12:48:32 Alt: 0.063
09/03/2022 12:48:32 distance: 43.356578753877244
09/03/2022 12:48:32 Mode: STABILIZE
09/03/2022 12:48:32 Pilot control
09/03/2022 12:48:32 Pilot control
09/03/2022 12:48:32 -------------Check stall condition-------------
09/03/2022 12:48:32 Alt: 0.085
09/03/2022 12:48:32 distance: 43.36479806099517
09/03/2022 12:48:32 Mode: STABILIZE
09/03/2022 12:48:32 Pilot control
09/03/2022 12:48:32 Pilot control
09/03/2022 12:48:32 -------------Check stall condition-------------
09/03/2022 12:48:32 Alt: 0.085
09/03/2022 12:48:32 distance: 43.36479806099517
09/03/2022 12:48:32 Mode: STABILIZE
09/03/2022 12:48:32 Pilot control
09/03/2022 12:48:32 Pilot control
09/03/2022 12:48:32 -------------Check stall condition-------------
09/03/2022 12:48:32 Alt: 0.085
09/03/2022 12:48:32 distance: 43.36479806099517
09/03/2022 12:48:32 Mode: STABILIZE
09/03/2022 12:48:32 Pilot control
09/03/2022 12:48:32 Pilot control
09/03/2022 12:48:32 -------------Check stall condition-------------
09/03/2022 12:48:32 Alt: 0.085
09/03/2022 12:48:32 distance: 43.36479806099517
09/03/2022 12:48:32 Mode: STABILIZE
09/03/2022 12:48:32 Pilot control
09/03/2022 12:48:32 Pilot control
09/03/2022 12:48:32 -------------Check stall condition-------------
09/03/2022 12:48:32 Alt: 0.085
09/03/2022 12:48:32 distance: 43.36479806099517
09/03/2022 12:48:32 Mode: STABILIZE
09/03/2022 12:48:32 Pilot control
09/03/2022 12:48:32 Pilot control
09/03/2022 12:48:32 -------------Check stall condition-------------
09/03/2022 12:48:32 Alt: 0.105
09/03/2022 12:48:32 distance: 43.37925523066442
09/03/2022 12:48:32 Mode: STABILIZE
09/03/2022 12:48:32 Pilot control
09/03/2022 12:48:32 Pilot control
09/03/2022 12:48:32 -------------Check stall condition-------------
09/03/2022 12:48:32 Alt: 0.105
09/03/2022 12:48:32 distance: 43.37925523066442
09/03/2022 12:48:32 Mode: STABILIZE
09/03/2022 12:48:32 Pilot control
09/03/2022 12:48:32 Pilot control
09/03/2022 12:48:32 -------------Check stall condition-------------
09/03/2022 12:48:32 Alt: 0.105
09/03/2022 12:48:32 distance: 43.37925523066442
09/03/2022 12:48:32 Mode: STABILIZE
09/03/2022 12:48:32 Pilot control
09/03/2022 12:48:32 Pilot control
09/03/2022 12:48:32 -------------Check stall condition-------------
09/03/2022 12:48:32 Alt: 0.105
09/03/2022 12:48:32 distance: 43.37925523066442
09/03/2022 12:48:32 Mode: STABILIZE
09/03/2022 12:48:32 Pilot control
09/03/2022 12:48:32 Pilot control
09/03/2022 12:48:32 -------------Check stall condition-------------
09/03/2022 12:48:32 Alt: 0.124
09/03/2022 12:48:32 distance: 43.40405691020474
09/03/2022 12:48:32 Mode: STABILIZE
09/03/2022 12:48:32 Pilot control
09/03/2022 12:48:32 Pilot control
09/03/2022 12:48:32 -------------Check stall condition-------------
09/03/2022 12:48:32 Alt: 0.124
09/03/2022 12:48:32 distance: 43.40405691020474
09/03/2022 12:48:32 Mode: STABILIZE
09/03/2022 12:48:32 Pilot control
09/03/2022 12:48:32 Pilot control
09/03/2022 12:48:32 -------------Check stall condition-------------
09/03/2022 12:48:32 Alt: 0.124
09/03/2022 12:48:32 distance: 43.40405691020474
09/03/2022 12:48:32 Mode: STABILIZE
09/03/2022 12:48:32 Pilot control
09/03/2022 12:48:32 Pilot control
09/03/2022 12:48:32 -------------Check stall condition-------------
09/03/2022 12:48:32 Alt: 0.124
09/03/2022 12:48:32 distance: 43.40405691020474
09/03/2022 12:48:32 Mode: STABILIZE
09/03/2022 12:48:32 Pilot control
09/03/2022 12:48:32 Pilot control
09/03/2022 12:48:32 -------------Check stall condition-------------
09/03/2022 12:48:32 Alt: 0.124
09/03/2022 12:48:32 distance: 43.4454352644745
09/03/2022 12:48:32 Mode: STABILIZE
09/03/2022 12:48:32 Pilot control
09/03/2022 12:48:33 Pilot control
09/03/2022 12:48:33 -------------Check stall condition-------------
09/03/2022 12:48:33 Alt: 0.135
09/03/2022 12:48:33 distance: 43.4454352644745
09/03/2022 12:48:33 Mode: STABILIZE
09/03/2022 12:48:33 Pilot control
09/03/2022 12:48:33 Pilot control
09/03/2022 12:48:33 -------------Check stall condition-------------
09/03/2022 12:48:33 Alt: 0.135
09/03/2022 12:48:33 distance: 43.4454352644745
09/03/2022 12:48:33 Mode: STABILIZE
09/03/2022 12:48:33 Pilot control
09/03/2022 12:48:33 Pilot control
09/03/2022 12:48:33 -------------Check stall condition-------------
09/03/2022 12:48:33 Alt: 0.135
09/03/2022 12:48:33 distance: 43.4454352644745
09/03/2022 12:48:33 Mode: STABILIZE
09/03/2022 12:48:33 Pilot control
09/03/2022 12:48:33 Pilot control
09/03/2022 12:48:33 -------------Check stall condition-------------
09/03/2022 12:48:33 Alt: 0.134
09/03/2022 12:48:33 distance: 43.490927352161876
09/03/2022 12:48:33 Mode: STABILIZE
09/03/2022 12:48:33 Pilot control
09/03/2022 12:48:33 Pilot control
09/03/2022 12:48:33 -------------Check stall condition-------------
09/03/2022 12:48:33 Alt: 0.134
09/03/2022 12:48:33 distance: 43.490927352161876
09/03/2022 12:48:33 Mode: STABILIZE
09/03/2022 12:48:33 Pilot control
09/03/2022 12:48:33 Pilot control
09/03/2022 12:48:33 -------------Check stall condition-------------
09/03/2022 12:48:33 Alt: 0.134
09/03/2022 12:48:33 distance: 43.490927352161876
09/03/2022 12:48:33 Mode: STABILIZE
09/03/2022 12:48:33 Pilot control
09/03/2022 12:48:33 Pilot control
09/03/2022 12:48:33 -------------Check stall condition-------------
09/03/2022 12:48:33 Alt: 0.134
09/03/2022 12:48:33 distance: 43.490927352161876
09/03/2022 12:48:33 Mode: STABILIZE
09/03/2022 12:48:33 Pilot control
09/03/2022 12:48:33 Pilot control
09/03/2022 12:48:33 -------------Check stall condition-------------
09/03/2022 12:48:33 Alt: 0.141
09/03/2022 12:48:33 distance: 43.53855928000833
09/03/2022 12:48:33 Mode: STABILIZE
09/03/2022 12:48:33 Pilot control
09/03/2022 12:48:33 Pilot control
09/03/2022 12:48:33 -------------Check stall condition-------------
09/03/2022 12:48:33 Alt: 0.141
09/03/2022 12:48:33 distance: 43.53855928000833
09/03/2022 12:48:33 Mode: STABILIZE
09/03/2022 12:48:33 Pilot control
09/03/2022 12:48:33 Pilot control
09/03/2022 12:48:33 -------------Check stall condition-------------
09/03/2022 12:48:33 Alt: 0.141
09/03/2022 12:48:33 distance: 43.53855928000833
09/03/2022 12:48:33 Mode: STABILIZE
09/03/2022 12:48:33 Pilot control
09/03/2022 12:48:33 Pilot control
09/03/2022 12:48:33 -------------Check stall condition-------------
