25/03/2022 14:11:14 Connecting to Vehicle on: /dev/ttyACM0
25/03/2022 14:11:16 ArduPlane V4.1.4 (0f984409)
25/03/2022 14:11:16 ChibiOS: 45395b6a
25/03/2022 14:11:16 CubeBlack 00360049 3337510E 37353832
25/03/2022 14:11:16 RCOut: PWM:1-12
25/03/2022 14:11:16 IMU0: fast sampling enabled 8.0kHz/1.0kHz
25/03/2022 14:11:16 IMU2: fast sampling enabled 8.0kHz/1.0kHz
25/03/2022 14:11:27 is_deepstalled(image_processing): False
25/03/2022 14:11:27 -------------Check stall condition-------------
25/03/2022 14:11:27 Alt: -0.157
25/03/2022 14:11:27 Mode: STABILIZE
25/03/2022 14:11:27 channel8: 965
25/03/2022 14:11:27 Pilot control
25/03/2022 14:11:27 -------------Check stall condition-------------
25/03/2022 14:11:27 Alt: -0.157
25/03/2022 14:11:27 Mode: STABILIZE
25/03/2022 14:11:27 channel8: 965
25/03/2022 14:11:27 Pilot control
25/03/2022 14:11:27 -------------Check stall condition-------------
25/03/2022 14:11:27 Alt: -0.157
25/03/2022 14:11:27 Mode: STABILIZE
25/03/2022 14:11:27 channel8: 965
25/03/2022 14:11:27 Pilot control
25/03/2022 14:11:27 -------------Check stall condition-------------
25/03/2022 14:11:27 Alt: -0.142
25/03/2022 14:11:27 Mode: STABILIZE
25/03/2022 14:11:27 channel8: 965
25/03/2022 14:11:27 Pilot control
25/03/2022 14:11:27 -------------Check stall condition-------------
25/03/2022 14:11:27 Alt: -0.142
25/03/2022 14:11:27 Mode: STABILIZE
25/03/2022 14:11:27 channel8: 965
25/03/2022 14:11:27 Pilot control
25/03/2022 14:11:27 -------------Check stall condition-------------
25/03/2022 14:11:27 Alt: -0.142
25/03/2022 14:11:27 Mode: STABILIZE
25/03/2022 14:11:27 channel8: 965
25/03/2022 14:11:27 Pilot control
25/03/2022 14:11:27 -------------Check stall condition-------------
25/03/2022 14:11:27 Alt: -0.142
25/03/2022 14:11:27 Mode: STABILIZE
25/03/2022 14:11:27 channel8: 965
25/03/2022 14:11:27 Pilot control
25/03/2022 14:11:27 -------------Check stall condition-------------
25/03/2022 14:11:27 Alt: -0.142
25/03/2022 14:11:27 Mode: STABILIZE
25/03/2022 14:11:27 channel8: 965
25/03/2022 14:11:27 Pilot control
25/03/2022 14:11:27 -------------Check stall condition-------------
25/03/2022 14:11:27 Alt: -0.068
25/03/2022 14:11:27 Mode: STABILIZE
25/03/2022 14:11:27 channel8: 965
25/03/2022 14:11:27 Pilot control
25/03/2022 14:11:27 -------------Check stall condition-------------
25/03/2022 14:11:27 Alt: -0.068
25/03/2022 14:11:27 Mode: STABILIZE
25/03/2022 14:11:27 channel8: 965
25/03/2022 14:11:27 Pilot control
25/03/2022 14:11:27 -------------Check stall condition-------------
25/03/2022 14:11:27 Alt: -0.068
25/03/2022 14:11:27 Mode: STABILIZE
25/03/2022 14:11:28 channel8: 965
25/03/2022 14:11:28 Pilot control
25/03/2022 14:11:28 -------------Check stall condition-------------
25/03/2022 14:11:28 Alt: -0.068
25/03/2022 14:11:28 Mode: STABILIZE
25/03/2022 14:11:28 channel8: 965
25/03/2022 14:11:28 Pilot control
25/03/2022 14:11:28 -------------Check stall condition-------------
25/03/2022 14:11:28 Alt: -0.068
25/03/2022 14:11:28 Mode: STABILIZE
25/03/2022 14:11:28 channel8: 965
25/03/2022 14:11:28 Pilot control
25/03/2022 14:11:28 -------------Check stall condition-------------
25/03/2022 14:11:28 Alt: -0.068
25/03/2022 14:11:28 Mode: STABILIZE
25/03/2022 14:11:28 channel8: 965
25/03/2022 14:11:28 Pilot control
25/03/2022 14:11:28 -------------Check stall condition-------------
25/03/2022 14:11:28 Alt: -0.068
25/03/2022 14:11:28 Mode: STABILIZE
25/03/2022 14:11:28 channel8: 965
25/03/2022 14:11:28 Pilot control
25/03/2022 14:11:28 -------------Check stall condition-------------
25/03/2022 14:11:28 Alt: -0.049
25/03/2022 14:11:28 Mode: STABILIZE
25/03/2022 14:11:28 channel8: 965
25/03/2022 14:11:28 Pilot control
25/03/2022 14:11:28 -------------Check stall condition-------------
25/03/2022 14:11:28 Alt: -0.049
25/03/2022 14:11:28 Mode: STABILIZE
25/03/2022 14:11:28 channel8: 965
25/03/2022 14:11:28 Pilot control
25/03/2022 14:11:28 -------------Check stall condition-------------
25/03/2022 14:11:28 Alt: -0.049
25/03/2022 14:11:28 Mode: STABILIZE
25/03/2022 14:11:28 channel8: 965
25/03/2022 14:11:28 Pilot control
25/03/2022 14:11:28 -------------Check stall condition-------------
25/03/2022 14:11:28 Alt: -0.049
25/03/2022 14:11:28 Mode: STABILIZE
25/03/2022 14:11:28 channel8: 965
25/03/2022 14:11:28 Pilot control
25/03/2022 14:11:28 -------------Check stall condition-------------
25/03/2022 14:11:28 Alt: -0.049
25/03/2022 14:11:28 Mode: STABILIZE
25/03/2022 14:11:28 channel8: 965
25/03/2022 14:11:28 Pilot control
25/03/2022 14:11:28 -------------Check stall condition-------------
25/03/2022 14:11:28 Alt: -0.049
25/03/2022 14:11:28 Mode: STABILIZE
25/03/2022 14:11:28 channel8: 965
25/03/2022 14:11:28 Pilot control
25/03/2022 14:11:28 -------------Check stall condition-------------
25/03/2022 14:11:28 Alt: -0.049
25/03/2022 14:11:28 Mode: STABILIZE
25/03/2022 14:11:28 channel8: 965
25/03/2022 14:11:28 Pilot control
25/03/2022 14:11:28 -------------Check stall condition-------------
25/03/2022 14:11:28 Alt: -0.052
25/03/2022 14:11:28 Mode: STABILIZE
25/03/2022 14:11:28 channel8: 965
25/03/2022 14:11:28 Pilot control
25/03/2022 14:11:28 -------------Check stall condition-------------
25/03/2022 14:11:28 Alt: -0.052
25/03/2022 14:11:28 Mode: STABILIZE
25/03/2022 14:11:28 channel8: 965
25/03/2022 14:11:28 Pilot control
25/03/2022 14:11:28 -------------Check stall condition-------------
25/03/2022 14:11:28 Alt: -0.052
25/03/2022 14:11:28 Mode: STABILIZE
25/03/2022 14:11:28 channel8: 965
25/03/2022 14:11:28 Pilot control
25/03/2022 14:11:28 -------------Check stall condition-------------
25/03/2022 14:11:28 Alt: -0.052
25/03/2022 14:11:28 Mode: STABILIZE
25/03/2022 14:11:28 channel8: 965
25/03/2022 14:11:28 Pilot control
25/03/2022 14:11:28 -------------Check stall condition-------------
25/03/2022 14:11:28 Alt: -0.052
25/03/2022 14:11:28 Mode: STABILIZE
25/03/2022 14:11:28 channel8: 965
25/03/2022 14:11:28 Pilot control
25/03/2022 14:11:28 -------------Check stall condition-------------
25/03/2022 14:11:28 Alt: -0.052
25/03/2022 14:11:28 Mode: STABILIZE
25/03/2022 14:11:28 channel8: 965
25/03/2022 14:11:28 Pilot control
25/03/2022 14:11:28 -------------Check stall condition-------------
25/03/2022 14:11:28 Alt: -0.052
25/03/2022 14:11:28 Mode: STABILIZE
25/03/2022 14:11:28 channel8: 965
25/03/2022 14:11:28 Pilot control
25/03/2022 14:11:28 -------------Check stall condition-------------
25/03/2022 14:11:28 Alt: -0.052
25/03/2022 14:11:28 Mode: STABILIZE
25/03/2022 14:11:28 channel8: 965
25/03/2022 14:11:28 Pilot control
25/03/2022 14:11:28 -------------Check stall condition-------------
25/03/2022 14:11:28 Alt: -0.052
25/03/2022 14:11:28 Mode: STABILIZE
25/03/2022 14:11:28 channel8: 965
25/03/2022 14:11:28 Pilot control
25/03/2022 14:11:28 -------------Check stall condition-------------
25/03/2022 14:11:28 Alt: -0.067
25/03/2022 14:11:28 Mode: STABILIZE
25/03/2022 14:11:28 channel8: 965
25/03/2022 14:11:28 Pilot control
25/03/2022 14:11:28 -------------Check stall condition-------------
25/03/2022 14:11:28 Alt: -0.067
25/03/2022 14:11:28 Mode: STABILIZE
25/03/2022 14:11:28 channel8: 965
25/03/2022 14:11:28 Pilot control
25/03/2022 14:11:28 -------------Check stall condition-------------
25/03/2022 14:11:28 Alt: -0.067
25/03/2022 14:11:28 Mode: STABILIZE
25/03/2022 14:11:28 channel8: 965
25/03/2022 14:11:28 Pilot control
25/03/2022 14:11:28 -------------Check stall condition-------------
25/03/2022 14:11:29 Alt: -0.067
25/03/2022 14:11:29 Mode: STABILIZE
25/03/2022 14:11:29 channel8: 965
25/03/2022 14:11:29 Pilot control
25/03/2022 14:11:29 -------------Check stall condition-------------
25/03/2022 14:11:29 Alt: -0.077
25/03/2022 14:11:29 Mode: STABILIZE
25/03/2022 14:11:29 channel8: 965
25/03/2022 14:11:29 Pilot control
25/03/2022 14:11:29 -------------Check stall condition-------------
25/03/2022 14:11:29 Alt: -0.077
25/03/2022 14:11:29 Mode: STABILIZE
25/03/2022 14:11:29 channel8: 965
25/03/2022 14:11:29 Pilot control
25/03/2022 14:11:29 -------------Check stall condition-------------
25/03/2022 14:11:29 Alt: -0.077
25/03/2022 14:11:29 Mode: STABILIZE
25/03/2022 14:11:29 channel8: 965
25/03/2022 14:11:29 Pilot control
25/03/2022 14:11:29 -------------Check stall condition-------------
25/03/2022 14:11:29 Alt: -0.077
25/03/2022 14:11:29 Mode: STABILIZE
25/03/2022 14:11:29 channel8: 965
25/03/2022 14:11:29 Pilot control
25/03/2022 14:11:29 -------------Check stall condition-------------
25/03/2022 14:11:29 Alt: -0.077
25/03/2022 14:11:29 Mode: STABILIZE
25/03/2022 14:11:29 channel8: 965
25/03/2022 14:11:29 Pilot control
25/03/2022 14:11:29 -------------Check stall condition-------------
25/03/2022 14:11:29 Alt: -0.085
25/03/2022 14:11:29 Mode: STABILIZE
25/03/2022 14:11:29 channel8: 965
25/03/2022 14:11:29 Pilot control
25/03/2022 14:11:29 -------------Check stall condition-------------
25/03/2022 14:11:29 Alt: -0.085
25/03/2022 14:11:29 Mode: STABILIZE
25/03/2022 14:11:29 channel8: 965
25/03/2022 14:11:29 Pilot control
25/03/2022 14:11:29 -------------Check stall condition-------------
25/03/2022 14:11:29 Alt: -0.085
25/03/2022 14:11:29 Mode: STABILIZE
25/03/2022 14:11:29 channel8: 965
25/03/2022 14:11:29 Pilot control
25/03/2022 14:11:29 -------------Check stall condition-------------
25/03/2022 14:11:29 Alt: -0.085
25/03/2022 14:11:29 Mode: STABILIZE
25/03/2022 14:11:29 channel8: 965
25/03/2022 14:11:29 Pilot control
25/03/2022 14:11:29 -------------Check stall condition-------------
25/03/2022 14:11:29 Alt: -0.097
25/03/2022 14:11:29 Mode: STABILIZE
25/03/2022 14:11:29 channel8: 965
25/03/2022 14:11:29 Pilot control
25/03/2022 14:11:29 -------------Check stall condition-------------
25/03/2022 14:11:29 Alt: -0.097
25/03/2022 14:11:29 Mode: STABILIZE
25/03/2022 14:11:29 channel8: 965
25/03/2022 14:11:29 Pilot control
25/03/2022 14:11:29 -------------Check stall condition-------------
25/03/2022 14:11:29 Alt: -0.097
25/03/2022 14:11:29 Mode: STABILIZE
25/03/2022 14:11:29 channel8: 965
25/03/2022 14:11:29 Pilot control
25/03/2022 14:11:29 -------------Check stall condition-------------
25/03/2022 14:11:29 Alt: -0.097
25/03/2022 14:11:29 Mode: STABILIZE
25/03/2022 14:11:29 channel8: 965
25/03/2022 14:11:29 Pilot control
25/03/2022 14:11:29 -------------Check stall condition-------------
25/03/2022 14:11:29 Alt: -0.097
25/03/2022 14:11:29 Mode: STABILIZE
25/03/2022 14:11:30 channel8: 965
25/03/2022 14:11:30 Pilot control
25/03/2022 14:11:30 -------------Check stall condition-------------
25/03/2022 14:11:30 Alt: -0.111
25/03/2022 14:11:30 Mode: STABILIZE
25/03/2022 14:11:30 channel8: 965
25/03/2022 14:11:30 Pilot control
25/03/2022 14:11:30 -------------Check stall condition-------------
25/03/2022 14:11:30 Alt: -0.111
25/03/2022 14:11:30 Mode: STABILIZE
25/03/2022 14:11:30 channel8: 965
25/03/2022 14:11:30 Pilot control
25/03/2022 14:11:30 -------------Check stall condition-------------
25/03/2022 14:11:30 Alt: -0.111
25/03/2022 14:11:30 Mode: STABILIZE
25/03/2022 14:11:30 channel8: 965
25/03/2022 14:11:30 Pilot control
25/03/2022 14:11:30 -------------Check stall condition-------------
25/03/2022 14:11:30 Alt: -0.111
25/03/2022 14:11:30 Mode: STABILIZE
25/03/2022 14:11:30 channel8: 965
25/03/2022 14:11:30 Pilot control
25/03/2022 14:11:30 -------------Check stall condition-------------
25/03/2022 14:11:30 Alt: -0.111
25/03/2022 14:11:30 Mode: STABILIZE
25/03/2022 14:11:30 channel8: 965
25/03/2022 14:11:30 Pilot control
25/03/2022 14:11:30 -------------Check stall condition-------------
25/03/2022 14:11:30 Alt: -0.117
25/03/2022 14:11:30 Mode: STABILIZE
25/03/2022 14:11:30 channel8: 965
25/03/2022 14:11:30 Pilot control
25/03/2022 14:11:30 -------------Check stall condition-------------
25/03/2022 14:11:30 Alt: -0.117
25/03/2022 14:11:30 Mode: STABILIZE
25/03/2022 14:11:30 channel8: 965
25/03/2022 14:11:30 Pilot control
25/03/2022 14:11:30 -------------Check stall condition-------------
25/03/2022 14:11:30 Alt: -0.117
25/03/2022 14:11:30 Mode: STABILIZE
25/03/2022 14:11:30 channel8: 965
25/03/2022 14:11:30 Pilot control
25/03/2022 14:11:30 -------------Check stall condition-------------
25/03/2022 14:11:30 Alt: -0.118
25/03/2022 14:11:30 Mode: STABILIZE
25/03/2022 14:11:30 channel8: 965
25/03/2022 14:11:30 Pilot control
25/03/2022 14:11:30 -------------Check stall condition-------------
25/03/2022 14:11:30 Alt: -0.118
25/03/2022 14:11:30 Mode: STABILIZE
25/03/2022 14:11:30 channel8: 965
25/03/2022 14:11:30 Pilot control
25/03/2022 14:11:30 -------------Check stall condition-------------
25/03/2022 14:11:30 Alt: -0.121
25/03/2022 14:11:30 Mode: STABILIZE
25/03/2022 14:11:30 channel8: 965
25/03/2022 14:11:30 Pilot control
25/03/2022 14:11:30 -------------Check stall condition-------------
25/03/2022 14:11:30 Alt: -0.121
25/03/2022 14:11:30 Mode: STABILIZE
25/03/2022 14:11:30 channel8: 965
25/03/2022 14:11:30 Pilot control
25/03/2022 14:11:30 -------------Check stall condition-------------
25/03/2022 14:11:30 Alt: -0.121
25/03/2022 14:11:30 Mode: STABILIZE
25/03/2022 14:11:30 channel8: 965
25/03/2022 14:11:30 Pilot control
25/03/2022 14:11:30 -------------Check stall condition-------------
25/03/2022 14:11:30 Alt: -0.121
25/03/2022 14:11:30 Mode: STABILIZE
25/03/2022 14:11:30 channel8: 965
25/03/2022 14:11:30 Pilot control
25/03/2022 14:11:30 -------------Check stall condition-------------
25/03/2022 14:11:30 Alt: -0.112
25/03/2022 14:11:31 Mode: STABILIZE
25/03/2022 14:11:31 channel8: 965
25/03/2022 14:11:31 Pilot control
25/03/2022 14:11:31 -------------Check stall condition-------------
25/03/2022 14:11:31 Alt: -0.112
25/03/2022 14:11:31 Mode: STABILIZE
25/03/2022 14:11:31 channel8: 965
25/03/2022 14:11:31 Pilot control
25/03/2022 14:11:31 -------------Check stall condition-------------
25/03/2022 14:11:31 Alt: -0.112
25/03/2022 14:11:31 Mode: STABILIZE
25/03/2022 14:11:31 channel8: 965
25/03/2022 14:11:31 Pilot control
25/03/2022 14:11:31 -------------Check stall condition-------------
25/03/2022 14:11:31 Alt: -0.112
25/03/2022 14:11:31 Mode: STABILIZE
25/03/2022 14:11:31 channel8: 965
25/03/2022 14:11:31 Pilot control
25/03/2022 14:11:31 -------------Check stall condition-------------
25/03/2022 14:11:31 Alt: -0.112
25/03/2022 14:11:31 Mode: STABILIZE
25/03/2022 14:11:31 channel8: 965
25/03/2022 14:11:31 Pilot control
25/03/2022 14:11:31 -------------Check stall condition-------------
25/03/2022 14:11:31 Alt: -0.107
25/03/2022 14:11:31 Mode: STABILIZE
25/03/2022 14:11:31 channel8: 965
25/03/2022 14:11:31 Pilot control
25/03/2022 14:11:31 -------------Check stall condition-------------
25/03/2022 14:11:31 Alt: -0.107
25/03/2022 14:11:31 Mode: STABILIZE
25/03/2022 14:11:31 channel8: 965
25/03/2022 14:11:31 Pilot control
25/03/2022 14:11:31 -------------Check stall condition-------------
25/03/2022 14:11:31 Alt: -0.107
25/03/2022 14:11:31 Mode: STABILIZE
25/03/2022 14:11:31 channel8: 965
25/03/2022 14:11:31 Pilot control
25/03/2022 14:11:31 -------------Check stall condition-------------
25/03/2022 14:11:31 Alt: -0.107
25/03/2022 14:11:31 Mode: STABILIZE
25/03/2022 14:11:31 channel8: 965
25/03/2022 14:11:31 Pilot control
25/03/2022 14:11:31 -------------Check stall condition-------------
25/03/2022 14:11:31 Alt: -0.1
25/03/2022 14:11:31 Mode: STABILIZE
25/03/2022 14:11:31 channel8: 965
25/03/2022 14:11:31 Pilot control
25/03/2022 14:11:31 -------------Check stall condition-------------
25/03/2022 14:11:31 Alt: -0.1
25/03/2022 14:11:31 Mode: STABILIZE
25/03/2022 14:11:31 channel8: 965
25/03/2022 14:11:31 Pilot control
25/03/2022 14:11:31 -------------Check stall condition-------------
25/03/2022 14:11:31 Alt: -0.1
25/03/2022 14:11:31 Mode: STABILIZE
25/03/2022 14:11:31 channel8: 965
25/03/2022 14:11:31 Pilot control
25/03/2022 14:11:31 -------------Check stall condition-------------
25/03/2022 14:11:31 Alt: -0.1
25/03/2022 14:11:31 Mode: STABILIZE
25/03/2022 14:11:31 channel8: 965
25/03/2022 14:11:31 Pilot control
25/03/2022 14:11:31 -------------Check stall condition-------------
25/03/2022 14:11:31 Alt: -0.1
25/03/2022 14:11:31 Mode: STABILIZE
25/03/2022 14:11:31 channel8: 965
25/03/2022 14:11:31 Pilot control
25/03/2022 14:11:31 -------------Check stall condition-------------
25/03/2022 14:11:31 Alt: -0.1
25/03/2022 14:11:31 Mode: STABILIZE
25/03/2022 14:11:31 channel8: 965
25/03/2022 14:11:31 Pilot control
25/03/2022 14:11:31 -------------Check stall condition-------------
25/03/2022 14:11:31 Alt: -0.088
25/03/2022 14:11:31 Mode: STABILIZE
25/03/2022 14:11:31 channel8: 965
25/03/2022 14:11:31 Pilot control
25/03/2022 14:11:31 -------------Check stall condition-------------
25/03/2022 14:11:31 Alt: -0.088
25/03/2022 14:11:31 Mode: STABILIZE
25/03/2022 14:11:32 channel8: 965
25/03/2022 14:11:32 Pilot control
25/03/2022 14:11:32 -------------Check stall condition-------------
25/03/2022 14:11:32 Alt: -0.088
25/03/2022 14:11:32 Mode: STABILIZE
25/03/2022 14:11:32 channel8: 965
25/03/2022 14:11:32 Pilot control
25/03/2022 14:11:32 -------------Check stall condition-------------
25/03/2022 14:11:32 Alt: -0.088
25/03/2022 14:11:32 Mode: STABILIZE
25/03/2022 14:11:32 channel8: 965
25/03/2022 14:11:32 Pilot control
25/03/2022 14:11:32 -------------Check stall condition-------------
25/03/2022 14:11:32 Alt: -0.088
25/03/2022 14:11:32 Mode: STABILIZE
25/03/2022 14:11:32 channel8: 965
25/03/2022 14:11:32 Pilot control
25/03/2022 14:11:32 -------------Check stall condition-------------
25/03/2022 14:11:32 Alt: -0.088
25/03/2022 14:11:32 Mode: STABILIZE
25/03/2022 14:11:32 channel8: 965
25/03/2022 14:11:32 Pilot control
25/03/2022 14:11:32 -------------Check stall condition-------------
25/03/2022 14:11:32 Alt: -0.088
25/03/2022 14:11:32 Mode: STABILIZE
25/03/2022 14:11:32 channel8: 965
25/03/2022 14:11:32 Pilot control
25/03/2022 14:11:32 -------------Check stall condition-------------
25/03/2022 14:11:32 Alt: -0.077
25/03/2022 14:11:32 Mode: STABILIZE
25/03/2022 14:11:32 channel8: 965
25/03/2022 14:11:32 Pilot control
25/03/2022 14:11:32 -------------Check stall condition-------------
25/03/2022 14:11:32 Alt: -0.077
25/03/2022 14:11:32 Mode: STABILIZE
25/03/2022 14:11:32 channel8: 965
25/03/2022 14:11:32 Pilot control
25/03/2022 14:11:32 -------------Check stall condition-------------
25/03/2022 14:11:32 Alt: -0.077
25/03/2022 14:11:32 Mode: STABILIZE
25/03/2022 14:11:32 channel8: 965
25/03/2022 14:11:32 Pilot control
25/03/2022 14:11:32 -------------Check stall condition-------------
25/03/2022 14:11:32 Alt: -0.077
25/03/2022 14:11:32 Mode: STABILIZE
25/03/2022 14:11:32 channel8: 965
25/03/2022 14:11:32 Pilot control
25/03/2022 14:11:32 -------------Check stall condition-------------
25/03/2022 14:11:32 Alt: -0.077
25/03/2022 14:11:32 Mode: STABILIZE
25/03/2022 14:11:32 channel8: 965
25/03/2022 14:11:32 Pilot control
25/03/2022 14:11:32 -------------Check stall condition-------------
25/03/2022 14:11:32 Alt: -0.077
25/03/2022 14:11:32 Mode: STABILIZE
25/03/2022 14:11:32 channel8: 965
25/03/2022 14:11:32 Pilot control
25/03/2022 14:11:32 -------------Check stall condition-------------
25/03/2022 14:11:32 Alt: -0.074
25/03/2022 14:11:32 Mode: STABILIZE
25/03/2022 14:11:32 channel8: 965
25/03/2022 14:11:32 Pilot control
25/03/2022 14:11:32 -------------Check stall condition-------------
25/03/2022 14:11:32 Alt: -0.074
25/03/2022 14:11:32 Mode: STABILIZE
25/03/2022 14:11:32 channel8: 965
25/03/2022 14:11:32 Pilot control
25/03/2022 14:11:32 -------------Check stall condition-------------
25/03/2022 14:11:32 Alt: -0.074
25/03/2022 14:11:32 Mode: STABILIZE
25/03/2022 14:11:32 channel8: 965
25/03/2022 14:11:33 Pilot control
25/03/2022 14:11:33 -------------Check stall condition-------------
25/03/2022 14:11:33 Alt: -0.074
25/03/2022 14:11:33 Mode: STABILIZE
25/03/2022 14:11:33 channel8: 965
25/03/2022 14:11:33 Pilot control
25/03/2022 14:11:33 -------------Check stall condition-------------
25/03/2022 14:11:33 Alt: -0.074
25/03/2022 14:11:33 Mode: STABILIZE
25/03/2022 14:11:33 channel8: 965
25/03/2022 14:11:33 Pilot control
25/03/2022 14:11:33 -------------Check stall condition-------------
25/03/2022 14:11:33 Alt: -0.074
25/03/2022 14:11:33 Mode: STABILIZE
25/03/2022 14:11:33 channel8: 965
25/03/2022 14:11:33 Pilot control
25/03/2022 14:11:33 -------------Check stall condition-------------
25/03/2022 14:11:33 Alt: -0.069
25/03/2022 14:11:33 Mode: STABILIZE
25/03/2022 14:11:33 channel8: 965
25/03/2022 14:11:33 Pilot control
25/03/2022 14:11:33 -------------Check stall condition-------------
25/03/2022 14:11:33 Alt: -0.069
25/03/2022 14:11:33 Mode: STABILIZE
25/03/2022 14:11:33 channel8: 965
25/03/2022 14:11:33 Pilot control
25/03/2022 14:11:33 -------------Check stall condition-------------
25/03/2022 14:11:33 Alt: -0.069
25/03/2022 14:11:33 Mode: STABILIZE
25/03/2022 14:11:33 channel8: 965
25/03/2022 14:11:33 Pilot control
25/03/2022 14:11:33 -------------Check stall condition-------------
25/03/2022 14:11:33 Alt: -0.069
25/03/2022 14:11:33 Mode: STABILIZE
25/03/2022 14:11:33 channel8: 965
25/03/2022 14:11:33 Pilot control
25/03/2022 14:11:33 -------------Check stall condition-------------
25/03/2022 14:11:33 Alt: -0.069
25/03/2022 14:11:33 Mode: STABILIZE
25/03/2022 14:11:33 channel8: 965
25/03/2022 14:11:33 Pilot control
25/03/2022 14:11:33 -------------Check stall condition-------------
25/03/2022 14:11:33 Alt: -0.069
25/03/2022 14:11:33 Mode: STABILIZE
25/03/2022 14:11:33 channel8: 965
25/03/2022 14:11:33 Pilot control
25/03/2022 14:11:33 -------------Check stall condition-------------
25/03/2022 14:11:33 Alt: -0.067
25/03/2022 14:11:33 Mode: STABILIZE
25/03/2022 14:11:33 channel8: 965
25/03/2022 14:11:33 Pilot control
25/03/2022 14:11:33 -------------Check stall condition-------------
25/03/2022 14:11:33 Alt: -0.067
25/03/2022 14:11:33 Mode: STABILIZE
25/03/2022 14:11:33 channel8: 965
25/03/2022 14:11:33 Pilot control
25/03/2022 14:11:33 -------------Check stall condition-------------
25/03/2022 14:11:33 Alt: -0.067
25/03/2022 14:11:33 Mode: STABILIZE
25/03/2022 14:11:33 channel8: 965
25/03/2022 14:11:33 Pilot control
25/03/2022 14:11:33 -------------Check stall condition-------------
25/03/2022 14:11:33 Alt: -0.067
25/03/2022 14:11:33 Mode: STABILIZE
25/03/2022 14:11:33 channel8: 965
25/03/2022 14:11:33 Pilot control
25/03/2022 14:11:33 -------------Check stall condition-------------
25/03/2022 14:11:33 Alt: -0.067
25/03/2022 14:11:33 Mode: STABILIZE
25/03/2022 14:11:33 channel8: 965
25/03/2022 14:11:33 Pilot control
25/03/2022 14:11:33 -------------Check stall condition-------------
25/03/2022 14:11:33 Alt: -0.067
25/03/2022 14:11:33 Mode: STABILIZE
25/03/2022 14:11:33 channel8: 965
25/03/2022 14:11:33 Pilot control
25/03/2022 14:11:33 -------------Check stall condition-------------
25/03/2022 14:11:33 Alt: -0.067
25/03/2022 14:11:33 Mode: STABILIZE
25/03/2022 14:11:33 channel8: 965
25/03/2022 14:11:33 Pilot control
25/03/2022 14:11:33 -------------Check stall condition-------------
25/03/2022 14:11:33 Alt: -0.067
25/03/2022 14:11:33 Mode: STABILIZE
25/03/2022 14:11:33 channel8: 965
25/03/2022 14:11:33 Pilot control
25/03/2022 14:11:33 -------------Check stall condition-------------
25/03/2022 14:11:33 Alt: -0.067
25/03/2022 14:11:33 Mode: STABILIZE
25/03/2022 14:11:33 channel8: 965
25/03/2022 14:11:33 Pilot control
25/03/2022 14:11:33 -------------Check stall condition-------------
25/03/2022 14:11:33 Alt: -0.067
25/03/2022 14:11:33 Mode: STABILIZE
25/03/2022 14:11:33 channel8: 965
25/03/2022 14:11:33 Pilot control
25/03/2022 14:11:33 -------------Check stall condition-------------
25/03/2022 14:11:33 Alt: -0.067
25/03/2022 14:11:33 Mode: STABILIZE
25/03/2022 14:11:33 channel8: 965
25/03/2022 14:11:33 Pilot control
25/03/2022 14:11:33 -------------Check stall condition-------------
25/03/2022 14:11:33 Alt: -0.067
25/03/2022 14:11:33 Mode: STABILIZE
25/03/2022 14:11:33 channel8: 965
25/03/2022 14:11:33 Pilot control
25/03/2022 14:11:33 -------------Check stall condition-------------
25/03/2022 14:11:33 Alt: -0.067
25/03/2022 14:11:33 Mode: STABILIZE
25/03/2022 14:11:33 channel8: 965
25/03/2022 14:11:33 Pilot control
25/03/2022 14:11:33 -------------Check stall condition-------------
25/03/2022 14:11:33 Alt: -0.064
25/03/2022 14:11:33 Mode: STABILIZE
25/03/2022 14:11:33 channel8: 965
25/03/2022 14:11:33 Pilot control
25/03/2022 14:11:33 -------------Check stall condition-------------
25/03/2022 14:11:33 Alt: -0.064
25/03/2022 14:11:33 Mode: STABILIZE
25/03/2022 14:11:33 channel8: 965
25/03/2022 14:11:33 Pilot control
25/03/2022 14:11:33 -------------Check stall condition-------------
25/03/2022 14:11:33 Alt: -0.064
25/03/2022 14:11:33 Mode: STABILIZE
25/03/2022 14:11:33 channel8: 965
25/03/2022 14:11:33 Pilot control
25/03/2022 14:11:33 -------------Check stall condition-------------
25/03/2022 14:11:33 Alt: -0.064
25/03/2022 14:11:33 Mode: STABILIZE
25/03/2022 14:11:33 channel8: 965
25/03/2022 14:11:33 Pilot control
25/03/2022 14:11:33 -------------Check stall condition-------------
25/03/2022 14:11:33 Alt: -0.064
25/03/2022 14:11:33 Mode: STABILIZE
25/03/2022 14:11:33 channel8: 965
25/03/2022 14:11:33 Pilot control
25/03/2022 14:11:33 -------------Check stall condition-------------
25/03/2022 14:11:33 Alt: -0.064
25/03/2022 14:11:33 Mode: STABILIZE
25/03/2022 14:11:33 channel8: 965
25/03/2022 14:11:33 Pilot control
25/03/2022 14:11:33 -------------Check stall condition-------------
25/03/2022 14:11:33 Alt: -0.06
25/03/2022 14:11:33 Mode: STABILIZE
25/03/2022 14:11:33 channel8: 965
25/03/2022 14:11:33 Pilot control
25/03/2022 14:11:33 -------------Check stall condition-------------
25/03/2022 14:11:33 Alt: -0.06
25/03/2022 14:11:33 Mode: STABILIZE
25/03/2022 14:11:33 channel8: 965
25/03/2022 14:11:33 Pilot control
25/03/2022 14:11:33 -------------Check stall condition-------------
25/03/2022 14:11:33 Alt: -0.055
25/03/2022 14:11:33 Mode: STABILIZE
25/03/2022 14:11:33 channel8: 965
25/03/2022 14:11:34 Pilot control
25/03/2022 14:11:34 -------------Check stall condition-------------
25/03/2022 14:11:34 Alt: -0.055
25/03/2022 14:11:34 Mode: STABILIZE
25/03/2022 14:11:34 channel8: 965
25/03/2022 14:11:34 Pilot control
25/03/2022 14:11:34 -------------Check stall condition-------------
25/03/2022 14:11:34 Alt: -0.055
25/03/2022 14:11:34 Mode: STABILIZE
25/03/2022 14:11:34 channel8: 965
25/03/2022 14:11:34 Pilot control
25/03/2022 14:11:34 -------------Check stall condition-------------
25/03/2022 14:11:34 Alt: -0.055
25/03/2022 14:11:34 Mode: STABILIZE
25/03/2022 14:11:34 channel8: 965
25/03/2022 14:11:34 Pilot control
25/03/2022 14:11:34 -------------Check stall condition-------------
25/03/2022 14:11:34 Alt: -0.055
25/03/2022 14:11:34 Mode: STABILIZE
25/03/2022 14:11:34 channel8: 965
25/03/2022 14:11:34 Pilot control
25/03/2022 14:11:34 -------------Check stall condition-------------
25/03/2022 14:11:34 Alt: -0.017
25/03/2022 14:11:34 Mode: STABILIZE
25/03/2022 14:11:34 channel8: 965
25/03/2022 14:11:34 Pilot control
25/03/2022 14:11:34 -------------Check stall condition-------------
25/03/2022 14:11:34 Alt: -0.017
25/03/2022 14:11:34 Mode: STABILIZE
25/03/2022 14:11:34 channel8: 965
25/03/2022 14:11:34 Pilot control
25/03/2022 14:11:34 -------------Check stall condition-------------
25/03/2022 14:11:34 Alt: -0.017
25/03/2022 14:11:34 Mode: STABILIZE
25/03/2022 14:11:34 channel8: 965
25/03/2022 14:11:34 Pilot control
25/03/2022 14:11:34 -------------Check stall condition-------------
25/03/2022 14:11:34 Alt: -0.017
25/03/2022 14:11:34 Mode: STABILIZE
25/03/2022 14:11:34 channel8: 965
25/03/2022 14:11:34 Pilot control
25/03/2022 14:11:34 -------------Check stall condition-------------
25/03/2022 14:11:34 Alt: -0.017
25/03/2022 14:11:34 Mode: STABILIZE
25/03/2022 14:11:34 channel8: 965
25/03/2022 14:11:34 Pilot control
25/03/2022 14:11:34 -------------Check stall condition-------------
25/03/2022 14:11:34 Alt: -0.017
25/03/2022 14:11:34 Mode: STABILIZE
25/03/2022 14:11:34 channel8: 965
25/03/2022 14:11:34 Pilot control
25/03/2022 14:11:34 -------------Check stall condition-------------
25/03/2022 14:11:34 Alt: -0.008
25/03/2022 14:11:34 Mode: STABILIZE
25/03/2022 14:11:34 channel8: 965
25/03/2022 14:11:34 Pilot control
25/03/2022 14:11:34 -------------Check stall condition-------------
25/03/2022 14:11:34 Alt: -0.008
25/03/2022 14:11:34 Mode: STABILIZE
25/03/2022 14:11:34 channel8: 965
25/03/2022 14:11:34 Pilot control
25/03/2022 14:11:34 -------------Check stall condition-------------
25/03/2022 14:11:34 Alt: -0.008
25/03/2022 14:11:34 Mode: STABILIZE
25/03/2022 14:11:34 channel8: 965
25/03/2022 14:11:34 Pilot control
25/03/2022 14:11:34 -------------Check stall condition-------------
25/03/2022 14:11:34 Alt: -0.014
25/03/2022 14:11:34 Mode: STABILIZE
25/03/2022 14:11:34 channel8: 965
25/03/2022 14:11:34 Pilot control
25/03/2022 14:11:34 -------------Check stall condition-------------
25/03/2022 14:11:34 Alt: -0.014
25/03/2022 14:11:34 Mode: STABILIZE
25/03/2022 14:11:34 channel8: 965
25/03/2022 14:11:34 Pilot control
25/03/2022 14:11:35 -------------Check stall condition-------------
25/03/2022 14:11:35 Alt: -0.023
25/03/2022 14:11:35 Mode: STABILIZE
25/03/2022 14:11:35 channel8: 965
25/03/2022 14:11:35 Pilot control
25/03/2022 14:11:35 -------------Check stall condition-------------
25/03/2022 14:11:35 Alt: -0.023
25/03/2022 14:11:35 Mode: STABILIZE
25/03/2022 14:11:35 channel8: 965
25/03/2022 14:11:35 Pilot control
25/03/2022 14:11:35 -------------Check stall condition-------------
25/03/2022 14:11:35 Alt: -0.033
25/03/2022 14:11:35 Mode: STABILIZE
25/03/2022 14:11:35 channel8: 965
25/03/2022 14:11:35 Pilot control
25/03/2022 14:11:35 -------------Check stall condition-------------
25/03/2022 14:11:35 Alt: -0.033
25/03/2022 14:11:35 Mode: STABILIZE
25/03/2022 14:11:35 channel8: 965
25/03/2022 14:11:35 Pilot control
25/03/2022 14:11:35 -------------Check stall condition-------------
25/03/2022 14:11:35 Alt: -0.033
25/03/2022 14:11:35 Mode: STABILIZE
25/03/2022 14:11:35 channel8: 965
25/03/2022 14:11:35 Pilot control
25/03/2022 14:11:35 -------------Check stall condition-------------
25/03/2022 14:11:35 Alt: -0.033
25/03/2022 14:11:35 Mode: STABILIZE
25/03/2022 14:11:35 channel8: 965
25/03/2022 14:11:35 Pilot control
25/03/2022 14:11:35 -------------Check stall condition-------------
25/03/2022 14:11:35 Alt: -0.033
25/03/2022 14:11:35 Mode: STABILIZE
25/03/2022 14:11:35 channel8: 965
25/03/2022 14:11:35 Pilot control
25/03/2022 14:11:35 -------------Check stall condition-------------
25/03/2022 14:11:35 Alt: -0.04
25/03/2022 14:11:35 Mode: STABILIZE
25/03/2022 14:11:35 channel8: 965
25/03/2022 14:11:35 Pilot control
25/03/2022 14:11:35 -------------Check stall condition-------------
25/03/2022 14:11:35 Alt: -0.04
25/03/2022 14:11:35 Mode: STABILIZE
25/03/2022 14:11:35 channel8: 965
25/03/2022 14:11:35 Pilot control
25/03/2022 14:11:35 -------------Check stall condition-------------
25/03/2022 14:11:35 Alt: -0.04
25/03/2022 14:11:35 Mode: STABILIZE
25/03/2022 14:11:35 channel8: 965
25/03/2022 14:11:35 Pilot control
25/03/2022 14:11:35 -------------Check stall condition-------------
25/03/2022 14:11:35 Alt: -0.04
25/03/2022 14:11:35 Mode: STABILIZE
25/03/2022 14:11:35 channel8: 965
25/03/2022 14:11:35 Pilot control
25/03/2022 14:11:35 -------------Check stall condition-------------
25/03/2022 14:11:35 Alt: -0.04
25/03/2022 14:11:35 Mode: STABILIZE
25/03/2022 14:11:35 channel8: 965
25/03/2022 14:11:35 Pilot control
25/03/2022 14:11:35 -------------Check stall condition-------------
25/03/2022 14:11:35 Alt: -0.046
25/03/2022 14:11:35 Mode: STABILIZE
25/03/2022 14:11:35 channel8: 965
25/03/2022 14:11:35 Pilot control
25/03/2022 14:11:35 -------------Check stall condition-------------
25/03/2022 14:11:35 Alt: -0.046
25/03/2022 14:11:35 Mode: STABILIZE
25/03/2022 14:11:35 channel8: 965
25/03/2022 14:11:35 Pilot control
25/03/2022 14:11:35 -------------Check stall condition-------------
25/03/2022 14:11:35 Alt: -0.046
25/03/2022 14:11:35 Mode: STABILIZE
25/03/2022 14:11:35 channel8: 965
25/03/2022 14:11:35 Pilot control
25/03/2022 14:11:35 -------------Check stall condition-------------
25/03/2022 14:11:35 Alt: -0.046
25/03/2022 14:11:35 Mode: STABILIZE
25/03/2022 14:11:35 channel8: 965
25/03/2022 14:11:35 Pilot control
25/03/2022 14:11:35 -------------Check stall condition-------------
25/03/2022 14:11:35 Alt: -0.046
25/03/2022 14:11:35 Mode: STABILIZE
25/03/2022 14:11:35 channel8: 965
25/03/2022 14:11:35 Pilot control
25/03/2022 14:11:35 -------------Check stall condition-------------
25/03/2022 14:11:35 Alt: -0.061
25/03/2022 14:11:35 Mode: STABILIZE
25/03/2022 14:11:35 channel8: 965
25/03/2022 14:11:35 Pilot control
25/03/2022 14:11:35 -------------Check stall condition-------------
25/03/2022 14:11:35 Alt: -0.061
25/03/2022 14:11:35 Mode: STABILIZE
25/03/2022 14:11:35 channel8: 965
25/03/2022 14:11:35 Pilot control
25/03/2022 14:11:35 -------------Check stall condition-------------
25/03/2022 14:11:35 Alt: -0.061
25/03/2022 14:11:35 Mode: STABILIZE
25/03/2022 14:11:35 channel8: 965
25/03/2022 14:11:35 Pilot control
25/03/2022 14:11:35 -------------Check stall condition-------------
25/03/2022 14:11:35 Alt: -0.061
25/03/2022 14:11:35 Mode: STABILIZE
25/03/2022 14:11:35 channel8: 965
25/03/2022 14:11:35 Pilot control
25/03/2022 14:11:35 -------------Check stall condition-------------
25/03/2022 14:11:35 Alt: -0.061
25/03/2022 14:11:35 Mode: STABILIZE
25/03/2022 14:11:35 channel8: 965
25/03/2022 14:11:35 Pilot control
25/03/2022 14:11:35 -------------Check stall condition-------------
25/03/2022 14:11:35 Alt: -0.061
25/03/2022 14:11:35 Mode: STABILIZE
25/03/2022 14:11:35 channel8: 965
25/03/2022 14:11:35 Pilot control
25/03/2022 14:11:35 -------------Check stall condition-------------
25/03/2022 14:11:35 Alt: -0.074
25/03/2022 14:11:35 Mode: STABILIZE
25/03/2022 14:11:35 channel8: 965
25/03/2022 14:11:35 Pilot control
25/03/2022 14:11:35 -------------Check stall condition-------------
25/03/2022 14:11:35 Alt: -0.074
25/03/2022 14:11:35 Mode: STABILIZE
25/03/2022 14:11:35 channel8: 965
25/03/2022 14:11:35 Pilot control
25/03/2022 14:11:35 -------------Check stall condition-------------
25/03/2022 14:11:35 Alt: -0.074
25/03/2022 14:11:35 Mode: STABILIZE
25/03/2022 14:11:35 channel8: 965
25/03/2022 14:11:36 Pilot control
25/03/2022 14:11:36 -------------Check stall condition-------------
25/03/2022 14:11:36 Alt: -0.074
25/03/2022 14:11:36 Mode: STABILIZE
25/03/2022 14:11:36 channel8: 965
25/03/2022 14:11:36 Pilot control
25/03/2022 14:11:36 -------------Check stall condition-------------
25/03/2022 14:11:36 Alt: -0.074
25/03/2022 14:11:36 Mode: STABILIZE
25/03/2022 14:11:36 channel8: 965
25/03/2022 14:11:36 Pilot control
25/03/2022 14:11:36 -------------Check stall condition-------------
25/03/2022 14:11:36 Alt: -0.074
25/03/2022 14:11:36 Mode: STABILIZE
25/03/2022 14:11:36 channel8: 965
25/03/2022 14:11:36 Pilot control
25/03/2022 14:11:36 -------------Check stall condition-------------
25/03/2022 14:11:36 Alt: -0.074
25/03/2022 14:11:36 Mode: STABILIZE
25/03/2022 14:11:36 channel8: 965
25/03/2022 14:11:36 Pilot control
25/03/2022 14:11:36 -------------Check stall condition-------------
25/03/2022 14:11:36 Alt: -0.088
25/03/2022 14:11:36 Mode: STABILIZE
25/03/2022 14:11:36 channel8: 965
25/03/2022 14:11:36 Pilot control
25/03/2022 14:11:36 -------------Check stall condition-------------
25/03/2022 14:11:36 Alt: -0.088
25/03/2022 14:11:36 Mode: STABILIZE
25/03/2022 14:11:36 channel8: 965
25/03/2022 14:11:36 Pilot control
25/03/2022 14:11:36 -------------Check stall condition-------------
25/03/2022 14:11:36 Alt: -0.088
25/03/2022 14:11:36 Mode: STABILIZE
25/03/2022 14:11:36 channel8: 965
25/03/2022 14:11:36 Pilot control
25/03/2022 14:11:36 -------------Check stall condition-------------
25/03/2022 14:11:36 Alt: -0.088
25/03/2022 14:11:36 Mode: STABILIZE
25/03/2022 14:11:36 channel8: 965
25/03/2022 14:11:36 Pilot control
25/03/2022 14:11:36 -------------Check stall condition-------------
25/03/2022 14:11:36 Alt: -0.088
25/03/2022 14:11:36 Mode: STABILIZE
25/03/2022 14:11:36 channel8: 965
25/03/2022 14:11:36 Pilot control
25/03/2022 14:11:36 -------------Check stall condition-------------
25/03/2022 14:11:36 Alt: -0.088
25/03/2022 14:11:36 Mode: STABILIZE
25/03/2022 14:11:36 channel8: 965
25/03/2022 14:11:36 Pilot control
25/03/2022 14:11:36 -------------Check stall condition-------------
25/03/2022 14:11:36 Alt: -0.091
25/03/2022 14:11:36 Mode: STABILIZE
25/03/2022 14:11:36 channel8: 965
25/03/2022 14:11:36 Pilot control
25/03/2022 14:11:36 -------------Check stall condition-------------
25/03/2022 14:11:36 Alt: -0.091
25/03/2022 14:11:36 Mode: STABILIZE
25/03/2022 14:11:36 channel8: 965
25/03/2022 14:11:36 Pilot control
25/03/2022 14:11:36 -------------Check stall condition-------------
25/03/2022 14:11:36 Alt: -0.091
25/03/2022 14:11:36 Mode: STABILIZE
25/03/2022 14:11:36 channel8: 965
25/03/2022 14:11:36 Pilot control
25/03/2022 14:11:36 -------------Check stall condition-------------
25/03/2022 14:11:36 Alt: -0.091
25/03/2022 14:11:36 Mode: STABILIZE
25/03/2022 14:11:36 channel8: 965
25/03/2022 14:11:36 Pilot control
25/03/2022 14:11:36 -------------Check stall condition-------------
25/03/2022 14:11:36 Alt: -0.091
25/03/2022 14:11:36 Mode: STABILIZE
25/03/2022 14:11:36 channel8: 965
25/03/2022 14:11:36 Pilot control
25/03/2022 14:11:36 -------------Check stall condition-------------
25/03/2022 14:11:36 Alt: -0.091
25/03/2022 14:11:36 Mode: STABILIZE
25/03/2022 14:11:36 channel8: 965
25/03/2022 14:11:36 Pilot control
25/03/2022 14:11:36 -------------Check stall condition-------------
25/03/2022 14:11:36 Alt: -0.102
25/03/2022 14:11:36 Mode: STABILIZE
25/03/2022 14:11:36 channel8: 965
25/03/2022 14:11:36 Pilot control
25/03/2022 14:11:36 -------------Check stall condition-------------
25/03/2022 14:11:36 Alt: -0.102
25/03/2022 14:11:36 Mode: STABILIZE
25/03/2022 14:11:36 channel8: 965
25/03/2022 14:11:36 Pilot control
25/03/2022 14:11:36 -------------Check stall condition-------------
25/03/2022 14:11:36 Alt: -0.102
25/03/2022 14:11:36 Mode: STABILIZE
25/03/2022 14:11:36 channel8: 965
25/03/2022 14:11:36 Pilot control
25/03/2022 14:11:36 -------------Check stall condition-------------
25/03/2022 14:11:36 Alt: -0.102
25/03/2022 14:11:36 Mode: STABILIZE
25/03/2022 14:11:36 channel8: 965
25/03/2022 14:11:36 Pilot control
25/03/2022 14:11:36 -------------Check stall condition-------------
25/03/2022 14:11:36 Alt: -0.102
25/03/2022 14:11:36 Mode: STABILIZE
25/03/2022 14:11:36 channel8: 965
25/03/2022 14:11:36 Pilot control
25/03/2022 14:11:36 -------------Check stall condition-------------
25/03/2022 14:11:36 Alt: -0.102
25/03/2022 14:11:36 Mode: STABILIZE
25/03/2022 14:11:36 channel8: 965
25/03/2022 14:11:36 Pilot control
25/03/2022 14:11:36 -------------Check stall condition-------------
25/03/2022 14:11:36 Alt: -0.107
25/03/2022 14:11:36 Mode: STABILIZE
25/03/2022 14:11:36 channel8: 965
25/03/2022 14:11:36 Pilot control
25/03/2022 14:11:36 -------------Check stall condition-------------
25/03/2022 14:11:36 Alt: -0.107
25/03/2022 14:11:36 Mode: STABILIZE
25/03/2022 14:11:36 channel8: 965
25/03/2022 14:11:36 Pilot control
25/03/2022 14:11:36 -------------Check stall condition-------------
25/03/2022 14:11:36 Alt: -0.107
25/03/2022 14:11:36 Mode: STABILIZE
25/03/2022 14:11:36 channel8: 965
25/03/2022 14:11:36 Pilot control
25/03/2022 14:11:37 -------------Check stall condition-------------
25/03/2022 14:11:37 Alt: -0.107
25/03/2022 14:11:37 Mode: STABILIZE
25/03/2022 14:11:37 channel8: 965
25/03/2022 14:11:37 Pilot control
25/03/2022 14:11:37 -------------Check stall condition-------------
25/03/2022 14:11:37 Alt: -0.107
25/03/2022 14:11:37 Mode: STABILIZE
25/03/2022 14:11:37 channel8: 965
25/03/2022 14:11:37 Pilot control
25/03/2022 14:11:37 -------------Check stall condition-------------
25/03/2022 14:11:37 Alt: -0.107
25/03/2022 14:11:37 Mode: STABILIZE
25/03/2022 14:11:37 channel8: 965
25/03/2022 14:11:37 Pilot control
25/03/2022 14:11:37 -------------Check stall condition-------------
25/03/2022 14:11:37 Alt: -0.107
25/03/2022 14:11:37 Mode: STABILIZE
25/03/2022 14:11:37 channel8: 965
25/03/2022 14:11:37 Pilot control
25/03/2022 14:11:37 -------------Check stall condition-------------
25/03/2022 14:11:37 Alt: -0.115
25/03/2022 14:11:37 Mode: STABILIZE
25/03/2022 14:11:37 channel8: 965
25/03/2022 14:11:37 Pilot control
25/03/2022 14:11:37 -------------Check stall condition-------------
25/03/2022 14:11:37 Alt: -0.115
25/03/2022 14:11:37 Mode: STABILIZE
25/03/2022 14:11:37 channel8: 965
25/03/2022 14:11:37 Pilot control
25/03/2022 14:11:37 -------------Check stall condition-------------
25/03/2022 14:11:37 Alt: -0.115
25/03/2022 14:11:37 Mode: STABILIZE
25/03/2022 14:11:37 channel8: 965
25/03/2022 14:11:37 Pilot control
25/03/2022 14:11:37 -------------Check stall condition-------------
25/03/2022 14:11:37 Alt: -0.115
25/03/2022 14:11:37 Mode: STABILIZE
25/03/2022 14:11:37 channel8: 965
25/03/2022 14:11:37 Pilot control
25/03/2022 14:11:37 -------------Check stall condition-------------
25/03/2022 14:11:37 Alt: -0.115
25/03/2022 14:11:37 Mode: STABILIZE
25/03/2022 14:11:37 channel8: 965
25/03/2022 14:11:37 Pilot control
25/03/2022 14:11:37 -------------Check stall condition-------------
25/03/2022 14:11:37 Alt: -0.115
25/03/2022 14:11:37 Mode: STABILIZE
25/03/2022 14:11:37 channel8: 965
25/03/2022 14:11:37 Pilot control
25/03/2022 14:11:37 -------------Check stall condition-------------
25/03/2022 14:11:37 Alt: -0.12
25/03/2022 14:11:37 Mode: STABILIZE
25/03/2022 14:11:37 channel8: 965
25/03/2022 14:11:37 Pilot control
25/03/2022 14:11:37 -------------Check stall condition-------------
25/03/2022 14:11:37 Alt: -0.12
25/03/2022 14:11:37 Mode: STABILIZE
25/03/2022 14:11:37 channel8: 965
25/03/2022 14:11:37 Pilot control
25/03/2022 14:11:37 -------------Check stall condition-------------
25/03/2022 14:11:37 Alt: -0.12
25/03/2022 14:11:37 Mode: STABILIZE
25/03/2022 14:11:37 channel8: 965
25/03/2022 14:11:37 Pilot control
25/03/2022 14:11:37 -------------Check stall condition-------------
25/03/2022 14:11:37 Alt: -0.12
25/03/2022 14:11:37 Mode: STABILIZE
25/03/2022 14:11:37 channel8: 965
25/03/2022 14:11:37 Pilot control
25/03/2022 14:11:37 -------------Check stall condition-------------
25/03/2022 14:11:37 Alt: -0.12
25/03/2022 14:11:37 Mode: STABILIZE
25/03/2022 14:11:37 channel8: 965
25/03/2022 14:11:37 Pilot control
25/03/2022 14:11:37 -------------Check stall condition-------------
25/03/2022 14:11:37 Alt: -0.12
25/03/2022 14:11:37 Mode: STABILIZE
25/03/2022 14:11:37 channel8: 965
25/03/2022 14:11:37 Pilot control
25/03/2022 14:11:37 -------------Check stall condition-------------
25/03/2022 14:11:37 Alt: -0.121
25/03/2022 14:11:37 Mode: STABILIZE
25/03/2022 14:11:37 channel8: 965
25/03/2022 14:11:37 Pilot control
25/03/2022 14:11:37 -------------Check stall condition-------------
25/03/2022 14:11:37 Alt: -0.121
25/03/2022 14:11:37 Mode: STABILIZE
25/03/2022 14:11:37 channel8: 965
25/03/2022 14:11:37 Pilot control
25/03/2022 14:11:37 -------------Check stall condition-------------
25/03/2022 14:11:37 Alt: -0.121
25/03/2022 14:11:37 Mode: STABILIZE
25/03/2022 14:11:37 channel8: 965
25/03/2022 14:11:37 Pilot control
25/03/2022 14:11:37 -------------Check stall condition-------------
25/03/2022 14:11:37 Alt: -0.121
25/03/2022 14:11:37 Mode: STABILIZE
25/03/2022 14:11:37 channel8: 965
25/03/2022 14:11:37 Pilot control
25/03/2022 14:11:38 -------------Check stall condition-------------
25/03/2022 14:11:38 Alt: -0.116
25/03/2022 14:11:38 Mode: STABILIZE
25/03/2022 14:11:38 channel8: 965
25/03/2022 14:11:38 Pilot control
25/03/2022 14:11:38 -------------Check stall condition-------------
25/03/2022 14:11:38 Alt: -0.116
25/03/2022 14:11:38 Mode: STABILIZE
25/03/2022 14:11:38 channel8: 965
25/03/2022 14:11:38 Pilot control
25/03/2022 14:11:38 -------------Check stall condition-------------
25/03/2022 14:11:38 Alt: -0.116
25/03/2022 14:11:38 Mode: STABILIZE
25/03/2022 14:11:38 channel8: 965
25/03/2022 14:11:38 Pilot control
25/03/2022 14:11:38 -------------Check stall condition-------------
25/03/2022 14:11:38 Alt: -0.116
25/03/2022 14:11:38 Mode: STABILIZE
25/03/2022 14:11:38 channel8: 965
25/03/2022 14:11:38 Pilot control
25/03/2022 14:11:38 -------------Check stall condition-------------
25/03/2022 14:11:38 Alt: -0.116
25/03/2022 14:11:38 Mode: STABILIZE
25/03/2022 14:11:38 channel8: 965
25/03/2022 14:11:38 Pilot control
25/03/2022 14:11:38 -------------Check stall condition-------------
25/03/2022 14:11:38 Alt: -0.116
25/03/2022 14:11:38 Mode: STABILIZE
25/03/2022 14:11:38 channel8: 965
25/03/2022 14:11:38 Pilot control
25/03/2022 14:11:38 -------------Check stall condition-------------
25/03/2022 14:11:38 Alt: -0.116
25/03/2022 14:11:38 Mode: STABILIZE
25/03/2022 14:11:38 channel8: 965
25/03/2022 14:11:38 Pilot control
25/03/2022 14:11:38 -------------Check stall condition-------------
25/03/2022 14:11:38 Alt: -0.116
25/03/2022 14:11:38 Mode: STABILIZE
25/03/2022 14:11:38 channel8: 965
25/03/2022 14:11:38 Pilot control
25/03/2022 14:11:38 -------------Check stall condition-------------
25/03/2022 14:11:38 Alt: -0.116
25/03/2022 14:11:38 Mode: STABILIZE
25/03/2022 14:11:38 channel8: 965
25/03/2022 14:11:38 Pilot control
25/03/2022 14:11:38 -------------Check stall condition-------------
25/03/2022 14:11:38 Alt: -0.116
25/03/2022 14:11:38 Mode: STABILIZE
25/03/2022 14:11:38 channel8: 965
25/03/2022 14:11:38 Pilot control
25/03/2022 14:11:38 -------------Check stall condition-------------
25/03/2022 14:11:38 Alt: -0.116
25/03/2022 14:11:38 Mode: STABILIZE
25/03/2022 14:11:38 channel8: 965
25/03/2022 14:11:38 Pilot control
25/03/2022 14:11:38 -------------Check stall condition-------------
25/03/2022 14:11:38 Alt: -0.116
25/03/2022 14:11:38 Mode: STABILIZE
25/03/2022 14:11:38 channel8: 965
25/03/2022 14:11:38 Pilot control
25/03/2022 14:11:38 -------------Check stall condition-------------
25/03/2022 14:11:38 Alt: -0.116
25/03/2022 14:11:38 Mode: STABILIZE
25/03/2022 14:11:38 channel8: 965
25/03/2022 14:11:38 Pilot control
25/03/2022 14:11:38 -------------Check stall condition-------------
25/03/2022 14:11:38 Alt: -0.116
25/03/2022 14:11:38 Mode: STABILIZE
25/03/2022 14:11:38 channel8: 965
25/03/2022 14:11:38 Pilot control
25/03/2022 14:11:38 -------------Check stall condition-------------
25/03/2022 14:11:38 Alt: -0.116
25/03/2022 14:11:38 Mode: STABILIZE
25/03/2022 14:11:38 channel8: 965
25/03/2022 14:11:38 Pilot control
25/03/2022 14:11:38 -------------Check stall condition-------------
25/03/2022 14:11:38 Alt: -0.116
25/03/2022 14:11:38 Mode: STABILIZE
25/03/2022 14:11:38 channel8: 965
25/03/2022 14:11:38 Pilot control
25/03/2022 14:11:38 -------------Check stall condition-------------
25/03/2022 14:11:38 Alt: -0.116
25/03/2022 14:11:38 Mode: STABILIZE
25/03/2022 14:11:38 channel8: 965
25/03/2022 14:11:38 Pilot control
25/03/2022 14:11:38 -------------Check stall condition-------------
25/03/2022 14:11:38 Alt: -0.112
25/03/2022 14:11:38 Mode: STABILIZE
25/03/2022 14:11:38 channel8: 965
25/03/2022 14:11:38 Pilot control
25/03/2022 14:11:38 -------------Check stall condition-------------
25/03/2022 14:11:38 Alt: -0.112
25/03/2022 14:11:38 Mode: STABILIZE
25/03/2022 14:11:38 channel8: 965
25/03/2022 14:11:38 Pilot control
25/03/2022 14:11:38 -------------Check stall condition-------------
25/03/2022 14:11:38 Alt: -0.112
25/03/2022 14:11:38 Mode: STABILIZE
25/03/2022 14:11:38 channel8: 965
25/03/2022 14:11:38 Pilot control
25/03/2022 14:11:38 -------------Check stall condition-------------
25/03/2022 14:11:38 Alt: -0.112
25/03/2022 14:11:38 Mode: STABILIZE
25/03/2022 14:11:38 channel8: 965
25/03/2022 14:11:38 Pilot control
25/03/2022 14:11:38 -------------Check stall condition-------------
25/03/2022 14:11:38 Alt: -0.122
25/03/2022 14:11:38 Mode: STABILIZE
25/03/2022 14:11:38 channel8: 965
25/03/2022 14:11:38 Pilot control
25/03/2022 14:11:38 -------------Check stall condition-------------
25/03/2022 14:11:38 Alt: -0.122
25/03/2022 14:11:38 Mode: STABILIZE
25/03/2022 14:11:38 channel8: 965
25/03/2022 14:11:38 Pilot control
25/03/2022 14:11:38 -------------Check stall condition-------------
25/03/2022 14:11:38 Alt: -0.122
25/03/2022 14:11:38 Mode: STABILIZE
25/03/2022 14:11:38 channel8: 965
25/03/2022 14:11:38 Pilot control
25/03/2022 14:11:38 -------------Check stall condition-------------
25/03/2022 14:11:38 Alt: -0.122
25/03/2022 14:11:38 Mode: STABILIZE
25/03/2022 14:11:38 channel8: 965
25/03/2022 14:11:38 Pilot control
25/03/2022 14:11:38 -------------Check stall condition-------------
25/03/2022 14:11:38 Alt: -0.122
25/03/2022 14:11:38 Mode: STABILIZE
25/03/2022 14:11:38 channel8: 965
25/03/2022 14:11:38 Pilot control
25/03/2022 14:11:38 -------------Check stall condition-------------
25/03/2022 14:11:38 Alt: -0.122
25/03/2022 14:11:38 Mode: STABILIZE
25/03/2022 14:11:38 channel8: 965
25/03/2022 14:11:38 Pilot control
25/03/2022 14:11:38 -------------Check stall condition-------------
25/03/2022 14:11:38 Alt: -0.122
25/03/2022 14:11:38 Mode: STABILIZE
25/03/2022 14:11:38 channel8: 965
25/03/2022 14:11:38 Pilot control
25/03/2022 14:11:38 -------------Check stall condition-------------
25/03/2022 14:11:38 Alt: -0.122
25/03/2022 14:11:38 Mode: STABILIZE
25/03/2022 14:11:38 channel8: 965
25/03/2022 14:11:38 Pilot control
25/03/2022 14:11:38 -------------Check stall condition-------------
25/03/2022 14:11:38 Alt: -0.122
25/03/2022 14:11:38 Mode: STABILIZE
25/03/2022 14:11:38 channel8: 965
25/03/2022 14:11:38 Pilot control
25/03/2022 14:11:38 -------------Check stall condition-------------
25/03/2022 14:11:38 Alt: -0.122
25/03/2022 14:11:38 Mode: STABILIZE
25/03/2022 14:11:38 channel8: 965
25/03/2022 14:11:38 Pilot control
25/03/2022 14:11:38 -------------Check stall condition-------------
25/03/2022 14:11:38 Alt: -0.122
25/03/2022 14:11:38 Mode: STABILIZE
25/03/2022 14:11:38 channel8: 965
25/03/2022 14:11:38 Pilot control
25/03/2022 14:11:38 -------------Check stall condition-------------
25/03/2022 14:11:38 Alt: -0.122
25/03/2022 14:11:38 Mode: STABILIZE
25/03/2022 14:11:38 channel8: 965
25/03/2022 14:11:38 Pilot control
25/03/2022 14:11:38 -------------Check stall condition-------------
25/03/2022 14:11:38 Alt: -0.122
25/03/2022 14:11:38 Mode: STABILIZE
25/03/2022 14:11:38 channel8: 965
25/03/2022 14:11:38 Pilot control
25/03/2022 14:11:38 -------------Check stall condition-------------
25/03/2022 14:11:38 Alt: -0.122
25/03/2022 14:11:38 Mode: STABILIZE
25/03/2022 14:11:38 channel8: 965
25/03/2022 14:11:38 Pilot control
25/03/2022 14:11:38 -------------Check stall condition-------------
25/03/2022 14:11:38 Alt: -0.122
25/03/2022 14:11:38 Mode: STABILIZE
25/03/2022 14:11:38 channel8: 965
25/03/2022 14:11:38 Pilot control
25/03/2022 14:11:38 -------------Check stall condition-------------
25/03/2022 14:11:38 Alt: -0.122
25/03/2022 14:11:38 Mode: STABILIZE
25/03/2022 14:11:38 channel8: 965
25/03/2022 14:11:38 Pilot control
25/03/2022 14:11:38 -------------Check stall condition-------------
25/03/2022 14:11:38 Alt: -0.122
25/03/2022 14:11:38 Mode: STABILIZE
25/03/2022 14:11:38 channel8: 965
25/03/2022 14:11:38 Pilot control
25/03/2022 14:11:38 -------------Check stall condition-------------
25/03/2022 14:11:38 Alt: -0.122
25/03/2022 14:11:38 Mode: STABILIZE
25/03/2022 14:11:38 channel8: 965
25/03/2022 14:11:38 Pilot control
25/03/2022 14:11:38 -------------Check stall condition-------------
25/03/2022 14:11:38 Alt: -0.122
25/03/2022 14:11:38 Mode: STABILIZE
25/03/2022 14:11:38 channel8: 965
25/03/2022 14:11:38 Pilot control
25/03/2022 14:11:38 -------------Check stall condition-------------
25/03/2022 14:11:38 Alt: -0.122
25/03/2022 14:11:38 Mode: STABILIZE
25/03/2022 14:11:38 channel8: 965
25/03/2022 14:11:38 Pilot control
25/03/2022 14:11:38 -------------Check stall condition-------------
25/03/2022 14:11:38 Alt: -0.122
25/03/2022 14:11:38 Mode: STABILIZE
25/03/2022 14:11:38 channel8: 965
25/03/2022 14:11:38 Pilot control
25/03/2022 14:11:38 -------------Check stall condition-------------
25/03/2022 14:11:38 Alt: -0.122
25/03/2022 14:11:38 Mode: STABILIZE
25/03/2022 14:11:38 channel8: 965
25/03/2022 14:11:38 Pilot control
25/03/2022 14:11:38 -------------Check stall condition-------------
25/03/2022 14:11:38 Alt: -0.122
25/03/2022 14:11:38 Mode: STABILIZE
25/03/2022 14:11:38 channel8: 965
25/03/2022 14:11:38 Pilot control
25/03/2022 14:11:38 -------------Check stall condition-------------
25/03/2022 14:11:38 Alt: -0.122
25/03/2022 14:11:38 Mode: STABILIZE
25/03/2022 14:11:38 channel8: 965
25/03/2022 14:11:38 Pilot control
25/03/2022 14:11:38 -------------Check stall condition-------------
25/03/2022 14:11:38 Alt: -0.122
25/03/2022 14:11:38 Mode: STABILIZE
25/03/2022 14:11:38 channel8: 965
25/03/2022 14:11:38 Pilot control
25/03/2022 14:11:38 -------------Check stall condition-------------
25/03/2022 14:11:38 Alt: -0.122
25/03/2022 14:11:38 Mode: STABILIZE
25/03/2022 14:11:38 channel8: 965
25/03/2022 14:11:38 Pilot control
25/03/2022 14:11:38 -------------Check stall condition-------------
25/03/2022 14:11:38 Alt: -0.122
25/03/2022 14:11:38 Mode: STABILIZE
25/03/2022 14:11:38 channel8: 965
25/03/2022 14:11:38 Pilot control
25/03/2022 14:11:38 -------------Check stall condition-------------
25/03/2022 14:11:38 Alt: -0.122
25/03/2022 14:11:38 Mode: STABILIZE
25/03/2022 14:11:38 channel8: 965
25/03/2022 14:11:38 Pilot control
25/03/2022 14:11:38 -------------Check stall condition-------------
25/03/2022 14:11:38 Alt: -0.122
25/03/2022 14:11:38 Mode: STABILIZE
25/03/2022 14:11:38 channel8: 965
25/03/2022 14:11:38 Pilot control
25/03/2022 14:11:38 -------------Check stall condition-------------
25/03/2022 14:11:38 Alt: -0.122
25/03/2022 14:11:38 Mode: STABILIZE
25/03/2022 14:11:38 channel8: 965
25/03/2022 14:11:38 Pilot control
25/03/2022 14:11:38 -------------Check stall condition-------------
25/03/2022 14:11:38 Alt: -0.122
25/03/2022 14:11:38 Mode: STABILIZE
25/03/2022 14:11:38 channel8: 965
25/03/2022 14:11:38 Pilot control
25/03/2022 14:11:38 -------------Check stall condition-------------
25/03/2022 14:11:38 Alt: -0.122
25/03/2022 14:11:38 Mode: STABILIZE
25/03/2022 14:11:38 channel8: 965
25/03/2022 14:11:38 Pilot control
25/03/2022 14:11:38 -------------Check stall condition-------------
25/03/2022 14:11:38 Alt: -0.122
25/03/2022 14:11:38 Mode: STABILIZE
25/03/2022 14:11:38 channel8: 965
25/03/2022 14:11:38 Pilot control
25/03/2022 14:11:38 -------------Check stall condition-------------
25/03/2022 14:11:38 Alt: -0.122
25/03/2022 14:11:38 Mode: STABILIZE
25/03/2022 14:11:38 channel8: 965
25/03/2022 14:11:38 Pilot control
25/03/2022 14:11:38 -------------Check stall condition-------------
25/03/2022 14:11:38 Alt: -0.122
25/03/2022 14:11:38 Mode: STABILIZE
25/03/2022 14:11:38 channel8: 965
25/03/2022 14:11:38 Pilot control
25/03/2022 14:11:38 -------------Check stall condition-------------
25/03/2022 14:11:38 Alt: -0.122
25/03/2022 14:11:38 Mode: STABILIZE
25/03/2022 14:11:38 channel8: 965
25/03/2022 14:11:38 Pilot control
25/03/2022 14:11:38 -------------Check stall condition-------------
25/03/2022 14:11:38 Alt: -0.122
25/03/2022 14:11:38 Mode: STABILIZE
25/03/2022 14:11:38 channel8: 965
25/03/2022 14:11:38 Pilot control
25/03/2022 14:11:38 -------------Check stall condition-------------
25/03/2022 14:11:38 Alt: -0.122
25/03/2022 14:11:38 Mode: STABILIZE
25/03/2022 14:11:38 channel8: 965
25/03/2022 14:11:38 Pilot control
25/03/2022 14:11:38 -------------Check stall condition-------------
25/03/2022 14:11:38 Alt: -0.122
25/03/2022 14:11:38 Mode: STABILIZE
25/03/2022 14:11:38 channel8: 965
25/03/2022 14:11:38 Pilot control
25/03/2022 14:11:38 -------------Check stall condition-------------
25/03/2022 14:11:38 Alt: -0.122
25/03/2022 14:11:38 Mode: STABILIZE
25/03/2022 14:11:38 channel8: 965
25/03/2022 14:11:38 Pilot control
25/03/2022 14:11:38 -------------Check stall condition-------------
25/03/2022 14:11:38 Alt: -0.122
25/03/2022 14:11:38 Mode: STABILIZE
25/03/2022 14:11:38 channel8: 965
25/03/2022 14:11:38 Pilot control
25/03/2022 14:11:38 -------------Check stall condition-------------
25/03/2022 14:11:38 Alt: -0.122
25/03/2022 14:11:38 Mode: STABILIZE
25/03/2022 14:11:38 channel8: 965
25/03/2022 14:11:38 Pilot control
25/03/2022 14:11:38 -------------Check stall condition-------------
25/03/2022 14:11:38 Alt: -0.122
25/03/2022 14:11:38 Mode: STABILIZE
25/03/2022 14:11:38 channel8: 965
25/03/2022 14:11:38 Pilot control
25/03/2022 14:11:38 -------------Check stall condition-------------
25/03/2022 14:11:38 Alt: -0.122
25/03/2022 14:11:38 Mode: STABILIZE
25/03/2022 14:11:38 channel8: 965
25/03/2022 14:11:38 Pilot control
25/03/2022 14:11:38 -------------Check stall condition-------------
25/03/2022 14:11:38 Alt: -0.122
25/03/2022 14:11:38 Mode: STABILIZE
25/03/2022 14:11:38 channel8: 965
25/03/2022 14:11:38 Pilot control
25/03/2022 14:11:38 -------------Check stall condition-------------
25/03/2022 14:11:38 Alt: -0.122
25/03/2022 14:11:38 Mode: STABILIZE
25/03/2022 14:11:38 channel8: 965
25/03/2022 14:11:38 Pilot control
25/03/2022 14:11:38 -------------Check stall condition-------------
25/03/2022 14:11:38 Alt: -0.122
25/03/2022 14:11:38 Mode: STABILIZE
25/03/2022 14:11:38 channel8: 965
25/03/2022 14:11:38 Pilot control
25/03/2022 14:11:38 -------------Check stall condition-------------
25/03/2022 14:11:38 Alt: -0.122
25/03/2022 14:11:38 Mode: STABILIZE
25/03/2022 14:11:38 channel8: 965
25/03/2022 14:11:38 Pilot control
25/03/2022 14:11:38 -------------Check stall condition-------------
25/03/2022 14:11:38 Alt: -0.122
25/03/2022 14:11:38 Mode: STABILIZE
25/03/2022 14:11:38 channel8: 965
25/03/2022 14:11:38 Pilot control
25/03/2022 14:11:38 -------------Check stall condition-------------
25/03/2022 14:11:38 Alt: -0.122
25/03/2022 14:11:38 Mode: STABILIZE
25/03/2022 14:11:38 channel8: 965
25/03/2022 14:11:38 Pilot control
25/03/2022 14:11:38 -------------Check stall condition-------------
25/03/2022 14:11:38 Alt: -0.122
25/03/2022 14:11:38 Mode: STABILIZE
25/03/2022 14:11:38 channel8: 965
25/03/2022 14:11:38 Pilot control
25/03/2022 14:11:38 -------------Check stall condition-------------
25/03/2022 14:11:38 Alt: -0.122
25/03/2022 14:11:38 Mode: STABILIZE
25/03/2022 14:11:38 channel8: 965
25/03/2022 14:11:38 Pilot control
25/03/2022 14:11:38 -------------Check stall condition-------------
25/03/2022 14:11:38 Alt: -0.122
25/03/2022 14:11:38 Mode: STABILIZE
25/03/2022 14:11:38 channel8: 965
25/03/2022 14:11:38 Pilot control
