01/03/2022 13:39:00 Connecting to Vehicle on: /dev/ttyACM0
01/03/2022 13:39:01 ArduPlane V4.1.4 (0f984409)
01/03/2022 13:39:01 ChibiOS: 45395b6a
01/03/2022 13:39:01 CubeBlack 00360049 3337510E 37353832
01/03/2022 13:39:01 RCOut: PWM:1-12
01/03/2022 13:39:01 IMU0: fast sampling enabled 8.0kHz/1.0kHz
01/03/2022 13:39:01 IMU2: fast sampling enabled 8.0kHz/1.0kHz
01/03/2022 13:39:12 -------------Check stall condition-------------
01/03/2022 13:39:12 Alt: 0.174
01/03/2022 13:39:12 distance: 39.34405484742399
01/03/2022 13:39:12 Mode: STABILIZE
01/03/2022 13:39:12 Pilot control
01/03/2022 13:39:13 ch7: 965
01/03/2022 13:39:13 -------------Check stall condition-------------
01/03/2022 13:39:13 Alt: 0.263
01/03/2022 13:39:13 distance: 39.418862119262485
01/03/2022 13:39:13 Mode: STABILIZE
01/03/2022 13:39:13 Pilot control
01/03/2022 13:39:13 ch7: 965
01/03/2022 13:39:13 -------------Check stall condition-------------
01/03/2022 13:39:13 Alt: 0.301
01/03/2022 13:39:13 distance: 39.473753432426456
01/03/2022 13:39:13 Mode: STABILIZE
01/03/2022 13:39:13 Pilot control
01/03/2022 13:39:14 ch7: 965
01/03/2022 13:39:14 -------------Check stall condition-------------
01/03/2022 13:39:14 Alt: 0.316
01/03/2022 13:39:14 distance: 39.493731647901974
01/03/2022 13:39:14 Mode: STABILIZE
01/03/2022 13:39:14 Pilot control
01/03/2022 13:39:14 ch7: 965
01/03/2022 13:39:14 -------------Check stall condition-------------
01/03/2022 13:39:14 Alt: 0.333
01/03/2022 13:39:14 distance: 39.498756388392565
01/03/2022 13:39:14 Mode: STABILIZE
01/03/2022 13:39:14 Pilot control
01/03/2022 13:39:14 ch7: 965
01/03/2022 13:39:14 -------------Check stall condition-------------
01/03/2022 13:39:14 Alt: 0.365
01/03/2022 13:39:14 distance: 39.51384559290105
01/03/2022 13:39:14 Mode: STABILIZE
01/03/2022 13:39:14 Pilot control
01/03/2022 13:39:15 ch7: 965
01/03/2022 13:39:15 -------------Check stall condition-------------
01/03/2022 13:39:15 Alt: 0.381
01/03/2022 13:39:15 distance: 39.51888031884497
01/03/2022 13:39:15 Mode: STABILIZE
01/03/2022 13:39:15 Pilot control
01/03/2022 13:39:15 ch7: 965
01/03/2022 13:39:15 -------------Check stall condition-------------
01/03/2022 13:39:15 Alt: 0.415
01/03/2022 13:39:15 distance: 39.51399142300509
01/03/2022 13:39:15 Mode: STABILIZE
01/03/2022 13:39:15 Pilot control
01/03/2022 13:39:16 ch7: 965
01/03/2022 13:39:16 -------------Check stall condition-------------
01/03/2022 13:39:16 Alt: 0.404
01/03/2022 13:39:16 distance: 39.49918463085328
01/03/2022 13:39:16 Mode: STABILIZE
01/03/2022 13:39:16 Pilot control
01/03/2022 13:39:16 ch7: 965
01/03/2022 13:39:16 -------------Check stall condition-------------
01/03/2022 13:39:16 Alt: 0.03
01/03/2022 13:39:16 distance: 39.46960147719434
01/03/2022 13:39:16 Mode: STABILIZE
01/03/2022 13:39:16 Pilot control
01/03/2022 13:39:16 ch7: 965
01/03/2022 13:39:16 -------------Check stall condition-------------
01/03/2022 13:39:16 Alt: 0.359
01/03/2022 13:39:16 distance: 39.395821638714025
01/03/2022 13:39:16 Mode: STABILIZE
01/03/2022 13:39:16 Pilot control
01/03/2022 13:39:17 ch7: 965
01/03/2022 13:39:17 -------------Check stall condition-------------
01/03/2022 13:39:17 Alt: 0.802
01/03/2022 13:39:17 distance: 39.30670107056732
01/03/2022 13:39:17 Mode: STABILIZE
01/03/2022 13:39:17 Pilot control
01/03/2022 13:39:17 ch7: 965
01/03/2022 13:39:17 -------------Check stall condition-------------
01/03/2022 13:39:17 Alt: 0.839
01/03/2022 13:39:17 distance: 39.262625944035385
01/03/2022 13:39:17 Mode: STABILIZE
01/03/2022 13:39:17 Pilot control
01/03/2022 13:39:18 ch7: 965
01/03/2022 13:39:18 -------------Check stall condition-------------
01/03/2022 13:39:18 Alt: 0.938
01/03/2022 13:39:18 distance: 39.19214966796756
01/03/2022 13:39:18 Mode: STABILIZE
01/03/2022 13:39:18 Pilot control
01/03/2022 13:39:18 ch7: 965
01/03/2022 13:39:18 -------------Check stall condition-------------
01/03/2022 13:39:18 Alt: 1.008
01/03/2022 13:39:18 distance: 38.893758872115434
01/03/2022 13:39:18 Mode: STABILIZE
01/03/2022 13:39:18 Pilot control
01/03/2022 13:39:19 ch7: 965
01/03/2022 13:39:19 -------------Check stall condition-------------
01/03/2022 13:39:19 Alt: 1.133
01/03/2022 13:39:19 distance: 38.4355460637068
01/03/2022 13:39:19 Mode: STABILIZE
01/03/2022 13:39:19 Pilot control
01/03/2022 13:39:19 ch7: 965
01/03/2022 13:39:19 -------------Check stall condition-------------
01/03/2022 13:39:19 Alt: 1.16
01/03/2022 13:39:19 distance: 38.08838622237472
01/03/2022 13:39:19 Mode: STABILIZE
01/03/2022 13:39:19 Pilot control
01/03/2022 13:39:20 ch7: 965
01/03/2022 13:39:20 -------------Check stall condition-------------
01/03/2022 13:39:20 Alt: 1.219
01/03/2022 13:39:20 distance: 37.9274178618876
01/03/2022 13:39:20 Mode: STABILIZE
01/03/2022 13:39:20 Pilot control
01/03/2022 13:39:20 ch7: 965
01/03/2022 13:39:20 -------------Check stall condition-------------
01/03/2022 13:39:20 Alt: 1.233
01/03/2022 13:39:20 distance: 37.87398925468804
01/03/2022 13:39:20 Mode: STABILIZE
01/03/2022 13:39:20 Pilot control
01/03/2022 13:39:21 ch7: 965
01/03/2022 13:39:21 -------------Check stall condition-------------
01/03/2022 13:39:21 Alt: 1.224
01/03/2022 13:39:21 distance: 37.816636678022824
01/03/2022 13:39:21 Mode: STABILIZE
01/03/2022 13:39:21 Pilot control
01/03/2022 13:39:21 ch7: 965
01/03/2022 13:39:21 -------------Check stall condition-------------
01/03/2022 13:39:21 Alt: 1.308
01/03/2022 13:39:21 distance: 37.82647093265731
01/03/2022 13:39:21 Mode: STABILIZE
01/03/2022 13:39:21 Pilot control
01/03/2022 13:39:22 ch7: 965
01/03/2022 13:39:22 -------------Check stall condition-------------
01/03/2022 13:39:22 Alt: 0.566
01/03/2022 13:39:22 distance: 37.772924145497726
01/03/2022 13:39:22 Mode: STABILIZE
01/03/2022 13:39:22 Pilot control
01/03/2022 13:39:22 ch7: 965
01/03/2022 13:39:22 -------------Check stall condition-------------
01/03/2022 13:39:22 Alt: 0.292
01/03/2022 13:39:22 distance: 37.68746456766991
01/03/2022 13:39:22 Mode: STABILIZE
01/03/2022 13:39:22 Pilot control
01/03/2022 13:39:23 ch7: 965
01/03/2022 13:39:23 -------------Check stall condition-------------
01/03/2022 13:39:23 Alt: 0.13
01/03/2022 13:39:23 distance: 37.565358649804004
01/03/2022 13:39:23 Mode: STABILIZE
01/03/2022 13:39:23 Pilot control
01/03/2022 13:39:23 ch7: 965
01/03/2022 13:39:23 -------------Check stall condition-------------
01/03/2022 13:39:23 Alt: 0.172
01/03/2022 13:39:23 distance: 37.28978112068299
01/03/2022 13:39:23 Mode: STABILIZE
01/03/2022 13:39:23 Pilot control
01/03/2022 13:39:24 ch7: 965
01/03/2022 13:39:24 -------------Check stall condition-------------
01/03/2022 13:39:24 Alt: 0.264
01/03/2022 13:39:24 distance: 37.12892503110072
01/03/2022 13:39:24 Mode: STABILIZE
01/03/2022 13:39:24 Pilot control
01/03/2022 13:39:25 ch7: 965
01/03/2022 13:39:25 -------------Check stall condition-------------
01/03/2022 13:39:25 Alt: 0.307
01/03/2022 13:39:25 distance: 37.492072120345235
01/03/2022 13:39:25 Mode: STABILIZE
01/03/2022 13:39:25 Pilot control
01/03/2022 13:39:25 ch7: 965
01/03/2022 13:39:25 -------------Check stall condition-------------
01/03/2022 13:39:25 Alt: 0.343
01/03/2022 13:39:25 distance: 37.86541751471081
01/03/2022 13:39:25 Mode: STABILIZE
01/03/2022 13:39:25 Pilot control
01/03/2022 13:39:26 ch7: 965
01/03/2022 13:39:26 -------------Check stall condition-------------
01/03/2022 13:39:26 Alt: 0.39
01/03/2022 13:39:26 distance: 38.34844484531069
01/03/2022 13:39:26 Mode: STABILIZE
01/03/2022 13:39:26 Pilot control
01/03/2022 13:39:26 ch7: 965
01/03/2022 13:39:26 -------------Check stall condition-------------
01/03/2022 13:39:26 Alt: 0.408
01/03/2022 13:39:26 distance: 39.0154647497789
01/03/2022 13:39:26 Mode: STABILIZE
01/03/2022 13:39:26 Pilot control
01/03/2022 13:39:27 ch7: 965
01/03/2022 13:39:27 -------------Check stall condition-------------
01/03/2022 13:39:27 Alt: 0.405
01/03/2022 13:39:27 distance: 39.93720604910304
01/03/2022 13:39:27 Mode: STABILIZE
01/03/2022 13:39:27 Pilot control
01/03/2022 13:39:27 ch7: 965
01/03/2022 13:39:27 -------------Check stall condition-------------
01/03/2022 13:39:27 Alt: 0.397
01/03/2022 13:39:27 distance: 40.502013316874375
01/03/2022 13:39:27 Mode: STABILIZE
01/03/2022 13:39:27 Pilot control
01/03/2022 13:39:28 ch7: 965
01/03/2022 13:39:28 -------------Check stall condition-------------
01/03/2022 13:39:28 Alt: 0.067
01/03/2022 13:39:28 distance: 41.36733573220578
01/03/2022 13:39:28 Mode: STABILIZE
01/03/2022 13:39:28 Pilot control
01/03/2022 13:39:29 ch7: 965
01/03/2022 13:39:29 -------------Check stall condition-------------
01/03/2022 13:39:29 Alt: 0.088
01/03/2022 13:39:29 distance: 42.19744458279893
01/03/2022 13:39:29 Mode: STABILIZE
01/03/2022 13:39:29 Pilot control
01/03/2022 13:39:30 ch7: 965
01/03/2022 13:39:30 -------------Check stall condition-------------
01/03/2022 13:39:30 Alt: 0.1
01/03/2022 13:39:30 distance: 42.91353874959121
01/03/2022 13:39:30 Mode: STABILIZE
01/03/2022 13:39:30 Pilot control
01/03/2022 13:39:30 ch7: 965
01/03/2022 13:39:30 -------------Check stall condition-------------
01/03/2022 13:39:30 Alt: 0.136
01/03/2022 13:39:30 distance: 43.633290843345044
01/03/2022 13:39:30 Mode: STABILIZE
01/03/2022 13:39:30 Pilot control
01/03/2022 13:39:31 ch7: 965
01/03/2022 13:39:31 -------------Check stall condition-------------
01/03/2022 13:39:31 Alt: 0.108
01/03/2022 13:39:31 distance: 44.065033499104935
01/03/2022 13:39:31 Mode: STABILIZE
01/03/2022 13:39:31 Pilot control
01/03/2022 13:39:32 ch7: 965
01/03/2022 13:39:32 -------------Check stall condition-------------
01/03/2022 13:39:32 Alt: 0.112
01/03/2022 13:39:32 distance: 44.236846824888794
01/03/2022 13:39:32 Mode: STABILIZE
01/03/2022 13:39:32 Pilot control
01/03/2022 13:39:32 ch7: 965
01/03/2022 13:39:32 -------------Check stall condition-------------
01/03/2022 13:39:32 Alt: 0.071
01/03/2022 13:39:32 distance: 44.18600918555063
01/03/2022 13:39:32 Mode: STABILIZE
01/03/2022 13:39:33 Pilot control
01/03/2022 13:39:33 ch7: 965
01/03/2022 13:39:33 -------------Check stall condition-------------
01/03/2022 13:39:33 Alt: -0.074
01/03/2022 13:39:33 distance: 43.91775920814904
01/03/2022 13:39:33 Mode: STABILIZE
01/03/2022 13:39:33 Pilot control
01/03/2022 13:39:34 ch7: 965
01/03/2022 13:39:34 -------------Check stall condition-------------
01/03/2022 13:39:34 Alt: 0.03
01/03/2022 13:39:34 distance: 43.855828410181836
01/03/2022 13:39:34 Mode: STABILIZE
01/03/2022 13:39:34 Pilot control
01/03/2022 13:39:35 ch7: 965
01/03/2022 13:39:35 -------------Check stall condition-------------
01/03/2022 13:39:35 Alt: -0.006
01/03/2022 13:39:35 distance: 44.01097770898795
01/03/2022 13:39:35 Mode: STABILIZE
01/03/2022 13:39:35 Pilot control
01/03/2022 13:39:35 ch7: 965
01/03/2022 13:39:35 -------------Check stall condition-------------
01/03/2022 13:39:35 Alt: 0.062
01/03/2022 13:39:35 distance: 44.13907875511559
01/03/2022 13:39:35 Mode: STABILIZE
01/03/2022 13:39:35 Pilot control
01/03/2022 13:39:36 ch7: 965
01/03/2022 13:39:36 -------------Check stall condition-------------
01/03/2022 13:39:36 Alt: 0.014
01/03/2022 13:39:36 distance: 44.21838105714085
01/03/2022 13:39:36 Mode: STABILIZE
01/03/2022 13:39:36 Pilot control
01/03/2022 13:39:36 ch7: 965
01/03/2022 13:39:36 -------------Check stall condition-------------
01/03/2022 13:39:36 Alt: -0.117
01/03/2022 13:39:36 distance: 44.50687397454006
01/03/2022 13:39:36 Mode: STABILIZE
01/03/2022 13:39:36 Pilot control
01/03/2022 13:39:37 ch7: 965
01/03/2022 13:39:37 -------------Check stall condition-------------
01/03/2022 13:39:37 Alt: -0.116
01/03/2022 13:39:37 distance: 44.56663357176041
01/03/2022 13:39:37 Mode: STABILIZE
01/03/2022 13:39:37 Pilot control
01/03/2022 13:39:37 ch7: 965
01/03/2022 13:39:37 -------------Check stall condition-------------
01/03/2022 13:39:37 Alt: -0.026
01/03/2022 13:39:37 distance: 44.57672031140127
01/03/2022 13:39:37 Mode: STABILIZE
01/03/2022 13:39:37 Pilot control
01/03/2022 13:39:38 ch7: 965
01/03/2022 13:39:38 -------------Check stall condition-------------
01/03/2022 13:39:38 Alt: 0.088
01/03/2022 13:39:38 distance: 44.531869933009695
01/03/2022 13:39:38 Mode: STABILIZE
01/03/2022 13:39:38 Pilot control
01/03/2022 13:39:38 ch7: 965
01/03/2022 13:39:38 -------------Check stall condition-------------
01/03/2022 13:39:38 Alt: 0.122
01/03/2022 13:39:38 distance: 44.457313754959316
01/03/2022 13:39:39 Mode: STABILIZE
01/03/2022 13:39:39 Pilot control
01/03/2022 13:39:39 ch7: 965
01/03/2022 13:39:39 -------------Check stall condition-------------
01/03/2022 13:39:39 Alt: 0.05
01/03/2022 13:39:39 distance: 44.34297391560085
01/03/2022 13:39:39 Mode: STABILIZE
01/03/2022 13:39:39 Pilot control
01/03/2022 13:39:40 ch7: 965
01/03/2022 13:39:40 -------------Check stall condition-------------
01/03/2022 13:39:40 Alt: 0.094
01/03/2022 13:39:40 distance: 44.36786530501191
01/03/2022 13:39:40 Mode: STABILIZE
01/03/2022 13:39:40 Pilot control
01/03/2022 13:39:40 ch7: 965
01/03/2022 13:39:40 -------------Check stall condition-------------
01/03/2022 13:39:40 Alt: 0.133
01/03/2022 13:39:40 distance: 44.412727843176434
01/03/2022 13:39:40 Mode: STABILIZE
01/03/2022 13:39:40 Pilot control
01/03/2022 13:39:41 ch7: 965
01/03/2022 13:39:41 -------------Check stall condition-------------
01/03/2022 13:39:41 Alt: 0.147
01/03/2022 13:39:41 distance: 44.35282094785675
01/03/2022 13:39:41 Mode: STABILIZE
01/03/2022 13:39:41 Pilot control
01/03/2022 13:39:41 ch7: 965
01/03/2022 13:39:41 -------------Check stall condition-------------
01/03/2022 13:39:41 Alt: 0.172
01/03/2022 13:39:41 distance: 44.38241594661957
01/03/2022 13:39:42 Mode: STABILIZE
01/03/2022 13:39:42 Pilot control
01/03/2022 13:39:42 ch7: 965
01/03/2022 13:39:42 -------------Check stall condition-------------
01/03/2022 13:39:42 Alt: 0.189
01/03/2022 13:39:42 distance: 44.337573046364504
01/03/2022 13:39:42 Mode: STABILIZE
01/03/2022 13:39:42 Pilot control
01/03/2022 13:39:43 ch7: 965
01/03/2022 13:39:43 -------------Check stall condition-------------
01/03/2022 13:39:43 Alt: 0.186
01/03/2022 13:39:43 distance: 44.14832708368895
01/03/2022 13:39:43 Mode: STABILIZE
01/03/2022 13:39:43 Pilot control
01/03/2022 13:39:43 ch7: 965
01/03/2022 13:39:43 -------------Check stall condition-------------
01/03/2022 13:39:43 Alt: 0.132
01/03/2022 13:39:43 distance: 43.974010761668126
01/03/2022 13:39:43 Mode: STABILIZE
01/03/2022 13:39:43 Pilot control
01/03/2022 13:39:44 ch7: 965
01/03/2022 13:39:44 -------------Check stall condition-------------
01/03/2022 13:39:44 Alt: 0.13
01/03/2022 13:39:44 distance: 43.670645526182845
01/03/2022 13:39:44 Mode: STABILIZE
01/03/2022 13:39:44 Pilot control
01/03/2022 13:39:44 ch7: 965
01/03/2022 13:39:44 -------------Check stall condition-------------
01/03/2022 13:39:44 Alt: 0.113
01/03/2022 13:39:44 distance: 43.193051926321466
01/03/2022 13:39:44 Mode: STABILIZE
01/03/2022 13:39:44 Pilot control
01/03/2022 13:39:45 ch7: 965
01/03/2022 13:39:45 -------------Check stall condition-------------
01/03/2022 13:39:45 Alt: -0.051
01/03/2022 13:39:45 distance: 42.78573780078595
01/03/2022 13:39:45 Mode: STABILIZE
01/03/2022 13:39:45 Pilot control
01/03/2022 13:39:45 ch7: 965
01/03/2022 13:39:45 -------------Check stall condition-------------
01/03/2022 13:39:45 Alt: -0.117
01/03/2022 13:39:45 distance: 42.18545682917476
01/03/2022 13:39:45 Mode: STABILIZE
01/03/2022 13:39:45 Pilot control
01/03/2022 13:39:46 ch7: 965
01/03/2022 13:39:46 -------------Check stall condition-------------
01/03/2022 13:39:46 Alt: -0.027
01/03/2022 13:39:46 distance: 42.04648921547378
01/03/2022 13:39:46 Mode: STABILIZE
01/03/2022 13:39:46 Pilot control
01/03/2022 13:39:46 ch7: 965
01/03/2022 13:39:46 -------------Check stall condition-------------
01/03/2022 13:39:46 Alt: 0.007
01/03/2022 13:39:46 distance: 41.89715356331285
01/03/2022 13:39:46 Mode: STABILIZE
01/03/2022 13:39:46 Pilot control
01/03/2022 13:39:47 ch7: 965
01/03/2022 13:39:47 -------------Check stall condition-------------
01/03/2022 13:39:47 Alt: 0.067
01/03/2022 13:39:47 distance: 42.02125342658519
01/03/2022 13:39:47 Mode: STABILIZE
01/03/2022 13:39:47 Pilot control
01/03/2022 13:39:47 ch7: 965
01/03/2022 13:39:47 -------------Check stall condition-------------
01/03/2022 13:39:47 Alt: 0.123
01/03/2022 13:39:47 distance: 42.12081139564888
01/03/2022 13:39:47 Mode: STABILIZE
01/03/2022 13:39:47 Pilot control
01/03/2022 13:39:48 ch7: 965
01/03/2022 13:39:48 -------------Check stall condition-------------
01/03/2022 13:39:48 Alt: 0.193
01/03/2022 13:39:48 distance: 42.16541235593202
01/03/2022 13:39:48 Mode: STABILIZE
01/03/2022 13:39:48 Pilot control
01/03/2022 13:39:49 ch7: 965
01/03/2022 13:39:49 -------------Check stall condition-------------
01/03/2022 13:39:49 Alt: 0.217
01/03/2022 13:39:49 distance: 42.33357642965168
01/03/2022 13:39:49 Mode: STABILIZE
01/03/2022 13:39:49 Pilot control
01/03/2022 13:39:49 ch7: 965
01/03/2022 13:39:49 -------------Check stall condition-------------
01/03/2022 13:39:49 Alt: 0.251
01/03/2022 13:39:49 distance: 42.40338026213189
01/03/2022 13:39:49 Mode: STABILIZE
01/03/2022 13:39:49 Pilot control
01/03/2022 13:39:49 Throttle armed
01/03/2022 13:39:50 ch7: 965
01/03/2022 13:39:50 -------------Check stall condition-------------
01/03/2022 13:39:50 Alt: 0.276
01/03/2022 13:39:50 distance: 42.46803909642014
01/03/2022 13:39:50 Mode: STABILIZE
01/03/2022 13:39:50 Pilot control
01/03/2022 13:39:50 ch7: 965
01/03/2022 13:39:50 -------------Check stall condition-------------
01/03/2022 13:39:50 Alt: 0.303
01/03/2022 13:39:50 distance: 42.512417145210954
01/03/2022 13:39:50 Mode: STABILIZE
01/03/2022 13:39:50 Pilot control
01/03/2022 13:39:51 ch7: 965
01/03/2022 13:39:51 -------------Check stall condition-------------
01/03/2022 13:39:51 Alt: 0.281
01/03/2022 13:39:51 distance: 42.56683594245866
01/03/2022 13:39:51 Mode: STABILIZE
01/03/2022 13:39:51 Pilot control
01/03/2022 13:39:51 ch7: 965
01/03/2022 13:39:51 -------------Check stall condition-------------
01/03/2022 13:39:51 Alt: 0.263
01/03/2022 13:39:51 distance: 42.64128284718512
01/03/2022 13:39:51 Mode: STABILIZE
01/03/2022 13:39:51 Pilot control
01/03/2022 13:39:52 ch7: 965
01/03/2022 13:39:52 -------------Check stall condition-------------
01/03/2022 13:39:52 Alt: 0.242
01/03/2022 13:39:52 distance: 42.72084768803129
01/03/2022 13:39:52 Mode: STABILIZE
01/03/2022 13:39:52 Pilot control
01/03/2022 13:39:52 ch7: 965
01/03/2022 13:39:52 -------------Check stall condition-------------
01/03/2022 13:39:52 Alt: 0.219
01/03/2022 13:39:53 distance: 42.77062948309845
01/03/2022 13:39:53 Mode: STABILIZE
01/03/2022 13:39:53 Pilot control
01/03/2022 13:39:53 ch7: 965
01/03/2022 13:39:53 -------------Check stall condition-------------
01/03/2022 13:39:53 Alt: 0.193
01/03/2022 13:39:53 distance: 42.84999897658618
01/03/2022 13:39:53 Mode: STABILIZE
01/03/2022 13:39:53 Pilot control
01/03/2022 13:39:54 ch7: 965
01/03/2022 13:39:54 -------------Check stall condition-------------
01/03/2022 13:39:54 Alt: 0.191
01/03/2022 13:39:54 distance: 42.830410173137786
01/03/2022 13:39:54 Mode: STABILIZE
01/03/2022 13:39:54 Pilot control
01/03/2022 13:39:54 ch7: 965
01/03/2022 13:39:54 -------------Check stall condition-------------
01/03/2022 13:39:54 Alt: 0.13
01/03/2022 13:39:54 distance: 42.07417808402632
01/03/2022 13:39:54 Mode: STABILIZE
01/03/2022 13:39:54 Pilot control
01/03/2022 13:39:55 ch7: 965
01/03/2022 13:39:55 -------------Check stall condition-------------
01/03/2022 13:39:55 Alt: 0.315
01/03/2022 13:39:55 distance: 40.65579865927479
01/03/2022 13:39:55 Mode: STABILIZE
01/03/2022 13:39:55 Pilot control
01/03/2022 13:39:55 ch7: 965
01/03/2022 13:39:55 -------------Check stall condition-------------
01/03/2022 13:39:55 Alt: 1.683
01/03/2022 13:39:55 distance: 38.09590918226351
01/03/2022 13:39:55 Mode: STABILIZE
01/03/2022 13:39:56 Pilot control
01/03/2022 13:39:56 ch7: 965
01/03/2022 13:39:56 -------------Check stall condition-------------
01/03/2022 13:39:56 Alt: 2.434
01/03/2022 13:39:56 distance: 36.981083486286245
01/03/2022 13:39:56 Mode: STABILIZE
01/03/2022 13:39:56 Pilot control
01/03/2022 13:39:57 ch7: 965
01/03/2022 13:39:57 -------------Check stall condition-------------
01/03/2022 13:39:57 Alt: 4.789
01/03/2022 13:39:57 distance: 37.53235623253573
01/03/2022 13:39:57 Mode: STABILIZE
01/03/2022 13:39:57 Pilot control
01/03/2022 13:39:57 ch7: 965
01/03/2022 13:39:57 -------------Check stall condition-------------
01/03/2022 13:39:57 Alt: 5.261
01/03/2022 13:39:57 distance: 39.44279712377214
01/03/2022 13:39:57 Mode: STABILIZE
01/03/2022 13:39:57 Pilot control
01/03/2022 13:39:57 ch7: 965
01/03/2022 13:39:57 -------------Check stall condition-------------
01/03/2022 13:39:57 Alt: 6.294
01/03/2022 13:39:57 distance: 40.42670753125435
01/03/2022 13:39:57 Mode: STABILIZE
01/03/2022 13:39:57 Pilot control
01/03/2022 13:39:58 ch7: 965
01/03/2022 13:39:58 -------------Check stall condition-------------
01/03/2022 13:39:58 Alt: 7.06
01/03/2022 13:39:58 distance: 41.562366351812
01/03/2022 13:39:58 Mode: FBWA
01/03/2022 13:39:58 Pilot control
01/03/2022 13:39:58 ch7: 965
01/03/2022 13:39:58 -------------Check stall condition-------------
01/03/2022 13:39:58 Alt: 7.219
01/03/2022 13:39:58 distance: 44.681115223779884
01/03/2022 13:39:58 Mode: FBWA
01/03/2022 13:39:58 Pilot control
01/03/2022 13:39:59 ch7: 965
01/03/2022 13:39:59 -------------Check stall condition-------------
01/03/2022 13:39:59 Alt: 7.101
01/03/2022 13:39:59 distance: 48.47042013087536
01/03/2022 13:39:59 Mode: FBWA
01/03/2022 13:39:59 Pilot control
01/03/2022 13:39:59 ch7: 965
01/03/2022 13:39:59 -------------Check stall condition-------------
01/03/2022 13:39:59 Alt: 7.494
01/03/2022 13:39:59 distance: 50.56467083388227
01/03/2022 13:39:59 Mode: FBWA
01/03/2022 13:39:59 Pilot control
01/03/2022 13:39:59 ch7: 965
01/03/2022 13:39:59 -------------Check stall condition-------------
01/03/2022 13:39:59 Alt: 8.162
01/03/2022 13:39:59 distance: 54.7055295319045
01/03/2022 13:39:59 Mode: FBWA
01/03/2022 13:39:59 Pilot control
01/03/2022 13:40:00 ch7: 965
01/03/2022 13:40:00 -------------Check stall condition-------------
01/03/2022 13:40:00 Alt: 8.727
01/03/2022 13:40:00 distance: 56.99722441784962
01/03/2022 13:40:00 Mode: FBWA
01/03/2022 13:40:00 Pilot control
01/03/2022 13:40:00 ch7: 965
01/03/2022 13:40:00 -------------Check stall condition-------------
01/03/2022 13:40:00 Alt: 9.495
01/03/2022 13:40:00 distance: 61.58407635939475
01/03/2022 13:40:00 Mode: FBWA
01/03/2022 13:40:00 Pilot control
01/03/2022 13:40:00 ch7: 965
01/03/2022 13:40:00 -------------Check stall condition-------------
01/03/2022 13:40:01 Alt: 9.707
01/03/2022 13:40:01 distance: 63.53732461805889
01/03/2022 13:40:01 Mode: STABILIZE
01/03/2022 13:40:01 Pilot control
01/03/2022 13:40:01 ch7: 965
01/03/2022 13:40:01 -------------Check stall condition-------------
01/03/2022 13:40:01 Alt: 8.893
01/03/2022 13:40:01 distance: 67.50508469474444
01/03/2022 13:40:01 Mode: STABILIZE
01/03/2022 13:40:01 Pilot control
01/03/2022 13:40:01 ch7: 965
01/03/2022 13:40:01 -------------Check stall condition-------------
01/03/2022 13:40:01 Alt: 7.635
01/03/2022 13:40:01 distance: 69.89687935457697
01/03/2022 13:40:01 Mode: STABILIZE
01/03/2022 13:40:01 Pilot control
01/03/2022 13:40:02 ch7: 965
01/03/2022 13:40:02 -------------Check stall condition-------------
01/03/2022 13:40:02 Alt: 7.534
01/03/2022 13:40:02 distance: 69.09752102966634
01/03/2022 13:40:02 Mode: STABILIZE
01/03/2022 13:40:02 Pilot control
01/03/2022 13:40:02 ch7: 965
01/03/2022 13:40:02 -------------Check stall condition-------------
01/03/2022 13:40:02 Alt: 8.159
01/03/2022 13:40:02 distance: 66.08236911014012
01/03/2022 13:40:02 Mode: STABILIZE
01/03/2022 13:40:02 Pilot control
01/03/2022 13:40:03 ch7: 965
01/03/2022 13:40:03 -------------Check stall condition-------------
01/03/2022 13:40:03 Alt: 8.174
01/03/2022 13:40:03 distance: 63.33115457606099
01/03/2022 13:40:03 Mode: STABILIZE
01/03/2022 13:40:03 Pilot control
01/03/2022 13:40:03 ch7: 965
01/03/2022 13:40:03 -------------Check stall condition-------------
01/03/2022 13:40:03 Alt: 6.311
01/03/2022 13:40:03 distance: 62.53393695071131
01/03/2022 13:40:03 Mode: STABILIZE
01/03/2022 13:40:03 Pilot control
01/03/2022 13:40:04 ch7: 965
01/03/2022 13:40:04 -------------Check stall condition-------------
01/03/2022 13:40:04 Alt: 5.524
01/03/2022 13:40:04 distance: 60.452151588571674
01/03/2022 13:40:04 Mode: STABILIZE
01/03/2022 13:40:04 Pilot control
01/03/2022 13:40:04 ch7: 965
01/03/2022 13:40:04 -------------Check stall condition-------------
01/03/2022 13:40:04 Alt: 5.819
01/03/2022 13:40:04 distance: 59.01920323554017
01/03/2022 13:40:04 Mode: STABILIZE
01/03/2022 13:40:04 Pilot control
01/03/2022 13:40:04 ch7: 965
01/03/2022 13:40:04 -------------Check stall condition-------------
01/03/2022 13:40:04 Alt: 7.243
01/03/2022 13:40:04 distance: 56.10600424594268
01/03/2022 13:40:04 Mode: STABILIZE
01/03/2022 13:40:04 Pilot control
01/03/2022 13:40:05 ch7: 965
01/03/2022 13:40:05 -------------Check stall condition-------------
01/03/2022 13:40:05 Alt: 7.849
01/03/2022 13:40:05 distance: 52.80108256082345
01/03/2022 13:40:05 Mode: STABILIZE
01/03/2022 13:40:05 Pilot control
01/03/2022 13:40:05 ch7: 965
01/03/2022 13:40:05 -------------Check stall condition-------------
01/03/2022 13:40:05 Alt: 8.595
01/03/2022 13:40:05 distance: 51.31860945234908
01/03/2022 13:40:05 Mode: STABILIZE
01/03/2022 13:40:05 Pilot control
01/03/2022 13:40:06 ch7: 965
01/03/2022 13:40:06 -------------Check stall condition-------------
01/03/2022 13:40:06 Alt: 8.723
01/03/2022 13:40:06 distance: 48.533836441587376
01/03/2022 13:40:06 Mode: STABILIZE
01/03/2022 13:40:06 Pilot control
01/03/2022 13:40:06 ch7: 965
01/03/2022 13:40:06 -------------Check stall condition-------------
01/03/2022 13:40:06 Alt: 9.446
01/03/2022 13:40:06 distance: 46.836943772990765
01/03/2022 13:40:06 Mode: STABILIZE
01/03/2022 13:40:06 Pilot control
01/03/2022 13:40:06 ch7: 965
01/03/2022 13:40:06 -------------Check stall condition-------------
01/03/2022 13:40:06 Alt: 11.81
01/03/2022 13:40:06 distance: 43.2511098957423
01/03/2022 13:40:06 Mode: STABILIZE
01/03/2022 13:40:06 Pilot control
01/03/2022 13:40:07 ch7: 965
01/03/2022 13:40:07 -------------Check stall condition-------------
01/03/2022 13:40:07 Alt: 12.714
01/03/2022 13:40:07 distance: 41.44316743829011
01/03/2022 13:40:07 Mode: STABILIZE
01/03/2022 13:40:07 Pilot control
01/03/2022 13:40:07 ch7: 965
01/03/2022 13:40:07 -------------Check stall condition-------------
01/03/2022 13:40:07 Alt: 14.293
01/03/2022 13:40:07 distance: 38.25798737772525
01/03/2022 13:40:07 Mode: STABILIZE
01/03/2022 13:40:07 Pilot control
01/03/2022 13:40:08 ch7: 965
01/03/2022 13:40:08 -------------Check stall condition-------------
01/03/2022 13:40:08 Alt: 15.481
01/03/2022 13:40:08 distance: 34.12814959710025
01/03/2022 13:40:08 Mode: STABILIZE
01/03/2022 13:40:08 Pilot control
01/03/2022 13:40:08 ch7: 965
01/03/2022 13:40:08 -------------Check stall condition-------------
01/03/2022 13:40:08 Alt: 17.774
01/03/2022 13:40:08 distance: 32.01666872208907
01/03/2022 13:40:08 Mode: STABILIZE
01/03/2022 13:40:08 Pilot control
01/03/2022 13:40:08 ch7: 965
01/03/2022 13:40:08 -------------Check stall condition-------------
01/03/2022 13:40:08 Alt: 17.964
01/03/2022 13:40:08 distance: 29.18117915712681
01/03/2022 13:40:09 Mode: STABILIZE
01/03/2022 13:40:09 Pilot control
01/03/2022 13:40:09 ch7: 965
01/03/2022 13:40:09 -------------Check stall condition-------------
01/03/2022 13:40:09 Alt: 18.362
01/03/2022 13:40:09 distance: 28.098969095294226
01/03/2022 13:40:09 Mode: STABILIZE
01/03/2022 13:40:09 Pilot control
01/03/2022 13:40:09 ch7: 965
01/03/2022 13:40:09 -------------Check stall condition-------------
01/03/2022 13:40:09 Alt: 19.68
01/03/2022 13:40:09 distance: 27.89791268569616
01/03/2022 13:40:09 Mode: STABILIZE
01/03/2022 13:40:09 Pilot control
01/03/2022 13:40:10 ch7: 965
01/03/2022 13:40:10 -------------Check stall condition-------------
01/03/2022 13:40:10 Alt: 20.241
01/03/2022 13:40:10 distance: 28.073078481826208
01/03/2022 13:40:10 Mode: STABILIZE
01/03/2022 13:40:10 Pilot control
01/03/2022 13:40:10 ch7: 965
01/03/2022 13:40:10 -------------Check stall condition-------------
01/03/2022 13:40:10 Alt: 20.212
01/03/2022 13:40:10 distance: 28.696165609730663
01/03/2022 13:40:10 Mode: STABILIZE
01/03/2022 13:40:10 Pilot control
01/03/2022 13:40:11 ch7: 965
01/03/2022 13:40:11 -------------Check stall condition-------------
01/03/2022 13:40:11 Alt: 21.053
01/03/2022 13:40:11 distance: 32.723171282540015
01/03/2022 13:40:11 Mode: STABILIZE
01/03/2022 13:40:11 Pilot control
01/03/2022 13:40:11 ch7: 965
01/03/2022 13:40:11 -------------Check stall condition-------------
01/03/2022 13:40:11 Alt: 21.925
01/03/2022 13:40:11 distance: 35.26394611104614
01/03/2022 13:40:11 Mode: STABILIZE
01/03/2022 13:40:11 Pilot control
01/03/2022 13:40:12 ch7: 965
01/03/2022 13:40:12 -------------Check stall condition-------------
01/03/2022 13:40:12 Alt: 21.934
01/03/2022 13:40:12 distance: 39.13522795032086
01/03/2022 13:40:12 Mode: STABILIZE
01/03/2022 13:40:12 Pilot control
01/03/2022 13:40:12 ch7: 965
01/03/2022 13:40:12 -------------Check stall condition-------------
01/03/2022 13:40:12 Alt: 22.26
01/03/2022 13:40:12 distance: 43.46350380895831
01/03/2022 13:40:12 Mode: STABILIZE
01/03/2022 13:40:12 Pilot control
01/03/2022 13:40:13 ch7: 965
01/03/2022 13:40:13 -------------Check stall condition-------------
01/03/2022 13:40:13 Alt: 24.474
01/03/2022 13:40:13 distance: 47.75468241843187
01/03/2022 13:40:13 Mode: STABILIZE
01/03/2022 13:40:13 Pilot control
01/03/2022 13:40:13 ch7: 965
01/03/2022 13:40:13 -------------Check stall condition-------------
01/03/2022 13:40:13 Alt: 24.724
01/03/2022 13:40:13 distance: 52.31739141176998
01/03/2022 13:40:13 Mode: STABILIZE
01/03/2022 13:40:13 Pilot control
01/03/2022 13:40:14 ch7: 965
01/03/2022 13:40:14 -------------Check stall condition-------------
01/03/2022 13:40:14 Alt: 24.77
01/03/2022 13:40:14 distance: 54.93063632037721
01/03/2022 13:40:14 Mode: STABILIZE
01/03/2022 13:40:14 Pilot control
01/03/2022 13:40:14 ch7: 965
01/03/2022 13:40:14 -------------Check stall condition-------------
01/03/2022 13:40:14 Alt: 25.289
01/03/2022 13:40:14 distance: 59.98628584152232
01/03/2022 13:40:14 Mode: STABILIZE
01/03/2022 13:40:14 Pilot control
01/03/2022 13:40:15 ch7: 965
01/03/2022 13:40:15 -------------Check stall condition-------------
01/03/2022 13:40:15 Alt: 25.117
01/03/2022 13:40:15 distance: 65.46047480509338
01/03/2022 13:40:15 Mode: STABILIZE
01/03/2022 13:40:15 Pilot control
01/03/2022 13:40:15 ch7: 965
01/03/2022 13:40:15 -------------Check stall condition-------------
01/03/2022 13:40:15 Alt: 24.875
01/03/2022 13:40:15 distance: 71.1055604514836
01/03/2022 13:40:15 Mode: STABILIZE
01/03/2022 13:40:15 Pilot control
01/03/2022 13:40:15 ch7: 965
01/03/2022 13:40:15 -------------Check stall condition-------------
01/03/2022 13:40:15 Alt: 24.743
01/03/2022 13:40:15 distance: 73.60515798222168
01/03/2022 13:40:16 Mode: STABILIZE
01/03/2022 13:40:16 Pilot control
01/03/2022 13:40:16 ch7: 965
01/03/2022 13:40:16 -------------Check stall condition-------------
01/03/2022 13:40:16 Alt: 25.028
01/03/2022 13:40:16 distance: 77.87107196410109
01/03/2022 13:40:16 Mode: STABILIZE
01/03/2022 13:40:16 Pilot control
01/03/2022 13:40:16 ch7: 965
01/03/2022 13:40:16 -------------Check stall condition-------------
01/03/2022 13:40:16 Alt: 24.864
01/03/2022 13:40:16 distance: 79.45619801029834
01/03/2022 13:40:16 Mode: STABILIZE
01/03/2022 13:40:16 Pilot control
01/03/2022 13:40:17 ch7: 965
01/03/2022 13:40:17 -------------Check stall condition-------------
01/03/2022 13:40:17 Alt: 24.798
01/03/2022 13:40:17 distance: 79.03025962814432
01/03/2022 13:40:17 Mode: STABILIZE
01/03/2022 13:40:17 Pilot control
01/03/2022 13:40:17 ch7: 965
01/03/2022 13:40:17 -------------Check stall condition-------------
01/03/2022 13:40:17 Alt: 24.321
01/03/2022 13:40:17 distance: 76.10363784721953
01/03/2022 13:40:17 Mode: STABILIZE
01/03/2022 13:40:17 Pilot control
01/03/2022 13:40:18 ch7: 965
01/03/2022 13:40:18 -------------Check stall condition-------------
01/03/2022 13:40:18 Alt: 21.927
01/03/2022 13:40:18 distance: 72.73220946910679
01/03/2022 13:40:18 Mode: STABILIZE
01/03/2022 13:40:18 Pilot control
01/03/2022 13:40:18 ch7: 965
01/03/2022 13:40:18 -------------Check stall condition-------------
01/03/2022 13:40:18 Alt: 17.134
01/03/2022 13:40:18 distance: 70.48907731779316
01/03/2022 13:40:18 Mode: STABILIZE
01/03/2022 13:40:18 Pilot control
01/03/2022 13:40:19 ch7: 965
01/03/2022 13:40:19 -------------Check stall condition-------------
01/03/2022 13:40:19 Alt: 14.066
01/03/2022 13:40:19 distance: 69.44574463683392
01/03/2022 13:40:19 Mode: STABILIZE
01/03/2022 13:40:19 Pilot control
01/03/2022 13:40:19 ch7: 965
01/03/2022 13:40:19 -------------Check stall condition-------------
01/03/2022 13:40:19 Alt: 7.684
01/03/2022 13:40:19 distance: 68.78653405429382
01/03/2022 13:40:19 Mode: STABILIZE
01/03/2022 13:40:19 Pilot control
01/03/2022 13:40:19 ch7: 965
01/03/2022 13:40:19 -------------Check stall condition-------------
01/03/2022 13:40:19 Alt: 4.342
01/03/2022 13:40:19 distance: 70.47335018775748
01/03/2022 13:40:19 Mode: STABILIZE
01/03/2022 13:40:19 Pilot control
01/03/2022 13:40:20 ch7: 965
01/03/2022 13:40:20 -------------Check stall condition-------------
01/03/2022 13:40:20 Alt: 2.722
01/03/2022 13:40:20 distance: 71.76554311636541
01/03/2022 13:40:20 Mode: STABILIZE
01/03/2022 13:40:20 Pilot control
01/03/2022 13:40:20 ch7: 965
01/03/2022 13:40:20 -------------Check stall condition-------------
01/03/2022 13:40:20 Alt: 1.666
01/03/2022 13:40:20 distance: 72.6945008154035
01/03/2022 13:40:20 Mode: STABILIZE
01/03/2022 13:40:20 Pilot control
01/03/2022 13:40:20 ch7: 965
01/03/2022 13:40:20 -------------Check stall condition-------------
01/03/2022 13:40:20 Alt: -1.028
01/03/2022 13:40:20 distance: 73.64323748858608
01/03/2022 13:40:21 Mode: STABILIZE
01/03/2022 13:40:21 Pilot control
01/03/2022 13:40:21 ch7: 965
01/03/2022 13:40:21 -------------Check stall condition-------------
01/03/2022 13:40:21 Alt: -2.93
01/03/2022 13:40:21 distance: 74.0418832268699
01/03/2022 13:40:21 Mode: STABILIZE
01/03/2022 13:40:21 Pilot control
01/03/2022 13:40:21 ch7: 965
01/03/2022 13:40:21 -------------Check stall condition-------------
01/03/2022 13:40:21 Alt: -3.637
01/03/2022 13:40:21 distance: 74.1447547215857
01/03/2022 13:40:21 Mode: STABILIZE
01/03/2022 13:40:21 Pilot control
01/03/2022 13:40:22 ch7: 965
01/03/2022 13:40:22 -------------Check stall condition-------------
01/03/2022 13:40:22 Alt: -4.578
01/03/2022 13:40:22 distance: 74.07718802012167
01/03/2022 13:40:22 Mode: STABILIZE
01/03/2022 13:40:22 Pilot control
01/03/2022 13:40:22 ch7: 965
01/03/2022 13:40:22 -------------Check stall condition-------------
01/03/2022 13:40:22 Alt: -5.27
01/03/2022 13:40:22 distance: 73.87882810448464
01/03/2022 13:40:22 Mode: STABILIZE
01/03/2022 13:40:22 Pilot control
01/03/2022 13:40:22 ch7: 965
01/03/2022 13:40:22 -------------Check stall condition-------------
01/03/2022 13:40:22 Alt: -5.522
01/03/2022 13:40:23 distance: 73.68644945800622
01/03/2022 13:40:23 Mode: STABILIZE
01/03/2022 13:40:23 Pilot control
01/03/2022 13:40:23 ch7: 965
01/03/2022 13:40:23 -------------Check stall condition-------------
01/03/2022 13:40:23 Alt: -5.938
01/03/2022 13:40:23 distance: 73.35894660175626
01/03/2022 13:40:23 Mode: STABILIZE
01/03/2022 13:40:23 Pilot control
01/03/2022 13:40:23 ch7: 965
01/03/2022 13:40:23 -------------Check stall condition-------------
01/03/2022 13:40:23 Alt: -6.228
01/03/2022 13:40:23 distance: 73.01865541306432
01/03/2022 13:40:23 Mode: STABILIZE
01/03/2022 13:40:23 Pilot control
01/03/2022 13:40:24 ch7: 965
01/03/2022 13:40:24 -------------Check stall condition-------------
01/03/2022 13:40:24 Alt: -6.319
01/03/2022 13:40:24 distance: 72.73290205593865
01/03/2022 13:40:24 Mode: STABILIZE
01/03/2022 13:40:24 Pilot control
01/03/2022 13:40:24 ch7: 965
01/03/2022 13:40:24 -------------Check stall condition-------------
01/03/2022 13:40:24 Alt: -6.441
01/03/2022 13:40:24 distance: 72.63273218972283
01/03/2022 13:40:24 Mode: STABILIZE
01/03/2022 13:40:24 Pilot control
01/03/2022 13:40:25 ch7: 965
01/03/2022 13:40:25 -------------Check stall condition-------------
01/03/2022 13:40:25 Alt: -6.445
01/03/2022 13:40:25 distance: 72.40691712280308
01/03/2022 13:40:25 Mode: STABILIZE
01/03/2022 13:40:25 Pilot control
01/03/2022 13:40:25 ch7: 965
01/03/2022 13:40:25 -------------Check stall condition-------------
01/03/2022 13:40:25 Alt: -6.392
01/03/2022 13:40:25 distance: 72.24100887851645
01/03/2022 13:40:25 Mode: STABILIZE
01/03/2022 13:40:25 Pilot control
01/03/2022 13:40:25 ch7: 965
01/03/2022 13:40:25 -------------Check stall condition-------------
01/03/2022 13:40:25 Alt: -6.318
01/03/2022 13:40:26 distance: 72.15038288691302
01/03/2022 13:40:26 Mode: STABILIZE
01/03/2022 13:40:26 Pilot control
01/03/2022 13:40:26 ch7: 965
01/03/2022 13:40:26 -------------Check stall condition-------------
01/03/2022 13:40:26 Alt: -6.161
01/03/2022 13:40:26 distance: 72.0242816976369
01/03/2022 13:40:26 Mode: STABILIZE
01/03/2022 13:40:26 Pilot control
01/03/2022 13:40:26 ch7: 965
01/03/2022 13:40:26 -------------Check stall condition-------------
01/03/2022 13:40:26 Alt: -5.955
01/03/2022 13:40:26 distance: 71.91785075886884
01/03/2022 13:40:26 Mode: STABILIZE
01/03/2022 13:40:26 Pilot control
01/03/2022 13:40:27 ch7: 965
01/03/2022 13:40:27 -------------Check stall condition-------------
01/03/2022 13:40:27 Alt: -5.841
01/03/2022 13:40:27 distance: 71.86706395642801
01/03/2022 13:40:27 Mode: STABILIZE
01/03/2022 13:40:27 Pilot control
01/03/2022 13:40:27 ch7: 965
01/03/2022 13:40:27 -------------Check stall condition-------------
01/03/2022 13:40:27 Throttle disarmed
01/03/2022 13:40:27 Alt: -5.59
01/03/2022 13:40:27 distance: 71.7957348279841
01/03/2022 13:40:27 Mode: STABILIZE
01/03/2022 13:40:27 Pilot control
01/03/2022 13:40:27 ch7: 965
01/03/2022 13:40:27 -------------Check stall condition-------------
01/03/2022 13:40:27 Alt: -5.439
01/03/2022 13:40:27 distance: 71.7550835003546
01/03/2022 13:40:27 Mode: STABILIZE
01/03/2022 13:40:27 Pilot control
01/03/2022 13:40:28 ch7: 965
01/03/2022 13:40:28 -------------Check stall condition-------------
01/03/2022 13:40:28 Alt: -0.76
01/03/2022 13:40:28 distance: 71.65901408836409
01/03/2022 13:40:28 Mode: STABILIZE
01/03/2022 13:40:28 Pilot control
01/03/2022 13:40:28 ch7: 965
01/03/2022 13:40:28 -------------Check stall condition-------------
01/03/2022 13:40:28 Alt: -0.289
01/03/2022 13:40:28 distance: 71.62325523835966
01/03/2022 13:40:28 Mode: STABILIZE
01/03/2022 13:40:28 Pilot control
01/03/2022 13:40:29 ch7: 965
01/03/2022 13:40:29 -------------Check stall condition-------------
01/03/2022 13:40:29 Alt: -0.192
01/03/2022 13:40:29 distance: 71.53180242360087
01/03/2022 13:40:29 Mode: STABILIZE
01/03/2022 13:40:29 Pilot control
01/03/2022 13:40:29 ch7: 965
01/03/2022 13:40:29 -------------Check stall condition-------------
01/03/2022 13:40:29 Alt: -0.327
01/03/2022 13:40:29 distance: 71.45089606897696
01/03/2022 13:40:29 Mode: STABILIZE
01/03/2022 13:40:29 Pilot control
01/03/2022 13:40:29 ch7: 965
01/03/2022 13:40:29 -------------Check stall condition-------------
01/03/2022 13:40:29 Alt: -0.387
01/03/2022 13:40:29 distance: 71.40563447748791
01/03/2022 13:40:29 Mode: STABILIZE
01/03/2022 13:40:30 Pilot control
01/03/2022 13:40:30 ch7: 965
01/03/2022 13:40:30 -------------Check stall condition-------------
01/03/2022 13:40:30 Alt: -0.434
01/03/2022 13:40:30 distance: 71.32548150596706
01/03/2022 13:40:30 Mode: STABILIZE
01/03/2022 13:40:30 Pilot control
01/03/2022 13:40:30 ch7: 965
01/03/2022 13:40:30 -------------Check stall condition-------------
01/03/2022 13:40:30 Alt: -0.495
01/03/2022 13:40:30 distance: 71.30544656394018
01/03/2022 13:40:30 Mode: STABILIZE
01/03/2022 13:40:30 Pilot control
01/03/2022 13:40:31 ch7: 965
01/03/2022 13:40:31 -------------Check stall condition-------------
01/03/2022 13:40:31 Alt: -0.525
01/03/2022 13:40:31 distance: 71.25536499779301
01/03/2022 13:40:31 Mode: STABILIZE
01/03/2022 13:40:31 Pilot control
01/03/2022 13:40:31 ch7: 965
01/03/2022 13:40:31 -------------Check stall condition-------------
01/03/2022 13:40:31 Alt: -0.535
01/03/2022 13:40:31 distance: 71.22532003320664
01/03/2022 13:40:31 Mode: STABILIZE
01/03/2022 13:40:31 Pilot control
01/03/2022 13:40:31 ch7: 965
01/03/2022 13:40:31 -------------Check stall condition-------------
01/03/2022 13:40:31 Alt: -0.537
01/03/2022 13:40:31 distance: 71.21530570842008
01/03/2022 13:40:31 Mode: STABILIZE
01/03/2022 13:40:31 Pilot control
01/03/2022 13:40:31 ch7: 965
01/03/2022 13:40:31 -------------Check stall condition-------------
01/03/2022 13:40:31 Alt: -0.531
01/03/2022 13:40:31 distance: 71.19527805453325
01/03/2022 13:40:31 Mode: STABILIZE
01/03/2022 13:40:31 Pilot control
01/03/2022 13:40:32 ch7: 965
01/03/2022 13:40:32 -------------Check stall condition-------------
01/03/2022 13:40:32 Alt: -0.518
01/03/2022 13:40:32 distance: 71.18526472589103
01/03/2022 13:40:32 Mode: STABILIZE
01/03/2022 13:40:32 Pilot control
01/03/2022 13:40:32 ch7: 965
01/03/2022 13:40:32 -------------Check stall condition-------------
01/03/2022 13:40:32 Alt: -0.489
01/03/2022 13:40:32 distance: 71.16523906555427
01/03/2022 13:40:32 Mode: STABILIZE
01/03/2022 13:40:32 Pilot control
01/03/2022 13:40:33 ch7: 965
01/03/2022 13:40:33 -------------Check stall condition-------------
01/03/2022 13:40:33 Alt: -0.432
01/03/2022 13:40:33 distance: 71.14034886721156
01/03/2022 13:40:33 Mode: STABILIZE
01/03/2022 13:40:33 Pilot control
01/03/2022 13:40:33 ch7: 965
01/03/2022 13:40:33 -------------Check stall condition-------------
01/03/2022 13:40:33 Alt: -0.386
01/03/2022 13:40:33 distance: 71.13548440865394
01/03/2022 13:40:33 Mode: STABILIZE
01/03/2022 13:40:33 Pilot control
01/03/2022 13:40:33 ch7: 965
01/03/2022 13:40:33 -------------Check stall condition-------------
01/03/2022 13:40:33 Alt: -0.285
01/03/2022 13:40:33 distance: 71.10573124299125
01/03/2022 13:40:33 Mode: STABILIZE
01/03/2022 13:40:33 Pilot control
01/03/2022 13:40:34 ch7: 965
01/03/2022 13:40:34 -------------Check stall condition-------------
01/03/2022 13:40:34 Alt: 0.013
01/03/2022 13:40:34 distance: 71.10086964466463
01/03/2022 13:40:34 Mode: STABILIZE
01/03/2022 13:40:34 Pilot control
01/03/2022 13:40:34 ch7: 965
01/03/2022 13:40:34 -------------Check stall condition-------------
01/03/2022 13:40:34 Alt: 0.27
01/03/2022 13:40:34 distance: 71.07627683514535
01/03/2022 13:40:34 Mode: STABILIZE
01/03/2022 13:40:34 Pilot control
01/03/2022 13:40:35 ch7: 965
01/03/2022 13:40:35 -------------Check stall condition-------------
01/03/2022 13:40:35 Alt: 0.319
01/03/2022 13:40:35 distance: 71.06656496882164
01/03/2022 13:40:35 Mode: STABILIZE
01/03/2022 13:40:35 Pilot control
01/03/2022 13:40:35 ch7: 965
01/03/2022 13:40:35 -------------Check stall condition-------------
01/03/2022 13:40:35 Alt: 0.395
01/03/2022 13:40:35 distance: 71.05685875094522
01/03/2022 13:40:35 Mode: STABILIZE
01/03/2022 13:40:35 Pilot control
01/03/2022 13:40:35 ch7: 965
01/03/2022 13:40:35 -------------Check stall condition-------------
01/03/2022 13:40:35 Alt: 0.426
01/03/2022 13:40:35 distance: 71.05200776055358
01/03/2022 13:40:35 Mode: STABILIZE
01/03/2022 13:40:35 Pilot control
01/03/2022 13:40:36 ch7: 965
01/03/2022 13:40:36 -------------Check stall condition-------------
01/03/2022 13:40:36 Alt: 0.484
01/03/2022 13:40:36 distance: 71.04715818383116
01/03/2022 13:40:36 Mode: STABILIZE
01/03/2022 13:40:36 Pilot control
01/03/2022 13:40:36 ch7: 965
01/03/2022 13:40:36 -------------Check stall condition-------------
01/03/2022 13:40:36 Alt: 0.516
01/03/2022 13:40:36 distance: 71.03746326979436
01/03/2022 13:40:36 Mode: STABILIZE
01/03/2022 13:40:36 Pilot control
01/03/2022 13:40:36 ch7: 965
01/03/2022 13:40:36 -------------Check stall condition-------------
01/03/2022 13:40:36 Alt: 0.562
01/03/2022 13:40:36 distance: 71.02744165014833
01/03/2022 13:40:36 Mode: STABILIZE
01/03/2022 13:40:36 Pilot control
01/03/2022 13:40:37 ch7: 965
01/03/2022 13:40:37 -------------Check stall condition-------------
01/03/2022 13:40:37 Alt: 0.591
01/03/2022 13:40:37 distance: 71.02744165014833
01/03/2022 13:40:37 Mode: STABILIZE
01/03/2022 13:40:37 Pilot control
01/03/2022 13:40:37 ch7: 965
01/03/2022 13:40:37 -------------Check stall condition-------------
01/03/2022 13:40:37 Alt: 0.618
01/03/2022 13:40:37 distance: 71.02744165014833
01/03/2022 13:40:37 Mode: STABILIZE
01/03/2022 13:40:37 Pilot control
01/03/2022 13:40:37 ch7: 965
01/03/2022 13:40:37 -------------Check stall condition-------------
01/03/2022 13:40:37 Alt: 0.645
01/03/2022 13:40:37 distance: 71.02744165014833
01/03/2022 13:40:37 Mode: STABILIZE
01/03/2022 13:40:37 Pilot control
01/03/2022 13:40:37 ch7: 965
01/03/2022 13:40:37 -------------Check stall condition-------------
01/03/2022 13:40:38 Alt: 0.667
01/03/2022 13:40:38 distance: 71.02744165014833
01/03/2022 13:40:38 Mode: STABILIZE
01/03/2022 13:40:38 Pilot control
01/03/2022 13:40:38 ch7: 965
01/03/2022 13:40:38 -------------Check stall condition-------------
01/03/2022 13:40:38 Alt: 0.69
01/03/2022 13:40:38 distance: 71.02259563040201
01/03/2022 13:40:38 Mode: STABILIZE
01/03/2022 13:40:38 Pilot control
01/03/2022 13:40:38 ch7: 965
01/03/2022 13:40:38 -------------Check stall condition-------------
01/03/2022 13:40:38 Alt: 0.732
01/03/2022 13:40:38 distance: 71.02259563040201
01/03/2022 13:40:38 Mode: STABILIZE
01/03/2022 13:40:38 Pilot control
01/03/2022 13:40:38 ch7: 965
01/03/2022 13:40:38 -------------Check stall condition-------------
01/03/2022 13:40:38 Alt: 0.75
01/03/2022 13:40:38 distance: 71.02259563040201
01/03/2022 13:40:38 Mode: STABILIZE
01/03/2022 13:40:38 Pilot control
01/03/2022 13:40:39 ch7: 965
01/03/2022 13:40:39 -------------Check stall condition-------------
01/03/2022 13:40:39 Alt: 0.771
01/03/2022 13:40:39 distance: 71.02744165014833
01/03/2022 13:40:39 Mode: STABILIZE
01/03/2022 13:40:39 Pilot control
01/03/2022 13:40:39 ch7: 965
01/03/2022 13:40:39 -------------Check stall condition-------------
01/03/2022 13:40:39 Alt: 0.802
01/03/2022 13:40:39 distance: 71.03746326979436
01/03/2022 13:40:39 Mode: STABILIZE
01/03/2022 13:40:39 Pilot control
01/03/2022 13:40:39 ch7: 965
01/03/2022 13:40:39 -------------Check stall condition-------------
01/03/2022 13:40:39 Alt: 0.821
01/03/2022 13:40:39 distance: 71.03746326979436
01/03/2022 13:40:39 Mode: STABILIZE
01/03/2022 13:40:39 Pilot control
01/03/2022 13:40:40 ch7: 965
01/03/2022 13:40:40 -------------Check stall condition-------------
01/03/2022 13:40:40 Alt: 0.84
01/03/2022 13:40:40 distance: 71.04231002037785
01/03/2022 13:40:40 Mode: STABILIZE
01/03/2022 13:40:40 Pilot control
01/03/2022 13:40:40 ch7: 965
01/03/2022 13:40:40 -------------Check stall condition-------------
01/03/2022 13:40:40 Alt: 0.484
01/03/2022 13:40:40 distance: 71.04231002037785
01/03/2022 13:40:40 Mode: STABILIZE
01/03/2022 13:40:40 Pilot control
01/03/2022 13:40:40 ch7: 965
01/03/2022 13:40:40 -------------Check stall condition-------------
01/03/2022 13:40:40 Alt: 0.322
01/03/2022 13:40:40 distance: 71.04231002037785
01/03/2022 13:40:40 Mode: STABILIZE
01/03/2022 13:40:40 Pilot control
01/03/2022 13:40:40 ch7: 965
01/03/2022 13:40:40 -------------Check stall condition-------------
01/03/2022 13:40:40 Alt: 0.328
01/03/2022 13:40:40 distance: 71.04231002037785
01/03/2022 13:40:40 Mode: STABILIZE
01/03/2022 13:40:40 Pilot control
01/03/2022 13:40:41 ch7: 965
01/03/2022 13:40:41 -------------Check stall condition-------------
01/03/2022 13:40:41 Alt: 0.44
01/03/2022 13:40:41 distance: 71.04715818383116
01/03/2022 13:40:41 Mode: STABILIZE
01/03/2022 13:40:41 Pilot control
01/03/2022 13:40:41 ch7: 965
01/03/2022 13:40:41 -------------Check stall condition-------------
01/03/2022 13:40:41 Alt: 0.514
01/03/2022 13:40:41 distance: 71.05200776055358
01/03/2022 13:40:41 Mode: STABILIZE
01/03/2022 13:40:41 Pilot control
01/03/2022 13:40:41 ch7: 965
01/03/2022 13:40:41 -------------Check stall condition-------------
01/03/2022 13:40:41 Alt: 0.583
01/03/2022 13:40:41 distance: 71.05200776055358
01/03/2022 13:40:41 Mode: STABILIZE
01/03/2022 13:40:41 Pilot control
01/03/2022 13:40:42 ch7: 965
01/03/2022 13:40:42 -------------Check stall condition-------------
01/03/2022 13:40:42 Alt: 0.724
01/03/2022 13:40:42 distance: 71.05200776055358
01/03/2022 13:40:42 Mode: STABILIZE
01/03/2022 13:40:42 Pilot control
01/03/2022 13:40:42 ch7: 965
01/03/2022 13:40:42 -------------Check stall condition-------------
01/03/2022 13:40:42 Alt: 0.797
01/03/2022 13:40:42 distance: 71.05685875094522
01/03/2022 13:40:42 Mode: STABILIZE
01/03/2022 13:40:42 Pilot control
01/03/2022 13:40:42 ch7: 965
01/03/2022 13:40:42 -------------Check stall condition-------------
01/03/2022 13:40:42 Alt: 0.844
01/03/2022 13:40:42 distance: 71.05685875094522
01/03/2022 13:40:42 Mode: STABILIZE
01/03/2022 13:40:42 Pilot control
01/03/2